args('metamap14.BINARY.Darwin --lexicon db -Z 2014AA -qE -Q 4 ../../TREC-CDS/2014-original/1.txt ../../TREC-CDS/results/1.txt.out',[lexicon-db,mm_data_year-'2014AA',machine_output-[],indicate_citation_end-[],composite_phrases-4,infile-'../../TREC-CDS/2014-original/1.txt',outfile-'../../TREC-CDS/results/1.txt.out']).
aas([]).
neg_list([negation(nega,denies,[456/6],['C0011849':'Diabetes','C0011847':'Diabetes'],[472/8]),negation(nega,denies,[456/6],['C1522133':'Hypercholesterolemia','C0020443':'Hypercholesterolaemia'],[482/20]),negation(nega,denies,[456/6],['C0850707':'family history of disease'],[509/17,533/7])]).
utterance('00000000.tx.1',"diagnosis. ",0/11,[10]).
phrase('diagnosis.',[head([lexmatch([diagnosis]),inputmatch([diagnosis]),tag(noun),tokens([diagnosis])]),punc([inputmatch(['.']),tokens([])])],0/10,[]).
candidates(3,0,0,3,[]).
mappings([map(-1000,[ev(-1000,'C0011900','Diagnosis','Diagnosis',[diagnosis],[fndg],[[[1,1],[1,1],0]],yes,no,['CCS','CHV','LNC','MTH','NCI'],[0/9],0,0)]),map(-1000,[ev(-1000,'C1704338',diagnosis,'diagnosis aspect',[diagnosis],[qlco],[[[1,1],[1,1],0]],yes,no,['MSH','MTH','NLMSubSyn'],[0/9],0,0)]),map(-1000,[ev(-1000,'C1704656','DIAGNOSIS','Diagnosis Study',[diagnosis],[resa],[[[1,1],[1,1],0]],yes,no,['MTH','NCI'],[0/9],0,0)])]).
'EOU'.
utterance('00000000.tx.2',"A 58-year-old African-American woman presents to the ER with episodic pressing/burning anterior chest pain that began two days earlier for the first time in her life. ",11/167,[]).
phrase('A 58-year-old African-American woman',[det([lexmatch([a]),inputmatch(['A']),tag(det),tokens([a])]),shapes([inputmatch(['58']),features([integer]),tokens(['58'])]),punc([inputmatch([-]),tokens([])]),mod([lexmatch([year]),inputmatch([year]),tag(noun),tokens([year])]),punc([inputmatch([-]),tokens([])]),mod([lexmatch([old]),inputmatch([old]),tag(adj),tokens([old])]),head([lexmatch(['african-american woman']),inputmatch(['African',-,'American',woman]),tag(noun),tokens([african,american,woman])])],11/36,[]).
candidates(7,0,0,7,[]).
mappings([map(-787,[ev(-632,'C0439234',year,year,[year],[tmco],[[[2,2],[1,1],0]],no,no,['MTH','NCI','SNOMEDCT_US'],[16/4],0,0),ev(-632,'C0580836','Old','Old',[old],[tmco],[[[3,3],[1,1],0]],no,no,['MTH'],[21/3],0,0),ev(-827,'C0085756','African American','African American',[african,american],[popg],[[[4,5],[1,2],0]],yes,no,['AOD','DXP','HL7V3.0','MSH','MTH','NCI','NLMSubSyn','SNMI'],[25/16],0,0),ev(-799,'C0043210','Woman','Woman',[woman],[popg],[[[6,6],[1,1],0]],yes,no,['CHV','MSH','MTH','NCI','NLMSubSyn'],[42/5],0,0)]),map(-787,[ev(-632,'C0439508','/year','per year',[year],[tmco],[[[2,2],[1,1],0]],no,no,['CHV','MTH','NCI','SNOMEDCT_US'],[16/4],0,0),ev(-632,'C0580836','Old','Old',[old],[tmco],[[[3,3],[1,1],0]],no,no,['MTH'],[21/3],0,0),ev(-827,'C0085756','African American','African American',[african,american],[popg],[[[4,5],[1,2],0]],yes,no,['AOD','DXP','HL7V3.0','MSH','MTH','NCI','NLMSubSyn','SNMI'],[25/16],0,0),ev(-799,'C0043210','Woman','Woman',[woman],[popg],[[[6,6],[1,1],0]],yes,no,['CHV','MSH','MTH','NCI','NLMSubSyn'],[42/5],0,0)])]).
phrase('presents to the ER',[verb([lexmatch([presents]),inputmatch([presents]),tag(verb),tokens([presents])]),prep([lexmatch([to]),inputmatch([to]),tag(prep),tokens([to])]),det([lexmatch([the]),inputmatch([the]),tag(det),tokens([the])]),mod([lexmatch([er]),inputmatch(['ER']),tag(noun),tokens([er])])],48/18,[]).
candidates(2,0,0,2,[]).
mappings([map(-770,[ev(-770,'C0150312','Present','Present',[present],[qnco],[[[1,1],[1,1],0]],yes,no,['CHV','MTH','NCI'],[48/8],0,0)]),map(-770,[ev(-770,'C0449450','Present','Presentation',[present],[idcn],[[[1,1],[1,1],0]],yes,no,['CHV','MTH','NCI'],[48/8],0,0)])]).
phrase('with episodic pressing/burning anterior chest pain',[prep([lexmatch([with]),inputmatch([with]),tag(prep),tokens([with])]),mod([lexmatch([episodic]),inputmatch([episodic]),tag(adj),tokens([episodic])]),mod([lexmatch([pressing]),inputmatch([pressing]),tag(noun),tokens([pressing])]),punc([inputmatch([/]),tokens([])]),mod([lexmatch([burning]),inputmatch([burning]),tag(adj),tokens([burning])]),mod([lexmatch([anterior]),inputmatch([anterior]),tag(adj),tokens([anterior])]),head([lexmatch(['chest pain']),inputmatch([chest,pain]),tag(noun),tokens([chest,pain])])],67/50,[]).
candidates(27,9,0,18,[]).
mappings([map(-839,[ev(-632,'C1455761','Episodic','Episodic',[episodic],[qlco],[[[1,1],[1,1],0]],no,no,['MTH'],[72/8],0,0),ev(-876,'C3640016','Pressing Pain','Pressing Pain',[pressing,pain],[sosy],[[[2,2],[1,1],0],[[6,6],[2,2],0]],yes,no,['NCI'],[81/8,113/4],0,0),ev(-839,'C0740396','burning chest','chest burning',[burning,chest],[sosy],[[[3,3],[1,1],0],[[5,5],[2,2],0]],yes,no,['CHV'],[90/7,107/5],0,0),ev(-632,'C0205094','Anterior','Anterior',[anterior],[ftcn],[[[4,4],[1,1],0]],no,no,['CHV','MTH','SNOMEDCT_US','SNOMEDCT_VET'],[98/8],0,0)]),map(-839,[ev(-632,'C1455761','Episodic','Episodic',[episodic],[qlco],[[[1,1],[1,1],0]],no,no,['MTH'],[72/8],0,0),ev(-876,'C3640016','Pressing Pain','Pressing Pain',[pressing,pain],[sosy],[[[2,2],[1,1],0],[[6,6],[2,2],0]],yes,no,['NCI'],[81/8,113/4],0,0),ev(-632,'C0000912','Burning NOS','Accident caused by unspecified fire',[burning],[phpr],[[[3,3],[1,1],0]],no,no,['ICD9CM','MTH','MTHICD9'],[90/7],0,0),ev(-827,'C0230132','Anterior chest','Anterior chest wall structure',[anterior,chest],[blor],[[[4,4],[1,1],0],[[5,5],[2,2],0]],yes,no,['FMA','MTH','NLMSubSyn','SNOMEDCT_US','SNOMEDCT_VET'],[98/14],0,0)]),map(-839,[ev(-632,'C1455761','Episodic','Episodic',[episodic],[qlco],[[[1,1],[1,1],0]],no,no,['MTH'],[72/8],0,0),ev(-876,'C3640016','Pressing Pain','Pressing Pain',[pressing,pain],[sosy],[[[2,2],[1,1],0],[[6,6],[2,2],0]],yes,no,['NCI'],[81/8,113/4],0,0),ev(-632,'C0085624',burning,'Burning sensation',[burning],[sosy],[[[3,3],[1,1],0]],no,no,['CHV','MTH'],[90/7],0,0),ev(-827,'C0230132','Anterior chest','Anterior chest wall structure',[anterior,chest],[blor],[[[4,4],[1,1],0],[[5,5],[2,2],0]],yes,no,['FMA','MTH','NLMSubSyn','SNOMEDCT_US','SNOMEDCT_VET'],[98/14],0,0)]),map(-839,[ev(-632,'C1455761','Episodic','Episodic',[episodic],[qlco],[[[1,1],[1,1],0]],no,no,['MTH'],[72/8],0,0),ev(-876,'C3640016','Pressing Pain','Pressing Pain',[pressing,pain],[sosy],[[[2,2],[1,1],0],[[6,6],[2,2],0]],yes,no,['NCI'],[81/8,113/4],0,0),ev(-632,'C0175627','Burning','Burning sensation quality',[burning],[qlco],[[[3,3],[1,1],0]],no,no,['MTH','NLMSubSyn','SNOMEDCT_US'],[90/7],0,0),ev(-827,'C0230132','Anterior chest','Anterior chest wall structure',[anterior,chest],[blor],[[[4,4],[1,1],0],[[5,5],[2,2],0]],yes,no,['FMA','MTH','NLMSubSyn','SNOMEDCT_US','SNOMEDCT_VET'],[98/14],0,0)])]).
phrase(that,[pron([lexmatch([that]),inputmatch([that]),tag(pron),tokens([that])])],118/4,[]).
candidates(0,0,0,0,[]).
mappings([]).
phrase(began,[verb([lexmatch([began]),inputmatch([began]),tag(verb),tokens([began])])],123/5,[]).
candidates(1,0,0,1,[]).
mappings([map(-966,[ev(-966,'C0439659','Begin','Beginning',[begin],[tmco],[[[1,1],[1,1],1]],yes,no,['CHV','MTH','NCI','SNOMEDCT_US'],[123/5],0,0)])]).
phrase('two days',[mod([lexmatch([two]),inputmatch([two]),tag(adj),tokens([two])]),head([lexmatch([days]),inputmatch([days]),tag(noun),tokens([days])])],129/8,[]).
candidates(4,2,0,2,[]).
mappings([map(-888,[ev(-694,'C0205448','Two','Two',[two],[qnco],[[[1,1],[1,1],0]],no,no,['MTH','SNOMEDCT_US'],[129/3],0,0),ev(-861,'C0439228',days,day,[days],[tmco],[[[2,2],[1,1],0]],yes,no,['MTH','SNOMEDCT_US'],[133/4],0,0)])]).
phrase('earlier for the first time',[head([lexmatch([earlier]),inputmatch([earlier]),tag(adj),tokens([earlier])]),prep([lexmatch([for]),inputmatch([for]),tag(prep),tokens([for])]),det([lexmatch([the]),inputmatch([the]),tag(det),tokens([the])]),mod([lexmatch([first]),inputmatch([first]),tag(adj),tokens([first])]),mod([lexmatch([time]),inputmatch([time]),tag(noun),tokens([time])])],138/26,[]).
candidates(8,3,0,5,[]).
mappings([map(-685,[ev(-726,'C1279919','Early','Early',[early],[tmco],[[[1,1],[1,1],1]],yes,no,['CHV','MTH','NLMSubSyn'],[138/7],0,0),ev(-593,'C0205435','First','First (number)',[first],[qnco],[[[4,4],[1,1],0]],no,no,['MTH','SNOMEDCT_US'],[154/5],0,0),ev(-593,'C0040223','Time','Time',[time],[tmco],[[[5,5],[1,1],0]],no,no,['CHV','MTH','NCI'],[160/4],0,0)]),map(-685,[ev(-726,'C1279919','Early','Early',[early],[tmco],[[[1,1],[1,1],1]],yes,no,['CHV','MTH','NLMSubSyn'],[138/7],0,0),ev(-593,'C0205435','First','First (number)',[first],[qnco],[[[4,4],[1,1],0]],no,no,['MTH','SNOMEDCT_US'],[154/5],0,0),ev(-593,'C3541383','Time','Time (foundation metadata concept)',[time],[tmco],[[[5,5],[1,1],0]],no,no,['SNOMEDCT_US'],[160/4],0,0)]),map(-685,[ev(-726,'C1279919','Early','Early',[early],[tmco],[[[1,1],[1,1],1]],yes,no,['CHV','MTH','NLMSubSyn'],[138/7],0,0),ev(-593,'C1279901','First','Firstly',[first],[qlco],[[[4,4],[1,1],0]],no,no,['MTH','NCI','SNMI'],[154/5],0,0),ev(-593,'C0040223','Time','Time',[time],[tmco],[[[5,5],[1,1],0]],no,no,['CHV','MTH','NCI'],[160/4],0,0)]),map(-685,[ev(-726,'C1279919','Early','Early',[early],[tmco],[[[1,1],[1,1],1]],yes,no,['CHV','MTH','NLMSubSyn'],[138/7],0,0),ev(-593,'C1279901','First','Firstly',[first],[qlco],[[[4,4],[1,1],0]],no,no,['MTH','NCI','SNMI'],[154/5],0,0),ev(-593,'C3541383','Time','Time (foundation metadata concept)',[time],[tmco],[[[5,5],[1,1],0]],no,no,['SNOMEDCT_US'],[160/4],0,0)])]).
phrase('in her life.',[prep([lexmatch([in]),inputmatch([in]),tag(prep),tokens([in])]),pron([lexmatch([her]),inputmatch([her]),tag(pron),tokens([her])]),head([lexmatch([life]),inputmatch([life]),tag(noun),tokens([life])]),punc([inputmatch(['.']),tokens([])])],165/12,[]).
candidates(2,1,0,1,[]).
mappings([map(-1000,[ev(-1000,'C0376558','Life','Life',[life],[idcn],[[[1,1],[1,1],0]],yes,no,['MTH','NCI'],[172/4],0,0)])]).
'EOU'.
utterance('00000000.tx.3',"The pain started while she was walking, radiates to the back, and is accompanied by nausea, diaphoresis and mild dyspnea, but is not increased on inspiration. ",178/159,[]).
phrase('The pain',[det([lexmatch([the]),inputmatch(['The']),tag(det),tokens([the])]),head([lexmatch([pain]),inputmatch([pain]),tag(noun),tokens([pain])])],178/8,[]).
candidates(2,0,0,2,[]).
mappings([map(-1000,[ev(-1000,'C0030193','Pain','Pain',[pain],[sosy],[[[1,1],[1,1],0]],yes,no,['AOD','CHV','LNC','MTH','NLMSubSyn','SNMI','SNOMEDCT_US'],[182/4],0,0)]),map(-1000,[ev(-1000,'C1962977','Pain NOS','Pain NOS Adverse Event',[pain],[fndg],[[[1,1],[1,1],0]],yes,no,['MTH','NCI'],[182/4],0,0)])]).
phrase(started,[verb([lexmatch([started]),inputmatch([started]),tag(verb),tokens([started])])],187/7,[]).
candidates(2,1,0,1,[]).
mappings([map(-1000,[ev(-1000,'C1272689','Started','Started',[started],[qlco],[[[1,1],[1,1],0]],yes,no,['MTH'],[187/7],0,0)])]).
phrase(while,[conj([lexmatch([while]),inputmatch([while]),tag(conj),tokens([while])])],195/5,[]).
candidates(0,0,0,0,[]).
mappings([]).
phrase(she,[pron([lexmatch([she]),inputmatch([she]),tag(pron),tokens([she])])],201/3,[]).
candidates(0,0,0,0,[]).
mappings([]).
phrase(was,[aux([lexmatch([was]),inputmatch([was]),tag(aux),tokens([was])])],205/3,[]).
candidates(0,0,0,0,[]).
mappings([]).
phrase('walking,',[head([lexmatch([walking]),inputmatch([walking]),tag(noun),tokens([walking])]),punc([inputmatch([',']),tokens([])])],209/8,[]).
candidates(1,0,0,1,[]).
mappings([map(-1000,[ev(-1000,'C0080331','Walking','Walking (activity)',[walking],[dora],[[[1,1],[1,1],0]],yes,no,['MSH','MTH','NCI'],[209/7],0,0)])]).
phrase('radiates to the back,',[verb([lexmatch([radiates]),inputmatch([radiates]),tag(verb),tokens([radiates])]),prep([lexmatch([to]),inputmatch([to]),tag(prep),tokens([to])]),det([lexmatch([the]),inputmatch([the]),tag(det),tokens([the])]),mod([lexmatch([back]),inputmatch([back]),tag(adj),tokens([back])]),punc([inputmatch([',']),tokens([])])],218/21,[]).
candidates(5,0,0,5,[]).
mappings([map(-708,[ev(-770,'C0332301',radiate,'Radiating to',[radiate],[ftcn],[[[1,1],[1,1],0]],yes,no,['CHV','SNOMEDCT_US'],[218/8],0,0),ev(-770,'C0004600','Back','Back',[back],[blor],[[[4,4],[1,1],0]],yes,no,['CHV','FMA','MSH','MTH','NCI','SNOMEDCT_US'],[234/4],0,0)]),map(-708,[ev(-770,'C0332301',radiate,'Radiating to',[radiate],[ftcn],[[[1,1],[1,1],0]],yes,no,['CHV','SNOMEDCT_US'],[218/8],0,0),ev(-770,'C0205095','Back','Dorsal',[back],[spco],[[[4,4],[1,1],0]],yes,no,['CHV','MTH','NCI','SNOMEDCT_US'],[234/4],0,0)]),map(-708,[ev(-770,'C0332301',radiate,'Radiating to',[radiate],[ftcn],[[[1,1],[1,1],0]],yes,no,['CHV','SNOMEDCT_US'],[218/8],0,0),ev(-770,'C0460009','Back','Back structure, including back of neck',[back],[blor],[[[4,4],[1,1],0]],yes,no,['FMA','SNOMEDCT_US','SNOMEDCT_VET'],[234/4],0,0)]),map(-708,[ev(-770,'C0332301',radiate,'Radiating to',[radiate],[ftcn],[[[1,1],[1,1],0]],yes,no,['CHV','SNOMEDCT_US'],[218/8],0,0),ev(-770,'C1995000','Back','Back structure, excluding neck',[back],[blor],[[[4,4],[1,1],0]],yes,no,['SNOMEDCT_US'],[234/4],0,0)])]).
phrase(and,[conj([lexmatch([and]),inputmatch([and]),tag(conj),tokens([and])])],240/3,[]).
candidates(0,0,0,0,[]).
mappings([]).
phrase(is,[aux([lexmatch([is]),inputmatch([is]),tag(aux),tokens([is])])],244/2,[]).
candidates(0,0,0,0,[]).
mappings([]).
phrase('accompanied by nausea,',[verb([lexmatch([accompanied]),inputmatch([accompanied]),tag(verb),tokens([accompanied])]),prep([lexmatch([by]),inputmatch([by]),tag(prep),tokens([by])]),mod([lexmatch([nausea]),inputmatch([nausea]),tag(noun),tokens([nausea])]),punc([inputmatch([',']),tokens([])])],247/22,[]).
candidates(2,0,0,2,[]).
mappings([map(-790,[ev(-790,'C0027497','Nausea','Nausea',[nausea],[sosy],[[[3,3],[1,1],0]],yes,no,['CHV','CST','MTH','SNOMEDCT_US'],[262/6],0,0)]),map(-790,[ev(-790,'C1963179','Nausea','Nausea Adverse Event',[nausea],[fndg],[[[3,3],[1,1],0]],yes,no,['MTH','NCI'],[262/6],0,0)])]).
phrase(diaphoresis,[head([lexmatch([diaphoresis]),inputmatch([diaphoresis]),tag(noun),tokens([diaphoresis])])],270/11,[]).
candidates(3,1,0,2,[]).
mappings([map(-1000,[ev(-1000,'C0038990','Diaphoresis','Sweating',[diaphoresis],[fndg],[[[1,1],[1,1],0]],yes,no,['CHV','MTH','SNMI','SNOMEDCT_US'],[270/11],0,0)]),map(-1000,[ev(-1000,'C0700590','Diaphoresis','Increased sweating',[diaphoresis],[sosy],[[[1,1],[1,1],0]],yes,no,['CHV','CST','DXP','MTH','NLMSubSyn','SNOMEDCT_US'],[270/11],0,0)])]).
phrase(and,[conj([lexmatch([and]),inputmatch([and]),tag(conj),tokens([and])])],282/3,[]).
candidates(0,0,0,0,[]).
mappings([]).
phrase('mild dyspnea,',[mod([lexmatch([mild]),inputmatch([mild]),tag(adj),tokens([mild])]),head([lexmatch([dyspnea]),inputmatch([dyspnea]),tag(noun),tokens([dyspnea])]),punc([inputmatch([',']),tokens([])])],286/13,[]).
candidates(2,0,0,2,[]).
mappings([map(-888,[ev(-694,'C2945599','Mild','Mild (qualifier value)',[mild],[qlco],[[[1,1],[1,1],0]],no,no,['NCI','SNMI','SNOMEDCT_US'],[286/4],0,0),ev(-861,'C0013404','Dyspnea','Dyspnea',[dyspnea],[sosy],[[[2,2],[1,1],0]],yes,no,['CHV','CSP','CST','DXP','ICD10CM','ICPC','MSH','MTH','NCI','NLMSubSyn','OMIM','SNOMEDCT_US'],[291/7],0,0)])]).
phrase(but,[conj([lexmatch([but]),inputmatch([but]),tag(conj),tokens([but])])],300/3,[]).
candidates(0,0,0,0,[]).
mappings([]).
phrase(is,[aux([lexmatch([is]),inputmatch([is]),tag(aux),tokens([is])])],304/2,[]).
candidates(0,0,0,0,[]).
mappings([]).
phrase(not,[adv([lexmatch([not]),inputmatch([not]),tag(adv),tokens([not])])],307/3,[]).
candidates(1,0,0,1,[]).
mappings([map(-1000,[ev(-1000,'C1518422','Not','Negation',[not],[ftcn],[[[1,1],[1,1],0]],yes,no,['MTH','NCI'],[307/3],0,0)])]).
phrase('increased on inspiration.',[verb([lexmatch([increased]),inputmatch([increased]),tag(verb),tokens([increased])]),prep([lexmatch([on]),inputmatch([on]),tag(prep),tokens([on])]),mod([lexmatch([inspiration]),inputmatch([inspiration]),tag(noun),tokens([inspiration])]),punc([inputmatch(['.']),tokens([])])],311/25,[]).
candidates(9,6,0,3,[]).
mappings([map(-746,[ev(-790,'C0205217','Increased','Increased',[increased],[qnco],[[[1,1],[1,1],0]],yes,no,['CHV','MTH','SNOMEDCT_US'],[311/9],0,0),ev(-790,'C0004048','Inspiration','Inspiration function',[inspiration],[orgf],[[[3,3],[1,1],0]],yes,no,['CHV','MSH','MTH','NCI','NLMSubSyn','SNMI','SNOMEDCT_US'],[324/11],0,0)]),map(-746,[ev(-790,'C0442805','Increased','Increase',[increased],[ftcn],[[[1,1],[1,1],0]],yes,no,['CHV','MTH','NCI'],[311/9],0,0),ev(-790,'C0004048','Inspiration','Inspiration function',[inspiration],[orgf],[[[3,3],[1,1],0]],yes,no,['CHV','MSH','MTH','NCI','NLMSubSyn','SNMI','SNOMEDCT_US'],[324/11],0,0)])]).
'EOU'.
utterance('00000000.tx.4',"The latest episode of pain ended half an hour prior to her arrival. ",337/68,[]).
phrase('The latest episode of pain',[det([lexmatch([the]),inputmatch(['The']),tag(det),tokens([the])]),mod([lexmatch([latest]),inputmatch([latest]),tag(adj),tokens([latest])]),head([lexmatch([episode]),inputmatch([episode]),tag(noun),tokens([episode])]),prep([lexmatch([of]),inputmatch([of]),tag(prep),tokens([of])]),mod([lexmatch([pain]),inputmatch([pain]),tag(noun),tokens([pain])])],337/26,[]).
candidates(5,0,0,5,[]).
mappings([map(-779,[ev(-560,'C0205087','Late','Late',[late],[tmco],[[[2,2],[1,1],1]],no,no,['MTH','SNOMEDCT_US'],[341/6],0,0),ev(-806,'C0332189','Episode of','Episode of',[episode,of],[tmco],[[[3,3],[1,1],0],[[4,4],[2,2],0]],yes,no,['SNMI','SNOMEDCT_US'],[348/10],0,0),ev(-593,'C0030193','Pain','Pain',[pain],[sosy],[[[5,5],[1,1],0]],no,no,['AOD','CHV','LNC','MTH','NLMSubSyn','SNMI','SNOMEDCT_US'],[359/4],0,0)]),map(-779,[ev(-560,'C0205087','Late','Late',[late],[tmco],[[[2,2],[1,1],1]],no,no,['MTH','SNOMEDCT_US'],[341/6],0,0),ev(-806,'C0332189','Episode of','Episode of',[episode,of],[tmco],[[[3,3],[1,1],0],[[4,4],[2,2],0]],yes,no,['SNMI','SNOMEDCT_US'],[348/10],0,0),ev(-593,'C1962977','Pain NOS','Pain NOS Adverse Event',[pain],[fndg],[[[5,5],[1,1],0]],no,no,['MTH','NCI'],[359/4],0,0)])]).
phrase(ended,[verb([lexmatch([ended]),inputmatch([ended]),tag(verb),tokens([ended])])],364/5,[]).
candidates(3,1,0,2,[]).
mappings([map(-1000,[ev(-1000,'C1272693','Ended','Ended - status',[ended],[qlco],[[[1,1],[1,1],0]],yes,no,['MTH','SNOMEDCT_US'],[364/5],0,0)]),map(-1000,[ev(-1000,'C2746065','Ended','Stop (qualifier value)',[ended],[tmco],[[[1,1],[1,1],0]],yes,no,['NCI','SNOMEDCT_US'],[364/5],0,0)])]).
phrase(half,[head([lexmatch([half]),inputmatch([half]),tag(noun),tokens([half])])],370/4,[]).
candidates(1,0,0,1,[]).
mappings([map(-1000,[ev(-1000,'C2825407','Half','Half',[half],[qnco],[[[1,1],[1,1],0]],yes,no,['NCI'],[370/4],0,0)])]).
phrase('an hour prior to her arrival.',[det([lexmatch([an]),inputmatch([an]),tag(det),tokens([an])]),head([lexmatch([hour]),inputmatch([hour]),tag(noun),tokens([hour])]),prep([lexmatch(['prior to']),inputmatch([prior,to]),tag(prep),tokens([prior,to])]),pron([lexmatch([her]),inputmatch([her]),tag(pron),tokens([her])]),mod([lexmatch([arrival]),inputmatch([arrival]),tag(noun),tokens([arrival])]),punc([inputmatch(['.']),tokens([])])],375/29,[]).
candidates(7,0,0,7,[]).
mappings([map(-725,[ev(-753,'C0439227','Hour','Hour',[hour],[tmco],[[[2,2],[1,1],0]],yes,no,['MTH','SNOMEDCT_US'],[378/4],0,0),ev(-623,'C0332152','Prior to','Before',[prior,to],[tmco],[[[3,4],[1,2],0]],no,no,['CHV','MTH','NCI','NLMSubSyn','SNOMEDCT_US'],[383/8],0,0),ev(-586,'C1555577',arrival,'arrival - ActRelationshipType',[arrival],[idcn],[[[6,6],[1,1],0]],no,no,['HL7V3.0','MTH'],[396/7],0,0)]),map(-725,[ev(-753,'C0439227','Hour','Hour',[hour],[tmco],[[[2,2],[1,1],0]],yes,no,['MTH','SNOMEDCT_US'],[378/4],0,0),ev(-623,'C0332152','Prior to','Before',[prior,to],[tmco],[[[3,4],[1,2],0]],no,no,['CHV','MTH','NCI','NLMSubSyn','SNOMEDCT_US'],[383/8],0,0),ev(-586,'C1706079','Arrival','Arrival - action',[arrival],[acty],[[[6,6],[1,1],0]],no,no,['MTH','NCI'],[396/7],0,0)]),map(-725,[ev(-753,'C0564385','/hour','/hour',[hour],[qnco],[[[2,2],[1,1],0]],yes,no,['SNOMEDCT_US'],[378/4],0,0),ev(-623,'C0332152','Prior to','Before',[prior,to],[tmco],[[[3,4],[1,2],0]],no,no,['CHV','MTH','NCI','NLMSubSyn','SNOMEDCT_US'],[383/8],0,0),ev(-586,'C1555577',arrival,'arrival - ActRelationshipType',[arrival],[idcn],[[[6,6],[1,1],0]],no,no,['HL7V3.0','MTH'],[396/7],0,0)]),map(-725,[ev(-753,'C0564385','/hour','/hour',[hour],[qnco],[[[2,2],[1,1],0]],yes,no,['SNOMEDCT_US'],[378/4],0,0),ev(-623,'C0332152','Prior to','Before',[prior,to],[tmco],[[[3,4],[1,2],0]],no,no,['CHV','MTH','NCI','NLMSubSyn','SNOMEDCT_US'],[383/8],0,0),ev(-586,'C1706079','Arrival','Arrival - action',[arrival],[acty],[[[6,6],[1,1],0]],no,no,['MTH','NCI'],[396/7],0,0)])]).
'EOU'.
utterance('00000000.tx.5',"She is known to have hypertension and obesity. ",405/47,[]).
phrase('She',[pron([lexmatch([she]),inputmatch(['She']),tag(pron),tokens([she])])],405/3,[]).
candidates(0,0,0,0,[]).
mappings([]).
phrase(is,[aux([lexmatch([is]),inputmatch([is]),tag(aux),tokens([is])])],409/2,[]).
candidates(0,0,0,0,[]).
mappings([]).
phrase(known,[verb([lexmatch([known]),inputmatch([known]),tag(verb),tokens([known])])],412/5,[]).
candidates(1,0,0,1,[]).
mappings([map(-1000,[ev(-1000,'C0205309','Known','Known',[known],[qlco],[[[1,1],[1,1],0]],yes,no,['MTH','NCI'],[412/5],0,0)])]).
phrase(to,[adv([lexmatch([to]),inputmatch([to]),tag(adv),tokens([to])])],418/2,[]).
candidates(1,0,0,1,[]).
mappings([map(-1000,[ev(-1000,'C1883351','To','To',[to],[qlco],[[[1,1],[1,1],0]],yes,no,['MTH'],[418/2],0,0)])]).
phrase(have,[aux([lexmatch([have]),inputmatch([have]),tag(aux),tokens([have])])],421/4,[]).
candidates(0,0,0,0,[]).
mappings([]).
phrase(hypertension,[head([lexmatch([hypertension]),inputmatch([hypertension]),tag(noun),tokens([hypertension])])],426/12,[]).
candidates(2,0,0,2,[]).
mappings([map(-1000,[ev(-1000,'C0020538','Hypertension','Hypertensive disease',[hypertension],[dsyn],[[[1,1],[1,1],0]],yes,no,['AOD','MSH','MTH','NCI','NLMSubSyn','OMIM','SNM','SNMI','SNOMEDCT_US'],[426/12],0,0)]),map(-1000,[ev(-1000,'C1963138','Hypertension','Hypertension Adverse Event',[hypertension],[fndg],[[[1,1],[1,1],0]],yes,no,['MTH','NCI'],[426/12],0,0)])]).
phrase(and,[conj([lexmatch([and]),inputmatch([and]),tag(conj),tokens([and])])],439/3,[]).
candidates(0,0,0,0,[]).
mappings([]).
phrase('obesity.',[head([lexmatch([obesity]),inputmatch([obesity]),tag(noun),tokens([obesity])]),punc([inputmatch(['.']),tokens([])])],443/8,[]).
candidates(2,0,0,2,[]).
mappings([map(-1000,[ev(-1000,'C0028754','Obesity','Obesity',[obesity],[dsyn],[[[1,1],[1,1],0]],yes,no,['ICD10CM','MTH','SNM','SNMI','SNOMEDCT_US'],[443/7],0,0)]),map(-1000,[ev(-1000,'C1963185','Obesity','Obesity Adverse Event',[obesity],[fndg],[[[1,1],[1,1],0]],yes,no,['MTH','NCI'],[443/7],0,0)])]).
'EOU'.
utterance('00000000.tx.6',"She denies smoking, diabetes, hypercholesterolemia, or a family history of heart disease. ",452/90,[]).
phrase('She',[pron([lexmatch([she]),inputmatch(['She']),tag(pron),tokens([she])])],452/3,[]).
candidates(0,0,0,0,[]).
mappings([]).
phrase(denies,[verb([lexmatch([denies]),inputmatch([denies]),tag(verb),tokens([denies])])],456/6,[]).
candidates(1,0,0,1,[]).
mappings([map(-1000,[ev(-1000,'C2700401','Deny','Deny (action)',[deny],[acty],[[[1,1],[1,1],0]],yes,no,['MTH','NCI'],[456/6],0,0)])]).
phrase('smoking,',[head([lexmatch([smoking]),inputmatch([smoking]),tag(noun),tokens([smoking])]),punc([inputmatch([',']),tokens([])])],463/8,[]).
candidates(3,0,0,3,[]).
mappings([map(-1000,[ev(-1000,'C0037369','Smoking','Smoking',[smoking],[inbe],[[[1,1],[1,1],0]],yes,no,['CHV','MSH','MTH','NLMSubSyn'],[463/7],0,0)]),map(-1000,[ev(-1000,'C0453996','Smoking','Tobacco smoking behavior',[smoking],[inbe],[[[1,1],[1,1],0]],yes,no,['CSP','MSH','MTH','NLMSubSyn','SNOMEDCT_US'],[463/7],0,0)]),map(-1000,[ev(-1000,'C1881674','SMOKING','Medical Device Emits Smoke',[smoking],[phpr],[[[1,1],[1,1],0]],yes,no,['NCI'],[463/7],0,0)])]).
phrase('diabetes,',[head([lexmatch([diabetes]),inputmatch([diabetes]),tag(noun),tokens([diabetes])]),punc([inputmatch([',']),tokens([])])],472/9,[]).
candidates(2,0,0,2,[]).
mappings([map(-1000,[ev(-1000,'C0011847','Diabetes','Diabetes',[diabetes],[dsyn],[[[1,1],[1,1],0]],yes,no,['MTH'],[472/8],0,1)]),map(-1000,[ev(-1000,'C0011849','Diabetes','Diabetes Mellitus',[diabetes],[dsyn],[[[1,1],[1,1],0]],yes,no,['CHV','MTH','NCI','NLMSubSyn','SNOMEDCT_US'],[472/8],0,1)])]).
phrase('hypercholesterolemia,',[head([lexmatch([hypercholesterolemia]),inputmatch([hypercholesterolemia]),tag(noun),tokens([hypercholesterolemia])]),punc([inputmatch([',']),tokens([])])],482/21,[]).
candidates(2,0,0,2,[]).
mappings([map(-1000,[ev(-1000,'C0020443','Hypercholesterolaemia','Hypercholesterolemia',[hypercholesterolaemia],[dsyn],[[[1,1],[1,1],0]],yes,no,['AOD','CHV','MSH','MTH','SNOMEDCT_US'],[482/20],0,1)]),map(-1000,[ev(-1000,'C1522133','Hypercholesterolemia','Hypercholesterolemia result',[hypercholesterolemia],[fndg],[[[1,1],[1,1],0]],yes,no,['CHV','MTH','NCI','NLMSubSyn','OMIM'],[482/20],0,1)])]).
phrase(or,[conj([lexmatch([or]),inputmatch([or]),tag(conj),tokens([or])])],504/2,[]).
candidates(0,0,0,0,[]).
mappings([]).
phrase('a family history of heart disease.',[det([lexmatch([a]),inputmatch([a]),tag(det),tokens([a])]),head([lexmatch(['family history']),inputmatch([family,history]),tag(noun),tokens([family,history])]),prep([lexmatch([of]),inputmatch([of]),tag(prep),tokens([of])]),mod([lexmatch(['heart disease']),inputmatch([heart,disease]),tag(noun),tokens([heart,disease])]),punc([inputmatch(['.']),tokens([])])],507/34,[]).
candidates(28,7,0,21,[]).
mappings([map(-867,[ev(-864,'C0850707','family history of disease','history (of) disease family',[family,history,of,disease],[fndg],[[[2,3],[1,2],0],[[4,4],[3,3],0],[[6,6],[4,4],0]],yes,no,['CHV','NLMSubSyn'],[509/17,533/7],0,1),ev(-586,'C0018787','Heart','Heart',[heart],[bpoc],[[[5,5],[1,1],0]],no,no,['CSP','FMA','MSH','MTH','SNMI','SNOMEDCT_US'],[527/5],0,0)]),map(-867,[ev(-864,'C0850707','family history of disease','history (of) disease family',[family,history,of,disease],[fndg],[[[2,3],[1,2],0],[[4,4],[3,3],0],[[6,6],[4,4],0]],yes,no,['CHV','NLMSubSyn'],[509/17,533/7],0,1),ev(-586,'C1281570','Heart','Entire heart',[heart],[bpoc],[[[5,5],[1,1],0]],no,no,['MTH','NLMSubSyn','SNOMEDCT_US'],[527/5],0,0)])]).
'EOU'.
utterance('00000000.tx.7',"She currently takes no medications. ",542/36,[]).
phrase('She currently',[pron([lexmatch([she]),inputmatch(['She']),tag(pron),tokens([she])]),adv([lexmatch([currently]),inputmatch([currently]),tag(adv),tokens([currently])])],542/13,[]).
candidates(1,0,0,1,[]).
mappings([map(-1000,[ev(-1000,'C0521116','Currently','Current (present time)',[currently],[tmco],[[[1,1],[1,1],0]],yes,no,['CHV','MTH','SNOMEDCT_US'],[546/9],0,0)])]).
phrase(takes,[verb([lexmatch([takes]),inputmatch([takes]),tag(verb),tokens([takes])])],556/5,[]).
candidates(1,0,0,1,[]).
mappings([map(-1000,[ev(-1000,'C1515187','Take','Take',[take],[hlca],[[[1,1],[1,1],0]],yes,no,['SNOMEDCT_US'],[556/5],0,0)])]).
phrase('no medications.',[det([lexmatch([no]),inputmatch([no]),tag(det),tokens([no])]),head([lexmatch([medications]),inputmatch([medications]),tag(noun),tokens([medications])]),punc([inputmatch(['.']),tokens([])])],562/15,[]).
candidates(4,1,0,3,[]).
mappings([map(-1000,[ev(-1000,'C0013227','Medications','Pharmaceutical Preparations',[medications],[phsu],[[[1,1],[1,1],0]],yes,no,['CHV','CSP','LNC','MEDLINEPLUS','MSH','MTH','NCI','NLMSubSyn','SNMI','SNOMEDCT_US'],[565/11],0,0)]),map(-1000,[ev(-1000,'C0802604','Medications','Medications:Presence or Identity:Duration of the study:^Patient:Nominal',[medications],[clna],[[[1,1],[1,1],0]],yes,no,['LNC'],[565/11],0,0)]),map(-1000,[ev(-1000,'C2598133','Medications','Medications:-:Point in time:^Patient:-',[medications],[clna],[[[1,1],[1,1],0]],yes,no,['LNC'],[565/11],0,0)])]).
'EOU'.
utterance('00000000.tx.8',"Physical examination is normal. ",578/32,[]).
phrase('Physical examination',[head([lexmatch(['physical examination']),inputmatch(['Physical',examination]),tag(noun),tokens([physical,examination])])],578/20,[]).
candidates(4,0,0,4,[]).
mappings([map(-1000,[ev(-1000,'C0031809','Physical Examination','Physical Examination',[physical,examination],[hlca],[[[1,2],[1,2],0]],yes,no,['AIR','CHV','ICD9CM','MSH','MTH','NCI','NLMSubSyn','SNMI','SNOMEDCT_US'],[578/20],0,0)])]).
phrase(is,[aux([lexmatch([is]),inputmatch([is]),tag(aux),tokens([is])])],599/2,[]).
candidates(0,0,0,0,[]).
mappings([]).
phrase('normal.',[head([lexmatch([normal]),inputmatch([normal]),tag(adj),tokens([normal])]),punc([inputmatch(['.']),tokens([])])],602/7,[]).
candidates(3,0,0,3,[]).
mappings([map(-1000,[ev(-1000,'C0205307','Normal','Normal',[normal],[qlco],[[[1,1],[1,1],0]],yes,no,['MTH','SNOMEDCT_US'],[602/6],0,0)]),map(-1000,[ev(-1000,'C0439166','% normal','Percent normal',[normal],[qnco],[[[1,1],[1,1],0]],yes,no,['CHV','MTH','SNOMEDCT_US'],[602/6],0,0)]),map(-1000,[ev(-1000,'C2347086','% Normal','Mean Percent of Normal',[normal],[qnco],[[[1,1],[1,1],0]],yes,no,['MTH','NCI'],[602/6],0,0)])]).
'EOU'.
utterance('00000000.tx.9',"The EKG shows nonspecific changes. ",610/35,[644]).
phrase('The EKG',[det([lexmatch([the]),inputmatch(['The']),tag(det),tokens([the])]),head([lexmatch([ekg]),inputmatch(['EKG']),tag(noun),tokens([ekg])])],610/7,[]).
candidates(2,0,0,2,[]).
mappings([map(-1000,[ev(-1000,'C0013798','EKG','Electrocardiogram',[ekg],[fndg],[[[1,1],[1,1],0]],yes,no,['CHV','MSH','MTH'],[614/3],0,0)]),map(-1000,[ev(-1000,'C1623258','EKG','Electrocardiography',[ekg],[diap],[[[1,1],[1,1],0]],yes,no,['LNC','MSH','MTH','MTHICD9','SNOMEDCT_US'],[614/3],0,0)])]).
phrase(shows,[verb([lexmatch([shows]),inputmatch([shows]),tag(verb),tokens([shows])])],618/5,[]).
candidates(1,0,0,1,[]).
mappings([map(-1000,[ev(-1000,'C1547282','Show','Show',[show],[inpr],[[[1,1],[1,1],0]],yes,no,['HL7V3.0'],[618/5],0,0)])]).
phrase('nonspecific changes.',[mod([lexmatch([nonspecific]),inputmatch([nonspecific]),tag(adj),tokens([nonspecific])]),head([lexmatch([changes]),inputmatch([changes]),tag(noun),tokens([changes])]),punc([inputmatch(['.']),tokens([])])],624/20,[]).
candidates(5,1,0,4,[]).
mappings([map(-901,[ev(-694,'C0205370','Non-specific','Unspecified',[non,specific],[qlco],[[[1,1],[1,2],0]],no,no,['MTH','NCI','NLMSubSyn','SNOMEDCT_US'],[624/11],0,0),ev(-861,'C0392747',changes,'Changing',[changes],[ftcn],[[[2,2],[1,1],0]],yes,no,['CHV','HL7V3.0','MTH','NCI','SNMI','SNOMEDCT_US'],[636/7],0,0)]),map(-901,[ev(-694,'C0205370','Non-specific','Unspecified',[non,specific],[qlco],[[[1,1],[1,2],0]],no,no,['MTH','NCI','NLMSubSyn','SNOMEDCT_US'],[624/11],0,0),ev(-861,'C0443172',changes,'Changed status',[changes],[qnco],[[[2,2],[1,1],0]],yes,no,['CHV','MTH','NLMSubSyn','SNOMEDCT_US'],[636/7],0,0)]),map(-901,[ev(-694,'C0750540','Nonspecific','Nonspecific',[nonspecific],[idcn],[[[1,1],[1,1],0]],no,no,['NCI'],[624/11],0,0),ev(-861,'C0392747',changes,'Changing',[changes],[ftcn],[[[2,2],[1,1],0]],yes,no,['CHV','HL7V3.0','MTH','NCI','SNMI','SNOMEDCT_US'],[636/7],0,0)]),map(-901,[ev(-694,'C0750540','Nonspecific','Nonspecific',[nonspecific],[idcn],[[[1,1],[1,1],0]],no,no,['NCI'],[624/11],0,0),ev(-861,'C0443172',changes,'Changed status',[changes],[qnco],[[[2,2],[1,1],0]],yes,no,['CHV','MTH','NLMSubSyn','SNOMEDCT_US'],[636/7],0,0)])]).
'EOU'.
utterance('00000000.tx.10',"58-year-old woman with hypertension and obesity presents with exercise-related episodic chest pain radiating to the back.",645/121,[]).
phrase('58-year-old woman with hypertension',[shapes([inputmatch(['58']),features([integer]),tokens(['58'])]),punc([inputmatch([-]),tokens([])]),mod([lexmatch([year]),inputmatch([year]),tag(noun),tokens([year])]),punc([inputmatch([-]),tokens([])]),mod([lexmatch([old]),inputmatch([old]),tag(noun),tokens([old])]),head([lexmatch([woman]),inputmatch([woman]),tag(noun),tokens([woman])]),prep([lexmatch([with]),inputmatch([with]),tag(prep),tokens([with])]),mod([lexmatch([hypertension]),inputmatch([hypertension]),tag(noun),tokens([hypertension])])],645/35,[]).
candidates(6,0,0,6,[]).
mappings([map(-697,[ev(-586,'C0439234',year,year,[year],[tmco],[[[2,2],[1,1],0]],no,no,['MTH','NCI','SNOMEDCT_US'],[648/4],0,0),ev(-586,'C0580836','Old','Old',[old],[tmco],[[[3,3],[1,1],0]],no,no,['MTH'],[653/3],0,0),ev(-753,'C0043210','Woman','Woman',[woman],[popg],[[[4,4],[1,1],0]],yes,no,['CHV','MSH','MTH','NCI','NLMSubSyn'],[657/5],0,0),ev(-586,'C0020538','Hypertension','Hypertensive disease',[hypertension],[dsyn],[[[6,6],[1,1],0]],no,no,['AOD','MSH','MTH','NCI','NLMSubSyn','OMIM','SNM','SNMI','SNOMEDCT_US'],[668/12],0,0)]),map(-697,[ev(-586,'C0439234',year,year,[year],[tmco],[[[2,2],[1,1],0]],no,no,['MTH','NCI','SNOMEDCT_US'],[648/4],0,0),ev(-586,'C0580836','Old','Old',[old],[tmco],[[[3,3],[1,1],0]],no,no,['MTH'],[653/3],0,0),ev(-753,'C0043210','Woman','Woman',[woman],[popg],[[[4,4],[1,1],0]],yes,no,['CHV','MSH','MTH','NCI','NLMSubSyn'],[657/5],0,0),ev(-586,'C1963138','Hypertension','Hypertension Adverse Event',[hypertension],[fndg],[[[6,6],[1,1],0]],no,no,['MTH','NCI'],[668/12],0,0)]),map(-697,[ev(-586,'C0439508','/year','per year',[year],[tmco],[[[2,2],[1,1],0]],no,no,['CHV','MTH','NCI','SNOMEDCT_US'],[648/4],0,0),ev(-586,'C0580836','Old','Old',[old],[tmco],[[[3,3],[1,1],0]],no,no,['MTH'],[653/3],0,0),ev(-753,'C0043210','Woman','Woman',[woman],[popg],[[[4,4],[1,1],0]],yes,no,['CHV','MSH','MTH','NCI','NLMSubSyn'],[657/5],0,0),ev(-586,'C0020538','Hypertension','Hypertensive disease',[hypertension],[dsyn],[[[6,6],[1,1],0]],no,no,['AOD','MSH','MTH','NCI','NLMSubSyn','OMIM','SNM','SNMI','SNOMEDCT_US'],[668/12],0,0)]),map(-697,[ev(-586,'C0439508','/year','per year',[year],[tmco],[[[2,2],[1,1],0]],no,no,['CHV','MTH','NCI','SNOMEDCT_US'],[648/4],0,0),ev(-586,'C0580836','Old','Old',[old],[tmco],[[[3,3],[1,1],0]],no,no,['MTH'],[653/3],0,0),ev(-753,'C0043210','Woman','Woman',[woman],[popg],[[[4,4],[1,1],0]],yes,no,['CHV','MSH','MTH','NCI','NLMSubSyn'],[657/5],0,0),ev(-586,'C1963138','Hypertension','Hypertension Adverse Event',[hypertension],[fndg],[[[6,6],[1,1],0]],no,no,['MTH','NCI'],[668/12],0,0)])]).
phrase(and,[conj([lexmatch([and]),inputmatch([and]),tag(conj),tokens([and])])],681/3,[]).
candidates(0,0,0,0,[]).
mappings([]).
phrase(obesity,[head([lexmatch([obesity]),inputmatch([obesity]),tag(noun),tokens([obesity])])],685/7,[]).
candidates(2,0,0,2,[]).
mappings([map(-1000,[ev(-1000,'C0028754','Obesity','Obesity',[obesity],[dsyn],[[[1,1],[1,1],0]],yes,no,['ICD10CM','MTH','SNM','SNMI','SNOMEDCT_US'],[685/7],0,0)]),map(-1000,[ev(-1000,'C1963185','Obesity','Obesity Adverse Event',[obesity],[fndg],[[[1,1],[1,1],0]],yes,no,['MTH','NCI'],[685/7],0,0)])]).
phrase('presents with exercise-related episodic chest pain radiating',[verb([lexmatch([presents]),inputmatch([presents]),tag(verb),tokens([presents])]),prep([lexmatch([with]),inputmatch([with]),tag(prep),tokens([with])]),mod([lexmatch([exercise]),inputmatch([exercise]),tag(noun),tokens([exercise])]),punc([inputmatch([-]),tokens([])]),mod([lexmatch([related]),inputmatch([related]),tag(adj),tokens([related])]),mod([lexmatch([episodic]),inputmatch([episodic]),tag(adj),tokens([episodic])]),mod([lexmatch(['chest pain']),inputmatch([chest,pain]),tag(noun),tokens([chest,pain])]),mod([lexmatch([radiating]),inputmatch([radiating]),tag(noun),tokens([radiating])])],693/60,[]).
candidates(25,9,0,16,[]).
mappings([map(-769,[ev(-744,'C0150312','Present','Present',[present],[qnco],[[[1,1],[1,1],0]],yes,no,['CHV','MTH','NCI'],[693/8],0,0),ev(-744,'C0015259','Exercise','Exercise',[exercise],[dora],[[[3,3],[1,1],0]],yes,no,['AOD','MSH','MTH','NLMSubSyn','SNOMEDCT_US'],[707/8],0,0),ev(-744,'C0439849','Related','Relationships',[related],[qlco],[[[4,4],[1,1],0]],yes,no,['MTH','NCI','SNOMEDCT_US'],[716/7],0,0),ev(-744,'C1455761','Episodic','Episodic',[episodic],[qlco],[[[5,5],[1,1],0]],yes,no,['MTH'],[724/8],0,0),ev(-800,'C0232289','chest pain radiating','Radiating chest pain',[chest,pain,radiating],[sosy],[[[6,7],[1,2],0],[[8,8],[3,3],0]],yes,no,['CHV','SNOMEDCT_US'],[733/20],0,0)]),map(-769,[ev(-744,'C0150312','Present','Present',[present],[qnco],[[[1,1],[1,1],0]],yes,no,['CHV','MTH','NCI'],[693/8],0,0),ev(-744,'C0015259','Exercise','Exercise',[exercise],[dora],[[[3,3],[1,1],0]],yes,no,['AOD','MSH','MTH','NLMSubSyn','SNOMEDCT_US'],[707/8],0,0),ev(-744,'C0445223','Related','Related personal status',[related],[fndg],[[[4,4],[1,1],0]],yes,no,['CHV','MTH','SNOMEDCT_US'],[716/7],0,0),ev(-744,'C1455761','Episodic','Episodic',[episodic],[qlco],[[[5,5],[1,1],0]],yes,no,['MTH'],[724/8],0,0),ev(-800,'C0232289','chest pain radiating','Radiating chest pain',[chest,pain,radiating],[sosy],[[[6,7],[1,2],0],[[8,8],[3,3],0]],yes,no,['CHV','SNOMEDCT_US'],[733/20],0,0)]),map(-769,[ev(-744,'C0150312','Present','Present',[present],[qnco],[[[1,1],[1,1],0]],yes,no,['CHV','MTH','NCI'],[693/8],0,0),ev(-744,'C1522704','Exercise','Exercise Pain Management',[exercise],[topp],[[[3,3],[1,1],0]],yes,no,['MTH','NCI','NLMSubSyn'],[707/8],0,0),ev(-744,'C0439849','Related','Relationships',[related],[qlco],[[[4,4],[1,1],0]],yes,no,['MTH','NCI','SNOMEDCT_US'],[716/7],0,0),ev(-744,'C1455761','Episodic','Episodic',[episodic],[qlco],[[[5,5],[1,1],0]],yes,no,['MTH'],[724/8],0,0),ev(-800,'C0232289','chest pain radiating','Radiating chest pain',[chest,pain,radiating],[sosy],[[[6,7],[1,2],0],[[8,8],[3,3],0]],yes,no,['CHV','SNOMEDCT_US'],[733/20],0,0)]),map(-769,[ev(-744,'C0150312','Present','Present',[present],[qnco],[[[1,1],[1,1],0]],yes,no,['CHV','MTH','NCI'],[693/8],0,0),ev(-744,'C1522704','Exercise','Exercise Pain Management',[exercise],[topp],[[[3,3],[1,1],0]],yes,no,['MTH','NCI','NLMSubSyn'],[707/8],0,0),ev(-744,'C0445223','Related','Related personal status',[related],[fndg],[[[4,4],[1,1],0]],yes,no,['CHV','MTH','SNOMEDCT_US'],[716/7],0,0),ev(-744,'C1455761','Episodic','Episodic',[episodic],[qlco],[[[5,5],[1,1],0]],yes,no,['MTH'],[724/8],0,0),ev(-800,'C0232289','chest pain radiating','Radiating chest pain',[chest,pain,radiating],[sosy],[[[6,7],[1,2],0],[[8,8],[3,3],0]],yes,no,['CHV','SNOMEDCT_US'],[733/20],0,0)]),map(-769,[ev(-744,'C0449450','Present','Presentation',[present],[idcn],[[[1,1],[1,1],0]],yes,no,['CHV','MTH','NCI'],[693/8],0,0),ev(-744,'C0015259','Exercise','Exercise',[exercise],[dora],[[[3,3],[1,1],0]],yes,no,['AOD','MSH','MTH','NLMSubSyn','SNOMEDCT_US'],[707/8],0,0),ev(-744,'C0439849','Related','Relationships',[related],[qlco],[[[4,4],[1,1],0]],yes,no,['MTH','NCI','SNOMEDCT_US'],[716/7],0,0),ev(-744,'C1455761','Episodic','Episodic',[episodic],[qlco],[[[5,5],[1,1],0]],yes,no,['MTH'],[724/8],0,0),ev(-800,'C0232289','chest pain radiating','Radiating chest pain',[chest,pain,radiating],[sosy],[[[6,7],[1,2],0],[[8,8],[3,3],0]],yes,no,['CHV','SNOMEDCT_US'],[733/20],0,0)]),map(-769,[ev(-744,'C0449450','Present','Presentation',[present],[idcn],[[[1,1],[1,1],0]],yes,no,['CHV','MTH','NCI'],[693/8],0,0),ev(-744,'C0015259','Exercise','Exercise',[exercise],[dora],[[[3,3],[1,1],0]],yes,no,['AOD','MSH','MTH','NLMSubSyn','SNOMEDCT_US'],[707/8],0,0),ev(-744,'C0445223','Related','Related personal status',[related],[fndg],[[[4,4],[1,1],0]],yes,no,['CHV','MTH','SNOMEDCT_US'],[716/7],0,0),ev(-744,'C1455761','Episodic','Episodic',[episodic],[qlco],[[[5,5],[1,1],0]],yes,no,['MTH'],[724/8],0,0),ev(-800,'C0232289','chest pain radiating','Radiating chest pain',[chest,pain,radiating],[sosy],[[[6,7],[1,2],0],[[8,8],[3,3],0]],yes,no,['CHV','SNOMEDCT_US'],[733/20],0,0)]),map(-769,[ev(-744,'C0449450','Present','Presentation',[present],[idcn],[[[1,1],[1,1],0]],yes,no,['CHV','MTH','NCI'],[693/8],0,0),ev(-744,'C1522704','Exercise','Exercise Pain Management',[exercise],[topp],[[[3,3],[1,1],0]],yes,no,['MTH','NCI','NLMSubSyn'],[707/8],0,0),ev(-744,'C0439849','Related','Relationships',[related],[qlco],[[[4,4],[1,1],0]],yes,no,['MTH','NCI','SNOMEDCT_US'],[716/7],0,0),ev(-744,'C1455761','Episodic','Episodic',[episodic],[qlco],[[[5,5],[1,1],0]],yes,no,['MTH'],[724/8],0,0),ev(-800,'C0232289','chest pain radiating','Radiating chest pain',[chest,pain,radiating],[sosy],[[[6,7],[1,2],0],[[8,8],[3,3],0]],yes,no,['CHV','SNOMEDCT_US'],[733/20],0,0)]),map(-769,[ev(-744,'C0449450','Present','Presentation',[present],[idcn],[[[1,1],[1,1],0]],yes,no,['CHV','MTH','NCI'],[693/8],0,0),ev(-744,'C1522704','Exercise','Exercise Pain Management',[exercise],[topp],[[[3,3],[1,1],0]],yes,no,['MTH','NCI','NLMSubSyn'],[707/8],0,0),ev(-744,'C0445223','Related','Related personal status',[related],[fndg],[[[4,4],[1,1],0]],yes,no,['CHV','MTH','SNOMEDCT_US'],[716/7],0,0),ev(-744,'C1455761','Episodic','Episodic',[episodic],[qlco],[[[5,5],[1,1],0]],yes,no,['MTH'],[724/8],0,0),ev(-800,'C0232289','chest pain radiating','Radiating chest pain',[chest,pain,radiating],[sosy],[[[6,7],[1,2],0],[[8,8],[3,3],0]],yes,no,['CHV','SNOMEDCT_US'],[733/20],0,0)])]).
phrase('to the back.',[prep([lexmatch([to]),inputmatch([to]),tag(prep),tokens([to])]),det([lexmatch([the]),inputmatch([the]),tag(det),tokens([the])]),head([lexmatch([back]),inputmatch([back]),tag(adj),tokens([back])]),punc([inputmatch(['.']),tokens([])])],754/12,[]).
candidates(4,0,0,4,[]).
mappings([map(-1000,[ev(-1000,'C0004600','Back','Back',[back],[blor],[[[1,1],[1,1],0]],yes,no,['CHV','FMA','MSH','MTH','NCI','SNOMEDCT_US'],[761/4],0,0)]),map(-1000,[ev(-1000,'C0205095','Back','Dorsal',[back],[spco],[[[1,1],[1,1],0]],yes,no,['CHV','MTH','NCI','SNOMEDCT_US'],[761/4],0,0)]),map(-1000,[ev(-1000,'C0460009','Back','Back structure, including back of neck',[back],[blor],[[[1,1],[1,1],0]],yes,no,['FMA','SNOMEDCT_US','SNOMEDCT_VET'],[761/4],0,0)]),map(-1000,[ev(-1000,'C1995000','Back','Back structure, excluding neck',[back],[blor],[[[1,1],[1,1],0]],yes,no,['SNOMEDCT_US'],[761/4],0,0)])]).
'EOU'.
'EOT'.
