args('metamap14.BINARY.Darwin --lexicon db -Z 2014AA -qE -Q 4 ../../TREC-CDS/2014-original/10.txt ../../TREC-CDS/results/10.txt.out',[lexicon-db,mm_data_year-'2014AA',machine_output-[],indicate_citation_end-[],composite_phrases-4,infile-'../../TREC-CDS/2014-original/10.txt',outfile-'../../TREC-CDS/results/10.txt.out']).
aas([]).
neg_list([]).
utterance('00000000.tx.1',"diagnosis. ",0/11,[10]).
phrase('diagnosis.',[head([lexmatch([diagnosis]),inputmatch([diagnosis]),tag(noun),tokens([diagnosis])]),punc([inputmatch(['.']),tokens([])])],0/10,[]).
candidates(3,0,0,3,[]).
mappings([map(-1000,[ev(-1000,'C0011900','Diagnosis','Diagnosis',[diagnosis],[fndg],[[[1,1],[1,1],0]],yes,no,['CCS','CHV','LNC','MTH','NCI'],[0/9],0,0)]),map(-1000,[ev(-1000,'C1704338',diagnosis,'diagnosis aspect',[diagnosis],[qlco],[[[1,1],[1,1],0]],yes,no,['MSH','MTH','NLMSubSyn'],[0/9],0,0)]),map(-1000,[ev(-1000,'C1704656','DIAGNOSIS','Diagnosis Study',[diagnosis],[resa],[[[1,1],[1,1],0]],yes,no,['MTH','NCI'],[0/9],0,0)])]).
'EOU'.
utterance('00000000.tx.2',"A physician is called to see a 67-year-old woman who underwent cardiac catheterization via the right femoral artery earlier in the morning. ",11/140,[]).
phrase('A physician',[det([lexmatch([a]),inputmatch(['A']),tag(det),tokens([a])]),head([lexmatch([physician]),inputmatch([physician]),tag(noun),tokens([physician])])],11/11,[]).
candidates(2,0,0,2,[]).
mappings([map(-1000,[ev(-1000,'C0031831','Physician','Physicians',[physician],[prog],[[[1,1],[1,1],0]],yes,no,['CHV','MTH','NCI','SNMI','SNOMEDCT_US'],[13/9],0,0)]),map(-1000,[ev(-1000,'C0804815','Physician','Physician:Identifier:Point in time:^Patient:Nominal',[physician],[clna],[[[1,1],[1,1],0]],yes,no,['LNC'],[13/9],0,0)])]).
phrase(is,[aux([lexmatch([is]),inputmatch([is]),tag(aux),tokens([is])])],23/2,[]).
candidates(0,0,0,0,[]).
mappings([]).
phrase(called,[verb([lexmatch([called]),inputmatch([called]),tag(verb),tokens([called])])],26/6,[]).
candidates(2,0,0,2,[]).
mappings([map(-966,[ev(-966,'C0679006','Call','Decision',[call],[menp],[[[1,1],[1,1],1]],yes,no,['CHV','MTH','NCI'],[26/6],0,0)]),map(-966,[ev(-966,'C1947967','Call','Call (Instruction)',[call],[ftcn],[[[1,1],[1,1],1]],yes,no,['MTH','NCI'],[26/6],0,0)])]).
phrase(to,[adv([lexmatch([to]),inputmatch([to]),tag(adv),tokens([to])])],33/2,[]).
candidates(1,0,0,1,[]).
mappings([map(-1000,[ev(-1000,'C1883351','To','To',[to],[qlco],[[[1,1],[1,1],0]],yes,no,['MTH'],[33/2],0,0)])]).
phrase(see,[verb([lexmatch([see]),inputmatch([see]),tag(verb),tokens([see])])],36/3,[]).
candidates(2,0,0,2,[]).
mappings([map(-1000,[ev(-1000,'C0042789',see,'Vision',[see],[orgf],[[[1,1],[1,1],0]],yes,no,['AOD','CHV','GO','ICF','MSH','MTH','NCI','NLMSubSyn','SNOMEDCT_US'],[36/3],0,0)]),map(-1000,[ev(-1000,'C1947903','See','See',[see],[acty],[[[1,1],[1,1],0]],yes,no,['MTH','NCI'],[36/3],0,0)])]).
phrase('a 67-year-old woman',[det([lexmatch([a]),inputmatch([a]),tag(det),tokens([a])]),shapes([inputmatch(['67']),features([integer]),tokens(['67'])]),punc([inputmatch([-]),tokens([])]),mod([lexmatch([year]),inputmatch([year]),tag(noun),tokens([year])]),punc([inputmatch([-]),tokens([])]),mod([lexmatch([old]),inputmatch([old]),tag(noun),tokens([old])]),head([lexmatch([woman]),inputmatch([woman]),tag(noun),tokens([woman])])],40/19,[]).
candidates(4,0,0,4,[]).
mappings([map(-775,[ev(-645,'C0439234',year,year,[year],[tmco],[[[2,2],[1,1],0]],no,no,['MTH','NCI','SNOMEDCT_US'],[45/4],0,0),ev(-645,'C0580836','Old','Old',[old],[tmco],[[[3,3],[1,1],0]],no,no,['MTH'],[50/3],0,0),ev(-812,'C0043210','Woman','Woman',[woman],[popg],[[[4,4],[1,1],0]],yes,no,['CHV','MSH','MTH','NCI','NLMSubSyn'],[54/5],0,0)]),map(-775,[ev(-645,'C0439508','/year','per year',[year],[tmco],[[[2,2],[1,1],0]],no,no,['CHV','MTH','NCI','SNOMEDCT_US'],[45/4],0,0),ev(-645,'C0580836','Old','Old',[old],[tmco],[[[3,3],[1,1],0]],no,no,['MTH'],[50/3],0,0),ev(-812,'C0043210','Woman','Woman',[woman],[popg],[[[4,4],[1,1],0]],yes,no,['CHV','MSH','MTH','NCI','NLMSubSyn'],[54/5],0,0)])]).
phrase(who,[pron([lexmatch([who]),inputmatch([who]),tag(pron),tokens([who])])],60/3,[]).
candidates(0,0,0,0,[]).
mappings([]).
phrase(underwent,[verb([lexmatch([underwent]),inputmatch([underwent]),tag(verb),tokens([underwent])])],64/9,[]).
candidates(0,0,0,0,[]).
mappings([]).
phrase('cardiac catheterization via the right femoral artery',[head([lexmatch(['cardiac catheterization']),inputmatch([cardiac,catheterization]),tag(noun),tokens([cardiac,catheterization])]),prep([lexmatch([via]),inputmatch([via]),tag(prep),tokens([via])]),det([lexmatch([the]),inputmatch([the]),tag(det),tokens([the])]),mod([lexmatch(['right femoral artery']),inputmatch([right,femoral,artery]),tag(noun),tokens([right,femoral,artery])])],74/52,[]).
candidates(19,1,0,18,[]).
mappings([map(-764,[ev(-804,'C0189896','right cardiac catheterisation','Catheterization of right heart',[right,cardiac,catheterisation],[diap],[[[5,5],[1,1],0],[[1,2],[2,3],0]],yes,no,['CHV','MTH','NLMSubSyn','SNOMEDCT_US'],[74/23,106/5],0,0),ev(-612,'C0015801','Femoral Artery','Structure of femoral artery',[femoral,artery],[bpoc],[[[6,7],[1,2],0]],no,no,['FMA','MSH','MTH','NLMSubSyn','SNMI'],[112/14],0,0)]),map(-764,[ev(-804,'C0189896','right cardiac catheterisation','Catheterization of right heart',[right,cardiac,catheterisation],[diap],[[[5,5],[1,1],0],[[1,2],[2,3],0]],yes,no,['CHV','MTH','NLMSubSyn','SNOMEDCT_US'],[74/23,106/5],0,0),ev(-612,'C1280173','Femoral artery','Entire femoral artery',[femoral,artery],[bpoc],[[[6,7],[1,2],0]],no,no,['MTH','NLMSubSyn','SNOMEDCT_US'],[112/14],0,0)]),map(-764,[ev(-778,'C0018795','Cardiac Catheterization','Cardiac Catheterization Procedures',[cardiac,catheterization],[diap,topp],[[[1,2],[1,2],0]],yes,no,['CHV','MSH','MTH','NLMSubSyn','SNOMEDCT_US'],[74/23],0,0),ev(-647,'C0226447','Right femoral artery','Structure of right femoral artery',[right,femoral,artery],[bpoc],[[[5,7],[1,3],0]],no,no,['LNC','MTH','SNOMEDCT_US'],[106/20],0,0)]),map(-764,[ev(-778,'C0018795','Cardiac Catheterization','Cardiac Catheterization Procedures',[cardiac,catheterization],[diap,topp],[[[1,2],[1,2],0]],yes,no,['CHV','MSH','MTH','NLMSubSyn','SNOMEDCT_US'],[74/23],0,0),ev(-647,'C1281566','Right femoral artery','Entire right femoral artery',[right,femoral,artery],[bpoc],[[[5,7],[1,3],0]],no,no,['MTH','SNOMEDCT_US'],[106/20],0,0)])]).
phrase('earlier in the morning.',[head([lexmatch([earlier]),inputmatch([earlier]),tag(adj),tokens([earlier])]),prep([lexmatch([in]),inputmatch([in]),tag(prep),tokens([in])]),det([lexmatch([the]),inputmatch([the]),tag(det),tokens([the])]),mod([lexmatch([morning]),inputmatch([morning]),tag(noun),tokens([morning])]),punc([inputmatch(['.']),tokens([])])],127/23,[]).
candidates(2,0,0,2,[]).
mappings([map(-691,[ev(-737,'C1279919','Early','Early',[early],[tmco],[[[1,1],[1,1],1]],yes,no,['CHV','MTH','NLMSubSyn'],[127/7],0,0),ev(-604,'C0332170','Morning','Morning',[morning],[tmco],[[[4,4],[1,1],0]],no,no,['MTH','SNOMEDCT_US'],[142/7],0,0)])]).
'EOU'.
utterance('00000000.tx.3',"She is now complaining of a cool right foot. ",151/45,[]).
phrase('She',[pron([lexmatch([she]),inputmatch(['She']),tag(pron),tokens([she])])],151/3,[]).
candidates(0,0,0,0,[]).
mappings([]).
phrase(is,[aux([lexmatch([is]),inputmatch([is]),tag(aux),tokens([is])])],155/2,[]).
candidates(0,0,0,0,[]).
mappings([]).
phrase('now complaining of a cool right foot.',[adv([lexmatch([now]),inputmatch([now]),tag(adv),tokens([now])]),head([lexmatch([complaining]),inputmatch([complaining]),tag(noun),tokens([complaining])]),prep([lexmatch([of]),inputmatch([of]),tag(prep),tokens([of])]),det([lexmatch([a]),inputmatch([a]),tag(det),tokens([a])]),mod([lexmatch([cool]),inputmatch([cool]),tag(noun),tokens([cool])]),mod([lexmatch(['right foot']),inputmatch([right,foot]),tag(noun),tokens([right,foot])]),punc([inputmatch(['.']),tokens([])])],158/37,[]).
candidates(11,0,0,11,[]).
mappings([map(-534,[ev(-581,'C1948052','Now','Now (temporal qualifier)',[now],[tmco],[[[1,1],[1,1],0]],no,no,['MTH','NCI'],[158/3],0,0),ev(-581,'C1548792','Cool','Cool',[cool],[qlco],[[[5,5],[1,1],0]],no,no,['HL7V2.5'],[179/4],0,0),ev(-612,'C0230460','Right foot','Structure of right foot',[right,foot],[bpoc],[[[6,7],[1,2],0]],no,no,['LNC','MTH','SNOMEDCT_US'],[184/10],0,0)]),map(-534,[ev(-581,'C1948052','Now','Now (temporal qualifier)',[now],[tmco],[[[1,1],[1,1],0]],no,no,['MTH','NCI'],[158/3],0,0),ev(-581,'C1548792','Cool','Cool',[cool],[qlco],[[[5,5],[1,1],0]],no,no,['HL7V2.5'],[179/4],0,0),ev(-612,'C1279998','Right foot','Entire right foot',[right,foot],[bpoc],[[[6,7],[1,2],0]],no,no,['MTH','SNOMEDCT_US'],[184/10],0,0)])]).
'EOU'.
utterance('00000000.tx.4',"Upon examination she has a pulsatile mass in her right groin with loss of distal pulses, and auscultation reveals a bruit over the point at which the right femoral artery was entered. ",196/184,[379]).
phrase('Upon examination',[prep([lexmatch([upon]),inputmatch(['Upon']),tag(prep),tokens([upon])]),head([lexmatch([examination]),inputmatch([examination]),tag(noun),tokens([examination])])],196/16,[]).
candidates(0,0,0,0,[]).
mappings([]).
phrase(she,[pron([lexmatch([she]),inputmatch([she]),tag(pron),tokens([she])])],213/3,[]).
candidates(0,0,0,0,[]).
mappings([]).
phrase(has,[aux([lexmatch([has]),inputmatch([has]),tag(aux),tokens([has])])],217/3,[]).
candidates(0,0,0,0,[]).
mappings([]).
phrase('a pulsatile mass in her right groin',[det([lexmatch([a]),inputmatch([a]),tag(det),tokens([a])]),mod([lexmatch([pulsatile]),inputmatch([pulsatile]),tag(adj),tokens([pulsatile])]),head([lexmatch([mass]),inputmatch([mass]),tag(noun),tokens([mass])]),prep([lexmatch([in]),inputmatch([in]),tag(prep),tokens([in])]),pron([lexmatch([her]),inputmatch([her]),tag(pron),tokens([her])]),mod([lexmatch([right]),inputmatch([right]),tag(adj),tokens([right])]),mod([lexmatch([groin]),inputmatch([groin]),tag(noun),tokens([groin])])],221/35,[]).
candidates(12,1,0,11,[]).
mappings([map(-728,[ev(-774,'C0577559','A mass','Mass of body structure',[a,mass],[fndg],[[[1,1],[1,1],0],[[3,3],[2,2],0]],yes,no,['CHV','MTH','SNM','SNOMEDCT_US'],[221/1,233/4],0,0),ev(-581,'C0439606','Pulsatile','Pulsatile',[pulsatile],[tmco],[[[2,2],[1,1],0]],no,no,['CHV','SNOMEDCT_US'],[223/9],0,0),ev(-612,'C0230318','right groin','Right inguinal region',[right,groin],[blor],[[[6,6],[1,1],0],[[7,7],[2,2],0]],no,no,['FMA','MTH','NLMSubSyn','SNOMEDCT_US'],[245/11],0,0)])]).
phrase('with loss of distal pulses,',[prep([lexmatch([with]),inputmatch([with]),tag(prep),tokens([with])]),head([lexmatch([loss]),inputmatch([loss]),tag(noun),tokens([loss])]),prep([lexmatch([of]),inputmatch([of]),tag(prep),tokens([of])]),mod([lexmatch([distal]),inputmatch([distal]),tag(adj),tokens([distal])]),mod([lexmatch([pulses]),inputmatch([pulses]),tag(noun),tokens([pulses])]),punc([inputmatch([',']),tokens([])])],257/27,[]).
candidates(10,2,0,8,[]).
mappings([map(-922,[ev(-593,'C0332287','With','In addition to',[with],[qlco],[[[1,1],[1,1],0]],no,no,['MTH','NCI','SNOMEDCT_US'],[257/4],0,0),ev(-918,'C1532146','Loss of distal pulse','Loss of distal pulse',[loss,of,distal,pulse],[fndg],[[[2,2],[1,1],0],[[3,3],[2,2],0],[[4,4],[3,3],0],[[5,5],[4,4],1]],yes,no,['SNOMEDCT_US'],[262/21],0,0)]),map(-922,[ev(-593,'C1705690','With','With - dosing instruction fragment',[with],[inpr],[[[1,1],[1,1],0]],no,no,['MTH','SNOMEDCT_US'],[257/4],0,0),ev(-918,'C1532146','Loss of distal pulse','Loss of distal pulse',[loss,of,distal,pulse],[fndg],[[[2,2],[1,1],0],[[3,3],[2,2],0],[[4,4],[3,3],0],[[5,5],[4,4],1]],yes,no,['SNOMEDCT_US'],[262/21],0,0)])]).
phrase(and,[conj([lexmatch([and]),inputmatch([and]),tag(conj),tokens([and])])],285/3,[]).
candidates(0,0,0,0,[]).
mappings([]).
phrase(auscultation,[head([lexmatch([auscultation]),inputmatch([auscultation]),tag(noun),tokens([auscultation])])],289/12,[]).
candidates(1,0,0,1,[]).
mappings([map(-1000,[ev(-1000,'C0004339','Auscultation','Auscultation',[auscultation],[diap],[[[1,1],[1,1],0]],yes,no,['MSH','MTH','SNOMEDCT_US'],[289/12],0,0)])]).
phrase(reveals,[verb([lexmatch([reveals]),inputmatch([reveals]),tag(verb),tokens([reveals])])],302/7,[]).
candidates(1,0,0,1,[]).
mappings([map(-1000,[ev(-1000,'C0443289',reveal,'Revealed',[reveal],[qlco],[[[1,1],[1,1],0]],yes,no,['CHV','SNOMEDCT_US'],[302/7],0,0)])]).
phrase('a bruit over the point',[det([lexmatch([a]),inputmatch([a]),tag(det),tokens([a])]),head([lexmatch([bruit]),inputmatch([bruit]),tag(noun),tokens([bruit])]),prep([lexmatch([over]),inputmatch([over]),tag(prep),tokens([over])]),det([lexmatch([the]),inputmatch([the]),tag(det),tokens([the])]),mod([lexmatch([point]),inputmatch([point]),tag(noun),tokens([point])])],310/22,[]).
candidates(4,0,0,4,[]).
mappings([map(-745,[ev(-631,'C2924612','A point','Point A',[a,point],[blor],[[[1,1],[1,1],0],[[5,5],[2,2],0]],no,no,['LNC','SNOMEDCT_US'],[310/1,327/5],0,0),ev(-760,'C0006318','Bruit','Bruit',[bruit],[fndg],[[[2,2],[1,1],0]],yes,no,['CHV','SNOMEDCT_US'],[312/5],0,0)])]).
phrase('at which',[prep([lexmatch([at]),inputmatch([at]),tag(prep),tokens([at])]),pron([lexmatch([which]),inputmatch([which]),tag(pron),tokens([which])])],333/8,[]).
candidates(0,0,0,0,[]).
mappings([]).
phrase('the right femoral artery',[det([lexmatch([the]),inputmatch([the]),tag(det),tokens([the])]),head([lexmatch(['right femoral artery']),inputmatch([right,femoral,artery]),tag(noun),tokens([right,femoral,artery])])],342/24,[]).
candidates(9,1,0,8,[]).
mappings([map(-1000,[ev(-1000,'C0226447','Right femoral artery','Structure of right femoral artery',[right,femoral,artery],[bpoc],[[[1,3],[1,3],0]],yes,no,['LNC','MTH','SNOMEDCT_US'],[346/20],0,0)]),map(-1000,[ev(-1000,'C1281566','Right femoral artery','Entire right femoral artery',[right,femoral,artery],[bpoc],[[[1,3],[1,3],0]],yes,no,['MTH','SNOMEDCT_US'],[346/20],0,0)])]).
phrase(was,[aux([lexmatch([was]),inputmatch([was]),tag(aux),tokens([was])])],367/3,[]).
candidates(0,0,0,0,[]).
mappings([]).
phrase('entered.',[verb([lexmatch([entered]),inputmatch([entered]),tag(verb),tokens([entered])]),punc([inputmatch(['.']),tokens([])])],371/8,[]).
candidates(2,1,0,1,[]).
mappings([map(-1000,[ev(-1000,'C1521975','Entered','Entered',[entered],[qlco],[[[1,1],[1,1],0]],yes,no,['MTH'],[371/7],0,0)])]).
'EOU'.
utterance('00000000.tx.5',"67-year-old woman status post cardiac catheterization via right femoral artery, now with a cool, pulseless right foot and right femoral bruit.",380/142,[]).
phrase('67-year-old woman status post cardiac catheterization via right femoral artery,',[shapes([inputmatch(['67']),features([integer]),tokens(['67'])]),punc([inputmatch([-]),tokens([])]),mod([lexmatch([year]),inputmatch([year]),tag(noun),tokens([year])]),punc([inputmatch([-]),tokens([])]),mod([lexmatch([old]),inputmatch([old]),tag(noun),tokens([old])]),mod([lexmatch(['woman status']),inputmatch([woman,status]),tag(noun),tokens([woman,status])]),mod([lexmatch(['post cardiac']),inputmatch([post,cardiac]),tag(adj),tokens([post,cardiac])]),head([lexmatch([catheterization]),inputmatch([catheterization]),tag(noun),tokens([catheterization])]),prep([lexmatch([via]),inputmatch([via]),tag(prep),tokens([via])]),mod([lexmatch(['right femoral artery']),inputmatch([right,femoral,artery]),tag(noun),tokens([right,femoral,artery])]),punc([inputmatch([',']),tokens([])])],380/79,[]).
candidates(32,2,0,30,[]).
mappings([map(-728,[ev(-570,'C0439234',year,year,[year],[tmco],[[[2,2],[1,1],0]],no,no,['MTH','NCI','SNOMEDCT_US'],[383/4],0,0),ev(-570,'C0580836','Old','Old',[old],[tmco],[[[3,3],[1,1],0]],no,no,['MTH'],[388/3],0,0),ev(-570,'C0043210','Woman','Woman',[woman],[popg],[[[4,4],[1,1],0]],no,no,['CHV','MSH','MTH','NCI','NLMSubSyn'],[392/5],0,0),ev(-586,'C0231290','Status post','Status post',[status,post],[tmco],[[[5,6],[1,2],0]],no,no,['MTH','SNOMEDCT_US'],[398/11],0,0),ev(-767,'C0189896','right cardiac catheterisation','Catheterization of right heart',[right,cardiac,catheterisation],[diap],[[[10,10],[1,1],0],[[7,8],[2,3],0]],yes,no,['CHV','MTH','NLMSubSyn','SNOMEDCT_US'],[410/23,438/5],0,0),ev(-586,'C0015801','Femoral Artery','Structure of femoral artery',[femoral,artery],[bpoc],[[[11,12],[1,2],0]],no,no,['FMA','MSH','MTH','NLMSubSyn','SNMI'],[444/14],0,0)]),map(-728,[ev(-570,'C0439234',year,year,[year],[tmco],[[[2,2],[1,1],0]],no,no,['MTH','NCI','SNOMEDCT_US'],[383/4],0,0),ev(-570,'C0580836','Old','Old',[old],[tmco],[[[3,3],[1,1],0]],no,no,['MTH'],[388/3],0,0),ev(-570,'C0043210','Woman','Woman',[woman],[popg],[[[4,4],[1,1],0]],no,no,['CHV','MSH','MTH','NCI','NLMSubSyn'],[392/5],0,0),ev(-586,'C0231290','Status post','Status post',[status,post],[tmco],[[[5,6],[1,2],0]],no,no,['MTH','SNOMEDCT_US'],[398/11],0,0),ev(-767,'C0189896','right cardiac catheterisation','Catheterization of right heart',[right,cardiac,catheterisation],[diap],[[[10,10],[1,1],0],[[7,8],[2,3],0]],yes,no,['CHV','MTH','NLMSubSyn','SNOMEDCT_US'],[410/23,438/5],0,0),ev(-586,'C1280173','Femoral artery','Entire femoral artery',[femoral,artery],[bpoc],[[[11,12],[1,2],0]],no,no,['MTH','NLMSubSyn','SNOMEDCT_US'],[444/14],0,0)]),map(-728,[ev(-570,'C0439234',year,year,[year],[tmco],[[[2,2],[1,1],0]],no,no,['MTH','NCI','SNOMEDCT_US'],[383/4],0,0),ev(-570,'C0580836','Old','Old',[old],[tmco],[[[3,3],[1,1],0]],no,no,['MTH'],[388/3],0,0),ev(-570,'C0043210','Woman','Woman',[woman],[popg],[[[4,4],[1,1],0]],no,no,['CHV','MSH','MTH','NCI','NLMSubSyn'],[392/5],0,0),ev(-586,'C0231290','Status post','Status post',[status,post],[tmco],[[[5,6],[1,2],0]],no,no,['MTH','SNOMEDCT_US'],[398/11],0,0),ev(-753,'C0018795','Cardiac Catheterization','Cardiac Catheterization Procedures',[cardiac,catheterization],[diap,topp],[[[7,8],[1,2],0]],yes,no,['CHV','MSH','MTH','NLMSubSyn','SNOMEDCT_US'],[410/23],0,0),ev(-604,'C0226447','Right femoral artery','Structure of right femoral artery',[right,femoral,artery],[bpoc],[[[10,12],[1,3],0]],no,no,['LNC','MTH','SNOMEDCT_US'],[438/20],0,0)]),map(-728,[ev(-570,'C0439234',year,year,[year],[tmco],[[[2,2],[1,1],0]],no,no,['MTH','NCI','SNOMEDCT_US'],[383/4],0,0),ev(-570,'C0580836','Old','Old',[old],[tmco],[[[3,3],[1,1],0]],no,no,['MTH'],[388/3],0,0),ev(-570,'C0043210','Woman','Woman',[woman],[popg],[[[4,4],[1,1],0]],no,no,['CHV','MSH','MTH','NCI','NLMSubSyn'],[392/5],0,0),ev(-586,'C0231290','Status post','Status post',[status,post],[tmco],[[[5,6],[1,2],0]],no,no,['MTH','SNOMEDCT_US'],[398/11],0,0),ev(-753,'C0018795','Cardiac Catheterization','Cardiac Catheterization Procedures',[cardiac,catheterization],[diap,topp],[[[7,8],[1,2],0]],yes,no,['CHV','MSH','MTH','NLMSubSyn','SNOMEDCT_US'],[410/23],0,0),ev(-604,'C1281566','Right femoral artery','Entire right femoral artery',[right,femoral,artery],[bpoc],[[[10,12],[1,3],0]],no,no,['MTH','SNOMEDCT_US'],[438/20],0,0)]),map(-728,[ev(-570,'C0439234',year,year,[year],[tmco],[[[2,2],[1,1],0]],no,no,['MTH','NCI','SNOMEDCT_US'],[383/4],0,0),ev(-570,'C0580836','Old','Old',[old],[tmco],[[[3,3],[1,1],0]],no,no,['MTH'],[388/3],0,0),ev(-570,'C0043210','Woman','Woman',[woman],[popg],[[[4,4],[1,1],0]],no,no,['CHV','MSH','MTH','NCI','NLMSubSyn'],[392/5],0,0),ev(-586,'C0687676','Status Post','Post',[status,post],[tmco],[[[5,6],[1,2],0]],no,no,['MTH','NCI','SNOMEDCT_US'],[398/11],0,0),ev(-767,'C0189896','right cardiac catheterisation','Catheterization of right heart',[right,cardiac,catheterisation],[diap],[[[10,10],[1,1],0],[[7,8],[2,3],0]],yes,no,['CHV','MTH','NLMSubSyn','SNOMEDCT_US'],[410/23,438/5],0,0),ev(-586,'C0015801','Femoral Artery','Structure of femoral artery',[femoral,artery],[bpoc],[[[11,12],[1,2],0]],no,no,['FMA','MSH','MTH','NLMSubSyn','SNMI'],[444/14],0,0)]),map(-728,[ev(-570,'C0439234',year,year,[year],[tmco],[[[2,2],[1,1],0]],no,no,['MTH','NCI','SNOMEDCT_US'],[383/4],0,0),ev(-570,'C0580836','Old','Old',[old],[tmco],[[[3,3],[1,1],0]],no,no,['MTH'],[388/3],0,0),ev(-570,'C0043210','Woman','Woman',[woman],[popg],[[[4,4],[1,1],0]],no,no,['CHV','MSH','MTH','NCI','NLMSubSyn'],[392/5],0,0),ev(-586,'C0687676','Status Post','Post',[status,post],[tmco],[[[5,6],[1,2],0]],no,no,['MTH','NCI','SNOMEDCT_US'],[398/11],0,0),ev(-767,'C0189896','right cardiac catheterisation','Catheterization of right heart',[right,cardiac,catheterisation],[diap],[[[10,10],[1,1],0],[[7,8],[2,3],0]],yes,no,['CHV','MTH','NLMSubSyn','SNOMEDCT_US'],[410/23,438/5],0,0),ev(-586,'C1280173','Femoral artery','Entire femoral artery',[femoral,artery],[bpoc],[[[11,12],[1,2],0]],no,no,['MTH','NLMSubSyn','SNOMEDCT_US'],[444/14],0,0)]),map(-728,[ev(-570,'C0439234',year,year,[year],[tmco],[[[2,2],[1,1],0]],no,no,['MTH','NCI','SNOMEDCT_US'],[383/4],0,0),ev(-570,'C0580836','Old','Old',[old],[tmco],[[[3,3],[1,1],0]],no,no,['MTH'],[388/3],0,0),ev(-570,'C0043210','Woman','Woman',[woman],[popg],[[[4,4],[1,1],0]],no,no,['CHV','MSH','MTH','NCI','NLMSubSyn'],[392/5],0,0),ev(-586,'C0687676','Status Post','Post',[status,post],[tmco],[[[5,6],[1,2],0]],no,no,['MTH','NCI','SNOMEDCT_US'],[398/11],0,0),ev(-753,'C0018795','Cardiac Catheterization','Cardiac Catheterization Procedures',[cardiac,catheterization],[diap,topp],[[[7,8],[1,2],0]],yes,no,['CHV','MSH','MTH','NLMSubSyn','SNOMEDCT_US'],[410/23],0,0),ev(-604,'C0226447','Right femoral artery','Structure of right femoral artery',[right,femoral,artery],[bpoc],[[[10,12],[1,3],0]],no,no,['LNC','MTH','SNOMEDCT_US'],[438/20],0,0)]),map(-728,[ev(-570,'C0439234',year,year,[year],[tmco],[[[2,2],[1,1],0]],no,no,['MTH','NCI','SNOMEDCT_US'],[383/4],0,0),ev(-570,'C0580836','Old','Old',[old],[tmco],[[[3,3],[1,1],0]],no,no,['MTH'],[388/3],0,0),ev(-570,'C0043210','Woman','Woman',[woman],[popg],[[[4,4],[1,1],0]],no,no,['CHV','MSH','MTH','NCI','NLMSubSyn'],[392/5],0,0),ev(-586,'C0687676','Status Post','Post',[status,post],[tmco],[[[5,6],[1,2],0]],no,no,['MTH','NCI','SNOMEDCT_US'],[398/11],0,0),ev(-753,'C0018795','Cardiac Catheterization','Cardiac Catheterization Procedures',[cardiac,catheterization],[diap,topp],[[[7,8],[1,2],0]],yes,no,['CHV','MSH','MTH','NLMSubSyn','SNOMEDCT_US'],[410/23],0,0),ev(-604,'C1281566','Right femoral artery','Entire right femoral artery',[right,femoral,artery],[bpoc],[[[10,12],[1,3],0]],no,no,['MTH','SNOMEDCT_US'],[438/20],0,0)]),map(-728,[ev(-570,'C0439508','/year','per year',[year],[tmco],[[[2,2],[1,1],0]],no,no,['CHV','MTH','NCI','SNOMEDCT_US'],[383/4],0,0),ev(-570,'C0580836','Old','Old',[old],[tmco],[[[3,3],[1,1],0]],no,no,['MTH'],[388/3],0,0),ev(-570,'C0043210','Woman','Woman',[woman],[popg],[[[4,4],[1,1],0]],no,no,['CHV','MSH','MTH','NCI','NLMSubSyn'],[392/5],0,0),ev(-586,'C0231290','Status post','Status post',[status,post],[tmco],[[[5,6],[1,2],0]],no,no,['MTH','SNOMEDCT_US'],[398/11],0,0),ev(-767,'C0189896','right cardiac catheterisation','Catheterization of right heart',[right,cardiac,catheterisation],[diap],[[[10,10],[1,1],0],[[7,8],[2,3],0]],yes,no,['CHV','MTH','NLMSubSyn','SNOMEDCT_US'],[410/23,438/5],0,0),ev(-586,'C0015801','Femoral Artery','Structure of femoral artery',[femoral,artery],[bpoc],[[[11,12],[1,2],0]],no,no,['FMA','MSH','MTH','NLMSubSyn','SNMI'],[444/14],0,0)]),map(-728,[ev(-570,'C0439508','/year','per year',[year],[tmco],[[[2,2],[1,1],0]],no,no,['CHV','MTH','NCI','SNOMEDCT_US'],[383/4],0,0),ev(-570,'C0580836','Old','Old',[old],[tmco],[[[3,3],[1,1],0]],no,no,['MTH'],[388/3],0,0),ev(-570,'C0043210','Woman','Woman',[woman],[popg],[[[4,4],[1,1],0]],no,no,['CHV','MSH','MTH','NCI','NLMSubSyn'],[392/5],0,0),ev(-586,'C0231290','Status post','Status post',[status,post],[tmco],[[[5,6],[1,2],0]],no,no,['MTH','SNOMEDCT_US'],[398/11],0,0),ev(-767,'C0189896','right cardiac catheterisation','Catheterization of right heart',[right,cardiac,catheterisation],[diap],[[[10,10],[1,1],0],[[7,8],[2,3],0]],yes,no,['CHV','MTH','NLMSubSyn','SNOMEDCT_US'],[410/23,438/5],0,0),ev(-586,'C1280173','Femoral artery','Entire femoral artery',[femoral,artery],[bpoc],[[[11,12],[1,2],0]],no,no,['MTH','NLMSubSyn','SNOMEDCT_US'],[444/14],0,0)]),map(-728,[ev(-570,'C0439508','/year','per year',[year],[tmco],[[[2,2],[1,1],0]],no,no,['CHV','MTH','NCI','SNOMEDCT_US'],[383/4],0,0),ev(-570,'C0580836','Old','Old',[old],[tmco],[[[3,3],[1,1],0]],no,no,['MTH'],[388/3],0,0),ev(-570,'C0043210','Woman','Woman',[woman],[popg],[[[4,4],[1,1],0]],no,no,['CHV','MSH','MTH','NCI','NLMSubSyn'],[392/5],0,0),ev(-586,'C0231290','Status post','Status post',[status,post],[tmco],[[[5,6],[1,2],0]],no,no,['MTH','SNOMEDCT_US'],[398/11],0,0),ev(-753,'C0018795','Cardiac Catheterization','Cardiac Catheterization Procedures',[cardiac,catheterization],[diap,topp],[[[7,8],[1,2],0]],yes,no,['CHV','MSH','MTH','NLMSubSyn','SNOMEDCT_US'],[410/23],0,0),ev(-604,'C0226447','Right femoral artery','Structure of right femoral artery',[right,femoral,artery],[bpoc],[[[10,12],[1,3],0]],no,no,['LNC','MTH','SNOMEDCT_US'],[438/20],0,0)]),map(-728,[ev(-570,'C0439508','/year','per year',[year],[tmco],[[[2,2],[1,1],0]],no,no,['CHV','MTH','NCI','SNOMEDCT_US'],[383/4],0,0),ev(-570,'C0580836','Old','Old',[old],[tmco],[[[3,3],[1,1],0]],no,no,['MTH'],[388/3],0,0),ev(-570,'C0043210','Woman','Woman',[woman],[popg],[[[4,4],[1,1],0]],no,no,['CHV','MSH','MTH','NCI','NLMSubSyn'],[392/5],0,0),ev(-586,'C0231290','Status post','Status post',[status,post],[tmco],[[[5,6],[1,2],0]],no,no,['MTH','SNOMEDCT_US'],[398/11],0,0),ev(-753,'C0018795','Cardiac Catheterization','Cardiac Catheterization Procedures',[cardiac,catheterization],[diap,topp],[[[7,8],[1,2],0]],yes,no,['CHV','MSH','MTH','NLMSubSyn','SNOMEDCT_US'],[410/23],0,0),ev(-604,'C1281566','Right femoral artery','Entire right femoral artery',[right,femoral,artery],[bpoc],[[[10,12],[1,3],0]],no,no,['MTH','SNOMEDCT_US'],[438/20],0,0)]),map(-728,[ev(-570,'C0439508','/year','per year',[year],[tmco],[[[2,2],[1,1],0]],no,no,['CHV','MTH','NCI','SNOMEDCT_US'],[383/4],0,0),ev(-570,'C0580836','Old','Old',[old],[tmco],[[[3,3],[1,1],0]],no,no,['MTH'],[388/3],0,0),ev(-570,'C0043210','Woman','Woman',[woman],[popg],[[[4,4],[1,1],0]],no,no,['CHV','MSH','MTH','NCI','NLMSubSyn'],[392/5],0,0),ev(-586,'C0687676','Status Post','Post',[status,post],[tmco],[[[5,6],[1,2],0]],no,no,['MTH','NCI','SNOMEDCT_US'],[398/11],0,0),ev(-767,'C0189896','right cardiac catheterisation','Catheterization of right heart',[right,cardiac,catheterisation],[diap],[[[10,10],[1,1],0],[[7,8],[2,3],0]],yes,no,['CHV','MTH','NLMSubSyn','SNOMEDCT_US'],[410/23,438/5],0,0),ev(-586,'C0015801','Femoral Artery','Structure of femoral artery',[femoral,artery],[bpoc],[[[11,12],[1,2],0]],no,no,['FMA','MSH','MTH','NLMSubSyn','SNMI'],[444/14],0,0)]),map(-728,[ev(-570,'C0439508','/year','per year',[year],[tmco],[[[2,2],[1,1],0]],no,no,['CHV','MTH','NCI','SNOMEDCT_US'],[383/4],0,0),ev(-570,'C0580836','Old','Old',[old],[tmco],[[[3,3],[1,1],0]],no,no,['MTH'],[388/3],0,0),ev(-570,'C0043210','Woman','Woman',[woman],[popg],[[[4,4],[1,1],0]],no,no,['CHV','MSH','MTH','NCI','NLMSubSyn'],[392/5],0,0),ev(-586,'C0687676','Status Post','Post',[status,post],[tmco],[[[5,6],[1,2],0]],no,no,['MTH','NCI','SNOMEDCT_US'],[398/11],0,0),ev(-767,'C0189896','right cardiac catheterisation','Catheterization of right heart',[right,cardiac,catheterisation],[diap],[[[10,10],[1,1],0],[[7,8],[2,3],0]],yes,no,['CHV','MTH','NLMSubSyn','SNOMEDCT_US'],[410/23,438/5],0,0),ev(-586,'C1280173','Femoral artery','Entire femoral artery',[femoral,artery],[bpoc],[[[11,12],[1,2],0]],no,no,['MTH','NLMSubSyn','SNOMEDCT_US'],[444/14],0,0)]),map(-728,[ev(-570,'C0439508','/year','per year',[year],[tmco],[[[2,2],[1,1],0]],no,no,['CHV','MTH','NCI','SNOMEDCT_US'],[383/4],0,0),ev(-570,'C0580836','Old','Old',[old],[tmco],[[[3,3],[1,1],0]],no,no,['MTH'],[388/3],0,0),ev(-570,'C0043210','Woman','Woman',[woman],[popg],[[[4,4],[1,1],0]],no,no,['CHV','MSH','MTH','NCI','NLMSubSyn'],[392/5],0,0),ev(-586,'C0687676','Status Post','Post',[status,post],[tmco],[[[5,6],[1,2],0]],no,no,['MTH','NCI','SNOMEDCT_US'],[398/11],0,0),ev(-753,'C0018795','Cardiac Catheterization','Cardiac Catheterization Procedures',[cardiac,catheterization],[diap,topp],[[[7,8],[1,2],0]],yes,no,['CHV','MSH','MTH','NLMSubSyn','SNOMEDCT_US'],[410/23],0,0),ev(-604,'C0226447','Right femoral artery','Structure of right femoral artery',[right,femoral,artery],[bpoc],[[[10,12],[1,3],0]],no,no,['LNC','MTH','SNOMEDCT_US'],[438/20],0,0)]),map(-728,[ev(-570,'C0439508','/year','per year',[year],[tmco],[[[2,2],[1,1],0]],no,no,['CHV','MTH','NCI','SNOMEDCT_US'],[383/4],0,0),ev(-570,'C0580836','Old','Old',[old],[tmco],[[[3,3],[1,1],0]],no,no,['MTH'],[388/3],0,0),ev(-570,'C0043210','Woman','Woman',[woman],[popg],[[[4,4],[1,1],0]],no,no,['CHV','MSH','MTH','NCI','NLMSubSyn'],[392/5],0,0),ev(-586,'C0687676','Status Post','Post',[status,post],[tmco],[[[5,6],[1,2],0]],no,no,['MTH','NCI','SNOMEDCT_US'],[398/11],0,0),ev(-753,'C0018795','Cardiac Catheterization','Cardiac Catheterization Procedures',[cardiac,catheterization],[diap,topp],[[[7,8],[1,2],0]],yes,no,['CHV','MSH','MTH','NLMSubSyn','SNOMEDCT_US'],[410/23],0,0),ev(-604,'C1281566','Right femoral artery','Entire right femoral artery',[right,femoral,artery],[bpoc],[[[10,12],[1,3],0]],no,no,['MTH','SNOMEDCT_US'],[438/20],0,0)])]).
phrase('now with a cool,',[adv([lexmatch([now]),inputmatch([now]),tag(adv),tokens([now])]),prep([lexmatch([with]),inputmatch([with]),tag(prep),tokens([with])]),det([lexmatch([a]),inputmatch([a]),tag(det),tokens([a])]),mod([lexmatch([cool]),inputmatch([cool]),tag(noun),tokens([cool])]),punc([inputmatch([',']),tokens([])])],460/16,[]).
candidates(2,0,0,2,[]).
mappings([map(-708,[ev(-770,'C1948052','Now','Now (temporal qualifier)',[now],[tmco],[[[1,1],[1,1],0]],yes,no,['MTH','NCI'],[460/3],0,0),ev(-770,'C1548792','Cool','Cool',[cool],[qlco],[[[4,4],[1,1],0]],yes,no,['HL7V2.5'],[471/4],0,0)])]).
phrase('pulseless right foot',[mod([lexmatch([pulseless]),inputmatch([pulseless]),tag(adj),tokens([pulseless])]),head([lexmatch(['right foot']),inputmatch([right,foot]),tag(noun),tokens([right,foot])])],477/20,[]).
candidates(10,0,0,10,[]).
mappings([map(-901,[ev(-660,'C0277899','Pulseless','Absent pulse',[pulseless],[fndg],[[[1,1],[1,1],0]],no,no,['DXP','SNOMEDCT_US'],[477/9],0,0),ev(-901,'C0230460','Right foot','Structure of right foot',[right,foot],[bpoc],[[[2,3],[1,2],0]],yes,no,['LNC','MTH','SNOMEDCT_US'],[487/10],0,0)]),map(-901,[ev(-660,'C0277899','Pulseless','Absent pulse',[pulseless],[fndg],[[[1,1],[1,1],0]],no,no,['DXP','SNOMEDCT_US'],[477/9],0,0),ev(-901,'C1279998','Right foot','Entire right foot',[right,foot],[bpoc],[[[2,3],[1,2],0]],yes,no,['MTH','SNOMEDCT_US'],[487/10],0,0)])]).
phrase(and,[conj([lexmatch([and]),inputmatch([and]),tag(conj),tokens([and])])],498/3,[]).
candidates(0,0,0,0,[]).
mappings([]).
phrase('right femoral bruit.',[mod([lexmatch([right]),inputmatch([right]),tag(adj),tokens([right])]),mod([lexmatch([femoral]),inputmatch([femoral]),tag(adj),tokens([femoral])]),head([lexmatch([bruit]),inputmatch([bruit]),tag(noun),tokens([bruit])]),punc([inputmatch(['.']),tokens([])])],502/20,[]).
candidates(4,0,0,4,[]).
mappings([map(-901,[ev(-660,'C0205090','Right','Right',[right],[spco],[[[1,1],[1,1],0]],no,no,['CHV','LNC','MTH','SNOMEDCT_US'],[502/5],0,0),ev(-901,'C0558799','Femoral bruit','Femoral bruit present',[femoral,bruit],[fndg],[[[2,2],[1,1],0],[[3,3],[2,2],0]],yes,no,['CHV','SNOMEDCT_US'],[508/13],0,0)])]).
'EOU'.
'EOT'.
