args('metamap14.BINARY.Darwin --lexicon db -Z 2014AA -qE -Q 4 ../../TREC-CDS/2014-original/11.txt ../../TREC-CDS/results/11.txt.out',[lexicon-db,mm_data_year-'2014AA',machine_output-[],indicate_citation_end-[],composite_phrases-4,infile-'../../TREC-CDS/2014-original/11.txt',outfile-'../../TREC-CDS/results/11.txt.out']).
aas([]).
neg_list([negation(nega,'with no',[26/7],['C0564821':'Pain in right arm'],[92/7,104/9]),negation(nega,'with no',[26/7],['C0455458':'Past medical history','C0262926':'Past Medical History'],[34/20]),negation(nega,denies,[166/6],['C1510467':trauma,'C0043250':trauma,'C3263723':'Trauma','C0043251':'Trauma'],[173/6]),negation(nega,no,[357/2],['C0332572':'Discoloration'],[360/13]),negation(nega,no,[468/2],['C1510467':trauma,'C0043250':trauma,'C3263723':'Trauma','C0043251':'Trauma'],[482/6])]).
utterance('00000000.tx.1',"test. ",0/6,[5]).
phrase('test.',[head([lexmatch([test]),inputmatch([test]),tag(noun),tokens([test])]),punc([inputmatch(['.']),tokens([])])],0/5,[]).
candidates(3,0,0,3,[]).
mappings([map(-1000,[ev(-1000,'C0022885','Test','Laboratory Procedures',[test],[lbpr],[[[1,1],[1,1],0]],yes,no,['CHV','MEDLINEPLUS','MTH','NCI','NLMSubSyn','SNM','SNMI','SNOMEDCT_US'],[0/4],0,0)]),map(-1000,[ev(-1000,'C0039593','Test','Testing',[test],[ftcn],[[[1,1],[1,1],0]],yes,no,['CHV','MTH','NCI','NLMSubSyn'],[0/4],0,0)]),map(-1000,[ev(-1000,'C0392366',test,'Tests (qualifier value)',[test],[inpr],[[[1,1],[1,1],0]],yes,no,['CHV','SNOMEDCT_US'],[0/4],0,0)])]).
'EOU'.
utterance('00000000.tx.2',"A 40-year-old woman with no past medical history presents to the ER with excruciating pain in her right arm that had started 1 hour prior to her admission. ",6/156,[]).
phrase('A 40-year-old woman with no past medical history',[det([lexmatch([a]),inputmatch(['A']),tag(det),tokens([a])]),shapes([inputmatch(['40']),features([integer]),tokens(['40'])]),punc([inputmatch([-]),tokens([])]),mod([lexmatch([year]),inputmatch([year]),tag(noun),tokens([year])]),punc([inputmatch([-]),tokens([])]),mod([lexmatch([old]),inputmatch([old]),tag(noun),tokens([old])]),head([lexmatch([woman]),inputmatch([woman]),tag(noun),tokens([woman])]),prep([lexmatch([with]),inputmatch([with]),tag(prep),tokens([with])]),det([lexmatch([no]),inputmatch([no]),tag(det),tokens([no])]),mod([lexmatch([past]),inputmatch([past]),tag(adj),tokens([past])]),mod([lexmatch(['medical history']),inputmatch([medical,history]),tag(noun),tokens([medical,history])])],6/48,[]).
candidates(20,2,0,18,[]).
mappings([map(-703,[ev(-573,'C0439509','/40','/40',['40'],[tmco],[[[2,2],[1,1],0]],no,no,['SNOMEDCT_US'],[8/2],0,0),ev(-573,'C0439234',year,year,[year],[tmco],[[[3,3],[1,1],0]],no,no,['MTH','NCI','SNOMEDCT_US'],[11/4],0,0),ev(-573,'C0580836','Old','Old',[old],[tmco],[[[4,4],[1,1],0]],no,no,['MTH'],[16/3],0,0),ev(-739,'C0043210','Woman','Woman',[woman],[popg],[[[5,5],[1,1],0]],yes,no,['CHV','MSH','MTH','NCI','NLMSubSyn'],[20/5],0,0),ev(-615,'C0262926','Past Medical History','Medical History',[past,medical,history],[fndg],[[[8,8],[1,1],0],[[9,10],[2,3],0]],no,no,['LNC','MTH','NCI','NLMSubSyn','SNOMEDCT_US'],[34/20],0,1)]),map(-703,[ev(-573,'C0439509','/40','/40',['40'],[tmco],[[[2,2],[1,1],0]],no,no,['SNOMEDCT_US'],[8/2],0,0),ev(-573,'C0439234',year,year,[year],[tmco],[[[3,3],[1,1],0]],no,no,['MTH','NCI','SNOMEDCT_US'],[11/4],0,0),ev(-573,'C0580836','Old','Old',[old],[tmco],[[[4,4],[1,1],0]],no,no,['MTH'],[16/3],0,0),ev(-739,'C0043210','Woman','Woman',[woman],[popg],[[[5,5],[1,1],0]],yes,no,['CHV','MSH','MTH','NCI','NLMSubSyn'],[20/5],0,0),ev(-615,'C0455458','Past medical history','PMH - past medical history',[past,medical,history],[fndg],[[[8,8],[1,1],0],[[9,10],[2,3],0]],no,no,['CHV','MTH','NLMSubSyn','SNOMEDCT_US'],[34/20],0,1)]),map(-703,[ev(-573,'C0439509','/40','/40',['40'],[tmco],[[[2,2],[1,1],0]],no,no,['SNOMEDCT_US'],[8/2],0,0),ev(-573,'C0439508','/year','per year',[year],[tmco],[[[3,3],[1,1],0]],no,no,['CHV','MTH','NCI','SNOMEDCT_US'],[11/4],0,0),ev(-573,'C0580836','Old','Old',[old],[tmco],[[[4,4],[1,1],0]],no,no,['MTH'],[16/3],0,0),ev(-739,'C0043210','Woman','Woman',[woman],[popg],[[[5,5],[1,1],0]],yes,no,['CHV','MSH','MTH','NCI','NLMSubSyn'],[20/5],0,0),ev(-615,'C0262926','Past Medical History','Medical History',[past,medical,history],[fndg],[[[8,8],[1,1],0],[[9,10],[2,3],0]],no,no,['LNC','MTH','NCI','NLMSubSyn','SNOMEDCT_US'],[34/20],0,1)]),map(-703,[ev(-573,'C0439509','/40','/40',['40'],[tmco],[[[2,2],[1,1],0]],no,no,['SNOMEDCT_US'],[8/2],0,0),ev(-573,'C0439508','/year','per year',[year],[tmco],[[[3,3],[1,1],0]],no,no,['CHV','MTH','NCI','SNOMEDCT_US'],[11/4],0,0),ev(-573,'C0580836','Old','Old',[old],[tmco],[[[4,4],[1,1],0]],no,no,['MTH'],[16/3],0,0),ev(-739,'C0043210','Woman','Woman',[woman],[popg],[[[5,5],[1,1],0]],yes,no,['CHV','MSH','MTH','NCI','NLMSubSyn'],[20/5],0,0),ev(-615,'C0455458','Past medical history','PMH - past medical history',[past,medical,history],[fndg],[[[8,8],[1,1],0],[[9,10],[2,3],0]],no,no,['CHV','MTH','NLMSubSyn','SNOMEDCT_US'],[34/20],0,1)])]).
phrase('presents to the ER',[verb([lexmatch([presents]),inputmatch([presents]),tag(verb),tokens([presents])]),prep([lexmatch([to]),inputmatch([to]),tag(prep),tokens([to])]),det([lexmatch([the]),inputmatch([the]),tag(det),tokens([the])]),mod([lexmatch([er]),inputmatch(['ER']),tag(noun),tokens([er])])],55/18,[]).
candidates(2,0,0,2,[]).
mappings([map(-770,[ev(-770,'C0150312','Present','Present',[present],[qnco],[[[1,1],[1,1],0]],yes,no,['CHV','MTH','NCI'],[55/8],0,0)]),map(-770,[ev(-770,'C0449450','Present','Presentation',[present],[idcn],[[[1,1],[1,1],0]],yes,no,['CHV','MTH','NCI'],[55/8],0,0)])]).
phrase('with excruciating pain in her right arm',[prep([lexmatch([with]),inputmatch([with]),tag(prep),tokens([with])]),mod([lexmatch([excruciating]),inputmatch([excruciating]),tag(adj),tokens([excruciating])]),head([lexmatch([pain]),inputmatch([pain]),tag(noun),tokens([pain])]),prep([lexmatch([in]),inputmatch([in]),tag(prep),tokens([in])]),pron([lexmatch([her]),inputmatch([her]),tag(pron),tokens([her])]),mod([lexmatch(['right arm']),inputmatch([right,arm]),tag(noun),tokens([right,arm])])],74/39,[]).
candidates(18,3,0,15,[]).
mappings([map(-790,[ev(-581,'C0332287','With','In addition to',[with],[qlco],[[[1,1],[1,1],0]],no,no,['MTH','NCI','SNOMEDCT_US'],[74/4],0,0),ev(-835,'C0564821','Pain in right arm','Pain in right arm',[pain,in,right,arm],[sosy],[[[3,3],[1,1],0],[[4,4],[2,2],0],[[6,7],[3,4],0]],yes,no,['CHV','ICD10CM','MTH','NLMSubSyn'],[92/7,104/9],0,1)]),map(-790,[ev(-581,'C1705690','With','With - dosing instruction fragment',[with],[inpr],[[[1,1],[1,1],0]],no,no,['MTH','SNOMEDCT_US'],[74/4],0,0),ev(-835,'C0564821','Pain in right arm','Pain in right arm',[pain,in,right,arm],[sosy],[[[3,3],[1,1],0],[[4,4],[2,2],0],[[6,7],[3,4],0]],yes,no,['CHV','ICD10CM','MTH','NLMSubSyn'],[92/7,104/9],0,1)])]).
phrase(that,[pron([lexmatch([that]),inputmatch([that]),tag(pron),tokens([that])])],114/4,[]).
candidates(0,0,0,0,[]).
mappings([]).
phrase(had,[aux([lexmatch([had]),inputmatch([had]),tag(aux),tokens([had])])],119/3,[]).
candidates(0,0,0,0,[]).
mappings([]).
phrase(started,[verb([lexmatch([started]),inputmatch([started]),tag(verb),tokens([started])])],123/7,[]).
candidates(2,1,0,1,[]).
mappings([map(-1000,[ev(-1000,'C1272689','Started','Started',[started],[qlco],[[[1,1],[1,1],0]],yes,no,['MTH'],[123/7],0,0)])]).
phrase('1 hour prior to her admission.',[shapes([inputmatch(['1']),features([integer]),tokens(['1'])]),head([lexmatch([hour]),inputmatch([hour]),tag(noun),tokens([hour])]),prep([lexmatch(['prior to']),inputmatch([prior,to]),tag(prep),tokens([prior,to])]),pron([lexmatch([her]),inputmatch([her]),tag(pron),tokens([her])]),mod([lexmatch([admission]),inputmatch([admission]),tag(noun),tokens([admission])]),punc([inputmatch(['.']),tokens([])])],131/30,[]).
candidates(10,0,0,10,[]).
mappings([map(-771,[ev(-790,'C1442450','1 Hour','1 Hour',['1',hour],[tmco],[[[1,1],[1,1],0],[[2,2],[2,2],0]],yes,no,['LNC','MTH'],[131/6],0,0),ev(-623,'C0332152','Prior to','Before',[prior,to],[tmco],[[[3,4],[1,2],0]],no,no,['CHV','MTH','NCI','NLMSubSyn','SNOMEDCT_US'],[138/8],0,0),ev(-586,'C0184666',admission,'Hospital admission',[admission],[hlca],[[[6,6],[1,1],0]],no,no,['CHV','MTH','SNMI','SNOMEDCT_US'],[151/9],0,0)]),map(-771,[ev(-790,'C1442450','1 Hour','1 Hour',['1',hour],[tmco],[[[1,1],[1,1],0],[[2,2],[2,2],0]],yes,no,['LNC','MTH'],[131/6],0,0),ev(-623,'C0332152','Prior to','Before',[prior,to],[tmco],[[[3,4],[1,2],0]],no,no,['CHV','MTH','NCI','NLMSubSyn','SNOMEDCT_US'],[138/8],0,0),ev(-586,'C0809949','Admission','Admission activity',[admission],[hlca],[[[6,6],[1,1],0]],no,no,['MTH','NCI'],[151/9],0,0)])]).
'EOU'.
utterance('00000000.tx.3',"She denies trauma. ",162/19,[]).
phrase('She',[pron([lexmatch([she]),inputmatch(['She']),tag(pron),tokens([she])])],162/3,[]).
candidates(0,0,0,0,[]).
mappings([]).
phrase(denies,[verb([lexmatch([denies]),inputmatch([denies]),tag(verb),tokens([denies])])],166/6,[]).
candidates(1,0,0,1,[]).
mappings([map(-1000,[ev(-1000,'C2700401','Deny','Deny (action)',[deny],[acty],[[[1,1],[1,1],0]],yes,no,['MTH','NCI'],[166/6],0,0)])]).
phrase('trauma.',[head([lexmatch([trauma]),inputmatch([trauma]),tag(noun),tokens([trauma])]),punc([inputmatch(['.']),tokens([])])],173/7,[]).
candidates(4,0,0,4,[]).
mappings([map(-1000,[ev(-1000,'C0043250',trauma,'Injury wounds',[trauma],[inpo],[[[1,1],[1,1],0]],yes,no,['CHV','MSH','MTH','NCI','NLMSubSyn','SNOMEDCT_US'],[173/6],0,1)]),map(-1000,[ev(-1000,'C0043251','Trauma','Wounds and Injuries',[trauma],[inpo],[[[1,1],[1,1],0]],yes,no,['AOD','CHV','MSH','NLMSubSyn'],[173/6],0,1)]),map(-1000,[ev(-1000,'C1510467',trauma,'trauma qualifier',[trauma],[inpo],[[[1,1],[1,1],0]],yes,no,['MSH','MTH'],[173/6],0,1)]),map(-1000,[ev(-1000,'C3263723','Trauma','Traumatic injury',[trauma],[inpo],[[[1,1],[1,1],0]],yes,no,['CHV','ICD10CM','MEDLINEPLUS','MSH','MTH','NLMSubSyn','SNOMEDCT_US'],[173/6],0,1)])]).
'EOU'.
utterance('00000000.tx.4',"On examination she is pale and in moderate discomfort, as well as tachypneic and tachycardic. ",181/94,[]).
phrase('On examination',[prep([lexmatch([on]),inputmatch(['On']),tag(prep),tokens([on])]),head([lexmatch([examination]),inputmatch([examination]),tag(noun),tokens([examination])])],181/14,[]).
candidates(0,0,0,0,[]).
mappings([]).
phrase(she,[pron([lexmatch([she]),inputmatch([she]),tag(pron),tokens([she])])],196/3,[]).
candidates(0,0,0,0,[]).
mappings([]).
phrase(is,[aux([lexmatch([is]),inputmatch([is]),tag(aux),tokens([is])])],200/2,[]).
candidates(0,0,0,0,[]).
mappings([]).
phrase(pale,[head([lexmatch([pale]),inputmatch([pale]),tag(adj),tokens([pale])])],203/4,[]).
candidates(3,0,0,3,[]).
mappings([map(-1000,[ev(-1000,'C0030232','Pale','Pallor',[pale],[sosy],[[[1,1],[1,1],0]],yes,no,['CHV','MSH','MTH','NCI','SNMI','SNOMEDCT_US','SNOMEDCT_VET'],[203/4],0,0)]),map(-1000,[ev(-1000,'C0554991',pale,'Pale color',[pale],[qlco],[[[1,1],[1,1],0]],yes,no,['CHV','MTH','SNOMEDCT_US'],[203/4],0,0)]),map(-1000,[ev(-1000,'C1971630','Pale','Pale color saturation',[pale],[qlco],[[[1,1],[1,1],0]],yes,no,['MTH','SNOMEDCT_US'],[203/4],0,0)])]).
phrase('and in moderate discomfort,',[conj([lexmatch([and]),inputmatch([and]),tag(conj),tokens([and])]),prep([lexmatch([in]),inputmatch([in]),tag(prep),tokens([in])]),mod([lexmatch([moderate]),inputmatch([moderate]),tag(adj),tokens([moderate])]),mod([lexmatch([discomfort]),inputmatch([discomfort]),tag(noun),tokens([discomfort])]),punc([inputmatch([',']),tokens([])])],208/27,[]).
candidates(5,0,0,5,[]).
mappings([map(-733,[ev(-770,'C1515981','And','And',[and],[idcn],[[[1,1],[1,1],0]],yes,no,['MTH'],[208/3],0,0),ev(-770,'C0205081','Moderate','Moderate (severity modifier)',[moderate],[qlco],[[[3,3],[1,1],0]],yes,no,['SNOMEDCT_US'],[215/8],0,0),ev(-770,'C0231218','DISCOMFORT','Malaise',[discomfort],[sosy],[[[4,4],[1,1],0]],yes,no,['CHV','CST','MTH','NLMSubSyn','SNOMEDCT_US'],[224/10],0,0)]),map(-733,[ev(-770,'C1515981','And','And',[and],[idcn],[[[1,1],[1,1],0]],yes,no,['MTH'],[208/3],0,0),ev(-770,'C0205081','Moderate','Moderate (severity modifier)',[moderate],[qlco],[[[3,3],[1,1],0]],yes,no,['SNOMEDCT_US'],[215/8],0,0),ev(-770,'C0234215','Discomfort','Sensory Discomfort',[discomfort],[sosy],[[[4,4],[1,1],0]],yes,no,['CHV','MTH','NLMSubSyn','SNOMEDCT_US'],[224/10],0,0)]),map(-733,[ev(-770,'C1515981','And','And',[and],[idcn],[[[1,1],[1,1],0]],yes,no,['MTH'],[208/3],0,0),ev(-770,'C1881878','Moderate','Moderation',[moderate],[qlco],[[[3,3],[1,1],0]],yes,no,['MTH','NCI'],[215/8],0,0),ev(-770,'C0231218','DISCOMFORT','Malaise',[discomfort],[sosy],[[[4,4],[1,1],0]],yes,no,['CHV','CST','MTH','NLMSubSyn','SNOMEDCT_US'],[224/10],0,0)]),map(-733,[ev(-770,'C1515981','And','And',[and],[idcn],[[[1,1],[1,1],0]],yes,no,['MTH'],[208/3],0,0),ev(-770,'C1881878','Moderate','Moderation',[moderate],[qlco],[[[3,3],[1,1],0]],yes,no,['MTH','NCI'],[215/8],0,0),ev(-770,'C0234215','Discomfort','Sensory Discomfort',[discomfort],[sosy],[[[4,4],[1,1],0]],yes,no,['CHV','MTH','NLMSubSyn','SNOMEDCT_US'],[224/10],0,0)])]).
phrase('as well as',[conj([lexmatch(['as well as']),inputmatch([as,well,as]),tag(conj),tokens([as,well,as])])],236/10,[]).
candidates(0,0,0,0,[]).
mappings([]).
phrase(tachypneic,[head([lexmatch([tachypneic]),inputmatch([tachypneic]),tag(adj),tokens([tachypneic])])],247/10,[]).
candidates(1,0,0,1,[]).
mappings([map(-1000,[ev(-1000,'C0231835','Tachypneic','Tachypnea',[tachypneic],[sosy],[[[1,1],[1,1],0]],yes,no,['CHV','CST','DXP','MSH','NLMSubSyn','SNOMEDCT_US','SNOMEDCT_VET'],[247/10],0,0)])]).
phrase(and,[conj([lexmatch([and]),inputmatch([and]),tag(conj),tokens([and])])],258/3,[]).
candidates(0,0,0,0,[]).
mappings([]).
phrase('tachycardic.',[head([lexmatch([tachycardic]),inputmatch([tachycardic]),tag(adj),tokens([tachycardic])]),punc([inputmatch(['.']),tokens([])])],262/12,[]).
candidates(1,0,0,1,[]).
mappings([map(-928,[ev(-928,'C0039231','Tachycardia','Tachycardia',[tachycardia],[fndg],[[[1,1],[1,1],3]],yes,no,['CHV','CST','DXP','ICD10CM','MSH','MTH','NCI','NLMSubSyn','SNMI','SNOMEDCT_US'],[262/11],0,0)])]).
'EOU'.
utterance('00000000.tx.5',"Her body temperature is normal and her blood pressure is 80/60. ",275/64,[]).
phrase('Her body temperature',[pron([lexmatch([her]),inputmatch(['Her']),tag(pron),tokens([her])]),head([lexmatch(['body temperature']),inputmatch([body,temperature]),tag(noun),tokens([body,temperature])])],275/20,[]).
candidates(7,1,0,6,[]).
mappings([map(-1000,[ev(-1000,'C0005903','Body Temperature','Body Temperature',[body,temperature],[orga],[[[1,2],[1,2],0]],yes,no,['CHV','MSH','MTH','SNOMEDCT_US'],[279/16],0,0)])]).
phrase(is,[aux([lexmatch([is]),inputmatch([is]),tag(aux),tokens([is])])],296/2,[]).
candidates(0,0,0,0,[]).
mappings([]).
phrase(normal,[head([lexmatch([normal]),inputmatch([normal]),tag(adj),tokens([normal])])],299/6,[]).
candidates(3,0,0,3,[]).
mappings([map(-1000,[ev(-1000,'C0205307','Normal','Normal',[normal],[qlco],[[[1,1],[1,1],0]],yes,no,['MTH','SNOMEDCT_US'],[299/6],0,0)]),map(-1000,[ev(-1000,'C0439166','% normal','Percent normal',[normal],[qnco],[[[1,1],[1,1],0]],yes,no,['CHV','MTH','SNOMEDCT_US'],[299/6],0,0)]),map(-1000,[ev(-1000,'C2347086','% Normal','Mean Percent of Normal',[normal],[qnco],[[[1,1],[1,1],0]],yes,no,['MTH','NCI'],[299/6],0,0)])]).
phrase(and,[conj([lexmatch([and]),inputmatch([and]),tag(conj),tokens([and])])],306/3,[]).
candidates(0,0,0,0,[]).
mappings([]).
phrase('her blood pressure',[pron([lexmatch([her]),inputmatch([her]),tag(pron),tokens([her])]),head([lexmatch(['blood pressure']),inputmatch([blood,pressure]),tag(noun),tokens([blood,pressure])])],310/18,[]).
candidates(16,7,0,9,[]).
mappings([map(-1000,[ev(-1000,'C0005823','Blood Pressure','Blood Pressure',[blood,pressure],[orgf],[[[1,2],[1,2],0]],yes,no,['MTH','NLMSubSyn','SNOMEDCT_US'],[314/14],0,0)]),map(-1000,[ev(-1000,'C1271104','Blood Pressure','Blood pressure finding',[blood,pressure],[fndg],[[[1,2],[1,2],0]],yes,no,['MTH','NCI','NLMSubSyn'],[314/14],0,0)]),map(-1000,[ev(-1000,'C1272641','Blood pressure','Systemic arterial pressure',[blood,pressure],[fndg],[[[1,2],[1,2],0]],yes,no,['CHV','MSH','MTH','NLMSubSyn','SNOMEDCT_US'],[314/14],0,0)])]).
phrase(is,[aux([lexmatch([is]),inputmatch([is]),tag(aux),tokens([is])])],329/2,[]).
candidates(0,0,0,0,[]).
mappings([]).
phrase('80/60.',[shapes([inputmatch(['80',/,'60']),features([fraction]),tokens(['80','60'])]),punc([inputmatch(['.']),tokens([])])],332/6,[]).
candidates(0,0,0,0,[]).
mappings([]).
'EOU'.
utterance('00000000.tx.6',"Her right arm has no discoloration or movement limitation. ",339/59,[397]).
phrase('Her right arm',[pron([lexmatch([her]),inputmatch(['Her']),tag(pron),tokens([her])]),head([lexmatch(['right arm']),inputmatch([right,arm]),tag(noun),tokens([right,arm])])],339/13,[]).
candidates(9,3,0,6,[]).
mappings([map(-1000,[ev(-1000,'C0230346','Right arm','Right upper arm structure',[right,arm],[bpoc],[[[1,2],[1,2],0]],yes,no,['FMA','LNC','MTH','NLMSubSyn','SNOMEDCT_US'],[343/9],0,0)]),map(-1000,[ev(-1000,'C1268255','Right arm','Entire right upper arm',[right,arm],[bpoc],[[[1,2],[1,2],0]],yes,no,['MTH','NLMSubSyn','SNOMEDCT_US'],[343/9],0,0)])]).
phrase(has,[aux([lexmatch([has]),inputmatch([has]),tag(aux),tokens([has])])],353/3,[]).
candidates(0,0,0,0,[]).
mappings([]).
phrase('no discoloration',[det([lexmatch([no]),inputmatch([no]),tag(det),tokens([no])]),head([lexmatch([discoloration]),inputmatch([discoloration]),tag(noun),tokens([discoloration])])],357/16,[]).
candidates(1,0,0,1,[]).
mappings([map(-1000,[ev(-1000,'C0332572','Discoloration','Abnormal color',[discoloration],[fndg],[[[1,1],[1,1],0]],yes,no,['CHV','MTH','SNM','SNOMEDCT_US'],[360/13],0,1)])]).
phrase(or,[conj([lexmatch([or]),inputmatch([or]),tag(conj),tokens([or])])],374/2,[]).
candidates(0,0,0,0,[]).
mappings([]).
phrase('movement limitation.',[mod([lexmatch([movement]),inputmatch([movement]),tag(noun),tokens([movement])]),head([lexmatch([limitation]),inputmatch([limitation]),tag(noun),tokens([limitation])]),punc([inputmatch(['.']),tokens([])])],377/20,[]).
candidates(2,0,0,2,[]).
mappings([map(-888,[ev(-694,'C0026649','Movement','Movement',[movement],[orgf],[[[1,1],[1,1],0]],no,no,['CHV','CSP','LCH','MTH','SNOMEDCT_US'],[377/8],0,0),ev(-861,'C0449295','Limitation','Limitation',[limitation],[ftcn],[[[2,2],[1,1],0]],yes,no,['CHV','MTH'],[386/10],0,0)])]).
'EOU'.
utterance('00000000.tx.7',"40-year-old woman with severe right arm pain and hypotension. ",398/62,[]).
phrase('40-year-old woman with severe right arm pain',[shapes([inputmatch(['40']),features([integer]),tokens(['40'])]),punc([inputmatch([-]),tokens([])]),mod([lexmatch([year]),inputmatch([year]),tag(noun),tokens([year])]),punc([inputmatch([-]),tokens([])]),mod([lexmatch([old]),inputmatch([old]),tag(noun),tokens([old])]),head([lexmatch([woman]),inputmatch([woman]),tag(noun),tokens([woman])]),prep([lexmatch([with]),inputmatch([with]),tag(prep),tokens([with])]),mod([lexmatch([severe]),inputmatch([severe]),tag(adj),tokens([severe])]),mod([lexmatch(['right arm']),inputmatch([right,arm]),tag(noun),tokens([right,arm])]),mod([lexmatch([pain]),inputmatch([pain]),tag(noun),tokens([pain])])],398/44,[]).
candidates(20,3,0,17,[]).
mappings([map(-740,[ev(-575,'C0439509','/40','/40',['40'],[tmco],[[[1,1],[1,1],0]],no,no,['SNOMEDCT_US'],[398/2],0,0),ev(-575,'C0439234',year,year,[year],[tmco],[[[2,2],[1,1],0]],no,no,['MTH','NCI','SNOMEDCT_US'],[401/4],0,0),ev(-575,'C0580836','Old','Old',[old],[tmco],[[[3,3],[1,1],0]],no,no,['MTH'],[406/3],0,0),ev(-742,'C0043210','Woman','Woman',[woman],[popg],[[[4,4],[1,1],0]],yes,no,['CHV','MSH','MTH','NCI','NLMSubSyn'],[410/5],0,0),ev(-575,'C0205082','Severe','Severe (severity modifier)',[severe],[qlco],[[[6,6],[1,1],0]],no,no,['CHV','NLMSubSyn','SNOMEDCT_US'],[421/6],0,0),ev(-623,'C0564821','right arm pain','Pain in right arm',[right,arm,pain],[sosy],[[[7,8],[1,2],0],[[9,9],[3,3],0]],no,no,['CHV','ICD10CM','MTH','NLMSubSyn'],[428/14],0,0)]),map(-740,[ev(-575,'C0439509','/40','/40',['40'],[tmco],[[[1,1],[1,1],0]],no,no,['SNOMEDCT_US'],[398/2],0,0),ev(-575,'C0439508','/year','per year',[year],[tmco],[[[2,2],[1,1],0]],no,no,['CHV','MTH','NCI','SNOMEDCT_US'],[401/4],0,0),ev(-575,'C0580836','Old','Old',[old],[tmco],[[[3,3],[1,1],0]],no,no,['MTH'],[406/3],0,0),ev(-742,'C0043210','Woman','Woman',[woman],[popg],[[[4,4],[1,1],0]],yes,no,['CHV','MSH','MTH','NCI','NLMSubSyn'],[410/5],0,0),ev(-575,'C0205082','Severe','Severe (severity modifier)',[severe],[qlco],[[[6,6],[1,1],0]],no,no,['CHV','NLMSubSyn','SNOMEDCT_US'],[421/6],0,0),ev(-623,'C0564821','right arm pain','Pain in right arm',[right,arm,pain],[sosy],[[[7,8],[1,2],0],[[9,9],[3,3],0]],no,no,['CHV','ICD10CM','MTH','NLMSubSyn'],[428/14],0,0)])]).
phrase(and,[conj([lexmatch([and]),inputmatch([and]),tag(conj),tokens([and])])],443/3,[]).
candidates(0,0,0,0,[]).
mappings([]).
phrase('hypotension.',[head([lexmatch([hypotension]),inputmatch([hypotension]),tag(noun),tokens([hypotension])]),punc([inputmatch(['.']),tokens([])])],447/12,[]).
candidates(2,0,0,2,[]).
mappings([map(-1000,[ev(-1000,'C0020649','Hypotension','Hypotension',[hypotension],[fndg],[[[1,1],[1,1],0]],yes,no,['CHV','CST','DXP','ICD10CM','MSH','MTH','NCI','NLMSubSyn','SNMI','SNOMEDCT_US'],[447/11],0,0)]),map(-1000,[ev(-1000,'C3163620','Hypotension','Hypotension Adverse Event',[hypotension],[patf],[[[1,1],[1,1],0]],yes,no,['MTH','NCI'],[447/11],0,0)])]).
'EOU'.
utterance('00000000.tx.8',"She has no history of trauma and right arm exam reveals no significant findings.",460/80,[]).
phrase('She',[pron([lexmatch([she]),inputmatch(['She']),tag(pron),tokens([she])])],460/3,[]).
candidates(0,0,0,0,[]).
mappings([]).
phrase(has,[aux([lexmatch([has]),inputmatch([has]),tag(aux),tokens([has])])],464/3,[]).
candidates(0,0,0,0,[]).
mappings([]).
phrase('no history of trauma',[det([lexmatch([no]),inputmatch([no]),tag(det),tokens([no])]),head([lexmatch([history]),inputmatch([history]),tag(noun),tokens([history])]),prep([lexmatch([of]),inputmatch([of]),tag(prep),tokens([of])]),mod([lexmatch([trauma]),inputmatch([trauma]),tag(noun),tokens([trauma])])],468/20,[]).
candidates(18,2,0,16,[]).
mappings([map(-916,[ev(-909,'C0332122','No history of','No history of',[no,history,of],[qlco],[[[1,1],[1,1],0],[[2,2],[2,2],0],[[3,3],[3,3],0]],yes,no,['NLMSubSyn','SNMI','SNOMEDCT_US'],[468/13],0,0),ev(-604,'C0043250',trauma,'Injury wounds',[trauma],[inpo],[[[4,4],[1,1],0]],no,no,['CHV','MSH','MTH','NCI','NLMSubSyn','SNOMEDCT_US'],[482/6],0,1)]),map(-916,[ev(-909,'C0332122','No history of','No history of',[no,history,of],[qlco],[[[1,1],[1,1],0],[[2,2],[2,2],0],[[3,3],[3,3],0]],yes,no,['NLMSubSyn','SNMI','SNOMEDCT_US'],[468/13],0,0),ev(-604,'C0043251','Trauma','Wounds and Injuries',[trauma],[inpo],[[[4,4],[1,1],0]],no,no,['AOD','CHV','MSH','NLMSubSyn'],[482/6],0,1)]),map(-916,[ev(-909,'C0332122','No history of','No history of',[no,history,of],[qlco],[[[1,1],[1,1],0],[[2,2],[2,2],0],[[3,3],[3,3],0]],yes,no,['NLMSubSyn','SNMI','SNOMEDCT_US'],[468/13],0,0),ev(-604,'C1510467',trauma,'trauma qualifier',[trauma],[inpo],[[[4,4],[1,1],0]],no,no,['MSH','MTH'],[482/6],0,1)]),map(-916,[ev(-909,'C0332122','No history of','No history of',[no,history,of],[qlco],[[[1,1],[1,1],0],[[2,2],[2,2],0],[[3,3],[3,3],0]],yes,no,['NLMSubSyn','SNMI','SNOMEDCT_US'],[468/13],0,0),ev(-604,'C3263723','Trauma','Traumatic injury',[trauma],[inpo],[[[4,4],[1,1],0]],no,no,['CHV','ICD10CM','MEDLINEPLUS','MSH','MTH','NLMSubSyn','SNOMEDCT_US'],[482/6],0,1)])]).
phrase(and,[conj([lexmatch([and]),inputmatch([and]),tag(conj),tokens([and])])],489/3,[]).
candidates(0,0,0,0,[]).
mappings([]).
phrase('right arm exam',[mod([lexmatch(['right arm']),inputmatch([right,arm]),tag(noun),tokens([right,arm])]),head([lexmatch([exam]),inputmatch([exam]),tag(noun),tokens([exam])])],493/14,[]).
candidates(10,3,0,7,[]).
mappings([map(-901,[ev(-734,'C0230346','Right arm','Right upper arm structure',[right,arm],[bpoc],[[[1,2],[1,2],0]],no,no,['FMA','LNC','MTH','NLMSubSyn','SNOMEDCT_US'],[493/9],0,0),ev(-827,'C0582103','Exam','Medical Examination',[exam],[hlca],[[[3,3],[1,1],0]],yes,no,['LCH','MTH','NCI','NLMSubSyn','SNOMEDCT_US'],[503/4],0,0)]),map(-901,[ev(-734,'C1268255','Right arm','Entire right upper arm',[right,arm],[bpoc],[[[1,2],[1,2],0]],no,no,['MTH','NLMSubSyn','SNOMEDCT_US'],[493/9],0,0),ev(-827,'C0582103','Exam','Medical Examination',[exam],[hlca],[[[3,3],[1,1],0]],yes,no,['LCH','MTH','NCI','NLMSubSyn','SNOMEDCT_US'],[503/4],0,0)])]).
phrase(reveals,[verb([lexmatch([reveals]),inputmatch([reveals]),tag(verb),tokens([reveals])])],508/7,[]).
candidates(1,0,0,1,[]).
mappings([map(-1000,[ev(-1000,'C0443289',reveal,'Revealed',[reveal],[qlco],[[[1,1],[1,1],0]],yes,no,['CHV','SNOMEDCT_US'],[508/7],0,0)])]).
phrase('no significant findings.',[det([lexmatch([no]),inputmatch([no]),tag(det),tokens([no])]),mod([lexmatch([significant]),inputmatch([significant]),tag(adj),tokens([significant])]),head([lexmatch([findings]),inputmatch([findings]),tag(noun),tokens([findings])]),punc([inputmatch(['.']),tokens([])])],516/24,[]).
candidates(9,3,0,6,[]).
mappings([map(-888,[ev(-694,'C0237881',significant,'Statistical Significance',[significant],[qnco],[[[1,1],[1,1],0]],no,no,['MTH','NCI'],[519/11],0,0),ev(-861,'C2607943',findings,'findings aspects',[findings],[ftcn],[[[2,2],[1,1],0]],yes,no,['MSH','MTH'],[531/8],0,0)]),map(-888,[ev(-694,'C0237881',significant,'Statistical Significance',[significant],[qnco],[[[1,1],[1,1],0]],no,no,['MTH','NCI'],[519/11],0,0),ev(-861,'C2926606','Findings','Procedure findings:Finding:Point in time:^Patient:Narrative',[findings],[clna],[[[2,2],[1,1],0]],yes,no,['LNC'],[531/8],0,0)]),map(-888,[ev(-694,'C0237881',significant,'Statistical Significance',[significant],[qnco],[[[1,1],[1,1],0]],no,no,['MTH','NCI'],[519/11],0,0),ev(-861,'C3539655','Findings','CDISC Findings Class',[findings],[inpr],[[[2,2],[1,1],0]],yes,no,['MTH','NCI'],[531/8],0,0)]),map(-888,[ev(-694,'C0750502','Significant','Significant',[significant],[idcn],[[[1,1],[1,1],0]],no,no,['MTH','NCI'],[519/11],0,0),ev(-861,'C2607943',findings,'findings aspects',[findings],[ftcn],[[[2,2],[1,1],0]],yes,no,['MSH','MTH'],[531/8],0,0)]),map(-888,[ev(-694,'C0750502','Significant','Significant',[significant],[idcn],[[[1,1],[1,1],0]],no,no,['MTH','NCI'],[519/11],0,0),ev(-861,'C2926606','Findings','Procedure findings:Finding:Point in time:^Patient:Narrative',[findings],[clna],[[[2,2],[1,1],0]],yes,no,['LNC'],[531/8],0,0)]),map(-888,[ev(-694,'C0750502','Significant','Significant',[significant],[idcn],[[[1,1],[1,1],0]],no,no,['MTH','NCI'],[519/11],0,0),ev(-861,'C3539655','Findings','CDISC Findings Class',[findings],[inpr],[[[2,2],[1,1],0]],yes,no,['MTH','NCI'],[531/8],0,0)]),map(-888,[ev(-694,'C1546944','Significant','Event Seriousness - Significant',[significant],[qlco],[[[1,1],[1,1],0]],no,no,['HL7V2.5','MTH'],[519/11],0,0),ev(-861,'C2607943',findings,'findings aspects',[findings],[ftcn],[[[2,2],[1,1],0]],yes,no,['MSH','MTH'],[531/8],0,0)]),map(-888,[ev(-694,'C1546944','Significant','Event Seriousness - Significant',[significant],[qlco],[[[1,1],[1,1],0]],no,no,['HL7V2.5','MTH'],[519/11],0,0),ev(-861,'C2926606','Findings','Procedure findings:Finding:Point in time:^Patient:Narrative',[findings],[clna],[[[2,2],[1,1],0]],yes,no,['LNC'],[531/8],0,0)]),map(-888,[ev(-694,'C1546944','Significant','Event Seriousness - Significant',[significant],[qlco],[[[1,1],[1,1],0]],no,no,['HL7V2.5','MTH'],[519/11],0,0),ev(-861,'C3539655','Findings','CDISC Findings Class',[findings],[inpr],[[[2,2],[1,1],0]],yes,no,['MTH','NCI'],[531/8],0,0)])]).
'EOU'.
'EOT'.
