args('metamap14.BINARY.Darwin --lexicon db -Z 2014AA -qE -Q 4 ../../TREC-CDS/2014-original/12.txt ../../TREC-CDS/results/12.txt.out',[lexicon-db,mm_data_year-'2014AA',machine_output-[],indicate_citation_end-[],composite_phrases-4,infile-'../../TREC-CDS/2014-original/12.txt',outfile-'../../TREC-CDS/results/12.txt.out']).
aas([]).
neg_list([negation(nega,denies,[87/6],['C0235162':'Difficulty sleeping'],[94/19])]).
utterance('00000000.tx.1',"test. ",0/6,[5]).
phrase('test.',[head([lexmatch([test]),inputmatch([test]),tag(noun),tokens([test])]),punc([inputmatch(['.']),tokens([])])],0/5,[]).
candidates(3,0,0,3,[]).
mappings([map(-1000,[ev(-1000,'C0022885','Test','Laboratory Procedures',[test],[lbpr],[[[1,1],[1,1],0]],yes,no,['CHV','MEDLINEPLUS','MTH','NCI','NLMSubSyn','SNM','SNMI','SNOMEDCT_US'],[0/4],0,0)]),map(-1000,[ev(-1000,'C0039593','Test','Testing',[test],[ftcn],[[[1,1],[1,1],0]],yes,no,['CHV','MTH','NCI','NLMSubSyn'],[0/4],0,0)]),map(-1000,[ev(-1000,'C0392366',test,'Tests (qualifier value)',[test],[inpr],[[[1,1],[1,1],0]],yes,no,['CHV','SNOMEDCT_US'],[0/4],0,0)])]).
'EOU'.
utterance('00000000.tx.2',"A 25-year-old woman presents to the clinic complaining of prolonged fatigue. ",6/77,[]).
phrase('A 25-year-old woman',[det([lexmatch([a]),inputmatch(['A']),tag(det),tokens([a])]),shapes([inputmatch(['25']),features([integer]),tokens(['25'])]),punc([inputmatch([-]),tokens([])]),mod([lexmatch([year]),inputmatch([year]),tag(noun),tokens([year])]),punc([inputmatch([-]),tokens([])]),mod([lexmatch([old]),inputmatch([old]),tag(noun),tokens([old])]),head([lexmatch([woman]),inputmatch([woman]),tag(noun),tokens([woman])])],6/19,[]).
candidates(4,0,0,4,[]).
mappings([map(-775,[ev(-645,'C0439234',year,year,[year],[tmco],[[[2,2],[1,1],0]],no,no,['MTH','NCI','SNOMEDCT_US'],[11/4],0,0),ev(-645,'C0580836','Old','Old',[old],[tmco],[[[3,3],[1,1],0]],no,no,['MTH'],[16/3],0,0),ev(-812,'C0043210','Woman','Woman',[woman],[popg],[[[4,4],[1,1],0]],yes,no,['CHV','MSH','MTH','NCI','NLMSubSyn'],[20/5],0,0)]),map(-775,[ev(-645,'C0439508','/year','per year',[year],[tmco],[[[2,2],[1,1],0]],no,no,['CHV','MTH','NCI','SNOMEDCT_US'],[11/4],0,0),ev(-645,'C0580836','Old','Old',[old],[tmco],[[[3,3],[1,1],0]],no,no,['MTH'],[16/3],0,0),ev(-812,'C0043210','Woman','Woman',[woman],[popg],[[[4,4],[1,1],0]],yes,no,['CHV','MSH','MTH','NCI','NLMSubSyn'],[20/5],0,0)])]).
phrase('presents to the clinic complaining of prolonged fatigue.',[verb([lexmatch([presents]),inputmatch([presents]),tag(verb),tokens([presents])]),prep([lexmatch([to]),inputmatch([to]),tag(prep),tokens([to])]),det([lexmatch([the]),inputmatch([the]),tag(det),tokens([the])]),mod([lexmatch([clinic]),inputmatch([clinic]),tag(noun),tokens([clinic])]),mod([lexmatch([complaining]),inputmatch([complaining]),tag(noun),tokens([complaining])]),prep([lexmatch([of]),inputmatch([of]),tag(prep),tokens([of])]),mod([lexmatch([prolonged]),inputmatch([prolonged]),tag(adj),tokens([prolonged])]),mod([lexmatch([fatigue]),inputmatch([fatigue]),tag(noun),tokens([fatigue])]),punc([inputmatch(['.']),tokens([])])],26/56,[]).
candidates(7,1,0,6,[]).
mappings([map(-649,[ev(-744,'C0150312','Present','Present',[present],[qnco],[[[1,1],[1,1],0]],yes,no,['CHV','MTH','NCI'],[26/8],0,0),ev(-744,'C0002424','Clinic','Ambulatory Care Facilities',[clinic],[hcro,mnob],[[[4,4],[1,1],0]],yes,no,['CHV','MSH','MTH','NCI','NLMSubSyn','SNOMEDCT_US'],[42/6],0,0),ev(-744,'C0439590','Prolonged','Prolonged',[prolonged],[tmco],[[[7,7],[1,1],0]],yes,no,['MTH'],[64/9],0,0),ev(-744,'C0015672','Fatigue','Fatigue',[fatigue],[sosy],[[[8,8],[1,1],0]],yes,no,['AOD','CHV','MTH','NCI','NLMSubSyn','SNMI','SNOMEDCT_US'],[74/7],0,0)]),map(-649,[ev(-744,'C0150312','Present','Present',[present],[qnco],[[[1,1],[1,1],0]],yes,no,['CHV','MTH','NCI'],[26/8],0,0),ev(-744,'C0442592','Clinic','Clinic',[clinic],[hcro,mnob],[[[4,4],[1,1],0]],yes,no,['CHV','MTH'],[42/6],0,0),ev(-744,'C0439590','Prolonged','Prolonged',[prolonged],[tmco],[[[7,7],[1,1],0]],yes,no,['MTH'],[64/9],0,0),ev(-744,'C0015672','Fatigue','Fatigue',[fatigue],[sosy],[[[8,8],[1,1],0]],yes,no,['AOD','CHV','MTH','NCI','NLMSubSyn','SNMI','SNOMEDCT_US'],[74/7],0,0)]),map(-649,[ev(-744,'C0449450','Present','Presentation',[present],[idcn],[[[1,1],[1,1],0]],yes,no,['CHV','MTH','NCI'],[26/8],0,0),ev(-744,'C0002424','Clinic','Ambulatory Care Facilities',[clinic],[hcro,mnob],[[[4,4],[1,1],0]],yes,no,['CHV','MSH','MTH','NCI','NLMSubSyn','SNOMEDCT_US'],[42/6],0,0),ev(-744,'C0439590','Prolonged','Prolonged',[prolonged],[tmco],[[[7,7],[1,1],0]],yes,no,['MTH'],[64/9],0,0),ev(-744,'C0015672','Fatigue','Fatigue',[fatigue],[sosy],[[[8,8],[1,1],0]],yes,no,['AOD','CHV','MTH','NCI','NLMSubSyn','SNMI','SNOMEDCT_US'],[74/7],0,0)]),map(-649,[ev(-744,'C0449450','Present','Presentation',[present],[idcn],[[[1,1],[1,1],0]],yes,no,['CHV','MTH','NCI'],[26/8],0,0),ev(-744,'C0442592','Clinic','Clinic',[clinic],[hcro,mnob],[[[4,4],[1,1],0]],yes,no,['CHV','MTH'],[42/6],0,0),ev(-744,'C0439590','Prolonged','Prolonged',[prolonged],[tmco],[[[7,7],[1,1],0]],yes,no,['MTH'],[64/9],0,0),ev(-744,'C0015672','Fatigue','Fatigue',[fatigue],[sosy],[[[8,8],[1,1],0]],yes,no,['AOD','CHV','MTH','NCI','NLMSubSyn','SNMI','SNOMEDCT_US'],[74/7],0,0)])]).
'EOU'.
utterance('00000000.tx.3',"She denies difficulty sleeping and sleeps an average of 8 hours a night. ",83/73,[]).
phrase('She',[pron([lexmatch([she]),inputmatch(['She']),tag(pron),tokens([she])])],83/3,[]).
candidates(0,0,0,0,[]).
mappings([]).
phrase(denies,[verb([lexmatch([denies]),inputmatch([denies]),tag(verb),tokens([denies])])],87/6,[]).
candidates(1,0,0,1,[]).
mappings([map(-1000,[ev(-1000,'C2700401','Deny','Deny (action)',[deny],[acty],[[[1,1],[1,1],0]],yes,no,['MTH','NCI'],[87/6],0,0)])]).
phrase('difficulty sleeping',[mod([lexmatch([difficulty]),inputmatch([difficulty]),tag(noun),tokens([difficulty])]),head([lexmatch([sleeping]),inputmatch([sleeping]),tag(noun),tokens([sleeping])])],94/19,[]).
candidates(5,1,0,4,[]).
mappings([map(-1000,[ev(-1000,'C0235162','Difficulty sleeping','Difficulty sleeping',[difficulty,sleeping],[sosy],[[[1,1],[1,1],0],[[2,2],[2,2],0]],yes,no,['CHV','OMIM','SNOMEDCT_US'],[94/19],0,1)])]).
phrase(and,[conj([lexmatch([and]),inputmatch([and]),tag(conj),tokens([and])])],114/3,[]).
candidates(0,0,0,0,[]).
mappings([]).
phrase(sleeps,[verb([lexmatch([sleeps]),inputmatch([sleeps]),tag(verb),tokens([sleeps])])],118/6,[]).
candidates(1,0,0,1,[]).
mappings([map(-1000,[ev(-1000,'C0037313','Sleep','Sleep',[sleep],[orgf],[[[1,1],[1,1],0]],yes,no,['CHV','ICF','MTH','SNOMEDCT_US'],[118/6],0,0)])]).
phrase('an average of 8 hours',[det([lexmatch([an]),inputmatch([an]),tag(det),tokens([an])]),head([lexmatch([average]),inputmatch([average]),tag(noun),tokens([average])]),prep([lexmatch([of]),inputmatch([of]),tag(prep),tokens([of])]),shapes([inputmatch(['8']),features([integer]),tokens(['8'])]),mod([lexmatch([hours]),inputmatch([hours]),tag(noun),tokens([hours])])],125/21,[]).
candidates(5,1,0,4,[]).
mappings([map(-745,[ev(-760,'C1510992','Average','Average',[average],[qnco],[[[2,2],[1,1],0]],yes,no,['MTH'],[128/7],0,0),ev(-640,'C1292429','8 Hours','8 Hours',['8',hours],[tmco],[[[4,4],[1,1],0],[[5,5],[2,2],0]],no,no,['CHV','LNC','MTH'],[139/7],0,0)]),map(-745,[ev(-760,'C2825518','AVERAGE','Average of Value Derivation Technique',[average],[qnco],[[[2,2],[1,1],0]],yes,no,['MTH','NCI'],[128/7],0,0),ev(-640,'C1292429','8 Hours','8 Hours',['8',hours],[tmco],[[[4,4],[1,1],0],[[5,5],[2,2],0]],no,no,['CHV','LNC','MTH'],[139/7],0,0)])]).
phrase('a night.',[det([lexmatch([a]),inputmatch([a]),tag(det),tokens([a])]),head([lexmatch([night]),inputmatch([night]),tag(noun),tokens([night])]),punc([inputmatch(['.']),tokens([])])],147/8,[]).
candidates(1,0,0,1,[]).
mappings([map(-1000,[ev(-1000,'C0240526','Night','Night time',[night],[tmco],[[[1,1],[1,1],0]],yes,no,['CHV','MTH','NCI','SNOMEDCT_US'],[149/5],0,0)])]).
'EOU'.
utterance('00000000.tx.4',"She also notes hair loss, a change in her voice and weight gain during the previous 6 months. ",156/94,[]).
phrase('She also',[pron([lexmatch([she]),inputmatch(['She']),tag(pron),tokens([she])]),adv([lexmatch([also]),inputmatch([also]),tag(adv),tokens([also])])],156/8,[]).
candidates(0,0,0,0,[]).
mappings([]).
phrase(notes,[verb([lexmatch([notes]),inputmatch([notes]),tag(verb),tokens([notes])])],165/5,[]).
candidates(3,0,0,3,[]).
mappings([map(-1000,[ev(-1000,'C1316572','Note','Evaluation and management note:Finding:Point in time:{Setting}:Document:{Provider}',[note],[clna],[[[1,1],[1,1],0]],yes,no,['LNC','MTH'],[165/5],0,0)]),map(-1000,[ev(-1000,'C1317574','Note','Note (document)',[note],[inpr],[[[1,1],[1,1],0]],yes,no,['LNC','MTH','NCI'],[165/5],0,0)]),map(-1000,[ev(-1000,'C1369612','Note','Note:Finding:Point in time:{Setting}:Document:Nursing',[note],[clna],[[[1,1],[1,1],0]],yes,no,['LNC'],[165/5],0,0)])]).
phrase('hair loss,',[mod([lexmatch([hair]),inputmatch([hair]),tag(noun),tokens([hair])]),head([lexmatch([loss]),inputmatch([loss]),tag(noun),tokens([loss])]),punc([inputmatch([',']),tokens([])])],171/10,[]).
candidates(9,5,0,4,[]).
mappings([map(-1000,[ev(-1000,'C0002170','Hair loss','Alopecia',[hair,loss],[fndg],[[[1,1],[1,1],0],[[2,2],[2,2],0]],yes,no,['CHV','CST','ICD9CM','MSH','MTH','NCI','NLMSubSyn','SNM','SNOMEDCT_US','SNOMEDCT_VET'],[171/9],0,0)])]).
phrase('a change in her voice',[det([lexmatch([a]),inputmatch([a]),tag(det),tokens([a])]),head([lexmatch([change]),inputmatch([change]),tag(noun),tokens([change])]),prep([lexmatch([in]),inputmatch([in]),tag(prep),tokens([in])]),pron([lexmatch([her]),inputmatch([her]),tag(pron),tokens([her])]),mod([lexmatch([voice]),inputmatch([voice]),tag(noun),tokens([voice])])],182/21,[]).
candidates(11,4,0,7,[]).
mappings([map(-844,[ev(-844,'C0518179','Change in voice','Change in voice (finding)',[change,in,voice],[sosy],[[[2,2],[1,1],0],[[3,3],[2,2],0],[[5,5],[3,3],0]],yes,no,['CHV','NCI','NLMSubSyn','SNOMEDCT_US'],[184/9,198/5],0,0)])]).
phrase(and,[conj([lexmatch([and]),inputmatch([and]),tag(conj),tokens([and])])],204/3,[]).
candidates(0,0,0,0,[]).
mappings([]).
phrase('weight gain during the previous 6 months.',[head([lexmatch(['weight gain']),inputmatch([weight,gain]),tag(noun),tokens([weight,gain])]),prep([lexmatch([during]),inputmatch([during]),tag(prep),tokens([during])]),det([lexmatch([the]),inputmatch([the]),tag(det),tokens([the])]),mod([lexmatch([previous]),inputmatch([previous]),tag(adj),tokens([previous])]),shapes([inputmatch(['6']),features([integer]),tokens(['6'])]),mod([lexmatch([months]),inputmatch([months]),tag(noun),tokens([months])]),punc([inputmatch(['.']),tokens([])])],208/41,[]).
candidates(19,9,0,10,[]).
mappings([map(-692,[ev(-778,'C0043094','Weight Gain','Weight Gain',[weight,gain],[fndg],[[[1,2],[1,2],0]],yes,no,['CHV','CST','MSH','MTH','NCI','NLMSubSyn','OMIM','SNMI','SNOMEDCT_US'],[208/11],0,0),ev(-581,'C0205156','Previous','Previous',[previous],[tmco],[[[5,5],[1,1],0]],no,no,['MTH','NCI'],[231/8],0,0),ev(-581,'C0439231',months,month,[months],[tmco],[[[7,7],[1,1],0]],no,no,['MTH','SNOMEDCT_US'],[242/6],0,0)]),map(-692,[ev(-778,'C0043094','Weight Gain','Weight Gain',[weight,gain],[fndg],[[[1,2],[1,2],0]],yes,no,['CHV','CST','MSH','MTH','NCI','NLMSubSyn','OMIM','SNMI','SNOMEDCT_US'],[208/11],0,0),ev(-581,'C1552607',previous,'Act Relationship Subset - previous',[previous],[tmco],[[[5,5],[1,1],0]],no,no,['HL7V3.0','MTH'],[231/8],0,0),ev(-581,'C0439231',months,month,[months],[tmco],[[[7,7],[1,1],0]],no,no,['MTH','SNOMEDCT_US'],[242/6],0,0)]),map(-692,[ev(-778,'C2911647','Weight gain','Weight Gain Adverse Event',[weight,gain],[fndg],[[[1,2],[1,2],0]],yes,no,['MTH','NCI'],[208/11],0,0),ev(-581,'C0205156','Previous','Previous',[previous],[tmco],[[[5,5],[1,1],0]],no,no,['MTH','NCI'],[231/8],0,0),ev(-581,'C0439231',months,month,[months],[tmco],[[[7,7],[1,1],0]],no,no,['MTH','SNOMEDCT_US'],[242/6],0,0)]),map(-692,[ev(-778,'C2911647','Weight gain','Weight Gain Adverse Event',[weight,gain],[fndg],[[[1,2],[1,2],0]],yes,no,['MTH','NCI'],[208/11],0,0),ev(-581,'C1552607',previous,'Act Relationship Subset - previous',[previous],[tmco],[[[5,5],[1,1],0]],no,no,['HL7V3.0','MTH'],[231/8],0,0),ev(-581,'C0439231',months,month,[months],[tmco],[[[7,7],[1,1],0]],no,no,['MTH','SNOMEDCT_US'],[242/6],0,0)])]).
'EOU'.
utterance('00000000.tx.5',"She complains of cold intolerance. ",250/35,[]).
phrase('She',[pron([lexmatch([she]),inputmatch(['She']),tag(pron),tokens([she])])],250/3,[]).
candidates(0,0,0,0,[]).
mappings([]).
phrase('complains of cold intolerance.',[verb([lexmatch([complains]),inputmatch([complains]),tag(verb),tokens([complains])]),prep([lexmatch([of]),inputmatch([of]),tag(prep),tokens([of])]),mod([lexmatch([cold]),inputmatch([cold]),tag(adj),tokens([cold])]),mod([lexmatch([intolerance]),inputmatch([intolerance]),tag(noun),tokens([intolerance])]),punc([inputmatch(['.']),tokens([])])],254/30,[]).
candidates(9,1,0,8,[]).
mappings([map(-885,[ev(-858,'C0009269','Intolerant of cold','Cold intolerance',[intolerant,of,cold],[sosy],[[[4,4],[1,1],3],[[2,2],[2,2],0],[[3,3],[3,3],0]],yes,no,['CHV','MTH','SNOMEDCT_US'],[264/19],0,0)])]).
'EOU'.
utterance('00000000.tx.6',"On examination she has a prominent, soft, uniform anterior cervical mass at the midline. ",285/89,[373]).
phrase('On examination',[prep([lexmatch([on]),inputmatch(['On']),tag(prep),tokens([on])]),head([lexmatch([examination]),inputmatch([examination]),tag(noun),tokens([examination])])],285/14,[]).
candidates(0,0,0,0,[]).
mappings([]).
phrase(she,[pron([lexmatch([she]),inputmatch([she]),tag(pron),tokens([she])])],300/3,[]).
candidates(0,0,0,0,[]).
mappings([]).
phrase(has,[aux([lexmatch([has]),inputmatch([has]),tag(aux),tokens([has])])],304/3,[]).
candidates(0,0,0,0,[]).
mappings([]).
phrase('a prominent, soft, uniform anterior cervical mass at the midline.',[det([lexmatch([a]),inputmatch([a]),tag(det),tokens([a])]),mod([lexmatch([prominent]),inputmatch([prominent]),tag(adj),tokens([prominent])]),punc([inputmatch([',']),tokens([])]),mod([lexmatch([soft]),inputmatch([soft]),tag(adj),tokens([soft])]),punc([inputmatch([',']),tokens([])]),mod([lexmatch([uniform]),inputmatch([uniform]),tag(adj),tokens([uniform])]),mod([lexmatch([anterior]),inputmatch([anterior]),tag(adj),tokens([anterior])]),mod([lexmatch([cervical]),inputmatch([cervical]),tag(adj),tokens([cervical])]),head([lexmatch([mass]),inputmatch([mass]),tag(noun),tokens([mass])]),prep([lexmatch([at]),inputmatch([at]),tag(prep),tokens([at])]),det([lexmatch([the]),inputmatch([the]),tag(det),tokens([the])]),mod([lexmatch([midline]),inputmatch([midline]),tag(noun),tokens([midline])]),punc([inputmatch(['.']),tokens([])])],308/65,[]).
candidates(20,1,0,19,[]).
mappings([map(-730,[ev(-757,'C0577559','A mass','Mass of body structure',[a,mass],[fndg],[[[1,1],[1,1],0],[[7,7],[2,2],0]],yes,no,['CHV','MTH','SNM','SNOMEDCT_US'],[308/1,353/4],0,0),ev(-573,'C0205402','Prominent','Prominent',[prominent],[qlco],[[[2,2],[1,1],0]],no,no,['SNOMEDCT_US'],[310/9],0,0),ev(-573,'C0205358','Soft','Soft',[soft],[qlco],[[[3,3],[1,1],0]],no,no,['MTH','NCI'],[321/4],0,0),ev(-573,'C0205375','Uniform','Uniform - quality',[uniform],[qlco],[[[4,4],[1,1],0]],no,no,['CHV','MTH','SNOMEDCT_US'],[327/7],0,0),ev(-593,'C0442011','Anterior cervical','Anterior cervical spine approach',[anterior,cervical],[spco],[[[5,5],[1,1],0],[[6,6],[2,2],0]],no,no,['NLMSubSyn','SNOMEDCT_US'],[335/17],0,0),ev(-573,'C0549183','Midline','Midline (qualifier value)',[midline],[spco],[[[10,10],[1,1],0]],no,no,['CHV','NCI','SNMI','SNOMEDCT_US'],[365/7],0,0)]),map(-730,[ev(-757,'C0577559','A mass','Mass of body structure',[a,mass],[fndg],[[[1,1],[1,1],0],[[7,7],[2,2],0]],yes,no,['CHV','MTH','SNM','SNOMEDCT_US'],[308/1,353/4],0,0),ev(-573,'C0205402','Prominent','Prominent',[prominent],[qlco],[[[2,2],[1,1],0]],no,no,['SNOMEDCT_US'],[310/9],0,0),ev(-573,'C0205358','Soft','Soft',[soft],[qlco],[[[3,3],[1,1],0]],no,no,['MTH','NCI'],[321/4],0,0),ev(-573,'C0205375','Uniform','Uniform - quality',[uniform],[qlco],[[[4,4],[1,1],0]],no,no,['CHV','MTH','SNOMEDCT_US'],[327/7],0,0),ev(-593,'C0442011','Anterior cervical','Anterior cervical spine approach',[anterior,cervical],[spco],[[[5,5],[1,1],0],[[6,6],[2,2],0]],no,no,['NLMSubSyn','SNOMEDCT_US'],[335/17],0,0),ev(-573,'C1660780',midline,'midline cell component',[midline],[celc],[[[10,10],[1,1],0]],no,no,['GO','MTH'],[365/7],0,0)]),map(-730,[ev(-757,'C0577559','A mass','Mass of body structure',[a,mass],[fndg],[[[1,1],[1,1],0],[[7,7],[2,2],0]],yes,no,['CHV','MTH','SNM','SNOMEDCT_US'],[308/1,353/4],0,0),ev(-573,'C0205402','Prominent','Prominent',[prominent],[qlco],[[[2,2],[1,1],0]],no,no,['SNOMEDCT_US'],[310/9],0,0),ev(-573,'C0205358','Soft','Soft',[soft],[qlco],[[[3,3],[1,1],0]],no,no,['MTH','NCI'],[321/4],0,0),ev(-573,'C0205375','Uniform','Uniform - quality',[uniform],[qlco],[[[4,4],[1,1],0]],no,no,['CHV','MTH','SNOMEDCT_US'],[327/7],0,0),ev(-593,'C0442011','Anterior cervical','Anterior cervical spine approach',[anterior,cervical],[spco],[[[5,5],[1,1],0],[[6,6],[2,2],0]],no,no,['NLMSubSyn','SNOMEDCT_US'],[335/17],0,0),ev(-573,'C2939193','Midline','Median (qualifier value)',[midline],[spco],[[[10,10],[1,1],0]],no,no,['SNOMEDCT_US'],[365/7],0,0)]),map(-730,[ev(-757,'C0577559','A mass','Mass of body structure',[a,mass],[fndg],[[[1,1],[1,1],0],[[7,7],[2,2],0]],yes,no,['CHV','MTH','SNM','SNOMEDCT_US'],[308/1,353/4],0,0),ev(-573,'C0205402','Prominent','Prominent',[prominent],[qlco],[[[2,2],[1,1],0]],no,no,['SNOMEDCT_US'],[310/9],0,0),ev(-573,'C0205358','Soft','Soft',[soft],[qlco],[[[3,3],[1,1],0]],no,no,['MTH','NCI'],[321/4],0,0),ev(-573,'C1608508',uniform,'Uniform - ProbabilityDistributionType',[uniform],[qnco],[[[4,4],[1,1],0]],no,no,['HL7V3.0','MTH'],[327/7],0,0),ev(-593,'C0442011','Anterior cervical','Anterior cervical spine approach',[anterior,cervical],[spco],[[[5,5],[1,1],0],[[6,6],[2,2],0]],no,no,['NLMSubSyn','SNOMEDCT_US'],[335/17],0,0),ev(-573,'C0549183','Midline','Midline (qualifier value)',[midline],[spco],[[[10,10],[1,1],0]],no,no,['CHV','NCI','SNMI','SNOMEDCT_US'],[365/7],0,0)]),map(-730,[ev(-757,'C0577559','A mass','Mass of body structure',[a,mass],[fndg],[[[1,1],[1,1],0],[[7,7],[2,2],0]],yes,no,['CHV','MTH','SNM','SNOMEDCT_US'],[308/1,353/4],0,0),ev(-573,'C0205402','Prominent','Prominent',[prominent],[qlco],[[[2,2],[1,1],0]],no,no,['SNOMEDCT_US'],[310/9],0,0),ev(-573,'C0205358','Soft','Soft',[soft],[qlco],[[[3,3],[1,1],0]],no,no,['MTH','NCI'],[321/4],0,0),ev(-573,'C1608508',uniform,'Uniform - ProbabilityDistributionType',[uniform],[qnco],[[[4,4],[1,1],0]],no,no,['HL7V3.0','MTH'],[327/7],0,0),ev(-593,'C0442011','Anterior cervical','Anterior cervical spine approach',[anterior,cervical],[spco],[[[5,5],[1,1],0],[[6,6],[2,2],0]],no,no,['NLMSubSyn','SNOMEDCT_US'],[335/17],0,0),ev(-573,'C1660780',midline,'midline cell component',[midline],[celc],[[[10,10],[1,1],0]],no,no,['GO','MTH'],[365/7],0,0)]),map(-730,[ev(-757,'C0577559','A mass','Mass of body structure',[a,mass],[fndg],[[[1,1],[1,1],0],[[7,7],[2,2],0]],yes,no,['CHV','MTH','SNM','SNOMEDCT_US'],[308/1,353/4],0,0),ev(-573,'C0205402','Prominent','Prominent',[prominent],[qlco],[[[2,2],[1,1],0]],no,no,['SNOMEDCT_US'],[310/9],0,0),ev(-573,'C0205358','Soft','Soft',[soft],[qlco],[[[3,3],[1,1],0]],no,no,['MTH','NCI'],[321/4],0,0),ev(-573,'C1608508',uniform,'Uniform - ProbabilityDistributionType',[uniform],[qnco],[[[4,4],[1,1],0]],no,no,['HL7V3.0','MTH'],[327/7],0,0),ev(-593,'C0442011','Anterior cervical','Anterior cervical spine approach',[anterior,cervical],[spco],[[[5,5],[1,1],0],[[6,6],[2,2],0]],no,no,['NLMSubSyn','SNOMEDCT_US'],[335/17],0,0),ev(-573,'C2939193','Midline','Median (qualifier value)',[midline],[spco],[[[10,10],[1,1],0]],no,no,['SNOMEDCT_US'],[365/7],0,0)]),map(-730,[ev(-757,'C0577559','A mass','Mass of body structure',[a,mass],[fndg],[[[1,1],[1,1],0],[[7,7],[2,2],0]],yes,no,['CHV','MTH','SNM','SNOMEDCT_US'],[308/1,353/4],0,0),ev(-573,'C0205402','Prominent','Prominent',[prominent],[qlco],[[[2,2],[1,1],0]],no,no,['SNOMEDCT_US'],[310/9],0,0),ev(-573,'C3542022','SOFT','SHORT STATURE, ONYCHODYSPLASIA, FACIAL DYSMORPHISM, AND HYPOTRICHOSIS SYNDROME',[soft],[dsyn],[[[3,3],[1,1],0]],no,no,['MTH','OMIM'],[321/4],0,0),ev(-573,'C0205375','Uniform','Uniform - quality',[uniform],[qlco],[[[4,4],[1,1],0]],no,no,['CHV','MTH','SNOMEDCT_US'],[327/7],0,0),ev(-593,'C0442011','Anterior cervical','Anterior cervical spine approach',[anterior,cervical],[spco],[[[5,5],[1,1],0],[[6,6],[2,2],0]],no,no,['NLMSubSyn','SNOMEDCT_US'],[335/17],0,0),ev(-573,'C0549183','Midline','Midline (qualifier value)',[midline],[spco],[[[10,10],[1,1],0]],no,no,['CHV','NCI','SNMI','SNOMEDCT_US'],[365/7],0,0)]),map(-730,[ev(-757,'C0577559','A mass','Mass of body structure',[a,mass],[fndg],[[[1,1],[1,1],0],[[7,7],[2,2],0]],yes,no,['CHV','MTH','SNM','SNOMEDCT_US'],[308/1,353/4],0,0),ev(-573,'C0205402','Prominent','Prominent',[prominent],[qlco],[[[2,2],[1,1],0]],no,no,['SNOMEDCT_US'],[310/9],0,0),ev(-573,'C3542022','SOFT','SHORT STATURE, ONYCHODYSPLASIA, FACIAL DYSMORPHISM, AND HYPOTRICHOSIS SYNDROME',[soft],[dsyn],[[[3,3],[1,1],0]],no,no,['MTH','OMIM'],[321/4],0,0),ev(-573,'C0205375','Uniform','Uniform - quality',[uniform],[qlco],[[[4,4],[1,1],0]],no,no,['CHV','MTH','SNOMEDCT_US'],[327/7],0,0),ev(-593,'C0442011','Anterior cervical','Anterior cervical spine approach',[anterior,cervical],[spco],[[[5,5],[1,1],0],[[6,6],[2,2],0]],no,no,['NLMSubSyn','SNOMEDCT_US'],[335/17],0,0),ev(-573,'C1660780',midline,'midline cell component',[midline],[celc],[[[10,10],[1,1],0]],no,no,['GO','MTH'],[365/7],0,0)]),map(-730,[ev(-757,'C0577559','A mass','Mass of body structure',[a,mass],[fndg],[[[1,1],[1,1],0],[[7,7],[2,2],0]],yes,no,['CHV','MTH','SNM','SNOMEDCT_US'],[308/1,353/4],0,0),ev(-573,'C0205402','Prominent','Prominent',[prominent],[qlco],[[[2,2],[1,1],0]],no,no,['SNOMEDCT_US'],[310/9],0,0),ev(-573,'C3542022','SOFT','SHORT STATURE, ONYCHODYSPLASIA, FACIAL DYSMORPHISM, AND HYPOTRICHOSIS SYNDROME',[soft],[dsyn],[[[3,3],[1,1],0]],no,no,['MTH','OMIM'],[321/4],0,0),ev(-573,'C0205375','Uniform','Uniform - quality',[uniform],[qlco],[[[4,4],[1,1],0]],no,no,['CHV','MTH','SNOMEDCT_US'],[327/7],0,0),ev(-593,'C0442011','Anterior cervical','Anterior cervical spine approach',[anterior,cervical],[spco],[[[5,5],[1,1],0],[[6,6],[2,2],0]],no,no,['NLMSubSyn','SNOMEDCT_US'],[335/17],0,0),ev(-573,'C2939193','Midline','Median (qualifier value)',[midline],[spco],[[[10,10],[1,1],0]],no,no,['SNOMEDCT_US'],[365/7],0,0)]),map(-730,[ev(-757,'C0577559','A mass','Mass of body structure',[a,mass],[fndg],[[[1,1],[1,1],0],[[7,7],[2,2],0]],yes,no,['CHV','MTH','SNM','SNOMEDCT_US'],[308/1,353/4],0,0),ev(-573,'C0205402','Prominent','Prominent',[prominent],[qlco],[[[2,2],[1,1],0]],no,no,['SNOMEDCT_US'],[310/9],0,0),ev(-573,'C3542022','SOFT','SHORT STATURE, ONYCHODYSPLASIA, FACIAL DYSMORPHISM, AND HYPOTRICHOSIS SYNDROME',[soft],[dsyn],[[[3,3],[1,1],0]],no,no,['MTH','OMIM'],[321/4],0,0),ev(-573,'C1608508',uniform,'Uniform - ProbabilityDistributionType',[uniform],[qnco],[[[4,4],[1,1],0]],no,no,['HL7V3.0','MTH'],[327/7],0,0),ev(-593,'C0442011','Anterior cervical','Anterior cervical spine approach',[anterior,cervical],[spco],[[[5,5],[1,1],0],[[6,6],[2,2],0]],no,no,['NLMSubSyn','SNOMEDCT_US'],[335/17],0,0),ev(-573,'C0549183','Midline','Midline (qualifier value)',[midline],[spco],[[[10,10],[1,1],0]],no,no,['CHV','NCI','SNMI','SNOMEDCT_US'],[365/7],0,0)]),map(-730,[ev(-757,'C0577559','A mass','Mass of body structure',[a,mass],[fndg],[[[1,1],[1,1],0],[[7,7],[2,2],0]],yes,no,['CHV','MTH','SNM','SNOMEDCT_US'],[308/1,353/4],0,0),ev(-573,'C0205402','Prominent','Prominent',[prominent],[qlco],[[[2,2],[1,1],0]],no,no,['SNOMEDCT_US'],[310/9],0,0),ev(-573,'C3542022','SOFT','SHORT STATURE, ONYCHODYSPLASIA, FACIAL DYSMORPHISM, AND HYPOTRICHOSIS SYNDROME',[soft],[dsyn],[[[3,3],[1,1],0]],no,no,['MTH','OMIM'],[321/4],0,0),ev(-573,'C1608508',uniform,'Uniform - ProbabilityDistributionType',[uniform],[qnco],[[[4,4],[1,1],0]],no,no,['HL7V3.0','MTH'],[327/7],0,0),ev(-593,'C0442011','Anterior cervical','Anterior cervical spine approach',[anterior,cervical],[spco],[[[5,5],[1,1],0],[[6,6],[2,2],0]],no,no,['NLMSubSyn','SNOMEDCT_US'],[335/17],0,0),ev(-573,'C1660780',midline,'midline cell component',[midline],[celc],[[[10,10],[1,1],0]],no,no,['GO','MTH'],[365/7],0,0)]),map(-730,[ev(-757,'C0577559','A mass','Mass of body structure',[a,mass],[fndg],[[[1,1],[1,1],0],[[7,7],[2,2],0]],yes,no,['CHV','MTH','SNM','SNOMEDCT_US'],[308/1,353/4],0,0),ev(-573,'C0205402','Prominent','Prominent',[prominent],[qlco],[[[2,2],[1,1],0]],no,no,['SNOMEDCT_US'],[310/9],0,0),ev(-573,'C3542022','SOFT','SHORT STATURE, ONYCHODYSPLASIA, FACIAL DYSMORPHISM, AND HYPOTRICHOSIS SYNDROME',[soft],[dsyn],[[[3,3],[1,1],0]],no,no,['MTH','OMIM'],[321/4],0,0),ev(-573,'C1608508',uniform,'Uniform - ProbabilityDistributionType',[uniform],[qnco],[[[4,4],[1,1],0]],no,no,['HL7V3.0','MTH'],[327/7],0,0),ev(-593,'C0442011','Anterior cervical','Anterior cervical spine approach',[anterior,cervical],[spco],[[[5,5],[1,1],0],[[6,6],[2,2],0]],no,no,['NLMSubSyn','SNOMEDCT_US'],[335/17],0,0),ev(-573,'C2939193','Midline','Median (qualifier value)',[midline],[spco],[[[10,10],[1,1],0]],no,no,['SNOMEDCT_US'],[365/7],0,0)])]).
'EOU'.
utterance('00000000.tx.7',"25-year-old woman with fatigue, hair loss, weight gain, and cold intolerance for 6 months.",374/90,[]).
phrase('25-year-old woman with fatigue,',[shapes([inputmatch(['25']),features([integer]),tokens(['25'])]),punc([inputmatch([-]),tokens([])]),mod([lexmatch([year]),inputmatch([year]),tag(noun),tokens([year])]),punc([inputmatch([-]),tokens([])]),mod([lexmatch([old]),inputmatch([old]),tag(noun),tokens([old])]),head([lexmatch([woman]),inputmatch([woman]),tag(noun),tokens([woman])]),prep([lexmatch([with]),inputmatch([with]),tag(prep),tokens([with])]),mod([lexmatch([fatigue]),inputmatch([fatigue]),tag(noun),tokens([fatigue])]),punc([inputmatch([',']),tokens([])])],374/31,[]).
candidates(5,0,0,5,[]).
mappings([map(-697,[ev(-586,'C0439234',year,year,[year],[tmco],[[[2,2],[1,1],0]],no,no,['MTH','NCI','SNOMEDCT_US'],[377/4],0,0),ev(-586,'C0580836','Old','Old',[old],[tmco],[[[3,3],[1,1],0]],no,no,['MTH'],[382/3],0,0),ev(-753,'C0043210','Woman','Woman',[woman],[popg],[[[4,4],[1,1],0]],yes,no,['CHV','MSH','MTH','NCI','NLMSubSyn'],[386/5],0,0),ev(-586,'C0015672','Fatigue','Fatigue',[fatigue],[sosy],[[[6,6],[1,1],0]],no,no,['AOD','CHV','MTH','NCI','NLMSubSyn','SNMI','SNOMEDCT_US'],[397/7],0,0)]),map(-697,[ev(-586,'C0439508','/year','per year',[year],[tmco],[[[2,2],[1,1],0]],no,no,['CHV','MTH','NCI','SNOMEDCT_US'],[377/4],0,0),ev(-586,'C0580836','Old','Old',[old],[tmco],[[[3,3],[1,1],0]],no,no,['MTH'],[382/3],0,0),ev(-753,'C0043210','Woman','Woman',[woman],[popg],[[[4,4],[1,1],0]],yes,no,['CHV','MSH','MTH','NCI','NLMSubSyn'],[386/5],0,0),ev(-586,'C0015672','Fatigue','Fatigue',[fatigue],[sosy],[[[6,6],[1,1],0]],no,no,['AOD','CHV','MTH','NCI','NLMSubSyn','SNMI','SNOMEDCT_US'],[397/7],0,0)])]).
phrase('hair loss,',[mod([lexmatch([hair]),inputmatch([hair]),tag(noun),tokens([hair])]),head([lexmatch([loss]),inputmatch([loss]),tag(noun),tokens([loss])]),punc([inputmatch([',']),tokens([])])],406/10,[]).
candidates(9,5,0,4,[]).
mappings([map(-1000,[ev(-1000,'C0002170','Hair loss','Alopecia',[hair,loss],[fndg],[[[1,1],[1,1],0],[[2,2],[2,2],0]],yes,no,['CHV','CST','ICD9CM','MSH','MTH','NCI','NLMSubSyn','SNM','SNOMEDCT_US','SNOMEDCT_VET'],[406/9],0,0)])]).
phrase('weight gain,',[head([lexmatch(['weight gain']),inputmatch([weight,gain]),tag(noun),tokens([weight,gain])]),punc([inputmatch([',']),tokens([])])],417/12,[]).
candidates(15,8,0,7,[]).
mappings([map(-1000,[ev(-1000,'C0043094','Weight Gain','Weight Gain',[weight,gain],[fndg],[[[1,2],[1,2],0]],yes,no,['CHV','CST','MSH','MTH','NCI','NLMSubSyn','OMIM','SNMI','SNOMEDCT_US'],[417/11],0,0)]),map(-1000,[ev(-1000,'C2911647','Weight gain','Weight Gain Adverse Event',[weight,gain],[fndg],[[[1,2],[1,2],0]],yes,no,['MTH','NCI'],[417/11],0,0)])]).
phrase(and,[conj([lexmatch([and]),inputmatch([and]),tag(conj),tokens([and])])],430/3,[]).
candidates(0,0,0,0,[]).
mappings([]).
phrase('cold intolerance for 6 months.',[mod([lexmatch([cold]),inputmatch([cold]),tag(adj),tokens([cold])]),head([lexmatch([intolerance]),inputmatch([intolerance]),tag(noun),tokens([intolerance])]),prep([lexmatch([for]),inputmatch([for]),tag(prep),tokens([for])]),shapes([inputmatch(['6']),features([integer]),tokens(['6'])]),mod([lexmatch([months]),inputmatch([months]),tag(noun),tokens([months])]),punc([inputmatch(['.']),tokens([])])],434/30,[]).
candidates(10,2,0,8,[]).
mappings([map(-745,[ev(-806,'C0009269','Cold intolerance','Cold intolerance',[cold,intolerance],[sosy],[[[1,1],[1,1],0],[[2,2],[2,2],0]],yes,no,['CHV','MTH','SNOMEDCT_US'],[434/16],0,0),ev(-593,'C0439231',months,month,[months],[tmco],[[[5,5],[1,1],0]],no,no,['MTH','SNOMEDCT_US'],[457/6],0,0)])]).
'EOU'.
'EOT'.
