args('metamap14.BINARY.Darwin --lexicon db -Z 2014AA -qE -Q 4 ../../TREC-CDS/2014-original/16.txt ../../TREC-CDS/results/16.txt.out',[lexicon-db,mm_data_year-'2014AA',machine_output-[],indicate_citation_end-[],composite_phrases-4,infile-'../../TREC-CDS/2014-original/16.txt',outfile-'../../TREC-CDS/results/16.txt.out']).
aas([]).
neg_list([]).
utterance('00000000.tx.1',"test. ",0/6,[5]).
phrase('test.',[head([lexmatch([test]),inputmatch([test]),tag(noun),tokens([test])]),punc([inputmatch(['.']),tokens([])])],0/5,[]).
candidates(3,0,0,3,[]).
mappings([map(-1000,[ev(-1000,'C0022885','Test','Laboratory Procedures',[test],[lbpr],[[[1,1],[1,1],0]],yes,no,['CHV','MEDLINEPLUS','MTH','NCI','NLMSubSyn','SNM','SNMI','SNOMEDCT_US'],[0/4],0,0)]),map(-1000,[ev(-1000,'C0039593','Test','Testing',[test],[ftcn],[[[1,1],[1,1],0]],yes,no,['CHV','MTH','NCI','NLMSubSyn'],[0/4],0,0)]),map(-1000,[ev(-1000,'C0392366',test,'Tests (qualifier value)',[test],[inpr],[[[1,1],[1,1],0]],yes,no,['CHV','SNOMEDCT_US'],[0/4],0,0)])]).
'EOU'.
utterance('00000000.tx.2',"A 28-year-old female with neck and shoulder pain and left hand and arm paresthesias three weeks after returning from a trip to California where she attended a stray animal recovery campaign. ",6/191,[]).
phrase('A 28-year-old female with neck',[det([lexmatch([a]),inputmatch(['A']),tag(det),tokens([a])]),shapes([inputmatch(['28']),features([integer]),tokens(['28'])]),punc([inputmatch([-]),tokens([])]),mod([lexmatch([year]),inputmatch([year]),tag(noun),tokens([year])]),punc([inputmatch([-]),tokens([])]),mod([lexmatch([old]),inputmatch([old]),tag(noun),tokens([old])]),head([lexmatch([female]),inputmatch([female]),tag(noun),tokens([female])]),prep([lexmatch([with]),inputmatch([with]),tag(prep),tokens([with])]),mod([lexmatch([neck]),inputmatch([neck]),tag(noun),tokens([neck])])],6/30,[]).
candidates(11,1,0,10,[]).
mappings([map(-673,[ev(-581,'C0439234',year,year,[year],[tmco],[[[3,3],[1,1],0]],no,no,['MTH','NCI','SNOMEDCT_US'],[11/4],0,0),ev(-581,'C0580836','Old','Old',[old],[tmco],[[[4,4],[1,1],0]],no,no,['MTH'],[16/3],0,0),ev(-748,'C0015780','Female','Female',[female],[orga],[[[5,5],[1,1],0]],yes,no,['DXP','MSH','MTH','NCI','NDFRT','NLMSubSyn','QMR','SNOMEDCT_US'],[20/6],0,0),ev(-581,'C0027530','Neck','Neck',[neck],[blor],[[[7,7],[1,1],0]],no,no,['CHV','FMA','MSH','MTH','NCI','SNOMEDCT_US'],[32/4],0,0)]),map(-673,[ev(-581,'C0439234',year,year,[year],[tmco],[[[3,3],[1,1],0]],no,no,['MTH','NCI','SNOMEDCT_US'],[11/4],0,0),ev(-581,'C0580836','Old','Old',[old],[tmco],[[[4,4],[1,1],0]],no,no,['MTH'],[16/3],0,0),ev(-748,'C0015780','Female','Female',[female],[orga],[[[5,5],[1,1],0]],yes,no,['DXP','MSH','MTH','NCI','NDFRT','NLMSubSyn','QMR','SNOMEDCT_US'],[20/6],0,0),ev(-581,'C1281592','Neck','Entire neck',[neck],[bpoc],[[[7,7],[1,1],0]],no,no,['MTH','NLMSubSyn','SNOMEDCT_US'],[32/4],0,0)]),map(-673,[ev(-581,'C0439234',year,year,[year],[tmco],[[[3,3],[1,1],0]],no,no,['MTH','NCI','SNOMEDCT_US'],[11/4],0,0),ev(-581,'C0580836','Old','Old',[old],[tmco],[[[4,4],[1,1],0]],no,no,['MTH'],[16/3],0,0),ev(-748,'C0043210',female,'Woman',[female],[popg],[[[5,5],[1,1],0]],yes,no,['CHV','MSH','MTH','NCI','NLMSubSyn'],[20/6],0,0),ev(-581,'C0027530','Neck','Neck',[neck],[blor],[[[7,7],[1,1],0]],no,no,['CHV','FMA','MSH','MTH','NCI','SNOMEDCT_US'],[32/4],0,0)]),map(-673,[ev(-581,'C0439234',year,year,[year],[tmco],[[[3,3],[1,1],0]],no,no,['MTH','NCI','SNOMEDCT_US'],[11/4],0,0),ev(-581,'C0580836','Old','Old',[old],[tmco],[[[4,4],[1,1],0]],no,no,['MTH'],[16/3],0,0),ev(-748,'C0043210',female,'Woman',[female],[popg],[[[5,5],[1,1],0]],yes,no,['CHV','MSH','MTH','NCI','NLMSubSyn'],[20/6],0,0),ev(-581,'C1281592','Neck','Entire neck',[neck],[bpoc],[[[7,7],[1,1],0]],no,no,['MTH','NLMSubSyn','SNOMEDCT_US'],[32/4],0,0)]),map(-673,[ev(-581,'C0439234',year,year,[year],[tmco],[[[3,3],[1,1],0]],no,no,['MTH','NCI','SNOMEDCT_US'],[11/4],0,0),ev(-581,'C0580836','Old','Old',[old],[tmco],[[[4,4],[1,1],0]],no,no,['MTH'],[16/3],0,0),ev(-748,'C0086287',female,'Females',[female],[popg],[[[5,5],[1,1],0]],yes,no,['CHV','MTH'],[20/6],0,0),ev(-581,'C0027530','Neck','Neck',[neck],[blor],[[[7,7],[1,1],0]],no,no,['CHV','FMA','MSH','MTH','NCI','SNOMEDCT_US'],[32/4],0,0)]),map(-673,[ev(-581,'C0439234',year,year,[year],[tmco],[[[3,3],[1,1],0]],no,no,['MTH','NCI','SNOMEDCT_US'],[11/4],0,0),ev(-581,'C0580836','Old','Old',[old],[tmco],[[[4,4],[1,1],0]],no,no,['MTH'],[16/3],0,0),ev(-748,'C0086287',female,'Females',[female],[popg],[[[5,5],[1,1],0]],yes,no,['CHV','MTH'],[20/6],0,0),ev(-581,'C1281592','Neck','Entire neck',[neck],[bpoc],[[[7,7],[1,1],0]],no,no,['MTH','NLMSubSyn','SNOMEDCT_US'],[32/4],0,0)]),map(-673,[ev(-581,'C0439234',year,year,[year],[tmco],[[[3,3],[1,1],0]],no,no,['MTH','NCI','SNOMEDCT_US'],[11/4],0,0),ev(-581,'C0580836','Old','Old',[old],[tmco],[[[4,4],[1,1],0]],no,no,['MTH'],[16/3],0,0),ev(-748,'C1705497','Female','Female, Self-Report',[female],[qlco],[[[5,5],[1,1],0]],yes,no,['MTH','NCI'],[20/6],0,0),ev(-581,'C0027530','Neck','Neck',[neck],[blor],[[[7,7],[1,1],0]],no,no,['CHV','FMA','MSH','MTH','NCI','SNOMEDCT_US'],[32/4],0,0)]),map(-673,[ev(-581,'C0439234',year,year,[year],[tmco],[[[3,3],[1,1],0]],no,no,['MTH','NCI','SNOMEDCT_US'],[11/4],0,0),ev(-581,'C0580836','Old','Old',[old],[tmco],[[[4,4],[1,1],0]],no,no,['MTH'],[16/3],0,0),ev(-748,'C1705497','Female','Female, Self-Report',[female],[qlco],[[[5,5],[1,1],0]],yes,no,['MTH','NCI'],[20/6],0,0),ev(-581,'C1281592','Neck','Entire neck',[neck],[bpoc],[[[7,7],[1,1],0]],no,no,['MTH','NLMSubSyn','SNOMEDCT_US'],[32/4],0,0)]),map(-673,[ev(-581,'C0439234',year,year,[year],[tmco],[[[3,3],[1,1],0]],no,no,['MTH','NCI','SNOMEDCT_US'],[11/4],0,0),ev(-581,'C0580836','Old','Old',[old],[tmco],[[[4,4],[1,1],0]],no,no,['MTH'],[16/3],0,0),ev(-748,'C1705498','Female','Female Phenotype',[female],[qlco],[[[5,5],[1,1],0]],yes,no,['MTH','NCI'],[20/6],0,0),ev(-581,'C0027530','Neck','Neck',[neck],[blor],[[[7,7],[1,1],0]],no,no,['CHV','FMA','MSH','MTH','NCI','SNOMEDCT_US'],[32/4],0,0)]),map(-673,[ev(-581,'C0439234',year,year,[year],[tmco],[[[3,3],[1,1],0]],no,no,['MTH','NCI','SNOMEDCT_US'],[11/4],0,0),ev(-581,'C0580836','Old','Old',[old],[tmco],[[[4,4],[1,1],0]],no,no,['MTH'],[16/3],0,0),ev(-748,'C1705498','Female','Female Phenotype',[female],[qlco],[[[5,5],[1,1],0]],yes,no,['MTH','NCI'],[20/6],0,0),ev(-581,'C1281592','Neck','Entire neck',[neck],[bpoc],[[[7,7],[1,1],0]],no,no,['MTH','NLMSubSyn','SNOMEDCT_US'],[32/4],0,0)]),map(-673,[ev(-581,'C0439508','/year','per year',[year],[tmco],[[[3,3],[1,1],0]],no,no,['CHV','MTH','NCI','SNOMEDCT_US'],[11/4],0,0),ev(-581,'C0580836','Old','Old',[old],[tmco],[[[4,4],[1,1],0]],no,no,['MTH'],[16/3],0,0),ev(-748,'C0015780','Female','Female',[female],[orga],[[[5,5],[1,1],0]],yes,no,['DXP','MSH','MTH','NCI','NDFRT','NLMSubSyn','QMR','SNOMEDCT_US'],[20/6],0,0),ev(-581,'C0027530','Neck','Neck',[neck],[blor],[[[7,7],[1,1],0]],no,no,['CHV','FMA','MSH','MTH','NCI','SNOMEDCT_US'],[32/4],0,0)]),map(-673,[ev(-581,'C0439508','/year','per year',[year],[tmco],[[[3,3],[1,1],0]],no,no,['CHV','MTH','NCI','SNOMEDCT_US'],[11/4],0,0),ev(-581,'C0580836','Old','Old',[old],[tmco],[[[4,4],[1,1],0]],no,no,['MTH'],[16/3],0,0),ev(-748,'C0015780','Female','Female',[female],[orga],[[[5,5],[1,1],0]],yes,no,['DXP','MSH','MTH','NCI','NDFRT','NLMSubSyn','QMR','SNOMEDCT_US'],[20/6],0,0),ev(-581,'C1281592','Neck','Entire neck',[neck],[bpoc],[[[7,7],[1,1],0]],no,no,['MTH','NLMSubSyn','SNOMEDCT_US'],[32/4],0,0)]),map(-673,[ev(-581,'C0439508','/year','per year',[year],[tmco],[[[3,3],[1,1],0]],no,no,['CHV','MTH','NCI','SNOMEDCT_US'],[11/4],0,0),ev(-581,'C0580836','Old','Old',[old],[tmco],[[[4,4],[1,1],0]],no,no,['MTH'],[16/3],0,0),ev(-748,'C0043210',female,'Woman',[female],[popg],[[[5,5],[1,1],0]],yes,no,['CHV','MSH','MTH','NCI','NLMSubSyn'],[20/6],0,0),ev(-581,'C0027530','Neck','Neck',[neck],[blor],[[[7,7],[1,1],0]],no,no,['CHV','FMA','MSH','MTH','NCI','SNOMEDCT_US'],[32/4],0,0)]),map(-673,[ev(-581,'C0439508','/year','per year',[year],[tmco],[[[3,3],[1,1],0]],no,no,['CHV','MTH','NCI','SNOMEDCT_US'],[11/4],0,0),ev(-581,'C0580836','Old','Old',[old],[tmco],[[[4,4],[1,1],0]],no,no,['MTH'],[16/3],0,0),ev(-748,'C0043210',female,'Woman',[female],[popg],[[[5,5],[1,1],0]],yes,no,['CHV','MSH','MTH','NCI','NLMSubSyn'],[20/6],0,0),ev(-581,'C1281592','Neck','Entire neck',[neck],[bpoc],[[[7,7],[1,1],0]],no,no,['MTH','NLMSubSyn','SNOMEDCT_US'],[32/4],0,0)]),map(-673,[ev(-581,'C0439508','/year','per year',[year],[tmco],[[[3,3],[1,1],0]],no,no,['CHV','MTH','NCI','SNOMEDCT_US'],[11/4],0,0),ev(-581,'C0580836','Old','Old',[old],[tmco],[[[4,4],[1,1],0]],no,no,['MTH'],[16/3],0,0),ev(-748,'C0086287',female,'Females',[female],[popg],[[[5,5],[1,1],0]],yes,no,['CHV','MTH'],[20/6],0,0),ev(-581,'C0027530','Neck','Neck',[neck],[blor],[[[7,7],[1,1],0]],no,no,['CHV','FMA','MSH','MTH','NCI','SNOMEDCT_US'],[32/4],0,0)]),map(-673,[ev(-581,'C0439508','/year','per year',[year],[tmco],[[[3,3],[1,1],0]],no,no,['CHV','MTH','NCI','SNOMEDCT_US'],[11/4],0,0),ev(-581,'C0580836','Old','Old',[old],[tmco],[[[4,4],[1,1],0]],no,no,['MTH'],[16/3],0,0),ev(-748,'C0086287',female,'Females',[female],[popg],[[[5,5],[1,1],0]],yes,no,['CHV','MTH'],[20/6],0,0),ev(-581,'C1281592','Neck','Entire neck',[neck],[bpoc],[[[7,7],[1,1],0]],no,no,['MTH','NLMSubSyn','SNOMEDCT_US'],[32/4],0,0)]),map(-673,[ev(-581,'C0439508','/year','per year',[year],[tmco],[[[3,3],[1,1],0]],no,no,['CHV','MTH','NCI','SNOMEDCT_US'],[11/4],0,0),ev(-581,'C0580836','Old','Old',[old],[tmco],[[[4,4],[1,1],0]],no,no,['MTH'],[16/3],0,0),ev(-748,'C1705497','Female','Female, Self-Report',[female],[qlco],[[[5,5],[1,1],0]],yes,no,['MTH','NCI'],[20/6],0,0),ev(-581,'C0027530','Neck','Neck',[neck],[blor],[[[7,7],[1,1],0]],no,no,['CHV','FMA','MSH','MTH','NCI','SNOMEDCT_US'],[32/4],0,0)]),map(-673,[ev(-581,'C0439508','/year','per year',[year],[tmco],[[[3,3],[1,1],0]],no,no,['CHV','MTH','NCI','SNOMEDCT_US'],[11/4],0,0),ev(-581,'C0580836','Old','Old',[old],[tmco],[[[4,4],[1,1],0]],no,no,['MTH'],[16/3],0,0),ev(-748,'C1705497','Female','Female, Self-Report',[female],[qlco],[[[5,5],[1,1],0]],yes,no,['MTH','NCI'],[20/6],0,0),ev(-581,'C1281592','Neck','Entire neck',[neck],[bpoc],[[[7,7],[1,1],0]],no,no,['MTH','NLMSubSyn','SNOMEDCT_US'],[32/4],0,0)]),map(-673,[ev(-581,'C0439508','/year','per year',[year],[tmco],[[[3,3],[1,1],0]],no,no,['CHV','MTH','NCI','SNOMEDCT_US'],[11/4],0,0),ev(-581,'C0580836','Old','Old',[old],[tmco],[[[4,4],[1,1],0]],no,no,['MTH'],[16/3],0,0),ev(-748,'C1705498','Female','Female Phenotype',[female],[qlco],[[[5,5],[1,1],0]],yes,no,['MTH','NCI'],[20/6],0,0),ev(-581,'C0027530','Neck','Neck',[neck],[blor],[[[7,7],[1,1],0]],no,no,['CHV','FMA','MSH','MTH','NCI','SNOMEDCT_US'],[32/4],0,0)]),map(-673,[ev(-581,'C0439508','/year','per year',[year],[tmco],[[[3,3],[1,1],0]],no,no,['CHV','MTH','NCI','SNOMEDCT_US'],[11/4],0,0),ev(-581,'C0580836','Old','Old',[old],[tmco],[[[4,4],[1,1],0]],no,no,['MTH'],[16/3],0,0),ev(-748,'C1705498','Female','Female Phenotype',[female],[qlco],[[[5,5],[1,1],0]],yes,no,['MTH','NCI'],[20/6],0,0),ev(-581,'C1281592','Neck','Entire neck',[neck],[bpoc],[[[7,7],[1,1],0]],no,no,['MTH','NLMSubSyn','SNOMEDCT_US'],[32/4],0,0)])]).
phrase(and,[conj([lexmatch([and]),inputmatch([and]),tag(conj),tokens([and])])],37/3,[]).
candidates(0,0,0,0,[]).
mappings([]).
phrase('shoulder pain',[head([lexmatch(['shoulder pain']),inputmatch([shoulder,pain]),tag(noun),tokens([shoulder,pain])])],41/13,[]).
candidates(5,0,0,5,[]).
mappings([map(-1000,[ev(-1000,'C0037011','Shoulder Pain','Shoulder Pain',[shoulder,pain],[sosy],[[[1,2],[1,2],0]],yes,no,['ICD10CM','MSH','MTH','NLMSubSyn','SNMI','SNOMEDCT_US'],[41/13],0,0)])]).
phrase(and,[conj([lexmatch([and]),inputmatch([and]),tag(conj),tokens([and])])],55/3,[]).
candidates(0,0,0,0,[]).
mappings([]).
phrase('left hand',[head([lexmatch(['left hand']),inputmatch([left,hand]),tag(adj),tokens([left,hand])])],59/9,[]).
candidates(9,2,0,7,[]).
mappings([map(-1000,[ev(-1000,'C0230371','Left hand','Structure of left hand',[left,hand],[bpoc],[[[1,1],[1,1],0],[[2,2],[2,2],0]],yes,no,['LNC','MTH','SNOMEDCT_US'],[59/9],0,0)]),map(-1000,[ev(-1000,'C1288949','Left hand','Entire left hand',[left,hand],[bpoc],[[[1,1],[1,1],0],[[2,2],[2,2],0]],yes,no,['MTH','SNOMEDCT_US'],[59/9],0,0)])]).
phrase(and,[conj([lexmatch([and]),inputmatch([and]),tag(conj),tokens([and])])],69/3,[]).
candidates(0,0,0,0,[]).
mappings([]).
phrase('arm paresthesias three weeks',[mod([lexmatch([arm]),inputmatch([arm]),tag(noun),tokens([arm])]),mod([lexmatch([paresthesias]),inputmatch([paresthesias]),tag(noun),tokens([paresthesias])]),shapes([inputmatch([three]),features([word_numeral]),tokens([three])]),head([lexmatch([weeks]),inputmatch([weeks]),tag(noun),tokens([weeks])])],73/28,[]).
candidates(10,4,0,6,[]).
mappings([map(-833,[ev(-645,'C0446516','Arm','Upper arm',[arm],[blor],[[[1,1],[1,1],0]],no,no,['FMA','ICF','MSH','MTH','NLMSubSyn','SNOMEDCT_US','SNOMEDCT_VET'],[73/3],0,0),ev(-645,'C0030554','Paresthesias','Paresthesia',[paresthesias],[sosy],[[[2,2],[1,1],0]],no,no,['CHV','MTH','NLMSubSyn','OMIM','SNOMEDCT_US'],[77/12],0,0),ev(-645,'C0205449','Three','Three',[three],[qnco],[[[3,3],[1,1],0]],no,no,['MTH','SNOMEDCT_US'],[90/5],0,0),ev(-812,'C0439230',weeks,week,[weeks],[tmco],[[[4,4],[1,1],0]],yes,no,['MTH','SNOMEDCT_US'],[96/5],0,0)]),map(-833,[ev(-645,'C1269078','Arm','Entire upper limb',[arm],[bpoc],[[[1,1],[1,1],0]],no,no,['MTH','NLMSubSyn','SNOMEDCT_US'],[73/3],0,0),ev(-645,'C0030554','Paresthesias','Paresthesia',[paresthesias],[sosy],[[[2,2],[1,1],0]],no,no,['CHV','MTH','NLMSubSyn','OMIM','SNOMEDCT_US'],[77/12],0,0),ev(-645,'C0205449','Three','Three',[three],[qnco],[[[3,3],[1,1],0]],no,no,['MTH','SNOMEDCT_US'],[90/5],0,0),ev(-812,'C0439230',weeks,week,[weeks],[tmco],[[[4,4],[1,1],0]],yes,no,['MTH','SNOMEDCT_US'],[96/5],0,0)]),map(-833,[ev(-645,'C1269612','Arm','Entire upper arm',[arm],[blor],[[[1,1],[1,1],0]],no,no,['MTH','NLMSubSyn','SNOMEDCT_US'],[73/3],0,0),ev(-645,'C0030554','Paresthesias','Paresthesia',[paresthesias],[sosy],[[[2,2],[1,1],0]],no,no,['CHV','MTH','NLMSubSyn','OMIM','SNOMEDCT_US'],[77/12],0,0),ev(-645,'C0205449','Three','Three',[three],[qnco],[[[3,3],[1,1],0]],no,no,['MTH','SNOMEDCT_US'],[90/5],0,0),ev(-812,'C0439230',weeks,week,[weeks],[tmco],[[[4,4],[1,1],0]],yes,no,['MTH','SNOMEDCT_US'],[96/5],0,0)])]).
phrase(after,[conj([lexmatch([after]),inputmatch([after]),tag(conj),tokens([after])])],102/5,[]).
candidates(0,0,0,0,[]).
mappings([]).
phrase('returning from a trip',[verb([lexmatch([returning]),inputmatch([returning]),tag(verb),tokens([returning])]),prep([lexmatch([from]),inputmatch([from]),tag(prep),tokens([from])]),det([lexmatch([a]),inputmatch([a]),tag(det),tokens([a])]),mod([lexmatch([trip]),inputmatch([trip]),tag(noun),tokens([trip])])],108/21,[]).
candidates(2,0,0,2,[]).
mappings([map(-691,[ev(-737,'C0332156','Return','Return to',[return],[qlco],[[[1,1],[1,1],1]],yes,no,['NCI','SNOMEDCT_US'],[108/9],0,0),ev(-770,'C0221188',trip,'Tripping',[trip],[phpr],[[[4,4],[1,1],0]],yes,no,['CHV','MTH'],[125/4],0,0)])]).
phrase('to California where',[prep([lexmatch([to]),inputmatch([to]),tag(prep),tokens([to])]),head([lexmatch([california]),inputmatch(['California']),tag(noun),tokens([california])]),adv([lexmatch([where]),inputmatch([where]),tag(adv),tokens([where])])],130/19,[]).
candidates(2,0,0,2,[]).
mappings([map(-861,[ev(-861,'C0006754','California','California',[california],[geoa],[[[1,1],[1,1],0]],yes,no,['MTH'],[133/10],0,0)]),map(-861,[ev(-861,'C3146274','California','California (plant)',[california],[plnt],[[[1,1],[1,1],0]],yes,no,['MTH','NCBI'],[133/10],0,0)])]).
phrase(she,[pron([lexmatch([she]),inputmatch([she]),tag(pron),tokens([she])])],150/3,[]).
candidates(0,0,0,0,[]).
mappings([]).
phrase(attended,[verb([lexmatch([attended]),inputmatch([attended]),tag(verb),tokens([attended])])],154/8,[]).
candidates(2,0,0,2,[]).
mappings([map(-1000,[ev(-1000,'C1456498','Attended','Attended (qualifier value)',[attended],[ftcn],[[[1,1],[1,1],0]],yes,no,['SNOMEDCT_US'],[154/8],0,0)]),map(-1000,[ev(-1000,'C1999232',attended,'Attending (action)',[attended],[ftcn],[[[1,1],[1,1],0]],yes,no,['CHV','MTH'],[154/8],0,0)])]).
phrase('a stray animal recovery campaign.',[det([lexmatch([a]),inputmatch([a]),tag(det),tokens([a])]),mod([lexmatch([stray]),inputmatch([stray]),tag(noun),tokens([stray])]),mod([lexmatch([animal]),inputmatch([animal]),tag(noun),tokens([animal])]),mod([lexmatch([recovery]),inputmatch([recovery]),tag(noun),tokens([recovery])]),head([lexmatch([campaign]),inputmatch([campaign]),tag(noun),tokens([campaign])]),punc([inputmatch(['.']),tokens([])])],163/33,[]).
candidates(4,0,0,4,[]).
mappings([map(-583,[ev(-645,'C0003062','Animal','Animals',[animal],[anim],[[[2,2],[1,1],0]],no,no,['CHV','MSH','MTH','NCBI','SNOMEDCT_US'],[171/6],0,0),ev(-645,'C0237820','Recovery','Recovery - action',[recovery],[acty],[[[3,3],[1,1],0]],no,no,['CHV','MTH','NCI','NLMSubSyn'],[178/8],0,0)]),map(-583,[ev(-645,'C0003062','Animal','Animals',[animal],[anim],[[[2,2],[1,1],0]],no,no,['CHV','MSH','MTH','NCBI','SNOMEDCT_US'],[171/6],0,0),ev(-645,'C1555688',recovery,'Recovery - ActInvoiceAdjudicationPaymentGroupCode',[recovery],[idcn],[[[3,3],[1,1],0]],no,no,['HL7V3.0','MTH'],[178/8],0,0)]),map(-583,[ev(-645,'C0003062','Animal','Animals',[animal],[anim],[[[2,2],[1,1],0]],no,no,['CHV','MSH','MTH','NCBI','SNOMEDCT_US'],[171/6],0,0),ev(-645,'C2004454','Recovery','Recovery - healing process',[recovery],[orgf],[[[3,3],[1,1],0]],no,no,['AOD','MTH','NCI'],[178/8],0,0)])]).
'EOU'.
utterance('00000000.tx.3',"Her physical exam was unremarkable except for slight tremors and almost imperceptible spasticity. ",197/98,[]).
phrase('Her physical exam',[pron([lexmatch([her]),inputmatch(['Her']),tag(pron),tokens([her])]),mod([lexmatch([physical]),inputmatch([physical]),tag(adj),tokens([physical])]),head([lexmatch([exam]),inputmatch([exam]),tag(noun),tokens([exam])])],197/17,[]).
candidates(6,0,0,6,[]).
mappings([map(-1000,[ev(-1000,'C0031809','Physical Exam','Physical Examination',[physical,exam],[hlca],[[[1,1],[1,1],0],[[2,2],[2,2],0]],yes,no,['AIR','CHV','ICD9CM','MSH','MTH','NCI','NLMSubSyn','SNMI','SNOMEDCT_US'],[201/13],0,0)]),map(-1000,[ev(-1000,'C1744699','Physical Exam','Physical Exam Domain',[physical,exam],[idcn],[[[1,1],[1,1],0],[[2,2],[2,2],0]],yes,no,['MTH','NCI','NLMSubSyn'],[201/13],0,0)])]).
phrase(was,[aux([lexmatch([was]),inputmatch([was]),tag(aux),tokens([was])])],215/3,[]).
candidates(0,0,0,0,[]).
mappings([]).
phrase('unremarkable except for slight tremors',[head([lexmatch([unremarkable]),inputmatch([unremarkable]),tag(adj),tokens([unremarkable])]),prep([lexmatch(['except for']),inputmatch([except,for]),tag(prep),tokens([except,for])]),mod([lexmatch([slight]),inputmatch([slight]),tag(adj),tokens([slight])]),mod([lexmatch([tremors]),inputmatch([tremors]),tag(noun),tokens([tremors])])],219/38,[]).
candidates(5,1,0,4,[]).
mappings([map(-696,[ev(-760,'C0205307','Unremarkable','Normal',[unremarkable],[qlco],[[[1,1],[1,1],0]],yes,no,['MTH','SNOMEDCT_US'],[219/12],0,0),ev(-593,'C2937276','Slight','Slight (qualifier value)',[slight],[qlco],[[[4,4],[1,1],0]],no,no,['SNOMEDCT_US'],[243/6],0,0),ev(-593,'C0040822','TREMORS','Tremor',[tremors],[sosy],[[[5,5],[1,1],0]],no,no,['CHV','ICD10CM','MTH','NCI','SNMI','SNOMEDCT_US','SNOMEDCT_VET'],[250/7],0,0)]),map(-696,[ev(-760,'C0205307','Unremarkable','Normal',[unremarkable],[qlco],[[[1,1],[1,1],0]],yes,no,['MTH','SNOMEDCT_US'],[219/12],0,0),ev(-593,'C2945599','Slight','Mild (qualifier value)',[slight],[qlco],[[[4,4],[1,1],0]],no,no,['NCI','SNMI','SNOMEDCT_US'],[243/6],0,0),ev(-593,'C0040822','TREMORS','Tremor',[tremors],[sosy],[[[5,5],[1,1],0]],no,no,['CHV','ICD10CM','MTH','NCI','SNMI','SNOMEDCT_US','SNOMEDCT_VET'],[250/7],0,0)])]).
phrase(and,[conj([lexmatch([and]),inputmatch([and]),tag(conj),tokens([and])])],258/3,[]).
candidates(0,0,0,0,[]).
mappings([]).
phrase('almost imperceptible spasticity.',[adv([lexmatch([almost]),inputmatch([almost]),tag(adv),tokens([almost])]),mod([lexmatch([imperceptible]),inputmatch([imperceptible]),tag(adj),tokens([imperceptible])]),head([lexmatch([spasticity]),inputmatch([spasticity]),tag(noun),tokens([spasticity])]),punc([inputmatch(['.']),tokens([])])],262/32,[]).
candidates(2,1,0,1,[]).
mappings([map(-827,[ev(-827,'C0026838','Spasticity','Muscle Spasticity',[spasticity],[sosy],[[[3,3],[1,1],0]],yes,no,['CHV','CST','MTH','SNOMEDCT_US'],[283/10],0,0)])]).
'EOU'.
utterance('00000000.tx.4',"She was prescribed NSAIDS and a topical muscle relaxant. ",295/57,[]).
phrase('She',[pron([lexmatch([she]),inputmatch(['She']),tag(pron),tokens([she])])],295/3,[]).
candidates(0,0,0,0,[]).
mappings([]).
phrase(was,[aux([lexmatch([was]),inputmatch([was]),tag(aux),tokens([was])])],299/3,[]).
candidates(0,0,0,0,[]).
mappings([]).
phrase(prescribed,[verb([lexmatch([prescribed]),inputmatch([prescribed]),tag(verb),tokens([prescribed])])],303/10,[]).
candidates(1,0,0,1,[]).
mappings([map(-1000,[ev(-1000,'C0278329','Prescribed','Prescribed',[prescribed],[hlca],[[[1,1],[1,1],0]],yes,no,['LCH','SNMI'],[303/10],0,0)])]).
phrase('NSAIDS',[head([lexmatch([nsaids]),inputmatch(['NSAIDS']),tag(noun),tokens([nsaids])])],314/6,[]).
candidates(2,1,0,1,[]).
mappings([map(-1000,[ev(-1000,'C0003211','NSAIDs','Anti-Inflammatory Agents, Non-Steroidal',[nsaids],[phsu],[[[1,1],[1,1],0]],yes,no,['CSP','LNC','MSH','MTH','NCI','NLMSubSyn','SNOMEDCT_US','USPMG'],[314/6],0,0)])]).
phrase(and,[conj([lexmatch([and]),inputmatch([and]),tag(conj),tokens([and])])],321/3,[]).
candidates(0,0,0,0,[]).
mappings([]).
phrase('a topical muscle relaxant.',[det([lexmatch([a]),inputmatch([a]),tag(det),tokens([a])]),mod([lexmatch([topical]),inputmatch([topical]),tag(adj),tokens([topical])]),head([lexmatch(['muscle relaxant']),inputmatch([muscle,relaxant]),tag(noun),tokens([muscle,relaxant])]),punc([inputmatch(['.']),tokens([])])],325/26,[]).
candidates(5,1,0,4,[]).
mappings([map(-901,[ev(-660,'C0332237','Topical','Topical surface',[topical],[spco],[[[1,1],[1,1],0]],no,no,['MTH','SNOMEDCT_US'],[327/7],0,0),ev(-901,'C0358430','Muscle Relaxant','Muscle relaxants',[muscle,relaxant],[phsu],[[[2,3],[1,2],0]],yes,no,['MTH','NCI'],[335/15],0,0)]),map(-901,[ev(-660,'C0332237','Topical','Topical surface',[topical],[spco],[[[1,1],[1,1],0]],no,no,['MTH','SNOMEDCT_US'],[327/7],0,0),ev(-901,'C2911818','Muscle Relaxant','Muscle Relaxant [EPC]',[muscle,relaxant],[phsu],[[[2,3],[1,2],0]],yes,no,['NDFRT'],[335/15],0,0)])]).
'EOU'.
utterance('00000000.tx.5',"She was brought in to the ER three days later with spastic arm movements, sweating, increasing agitation and anxiety, malaise, difficultly swallowing and marked hydrophobia, and was immediately hospitalized. ",352/208,[559]).
phrase('She',[pron([lexmatch([she]),inputmatch(['She']),tag(pron),tokens([she])])],352/3,[]).
candidates(0,0,0,0,[]).
mappings([]).
phrase(was,[aux([lexmatch([was]),inputmatch([was]),tag(aux),tokens([was])])],356/3,[]).
candidates(0,0,0,0,[]).
mappings([]).
phrase('brought in to the ER three days',[verb([lexmatch([brought]),inputmatch([brought]),tag(verb),tokens([brought])]),prep([lexmatch(['in to']),inputmatch([in,to]),tag(prep),tokens([in,to])]),det([lexmatch([the]),inputmatch([the]),tag(det),tokens([the])]),mod([lexmatch([er]),inputmatch(['ER']),tag(noun),tokens([er])]),shapes([inputmatch([three]),features([word_numeral]),tokens([three])]),mod([lexmatch([days]),inputmatch([days]),tag(noun),tokens([days])])],360/31,[]).
candidates(5,2,0,3,[]).
mappings([map(-656,[ev(-748,'C0332302',brought,'Brought on by',[brought],[ftcn],[[[1,1],[1,1],0]],yes,no,['CHV','SNMI'],[360/7],0,0),ev(-748,'C0205449','Three','Three',[three],[qnco],[[[6,6],[1,1],0]],yes,no,['MTH','SNOMEDCT_US'],[381/5],0,0),ev(-748,'C0439228',days,day,[days],[tmco],[[[7,7],[1,1],0]],yes,no,['MTH','SNOMEDCT_US'],[387/4],0,0)])]).
phrase('later with spastic arm movements,',[head([lexmatch([later]),inputmatch([later]),tag(adj),tokens([later])]),prep([lexmatch([with]),inputmatch([with]),tag(prep),tokens([with])]),mod([lexmatch([spastic]),inputmatch([spastic]),tag(adj),tokens([spastic])]),mod([lexmatch([arm]),inputmatch([arm]),tag(noun),tokens([arm])]),mod([lexmatch([movements]),inputmatch([movements]),tag(noun),tokens([movements])]),punc([inputmatch([',']),tokens([])])],392/33,[]).
candidates(9,3,0,6,[]).
mappings([map(-725,[ev(-726,'C0205087','Late','Late',[late],[tmco],[[[1,1],[1,1],1]],yes,no,['MTH','SNOMEDCT_US'],[392/5],0,0),ev(-593,'C0443306','Spastic','Spastic',[spastic],[sosy],[[[3,3],[1,1],0]],no,no,['CHV','MTH'],[403/7],0,0),ev(-593,'C0446516','Arm','Upper arm',[arm],[blor],[[[4,4],[1,1],0]],no,no,['FMA','ICF','MSH','MTH','NLMSubSyn','SNOMEDCT_US','SNOMEDCT_VET'],[411/3],0,0),ev(-593,'C0026649','Movement','Movement',[movement],[orgf],[[[5,5],[1,1],0]],no,no,['CHV','CSP','LCH','MTH','SNOMEDCT_US'],[415/9],0,0)]),map(-725,[ev(-726,'C0205087','Late','Late',[late],[tmco],[[[1,1],[1,1],1]],yes,no,['MTH','SNOMEDCT_US'],[392/5],0,0),ev(-593,'C0443306','Spastic','Spastic',[spastic],[sosy],[[[3,3],[1,1],0]],no,no,['CHV','MTH'],[403/7],0,0),ev(-593,'C1269078','Arm','Entire upper limb',[arm],[bpoc],[[[4,4],[1,1],0]],no,no,['MTH','NLMSubSyn','SNOMEDCT_US'],[411/3],0,0),ev(-593,'C0026649','Movement','Movement',[movement],[orgf],[[[5,5],[1,1],0]],no,no,['CHV','CSP','LCH','MTH','SNOMEDCT_US'],[415/9],0,0)]),map(-725,[ev(-726,'C0205087','Late','Late',[late],[tmco],[[[1,1],[1,1],1]],yes,no,['MTH','SNOMEDCT_US'],[392/5],0,0),ev(-593,'C0443306','Spastic','Spastic',[spastic],[sosy],[[[3,3],[1,1],0]],no,no,['CHV','MTH'],[403/7],0,0),ev(-593,'C1269612','Arm','Entire upper arm',[arm],[blor],[[[4,4],[1,1],0]],no,no,['MTH','NLMSubSyn','SNOMEDCT_US'],[411/3],0,0),ev(-593,'C0026649','Movement','Movement',[movement],[orgf],[[[5,5],[1,1],0]],no,no,['CHV','CSP','LCH','MTH','SNOMEDCT_US'],[415/9],0,0)])]).
phrase(sweating,[verb([lexmatch([sweating]),inputmatch([sweating]),tag(verb),tokens([sweating])])],426/8,[]).
candidates(2,1,0,1,[]).
mappings([map(-1000,[ev(-1000,'C0038990','Sweating','Sweating',[sweating],[fndg],[[[1,1],[1,1],0]],yes,no,['CHV','MTH','SNMI','SNOMEDCT_US'],[426/8],0,0)])]).
phrase(',',[punc([inputmatch([',']),tokens([])])],434/1,[]).
candidates(0,0,0,0,[]).
mappings([]).
phrase(increasing,[verb([lexmatch([increasing]),inputmatch([increasing]),tag(verb),tokens([increasing])])],436/10,[]).
candidates(8,7,0,1,[]).
mappings([map(-1000,[ev(-1000,'C0442808','Increasing','Increasing',[increasing],[ftcn],[[[1,1],[1,1],0]],yes,no,['SNOMEDCT_US'],[436/10],0,0)])]).
phrase(agitation,[head([lexmatch([agitation]),inputmatch([agitation]),tag(noun),tokens([agitation])])],447/9,[]).
candidates(1,0,0,1,[]).
mappings([map(-1000,[ev(-1000,'C0085631','Agitation','Agitation',[agitation],[sosy],[[[1,1],[1,1],0]],yes,no,['AOD','CHV','CST','MSH','MTH','NCI','SNOMEDCT_US'],[447/9],0,0)])]).
phrase(and,[conj([lexmatch([and]),inputmatch([and]),tag(conj),tokens([and])])],457/3,[]).
candidates(0,0,0,0,[]).
mappings([]).
phrase('anxiety,',[head([lexmatch([anxiety]),inputmatch([anxiety]),tag(noun),tokens([anxiety])]),punc([inputmatch([',']),tokens([])])],461/8,[]).
candidates(2,0,0,2,[]).
mappings([map(-1000,[ev(-1000,'C0003467','Anxiety','Anxiety',[anxiety],[menp],[[[1,1],[1,1],0]],yes,no,['AOD','CST','MSH','MTH','SNMI','SNOMEDCT_US','SNOMEDCT_VET'],[461/7],0,0)]),map(-1000,[ev(-1000,'C0003469','Anxiety','Anxiety Disorders',[anxiety],[mobd],[[[1,1],[1,1],0]],yes,no,['ICD10CM','MTH','NCI','NLMSubSyn','SNOMEDCT_US'],[461/7],0,0)])]).
phrase('malaise,',[head([lexmatch([malaise]),inputmatch([malaise]),tag(noun),tokens([malaise])]),punc([inputmatch([',']),tokens([])])],470/8,[]).
candidates(1,0,0,1,[]).
mappings([map(-1000,[ev(-1000,'C0231218','Malaise','Malaise',[malaise],[sosy],[[[1,1],[1,1],0]],yes,no,['CHV','CST','MTH','NLMSubSyn','SNOMEDCT_US'],[470/7],0,0)])]).
phrase('difficultly swallowing',[adv([lexmatch([difficultly]),inputmatch([difficultly]),tag(adv),tokens([difficultly])]),head([lexmatch([swallowing]),inputmatch([swallowing]),tag(noun),tokens([swallowing])])],479/22,[]).
candidates(5,2,0,3,[]).
mappings([map(-861,[ev(-861,'C0011167','Swallowing','Deglutition',[swallowing],[orgf],[[[2,2],[1,1],0]],yes,no,['MSH','MTH','SNMI'],[491/10],0,0)]),map(-861,[ev(-861,'C0740170',swallowing,'Does swallow',[swallowing],[fndg],[[[2,2],[1,1],0]],yes,no,['CHV','SNOMEDCT_US'],[491/10],0,0)]),map(-861,[ev(-861,'C2598159','Swallowing','Swallowing:-:Point in time:^Patient:-',[swallowing],[clna],[[[2,2],[1,1],0]],yes,no,['LNC'],[491/10],0,0)])]).
phrase(and,[conj([lexmatch([and]),inputmatch([and]),tag(conj),tokens([and])])],502/3,[]).
candidates(0,0,0,0,[]).
mappings([]).
phrase('marked hydrophobia,',[mod([lexmatch([marked]),inputmatch([marked]),tag(adj),tokens([marked])]),head([lexmatch([hydrophobia]),inputmatch([hydrophobia]),tag(noun),tokens([hydrophobia])]),punc([inputmatch([',']),tokens([])])],506/19,[]).
candidates(6,2,0,4,[]).
mappings([map(-888,[ev(-694,'C0522501','Marked','Massive',[marked],[qlco],[[[1,1],[1,1],0]],no,no,['CHV','MTH','SNOMEDCT_US'],[506/6],0,0),ev(-861,'C0034494','Hydrophobia','Rabies (disorder)',[hydrophobia],[dsyn],[[[2,2],[1,1],0]],yes,no,['ICD10CM','MSH','NLMSubSyn','SNOMEDCT_US','SNOMEDCT_VET'],[513/11],0,0)]),map(-888,[ev(-694,'C0522501','Marked','Massive',[marked],[qlco],[[[1,1],[1,1],0]],no,no,['CHV','MTH','SNOMEDCT_US'],[506/6],0,0),ev(-861,'C1609481','Hydrophobia','Hydrophobia',[hydrophobia],[mobd],[[[2,2],[1,1],0]],yes,no,['MTH'],[513/11],0,0)]),map(-888,[ev(-694,'C1706089','Marked','Marked',[marked],[qlco],[[[1,1],[1,1],0]],no,no,['MTH'],[506/6],0,0),ev(-861,'C0034494','Hydrophobia','Rabies (disorder)',[hydrophobia],[dsyn],[[[2,2],[1,1],0]],yes,no,['ICD10CM','MSH','NLMSubSyn','SNOMEDCT_US','SNOMEDCT_VET'],[513/11],0,0)]),map(-888,[ev(-694,'C1706089','Marked','Marked',[marked],[qlco],[[[1,1],[1,1],0]],no,no,['MTH'],[506/6],0,0),ev(-861,'C1609481','Hydrophobia','Hydrophobia',[hydrophobia],[mobd],[[[2,2],[1,1],0]],yes,no,['MTH'],[513/11],0,0)])]).
phrase(and,[conj([lexmatch([and]),inputmatch([and]),tag(conj),tokens([and])])],526/3,[]).
candidates(0,0,0,0,[]).
mappings([]).
phrase(was,[aux([lexmatch([was]),inputmatch([was]),tag(aux),tokens([was])])],530/3,[]).
candidates(0,0,0,0,[]).
mappings([]).
phrase(immediately,[adv([lexmatch([immediately]),inputmatch([immediately]),tag(adv),tokens([immediately])])],534/11,[]).
candidates(1,0,0,1,[]).
mappings([map(-1000,[ev(-1000,'C0205548','Immediately','Stat (do immediately)',[immediately],[tmco],[[[1,1],[1,1],0]],yes,no,['HL7V2.5','NCI','SNOMEDCT_US'],[534/11],0,0)])]).
phrase('hospitalized.',[verb([lexmatch([hospitalized]),inputmatch([hospitalized]),tag(verb),tokens([hospitalized])]),punc([inputmatch(['.']),tokens([])])],546/13,[]).
candidates(1,0,0,1,[]).
mappings([map(-1000,[ev(-1000,'C0701159','HOSPITALIZED','Patient in hospital',[hospitalized],[fndg],[[[1,1],[1,1],0]],yes,no,['CHV','DXP','SNOMEDCT_US'],[546/12],0,0)])]).
'EOU'.
utterance('00000000.tx.6',"28-year-old female with neck pain and left arm numbness 3 weeks after working with stray animals. ",560/98,[]).
phrase('28-year-old female with neck pain',[shapes([inputmatch(['28']),features([integer]),tokens(['28'])]),punc([inputmatch([-]),tokens([])]),mod([lexmatch([year]),inputmatch([year]),tag(noun),tokens([year])]),punc([inputmatch([-]),tokens([])]),mod([lexmatch([old]),inputmatch([old]),tag(noun),tokens([old])]),head([lexmatch([female]),inputmatch([female]),tag(noun),tokens([female])]),prep([lexmatch([with]),inputmatch([with]),tag(prep),tokens([with])]),mod([lexmatch(['neck pain']),inputmatch([neck,pain]),tag(noun),tokens([neck,pain])])],560/33,[]).
candidates(15,1,0,14,[]).
mappings([map(-710,[ev(-581,'C0439234',year,year,[year],[tmco],[[[2,2],[1,1],0]],no,no,['MTH','NCI','SNOMEDCT_US'],[563/4],0,0),ev(-581,'C0580836','Old','Old',[old],[tmco],[[[3,3],[1,1],0]],no,no,['MTH'],[568/3],0,0),ev(-748,'C0015780','Female','Female',[female],[orga],[[[4,4],[1,1],0]],yes,no,['DXP','MSH','MTH','NCI','NDFRT','NLMSubSyn','QMR','SNOMEDCT_US'],[572/6],0,0),ev(-612,'C0007859','Neck Pain','Neck Pain',[neck,pain],[sosy],[[[6,7],[1,2],0]],no,no,['CST','MSH','MTH','NCI','NLMSubSyn','SNOMEDCT_US'],[584/9],0,0)]),map(-710,[ev(-581,'C0439234',year,year,[year],[tmco],[[[2,2],[1,1],0]],no,no,['MTH','NCI','SNOMEDCT_US'],[563/4],0,0),ev(-581,'C0580836','Old','Old',[old],[tmco],[[[3,3],[1,1],0]],no,no,['MTH'],[568/3],0,0),ev(-748,'C0015780','Female','Female',[female],[orga],[[[4,4],[1,1],0]],yes,no,['DXP','MSH','MTH','NCI','NDFRT','NLMSubSyn','QMR','SNOMEDCT_US'],[572/6],0,0),ev(-612,'C1963180','Neck pain','Neck Pain Adverse Event',[neck,pain],[fndg],[[[6,7],[1,2],0]],no,no,['MTH','NCI'],[584/9],0,0)]),map(-710,[ev(-581,'C0439234',year,year,[year],[tmco],[[[2,2],[1,1],0]],no,no,['MTH','NCI','SNOMEDCT_US'],[563/4],0,0),ev(-581,'C0580836','Old','Old',[old],[tmco],[[[3,3],[1,1],0]],no,no,['MTH'],[568/3],0,0),ev(-748,'C0043210',female,'Woman',[female],[popg],[[[4,4],[1,1],0]],yes,no,['CHV','MSH','MTH','NCI','NLMSubSyn'],[572/6],0,0),ev(-612,'C0007859','Neck Pain','Neck Pain',[neck,pain],[sosy],[[[6,7],[1,2],0]],no,no,['CST','MSH','MTH','NCI','NLMSubSyn','SNOMEDCT_US'],[584/9],0,0)]),map(-710,[ev(-581,'C0439234',year,year,[year],[tmco],[[[2,2],[1,1],0]],no,no,['MTH','NCI','SNOMEDCT_US'],[563/4],0,0),ev(-581,'C0580836','Old','Old',[old],[tmco],[[[3,3],[1,1],0]],no,no,['MTH'],[568/3],0,0),ev(-748,'C0043210',female,'Woman',[female],[popg],[[[4,4],[1,1],0]],yes,no,['CHV','MSH','MTH','NCI','NLMSubSyn'],[572/6],0,0),ev(-612,'C1963180','Neck pain','Neck Pain Adverse Event',[neck,pain],[fndg],[[[6,7],[1,2],0]],no,no,['MTH','NCI'],[584/9],0,0)]),map(-710,[ev(-581,'C0439234',year,year,[year],[tmco],[[[2,2],[1,1],0]],no,no,['MTH','NCI','SNOMEDCT_US'],[563/4],0,0),ev(-581,'C0580836','Old','Old',[old],[tmco],[[[3,3],[1,1],0]],no,no,['MTH'],[568/3],0,0),ev(-748,'C0086287',female,'Females',[female],[popg],[[[4,4],[1,1],0]],yes,no,['CHV','MTH'],[572/6],0,0),ev(-612,'C0007859','Neck Pain','Neck Pain',[neck,pain],[sosy],[[[6,7],[1,2],0]],no,no,['CST','MSH','MTH','NCI','NLMSubSyn','SNOMEDCT_US'],[584/9],0,0)]),map(-710,[ev(-581,'C0439234',year,year,[year],[tmco],[[[2,2],[1,1],0]],no,no,['MTH','NCI','SNOMEDCT_US'],[563/4],0,0),ev(-581,'C0580836','Old','Old',[old],[tmco],[[[3,3],[1,1],0]],no,no,['MTH'],[568/3],0,0),ev(-748,'C0086287',female,'Females',[female],[popg],[[[4,4],[1,1],0]],yes,no,['CHV','MTH'],[572/6],0,0),ev(-612,'C1963180','Neck pain','Neck Pain Adverse Event',[neck,pain],[fndg],[[[6,7],[1,2],0]],no,no,['MTH','NCI'],[584/9],0,0)]),map(-710,[ev(-581,'C0439234',year,year,[year],[tmco],[[[2,2],[1,1],0]],no,no,['MTH','NCI','SNOMEDCT_US'],[563/4],0,0),ev(-581,'C0580836','Old','Old',[old],[tmco],[[[3,3],[1,1],0]],no,no,['MTH'],[568/3],0,0),ev(-748,'C1705497','Female','Female, Self-Report',[female],[qlco],[[[4,4],[1,1],0]],yes,no,['MTH','NCI'],[572/6],0,0),ev(-612,'C0007859','Neck Pain','Neck Pain',[neck,pain],[sosy],[[[6,7],[1,2],0]],no,no,['CST','MSH','MTH','NCI','NLMSubSyn','SNOMEDCT_US'],[584/9],0,0)]),map(-710,[ev(-581,'C0439234',year,year,[year],[tmco],[[[2,2],[1,1],0]],no,no,['MTH','NCI','SNOMEDCT_US'],[563/4],0,0),ev(-581,'C0580836','Old','Old',[old],[tmco],[[[3,3],[1,1],0]],no,no,['MTH'],[568/3],0,0),ev(-748,'C1705497','Female','Female, Self-Report',[female],[qlco],[[[4,4],[1,1],0]],yes,no,['MTH','NCI'],[572/6],0,0),ev(-612,'C1963180','Neck pain','Neck Pain Adverse Event',[neck,pain],[fndg],[[[6,7],[1,2],0]],no,no,['MTH','NCI'],[584/9],0,0)]),map(-710,[ev(-581,'C0439234',year,year,[year],[tmco],[[[2,2],[1,1],0]],no,no,['MTH','NCI','SNOMEDCT_US'],[563/4],0,0),ev(-581,'C0580836','Old','Old',[old],[tmco],[[[3,3],[1,1],0]],no,no,['MTH'],[568/3],0,0),ev(-748,'C1705498','Female','Female Phenotype',[female],[qlco],[[[4,4],[1,1],0]],yes,no,['MTH','NCI'],[572/6],0,0),ev(-612,'C0007859','Neck Pain','Neck Pain',[neck,pain],[sosy],[[[6,7],[1,2],0]],no,no,['CST','MSH','MTH','NCI','NLMSubSyn','SNOMEDCT_US'],[584/9],0,0)]),map(-710,[ev(-581,'C0439234',year,year,[year],[tmco],[[[2,2],[1,1],0]],no,no,['MTH','NCI','SNOMEDCT_US'],[563/4],0,0),ev(-581,'C0580836','Old','Old',[old],[tmco],[[[3,3],[1,1],0]],no,no,['MTH'],[568/3],0,0),ev(-748,'C1705498','Female','Female Phenotype',[female],[qlco],[[[4,4],[1,1],0]],yes,no,['MTH','NCI'],[572/6],0,0),ev(-612,'C1963180','Neck pain','Neck Pain Adverse Event',[neck,pain],[fndg],[[[6,7],[1,2],0]],no,no,['MTH','NCI'],[584/9],0,0)]),map(-710,[ev(-581,'C0439508','/year','per year',[year],[tmco],[[[2,2],[1,1],0]],no,no,['CHV','MTH','NCI','SNOMEDCT_US'],[563/4],0,0),ev(-581,'C0580836','Old','Old',[old],[tmco],[[[3,3],[1,1],0]],no,no,['MTH'],[568/3],0,0),ev(-748,'C0015780','Female','Female',[female],[orga],[[[4,4],[1,1],0]],yes,no,['DXP','MSH','MTH','NCI','NDFRT','NLMSubSyn','QMR','SNOMEDCT_US'],[572/6],0,0),ev(-612,'C0007859','Neck Pain','Neck Pain',[neck,pain],[sosy],[[[6,7],[1,2],0]],no,no,['CST','MSH','MTH','NCI','NLMSubSyn','SNOMEDCT_US'],[584/9],0,0)]),map(-710,[ev(-581,'C0439508','/year','per year',[year],[tmco],[[[2,2],[1,1],0]],no,no,['CHV','MTH','NCI','SNOMEDCT_US'],[563/4],0,0),ev(-581,'C0580836','Old','Old',[old],[tmco],[[[3,3],[1,1],0]],no,no,['MTH'],[568/3],0,0),ev(-748,'C0015780','Female','Female',[female],[orga],[[[4,4],[1,1],0]],yes,no,['DXP','MSH','MTH','NCI','NDFRT','NLMSubSyn','QMR','SNOMEDCT_US'],[572/6],0,0),ev(-612,'C1963180','Neck pain','Neck Pain Adverse Event',[neck,pain],[fndg],[[[6,7],[1,2],0]],no,no,['MTH','NCI'],[584/9],0,0)]),map(-710,[ev(-581,'C0439508','/year','per year',[year],[tmco],[[[2,2],[1,1],0]],no,no,['CHV','MTH','NCI','SNOMEDCT_US'],[563/4],0,0),ev(-581,'C0580836','Old','Old',[old],[tmco],[[[3,3],[1,1],0]],no,no,['MTH'],[568/3],0,0),ev(-748,'C0043210',female,'Woman',[female],[popg],[[[4,4],[1,1],0]],yes,no,['CHV','MSH','MTH','NCI','NLMSubSyn'],[572/6],0,0),ev(-612,'C0007859','Neck Pain','Neck Pain',[neck,pain],[sosy],[[[6,7],[1,2],0]],no,no,['CST','MSH','MTH','NCI','NLMSubSyn','SNOMEDCT_US'],[584/9],0,0)]),map(-710,[ev(-581,'C0439508','/year','per year',[year],[tmco],[[[2,2],[1,1],0]],no,no,['CHV','MTH','NCI','SNOMEDCT_US'],[563/4],0,0),ev(-581,'C0580836','Old','Old',[old],[tmco],[[[3,3],[1,1],0]],no,no,['MTH'],[568/3],0,0),ev(-748,'C0043210',female,'Woman',[female],[popg],[[[4,4],[1,1],0]],yes,no,['CHV','MSH','MTH','NCI','NLMSubSyn'],[572/6],0,0),ev(-612,'C1963180','Neck pain','Neck Pain Adverse Event',[neck,pain],[fndg],[[[6,7],[1,2],0]],no,no,['MTH','NCI'],[584/9],0,0)]),map(-710,[ev(-581,'C0439508','/year','per year',[year],[tmco],[[[2,2],[1,1],0]],no,no,['CHV','MTH','NCI','SNOMEDCT_US'],[563/4],0,0),ev(-581,'C0580836','Old','Old',[old],[tmco],[[[3,3],[1,1],0]],no,no,['MTH'],[568/3],0,0),ev(-748,'C0086287',female,'Females',[female],[popg],[[[4,4],[1,1],0]],yes,no,['CHV','MTH'],[572/6],0,0),ev(-612,'C0007859','Neck Pain','Neck Pain',[neck,pain],[sosy],[[[6,7],[1,2],0]],no,no,['CST','MSH','MTH','NCI','NLMSubSyn','SNOMEDCT_US'],[584/9],0,0)]),map(-710,[ev(-581,'C0439508','/year','per year',[year],[tmco],[[[2,2],[1,1],0]],no,no,['CHV','MTH','NCI','SNOMEDCT_US'],[563/4],0,0),ev(-581,'C0580836','Old','Old',[old],[tmco],[[[3,3],[1,1],0]],no,no,['MTH'],[568/3],0,0),ev(-748,'C0086287',female,'Females',[female],[popg],[[[4,4],[1,1],0]],yes,no,['CHV','MTH'],[572/6],0,0),ev(-612,'C1963180','Neck pain','Neck Pain Adverse Event',[neck,pain],[fndg],[[[6,7],[1,2],0]],no,no,['MTH','NCI'],[584/9],0,0)]),map(-710,[ev(-581,'C0439508','/year','per year',[year],[tmco],[[[2,2],[1,1],0]],no,no,['CHV','MTH','NCI','SNOMEDCT_US'],[563/4],0,0),ev(-581,'C0580836','Old','Old',[old],[tmco],[[[3,3],[1,1],0]],no,no,['MTH'],[568/3],0,0),ev(-748,'C1705497','Female','Female, Self-Report',[female],[qlco],[[[4,4],[1,1],0]],yes,no,['MTH','NCI'],[572/6],0,0),ev(-612,'C0007859','Neck Pain','Neck Pain',[neck,pain],[sosy],[[[6,7],[1,2],0]],no,no,['CST','MSH','MTH','NCI','NLMSubSyn','SNOMEDCT_US'],[584/9],0,0)]),map(-710,[ev(-581,'C0439508','/year','per year',[year],[tmco],[[[2,2],[1,1],0]],no,no,['CHV','MTH','NCI','SNOMEDCT_US'],[563/4],0,0),ev(-581,'C0580836','Old','Old',[old],[tmco],[[[3,3],[1,1],0]],no,no,['MTH'],[568/3],0,0),ev(-748,'C1705497','Female','Female, Self-Report',[female],[qlco],[[[4,4],[1,1],0]],yes,no,['MTH','NCI'],[572/6],0,0),ev(-612,'C1963180','Neck pain','Neck Pain Adverse Event',[neck,pain],[fndg],[[[6,7],[1,2],0]],no,no,['MTH','NCI'],[584/9],0,0)]),map(-710,[ev(-581,'C0439508','/year','per year',[year],[tmco],[[[2,2],[1,1],0]],no,no,['CHV','MTH','NCI','SNOMEDCT_US'],[563/4],0,0),ev(-581,'C0580836','Old','Old',[old],[tmco],[[[3,3],[1,1],0]],no,no,['MTH'],[568/3],0,0),ev(-748,'C1705498','Female','Female Phenotype',[female],[qlco],[[[4,4],[1,1],0]],yes,no,['MTH','NCI'],[572/6],0,0),ev(-612,'C0007859','Neck Pain','Neck Pain',[neck,pain],[sosy],[[[6,7],[1,2],0]],no,no,['CST','MSH','MTH','NCI','NLMSubSyn','SNOMEDCT_US'],[584/9],0,0)]),map(-710,[ev(-581,'C0439508','/year','per year',[year],[tmco],[[[2,2],[1,1],0]],no,no,['CHV','MTH','NCI','SNOMEDCT_US'],[563/4],0,0),ev(-581,'C0580836','Old','Old',[old],[tmco],[[[3,3],[1,1],0]],no,no,['MTH'],[568/3],0,0),ev(-748,'C1705498','Female','Female Phenotype',[female],[qlco],[[[4,4],[1,1],0]],yes,no,['MTH','NCI'],[572/6],0,0),ev(-612,'C1963180','Neck pain','Neck Pain Adverse Event',[neck,pain],[fndg],[[[6,7],[1,2],0]],no,no,['MTH','NCI'],[584/9],0,0)])]).
phrase(and,[conj([lexmatch([and]),inputmatch([and]),tag(conj),tokens([and])])],594/3,[]).
candidates(0,0,0,0,[]).
mappings([]).
phrase('left arm numbness 3 weeks after working',[mod([lexmatch(['left arm']),inputmatch([left,arm]),tag(noun),tokens([left,arm])]),mod([lexmatch([numbness]),inputmatch([numbness]),tag(noun),tokens([numbness])]),shapes([inputmatch(['3']),features([integer]),tokens(['3'])]),head([lexmatch([weeks]),inputmatch([weeks]),tag(noun),tokens([weeks])]),prep([lexmatch([after]),inputmatch([after]),tag(prep),tokens([after])]),mod([lexmatch([working]),inputmatch([working]),tag(noun),tokens([working])])],598/39,[]).
candidates(19,8,0,11,[]).
mappings([map(-706,[ev(-612,'C0230347','Left arm','Left upper arm structure',[left,arm],[bpoc],[[[1,2],[1,2],0]],no,no,['CHV','FMA','LNC','MTH','NLMSubSyn','SNOMEDCT_US'],[598/8],0,0),ev(-581,'C0020580','Numbness','Hypesthesia',[numbness],[fndg],[[[3,3],[1,1],0]],no,no,['CHV','DXP','MSH','MTH','NCI','NLMSubSyn','SNOMEDCT_US','SNOMEDCT_VET'],[607/8],0,0),ev(-748,'C0439230',weeks,week,[weeks],[tmco],[[[5,5],[1,1],0]],yes,no,['MTH','SNOMEDCT_US'],[618/5],0,0),ev(-581,'C0043227','Working','Work',[working],[ocac],[[[7,7],[1,1],0]],no,no,['CHV','MTH','NCI','SNOMEDCT_US'],[630/7],0,0)]),map(-706,[ev(-612,'C0230347','Left arm','Left upper arm structure',[left,arm],[bpoc],[[[1,2],[1,2],0]],no,no,['CHV','FMA','LNC','MTH','NLMSubSyn','SNOMEDCT_US'],[598/8],0,0),ev(-581,'C0028643','Numbness','Numbness',[numbness],[sosy],[[[3,3],[1,1],0]],no,no,['CHV','MTH','NLMSubSyn','SNOMEDCT_US'],[607/8],0,0),ev(-748,'C0439230',weeks,week,[weeks],[tmco],[[[5,5],[1,1],0]],yes,no,['MTH','SNOMEDCT_US'],[618/5],0,0),ev(-581,'C0043227','Working','Work',[working],[ocac],[[[7,7],[1,1],0]],no,no,['CHV','MTH','NCI','SNOMEDCT_US'],[630/7],0,0)]),map(-706,[ev(-612,'C1268256','Left arm','Entire left upper arm',[left,arm],[bpoc],[[[1,2],[1,2],0]],no,no,['MTH','NLMSubSyn','SNOMEDCT_US'],[598/8],0,0),ev(-581,'C0020580','Numbness','Hypesthesia',[numbness],[fndg],[[[3,3],[1,1],0]],no,no,['CHV','DXP','MSH','MTH','NCI','NLMSubSyn','SNOMEDCT_US','SNOMEDCT_VET'],[607/8],0,0),ev(-748,'C0439230',weeks,week,[weeks],[tmco],[[[5,5],[1,1],0]],yes,no,['MTH','SNOMEDCT_US'],[618/5],0,0),ev(-581,'C0043227','Working','Work',[working],[ocac],[[[7,7],[1,1],0]],no,no,['CHV','MTH','NCI','SNOMEDCT_US'],[630/7],0,0)]),map(-706,[ev(-612,'C1268256','Left arm','Entire left upper arm',[left,arm],[bpoc],[[[1,2],[1,2],0]],no,no,['MTH','NLMSubSyn','SNOMEDCT_US'],[598/8],0,0),ev(-581,'C0028643','Numbness','Numbness',[numbness],[sosy],[[[3,3],[1,1],0]],no,no,['CHV','MTH','NLMSubSyn','SNOMEDCT_US'],[607/8],0,0),ev(-748,'C0439230',weeks,week,[weeks],[tmco],[[[5,5],[1,1],0]],yes,no,['MTH','SNOMEDCT_US'],[618/5],0,0),ev(-581,'C0043227','Working','Work',[working],[ocac],[[[7,7],[1,1],0]],no,no,['CHV','MTH','NCI','SNOMEDCT_US'],[630/7],0,0)])]).
phrase('with stray animals.',[prep([lexmatch([with]),inputmatch([with]),tag(prep),tokens([with])]),mod([lexmatch([stray]),inputmatch([stray]),tag(noun),tokens([stray])]),head([lexmatch([animals]),inputmatch([animals]),tag(noun),tokens([animals])]),punc([inputmatch(['.']),tokens([])])],638/19,[]).
candidates(1,0,0,1,[]).
mappings([map(-861,[ev(-861,'C0003062','Animals','Animals',[animals],[anim],[[[2,2],[1,1],0]],yes,no,['CHV','MSH','MTH','NCBI','SNOMEDCT_US'],[649/7],0,0)])]).
'EOU'.
utterance('00000000.tx.7',"Physical exam initially remarkable for slight left arm tremor and spasticity. ",658/78,[]).
phrase('Physical exam',[mod([lexmatch([physical]),inputmatch(['Physical']),tag(adj),tokens([physical])]),head([lexmatch([exam]),inputmatch([exam]),tag(noun),tokens([exam])])],658/13,[]).
candidates(6,0,0,6,[]).
mappings([map(-1000,[ev(-1000,'C0031809','Physical Exam','Physical Examination',[physical,exam],[hlca],[[[1,1],[1,1],0],[[2,2],[2,2],0]],yes,no,['AIR','CHV','ICD9CM','MSH','MTH','NCI','NLMSubSyn','SNMI','SNOMEDCT_US'],[658/13],0,0)]),map(-1000,[ev(-1000,'C1744699','Physical Exam','Physical Exam Domain',[physical,exam],[idcn],[[[1,1],[1,1],0],[[2,2],[2,2],0]],yes,no,['MTH','NCI','NLMSubSyn'],[658/13],0,0)])]).
phrase('initially remarkable for slight left arm tremor',[adv([lexmatch([initially]),inputmatch([initially]),tag(adv),tokens([initially])]),head([lexmatch([remarkable]),inputmatch([remarkable]),tag(adj),tokens([remarkable])]),prep([lexmatch([for]),inputmatch([for]),tag(prep),tokens([for])]),mod([lexmatch([slight]),inputmatch([slight]),tag(adj),tokens([slight])]),mod([lexmatch(['left arm']),inputmatch([left,arm]),tag(noun),tokens([left,arm])]),mod([lexmatch([tremor]),inputmatch([tremor]),tag(noun),tokens([tremor])])],672/47,[]).
candidates(15,3,0,12,[]).
mappings([map(-553,[ev(-581,'C0205265','Initially','Initially',[initially],[tmco],[[[1,1],[1,1],0]],no,no,['MTH','SNOMEDCT_US'],[672/9],0,0),ev(-581,'C2937276','Slight','Slight (qualifier value)',[slight],[qlco],[[[4,4],[1,1],0]],no,no,['SNOMEDCT_US'],[697/6],0,0),ev(-612,'C0230347','Left arm','Left upper arm structure',[left,arm],[bpoc],[[[5,6],[1,2],0]],no,no,['CHV','FMA','LNC','MTH','NLMSubSyn','SNOMEDCT_US'],[704/8],0,0),ev(-581,'C0040822','Tremor','Tremor',[tremor],[sosy],[[[7,7],[1,1],0]],no,no,['CHV','ICD10CM','MTH','NCI','SNMI','SNOMEDCT_US','SNOMEDCT_VET'],[713/6],0,0)]),map(-553,[ev(-581,'C0205265','Initially','Initially',[initially],[tmco],[[[1,1],[1,1],0]],no,no,['MTH','SNOMEDCT_US'],[672/9],0,0),ev(-581,'C2937276','Slight','Slight (qualifier value)',[slight],[qlco],[[[4,4],[1,1],0]],no,no,['SNOMEDCT_US'],[697/6],0,0),ev(-612,'C0230347','Left arm','Left upper arm structure',[left,arm],[bpoc],[[[5,6],[1,2],0]],no,no,['CHV','FMA','LNC','MTH','NLMSubSyn','SNOMEDCT_US'],[704/8],0,0),ev(-581,'C1963252','Tremor','Tremor Adverse Event',[tremor],[fndg],[[[7,7],[1,1],0]],no,no,['MTH','NCI'],[713/6],0,0)]),map(-553,[ev(-581,'C0205265','Initially','Initially',[initially],[tmco],[[[1,1],[1,1],0]],no,no,['MTH','SNOMEDCT_US'],[672/9],0,0),ev(-581,'C2937276','Slight','Slight (qualifier value)',[slight],[qlco],[[[4,4],[1,1],0]],no,no,['SNOMEDCT_US'],[697/6],0,0),ev(-612,'C1268256','Left arm','Entire left upper arm',[left,arm],[bpoc],[[[5,6],[1,2],0]],no,no,['MTH','NLMSubSyn','SNOMEDCT_US'],[704/8],0,0),ev(-581,'C0040822','Tremor','Tremor',[tremor],[sosy],[[[7,7],[1,1],0]],no,no,['CHV','ICD10CM','MTH','NCI','SNMI','SNOMEDCT_US','SNOMEDCT_VET'],[713/6],0,0)]),map(-553,[ev(-581,'C0205265','Initially','Initially',[initially],[tmco],[[[1,1],[1,1],0]],no,no,['MTH','SNOMEDCT_US'],[672/9],0,0),ev(-581,'C2937276','Slight','Slight (qualifier value)',[slight],[qlco],[[[4,4],[1,1],0]],no,no,['SNOMEDCT_US'],[697/6],0,0),ev(-612,'C1268256','Left arm','Entire left upper arm',[left,arm],[bpoc],[[[5,6],[1,2],0]],no,no,['MTH','NLMSubSyn','SNOMEDCT_US'],[704/8],0,0),ev(-581,'C1963252','Tremor','Tremor Adverse Event',[tremor],[fndg],[[[7,7],[1,1],0]],no,no,['MTH','NCI'],[713/6],0,0)]),map(-553,[ev(-581,'C0205265','Initially','Initially',[initially],[tmco],[[[1,1],[1,1],0]],no,no,['MTH','SNOMEDCT_US'],[672/9],0,0),ev(-581,'C2945599','Slight','Mild (qualifier value)',[slight],[qlco],[[[4,4],[1,1],0]],no,no,['NCI','SNMI','SNOMEDCT_US'],[697/6],0,0),ev(-612,'C0230347','Left arm','Left upper arm structure',[left,arm],[bpoc],[[[5,6],[1,2],0]],no,no,['CHV','FMA','LNC','MTH','NLMSubSyn','SNOMEDCT_US'],[704/8],0,0),ev(-581,'C0040822','Tremor','Tremor',[tremor],[sosy],[[[7,7],[1,1],0]],no,no,['CHV','ICD10CM','MTH','NCI','SNMI','SNOMEDCT_US','SNOMEDCT_VET'],[713/6],0,0)]),map(-553,[ev(-581,'C0205265','Initially','Initially',[initially],[tmco],[[[1,1],[1,1],0]],no,no,['MTH','SNOMEDCT_US'],[672/9],0,0),ev(-581,'C2945599','Slight','Mild (qualifier value)',[slight],[qlco],[[[4,4],[1,1],0]],no,no,['NCI','SNMI','SNOMEDCT_US'],[697/6],0,0),ev(-612,'C0230347','Left arm','Left upper arm structure',[left,arm],[bpoc],[[[5,6],[1,2],0]],no,no,['CHV','FMA','LNC','MTH','NLMSubSyn','SNOMEDCT_US'],[704/8],0,0),ev(-581,'C1963252','Tremor','Tremor Adverse Event',[tremor],[fndg],[[[7,7],[1,1],0]],no,no,['MTH','NCI'],[713/6],0,0)]),map(-553,[ev(-581,'C0205265','Initially','Initially',[initially],[tmco],[[[1,1],[1,1],0]],no,no,['MTH','SNOMEDCT_US'],[672/9],0,0),ev(-581,'C2945599','Slight','Mild (qualifier value)',[slight],[qlco],[[[4,4],[1,1],0]],no,no,['NCI','SNMI','SNOMEDCT_US'],[697/6],0,0),ev(-612,'C1268256','Left arm','Entire left upper arm',[left,arm],[bpoc],[[[5,6],[1,2],0]],no,no,['MTH','NLMSubSyn','SNOMEDCT_US'],[704/8],0,0),ev(-581,'C0040822','Tremor','Tremor',[tremor],[sosy],[[[7,7],[1,1],0]],no,no,['CHV','ICD10CM','MTH','NCI','SNMI','SNOMEDCT_US','SNOMEDCT_VET'],[713/6],0,0)]),map(-553,[ev(-581,'C0205265','Initially','Initially',[initially],[tmco],[[[1,1],[1,1],0]],no,no,['MTH','SNOMEDCT_US'],[672/9],0,0),ev(-581,'C2945599','Slight','Mild (qualifier value)',[slight],[qlco],[[[4,4],[1,1],0]],no,no,['NCI','SNMI','SNOMEDCT_US'],[697/6],0,0),ev(-612,'C1268256','Left arm','Entire left upper arm',[left,arm],[bpoc],[[[5,6],[1,2],0]],no,no,['MTH','NLMSubSyn','SNOMEDCT_US'],[704/8],0,0),ev(-581,'C1963252','Tremor','Tremor Adverse Event',[tremor],[fndg],[[[7,7],[1,1],0]],no,no,['MTH','NCI'],[713/6],0,0)])]).
phrase(and,[conj([lexmatch([and]),inputmatch([and]),tag(conj),tokens([and])])],720/3,[]).
candidates(0,0,0,0,[]).
mappings([]).
phrase('spasticity.',[head([lexmatch([spasticity]),inputmatch([spasticity]),tag(noun),tokens([spasticity])]),punc([inputmatch(['.']),tokens([])])],724/11,[]).
candidates(2,1,0,1,[]).
mappings([map(-1000,[ev(-1000,'C0026838','Spasticity','Muscle Spasticity',[spasticity],[sosy],[[[1,1],[1,1],0]],yes,no,['CHV','CST','MTH','SNOMEDCT_US'],[724/10],0,0)])]).
'EOU'.
utterance('00000000.tx.8',"Three days later she presented with significant arm spasticity, diaphoresis, agitation, difficulty swallowing, and hydrophobia.",736/127,[]).
phrase('Three days later',[shapes([inputmatch(['Three']),features([word_numeral]),tokens([three])]),head([lexmatch([days]),inputmatch([days]),tag(noun),tokens([days])]),adv([lexmatch([later]),inputmatch([later]),tag(adv),tokens([later])])],736/16,[]).
candidates(4,2,0,2,[]).
mappings([map(-790,[ev(-660,'C0205449','Three','Three',[three],[qnco],[[[1,1],[1,1],0]],no,no,['MTH','SNOMEDCT_US'],[736/5],0,0),ev(-827,'C0439228',days,day,[days],[tmco],[[[2,2],[1,1],0]],yes,no,['MTH','SNOMEDCT_US'],[742/4],0,0)])]).
phrase(she,[pron([lexmatch([she]),inputmatch([she]),tag(pron),tokens([she])])],753/3,[]).
candidates(0,0,0,0,[]).
mappings([]).
phrase('presented with significant arm spasticity,',[verb([lexmatch([presented]),inputmatch([presented]),tag(verb),tokens([presented])]),prep([lexmatch([with]),inputmatch([with]),tag(prep),tokens([with])]),mod([lexmatch([significant]),inputmatch([significant]),tag(adj),tokens([significant])]),mod([lexmatch([arm]),inputmatch([arm]),tag(noun),tokens([arm])]),mod([lexmatch([spasticity]),inputmatch([spasticity]),tag(noun),tokens([spasticity])]),punc([inputmatch([',']),tokens([])])],757/42,[]).
candidates(13,5,0,8,[]).
mappings([map(-733,[ev(-760,'C0449450','Presented','Presentation',[presented],[idcn],[[[1,1],[1,1],0]],yes,no,['CHV','MTH','NCI'],[757/9],0,0),ev(-760,'C0237881',significant,'Statistical Significance',[significant],[qnco],[[[3,3],[1,1],0]],yes,no,['MTH','NCI'],[772/11],0,0),ev(-760,'C0446516','Arm','Upper arm',[arm],[blor],[[[4,4],[1,1],0]],yes,no,['FMA','ICF','MSH','MTH','NLMSubSyn','SNOMEDCT_US','SNOMEDCT_VET'],[784/3],0,0),ev(-760,'C0026838','Spasticity','Muscle Spasticity',[spasticity],[sosy],[[[5,5],[1,1],0]],yes,no,['CHV','CST','MTH','SNOMEDCT_US'],[788/10],0,0)]),map(-733,[ev(-760,'C0449450','Presented','Presentation',[presented],[idcn],[[[1,1],[1,1],0]],yes,no,['CHV','MTH','NCI'],[757/9],0,0),ev(-760,'C0237881',significant,'Statistical Significance',[significant],[qnco],[[[3,3],[1,1],0]],yes,no,['MTH','NCI'],[772/11],0,0),ev(-760,'C1269078','Arm','Entire upper limb',[arm],[bpoc],[[[4,4],[1,1],0]],yes,no,['MTH','NLMSubSyn','SNOMEDCT_US'],[784/3],0,0),ev(-760,'C0026838','Spasticity','Muscle Spasticity',[spasticity],[sosy],[[[5,5],[1,1],0]],yes,no,['CHV','CST','MTH','SNOMEDCT_US'],[788/10],0,0)]),map(-733,[ev(-760,'C0449450','Presented','Presentation',[presented],[idcn],[[[1,1],[1,1],0]],yes,no,['CHV','MTH','NCI'],[757/9],0,0),ev(-760,'C0237881',significant,'Statistical Significance',[significant],[qnco],[[[3,3],[1,1],0]],yes,no,['MTH','NCI'],[772/11],0,0),ev(-760,'C1269612','Arm','Entire upper arm',[arm],[blor],[[[4,4],[1,1],0]],yes,no,['MTH','NLMSubSyn','SNOMEDCT_US'],[784/3],0,0),ev(-760,'C0026838','Spasticity','Muscle Spasticity',[spasticity],[sosy],[[[5,5],[1,1],0]],yes,no,['CHV','CST','MTH','SNOMEDCT_US'],[788/10],0,0)]),map(-733,[ev(-760,'C0449450','Presented','Presentation',[presented],[idcn],[[[1,1],[1,1],0]],yes,no,['CHV','MTH','NCI'],[757/9],0,0),ev(-760,'C0750502','Significant','Significant',[significant],[idcn],[[[3,3],[1,1],0]],yes,no,['MTH','NCI'],[772/11],0,0),ev(-760,'C0446516','Arm','Upper arm',[arm],[blor],[[[4,4],[1,1],0]],yes,no,['FMA','ICF','MSH','MTH','NLMSubSyn','SNOMEDCT_US','SNOMEDCT_VET'],[784/3],0,0),ev(-760,'C0026838','Spasticity','Muscle Spasticity',[spasticity],[sosy],[[[5,5],[1,1],0]],yes,no,['CHV','CST','MTH','SNOMEDCT_US'],[788/10],0,0)]),map(-733,[ev(-760,'C0449450','Presented','Presentation',[presented],[idcn],[[[1,1],[1,1],0]],yes,no,['CHV','MTH','NCI'],[757/9],0,0),ev(-760,'C0750502','Significant','Significant',[significant],[idcn],[[[3,3],[1,1],0]],yes,no,['MTH','NCI'],[772/11],0,0),ev(-760,'C1269078','Arm','Entire upper limb',[arm],[bpoc],[[[4,4],[1,1],0]],yes,no,['MTH','NLMSubSyn','SNOMEDCT_US'],[784/3],0,0),ev(-760,'C0026838','Spasticity','Muscle Spasticity',[spasticity],[sosy],[[[5,5],[1,1],0]],yes,no,['CHV','CST','MTH','SNOMEDCT_US'],[788/10],0,0)]),map(-733,[ev(-760,'C0449450','Presented','Presentation',[presented],[idcn],[[[1,1],[1,1],0]],yes,no,['CHV','MTH','NCI'],[757/9],0,0),ev(-760,'C0750502','Significant','Significant',[significant],[idcn],[[[3,3],[1,1],0]],yes,no,['MTH','NCI'],[772/11],0,0),ev(-760,'C1269612','Arm','Entire upper arm',[arm],[blor],[[[4,4],[1,1],0]],yes,no,['MTH','NLMSubSyn','SNOMEDCT_US'],[784/3],0,0),ev(-760,'C0026838','Spasticity','Muscle Spasticity',[spasticity],[sosy],[[[5,5],[1,1],0]],yes,no,['CHV','CST','MTH','SNOMEDCT_US'],[788/10],0,0)]),map(-733,[ev(-760,'C0449450','Presented','Presentation',[presented],[idcn],[[[1,1],[1,1],0]],yes,no,['CHV','MTH','NCI'],[757/9],0,0),ev(-760,'C1546944','Significant','Event Seriousness - Significant',[significant],[qlco],[[[3,3],[1,1],0]],yes,no,['HL7V2.5','MTH'],[772/11],0,0),ev(-760,'C0446516','Arm','Upper arm',[arm],[blor],[[[4,4],[1,1],0]],yes,no,['FMA','ICF','MSH','MTH','NLMSubSyn','SNOMEDCT_US','SNOMEDCT_VET'],[784/3],0,0),ev(-760,'C0026838','Spasticity','Muscle Spasticity',[spasticity],[sosy],[[[5,5],[1,1],0]],yes,no,['CHV','CST','MTH','SNOMEDCT_US'],[788/10],0,0)]),map(-733,[ev(-760,'C0449450','Presented','Presentation',[presented],[idcn],[[[1,1],[1,1],0]],yes,no,['CHV','MTH','NCI'],[757/9],0,0),ev(-760,'C1546944','Significant','Event Seriousness - Significant',[significant],[qlco],[[[3,3],[1,1],0]],yes,no,['HL7V2.5','MTH'],[772/11],0,0),ev(-760,'C1269078','Arm','Entire upper limb',[arm],[bpoc],[[[4,4],[1,1],0]],yes,no,['MTH','NLMSubSyn','SNOMEDCT_US'],[784/3],0,0),ev(-760,'C0026838','Spasticity','Muscle Spasticity',[spasticity],[sosy],[[[5,5],[1,1],0]],yes,no,['CHV','CST','MTH','SNOMEDCT_US'],[788/10],0,0)]),map(-733,[ev(-760,'C0449450','Presented','Presentation',[presented],[idcn],[[[1,1],[1,1],0]],yes,no,['CHV','MTH','NCI'],[757/9],0,0),ev(-760,'C1546944','Significant','Event Seriousness - Significant',[significant],[qlco],[[[3,3],[1,1],0]],yes,no,['HL7V2.5','MTH'],[772/11],0,0),ev(-760,'C1269612','Arm','Entire upper arm',[arm],[blor],[[[4,4],[1,1],0]],yes,no,['MTH','NLMSubSyn','SNOMEDCT_US'],[784/3],0,0),ev(-760,'C0026838','Spasticity','Muscle Spasticity',[spasticity],[sosy],[[[5,5],[1,1],0]],yes,no,['CHV','CST','MTH','SNOMEDCT_US'],[788/10],0,0)])]).
phrase('diaphoresis,',[head([lexmatch([diaphoresis]),inputmatch([diaphoresis]),tag(noun),tokens([diaphoresis])]),punc([inputmatch([',']),tokens([])])],800/12,[]).
candidates(3,1,0,2,[]).
mappings([map(-1000,[ev(-1000,'C0038990','Diaphoresis','Sweating',[diaphoresis],[fndg],[[[1,1],[1,1],0]],yes,no,['CHV','MTH','SNMI','SNOMEDCT_US'],[800/11],0,0)]),map(-1000,[ev(-1000,'C0700590','Diaphoresis','Increased sweating',[diaphoresis],[sosy],[[[1,1],[1,1],0]],yes,no,['CHV','CST','DXP','MTH','NLMSubSyn','SNOMEDCT_US'],[800/11],0,0)])]).
phrase('agitation,',[head([lexmatch([agitation]),inputmatch([agitation]),tag(noun),tokens([agitation])]),punc([inputmatch([',']),tokens([])])],813/10,[]).
candidates(1,0,0,1,[]).
mappings([map(-1000,[ev(-1000,'C0085631','Agitation','Agitation',[agitation],[sosy],[[[1,1],[1,1],0]],yes,no,['AOD','CHV','CST','MSH','MTH','NCI','SNOMEDCT_US'],[813/9],0,0)])]).
phrase('difficulty swallowing,',[mod([lexmatch([difficulty]),inputmatch([difficulty]),tag(noun),tokens([difficulty])]),head([lexmatch([swallowing]),inputmatch([swallowing]),tag(noun),tokens([swallowing])]),punc([inputmatch([',']),tokens([])])],824/22,[]).
candidates(8,3,0,5,[]).
mappings([map(-1000,[ev(-1000,'C0011168','Difficulty swallowing','Deglutition Disorders',[difficulty,swallowing],[dsyn],[[[1,1],[1,1],0],[[2,2],[2,2],0]],yes,no,['CHV','CST','DXP','ICD10CM','LNC','MSH','MTH','NLMSubSyn','OMIM','SNOMEDCT_US'],[824/21],0,0)])]).
phrase(and,[conj([lexmatch([and]),inputmatch([and]),tag(conj),tokens([and])])],847/3,[]).
candidates(0,0,0,0,[]).
mappings([]).
phrase('hydrophobia.',[head([lexmatch([hydrophobia]),inputmatch([hydrophobia]),tag(noun),tokens([hydrophobia])]),punc([inputmatch(['.']),tokens([])])],851/12,[]).
candidates(4,2,0,2,[]).
mappings([map(-1000,[ev(-1000,'C0034494','Hydrophobia','Rabies (disorder)',[hydrophobia],[dsyn],[[[1,1],[1,1],0]],yes,no,['ICD10CM','MSH','NLMSubSyn','SNOMEDCT_US','SNOMEDCT_VET'],[851/11],0,0)]),map(-1000,[ev(-1000,'C1609481','Hydrophobia','Hydrophobia',[hydrophobia],[mobd],[[[1,1],[1,1],0]],yes,no,['MTH'],[851/11],0,0)])]).
'EOU'.
'EOT'.
