args('metamap14.BINARY.Darwin --lexicon db -Z 2014AA -qE -Q 4 ../../TREC-CDS/2014-original/18.txt ../../TREC-CDS/results/18.txt.out',[lexicon-db,mm_data_year-'2014AA',machine_output-[],indicate_citation_end-[],composite_phrases-4,infile-'../../TREC-CDS/2014-original/18.txt',outfile-'../../TREC-CDS/results/18.txt.out']).
aas(["HPF"*"high-power field"*(1,3,5,16)*[]]).
neg_list([]).
utterance('00000000.tx.1',"test. ",0/6,[5]).
phrase('test.',[head([lexmatch([test]),inputmatch([test]),tag(noun),tokens([test])]),punc([inputmatch(['.']),tokens([])])],0/5,[]).
candidates(3,0,0,3,[]).
mappings([map(-1000,[ev(-1000,'C0022885','Test','Laboratory Procedures',[test],[lbpr],[[[1,1],[1,1],0]],yes,no,['CHV','MEDLINEPLUS','MTH','NCI','NLMSubSyn','SNM','SNMI','SNOMEDCT_US'],[0/4],0,0)]),map(-1000,[ev(-1000,'C0039593','Test','Testing',[test],[ftcn],[[[1,1],[1,1],0]],yes,no,['CHV','MTH','NCI','NLMSubSyn'],[0/4],0,0)]),map(-1000,[ev(-1000,'C0392366',test,'Tests (qualifier value)',[test],[inpr],[[[1,1],[1,1],0]],yes,no,['CHV','SNOMEDCT_US'],[0/4],0,0)])]).
'EOU'.
utterance('00000000.tx.2',"A 6-month-old male infant has a urine output of less than 0.2 mL/kg/hr shortly after undergoing major surgery. ",6/111,[]).
phrase('A 6-month-old male infant',[det([lexmatch([a]),inputmatch(['A']),tag(det),tokens([a])]),shapes([inputmatch(['6']),features([integer]),tokens(['6'])]),punc([inputmatch([-]),tokens([])]),mod([lexmatch([month]),inputmatch([month]),tag(noun),tokens([month])]),punc([inputmatch([-]),tokens([])]),mod([lexmatch([old]),inputmatch([old]),tag(noun),tokens([old])]),mod([lexmatch([male]),inputmatch([male]),tag(noun),tokens([male])]),head([lexmatch([infant]),inputmatch([infant]),tag(noun),tokens([infant])])],6/25,[]).
candidates(9,0,0,9,[]).
mappings([map(-771,[ev(-637,'C0439231',month,month,[month],[tmco],[[[2,2],[1,1],0]],no,no,['MTH','SNOMEDCT_US'],[10/5],0,0),ev(-637,'C0580836','Old','Old',[old],[tmco],[[[3,3],[1,1],0]],no,no,['MTH'],[16/3],0,0),ev(-637,'C0024554','Male','Male gender',[male],[orga],[[[4,4],[1,1],0]],no,no,['CHV','DXP','MSH','MTH','NCI','NLMSubSyn','QMR','SNOMEDCT_US'],[20/4],0,0),ev(-804,'C0021270','Infant','Infant',[infant],[aggp],[[[5,5],[1,1],0]],yes,no,['CHV','MSH','MTH','NLMSubSyn','SNOMEDCT_US'],[25/6],0,0)]),map(-771,[ev(-637,'C0439231',month,month,[month],[tmco],[[[2,2],[1,1],0]],no,no,['MTH','SNOMEDCT_US'],[10/5],0,0),ev(-637,'C0580836','Old','Old',[old],[tmco],[[[3,3],[1,1],0]],no,no,['MTH'],[16/3],0,0),ev(-637,'C0086582',male,'Males',[male],[popg],[[[4,4],[1,1],0]],no,no,['CHV','MTH'],[20/4],0,0),ev(-804,'C0021270','Infant','Infant',[infant],[aggp],[[[5,5],[1,1],0]],yes,no,['CHV','MSH','MTH','NLMSubSyn','SNOMEDCT_US'],[25/6],0,0)]),map(-771,[ev(-637,'C0439231',month,month,[month],[tmco],[[[2,2],[1,1],0]],no,no,['MTH','SNOMEDCT_US'],[10/5],0,0),ev(-637,'C0580836','Old','Old',[old],[tmco],[[[3,3],[1,1],0]],no,no,['MTH'],[16/3],0,0),ev(-637,'C1706180','Male','Male Gender, Self Report',[male],[qlco],[[[4,4],[1,1],0]],no,no,['MTH','NCI'],[20/4],0,0),ev(-804,'C0021270','Infant','Infant',[infant],[aggp],[[[5,5],[1,1],0]],yes,no,['CHV','MSH','MTH','NLMSubSyn','SNOMEDCT_US'],[25/6],0,0)]),map(-771,[ev(-637,'C0439231',month,month,[month],[tmco],[[[2,2],[1,1],0]],no,no,['MTH','SNOMEDCT_US'],[10/5],0,0),ev(-637,'C0580836','Old','Old',[old],[tmco],[[[3,3],[1,1],0]],no,no,['MTH'],[16/3],0,0),ev(-637,'C1706428','Male','Male Phenotype',[male],[qlco],[[[4,4],[1,1],0]],no,no,['MTH','NCI'],[20/4],0,0),ev(-804,'C0021270','Infant','Infant',[infant],[aggp],[[[5,5],[1,1],0]],yes,no,['CHV','MSH','MTH','NLMSubSyn','SNOMEDCT_US'],[25/6],0,0)]),map(-771,[ev(-637,'C0439231',month,month,[month],[tmco],[[[2,2],[1,1],0]],no,no,['MTH','SNOMEDCT_US'],[10/5],0,0),ev(-637,'C0580836','Old','Old',[old],[tmco],[[[3,3],[1,1],0]],no,no,['MTH'],[16/3],0,0),ev(-637,'C1706429','Male','Male, Self-Reported',[male],[orga],[[[4,4],[1,1],0]],no,no,['MTH','NCI'],[20/4],0,0),ev(-804,'C0021270','Infant','Infant',[infant],[aggp],[[[5,5],[1,1],0]],yes,no,['CHV','MSH','MTH','NLMSubSyn','SNOMEDCT_US'],[25/6],0,0)]),map(-771,[ev(-637,'C0439507','/month','per month (qualifier value)',[month],[tmco],[[[2,2],[1,1],0]],no,no,['NCI','SNOMEDCT_US'],[10/5],0,0),ev(-637,'C0580836','Old','Old',[old],[tmco],[[[3,3],[1,1],0]],no,no,['MTH'],[16/3],0,0),ev(-637,'C0024554','Male','Male gender',[male],[orga],[[[4,4],[1,1],0]],no,no,['CHV','DXP','MSH','MTH','NCI','NLMSubSyn','QMR','SNOMEDCT_US'],[20/4],0,0),ev(-804,'C0021270','Infant','Infant',[infant],[aggp],[[[5,5],[1,1],0]],yes,no,['CHV','MSH','MTH','NLMSubSyn','SNOMEDCT_US'],[25/6],0,0)]),map(-771,[ev(-637,'C0439507','/month','per month (qualifier value)',[month],[tmco],[[[2,2],[1,1],0]],no,no,['NCI','SNOMEDCT_US'],[10/5],0,0),ev(-637,'C0580836','Old','Old',[old],[tmco],[[[3,3],[1,1],0]],no,no,['MTH'],[16/3],0,0),ev(-637,'C0086582',male,'Males',[male],[popg],[[[4,4],[1,1],0]],no,no,['CHV','MTH'],[20/4],0,0),ev(-804,'C0021270','Infant','Infant',[infant],[aggp],[[[5,5],[1,1],0]],yes,no,['CHV','MSH','MTH','NLMSubSyn','SNOMEDCT_US'],[25/6],0,0)]),map(-771,[ev(-637,'C0439507','/month','per month (qualifier value)',[month],[tmco],[[[2,2],[1,1],0]],no,no,['NCI','SNOMEDCT_US'],[10/5],0,0),ev(-637,'C0580836','Old','Old',[old],[tmco],[[[3,3],[1,1],0]],no,no,['MTH'],[16/3],0,0),ev(-637,'C1706180','Male','Male Gender, Self Report',[male],[qlco],[[[4,4],[1,1],0]],no,no,['MTH','NCI'],[20/4],0,0),ev(-804,'C0021270','Infant','Infant',[infant],[aggp],[[[5,5],[1,1],0]],yes,no,['CHV','MSH','MTH','NLMSubSyn','SNOMEDCT_US'],[25/6],0,0)]),map(-771,[ev(-637,'C0439507','/month','per month (qualifier value)',[month],[tmco],[[[2,2],[1,1],0]],no,no,['NCI','SNOMEDCT_US'],[10/5],0,0),ev(-637,'C0580836','Old','Old',[old],[tmco],[[[3,3],[1,1],0]],no,no,['MTH'],[16/3],0,0),ev(-637,'C1706428','Male','Male Phenotype',[male],[qlco],[[[4,4],[1,1],0]],no,no,['MTH','NCI'],[20/4],0,0),ev(-804,'C0021270','Infant','Infant',[infant],[aggp],[[[5,5],[1,1],0]],yes,no,['CHV','MSH','MTH','NLMSubSyn','SNOMEDCT_US'],[25/6],0,0)]),map(-771,[ev(-637,'C0439507','/month','per month (qualifier value)',[month],[tmco],[[[2,2],[1,1],0]],no,no,['NCI','SNOMEDCT_US'],[10/5],0,0),ev(-637,'C0580836','Old','Old',[old],[tmco],[[[3,3],[1,1],0]],no,no,['MTH'],[16/3],0,0),ev(-637,'C1706429','Male','Male, Self-Reported',[male],[orga],[[[4,4],[1,1],0]],no,no,['MTH','NCI'],[20/4],0,0),ev(-804,'C0021270','Infant','Infant',[infant],[aggp],[[[5,5],[1,1],0]],yes,no,['CHV','MSH','MTH','NLMSubSyn','SNOMEDCT_US'],[25/6],0,0)])]).
phrase(has,[aux([lexmatch([has]),inputmatch([has]),tag(aux),tokens([has])])],32/3,[]).
candidates(0,0,0,0,[]).
mappings([]).
phrase('a urine output of less',[det([lexmatch([a]),inputmatch([a]),tag(det),tokens([a])]),head([lexmatch(['urine output']),inputmatch([urine,output]),tag(noun),tokens([urine,output])]),prep([lexmatch([of]),inputmatch([of]),tag(prep),tokens([of])]),adv([lexmatch([less]),inputmatch([less]),tag(adv),tokens([less])])],36/22,[]).
candidates(6,0,0,6,[]).
mappings([map(-806,[ev(-806,'C0232856','urine output','Urine volume function',[urine,output],[clna],[[[2,3],[1,2],0]],yes,no,['CHV','MTH','NLMSubSyn','SNOMEDCT_US'],[38/12],0,0)]),map(-806,[ev(-806,'C1287298','Urine output','Urine volume finding',[urine,output],[fndg],[[[2,3],[1,2],0]],yes,no,['CHV','LNC','MTH','NLMSubSyn','SNM','SNOMEDCT_US'],[38/12],0,0)])]).
phrase('than 0.2 mL/kg/hr shortly',[prep([lexmatch([than]),inputmatch([than]),tag(prep),tokens([than])]),shapes([inputmatch(['0','.','2']),features([real_number]),tokens(['0','2'])]),mod([lexmatch([ml]),inputmatch([mL]),tag(noun),tokens([ml])]),punc([inputmatch([/]),tokens([])]),mod([lexmatch([kg]),inputmatch([kg]),tag(noun),tokens([kg])]),punc([inputmatch([/]),tokens([])]),head([lexmatch([hr]),inputmatch([hr]),tag(noun),tokens([hr])]),adv([lexmatch([shortly]),inputmatch([shortly]),tag(adv),tokens([shortly])])],59/25,[]).
candidates(6,0,0,6,[]).
mappings([map(-861,[ev(-861,'C1532580','mL/kg/hr','mL/kg/hr',[ml,kg,hr],[qnco],[[[3,3],[1,1],0],[[4,4],[2,2],0],[[5,5],[3,3],0]],yes,no,['NCI','SNOMEDCT_US'],[68/8],0,0)])]).
phrase(after,[conj([lexmatch([after]),inputmatch([after]),tag(conj),tokens([after])])],85/5,[]).
candidates(0,0,0,0,[]).
mappings([]).
phrase(undergoing,[verb([lexmatch([undergoing]),inputmatch([undergoing]),tag(verb),tokens([undergoing])])],91/10,[]).
candidates(0,0,0,0,[]).
mappings([]).
phrase('major surgery.',[head([lexmatch(['major surgery']),inputmatch([major,surgery]),tag(noun),tokens([major,surgery])]),punc([inputmatch(['.']),tokens([])])],102/14,[]).
candidates(5,0,0,5,[]).
mappings([map(-1000,[ev(-1000,'C0679637','major surgery','major surgery',[major,surgery],[topp],[[[1,2],[1,2],0]],yes,no,['AOD','CHV','NLMSubSyn'],[102/13],0,0)])]).
'EOU'.
utterance('00000000.tx.3',"On examination, he has generalized edema. ",117/42,[]).
phrase('On examination,',[prep([lexmatch([on]),inputmatch(['On']),tag(prep),tokens([on])]),head([lexmatch([examination]),inputmatch([examination]),tag(noun),tokens([examination])]),punc([inputmatch([',']),tokens([])])],117/15,[]).
candidates(0,0,0,0,[]).
mappings([]).
phrase(he,[pron([lexmatch([he]),inputmatch([he]),tag(pron),tokens([he])])],133/2,[]).
candidates(0,0,0,0,[]).
mappings([]).
phrase(has,[aux([lexmatch([has]),inputmatch([has]),tag(aux),tokens([has])])],136/3,[]).
candidates(0,0,0,0,[]).
mappings([]).
phrase('generalized edema.',[head([lexmatch(['generalized edema']),inputmatch([generalized,edema]),tag(noun),tokens([generalized,edema])]),punc([inputmatch(['.']),tokens([])])],140/18,[]).
candidates(4,0,0,4,[]).
mappings([map(-1000,[ev(-1000,'C0151603','Edema, generalized','Anasarca',[generalized,edema],[patf],[[[1,2],[1,2],0]],yes,no,['CHV','CST','MSH','MTH','NLMSubSyn','SNMI','SNOMEDCT_US'],[140/17],0,0)])]).
'EOU'.
utterance('00000000.tx.4',"His blood pressure is 115/80 mm Hg, his pulse is 141/min, and his respirations are 18/min. ",159/91,[]).
phrase('His blood pressure',[pron([lexmatch([his]),inputmatch(['His']),tag(pron),tokens([his])]),head([lexmatch(['blood pressure']),inputmatch([blood,pressure]),tag(noun),tokens([blood,pressure])])],159/18,[]).
candidates(16,7,0,9,[]).
mappings([map(-1000,[ev(-1000,'C0005823','Blood Pressure','Blood Pressure',[blood,pressure],[orgf],[[[1,2],[1,2],0]],yes,no,['MTH','NLMSubSyn','SNOMEDCT_US'],[163/14],0,0)]),map(-1000,[ev(-1000,'C1271104','Blood Pressure','Blood pressure finding',[blood,pressure],[fndg],[[[1,2],[1,2],0]],yes,no,['MTH','NCI','NLMSubSyn'],[163/14],0,0)]),map(-1000,[ev(-1000,'C1272641','Blood pressure','Systemic arterial pressure',[blood,pressure],[fndg],[[[1,2],[1,2],0]],yes,no,['CHV','MSH','MTH','NLMSubSyn','SNOMEDCT_US'],[163/14],0,0)])]).
phrase(is,[aux([lexmatch([is]),inputmatch([is]),tag(aux),tokens([is])])],178/2,[]).
candidates(0,0,0,0,[]).
mappings([]).
phrase('115/80 mm Hg,',[shapes([inputmatch(['115',/,'80']),features([fraction]),tokens(['115','80'])]),head([lexmatch(['mm hg']),inputmatch([mm,'Hg']),tag(noun),tokens([mm,hg])]),punc([inputmatch([',']),tokens([])])],181/13,[]).
candidates(5,0,0,5,[]).
mappings([map(-861,[ev(-861,'C0439475',mmHg,mmHg,[mmhg],[qnco],[[[3,4],[1,1],0]],yes,no,['SNOMEDCT_US'],[188/5],0,0)])]).
phrase('his pulse',[pron([lexmatch([his]),inputmatch([his]),tag(pron),tokens([his])]),head([lexmatch([pulse]),inputmatch([pulse]),tag(noun),tokens([pulse])])],195/9,[]).
candidates(4,1,0,3,[]).
mappings([map(-1000,[ev(-1000,'C0232117','PULSE','Pulse Rate',[pulse],[clna],[[[1,1],[1,1],0]],yes,no,['MSH','MTH','NCI','SNOMEDCT_US'],[199/5],0,0)]),map(-1000,[ev(-1000,'C0391850','Pulse','Physiologic pulse',[pulse],[phsf],[[[1,1],[1,1],0]],yes,no,['MTH','NCI','SNMI','SNOMEDCT_US'],[199/5],0,0)]),map(-1000,[ev(-1000,'C1947910','Pulse','Pulse phenomenon',[pulse],[phpr],[[[1,1],[1,1],0]],yes,no,['MTH','NCI'],[199/5],0,0)])]).
phrase(is,[aux([lexmatch([is]),inputmatch([is]),tag(aux),tokens([is])])],205/2,[]).
candidates(0,0,0,0,[]).
mappings([]).
phrase('141/min,',[shapes([inputmatch(['141']),features([integer]),tokens(['141'])]),punc([inputmatch([/]),tokens([])]),head([lexmatch([min]),inputmatch([min]),tag(noun),tokens([min])]),punc([inputmatch([',']),tokens([])])],208/8,[]).
candidates(1,0,0,1,[]).
mappings([map(-861,[ev(-861,'C0702093','/min','/minute',[min],[tmco],[[[2,2],[1,1],0]],yes,no,['NCI','NLMSubSyn','SNOMEDCT_US'],[212/3],0,0)])]).
phrase(and,[conj([lexmatch([and]),inputmatch([and]),tag(conj),tokens([and])])],217/3,[]).
candidates(0,0,0,0,[]).
mappings([]).
phrase('his respirations',[pron([lexmatch([his]),inputmatch([his]),tag(pron),tokens([his])]),head([lexmatch([respirations]),inputmatch([respirations]),tag(noun),tokens([respirations])])],221/16,[]).
candidates(3,2,0,1,[]).
mappings([map(-1000,[ev(-1000,'C0035203',respirations,'Respiration',[respirations],[phsf],[[[1,1],[1,1],0]],yes,no,['CHV','MSH','MTH','SNOMEDCT_US'],[225/12],0,0)])]).
phrase(are,[aux([lexmatch([are]),inputmatch([are]),tag(aux),tokens([are])])],238/3,[]).
candidates(0,0,0,0,[]).
mappings([]).
phrase('18/min.',[shapes([inputmatch(['18']),features([integer]),tokens(['18'])]),punc([inputmatch([/]),tokens([])]),head([lexmatch([min]),inputmatch([min]),tag(noun),tokens([min])]),punc([inputmatch(['.']),tokens([])])],242/7,[]).
candidates(1,0,0,1,[]).
mappings([map(-861,[ev(-861,'C0702093','/min','/minute',[min],[tmco],[[[2,2],[1,1],0]],yes,no,['NCI','NLMSubSyn','SNOMEDCT_US'],[245/3],0,0)])]).
'EOU'.
utterance('00000000.tx.5',"His blood urea nitrogen is 33 mg/dL, and his serum creatinine is 1.3 mg/dL. ",250/76,[]).
phrase('His blood urea nitrogen',[pron([lexmatch([his]),inputmatch(['His']),tag(pron),tokens([his])]),head([lexmatch(['blood urea nitrogen']),inputmatch([blood,urea,nitrogen]),tag(noun),tokens([blood,urea,nitrogen])])],250/23,[]).
candidates(19,8,0,11,[]).
mappings([map(-1000,[ev(-1000,'C0005845','Urea Nitrogen, Blood','Blood urea nitrogen measurement',[blood,urea,nitrogen],[lbpr],[[[1,3],[1,3],0]],yes,no,['MSH','MTH','NLMSubSyn','SNOMEDCT_US'],[254/19],0,0)]),map(-1000,[ev(-1000,'C0600137','Blood Urea Nitrogen','Blood Urea Nitrogen',[blood,urea,nitrogen],[bacs,inch],[[[1,3],[1,3],0]],yes,no,['LNC','MTH','NCI'],[254/19],0,0)])]).
phrase(is,[aux([lexmatch([is]),inputmatch([is]),tag(aux),tokens([is])])],274/2,[]).
candidates(0,0,0,0,[]).
mappings([]).
phrase('33 mg/dL,',[shapes([inputmatch(['33']),features([integer]),tokens(['33'])]),mod([lexmatch([mg]),inputmatch([mg]),tag(noun),tokens([mg])]),punc([inputmatch([/]),tokens([])]),head([lexmatch([dl]),inputmatch([dL]),tag(noun),tokens([dl])]),punc([inputmatch([',']),tokens([])])],277/9,[]).
candidates(5,0,0,5,[]).
mappings([map(-901,[ev(-901,'C0439269','mg dl','mg/dL',[mg,dl],[qnco],[[[2,2],[1,1],0],[[3,3],[2,2],0]],yes,no,['CHV','NCI','SNOMEDCT_US'],[280/5],0,0)])]).
phrase(and,[conj([lexmatch([and]),inputmatch([and]),tag(conj),tokens([and])])],287/3,[]).
candidates(0,0,0,0,[]).
mappings([]).
phrase('his serum creatinine',[pron([lexmatch([his]),inputmatch([his]),tag(pron),tokens([his])]),head([lexmatch(['serum creatinine']),inputmatch([serum,creatinine]),tag(noun),tokens([serum,creatinine])])],291/20,[]).
candidates(7,0,0,7,[]).
mappings([map(-1000,[ev(-1000,'C0201976','Serum creatinine','Creatinine measurement, serum (procedure)',[serum,creatinine],[lbpr],[[[1,2],[1,2],0]],yes,no,['CHV','LNC','NLMSubSyn','SNOMEDCT_US'],[295/16],0,0)]),map(-1000,[ev(-1000,'C0600061','serum creatinine','Serum creatinine level',[serum,creatinine],[lbtr],[[[1,2],[1,2],0]],yes,no,['CHV','MTH','NLMSubSyn','SNOMEDCT_US'],[295/16],0,0)])]).
phrase(is,[aux([lexmatch([is]),inputmatch([is]),tag(aux),tokens([is])])],312/2,[]).
candidates(0,0,0,0,[]).
mappings([]).
phrase('1.3 mg/dL.',[shapes([inputmatch(['1','.','3']),features([real_number]),tokens(['1','3'])]),mod([lexmatch([mg]),inputmatch([mg]),tag(noun),tokens([mg])]),punc([inputmatch([/]),tokens([])]),head([lexmatch([dl]),inputmatch([dL]),tag(noun),tokens([dl])]),punc([inputmatch(['.']),tokens([])])],315/10,[]).
candidates(7,0,0,7,[]).
mappings([map(-824,[ev(-645,'C2827734','1+','1+ Score',['1'],[qnco],[[[1,1],[1,1],0]],no,no,['MTH','NCI'],[315/1],0,0),ev(-861,'C0439269','mg dl','mg/dL',[mg,dl],[qnco],[[[3,3],[1,1],0],[[4,4],[2,2],0]],yes,no,['CHV','NCI','SNOMEDCT_US'],[319/5],0,0)]),map(-824,[ev(-645,'C2981698','1+','1+ Score, WHO',['1'],[clas],[[[1,1],[1,1],0]],no,no,['MTH','NCI'],[315/1],0,0),ev(-861,'C0439269','mg dl','mg/dL',[mg,dl],[qnco],[[[3,3],[1,1],0],[[4,4],[2,2],0]],yes,no,['CHV','NCI','SNOMEDCT_US'],[319/5],0,0)])]).
'EOU'.
utterance('00000000.tx.6',"Initial urinalysis shows specific gravity of 1.017. ",326/52,[]).
phrase('Initial urinalysis',[mod([lexmatch([initial]),inputmatch(['Initial']),tag(adj),tokens([initial])]),head([lexmatch([urinalysis]),inputmatch([urinalysis]),tag(noun),tokens([urinalysis])])],326/18,[]).
candidates(5,0,0,5,[]).
mappings([map(-888,[ev(-694,'C0205265','Initial','Initially',[initial],[tmco],[[[1,1],[1,1],0]],no,no,['MTH','SNOMEDCT_US'],[326/7],0,0),ev(-861,'C0042014','Urinalysis','Urinalysis',[urinalysis],[lbpr],[[[2,2],[1,1],0]],yes,no,['AOD','CHV','LNC','MSH','MTH','NLMSubSyn','SNOMEDCT_US','SNOMEDCT_VET'],[334/10],0,0)]),map(-888,[ev(-694,'C1279901','Initial','Firstly',[initial],[qlco],[[[1,1],[1,1],0]],no,no,['MTH','NCI','SNMI'],[326/7],0,0),ev(-861,'C0042014','Urinalysis','Urinalysis',[urinalysis],[lbpr],[[[2,2],[1,1],0]],yes,no,['AOD','CHV','LNC','MSH','MTH','NLMSubSyn','SNOMEDCT_US','SNOMEDCT_VET'],[334/10],0,0)]),map(-888,[ev(-694,'C1555582','Initial','Initial (abbreviation)',[initial],[idcn],[[[1,1],[1,1],0]],no,no,['MTH','NCI'],[326/7],0,0),ev(-861,'C0042014','Urinalysis','Urinalysis',[urinalysis],[lbpr],[[[2,2],[1,1],0]],yes,no,['AOD','CHV','LNC','MSH','MTH','NLMSubSyn','SNOMEDCT_US','SNOMEDCT_VET'],[334/10],0,0)]),map(-888,[ev(-694,'C1705685','INITIAL','Initial Usage',[initial],[ftcn],[[[1,1],[1,1],0]],no,no,['MTH','NCI','NLMSubSyn'],[326/7],0,0),ev(-861,'C0042014','Urinalysis','Urinalysis',[urinalysis],[lbpr],[[[2,2],[1,1],0]],yes,no,['AOD','CHV','LNC','MSH','MTH','NLMSubSyn','SNOMEDCT_US','SNOMEDCT_VET'],[334/10],0,0)])]).
phrase(shows,[verb([lexmatch([shows]),inputmatch([shows]),tag(verb),tokens([shows])])],345/5,[]).
candidates(1,0,0,1,[]).
mappings([map(-1000,[ev(-1000,'C1547282','Show','Show',[show],[inpr],[[[1,1],[1,1],0]],yes,no,['HL7V3.0'],[345/5],0,0)])]).
phrase('specific gravity of 1.017.',[head([lexmatch(['specific gravity']),inputmatch([specific,gravity]),tag(noun),tokens([specific,gravity])]),prep([lexmatch([of]),inputmatch([of]),tag(prep),tokens([of])]),shapes([inputmatch(['1','.','017']),features([real_number]),tokens(['1','017'])]),punc([inputmatch(['.']),tokens([])])],351/26,[]).
candidates(6,0,0,6,[]).
mappings([map(-806,[ev(-806,'C0037786','Specific Gravity','Specific Gravity',[specific,gravity],[qnco],[[[1,2],[1,2],0]],yes,no,['MSH','MTH','NCI','SNOMEDCT_US'],[351/16],0,0)]),map(-806,[ev(-806,'C1263442','SPECIFIC GRAVITY','Specific gravity (device)',[specific,gravity],[medd],[[[1,2],[1,2],0]],yes,no,['CHV','MTH','VANDF'],[351/16],0,0)])]).
'EOU'.
utterance('00000000.tx.7',"Microscopic examination of the urine sample reveals 1 WBC per high-power field (HPF), 18 RBCs per HPF, and 5 granular casts per HPF. ",378/133,[]).
phrase('Microscopic examination of the urine sample',[mod([lexmatch([microscopic]),inputmatch(['Microscopic']),tag(adj),tokens([microscopic])]),head([lexmatch([examination]),inputmatch([examination]),tag(noun),tokens([examination])]),prep([lexmatch([of]),inputmatch([of]),tag(prep),tokens([of])]),det([lexmatch([the]),inputmatch([the]),tag(det),tokens([the])]),mod([lexmatch([urine]),inputmatch([urine]),tag(noun),tokens([urine])]),mod([lexmatch([sample]),inputmatch([sample]),tag(noun),tokens([sample])])],378/43,[]).
candidates(13,1,0,12,[]).
mappings([map(-774,[ev(-820,'C0430397','urine microscopic examination','Microscopic urinalysis',[urine,microscopic,examination],[lbpr],[[[5,5],[1,1],0],[[1,1],[2,2],0],[[2,2],[3,3],0]],yes,no,['NLMSubSyn','SNOMEDCT_US'],[378/23,409/5],0,0),ev(-586,'C0370003','Sample','Specimen',[sample],[sbst],[[[6,6],[1,1],0]],no,no,['CHV','LCH','MTH','NCI','NLMSubSyn'],[415/6],0,0)]),map(-774,[ev(-820,'C0430397','urine microscopic examination','Microscopic urinalysis',[urine,microscopic,examination],[lbpr],[[[5,5],[1,1],0],[[1,1],[2,2],0],[[2,2],[3,3],0]],yes,no,['NLMSubSyn','SNOMEDCT_US'],[378/23,409/5],0,0),ev(-586,'C2347026','Sample','Biospecimen',[sample],[cnce],[[[6,6],[1,1],0]],no,no,['MTH','NCI'],[415/6],0,0)])]).
phrase(reveals,[verb([lexmatch([reveals]),inputmatch([reveals]),tag(verb),tokens([reveals])])],422/7,[]).
candidates(1,0,0,1,[]).
mappings([map(-1000,[ev(-1000,'C0443289',reveal,'Revealed',[reveal],[qlco],[[[1,1],[1,1],0]],yes,no,['CHV','SNOMEDCT_US'],[422/7],0,0)])]).
phrase('1 WBC per high-power field (HPF),',[shapes([inputmatch(['1']),features([integer]),tokens(['1'])]),head([lexmatch([wbc]),inputmatch(['WBC']),tag(noun),tokens([wbc])]),prep([lexmatch([per]),inputmatch([per]),tag(prep),tokens([per])]),mod([lexmatch(['high-power field']),inputmatch([high,-,power,field]),tag(noun),tokens([high,power,field])]),punc([inputmatch([',']),tokens([])])],430/33,[]).
candidates(14,0,0,14,[]).
mappings([map(-776,[ev(-586,'C2827734','1+','1+ Score',['1'],[qnco],[[[1,1],[1,1],0]],no,no,['MTH','NCI'],[430/1],0,0),ev(-753,'C0023516','WBC','Leukocytes',[wbc],[cell],[[[2,2],[1,1],0]],yes,no,['AOD','CHV','MSH','MTH','NCI','NLMSubSyn','SNM','SNMI','SNOMEDCT_US'],[432/3],0,0),ev(-666,'C1552990','High Power Field','High Power Field',[high,power,field],[qnco],[[[4,6],[1,3],0]],no,no,['NCI'],[440/16],0,0)]),map(-776,[ev(-586,'C2827734','1+','1+ Score',['1'],[qnco],[[[1,1],[1,1],0]],no,no,['MTH','NCI'],[430/1],0,0),ev(-753,'C1882326','% WBC','Percent in White Blood Count Differential',[wbc],[qnco],[[[2,2],[1,1],0]],yes,no,['NCI'],[432/3],0,0),ev(-666,'C1552990','High Power Field','High Power Field',[high,power,field],[qnco],[[[4,6],[1,3],0]],no,no,['NCI'],[440/16],0,0)]),map(-776,[ev(-586,'C2981698','1+','1+ Score, WHO',['1'],[clas],[[[1,1],[1,1],0]],no,no,['MTH','NCI'],[430/1],0,0),ev(-753,'C0023516','WBC','Leukocytes',[wbc],[cell],[[[2,2],[1,1],0]],yes,no,['AOD','CHV','MSH','MTH','NCI','NLMSubSyn','SNM','SNMI','SNOMEDCT_US'],[432/3],0,0),ev(-666,'C1552990','High Power Field','High Power Field',[high,power,field],[qnco],[[[4,6],[1,3],0]],no,no,['NCI'],[440/16],0,0)]),map(-776,[ev(-586,'C2981698','1+','1+ Score, WHO',['1'],[clas],[[[1,1],[1,1],0]],no,no,['MTH','NCI'],[430/1],0,0),ev(-753,'C1882326','% WBC','Percent in White Blood Count Differential',[wbc],[qnco],[[[2,2],[1,1],0]],yes,no,['NCI'],[432/3],0,0),ev(-666,'C1552990','High Power Field','High Power Field',[high,power,field],[qnco],[[[4,6],[1,3],0]],no,no,['NCI'],[440/16],0,0)])]).
phrase('18 RBCs per HPF,',[shapes([inputmatch(['18']),features([integer]),tokens(['18'])]),head([lexmatch([rbcs]),inputmatch(['RBCs']),tag(noun),tokens([rbcs])]),prep([lexmatch([per]),inputmatch([per]),tag(prep),tokens([per])]),mod([lexmatch(['high-power field']),inputmatch([high,-,power,field]),tag(noun),tokens([high,power,field])]),punc([inputmatch([',']),tokens([])])],464/16,[]).
candidates(11,0,0,11,[]).
mappings([map(-780,[ev(-753,'C0014792',rbcs,'Erythrocytes',[rbcs],[cell],[[[2,2],[1,1],0]],yes,no,['CHV','FMA','MSH','MTH','NCI','NLMSubSyn','SNM','SNMI','SNOMEDCT_US'],[467/4],0,0),ev(-666,'C1552990','High Power Field','High Power Field',[high,power,field],[qnco],[[[4,6],[1,3],0]],no,no,['NCI'],[476/3],0,0)])]).
phrase(and,[conj([lexmatch([and]),inputmatch([and]),tag(conj),tokens([and])])],481/3,[]).
candidates(0,0,0,0,[]).
mappings([]).
phrase('5 granular',[shapes([inputmatch(['5']),features([integer]),tokens(['5'])]),head([lexmatch([granular]),inputmatch([granular]),tag(adj),tokens([granular])])],485/10,[]).
candidates(4,0,0,4,[]).
mappings([map(-888,[ev(-694,'C0439084','>5','>5',['5'],[qnco],[[[1,1],[1,1],0]],no,no,['SNOMEDCT_US'],[485/1],0,0),ev(-861,'C0010837','Granular','Cytoplasmic Granules',[granular],[celc],[[[2,2],[1,1],0]],yes,no,['FMA','LNC','MTH','NCI','UWDA'],[487/8],0,0)]),map(-888,[ev(-694,'C0439084','>5','>5',['5'],[qnco],[[[1,1],[1,1],0]],no,no,['SNOMEDCT_US'],[485/1],0,0),ev(-861,'C0205248','Granular','Granular',[granular],[qlco],[[[2,2],[1,1],0]],yes,no,['MTH'],[487/8],0,0)]),map(-888,[ev(-694,'C0728893','+5','Integer +5',['5'],[qnco],[[[1,1],[1,1],0]],no,no,['SNOMEDCT_US'],[485/1],0,0),ev(-861,'C0010837','Granular','Cytoplasmic Granules',[granular],[celc],[[[2,2],[1,1],0]],yes,no,['FMA','LNC','MTH','NCI','UWDA'],[487/8],0,0)]),map(-888,[ev(-694,'C0728893','+5','Integer +5',['5'],[qnco],[[[1,1],[1,1],0]],no,no,['SNOMEDCT_US'],[485/1],0,0),ev(-861,'C0205248','Granular','Granular',[granular],[qlco],[[[2,2],[1,1],0]],yes,no,['MTH'],[487/8],0,0)])]).
phrase('casts per HPF.',[verb([lexmatch([casts]),inputmatch([casts]),tag(verb),tokens([casts])]),prep([lexmatch([per]),inputmatch([per]),tag(prep),tokens([per])]),mod([lexmatch(['high-power field']),inputmatch([high,-,power,field]),tag(noun),tokens([high,power,field])]),punc([inputmatch(['.']),tokens([])])],496/14,[]).
candidates(14,0,0,14,[]).
mappings([map(-1000,[ev(-1000,'C0439377','Casts per high power field','casts/HPF',[casts,per,high,power,field],[clna],[[[1,1],[1,1],0],[[2,2],[2,2],0],[[3,5],[3,5],0]],yes,no,['SNOMEDCT_US'],[496/13],0,0)])]).
'EOU'.
utterance('00000000.tx.8',"His fractional excretion of sodium is 3.3%. ",511/44,[554]).
phrase('His fractional excretion of sodium',[pron([lexmatch([his]),inputmatch(['His']),tag(pron),tokens([his])]),head([lexmatch(['fractional excretion']),inputmatch([fractional,excretion]),tag(noun),tokens([fractional,excretion])]),prep([lexmatch([of]),inputmatch([of]),tag(prep),tokens([of])]),mod([lexmatch([sodium]),inputmatch([sodium]),tag(noun),tokens([sodium])])],511/34,[]).
candidates(14,0,0,14,[]).
mappings([map(-928,[ev(-593,'C0019602','His','Histidine',[his],[aapp,bacs,phsu],[[[1,1],[1,1],0]],no,no,['MSH','MTH','NCI'],[511/3],0,0),ev(-926,'C1318192','fractional excretion of sodium','Fractional excretion of sodium result',[fractional,excretion,of,sodium],[lbtr],[[[2,3],[1,2],0],[[4,4],[3,3],0],[[5,5],[4,4],0]],yes,no,['CHV','MTH'],[515/30],0,0)]),map(-928,[ev(-593,'C0019602','His','Histidine',[his],[aapp,bacs,phsu],[[[1,1],[1,1],0]],no,no,['MSH','MTH','NCI'],[511/3],0,0),ev(-926,'C1955481','Fractional excretion of sodium','Fractional excretion of sodium',[fractional,excretion,of,sodium],[clna],[[[2,3],[1,2],0],[[4,4],[3,3],0],[[5,5],[4,4],0]],yes,no,['MTH'],[515/30],0,0)]),map(-928,[ev(-593,'C1412323','HIS','AKR1B10 gene',[his],[gngm],[[[1,1],[1,1],0]],no,no,['HGNC','MTH','OMIM'],[511/3],0,0),ev(-926,'C1318192','fractional excretion of sodium','Fractional excretion of sodium result',[fractional,excretion,of,sodium],[lbtr],[[[2,3],[1,2],0],[[4,4],[3,3],0],[[5,5],[4,4],0]],yes,no,['CHV','MTH'],[515/30],0,0)]),map(-928,[ev(-593,'C1412323','HIS','AKR1B10 gene',[his],[gngm],[[[1,1],[1,1],0]],no,no,['HGNC','MTH','OMIM'],[511/3],0,0),ev(-926,'C1955481','Fractional excretion of sodium','Fractional excretion of sodium',[fractional,excretion,of,sodium],[clna],[[[2,3],[1,2],0],[[4,4],[3,3],0],[[5,5],[4,4],0]],yes,no,['MTH'],[515/30],0,0)])]).
phrase(is,[aux([lexmatch([is]),inputmatch([is]),tag(aux),tokens([is])])],546/2,[]).
candidates(0,0,0,0,[]).
mappings([]).
phrase('3.3%.',[shapes([inputmatch(['3','.','3','%']),features([percentage,real_number]),tokens(['3','3'])]),punc([inputmatch(['.']),tokens([])])],549/5,[]).
candidates(3,0,0,3,[]).
mappings([map(-861,[ev(-861,'C0439086','<3','<3 (qualifier value)',['3'],[qnco],[[[1,1],[1,1],0]],yes,no,['SNOMEDCT_US'],[549/1],0,0)]),map(-861,[ev(-861,'C2827736','3+','3+ Score',['3'],[qnco],[[[1,1],[1,1],0]],yes,no,['MTH','NCI'],[549/1],0,0)]),map(-861,[ev(-861,'C2981702','3+','3+ Score, WHO',['3'],[clas],[[[1,1],[1,1],0]],yes,no,['MTH','NCI'],[549/1],0,0)])]).
'EOU'.
utterance('00000000.tx.9',"6-month-old male with decreased urine output and edema several hours after surgery. ",555/84,[]).
phrase('6-month-old male with decreased urine output',[shapes([inputmatch(['6']),features([integer]),tokens(['6'])]),punc([inputmatch([-]),tokens([])]),mod([lexmatch([month]),inputmatch([month]),tag(noun),tokens([month])]),punc([inputmatch([-]),tokens([])]),mod([lexmatch([old]),inputmatch([old]),tag(noun),tokens([old])]),head([lexmatch([male]),inputmatch([male]),tag(noun),tokens([male])]),prep([lexmatch([with]),inputmatch([with]),tag(prep),tokens([with])]),mod([lexmatch([decreased]),inputmatch([decreased]),tag(adj),tokens([decreased])]),mod([lexmatch(['urine output']),inputmatch([urine,output]),tag(noun),tokens([urine,output])])],555/44,[]).
candidates(19,1,0,18,[]).
mappings([map(-730,[ev(-578,'C0439231',month,month,[month],[tmco],[[[2,2],[1,1],0]],no,no,['MTH','SNOMEDCT_US'],[557/5],0,0),ev(-578,'C0580836','Old','Old',[old],[tmco],[[[3,3],[1,1],0]],no,no,['MTH'],[563/3],0,0),ev(-744,'C0024554','Male','Male gender',[male],[orga],[[[4,4],[1,1],0]],yes,no,['CHV','DXP','MSH','MTH','NCI','NLMSubSyn','QMR','SNOMEDCT_US'],[567/4],0,0),ev(-633,'C0028961','decreased urine output','Oliguria',[decreased,urine,output],[sosy],[[[6,6],[1,1],0],[[7,8],[2,3],0]],no,no,['CHV','CST','DXP','MSH','MTH','NCI','NLMSubSyn','SNMI','SNOMEDCT_US'],[577/22],0,0)]),map(-730,[ev(-578,'C0439231',month,month,[month],[tmco],[[[2,2],[1,1],0]],no,no,['MTH','SNOMEDCT_US'],[557/5],0,0),ev(-578,'C0580836','Old','Old',[old],[tmco],[[[3,3],[1,1],0]],no,no,['MTH'],[563/3],0,0),ev(-744,'C0086582',male,'Males',[male],[popg],[[[4,4],[1,1],0]],yes,no,['CHV','MTH'],[567/4],0,0),ev(-633,'C0028961','decreased urine output','Oliguria',[decreased,urine,output],[sosy],[[[6,6],[1,1],0],[[7,8],[2,3],0]],no,no,['CHV','CST','DXP','MSH','MTH','NCI','NLMSubSyn','SNMI','SNOMEDCT_US'],[577/22],0,0)]),map(-730,[ev(-578,'C0439231',month,month,[month],[tmco],[[[2,2],[1,1],0]],no,no,['MTH','SNOMEDCT_US'],[557/5],0,0),ev(-578,'C0580836','Old','Old',[old],[tmco],[[[3,3],[1,1],0]],no,no,['MTH'],[563/3],0,0),ev(-744,'C1706180','Male','Male Gender, Self Report',[male],[qlco],[[[4,4],[1,1],0]],yes,no,['MTH','NCI'],[567/4],0,0),ev(-633,'C0028961','decreased urine output','Oliguria',[decreased,urine,output],[sosy],[[[6,6],[1,1],0],[[7,8],[2,3],0]],no,no,['CHV','CST','DXP','MSH','MTH','NCI','NLMSubSyn','SNMI','SNOMEDCT_US'],[577/22],0,0)]),map(-730,[ev(-578,'C0439231',month,month,[month],[tmco],[[[2,2],[1,1],0]],no,no,['MTH','SNOMEDCT_US'],[557/5],0,0),ev(-578,'C0580836','Old','Old',[old],[tmco],[[[3,3],[1,1],0]],no,no,['MTH'],[563/3],0,0),ev(-744,'C1706428','Male','Male Phenotype',[male],[qlco],[[[4,4],[1,1],0]],yes,no,['MTH','NCI'],[567/4],0,0),ev(-633,'C0028961','decreased urine output','Oliguria',[decreased,urine,output],[sosy],[[[6,6],[1,1],0],[[7,8],[2,3],0]],no,no,['CHV','CST','DXP','MSH','MTH','NCI','NLMSubSyn','SNMI','SNOMEDCT_US'],[577/22],0,0)]),map(-730,[ev(-578,'C0439231',month,month,[month],[tmco],[[[2,2],[1,1],0]],no,no,['MTH','SNOMEDCT_US'],[557/5],0,0),ev(-578,'C0580836','Old','Old',[old],[tmco],[[[3,3],[1,1],0]],no,no,['MTH'],[563/3],0,0),ev(-744,'C1706429','Male','Male, Self-Reported',[male],[orga],[[[4,4],[1,1],0]],yes,no,['MTH','NCI'],[567/4],0,0),ev(-633,'C0028961','decreased urine output','Oliguria',[decreased,urine,output],[sosy],[[[6,6],[1,1],0],[[7,8],[2,3],0]],no,no,['CHV','CST','DXP','MSH','MTH','NCI','NLMSubSyn','SNMI','SNOMEDCT_US'],[577/22],0,0)]),map(-730,[ev(-578,'C0439507','/month','per month (qualifier value)',[month],[tmco],[[[2,2],[1,1],0]],no,no,['NCI','SNOMEDCT_US'],[557/5],0,0),ev(-578,'C0580836','Old','Old',[old],[tmco],[[[3,3],[1,1],0]],no,no,['MTH'],[563/3],0,0),ev(-744,'C0024554','Male','Male gender',[male],[orga],[[[4,4],[1,1],0]],yes,no,['CHV','DXP','MSH','MTH','NCI','NLMSubSyn','QMR','SNOMEDCT_US'],[567/4],0,0),ev(-633,'C0028961','decreased urine output','Oliguria',[decreased,urine,output],[sosy],[[[6,6],[1,1],0],[[7,8],[2,3],0]],no,no,['CHV','CST','DXP','MSH','MTH','NCI','NLMSubSyn','SNMI','SNOMEDCT_US'],[577/22],0,0)]),map(-730,[ev(-578,'C0439507','/month','per month (qualifier value)',[month],[tmco],[[[2,2],[1,1],0]],no,no,['NCI','SNOMEDCT_US'],[557/5],0,0),ev(-578,'C0580836','Old','Old',[old],[tmco],[[[3,3],[1,1],0]],no,no,['MTH'],[563/3],0,0),ev(-744,'C0086582',male,'Males',[male],[popg],[[[4,4],[1,1],0]],yes,no,['CHV','MTH'],[567/4],0,0),ev(-633,'C0028961','decreased urine output','Oliguria',[decreased,urine,output],[sosy],[[[6,6],[1,1],0],[[7,8],[2,3],0]],no,no,['CHV','CST','DXP','MSH','MTH','NCI','NLMSubSyn','SNMI','SNOMEDCT_US'],[577/22],0,0)]),map(-730,[ev(-578,'C0439507','/month','per month (qualifier value)',[month],[tmco],[[[2,2],[1,1],0]],no,no,['NCI','SNOMEDCT_US'],[557/5],0,0),ev(-578,'C0580836','Old','Old',[old],[tmco],[[[3,3],[1,1],0]],no,no,['MTH'],[563/3],0,0),ev(-744,'C1706180','Male','Male Gender, Self Report',[male],[qlco],[[[4,4],[1,1],0]],yes,no,['MTH','NCI'],[567/4],0,0),ev(-633,'C0028961','decreased urine output','Oliguria',[decreased,urine,output],[sosy],[[[6,6],[1,1],0],[[7,8],[2,3],0]],no,no,['CHV','CST','DXP','MSH','MTH','NCI','NLMSubSyn','SNMI','SNOMEDCT_US'],[577/22],0,0)]),map(-730,[ev(-578,'C0439507','/month','per month (qualifier value)',[month],[tmco],[[[2,2],[1,1],0]],no,no,['NCI','SNOMEDCT_US'],[557/5],0,0),ev(-578,'C0580836','Old','Old',[old],[tmco],[[[3,3],[1,1],0]],no,no,['MTH'],[563/3],0,0),ev(-744,'C1706428','Male','Male Phenotype',[male],[qlco],[[[4,4],[1,1],0]],yes,no,['MTH','NCI'],[567/4],0,0),ev(-633,'C0028961','decreased urine output','Oliguria',[decreased,urine,output],[sosy],[[[6,6],[1,1],0],[[7,8],[2,3],0]],no,no,['CHV','CST','DXP','MSH','MTH','NCI','NLMSubSyn','SNMI','SNOMEDCT_US'],[577/22],0,0)]),map(-730,[ev(-578,'C0439507','/month','per month (qualifier value)',[month],[tmco],[[[2,2],[1,1],0]],no,no,['NCI','SNOMEDCT_US'],[557/5],0,0),ev(-578,'C0580836','Old','Old',[old],[tmco],[[[3,3],[1,1],0]],no,no,['MTH'],[563/3],0,0),ev(-744,'C1706429','Male','Male, Self-Reported',[male],[orga],[[[4,4],[1,1],0]],yes,no,['MTH','NCI'],[567/4],0,0),ev(-633,'C0028961','decreased urine output','Oliguria',[decreased,urine,output],[sosy],[[[6,6],[1,1],0],[[7,8],[2,3],0]],no,no,['CHV','CST','DXP','MSH','MTH','NCI','NLMSubSyn','SNMI','SNOMEDCT_US'],[577/22],0,0)])]).
phrase(and,[conj([lexmatch([and]),inputmatch([and]),tag(conj),tokens([and])])],600/3,[]).
candidates(0,0,0,0,[]).
mappings([]).
phrase('edema several hours after surgery.',[mod([lexmatch([edema]),inputmatch([edema]),tag(noun),tokens([edema])]),mod([lexmatch([several]),inputmatch([several]),tag(adj),tokens([several])]),head([lexmatch([hours]),inputmatch([hours]),tag(noun),tokens([hours])]),prep([lexmatch([after]),inputmatch([after]),tag(prep),tokens([after])]),mod([lexmatch([surgery]),inputmatch([surgery]),tag(noun),tokens([surgery])]),punc([inputmatch(['.']),tokens([])])],604/34,[]).
candidates(7,1,0,6,[]).
mappings([map(-687,[ev(-593,'C0013604','Edema','Edema',[edema],[patf],[[[1,1],[1,1],0]],no,no,['CHV','CST','ICD10CM','MSH','MTH','NLMSubSyn','SNMI','SNOMEDCT_US','SNOMEDCT_VET'],[604/5],0,0),ev(-760,'C0439227',hours,'Hour',[hours],[tmco],[[[3,3],[1,1],0]],yes,no,['MTH','SNOMEDCT_US'],[618/5],0,0),ev(-593,'C0038894','Surgery','Surgery specialty',[surgery],[bmod],[[[5,5],[1,1],0]],no,no,['MSH','MTH','NLMSubSyn'],[630/7],0,0)]),map(-687,[ev(-593,'C0013604','Edema','Edema',[edema],[patf],[[[1,1],[1,1],0]],no,no,['CHV','CST','ICD10CM','MSH','MTH','NLMSubSyn','SNMI','SNOMEDCT_US','SNOMEDCT_VET'],[604/5],0,0),ev(-760,'C0439227',hours,'Hour',[hours],[tmco],[[[3,3],[1,1],0]],yes,no,['MTH','SNOMEDCT_US'],[618/5],0,0),ev(-593,'C0038895',surgery,'Surgical aspects',[surgery],[ftcn],[[[5,5],[1,1],0]],no,no,['MSH','MTH','NLMSubSyn'],[630/7],0,0)]),map(-687,[ev(-593,'C0013604','Edema','Edema',[edema],[patf],[[[1,1],[1,1],0]],no,no,['CHV','CST','ICD10CM','MSH','MTH','NLMSubSyn','SNMI','SNOMEDCT_US','SNOMEDCT_VET'],[604/5],0,0),ev(-760,'C0439227',hours,'Hour',[hours],[tmco],[[[3,3],[1,1],0]],yes,no,['MTH','SNOMEDCT_US'],[618/5],0,0),ev(-593,'C0543467','Surgery','Operative Surgical Procedures',[surgery],[hlca],[[[5,5],[1,1],0]],no,no,['AOD','CHV','LNC','MSH','MTH','NCI','NLMSubSyn','SNMI','SNOMEDCT_US'],[630/7],0,0)]),map(-687,[ev(-593,'C1717255','Edema','Edema:Finding:Point in time:^Patient:Ordinal',[edema],[clna],[[[1,1],[1,1],0]],no,no,['LNC'],[604/5],0,0),ev(-760,'C0439227',hours,'Hour',[hours],[tmco],[[[3,3],[1,1],0]],yes,no,['MTH','SNOMEDCT_US'],[618/5],0,0),ev(-593,'C0038894','Surgery','Surgery specialty',[surgery],[bmod],[[[5,5],[1,1],0]],no,no,['MSH','MTH','NLMSubSyn'],[630/7],0,0)]),map(-687,[ev(-593,'C1717255','Edema','Edema:Finding:Point in time:^Patient:Ordinal',[edema],[clna],[[[1,1],[1,1],0]],no,no,['LNC'],[604/5],0,0),ev(-760,'C0439227',hours,'Hour',[hours],[tmco],[[[3,3],[1,1],0]],yes,no,['MTH','SNOMEDCT_US'],[618/5],0,0),ev(-593,'C0038895',surgery,'Surgical aspects',[surgery],[ftcn],[[[5,5],[1,1],0]],no,no,['MSH','MTH','NLMSubSyn'],[630/7],0,0)]),map(-687,[ev(-593,'C1717255','Edema','Edema:Finding:Point in time:^Patient:Ordinal',[edema],[clna],[[[1,1],[1,1],0]],no,no,['LNC'],[604/5],0,0),ev(-760,'C0439227',hours,'Hour',[hours],[tmco],[[[3,3],[1,1],0]],yes,no,['MTH','SNOMEDCT_US'],[618/5],0,0),ev(-593,'C0543467','Surgery','Operative Surgical Procedures',[surgery],[hlca],[[[5,5],[1,1],0]],no,no,['AOD','CHV','LNC','MSH','MTH','NCI','NLMSubSyn','SNMI','SNOMEDCT_US'],[630/7],0,0)])]).
'EOU'.
utterance('00000000.tx.10',"He is hypertensive and tachycardic, has a high BUN and creatinine, and urine microscopy reveals red blood cells and granular casts.",639/131,[]).
phrase('He',[pron([lexmatch([he]),inputmatch(['He']),tag(pron),tokens([he])])],639/2,[]).
candidates(0,0,0,0,[]).
mappings([]).
phrase(is,[aux([lexmatch([is]),inputmatch([is]),tag(aux),tokens([is])])],642/2,[]).
candidates(0,0,0,0,[]).
mappings([]).
phrase(hypertensive,[head([lexmatch([hypertensive]),inputmatch([hypertensive]),tag(adj),tokens([hypertensive])])],645/12,[]).
candidates(1,0,0,1,[]).
mappings([map(-1000,[ev(-1000,'C0857121',hypertensive,'Hypertensive (finding)',[hypertensive],[fndg],[[[1,1],[1,1],0]],yes,no,['CHV','MTH'],[645/12],0,0)])]).
phrase(and,[conj([lexmatch([and]),inputmatch([and]),tag(conj),tokens([and])])],658/3,[]).
candidates(0,0,0,0,[]).
mappings([]).
phrase('tachycardic,',[head([lexmatch([tachycardic]),inputmatch([tachycardic]),tag(adj),tokens([tachycardic])]),punc([inputmatch([',']),tokens([])])],662/12,[]).
candidates(1,0,0,1,[]).
mappings([map(-928,[ev(-928,'C0039231','Tachycardia','Tachycardia',[tachycardia],[fndg],[[[1,1],[1,1],3]],yes,no,['CHV','CST','DXP','ICD10CM','MSH','MTH','NCI','NLMSubSyn','SNMI','SNOMEDCT_US'],[662/11],0,0)])]).
phrase(has,[aux([lexmatch([has]),inputmatch([has]),tag(aux),tokens([has])])],675/3,[]).
candidates(0,0,0,0,[]).
mappings([]).
phrase('a high BUN',[det([lexmatch([a]),inputmatch([a]),tag(det),tokens([a])]),mod([lexmatch([high]),inputmatch([high]),tag(adj),tokens([high])]),head([lexmatch([bun]),inputmatch(['BUN']),tag(noun),tokens([bun])])],679/10,[]).
candidates(3,0,0,3,[]).
mappings([map(-694,[ev(-694,'C0205250','High','High',[high],[qlco],[[[1,1],[1,1],0]],no,no,['CHV','MTH','NCI','SNOMEDCT_US'],[681/4],0,0)]),map(-694,[ev(-694,'C1299351','High','Abnormally high',[high],[qlco],[[[1,1],[1,1],0]],no,no,['HL7V3.0','MTH'],[681/4],0,0)]),map(-694,[ev(-694,'C2700149','HIGH','Value Above Reference Range',[high],[inpr],[[[1,1],[1,1],0]],no,no,['MTH','NCI'],[681/4],0,0)])]).
phrase(and,[conj([lexmatch([and]),inputmatch([and]),tag(conj),tokens([and])])],690/3,[]).
candidates(0,0,0,0,[]).
mappings([]).
phrase('creatinine,',[head([lexmatch([creatinine]),inputmatch([creatinine]),tag(noun),tokens([creatinine])]),punc([inputmatch([',']),tokens([])])],694/11,[]).
candidates(2,0,0,2,[]).
mappings([map(-1000,[ev(-1000,'C0010294','Creatinine','Creatinine',[creatinine],[bacs,orch],[[[1,1],[1,1],0]],yes,no,['CHV','MTH'],[694/10],0,0)]),map(-1000,[ev(-1000,'C1561535','Creatinine','Creatinine finding',[creatinine],[fndg],[[[1,1],[1,1],0]],yes,no,['MTH','NCI'],[694/10],0,0)])]).
phrase(and,[conj([lexmatch([and]),inputmatch([and]),tag(conj),tokens([and])])],706/3,[]).
candidates(0,0,0,0,[]).
mappings([]).
phrase('urine microscopy',[mod([lexmatch([urine]),inputmatch([urine]),tag(noun),tokens([urine])]),head([lexmatch([microscopy]),inputmatch([microscopy]),tag(noun),tokens([microscopy])])],710/16,[]).
candidates(6,1,0,5,[]).
mappings([map(-1000,[ev(-1000,'C0430397','Urine microscopy','Microscopic urinalysis',[urine,microscopy],[lbpr],[[[1,1],[1,1],0],[[2,2],[2,2],0]],yes,no,['NLMSubSyn','SNOMEDCT_US'],[710/16],0,0)])]).
phrase(reveals,[verb([lexmatch([reveals]),inputmatch([reveals]),tag(verb),tokens([reveals])])],727/7,[]).
candidates(1,0,0,1,[]).
mappings([map(-1000,[ev(-1000,'C0443289',reveal,'Revealed',[reveal],[qlco],[[[1,1],[1,1],0]],yes,no,['CHV','SNOMEDCT_US'],[727/7],0,0)])]).
phrase('red blood cells',[head([lexmatch(['red blood cells']),inputmatch([red,blood,cells]),tag(noun),tokens([red,blood,cells])])],735/15,[]).
candidates(24,11,0,13,[]).
mappings([map(-1000,[ev(-1000,'C0014772','Red Blood Cells','Red Blood Cell Count measurement',[red,blood,cells],[lbpr],[[[1,3],[1,3],0]],yes,no,['CHV','MSH','MTH','NCI','NLMSubSyn','SNOMEDCT_US'],[735/15],0,0)]),map(-1000,[ev(-1000,'C0014792','Red Blood Cells','Erythrocytes',[red,blood,cells],[cell],[[[1,3],[1,3],0]],yes,no,['CHV','FMA','MSH','MTH','NCI','NLMSubSyn','SNM','SNMI','SNOMEDCT_US'],[735/15],0,0)]),map(-1000,[ev(-1000,'C0439179','% red blood cells','% Ercs',[red,blood,cells],[qnco],[[[1,3],[1,3],0]],yes,no,['NLMSubSyn','SNOMEDCT_US'],[735/15],0,0)]),map(-1000,[ev(-1000,'C1277078','Red blood cells','Red blood cells, blood product',[red,blood,cells],[phsu],[[[1,3],[1,3],0]],yes,no,['CHV','MTH','NLMSubSyn','SNOMEDCT_US'],[735/15],0,0)])]).
phrase(and,[conj([lexmatch([and]),inputmatch([and]),tag(conj),tokens([and])])],751/3,[]).
candidates(0,0,0,0,[]).
mappings([]).
phrase(granular,[head([lexmatch([granular]),inputmatch([granular]),tag(adj),tokens([granular])])],755/8,[]).
candidates(2,0,0,2,[]).
mappings([map(-1000,[ev(-1000,'C0010837','Granular','Cytoplasmic Granules',[granular],[celc],[[[1,1],[1,1],0]],yes,no,['FMA','LNC','MTH','NCI','UWDA'],[755/8],0,0)]),map(-1000,[ev(-1000,'C0205248','Granular','Granular',[granular],[qlco],[[[1,1],[1,1],0]],yes,no,['MTH'],[755/8],0,0)])]).
phrase('casts.',[verb([lexmatch([casts]),inputmatch([casts]),tag(verb),tokens([casts])]),punc([inputmatch(['.']),tokens([])])],764/6,[]).
candidates(3,0,0,3,[]).
mappings([map(-1000,[ev(-1000,'C0179686','Cast','Orthopedic Cast',[cast],[medd],[[[1,1],[1,1],0]],yes,no,['CHV','MTH','SNOMEDCT_US'],[764/5],0,0)]),map(-1000,[ev(-1000,'C0302143','Cast','Casts body substance',[cast],[bdsu],[[[1,1],[1,1],0]],yes,no,['CHV','MTH','SNOMEDCT_US'],[764/5],0,0)]),map(-1000,[ev(-1000,'C2699127','CASTS','Cast Present Or Absent (lab procedure)',[casts],[lbpr],[[[1,1],[1,1],0]],yes,no,['MTH','NCI'],[764/5],0,0)])]).
'EOU'.
'EOT'.
