args('metamap14.BINARY.Darwin --lexicon db -Z 2014AA -qE -Q 4 ../../TREC-CDS/2014-original/2.txt ../../TREC-CDS/results/2.txt.out',[lexicon-db,mm_data_year-'2014AA',machine_output-[],indicate_citation_end-[],composite_phrases-4,infile-'../../TREC-CDS/2014-original/2.txt',outfile-'../../TREC-CDS/results/2.txt.out']).
aas([]).
neg_list([negation(nega,denies,[250/6],['C1457887':'Symptoms'],[281/8])]).
utterance('00000000.tx.1',"diagnosis. ",0/11,[10]).
phrase('diagnosis.',[head([lexmatch([diagnosis]),inputmatch([diagnosis]),tag(noun),tokens([diagnosis])]),punc([inputmatch(['.']),tokens([])])],0/10,[]).
candidates(3,0,0,3,[]).
mappings([map(-1000,[ev(-1000,'C0011900','Diagnosis','Diagnosis',[diagnosis],[fndg],[[[1,1],[1,1],0]],yes,no,['CCS','CHV','LNC','MTH','NCI'],[0/9],0,0)]),map(-1000,[ev(-1000,'C1704338',diagnosis,'diagnosis aspect',[diagnosis],[qlco],[[[1,1],[1,1],0]],yes,no,['MSH','MTH','NLMSubSyn'],[0/9],0,0)]),map(-1000,[ev(-1000,'C1704656','DIAGNOSIS','Diagnosis Study',[diagnosis],[resa],[[[1,1],[1,1],0]],yes,no,['MTH','NCI'],[0/9],0,0)])]).
'EOU'.
utterance('00000000.tx.2',"An 8-year-old male presents in March to the ER with fever up to 39 C, dyspnea and cough for 2 days. ",11/100,[]).
phrase('An 8-year-old male',[det([lexmatch([an]),inputmatch(['An']),tag(det),tokens([an])]),shapes([inputmatch(['8']),features([integer]),tokens(['8'])]),punc([inputmatch([-]),tokens([])]),mod([lexmatch([year]),inputmatch([year]),tag(noun),tokens([year])]),punc([inputmatch([-]),tokens([])]),mod([lexmatch([old]),inputmatch([old]),tag(noun),tokens([old])]),head([lexmatch([male]),inputmatch([male]),tag(noun),tokens([male])])],11/18,[]).
candidates(8,0,0,8,[]).
mappings([map(-775,[ev(-645,'C0439234',year,year,[year],[tmco],[[[2,2],[1,1],0]],no,no,['MTH','NCI','SNOMEDCT_US'],[16/4],0,0),ev(-645,'C0580836','Old','Old',[old],[tmco],[[[3,3],[1,1],0]],no,no,['MTH'],[21/3],0,0),ev(-812,'C0024554','Male','Male gender',[male],[orga],[[[4,4],[1,1],0]],yes,no,['CHV','DXP','MSH','MTH','NCI','NLMSubSyn','QMR','SNOMEDCT_US'],[25/4],0,0)]),map(-775,[ev(-645,'C0439234',year,year,[year],[tmco],[[[2,2],[1,1],0]],no,no,['MTH','NCI','SNOMEDCT_US'],[16/4],0,0),ev(-645,'C0580836','Old','Old',[old],[tmco],[[[3,3],[1,1],0]],no,no,['MTH'],[21/3],0,0),ev(-812,'C0086582',male,'Males',[male],[popg],[[[4,4],[1,1],0]],yes,no,['CHV','MTH'],[25/4],0,0)]),map(-775,[ev(-645,'C0439234',year,year,[year],[tmco],[[[2,2],[1,1],0]],no,no,['MTH','NCI','SNOMEDCT_US'],[16/4],0,0),ev(-645,'C0580836','Old','Old',[old],[tmco],[[[3,3],[1,1],0]],no,no,['MTH'],[21/3],0,0),ev(-812,'C1706180','Male','Male Gender, Self Report',[male],[qlco],[[[4,4],[1,1],0]],yes,no,['MTH','NCI'],[25/4],0,0)]),map(-775,[ev(-645,'C0439234',year,year,[year],[tmco],[[[2,2],[1,1],0]],no,no,['MTH','NCI','SNOMEDCT_US'],[16/4],0,0),ev(-645,'C0580836','Old','Old',[old],[tmco],[[[3,3],[1,1],0]],no,no,['MTH'],[21/3],0,0),ev(-812,'C1706428','Male','Male Phenotype',[male],[qlco],[[[4,4],[1,1],0]],yes,no,['MTH','NCI'],[25/4],0,0)]),map(-775,[ev(-645,'C0439234',year,year,[year],[tmco],[[[2,2],[1,1],0]],no,no,['MTH','NCI','SNOMEDCT_US'],[16/4],0,0),ev(-645,'C0580836','Old','Old',[old],[tmco],[[[3,3],[1,1],0]],no,no,['MTH'],[21/3],0,0),ev(-812,'C1706429','Male','Male, Self-Reported',[male],[orga],[[[4,4],[1,1],0]],yes,no,['MTH','NCI'],[25/4],0,0)]),map(-775,[ev(-645,'C0439508','/year','per year',[year],[tmco],[[[2,2],[1,1],0]],no,no,['CHV','MTH','NCI','SNOMEDCT_US'],[16/4],0,0),ev(-645,'C0580836','Old','Old',[old],[tmco],[[[3,3],[1,1],0]],no,no,['MTH'],[21/3],0,0),ev(-812,'C0024554','Male','Male gender',[male],[orga],[[[4,4],[1,1],0]],yes,no,['CHV','DXP','MSH','MTH','NCI','NLMSubSyn','QMR','SNOMEDCT_US'],[25/4],0,0)]),map(-775,[ev(-645,'C0439508','/year','per year',[year],[tmco],[[[2,2],[1,1],0]],no,no,['CHV','MTH','NCI','SNOMEDCT_US'],[16/4],0,0),ev(-645,'C0580836','Old','Old',[old],[tmco],[[[3,3],[1,1],0]],no,no,['MTH'],[21/3],0,0),ev(-812,'C0086582',male,'Males',[male],[popg],[[[4,4],[1,1],0]],yes,no,['CHV','MTH'],[25/4],0,0)]),map(-775,[ev(-645,'C0439508','/year','per year',[year],[tmco],[[[2,2],[1,1],0]],no,no,['CHV','MTH','NCI','SNOMEDCT_US'],[16/4],0,0),ev(-645,'C0580836','Old','Old',[old],[tmco],[[[3,3],[1,1],0]],no,no,['MTH'],[21/3],0,0),ev(-812,'C1706180','Male','Male Gender, Self Report',[male],[qlco],[[[4,4],[1,1],0]],yes,no,['MTH','NCI'],[25/4],0,0)]),map(-775,[ev(-645,'C0439508','/year','per year',[year],[tmco],[[[2,2],[1,1],0]],no,no,['CHV','MTH','NCI','SNOMEDCT_US'],[16/4],0,0),ev(-645,'C0580836','Old','Old',[old],[tmco],[[[3,3],[1,1],0]],no,no,['MTH'],[21/3],0,0),ev(-812,'C1706428','Male','Male Phenotype',[male],[qlco],[[[4,4],[1,1],0]],yes,no,['MTH','NCI'],[25/4],0,0)]),map(-775,[ev(-645,'C0439508','/year','per year',[year],[tmco],[[[2,2],[1,1],0]],no,no,['CHV','MTH','NCI','SNOMEDCT_US'],[16/4],0,0),ev(-645,'C0580836','Old','Old',[old],[tmco],[[[3,3],[1,1],0]],no,no,['MTH'],[21/3],0,0),ev(-812,'C1706429','Male','Male, Self-Reported',[male],[orga],[[[4,4],[1,1],0]],yes,no,['MTH','NCI'],[25/4],0,0)])]).
phrase('presents in March',[verb([lexmatch([presents]),inputmatch([presents]),tag(verb),tokens([presents])]),prep([lexmatch([in]),inputmatch([in]),tag(prep),tokens([in])]),mod([lexmatch([march]),inputmatch(['March']),tag(noun),tokens([march])])],30/17,[]).
candidates(2,0,0,2,[]).
mappings([map(-790,[ev(-790,'C0150312','Present','Present',[present],[qnco],[[[1,1],[1,1],0]],yes,no,['CHV','MTH','NCI'],[30/8],0,0)]),map(-790,[ev(-790,'C0449450','Present','Presentation',[present],[idcn],[[[1,1],[1,1],0]],yes,no,['CHV','MTH','NCI'],[30/8],0,0)])]).
phrase('to the ER with fever',[prep([lexmatch([to]),inputmatch([to]),tag(prep),tokens([to])]),det([lexmatch([the]),inputmatch([the]),tag(det),tokens([the])]),head([lexmatch([er]),inputmatch(['ER']),tag(noun),tokens([er])]),prep([lexmatch([with]),inputmatch([with]),tag(prep),tokens([with])]),mod([lexmatch([fever]),inputmatch([fever]),tag(noun),tokens([fever])])],48/20,[]).
candidates(2,0,0,2,[]).
mappings([map(-520,[ev(-593,'C1883351','To','To',[to],[qlco],[[[1,1],[1,1],0]],no,no,['MTH'],[48/2],0,0),ev(-593,'C0015967','Fever','Fever',[fever],[fndg],[[[5,5],[1,1],0]],no,no,['CHV','CSP','CST','DXP','ICD10CM','MSH','MTH','NCI','NLMSubSyn','SNMI','SNOMEDCT_US'],[63/5],0,0)])]).
phrase('up to 39 C,',[prep([lexmatch(['up to']),inputmatch([up,to]),tag(prep),tokens([up,to])]),shapes([inputmatch(['39']),features([integer]),tokens(['39'])]),head([lexmatch([c]),inputmatch(['C']),tag(noun),tokens([c])]),punc([inputmatch([',']),tokens([])])],69/11,[]).
candidates(0,0,0,0,[]).
mappings([]).
phrase(dyspnea,[head([lexmatch([dyspnea]),inputmatch([dyspnea]),tag(noun),tokens([dyspnea])])],81/7,[]).
candidates(1,0,0,1,[]).
mappings([map(-1000,[ev(-1000,'C0013404','Dyspnea','Dyspnea',[dyspnea],[sosy],[[[1,1],[1,1],0]],yes,no,['CHV','CSP','CST','DXP','ICD10CM','ICPC','MSH','MTH','NCI','NLMSubSyn','OMIM','SNOMEDCT_US'],[81/7],0,0)])]).
phrase(and,[conj([lexmatch([and]),inputmatch([and]),tag(conj),tokens([and])])],89/3,[]).
candidates(0,0,0,0,[]).
mappings([]).
phrase('cough for 2 days.',[head([lexmatch([cough]),inputmatch([cough]),tag(noun),tokens([cough])]),prep([lexmatch([for]),inputmatch([for]),tag(prep),tokens([for])]),shapes([inputmatch(['2']),features([integer]),tokens(['2'])]),mod([lexmatch([days]),inputmatch([days]),tag(noun),tokens([days])]),punc([inputmatch(['.']),tokens([])])],93/17,[]).
candidates(6,3,0,3,[]).
mappings([map(-708,[ev(-770,'C0010200','Cough','Coughing',[cough],[sosy],[[[1,1],[1,1],0]],yes,no,['CHV','MSH','MTH','SNMI','SNOMEDCT_US'],[93/5],0,0),ev(-604,'C0439228',days,day,[days],[tmco],[[[4,4],[1,1],0]],no,no,['MTH','SNOMEDCT_US'],[105/4],0,0)]),map(-708,[ev(-770,'C1961131','Cough','Cough Adverse Event',[cough],[fndg],[[[1,1],[1,1],0]],yes,no,['MTH','NCI'],[93/5],0,0),ev(-604,'C0439228',days,day,[days],[tmco],[[[4,4],[1,1],0]],no,no,['MTH','SNOMEDCT_US'],[105/4],0,0)])]).
'EOU'.
utterance('00000000.tx.3',"He has just returned from a 5 day vacation in Colorado. ",111/56,[]).
phrase('He',[pron([lexmatch([he]),inputmatch(['He']),tag(pron),tokens([he])])],111/2,[]).
candidates(0,0,0,0,[]).
mappings([]).
phrase(has,[aux([lexmatch([has]),inputmatch([has]),tag(aux),tokens([has])])],114/3,[]).
candidates(0,0,0,0,[]).
mappings([]).
phrase(just,[adv([lexmatch([just]),inputmatch([just]),tag(adv),tokens([just])])],118/4,[]).
candidates(0,0,0,0,[]).
mappings([]).
phrase('returned from a 5 day vacation',[verb([lexmatch([returned]),inputmatch([returned]),tag(verb),tokens([returned])]),prep([lexmatch([from]),inputmatch([from]),tag(prep),tokens([from])]),det([lexmatch([a]),inputmatch([a]),tag(det),tokens([a])]),shapes([inputmatch(['5']),features([integer]),tokens(['5'])]),mod([lexmatch([day]),inputmatch([day]),tag(noun),tokens([day])]),mod([lexmatch([vacation]),inputmatch([vacation]),tag(noun),tokens([vacation])])],123/30,[]).
candidates(5,0,0,5,[]).
mappings([map(-661,[ev(-719,'C0332156','Return','Return to',[return],[qlco],[[[1,1],[1,1],1]],yes,no,['NCI','SNOMEDCT_US'],[123/8],0,0),ev(-753,'C0332173','/day','Daily',[day],[tmco],[[[5,5],[1,1],0]],yes,no,['CHV','MTH','NCI','SNOMEDCT_US'],[141/3],0,0),ev(-753,'C0680199','Vacation','Vacation',[vacation],[tmco],[[[6,6],[1,1],0]],yes,no,['CHV','NCI'],[145/8],0,0)]),map(-661,[ev(-719,'C0332156','Return','Return to',[return],[qlco],[[[1,1],[1,1],1]],yes,no,['NCI','SNOMEDCT_US'],[123/8],0,0),ev(-753,'C0439228',day,day,[day],[tmco],[[[5,5],[1,1],0]],yes,no,['MTH','SNOMEDCT_US'],[141/3],0,0),ev(-753,'C0680199','Vacation','Vacation',[vacation],[tmco],[[[6,6],[1,1],0]],yes,no,['CHV','NCI'],[145/8],0,0)]),map(-661,[ev(-719,'C0332156','Return','Return to',[return],[qlco],[[[1,1],[1,1],1]],yes,no,['NCI','SNOMEDCT_US'],[123/8],0,0),ev(-753,'C0439505','/day','per day',[day],[tmco],[[[5,5],[1,1],0]],yes,no,['MTH','NCI','SNOMEDCT_US'],[141/3],0,0),ev(-753,'C0680199','Vacation','Vacation',[vacation],[tmco],[[[6,6],[1,1],0]],yes,no,['CHV','NCI'],[145/8],0,0)])]).
phrase('in Colorado.',[prep([lexmatch([in]),inputmatch([in]),tag(prep),tokens([in])]),head([lexmatch([colorado]),inputmatch(['Colorado']),tag(noun),tokens([colorado])]),punc([inputmatch(['.']),tokens([])])],154/12,[]).
candidates(1,0,0,1,[]).
mappings([map(-1000,[ev(-1000,'C0009399','Colorado','Colorado',[colorado],[geoa],[[[1,1],[1,1],0]],yes,no,['MTH'],[157/8],0,0)])]).
'EOU'.
utterance('00000000.tx.4',"Parents report that prior to the onset of fever and cough, he had loose stools. ",167/80,[]).
phrase('Parents',[head([lexmatch([parents]),inputmatch(['Parents']),tag(noun),tokens([parents])])],167/7,[]).
candidates(2,1,0,1,[]).
mappings([map(-1000,[ev(-1000,'C0030551','Parents',parent,[parents],[famg],[[[1,1],[1,1],0]],yes,no,['CHV','MSH','MTH','NCI'],[167/7],0,0)])]).
phrase(report,[verb([lexmatch([report]),inputmatch([report]),tag(verb),tokens([report])])],175/6,[]).
candidates(3,0,0,3,[]).
mappings([map(-1000,[ev(-1000,'C0684224','Report','Report (document)',[report],[inpr],[[[1,1],[1,1],0]],yes,no,['CHV','MSH','MTH','NCI'],[175/6],0,0)]),map(-1000,[ev(-1000,'C0700287','Report','Reporting',[report],[hlca],[[[1,1],[1,1],0]],yes,no,['CHV','LNC','MTH','SNOMEDCT_US'],[175/6],0,0)]),map(-1000,[ev(-1000,'C3273238','Report','Regulatory Report',[report],[inpr],[[[1,1],[1,1],0]],yes,no,['MTH','NCI'],[175/6],0,0)])]).
phrase('that prior to the onset of fever',[compl([lexmatch([that]),inputmatch([that]),tag(compl),tokens([that])]),prep([lexmatch(['prior to']),inputmatch([prior,to]),tag(prep),tokens([prior,to])]),det([lexmatch([the]),inputmatch([the]),tag(det),tokens([the])]),mod([lexmatch([onset]),inputmatch([onset]),tag(noun),tokens([onset])]),prep([lexmatch([of]),inputmatch([of]),tag(prep),tokens([of])]),mod([lexmatch([fever]),inputmatch([fever]),tag(noun),tokens([fever])])],182/32,[]).
candidates(5,0,0,5,[]).
mappings([map(-692,[ev(-778,'C0332152','Prior to','Before',[prior,to],[tmco],[[[2,3],[1,2],0]],yes,no,['CHV','MTH','NCI','NLMSubSyn','SNOMEDCT_US'],[187/8],0,0),ev(-748,'C0332162','Onset','Onset of (contextual qualifier)',[onset],[qlco],[[[5,5],[1,1],0]],yes,no,['NCI','SNOMEDCT_US'],[200/5],0,0),ev(-748,'C0015967','Fever','Fever',[fever],[fndg],[[[7,7],[1,1],0]],yes,no,['CHV','CSP','CST','DXP','ICD10CM','MSH','MTH','NCI','NLMSubSyn','SNMI','SNOMEDCT_US'],[209/5],0,0)])]).
phrase(and,[conj([lexmatch([and]),inputmatch([and]),tag(conj),tokens([and])])],215/3,[]).
candidates(0,0,0,0,[]).
mappings([]).
phrase('cough,',[head([lexmatch([cough]),inputmatch([cough]),tag(noun),tokens([cough])]),punc([inputmatch([',']),tokens([])])],219/6,[]).
candidates(3,1,0,2,[]).
mappings([map(-1000,[ev(-1000,'C0010200','Cough','Coughing',[cough],[sosy],[[[1,1],[1,1],0]],yes,no,['CHV','MSH','MTH','SNMI','SNOMEDCT_US'],[219/5],0,0)]),map(-1000,[ev(-1000,'C1961131','Cough','Cough Adverse Event',[cough],[fndg],[[[1,1],[1,1],0]],yes,no,['MTH','NCI'],[219/5],0,0)])]).
phrase(he,[pron([lexmatch([he]),inputmatch([he]),tag(pron),tokens([he])])],226/2,[]).
candidates(0,0,0,0,[]).
mappings([]).
phrase(had,[aux([lexmatch([had]),inputmatch([had]),tag(aux),tokens([had])])],229/3,[]).
candidates(0,0,0,0,[]).
mappings([]).
phrase('loose stools.',[mod([lexmatch([loose]),inputmatch([loose]),tag(adj),tokens([loose])]),head([lexmatch([stools]),inputmatch([stools]),tag(noun),tokens([stools])]),punc([inputmatch(['.']),tokens([])])],233/13,[]).
candidates(6,0,0,6,[]).
mappings([map(-1000,[ev(-1000,'C0011991','LOOSE STOOLS','Diarrhea',[loose,stools],[sosy],[[[1,1],[1,1],0],[[2,2],[2,2],0]],yes,no,['CHV','CST','ICD10CM','MEDLINEPLUS','MSH','MTH','NLMSubSyn','SNOMEDCT_US'],[233/12],0,0)]),map(-1000,[ev(-1000,'C0232708','loose stools','Passage of watery stools finding',[loose,stools],[fndg],[[[1,1],[1,1],0],[[2,2],[2,2],0]],yes,no,['CHV','MTH','NCI','NLMSubSyn','SNMI','SNOMEDCT_US'],[233/12],0,0)]),map(-1000,[ev(-1000,'C2129214','Loose stools','Loose stool',[loose,stools],[sosy],[[[1,1],[1,1],0],[[2,2],[2,2],0]],yes,no,['MTH','SNMI','SNOMEDCT_US'],[233/12],0,0)])]).
'EOU'.
utterance('00000000.tx.5',"He denies upper respiratory tract symptoms. ",247/44,[]).
phrase('He',[pron([lexmatch([he]),inputmatch(['He']),tag(pron),tokens([he])])],247/2,[]).
candidates(0,0,0,0,[]).
mappings([]).
phrase(denies,[verb([lexmatch([denies]),inputmatch([denies]),tag(verb),tokens([denies])])],250/6,[]).
candidates(1,0,0,1,[]).
mappings([map(-1000,[ev(-1000,'C2700401','Deny','Deny (action)',[deny],[acty],[[[1,1],[1,1],0]],yes,no,['MTH','NCI'],[250/6],0,0)])]).
phrase('upper respiratory tract symptoms.',[mod([lexmatch(['upper respiratory tract']),inputmatch([upper,respiratory,tract]),tag(noun),tokens([upper,respiratory,tract])]),head([lexmatch([symptoms]),inputmatch([symptoms]),tag(noun),tokens([symptoms])]),punc([inputmatch(['.']),tokens([])])],257/33,[]).
candidates(13,0,0,13,[]).
mappings([map(-916,[ev(-756,'C0458578','Upper respiratory tract','Upper respiratory tract',[upper,respiratory,tract],[bpoc],[[[1,3],[1,3],0]],no,no,['MTH','NLMSubSyn','SNOMEDCT_US'],[257/23],0,0),ev(-812,'C0683368',symptoms,'Symptoms aspect',[symptoms],[ftcn],[[[4,4],[1,1],0]],yes,no,['MSH','MTH'],[281/8],0,0)]),map(-916,[ev(-756,'C0458578','Upper respiratory tract','Upper respiratory tract',[upper,respiratory,tract],[bpoc],[[[1,3],[1,3],0]],no,no,['MTH','NLMSubSyn','SNOMEDCT_US'],[257/23],0,0),ev(-812,'C1457887','Symptoms','Symptoms',[symptoms],[sosy],[[[4,4],[1,1],0]],yes,no,['AOD','MTH','SNMI'],[281/8],0,1)]),map(-916,[ev(-756,'C3665590','Upper respiratory tract','Entire upper respiratory tract (body structure)',[upper,respiratory,tract],[bdsy],[[[1,3],[1,3],0]],no,no,['NLMSubSyn','SNOMEDCT_US'],[257/23],0,0),ev(-812,'C0683368',symptoms,'Symptoms aspect',[symptoms],[ftcn],[[[4,4],[1,1],0]],yes,no,['MSH','MTH'],[281/8],0,0)]),map(-916,[ev(-756,'C3665590','Upper respiratory tract','Entire upper respiratory tract (body structure)',[upper,respiratory,tract],[bdsy],[[[1,3],[1,3],0]],no,no,['NLMSubSyn','SNOMEDCT_US'],[257/23],0,0),ev(-812,'C1457887','Symptoms','Symptoms',[symptoms],[sosy],[[[4,4],[1,1],0]],yes,no,['AOD','MTH','SNMI'],[281/8],0,1)])]).
'EOU'.
utterance('00000000.tx.6',"On examination he is in respiratory distress and has bronchial respiratory sounds on the left. ",291/95,[]).
phrase('On examination',[prep([lexmatch([on]),inputmatch(['On']),tag(prep),tokens([on])]),head([lexmatch([examination]),inputmatch([examination]),tag(noun),tokens([examination])])],291/14,[]).
candidates(0,0,0,0,[]).
mappings([]).
phrase(he,[pron([lexmatch([he]),inputmatch([he]),tag(pron),tokens([he])])],306/2,[]).
candidates(0,0,0,0,[]).
mappings([]).
phrase('is in respiratory distress',[aux([lexmatch([is]),inputmatch([is]),tag(aux),tokens([is])]),prep([lexmatch([in]),inputmatch([in]),tag(prep),tokens([in])]),mod([lexmatch(['respiratory distress']),inputmatch([respiratory,distress]),tag(noun),tokens([respiratory,distress])])],309/26,[]).
candidates(5,1,0,4,[]).
mappings([map(-833,[ev(-833,'C0476273','Respiratory distress','Respiratory distress',[respiratory,distress],[sosy],[[[3,4],[1,2],0]],yes,no,['CHV','MTH','NLMSubSyn','SNOMEDCT_US','SNOMEDCT_VET'],[315/20],0,0)])]).
phrase(and,[conj([lexmatch([and]),inputmatch([and]),tag(conj),tokens([and])])],336/3,[]).
candidates(0,0,0,0,[]).
mappings([]).
phrase(has,[aux([lexmatch([has]),inputmatch([has]),tag(aux),tokens([has])])],340/3,[]).
candidates(0,0,0,0,[]).
mappings([]).
phrase('bronchial respiratory sounds on the left.',[mod([lexmatch([bronchial]),inputmatch([bronchial]),tag(adj),tokens([bronchial])]),head([lexmatch(['respiratory sounds']),inputmatch([respiratory,sounds]),tag(noun),tokens([respiratory,sounds])]),prep([lexmatch([on]),inputmatch([on]),tag(prep),tokens([on])]),det([lexmatch([the]),inputmatch([the]),tag(det),tokens([the])]),mod([lexmatch([left]),inputmatch([left]),tag(noun),tokens([left])]),punc([inputmatch(['.']),tokens([])])],344/41,[]).
candidates(10,2,0,8,[]).
mappings([map(-725,[ev(-586,'C0205039','Bronchial','Bronchial',[bronchial],[bpoc],[[[1,1],[1,1],0]],no,no,['MTH','SNMI'],[344/9],0,0),ev(-790,'C0035234','Respiratory Sounds','Respiratory Sounds',[respiratory,sounds],[clna],[[[2,3],[1,2],0]],yes,no,['AOD','CHV','MSH','MTH','NLMSubSyn','SNOMEDCT_US'],[354/18],0,0),ev(-586,'C0205091','Left','Left',[left],[spco],[[[6,6],[1,1],0]],no,no,['CHV','MTH','SNOMEDCT_US'],[380/4],0,0)]),map(-725,[ev(-586,'C0205039','Bronchial','Bronchial',[bronchial],[bpoc],[[[1,1],[1,1],0]],no,no,['MTH','SNMI'],[344/9],0,0),ev(-790,'C0035234','Respiratory Sounds','Respiratory Sounds',[respiratory,sounds],[clna],[[[2,3],[1,2],0]],yes,no,['AOD','CHV','MSH','MTH','NLMSubSyn','SNOMEDCT_US'],[354/18],0,0),ev(-586,'C1552822',left,'Table Cell Horizontal Align - left',[left],[ftcn],[[[6,6],[1,1],0]],no,no,['HL7V3.0','MTH'],[380/4],0,0)]),map(-725,[ev(-586,'C1442216','Bronchial','Bronchial system',[bronchial],[bpoc],[[[1,1],[1,1],0]],no,no,['LNC','MTH'],[344/9],0,0),ev(-790,'C0035234','Respiratory Sounds','Respiratory Sounds',[respiratory,sounds],[clna],[[[2,3],[1,2],0]],yes,no,['AOD','CHV','MSH','MTH','NLMSubSyn','SNOMEDCT_US'],[354/18],0,0),ev(-586,'C0205091','Left','Left',[left],[spco],[[[6,6],[1,1],0]],no,no,['CHV','MTH','SNOMEDCT_US'],[380/4],0,0)]),map(-725,[ev(-586,'C1442216','Bronchial','Bronchial system',[bronchial],[bpoc],[[[1,1],[1,1],0]],no,no,['LNC','MTH'],[344/9],0,0),ev(-790,'C0035234','Respiratory Sounds','Respiratory Sounds',[respiratory,sounds],[clna],[[[2,3],[1,2],0]],yes,no,['AOD','CHV','MSH','MTH','NLMSubSyn','SNOMEDCT_US'],[354/18],0,0),ev(-586,'C1552822',left,'Table Cell Horizontal Align - left',[left],[ftcn],[[[6,6],[1,1],0]],no,no,['HL7V3.0','MTH'],[380/4],0,0)])]).
'EOU'.
utterance('00000000.tx.7',"A chest x-ray shows bilateral lung infiltrates. ",386/48,[433]).
phrase('A chest x-ray',[det([lexmatch([a]),inputmatch(['A']),tag(det),tokens([a])]),head([lexmatch(['chest x-ray']),inputmatch([chest,x,-,ray]),tag(noun),tokens([chest,x,ray])])],386/13,[]).
candidates(18,6,0,12,[]).
mappings([map(-1000,[ev(-1000,'C0039985','Chest X-ray','Chest X-ray',[chest,x,ray],[diap],[[[1,3],[1,3],0]],yes,no,['CHV','CSP','MTH','MTHICD9','NCI','NLMSubSyn','SNOMEDCT_US'],[388/11],0,0)]),map(-1000,[ev(-1000,'C1114557','Chest X-ray','Views:Finding:Point in time:Chest:Narrative:XR',[chest,x,ray],[clna],[[[1,3],[1,3],0]],yes,no,['LNC','MTH'],[388/11],0,0)])]).
phrase(shows,[verb([lexmatch([shows]),inputmatch([shows]),tag(verb),tokens([shows])])],400/5,[]).
candidates(1,0,0,1,[]).
mappings([map(-1000,[ev(-1000,'C1547282','Show','Show',[show],[inpr],[[[1,1],[1,1],0]],yes,no,['HL7V3.0'],[400/5],0,0)])]).
phrase('bilateral lung infiltrates.',[mod([lexmatch([bilateral]),inputmatch([bilateral]),tag(adj),tokens([bilateral])]),mod([lexmatch([lung]),inputmatch([lung]),tag(noun),tokens([lung])]),head([lexmatch([infiltrates]),inputmatch([infiltrates]),tag(noun),tokens([infiltrates])]),punc([inputmatch(['.']),tokens([])])],406/27,[]).
candidates(13,6,0,7,[]).
mappings([map(-890,[ev(-660,'C0238767','Bilateral','Bilateral',[bilateral],[spco],[[[1,1],[1,1],0]],no,no,['MTH','SNOMEDCT_US'],[406/9],0,0),ev(-884,'C0235896','Lung Infiltrate','Infiltrate of lung',[lung,infiltrate],[dsyn],[[[2,2],[1,1],0],[[3,3],[2,2],1]],yes,no,['CHV','CST','NCI','NLMSubSyn','OMIM','SNOMEDCT_VET'],[416/16],0,0)])]).
'EOU'.
utterance('00000000.tx.8',"8-year-old boy with 2 days of loose stools, fever, and cough after returning from a trip to Colorado. ",434/102,[]).
phrase('8-year-old boy with 2 days of loose stools,',[shapes([inputmatch(['8']),features([integer]),tokens(['8'])]),punc([inputmatch([-]),tokens([])]),mod([lexmatch([year]),inputmatch([year]),tag(noun),tokens([year])]),punc([inputmatch([-]),tokens([])]),mod([lexmatch([old]),inputmatch([old]),tag(noun),tokens([old])]),head([lexmatch([boy]),inputmatch([boy]),tag(noun),tokens([boy])]),prep([lexmatch([with]),inputmatch([with]),tag(prep),tokens([with])]),shapes([inputmatch(['2']),features([integer]),tokens(['2'])]),mod([lexmatch([days]),inputmatch([days]),tag(noun),tokens([days])]),prep([lexmatch([of]),inputmatch([of]),tag(prep),tokens([of])]),mod([lexmatch([loose]),inputmatch([loose]),tag(adj),tokens([loose])]),mod([lexmatch([stools]),inputmatch([stools]),tag(noun),tokens([stools])]),punc([inputmatch([',']),tokens([])])],434/43,[]).
candidates(14,2,0,12,[]).
mappings([map(-677,[ev(-573,'C0580836','Old','Old',[old],[tmco],[[[3,3],[1,1],0]],no,no,['MTH'],[441/3],0,0),ev(-739,'C0870221','Boy','Male child',[boy],[aggp],[[[4,4],[1,1],0]],yes,no,['CHV','NLMSubSyn','SNOMEDCT_US'],[445/3],0,0),ev(-591,'C0556972','days year','days/year',[days,year],[tmco],[[[7,7],[1,1],0],[[2,2],[2,2],0]],no,no,['CHV','SNOMEDCT_US'],[436/4,456/4],0,0),ev(-593,'C0011991','LOOSE STOOLS','Diarrhea',[loose,stools],[sosy],[[[9,9],[1,1],0],[[10,10],[2,2],0]],no,no,['CHV','CST','ICD10CM','MEDLINEPLUS','MSH','MTH','NLMSubSyn','SNOMEDCT_US'],[464/12],0,0)]),map(-677,[ev(-573,'C0580836','Old','Old',[old],[tmco],[[[3,3],[1,1],0]],no,no,['MTH'],[441/3],0,0),ev(-739,'C0870221','Boy','Male child',[boy],[aggp],[[[4,4],[1,1],0]],yes,no,['CHV','NLMSubSyn','SNOMEDCT_US'],[445/3],0,0),ev(-591,'C0556972','days year','days/year',[days,year],[tmco],[[[7,7],[1,1],0],[[2,2],[2,2],0]],no,no,['CHV','SNOMEDCT_US'],[436/4,456/4],0,0),ev(-593,'C0232708','loose stools','Passage of watery stools finding',[loose,stools],[fndg],[[[9,9],[1,1],0],[[10,10],[2,2],0]],no,no,['CHV','MTH','NCI','NLMSubSyn','SNMI','SNOMEDCT_US'],[464/12],0,0)]),map(-677,[ev(-573,'C0580836','Old','Old',[old],[tmco],[[[3,3],[1,1],0]],no,no,['MTH'],[441/3],0,0),ev(-739,'C0870221','Boy','Male child',[boy],[aggp],[[[4,4],[1,1],0]],yes,no,['CHV','NLMSubSyn','SNOMEDCT_US'],[445/3],0,0),ev(-591,'C0556972','days year','days/year',[days,year],[tmco],[[[7,7],[1,1],0],[[2,2],[2,2],0]],no,no,['CHV','SNOMEDCT_US'],[436/4,456/4],0,0),ev(-593,'C2129214','Loose stools','Loose stool',[loose,stools],[sosy],[[[9,9],[1,1],0],[[10,10],[2,2],0]],no,no,['MTH','SNMI','SNOMEDCT_US'],[464/12],0,0)])]).
phrase('fever,',[head([lexmatch([fever]),inputmatch([fever]),tag(noun),tokens([fever])]),punc([inputmatch([',']),tokens([])])],478/6,[]).
candidates(1,0,0,1,[]).
mappings([map(-1000,[ev(-1000,'C0015967','Fever','Fever',[fever],[fndg],[[[1,1],[1,1],0]],yes,no,['CHV','CSP','CST','DXP','ICD10CM','MSH','MTH','NCI','NLMSubSyn','SNMI','SNOMEDCT_US'],[478/5],0,0)])]).
phrase(and,[conj([lexmatch([and]),inputmatch([and]),tag(conj),tokens([and])])],485/3,[]).
candidates(0,0,0,0,[]).
mappings([]).
phrase(cough,[head([lexmatch([cough]),inputmatch([cough]),tag(noun),tokens([cough])])],489/5,[]).
candidates(3,1,0,2,[]).
mappings([map(-1000,[ev(-1000,'C0010200','Cough','Coughing',[cough],[sosy],[[[1,1],[1,1],0]],yes,no,['CHV','MSH','MTH','SNMI','SNOMEDCT_US'],[489/5],0,0)]),map(-1000,[ev(-1000,'C1961131','Cough','Cough Adverse Event',[cough],[fndg],[[[1,1],[1,1],0]],yes,no,['MTH','NCI'],[489/5],0,0)])]).
phrase(after,[conj([lexmatch([after]),inputmatch([after]),tag(conj),tokens([after])])],495/5,[]).
candidates(0,0,0,0,[]).
mappings([]).
phrase('returning from a trip',[verb([lexmatch([returning]),inputmatch([returning]),tag(verb),tokens([returning])]),prep([lexmatch([from]),inputmatch([from]),tag(prep),tokens([from])]),det([lexmatch([a]),inputmatch([a]),tag(det),tokens([a])]),mod([lexmatch([trip]),inputmatch([trip]),tag(noun),tokens([trip])])],501/21,[]).
candidates(2,0,0,2,[]).
mappings([map(-691,[ev(-737,'C0332156','Return','Return to',[return],[qlco],[[[1,1],[1,1],1]],yes,no,['NCI','SNOMEDCT_US'],[501/9],0,0),ev(-770,'C0221188',trip,'Tripping',[trip],[phpr],[[[4,4],[1,1],0]],yes,no,['CHV','MTH'],[518/4],0,0)])]).
phrase('to Colorado.',[prep([lexmatch([to]),inputmatch([to]),tag(prep),tokens([to])]),head([lexmatch([colorado]),inputmatch(['Colorado']),tag(noun),tokens([colorado])]),punc([inputmatch(['.']),tokens([])])],523/12,[]).
candidates(1,0,0,1,[]).
mappings([map(-1000,[ev(-1000,'C0009399','Colorado','Colorado',[colorado],[geoa],[[[1,1],[1,1],0]],yes,no,['MTH'],[526/8],0,0)])]).
'EOU'.
utterance('00000000.tx.9',"Chest x-ray shows bilateral lung infiltrates.",536/45,[]).
phrase('Chest x-ray',[head([lexmatch(['chest x-ray']),inputmatch(['Chest',x,-,ray]),tag(noun),tokens([chest,x,ray])])],536/11,[]).
candidates(18,6,0,12,[]).
mappings([map(-1000,[ev(-1000,'C0039985','Chest X-ray','Chest X-ray',[chest,x,ray],[diap],[[[1,3],[1,3],0]],yes,no,['CHV','CSP','MTH','MTHICD9','NCI','NLMSubSyn','SNOMEDCT_US'],[536/11],0,0)]),map(-1000,[ev(-1000,'C1114557','Chest X-ray','Views:Finding:Point in time:Chest:Narrative:XR',[chest,x,ray],[clna],[[[1,3],[1,3],0]],yes,no,['LNC','MTH'],[536/11],0,0)])]).
phrase(shows,[verb([lexmatch([shows]),inputmatch([shows]),tag(verb),tokens([shows])])],548/5,[]).
candidates(1,0,0,1,[]).
mappings([map(-1000,[ev(-1000,'C1547282','Show','Show',[show],[inpr],[[[1,1],[1,1],0]],yes,no,['HL7V3.0'],[548/5],0,0)])]).
phrase('bilateral lung infiltrates.',[mod([lexmatch([bilateral]),inputmatch([bilateral]),tag(adj),tokens([bilateral])]),mod([lexmatch([lung]),inputmatch([lung]),tag(noun),tokens([lung])]),head([lexmatch([infiltrates]),inputmatch([infiltrates]),tag(noun),tokens([infiltrates])]),punc([inputmatch(['.']),tokens([])])],554/27,[]).
candidates(13,6,0,7,[]).
mappings([map(-890,[ev(-660,'C0238767','Bilateral','Bilateral',[bilateral],[spco],[[[1,1],[1,1],0]],no,no,['MTH','SNOMEDCT_US'],[554/9],0,0),ev(-884,'C0235896','Lung Infiltrate','Infiltrate of lung',[lung,infiltrate],[dsyn],[[[2,2],[1,1],0],[[3,3],[2,2],1]],yes,no,['CHV','CST','NCI','NLMSubSyn','OMIM','SNOMEDCT_VET'],[564/16],0,0)])]).
'EOU'.
'EOT'.
