args('metamap14.BINARY.Darwin --lexicon db -Z 2014AA -qE -Q 4 ../../TREC-CDS/2014-original/22.txt ../../TREC-CDS/results/22.txt.out',[lexicon-db,mm_data_year-'2014AA',machine_output-[],indicate_citation_end-[],composite_phrases-4,infile-'../../TREC-CDS/2014-original/22.txt',outfile-'../../TREC-CDS/results/22.txt.out']).
aas([]).
neg_list([negation(nega,denies,[225/6],['C1963091':'Diarrhea','C0011991':'Diarrhea'],[232/8]),negation(nega,no,[254/2],['C0559892':'Menses'],[281/6])]).
utterance('00000000.tx.1',"treatment. ",0/11,[10]).
phrase('treatment.',[head([lexmatch([treatment]),inputmatch([treatment]),tag(noun),tokens([treatment])]),punc([inputmatch(['.']),tokens([])])],0/10,[]).
candidates(6,0,0,6,[]).
mappings([map(-1000,[ev(-1000,'C0039798',treatment,'therapeutic aspects',[treatment],[ftcn],[[[1,1],[1,1],0]],yes,no,['MSH','MTH','NLMSubSyn'],[0/9],0,0)]),map(-1000,[ev(-1000,'C0087111','Treatment','Therapeutic procedure',[treatment],[topp],[[[1,1],[1,1],0]],yes,no,['AOD','CHV','LNC','MSH','MTH','MTHHH','NCI','NLMSubSyn','SNOMEDCT_US'],[0/9],0,0)]),map(-1000,[ev(-1000,'C1522326','Treatment','Treating',[treatment],[ftcn],[[[1,1],[1,1],0]],yes,no,['MTH','NCI'],[0/9],0,0)]),map(-1000,[ev(-1000,'C1533734','Treatment','Administration procedure',[treatment],[topp],[[[1,1],[1,1],0]],yes,no,['MTH','NCI','NLMSubSyn','SNOMEDCT_US'],[0/9],0,0)]),map(-1000,[ev(-1000,'C1705169','Treatment','Biomaterial Treatment',[treatment],[cnce],[[[1,1],[1,1],0]],yes,no,['MTH','NCI'],[0/9],0,0)]),map(-1000,[ev(-1000,'C3538994','TREATMENT','Treatment Epoch',[treatment],[resa],[[[1,1],[1,1],0]],yes,no,['MTH','NCI','NLMSubSyn'],[0/9],0,0)])]).
'EOU'.
utterance('00000000.tx.2',"A 15-year-old girl presents to the ER with abdominal pain. ",11/59,[]).
phrase('A 15-year-old girl',[det([lexmatch([a]),inputmatch(['A']),tag(det),tokens([a])]),shapes([inputmatch(['15']),features([integer]),tokens(['15'])]),punc([inputmatch([-]),tokens([])]),mod([lexmatch([year]),inputmatch([year]),tag(noun),tokens([year])]),punc([inputmatch([-]),tokens([])]),mod([lexmatch([old]),inputmatch([old]),tag(noun),tokens([old])]),head([lexmatch([girl]),inputmatch([girl]),tag(noun),tokens([girl])])],11/18,[]).
candidates(4,0,0,4,[]).
mappings([map(-775,[ev(-645,'C0439234',year,year,[year],[tmco],[[[2,2],[1,1],0]],no,no,['MTH','NCI','SNOMEDCT_US'],[16/4],0,0),ev(-645,'C0580836','Old','Old',[old],[tmco],[[[3,3],[1,1],0]],no,no,['MTH'],[21/3],0,0),ev(-812,'C0870604','Girl','Female child',[girl],[aggp],[[[4,4],[1,1],0]],yes,no,['CHV','NLMSubSyn','SNOMEDCT_US'],[25/4],0,0)]),map(-775,[ev(-645,'C0439508','/year','per year',[year],[tmco],[[[2,2],[1,1],0]],no,no,['CHV','MTH','NCI','SNOMEDCT_US'],[16/4],0,0),ev(-645,'C0580836','Old','Old',[old],[tmco],[[[3,3],[1,1],0]],no,no,['MTH'],[21/3],0,0),ev(-812,'C0870604','Girl','Female child',[girl],[aggp],[[[4,4],[1,1],0]],yes,no,['CHV','NLMSubSyn','SNOMEDCT_US'],[25/4],0,0)])]).
phrase('presents to the ER',[verb([lexmatch([presents]),inputmatch([presents]),tag(verb),tokens([presents])]),prep([lexmatch([to]),inputmatch([to]),tag(prep),tokens([to])]),det([lexmatch([the]),inputmatch([the]),tag(det),tokens([the])]),mod([lexmatch([er]),inputmatch(['ER']),tag(noun),tokens([er])])],30/18,[]).
candidates(2,0,0,2,[]).
mappings([map(-770,[ev(-770,'C0150312','Present','Present',[present],[qnco],[[[1,1],[1,1],0]],yes,no,['CHV','MTH','NCI'],[30/8],0,0)]),map(-770,[ev(-770,'C0449450','Present','Presentation',[present],[idcn],[[[1,1],[1,1],0]],yes,no,['CHV','MTH','NCI'],[30/8],0,0)])]).
phrase('with abdominal pain.',[prep([lexmatch([with]),inputmatch([with]),tag(prep),tokens([with])]),head([lexmatch(['abdominal pain']),inputmatch([abdominal,pain]),tag(noun),tokens([abdominal,pain])]),punc([inputmatch(['.']),tokens([])])],49/20,[]).
candidates(4,0,0,4,[]).
mappings([map(-1000,[ev(-1000,'C0000737','Abdominal Pain','Abdominal Pain',[abdominal,pain],[sosy],[[[1,2],[1,2],0]],yes,no,['CHV','ICD10CM','ICD9CM','MEDLINEPLUS','MSH','MTH','NLMSubSyn','OMIM','SNOMEDCT_US'],[54/14],0,0)])]).
'EOU'.
utterance('00000000.tx.3',"The pain appeared gradually and was periumbilical at first, localizing to the right lower quadrant over hours. ",70/111,[]).
phrase('The pain',[det([lexmatch([the]),inputmatch(['The']),tag(det),tokens([the])]),head([lexmatch([pain]),inputmatch([pain]),tag(noun),tokens([pain])])],70/8,[]).
candidates(2,0,0,2,[]).
mappings([map(-1000,[ev(-1000,'C0030193','Pain','Pain',[pain],[sosy],[[[1,1],[1,1],0]],yes,no,['AOD','CHV','LNC','MTH','NLMSubSyn','SNMI','SNOMEDCT_US'],[74/4],0,0)]),map(-1000,[ev(-1000,'C1962977','Pain NOS','Pain NOS Adverse Event',[pain],[fndg],[[[1,1],[1,1],0]],yes,no,['MTH','NCI'],[74/4],0,0)])]).
phrase(appeared,[verb([lexmatch([appeared]),inputmatch([appeared]),tag(verb),tokens([appeared])])],79/8,[]).
candidates(1,0,0,1,[]).
mappings([map(-966,[ev(-966,'C0700364','APPEAR','Appearance',[appear],[qlco],[[[1,1],[1,1],1]],yes,no,['CHV','MTH','NCI','SNOMEDCT_US'],[79/8],0,0)])]).
phrase(gradually,[adv([lexmatch([gradually]),inputmatch([gradually]),tag(adv),tokens([gradually])])],88/9,[]).
candidates(0,0,0,0,[]).
mappings([]).
phrase(and,[conj([lexmatch([and]),inputmatch([and]),tag(conj),tokens([and])])],98/3,[]).
candidates(0,0,0,0,[]).
mappings([]).
phrase(was,[aux([lexmatch([was]),inputmatch([was]),tag(aux),tokens([was])])],102/3,[]).
candidates(0,0,0,0,[]).
mappings([]).
phrase('periumbilical at first,',[head([lexmatch([periumbilical]),inputmatch([periumbilical]),tag(adj),tokens([periumbilical])]),prep([lexmatch([at]),inputmatch([at]),tag(prep),tokens([at])]),mod([lexmatch([first]),inputmatch([first]),tag(noun),tokens([first])]),punc([inputmatch([',']),tokens([])])],106/23,[]).
candidates(3,0,0,3,[]).
mappings([map(-746,[ev(-790,'C0457792','Periumbilical','Periumbilical',[periumbilical],[spco],[[[1,1],[1,1],0]],yes,no,['SNOMEDCT_US'],[106/13],0,0),ev(-623,'C0205435','First','First (number)',[first],[qnco],[[[3,3],[1,1],0]],no,no,['MTH','SNOMEDCT_US'],[123/5],0,0)]),map(-746,[ev(-790,'C0457792','Periumbilical','Periumbilical',[periumbilical],[spco],[[[1,1],[1,1],0]],yes,no,['SNOMEDCT_US'],[106/13],0,0),ev(-623,'C1279901','First','Firstly',[first],[qlco],[[[3,3],[1,1],0]],no,no,['MTH','NCI','SNMI'],[123/5],0,0)])]).
phrase('localizing to the right lower quadrant',[verb([lexmatch([localizing]),inputmatch([localizing]),tag(verb),tokens([localizing])]),prep([lexmatch([to]),inputmatch([to]),tag(prep),tokens([to])]),det([lexmatch([the]),inputmatch([the]),tag(det),tokens([the])]),mod([lexmatch(['right lower quadrant']),inputmatch([right,lower,quadrant]),tag(noun),tokens([right,lower,quadrant])])],130/38,[]).
candidates(10,3,0,7,[]).
mappings([map(-780,[ev(-753,'C0392752',localizing,'Localized',[localizing],[spco],[[[1,1],[1,1],0]],yes,no,['CHV','MTH','SNOMEDCT_US'],[130/10],0,0),ev(-833,'C0439736','Right lower quadrant','Right lower quadrant',[right,lower,quadrant],[spco],[[[4,6],[1,3],0]],yes,no,['CHV','SNOMEDCT_US'],[148/20],0,0)])]).
phrase('over hours.',[prep([lexmatch([over]),inputmatch([over]),tag(prep),tokens([over])]),head([lexmatch([hours]),inputmatch([hours]),tag(noun),tokens([hours])]),punc([inputmatch(['.']),tokens([])])],169/11,[]).
candidates(2,1,0,1,[]).
mappings([map(-1000,[ev(-1000,'C0439227',hours,'Hour',[hours],[tmco],[[[1,1],[1,1],0]],yes,no,['MTH','SNOMEDCT_US'],[174/5],0,0)])]).
'EOU'.
utterance('00000000.tx.4',"She has had no appetite since yesterday but denies diarrhea. ",181/61,[]).
phrase('She',[pron([lexmatch([she]),inputmatch(['She']),tag(pron),tokens([she])])],181/3,[]).
candidates(0,0,0,0,[]).
mappings([]).
phrase(has,[aux([lexmatch([has]),inputmatch([has]),tag(aux),tokens([has])])],185/3,[]).
candidates(0,0,0,0,[]).
mappings([]).
phrase(had,[aux([lexmatch([had]),inputmatch([had]),tag(aux),tokens([had])])],189/3,[]).
candidates(0,0,0,0,[]).
mappings([]).
phrase('no appetite',[det([lexmatch([no]),inputmatch([no]),tag(det),tokens([no])]),head([lexmatch([appetite]),inputmatch([appetite]),tag(noun),tokens([appetite])])],193/11,[]).
candidates(1,0,0,1,[]).
mappings([map(-1000,[ev(-1000,'C0003618','Appetite','Desire for food',[appetite],[orgf],[[[1,1],[1,1],0]],yes,no,['MSH','MTH','SNOMEDCT_US'],[196/8],0,0)])]).
phrase(since,[conj([lexmatch([since]),inputmatch([since]),tag(conj),tokens([since])])],205/5,[]).
candidates(0,0,0,0,[]).
mappings([]).
phrase(yesterday,[head([lexmatch([yesterday]),inputmatch([yesterday]),tag(noun),tokens([yesterday])])],211/9,[]).
candidates(0,0,0,0,[]).
mappings([]).
phrase(but,[conj([lexmatch([but]),inputmatch([but]),tag(conj),tokens([but])])],221/3,[]).
candidates(0,0,0,0,[]).
mappings([]).
phrase(denies,[verb([lexmatch([denies]),inputmatch([denies]),tag(verb),tokens([denies])])],225/6,[]).
candidates(1,0,0,1,[]).
mappings([map(-1000,[ev(-1000,'C2700401','Deny','Deny (action)',[deny],[acty],[[[1,1],[1,1],0]],yes,no,['MTH','NCI'],[225/6],0,0)])]).
phrase('diarrhea.',[head([lexmatch([diarrhea]),inputmatch([diarrhea]),tag(noun),tokens([diarrhea])]),punc([inputmatch(['.']),tokens([])])],232/9,[]).
candidates(2,0,0,2,[]).
mappings([map(-1000,[ev(-1000,'C0011991','Diarrhea','Diarrhea',[diarrhea],[sosy],[[[1,1],[1,1],0]],yes,no,['CHV','CST','ICD10CM','MEDLINEPLUS','MSH','MTH','NLMSubSyn','SNOMEDCT_US'],[232/8],0,1)]),map(-1000,[ev(-1000,'C1963091','Diarrhea','Diarrhea Adverse Event',[diarrhea],[fndg],[[[1,1],[1,1],0]],yes,no,['MTH','NCI'],[232/8],0,1)])]).
'EOU'.
utterance('00000000.tx.5',"She has had no sexual partners and her menses are regular. ",242/59,[]).
phrase('She',[pron([lexmatch([she]),inputmatch(['She']),tag(pron),tokens([she])])],242/3,[]).
candidates(0,0,0,0,[]).
mappings([]).
phrase(has,[aux([lexmatch([has]),inputmatch([has]),tag(aux),tokens([has])])],246/3,[]).
candidates(0,0,0,0,[]).
mappings([]).
phrase(had,[aux([lexmatch([had]),inputmatch([had]),tag(aux),tokens([had])])],250/3,[]).
candidates(0,0,0,0,[]).
mappings([]).
phrase('no sexual partners',[det([lexmatch([no]),inputmatch([no]),tag(det),tokens([no])]),head([lexmatch(['sexual partners']),inputmatch([sexual,partners]),tag(noun),tokens([sexual,partners])])],254/18,[]).
candidates(3,0,0,3,[]).
mappings([map(-1000,[ev(-1000,'C0036911','Sexual Partners','Sexual Partners',[sexual,partners],[popg],[[[1,2],[1,2],0]],yes,no,['CHV','CSP','MSH','NCI','NLMSubSyn'],[257/15],0,0)])]).
phrase(and,[conj([lexmatch([and]),inputmatch([and]),tag(conj),tokens([and])])],273/3,[]).
candidates(0,0,0,0,[]).
mappings([]).
phrase('her menses',[pron([lexmatch([her]),inputmatch([her]),tag(pron),tokens([her])]),head([lexmatch([menses]),inputmatch([menses]),tag(noun),tokens([menses])])],277/10,[]).
candidates(3,1,0,2,[]).
mappings([map(-1000,[ev(-1000,'C0025344','Menses','Menstruation',[menses],[orgf],[[[1,1],[1,1],0]],yes,no,['ICF','MSH','MTH','NCI','SNM','SNMI','SNOMEDCT_US'],[281/6],0,0)]),map(-1000,[ev(-1000,'C0559892','Menses','Normal menstruation - observation',[menses],[fndg],[[[1,1],[1,1],0]],yes,no,['CHV','MEDLINEPLUS','MTH','NLMSubSyn','SNOMEDCT_US'],[281/6],0,1)])]).
phrase(are,[aux([lexmatch([are]),inputmatch([are]),tag(aux),tokens([are])])],288/3,[]).
candidates(0,0,0,0,[]).
mappings([]).
phrase('regular.',[head([lexmatch([regular]),inputmatch([regular]),tag(adj),tokens([regular])]),punc([inputmatch(['.']),tokens([])])],292/8,[]).
candidates(1,0,0,1,[]).
mappings([map(-1000,[ev(-1000,'C0205272','Regular','Regular',[regular],[qlco],[[[1,1],[1,1],0]],yes,no,['MTH','NCI'],[292/7],0,0)])]).
'EOU'.
utterance('00000000.tx.6',"On examination, she has localized rebound tenderness over the right lower quadrant. ",301/84,[]).
phrase('On examination,',[prep([lexmatch([on]),inputmatch(['On']),tag(prep),tokens([on])]),head([lexmatch([examination]),inputmatch([examination]),tag(noun),tokens([examination])]),punc([inputmatch([',']),tokens([])])],301/15,[]).
candidates(0,0,0,0,[]).
mappings([]).
phrase(she,[pron([lexmatch([she]),inputmatch([she]),tag(pron),tokens([she])])],317/3,[]).
candidates(0,0,0,0,[]).
mappings([]).
phrase(has,[aux([lexmatch([has]),inputmatch([has]),tag(aux),tokens([has])])],321/3,[]).
candidates(0,0,0,0,[]).
mappings([]).
phrase('localized rebound tenderness over the right lower quadrant.',[mod([lexmatch([localized]),inputmatch([localized]),tag(adj),tokens([localized])]),head([lexmatch(['rebound tenderness']),inputmatch([rebound,tenderness]),tag(noun),tokens([rebound,tenderness])]),prep([lexmatch([over]),inputmatch([over]),tag(prep),tokens([over])]),det([lexmatch([the]),inputmatch([the]),tag(det),tokens([the])]),mod([lexmatch(['right lower quadrant']),inputmatch([right,lower,quadrant]),tag(noun),tokens([right,lower,quadrant])]),punc([inputmatch(['.']),tokens([])])],325/59,[]).
candidates(14,4,0,10,[]).
mappings([map(-742,[ev(-578,'C0392752','Localized','Localized',[localized],[spco],[[[1,1],[1,1],0]],no,no,['CHV','MTH','SNOMEDCT_US'],[325/9],0,0),ev(-770,'C0234246','Rebound tenderness','Rebound tenderness',[rebound,tenderness],[sosy],[[[2,3],[1,2],0]],yes,no,['CHV','SNOMEDCT_US'],[335/18],0,0),ev(-633,'C0439736','Right lower quadrant','Right lower quadrant',[right,lower,quadrant],[spco],[[[6,8],[1,3],0]],no,no,['CHV','SNOMEDCT_US'],[363/20],0,0)])]).
'EOU'.
utterance('00000000.tx.7',"On an abdominal ultrasound, a markedly edematous appendix is seen. ",385/67,[451]).
phrase('On an abdominal ultrasound,',[prep([lexmatch([on]),inputmatch(['On']),tag(prep),tokens([on])]),det([lexmatch([an]),inputmatch([an]),tag(det),tokens([an])]),head([lexmatch(['abdominal ultrasound']),inputmatch([abdominal,ultrasound]),tag(noun),tokens([abdominal,ultrasound])]),punc([inputmatch([',']),tokens([])])],385/27,[]).
candidates(7,0,0,7,[]).
mappings([map(-1000,[ev(-1000,'C2348813','abdominal ultrasound','Transabdominal Ultrasound',[abdominal,ultrasound],[diap],[[[1,2],[1,2],0]],yes,no,['MTH','NCI','NLMSubSyn'],[391/20],0,0)])]).
phrase('a markedly edematous appendix',[det([lexmatch([a]),inputmatch([a]),tag(det),tokens([a])]),adv([lexmatch([markedly]),inputmatch([markedly]),tag(adv),tokens([markedly])]),mod([lexmatch([edematous]),inputmatch([edematous]),tag(adj),tokens([edematous])]),head([lexmatch([appendix]),inputmatch([appendix]),tag(noun),tokens([appendix])])],413/29,[]).
candidates(4,0,0,4,[]).
mappings([map(-851,[ev(-660,'C0522501','Markedly','Massive',[markedly],[qlco],[[[1,1],[1,1],0]],no,no,['CHV','MTH','SNOMEDCT_US'],[415/8],0,0),ev(-660,'C0013604','Edematous','Edema',[edematous],[patf],[[[2,2],[1,1],0]],no,no,['CHV','CST','ICD10CM','MSH','MTH','NLMSubSyn','SNMI','SNOMEDCT_US','SNOMEDCT_VET'],[424/9],0,0),ev(-827,'C0003617','Appendix','Appendix',[appendix],[bpoc],[[[3,3],[1,1],0]],yes,no,['CHV','FMA','MSH','MTH','NCI','SNOMEDCT_US'],[434/8],0,0)]),map(-851,[ev(-660,'C0522501','Markedly','Massive',[markedly],[qlco],[[[1,1],[1,1],0]],no,no,['CHV','MTH','SNOMEDCT_US'],[415/8],0,0),ev(-660,'C0013604','Edematous','Edema',[edematous],[patf],[[[2,2],[1,1],0]],no,no,['CHV','CST','ICD10CM','MSH','MTH','NLMSubSyn','SNMI','SNOMEDCT_US','SNOMEDCT_VET'],[424/9],0,0),ev(-827,'C1269000','Appendix','Entire appendix',[appendix],[bpoc],[[[3,3],[1,1],0]],yes,no,['MTH','SNOMEDCT_US'],[434/8],0,0)])]).
phrase(is,[aux([lexmatch([is]),inputmatch([is]),tag(aux),tokens([is])])],443/2,[]).
candidates(0,0,0,0,[]).
mappings([]).
phrase('seen.',[verb([lexmatch([seen]),inputmatch([seen]),tag(verb),tokens([seen])]),punc([inputmatch(['.']),tokens([])])],446/5,[]).
candidates(3,2,0,1,[]).
mappings([map(-1000,[ev(-1000,'C0205397','Seen','Seen',[seen],[qlco],[[[1,1],[1,1],0]],yes,no,['SNMI'],[446/4],0,0)])]).
'EOU'.
utterance('00000000.tx.8',"15-year-old girl with right lower quadrant abdominal pain, decreased appetite, and enlarged appendix on abdominal ultrasound.",452/125,[]).
phrase('15-year-old girl with right lower quadrant abdominal pain,',[shapes([inputmatch(['15']),features([integer]),tokens(['15'])]),punc([inputmatch([-]),tokens([])]),mod([lexmatch([year]),inputmatch([year]),tag(noun),tokens([year])]),punc([inputmatch([-]),tokens([])]),mod([lexmatch([old]),inputmatch([old]),tag(noun),tokens([old])]),head([lexmatch([girl]),inputmatch([girl]),tag(noun),tokens([girl])]),prep([lexmatch([with]),inputmatch([with]),tag(prep),tokens([with])]),mod([lexmatch(['right lower quadrant']),inputmatch([right,lower,quadrant]),tag(noun),tokens([right,lower,quadrant])]),mod([lexmatch(['abdominal pain']),inputmatch([abdominal,pain]),tag(noun),tokens([abdominal,pain])]),punc([inputmatch([',']),tokens([])])],452/58,[]).
candidates(26,3,0,23,[]).
mappings([map(-768,[ev(-573,'C0439234',year,year,[year],[tmco],[[[2,2],[1,1],0]],no,no,['MTH','NCI','SNOMEDCT_US'],[455/4],0,0),ev(-573,'C0580836','Old','Old',[old],[tmco],[[[3,3],[1,1],0]],no,no,['MTH'],[460/3],0,0),ev(-739,'C0870604','Girl','Female child',[girl],[aggp],[[[4,4],[1,1],0]],yes,no,['CHV','NLMSubSyn','SNOMEDCT_US'],[464/4],0,0),ev(-666,'C0694551','Abdominal pain, right lower quadrant','Right lower quadrant pain',[right,lower,quadrant,abdominal,pain],[sosy],[[[6,8],[1,3],0],[[9,10],[4,5],0]],no,no,['CHV','COSTAR','ICD9CM','SNOMEDCT_US'],[474/35],0,0)]),map(-768,[ev(-573,'C0439508','/year','per year',[year],[tmco],[[[2,2],[1,1],0]],no,no,['CHV','MTH','NCI','SNOMEDCT_US'],[455/4],0,0),ev(-573,'C0580836','Old','Old',[old],[tmco],[[[3,3],[1,1],0]],no,no,['MTH'],[460/3],0,0),ev(-739,'C0870604','Girl','Female child',[girl],[aggp],[[[4,4],[1,1],0]],yes,no,['CHV','NLMSubSyn','SNOMEDCT_US'],[464/4],0,0),ev(-666,'C0694551','Abdominal pain, right lower quadrant','Right lower quadrant pain',[right,lower,quadrant,abdominal,pain],[sosy],[[[6,8],[1,3],0],[[9,10],[4,5],0]],no,no,['CHV','COSTAR','ICD9CM','SNOMEDCT_US'],[474/35],0,0)])]).
phrase('decreased appetite,',[mod([lexmatch([decreased]),inputmatch([decreased]),tag(adj),tokens([decreased])]),head([lexmatch([appetite]),inputmatch([appetite]),tag(noun),tokens([appetite])]),punc([inputmatch([',']),tokens([])])],511/19,[]).
candidates(6,1,0,5,[]).
mappings([map(-1000,[ev(-1000,'C0232462','Decreased appetite','Decrease in appetite',[decreased,appetite],[sosy],[[[1,1],[1,1],0],[[2,2],[2,2],0]],yes,no,['CHV','DXP','MTH','NLMSubSyn','OMIM','SNMI','SNOMEDCT_US','SNOMEDCT_VET'],[511/18],0,0)])]).
phrase(and,[conj([lexmatch([and]),inputmatch([and]),tag(conj),tokens([and])])],531/3,[]).
candidates(0,0,0,0,[]).
mappings([]).
phrase('enlarged appendix on abdominal ultrasound.',[mod([lexmatch([enlarged]),inputmatch([enlarged]),tag(adj),tokens([enlarged])]),head([lexmatch([appendix]),inputmatch([appendix]),tag(noun),tokens([appendix])]),prep([lexmatch([on]),inputmatch([on]),tag(prep),tokens([on])]),mod([lexmatch(['abdominal ultrasound']),inputmatch([abdominal,ultrasound]),tag(noun),tokens([abdominal,ultrasound])]),punc([inputmatch(['.']),tokens([])])],535/42,[]).
candidates(11,0,0,11,[]).
mappings([map(-752,[ev(-593,'C0442800','Enlarged','Enlarged',[enlarged],[qlco],[[[1,1],[1,1],0]],no,no,['CHV','MTH'],[535/8],0,0),ev(-760,'C0003617','Appendix','Appendix',[appendix],[bpoc],[[[2,2],[1,1],0]],yes,no,['CHV','FMA','MSH','MTH','NCI','SNOMEDCT_US'],[544/8],0,0),ev(-640,'C2348813','abdominal ultrasound','Transabdominal Ultrasound',[abdominal,ultrasound],[diap],[[[4,5],[1,2],0]],no,no,['MTH','NCI','NLMSubSyn'],[556/20],0,0)]),map(-752,[ev(-593,'C0442800','Enlarged','Enlarged',[enlarged],[qlco],[[[1,1],[1,1],0]],no,no,['CHV','MTH'],[535/8],0,0),ev(-760,'C1269000','Appendix','Entire appendix',[appendix],[bpoc],[[[2,2],[1,1],0]],yes,no,['MTH','SNOMEDCT_US'],[544/8],0,0),ev(-640,'C2348813','abdominal ultrasound','Transabdominal Ultrasound',[abdominal,ultrasound],[diap],[[[4,5],[1,2],0]],no,no,['MTH','NCI','NLMSubSyn'],[556/20],0,0)]),map(-752,[ev(-593,'C1293134','Enlarged','Enlargement procedure',[enlarged],[topp],[[[1,1],[1,1],0]],no,no,['MTH','NCI','SNOMEDCT_US'],[535/8],0,0),ev(-760,'C0003617','Appendix','Appendix',[appendix],[bpoc],[[[2,2],[1,1],0]],yes,no,['CHV','FMA','MSH','MTH','NCI','SNOMEDCT_US'],[544/8],0,0),ev(-640,'C2348813','abdominal ultrasound','Transabdominal Ultrasound',[abdominal,ultrasound],[diap],[[[4,5],[1,2],0]],no,no,['MTH','NCI','NLMSubSyn'],[556/20],0,0)]),map(-752,[ev(-593,'C1293134','Enlarged','Enlargement procedure',[enlarged],[topp],[[[1,1],[1,1],0]],no,no,['MTH','NCI','SNOMEDCT_US'],[535/8],0,0),ev(-760,'C1269000','Appendix','Entire appendix',[appendix],[bpoc],[[[2,2],[1,1],0]],yes,no,['MTH','SNOMEDCT_US'],[544/8],0,0),ev(-640,'C2348813','abdominal ultrasound','Transabdominal Ultrasound',[abdominal,ultrasound],[diap],[[[4,5],[1,2],0]],no,no,['MTH','NCI','NLMSubSyn'],[556/20],0,0)])]).
'EOU'.
'EOT'.
