args('metamap14.BINARY.Darwin --lexicon db -Z 2014AA -qE -Q 4 ../../TREC-CDS/2014-original/23.txt ../../TREC-CDS/results/23.txt.out',[lexicon-db,mm_data_year-'2014AA',machine_output-[],indicate_citation_end-[],composite_phrases-4,infile-'../../TREC-CDS/2014-original/23.txt',outfile-'../../TREC-CDS/results/23.txt.out']).
aas([]).
neg_list([negation(nega,denies,[429/6],['C0015967':'Fever'],[436/5]),negation(nega,'with no',[751/7],['C0020449':'Hyperinflation'],[736/14])]).
utterance('00000000.tx.1',"treatment. ",0/11,[10]).
phrase('treatment.',[head([lexmatch([treatment]),inputmatch([treatment]),tag(noun),tokens([treatment])]),punc([inputmatch(['.']),tokens([])])],0/10,[]).
candidates(6,0,0,6,[]).
mappings([map(-1000,[ev(-1000,'C0039798',treatment,'therapeutic aspects',[treatment],[ftcn],[[[1,1],[1,1],0]],yes,no,['MSH','MTH','NLMSubSyn'],[0/9],0,0)]),map(-1000,[ev(-1000,'C0087111','Treatment','Therapeutic procedure',[treatment],[topp],[[[1,1],[1,1],0]],yes,no,['AOD','CHV','LNC','MSH','MTH','MTHHH','NCI','NLMSubSyn','SNOMEDCT_US'],[0/9],0,0)]),map(-1000,[ev(-1000,'C1522326','Treatment','Treating',[treatment],[ftcn],[[[1,1],[1,1],0]],yes,no,['MTH','NCI'],[0/9],0,0)]),map(-1000,[ev(-1000,'C1533734','Treatment','Administration procedure',[treatment],[topp],[[[1,1],[1,1],0]],yes,no,['MTH','NCI','NLMSubSyn','SNOMEDCT_US'],[0/9],0,0)]),map(-1000,[ev(-1000,'C1705169','Treatment','Biomaterial Treatment',[treatment],[cnce],[[[1,1],[1,1],0]],yes,no,['MTH','NCI'],[0/9],0,0)]),map(-1000,[ev(-1000,'C3538994','TREATMENT','Treatment Epoch',[treatment],[resa],[[[1,1],[1,1],0]],yes,no,['MTH','NCI','NLMSubSyn'],[0/9],0,0)])]).
'EOU'.
utterance('00000000.tx.2',"A 63-year-old man presents with cough and shortness of breath. ",11/63,[]).
phrase('A 63-year-old man',[det([lexmatch([a]),inputmatch(['A']),tag(det),tokens([a])]),shapes([inputmatch(['63']),features([integer]),tokens(['63'])]),punc([inputmatch([-]),tokens([])]),mod([lexmatch([year]),inputmatch([year]),tag(noun),tokens([year])]),punc([inputmatch([-]),tokens([])]),mod([lexmatch([old]),inputmatch([old]),tag(noun),tokens([old])]),head([lexmatch([man]),inputmatch([man]),tag(noun),tokens([man])])],11/17,[]).
candidates(6,0,0,6,[]).
mappings([map(-775,[ev(-645,'C0439234',year,year,[year],[tmco],[[[2,2],[1,1],0]],no,no,['MTH','NCI','SNOMEDCT_US'],[16/4],0,0),ev(-645,'C0580836','Old','Old',[old],[tmco],[[[3,3],[1,1],0]],no,no,['MTH'],[21/3],0,0),ev(-812,'C0024554','MAN','Male gender',[man],[orga],[[[4,4],[1,1],0]],yes,no,['CHV','DXP','MSH','MTH','NCI','NLMSubSyn','QMR','SNOMEDCT_US'],[25/3],0,0)]),map(-775,[ev(-645,'C0439234',year,year,[year],[tmco],[[[2,2],[1,1],0]],no,no,['MTH','NCI','SNOMEDCT_US'],[16/4],0,0),ev(-645,'C0580836','Old','Old',[old],[tmco],[[[3,3],[1,1],0]],no,no,['MTH'],[21/3],0,0),ev(-812,'C0025266','Man','Male population group',[man],[popg],[[[4,4],[1,1],0]],yes,no,['MSH','MTH','NCI','NLMSubSyn','SNOMEDCT_US'],[25/3],0,0)]),map(-775,[ev(-645,'C0439234',year,year,[year],[tmco],[[[2,2],[1,1],0]],no,no,['MTH','NCI','SNOMEDCT_US'],[16/4],0,0),ev(-645,'C0580836','Old','Old',[old],[tmco],[[[3,3],[1,1],0]],no,no,['MTH'],[21/3],0,0),ev(-812,'C0086418','Man','Homo sapiens',[man],[humn],[[[4,4],[1,1],0]],yes,no,['MSH','MTH','NCI','SNMI','SNOMEDCT_US','SNOMEDCT_VET'],[25/3],0,0)]),map(-775,[ev(-645,'C0439508','/year','per year',[year],[tmco],[[[2,2],[1,1],0]],no,no,['CHV','MTH','NCI','SNOMEDCT_US'],[16/4],0,0),ev(-645,'C0580836','Old','Old',[old],[tmco],[[[3,3],[1,1],0]],no,no,['MTH'],[21/3],0,0),ev(-812,'C0024554','MAN','Male gender',[man],[orga],[[[4,4],[1,1],0]],yes,no,['CHV','DXP','MSH','MTH','NCI','NLMSubSyn','QMR','SNOMEDCT_US'],[25/3],0,0)]),map(-775,[ev(-645,'C0439508','/year','per year',[year],[tmco],[[[2,2],[1,1],0]],no,no,['CHV','MTH','NCI','SNOMEDCT_US'],[16/4],0,0),ev(-645,'C0580836','Old','Old',[old],[tmco],[[[3,3],[1,1],0]],no,no,['MTH'],[21/3],0,0),ev(-812,'C0025266','Man','Male population group',[man],[popg],[[[4,4],[1,1],0]],yes,no,['MSH','MTH','NCI','NLMSubSyn','SNOMEDCT_US'],[25/3],0,0)]),map(-775,[ev(-645,'C0439508','/year','per year',[year],[tmco],[[[2,2],[1,1],0]],no,no,['CHV','MTH','NCI','SNOMEDCT_US'],[16/4],0,0),ev(-645,'C0580836','Old','Old',[old],[tmco],[[[3,3],[1,1],0]],no,no,['MTH'],[21/3],0,0),ev(-812,'C0086418','Man','Homo sapiens',[man],[humn],[[[4,4],[1,1],0]],yes,no,['MSH','MTH','NCI','SNMI','SNOMEDCT_US','SNOMEDCT_VET'],[25/3],0,0)])]).
phrase('presents with cough',[verb([lexmatch([presents]),inputmatch([presents]),tag(verb),tokens([presents])]),prep([lexmatch([with]),inputmatch([with]),tag(prep),tokens([with])]),mod([lexmatch([cough]),inputmatch([cough]),tag(noun),tokens([cough])])],29/19,[]).
candidates(5,1,0,4,[]).
mappings([map(-746,[ev(-790,'C0150312','Present','Present',[present],[qnco],[[[1,1],[1,1],0]],yes,no,['CHV','MTH','NCI'],[29/8],0,0),ev(-790,'C0010200','Cough','Coughing',[cough],[sosy],[[[3,3],[1,1],0]],yes,no,['CHV','MSH','MTH','SNMI','SNOMEDCT_US'],[43/5],0,0)]),map(-746,[ev(-790,'C0150312','Present','Present',[present],[qnco],[[[1,1],[1,1],0]],yes,no,['CHV','MTH','NCI'],[29/8],0,0),ev(-790,'C1961131','Cough','Cough Adverse Event',[cough],[fndg],[[[3,3],[1,1],0]],yes,no,['MTH','NCI'],[43/5],0,0)]),map(-746,[ev(-790,'C0449450','Present','Presentation',[present],[idcn],[[[1,1],[1,1],0]],yes,no,['CHV','MTH','NCI'],[29/8],0,0),ev(-790,'C0010200','Cough','Coughing',[cough],[sosy],[[[3,3],[1,1],0]],yes,no,['CHV','MSH','MTH','SNMI','SNOMEDCT_US'],[43/5],0,0)]),map(-746,[ev(-790,'C0449450','Present','Presentation',[present],[idcn],[[[1,1],[1,1],0]],yes,no,['CHV','MTH','NCI'],[29/8],0,0),ev(-790,'C1961131','Cough','Cough Adverse Event',[cough],[fndg],[[[3,3],[1,1],0]],yes,no,['MTH','NCI'],[43/5],0,0)])]).
phrase(and,[conj([lexmatch([and]),inputmatch([and]),tag(conj),tokens([and])])],49/3,[]).
candidates(0,0,0,0,[]).
mappings([]).
phrase('shortness of breath.',[head([lexmatch([shortness]),inputmatch([shortness]),tag(noun),tokens([shortness])]),prep([lexmatch([of]),inputmatch([of]),tag(prep),tokens([of])]),mod([lexmatch([breath]),inputmatch([breath]),tag(noun),tokens([breath])]),punc([inputmatch(['.']),tokens([])])],53/20,[]).
candidates(8,1,0,7,[]).
mappings([map(-1000,[ev(-1000,'C0013404','Shortness of Breath','Dyspnea',[shortness,of,breath],[sosy],[[[1,1],[1,1],0],[[2,2],[2,2],0],[[3,3],[3,3],0]],yes,no,['CHV','CSP','CST','DXP','ICD10CM','ICPC','MSH','MTH','NCI','NLMSubSyn','OMIM','SNOMEDCT_US'],[53/19],0,0)]),map(-1000,[ev(-1000,'C2707305','Shortness of breath','Shortness of breath:-:Point in time:^Patient:-',[shortness,of,breath],[clna],[[[1,1],[1,1],0],[[2,2],[2,2],0],[[3,3],[3,3],0]],yes,no,['LNC'],[53/19],0,0)])]).
'EOU'.
utterance('00000000.tx.3',"His past medical history is notable for heavy smoking, spinal stenosis, diabetes, hypothyroidism and mild psoriasis. ",74/117,[]).
phrase('His past medical history',[pron([lexmatch([his]),inputmatch(['His']),tag(pron),tokens([his])]),mod([lexmatch([past]),inputmatch([past]),tag(adj),tokens([past])]),head([lexmatch(['medical history']),inputmatch([medical,history]),tag(noun),tokens([medical,history])])],74/24,[]).
candidates(15,2,0,13,[]).
mappings([map(-1000,[ev(-1000,'C0262926','Past Medical History','Medical History',[past,medical,history],[fndg],[[[1,1],[1,1],0],[[2,3],[2,3],0]],yes,no,['LNC','MTH','NCI','NLMSubSyn','SNOMEDCT_US'],[78/20],0,0)]),map(-1000,[ev(-1000,'C0455458','Past medical history','PMH - past medical history',[past,medical,history],[fndg],[[[1,1],[1,1],0],[[2,3],[2,3],0]],yes,no,['CHV','MTH','NLMSubSyn','SNOMEDCT_US'],[78/20],0,0)])]).
phrase(is,[aux([lexmatch([is]),inputmatch([is]),tag(aux),tokens([is])])],99/2,[]).
candidates(0,0,0,0,[]).
mappings([]).
phrase('notable for heavy smoking,',[head([lexmatch([notable]),inputmatch([notable]),tag(adj),tokens([notable])]),prep([lexmatch([for]),inputmatch([for]),tag(prep),tokens([for])]),mod([lexmatch([heavy]),inputmatch([heavy]),tag(adj),tokens([heavy])]),mod([lexmatch([smoking]),inputmatch([smoking]),tag(noun),tokens([smoking])]),punc([inputmatch([',']),tokens([])])],102/26,[]).
candidates(4,0,0,4,[]).
mappings([map(-555,[ev(-604,'C0439539','Heavy','Heavy sensation quality',[heavy],[qlco],[[[3,3],[1,1],0]],no,no,['CHV','NLMSubSyn','SNOMEDCT_US'],[114/5],0,0),ev(-604,'C0037369','Smoking','Smoking',[smoking],[inbe],[[[4,4],[1,1],0]],no,no,['CHV','MSH','MTH','NLMSubSyn'],[120/7],0,0)]),map(-555,[ev(-604,'C0439539','Heavy','Heavy sensation quality',[heavy],[qlco],[[[3,3],[1,1],0]],no,no,['CHV','NLMSubSyn','SNOMEDCT_US'],[114/5],0,0),ev(-604,'C0453996','Smoking','Tobacco smoking behavior',[smoking],[inbe],[[[4,4],[1,1],0]],no,no,['CSP','MSH','MTH','NLMSubSyn','SNOMEDCT_US'],[120/7],0,0)]),map(-555,[ev(-604,'C0439539','Heavy','Heavy sensation quality',[heavy],[qlco],[[[3,3],[1,1],0]],no,no,['CHV','NLMSubSyn','SNOMEDCT_US'],[114/5],0,0),ev(-604,'C1881674','SMOKING','Medical Device Emits Smoke',[smoking],[phpr],[[[4,4],[1,1],0]],no,no,['NCI'],[120/7],0,0)])]).
phrase('spinal stenosis,',[head([lexmatch(['spinal stenosis']),inputmatch([spinal,stenosis]),tag(noun),tokens([spinal,stenosis])]),punc([inputmatch([',']),tokens([])])],129/16,[]).
candidates(8,1,0,7,[]).
mappings([map(-1000,[ev(-1000,'C0037944','Spinal Stenosis','Spinal Stenosis',[spinal,stenosis],[acab],[[[1,2],[1,2],0]],yes,no,['CHV','ICD10CM','ICD9CM','MSH','OMIM','SNOMEDCT_US'],[129/15],0,0)])]).
phrase('diabetes,',[head([lexmatch([diabetes]),inputmatch([diabetes]),tag(noun),tokens([diabetes])]),punc([inputmatch([',']),tokens([])])],146/9,[]).
candidates(2,0,0,2,[]).
mappings([map(-1000,[ev(-1000,'C0011847','Diabetes','Diabetes',[diabetes],[dsyn],[[[1,1],[1,1],0]],yes,no,['MTH'],[146/8],0,0)]),map(-1000,[ev(-1000,'C0011849','Diabetes','Diabetes Mellitus',[diabetes],[dsyn],[[[1,1],[1,1],0]],yes,no,['CHV','MTH','NCI','NLMSubSyn','SNOMEDCT_US'],[146/8],0,0)])]).
phrase(hypothyroidism,[head([lexmatch([hypothyroidism]),inputmatch([hypothyroidism]),tag(noun),tokens([hypothyroidism])])],156/14,[]).
candidates(1,0,0,1,[]).
mappings([map(-1000,[ev(-1000,'C0020676','Hypothyroidism','Hypothyroidism',[hypothyroidism],[dsyn],[[[1,1],[1,1],0]],yes,no,['CST','ICD10CM','ICD9CM','MSH','NCI','NLMSubSyn','SNOMEDCT_US'],[156/14],0,0)])]).
phrase(and,[conj([lexmatch([and]),inputmatch([and]),tag(conj),tokens([and])])],171/3,[]).
candidates(0,0,0,0,[]).
mappings([]).
phrase('mild psoriasis.',[mod([lexmatch([mild]),inputmatch([mild]),tag(adj),tokens([mild])]),head([lexmatch([psoriasis]),inputmatch([psoriasis]),tag(noun),tokens([psoriasis])]),punc([inputmatch(['.']),tokens([])])],175/15,[]).
candidates(2,0,0,2,[]).
mappings([map(-888,[ev(-694,'C2945599','Mild','Mild (qualifier value)',[mild],[qlco],[[[1,1],[1,1],0]],no,no,['NCI','SNMI','SNOMEDCT_US'],[175/4],0,0),ev(-861,'C0033860','Psoriasis','Psoriasis',[psoriasis],[dsyn],[[[2,2],[1,1],0]],yes,no,['CHV','ICD10CM','MSH'],[180/9],0,0)])]).
'EOU'.
utterance('00000000.tx.4',"He also has a family history of early onset dementia. ",191/54,[]).
phrase('He also',[pron([lexmatch([he]),inputmatch(['He']),tag(pron),tokens([he])]),adv([lexmatch([also]),inputmatch([also]),tag(adv),tokens([also])])],191/7,[]).
candidates(0,0,0,0,[]).
mappings([]).
phrase(has,[aux([lexmatch([has]),inputmatch([has]),tag(aux),tokens([has])])],199/3,[]).
candidates(0,0,0,0,[]).
mappings([]).
phrase('a family history of early onset dementia.',[det([lexmatch([a]),inputmatch([a]),tag(det),tokens([a])]),head([lexmatch(['family history']),inputmatch([family,history]),tag(noun),tokens([family,history])]),prep([lexmatch([of]),inputmatch([of]),tag(prep),tokens([of])]),mod([lexmatch(['early onset']),inputmatch([early,onset]),tag(adj),tokens([early,onset])]),mod([lexmatch([dementia]),inputmatch([dementia]),tag(noun),tokens([dementia])]),punc([inputmatch(['.']),tokens([])])],203/41,[]).
candidates(22,4,0,18,[]).
mappings([map(-847,[ev(-840,'C2315857','Family history of dementia','Family history of dementia',[family,history,of,dementia],[fndg],[[[2,3],[1,2],0],[[4,4],[3,3],0],[[7,7],[4,4],0]],yes,no,['SNOMEDCT_US'],[205/17,235/8],0,0),ev(-612,'C1833334','Early-onset','Early-onset',[early,onset],[fndg],[[[5,6],[1,2],0]],no,no,['OMIM'],[223/11],0,0)])]).
'EOU'.
utterance('00000000.tx.5',"His symptoms began about a week prior to his admission, with productive cough, purulent sputum and difficulty breathing, requiring him to use his home oxygen for the past 24 hours. ",245/181,[]).
phrase('His symptoms',[pron([lexmatch([his]),inputmatch(['His']),tag(pron),tokens([his])]),head([lexmatch([symptoms]),inputmatch([symptoms]),tag(noun),tokens([symptoms])])],245/12,[]).
candidates(2,0,0,2,[]).
mappings([map(-1000,[ev(-1000,'C0683368',symptoms,'Symptoms aspect',[symptoms],[ftcn],[[[1,1],[1,1],0]],yes,no,['MSH','MTH'],[249/8],0,0)]),map(-1000,[ev(-1000,'C1457887','Symptoms','Symptoms',[symptoms],[sosy],[[[1,1],[1,1],0]],yes,no,['AOD','MTH','SNMI'],[249/8],0,0)])]).
phrase('began about a week',[verb([lexmatch([began]),inputmatch([began]),tag(verb),tokens([began])]),prep([lexmatch([about]),inputmatch([about]),tag(prep),tokens([about])]),det([lexmatch([a]),inputmatch([a]),tag(det),tokens([a])]),mod([lexmatch([week]),inputmatch([week]),tag(noun),tokens([week])])],258/18,[]).
candidates(3,0,0,3,[]).
mappings([map(-691,[ev(-737,'C0439659','Begin','Beginning',[begin],[tmco],[[[1,1],[1,1],1]],yes,no,['CHV','MTH','NCI','SNOMEDCT_US'],[258/5],0,0),ev(-770,'C0332174','/week','Weekly',[week],[tmco],[[[4,4],[1,1],0]],yes,no,['MTH','NCI','SNOMEDCT_US'],[272/4],0,0)]),map(-691,[ev(-737,'C0439659','Begin','Beginning',[begin],[tmco],[[[1,1],[1,1],1]],yes,no,['CHV','MTH','NCI','SNOMEDCT_US'],[258/5],0,0),ev(-770,'C0439230',week,week,[week],[tmco],[[[4,4],[1,1],0]],yes,no,['MTH','SNOMEDCT_US'],[272/4],0,0)])]).
phrase('prior to his admission,',[prep([lexmatch(['prior to']),inputmatch([prior,to]),tag(prep),tokens([prior,to])]),pron([lexmatch([his]),inputmatch([his]),tag(pron),tokens([his])]),head([lexmatch([admission]),inputmatch([admission]),tag(noun),tokens([admission])]),punc([inputmatch([',']),tokens([])])],277/23,[]).
candidates(2,0,0,2,[]).
mappings([map(-1000,[ev(-1000,'C0184666',admission,'Hospital admission',[admission],[hlca],[[[1,1],[1,1],0]],yes,no,['CHV','MTH','SNMI','SNOMEDCT_US'],[290/9],0,0)]),map(-1000,[ev(-1000,'C0809949','Admission','Admission activity',[admission],[hlca],[[[1,1],[1,1],0]],yes,no,['MTH','NCI'],[290/9],0,0)])]).
phrase('with productive cough,',[prep([lexmatch([with]),inputmatch([with]),tag(prep),tokens([with])]),head([lexmatch(['productive cough']),inputmatch([productive,cough]),tag(noun),tokens([productive,cough])]),punc([inputmatch([',']),tokens([])])],301/22,[]).
candidates(5,1,0,4,[]).
mappings([map(-1000,[ev(-1000,'C0239134','Productive cough','Productive cough',[productive,cough],[sosy],[[[1,2],[1,2],0]],yes,no,['CHV','NCI','SNOMEDCT_US'],[306/16],0,0)])]).
phrase('purulent sputum',[mod([lexmatch([purulent]),inputmatch([purulent]),tag(adj),tokens([purulent])]),head([lexmatch([sputum]),inputmatch([sputum]),tag(noun),tokens([sputum])])],324/15,[]).
candidates(3,0,0,3,[]).
mappings([map(-1000,[ev(-1000,'C0241235','Purulent sputum','Purulent sputum',[purulent,sputum],[sosy],[[[1,1],[1,1],0],[[2,2],[2,2],0]],yes,no,['NLMSubSyn','SNMI','SNOMEDCT_US'],[324/15],0,0)])]).
phrase(and,[conj([lexmatch([and]),inputmatch([and]),tag(conj),tokens([and])])],340/3,[]).
candidates(0,0,0,0,[]).
mappings([]).
phrase('difficulty breathing,',[mod([lexmatch([difficulty]),inputmatch([difficulty]),tag(noun),tokens([difficulty])]),head([lexmatch([breathing]),inputmatch([breathing]),tag(noun),tokens([breathing])]),punc([inputmatch([',']),tokens([])])],344/21,[]).
candidates(6,1,0,5,[]).
mappings([map(-1000,[ev(-1000,'C0013404','Difficulty breathing','Dyspnea',[difficulty,breathing],[sosy],[[[1,1],[1,1],0],[[2,2],[2,2],0]],yes,no,['CHV','CSP','CST','DXP','ICD10CM','ICPC','MSH','MTH','NCI','NLMSubSyn','OMIM','SNOMEDCT_US'],[344/20],0,0)])]).
phrase(requiring,[verb([lexmatch([requiring]),inputmatch([requiring]),tag(verb),tokens([requiring])])],366/9,[]).
candidates(0,0,0,0,[]).
mappings([]).
phrase('him to',[pron([lexmatch([him]),inputmatch([him]),tag(pron),tokens([him])]),adv([lexmatch([to]),inputmatch([to]),tag(adv),tokens([to])])],376/6,[]).
candidates(1,0,0,1,[]).
mappings([map(-1000,[ev(-1000,'C1883351','To','To',[to],[qlco],[[[1,1],[1,1],0]],yes,no,['MTH'],[380/2],0,0)])]).
phrase(use,[verb([lexmatch([use]),inputmatch([use]),tag(verb),tokens([use])])],383/3,[]).
candidates(3,0,0,3,[]).
mappings([map(-1000,[ev(-1000,'C0042153',use,'utilization qualifier',[use],[ftcn],[[[1,1],[1,1],0]],yes,no,['MSH','MTH'],[383/3],0,0)]),map(-1000,[ev(-1000,'C0457083','Use','Usage',[use],[ftcn],[[[1,1],[1,1],0]],yes,no,['CHV','HL7V3.0','MTH','NCI'],[383/3],0,0)]),map(-1000,[ev(-1000,'C1947944','Use','Use - dosing instruction imperative',[use],[inpr],[[[1,1],[1,1],0]],yes,no,['SNOMEDCT_US'],[383/3],0,0)])]).
phrase('his home oxygen for the past 24 hours.',[pron([lexmatch([his]),inputmatch([his]),tag(pron),tokens([his])]),mod([lexmatch([home]),inputmatch([home]),tag(noun),tokens([home])]),head([lexmatch([oxygen]),inputmatch([oxygen]),tag(noun),tokens([oxygen])]),prep([lexmatch([for]),inputmatch([for]),tag(prep),tokens([for])]),det([lexmatch([the]),inputmatch([the]),tag(det),tokens([the])]),mod([lexmatch([past]),inputmatch([past]),tag(noun),tokens([past])]),shapes([inputmatch(['24']),features([integer]),tokens(['24'])]),mod([lexmatch([hours]),inputmatch([hours]),tag(noun),tokens([hours])]),punc([inputmatch(['.']),tokens([])])],387/38,[]).
candidates(11,1,0,10,[]).
mappings([map(-717,[ev(-578,'C0019602','His','Histidine',[his],[aapp,bacs,phsu],[[[1,1],[1,1],0]],no,no,['MSH','MTH','NCI'],[387/3],0,0),ev(-770,'C0421203','home oxygen','Home oxygen supply',[home,oxygen],[fndg],[[[2,2],[1,1],0],[[3,3],[2,2],0]],yes,no,['CHV','NLMSubSyn','SNOMEDCT_US'],[391/11],0,0),ev(-578,'C1444637','Past','Past',[past],[tmco],[[[6,6],[1,1],0]],no,no,['SNOMEDCT_US'],[411/4],0,0),ev(-604,'C0439584','24 hours','24 hour time frame',['24',hours],[tmco],[[[7,7],[1,1],0],[[8,8],[2,2],0]],no,no,['MTH','NLMSubSyn','SNOMEDCT_US'],[416/8],0,0)]),map(-717,[ev(-578,'C0019602','His','Histidine',[his],[aapp,bacs,phsu],[[[1,1],[1,1],0]],no,no,['MSH','MTH','NCI'],[387/3],0,0),ev(-770,'C0421203','home oxygen','Home oxygen supply',[home,oxygen],[fndg],[[[2,2],[1,1],0],[[3,3],[2,2],0]],yes,no,['CHV','NLMSubSyn','SNOMEDCT_US'],[391/11],0,0),ev(-578,'C1444637','Past','Past',[past],[tmco],[[[6,6],[1,1],0]],no,no,['SNOMEDCT_US'],[411/4],0,0),ev(-604,'C0456696','/24 hours','per 24 hours',['24',hours],[tmco],[[[7,7],[1,1],0],[[8,8],[2,2],0]],no,no,['MTH','SNOMEDCT_US'],[416/8],0,0)]),map(-717,[ev(-578,'C0019602','His','Histidine',[his],[aapp,bacs,phsu],[[[1,1],[1,1],0]],no,no,['MSH','MTH','NCI'],[387/3],0,0),ev(-770,'C0421203','home oxygen','Home oxygen supply',[home,oxygen],[fndg],[[[2,2],[1,1],0],[[3,3],[2,2],0]],yes,no,['CHV','NLMSubSyn','SNOMEDCT_US'],[391/11],0,0),ev(-578,'C1444637','Past','Past',[past],[tmco],[[[6,6],[1,1],0]],no,no,['SNOMEDCT_US'],[411/4],0,0),ev(-604,'C1442770','24 Hours','24 Hours',['24',hours],[tmco],[[[7,7],[1,1],0],[[8,8],[2,2],0]],no,no,['LNC','MTH'],[416/8],0,0)]),map(-717,[ev(-578,'C1412323','HIS','AKR1B10 gene',[his],[gngm],[[[1,1],[1,1],0]],no,no,['HGNC','MTH','OMIM'],[387/3],0,0),ev(-770,'C0421203','home oxygen','Home oxygen supply',[home,oxygen],[fndg],[[[2,2],[1,1],0],[[3,3],[2,2],0]],yes,no,['CHV','NLMSubSyn','SNOMEDCT_US'],[391/11],0,0),ev(-578,'C1444637','Past','Past',[past],[tmco],[[[6,6],[1,1],0]],no,no,['SNOMEDCT_US'],[411/4],0,0),ev(-604,'C0439584','24 hours','24 hour time frame',['24',hours],[tmco],[[[7,7],[1,1],0],[[8,8],[2,2],0]],no,no,['MTH','NLMSubSyn','SNOMEDCT_US'],[416/8],0,0)]),map(-717,[ev(-578,'C1412323','HIS','AKR1B10 gene',[his],[gngm],[[[1,1],[1,1],0]],no,no,['HGNC','MTH','OMIM'],[387/3],0,0),ev(-770,'C0421203','home oxygen','Home oxygen supply',[home,oxygen],[fndg],[[[2,2],[1,1],0],[[3,3],[2,2],0]],yes,no,['CHV','NLMSubSyn','SNOMEDCT_US'],[391/11],0,0),ev(-578,'C1444637','Past','Past',[past],[tmco],[[[6,6],[1,1],0]],no,no,['SNOMEDCT_US'],[411/4],0,0),ev(-604,'C0456696','/24 hours','per 24 hours',['24',hours],[tmco],[[[7,7],[1,1],0],[[8,8],[2,2],0]],no,no,['MTH','SNOMEDCT_US'],[416/8],0,0)]),map(-717,[ev(-578,'C1412323','HIS','AKR1B10 gene',[his],[gngm],[[[1,1],[1,1],0]],no,no,['HGNC','MTH','OMIM'],[387/3],0,0),ev(-770,'C0421203','home oxygen','Home oxygen supply',[home,oxygen],[fndg],[[[2,2],[1,1],0],[[3,3],[2,2],0]],yes,no,['CHV','NLMSubSyn','SNOMEDCT_US'],[391/11],0,0),ev(-578,'C1444637','Past','Past',[past],[tmco],[[[6,6],[1,1],0]],no,no,['SNOMEDCT_US'],[411/4],0,0),ev(-604,'C1442770','24 Hours','24 Hours',['24',hours],[tmco],[[[7,7],[1,1],0],[[8,8],[2,2],0]],no,no,['LNC','MTH'],[416/8],0,0)])]).
'EOU'.
utterance('00000000.tx.6',"He denies fever. ",426/17,[]).
phrase('He',[pron([lexmatch([he]),inputmatch(['He']),tag(pron),tokens([he])])],426/2,[]).
candidates(0,0,0,0,[]).
mappings([]).
phrase(denies,[verb([lexmatch([denies]),inputmatch([denies]),tag(verb),tokens([denies])])],429/6,[]).
candidates(1,0,0,1,[]).
mappings([map(-1000,[ev(-1000,'C2700401','Deny','Deny (action)',[deny],[acty],[[[1,1],[1,1],0]],yes,no,['MTH','NCI'],[429/6],0,0)])]).
phrase('fever.',[head([lexmatch([fever]),inputmatch([fever]),tag(noun),tokens([fever])]),punc([inputmatch(['.']),tokens([])])],436/6,[]).
candidates(1,0,0,1,[]).
mappings([map(-1000,[ev(-1000,'C0015967','Fever','Fever',[fever],[fndg],[[[1,1],[1,1],0]],yes,no,['CHV','CSP','CST','DXP','ICD10CM','MSH','MTH','NCI','NLMSubSyn','SNMI','SNOMEDCT_US'],[436/5],0,1)])]).
'EOU'.
utterance('00000000.tx.7',"On examination he is cyanotic, tachypneic, with a barrel shaped chest and diffuse rales over his lungs. ",443/104,[]).
phrase('On examination',[prep([lexmatch([on]),inputmatch(['On']),tag(prep),tokens([on])]),head([lexmatch([examination]),inputmatch([examination]),tag(noun),tokens([examination])])],443/14,[]).
candidates(0,0,0,0,[]).
mappings([]).
phrase(he,[pron([lexmatch([he]),inputmatch([he]),tag(pron),tokens([he])])],458/2,[]).
candidates(0,0,0,0,[]).
mappings([]).
phrase(is,[aux([lexmatch([is]),inputmatch([is]),tag(aux),tokens([is])])],461/2,[]).
candidates(0,0,0,0,[]).
mappings([]).
phrase('cyanotic, tachypneic,',[mod([lexmatch([cyanotic]),inputmatch([cyanotic]),tag(adj),tokens([cyanotic])]),punc([inputmatch([',']),tokens([])]),head([lexmatch([tachypneic]),inputmatch([tachypneic]),tag(adj),tokens([tachypneic])]),punc([inputmatch([',']),tokens([])])],464/21,[]).
candidates(3,1,0,2,[]).
mappings([map(-888,[ev(-694,'C0332580','Cyanotic','Cyanotic',[cyanotic],[ftcn],[[[1,1],[1,1],0]],no,no,['MTH'],[464/8],0,0),ev(-861,'C0231835','Tachypneic','Tachypnea',[tachypneic],[sosy],[[[2,2],[1,1],0]],yes,no,['CHV','CST','DXP','MSH','NLMSubSyn','SNOMEDCT_US','SNOMEDCT_VET'],[474/10],0,0)])]).
phrase('with a barrel shaped chest',[prep([lexmatch([with]),inputmatch([with]),tag(prep),tokens([with])]),det([lexmatch([a]),inputmatch([a]),tag(det),tokens([a])]),mod([lexmatch(['barrel shaped']),inputmatch([barrel,shaped]),tag(adj),tokens([barrel,shaped])]),head([lexmatch([chest]),inputmatch([chest]),tag(noun),tokens([chest])])],486/26,[]).
candidates(15,5,0,10,[]).
mappings([map(-1000,[ev(-1000,'C0264172','Barrel shaped chest','Barrel chest',[barrel,shaped,chest],[acab],[[[1,2],[1,2],0],[[3,3],[3,3],0]],yes,no,['CHV','NLMSubSyn','SNOMEDCT_US'],[493/19],0,0)]),map(-1000,[ev(-1000,'C1839322','Barrel-shaped chest','Barrel-shaped chest',[barrel,shaped,chest],[fndg],[[[1,2],[1,2],0],[[3,3],[3,3],0]],yes,no,['OMIM'],[493/19],0,0)])]).
phrase(and,[conj([lexmatch([and]),inputmatch([and]),tag(conj),tokens([and])])],513/3,[]).
candidates(0,0,0,0,[]).
mappings([]).
phrase('diffuse rales over his lungs.',[mod([lexmatch([diffuse]),inputmatch([diffuse]),tag(adj),tokens([diffuse])]),head([lexmatch([rales]),inputmatch([rales]),tag(noun),tokens([rales])]),prep([lexmatch([over]),inputmatch([over]),tag(prep),tokens([over])]),pron([lexmatch([his]),inputmatch([his]),tag(pron),tokens([his])]),mod([lexmatch([lungs]),inputmatch([lungs]),tag(noun),tokens([lungs])]),punc([inputmatch(['.']),tokens([])])],517/29,[]).
candidates(12,5,0,7,[]).
mappings([map(-743,[ev(-593,'C0205219','Diffuse','Diffuse',[diffuse],[qlco],[[[1,1],[1,1],0]],no,no,['CHV','SNOMEDCT_US'],[517/7],0,0),ev(-593,'C0019602','His','Histidine',[his],[aapp,bacs,phsu],[[[4,4],[1,1],0]],no,no,['MSH','MTH','NCI'],[536/3],0,0),ev(-781,'C0034642','lung rales','Rales',[lung,rales],[sosy],[[[5,5],[1,1],1],[[2,2],[2,2],0]],yes,no,['CHV','DXP','MSH','MTH','NLMSubSyn','SNMI','SNOMEDCT_US','SNOMEDCT_VET'],[525/5,540/5],0,0)]),map(-743,[ev(-593,'C0205219','Diffuse','Diffuse',[diffuse],[qlco],[[[1,1],[1,1],0]],no,no,['CHV','SNOMEDCT_US'],[517/7],0,0),ev(-593,'C1412323','HIS','AKR1B10 gene',[his],[gngm],[[[4,4],[1,1],0]],no,no,['HGNC','MTH','OMIM'],[536/3],0,0),ev(-781,'C0034642','lung rales','Rales',[lung,rales],[sosy],[[[5,5],[1,1],1],[[2,2],[2,2],0]],yes,no,['CHV','DXP','MSH','MTH','NLMSubSyn','SNMI','SNOMEDCT_US','SNOMEDCT_VET'],[525/5,540/5],0,0)])]).
'EOU'.
utterance('00000000.tx.8',"A chest x-ray is notable for hyperinflation with no consolidation. ",547/67,[613]).
phrase('A chest x-ray',[det([lexmatch([a]),inputmatch(['A']),tag(det),tokens([a])]),head([lexmatch(['chest x-ray']),inputmatch([chest,x,-,ray]),tag(noun),tokens([chest,x,ray])])],547/13,[]).
candidates(18,6,0,12,[]).
mappings([map(-1000,[ev(-1000,'C0039985','Chest X-ray','Chest X-ray',[chest,x,ray],[diap],[[[1,3],[1,3],0]],yes,no,['CHV','CSP','MTH','MTHICD9','NCI','NLMSubSyn','SNOMEDCT_US'],[549/11],0,0)]),map(-1000,[ev(-1000,'C1114557','Chest X-ray','Views:Finding:Point in time:Chest:Narrative:XR',[chest,x,ray],[clna],[[[1,3],[1,3],0]],yes,no,['LNC','MTH'],[549/11],0,0)])]).
phrase(is,[aux([lexmatch([is]),inputmatch([is]),tag(aux),tokens([is])])],561/2,[]).
candidates(0,0,0,0,[]).
mappings([]).
phrase('notable for hyperinflation',[head([lexmatch([notable]),inputmatch([notable]),tag(adj),tokens([notable])]),prep([lexmatch([for]),inputmatch([for]),tag(prep),tokens([for])]),mod([lexmatch([hyperinflation]),inputmatch([hyperinflation]),tag(noun),tokens([hyperinflation])])],564/26,[]).
candidates(1,0,0,1,[]).
mappings([map(-623,[ev(-623,'C0020449','Hyperinflation','Hyperdistention',[hyperinflation],[anab],[[[3,3],[1,1],0]],no,no,['SNOMEDCT_US'],[576/14],0,0)])]).
phrase('with no consolidation.',[prep([lexmatch([with]),inputmatch([with]),tag(prep),tokens([with])]),det([lexmatch([no]),inputmatch([no]),tag(det),tokens([no])]),head([lexmatch([consolidation]),inputmatch([consolidation]),tag(noun),tokens([consolidation])]),punc([inputmatch(['.']),tokens([])])],591/22,[]).
candidates(1,0,0,1,[]).
mappings([map(-1000,[ev(-1000,'C0702116','Consolidation','Consolidation',[consolidation],[qlco],[[[1,1],[1,1],0]],yes,no,['SNOMEDCT_US'],[599/13],0,0)])]).
'EOU'.
utterance('00000000.tx.9',"63-year-old heavy smoker with productive cough, shortness of breath, tachypnea, and oxygen requirement. ",614/104,[]).
phrase('63-year-old heavy smoker with productive cough,',[shapes([inputmatch(['63']),features([integer]),tokens(['63'])]),punc([inputmatch([-]),tokens([])]),mod([lexmatch([year]),inputmatch([year]),tag(noun),tokens([year])]),punc([inputmatch([-]),tokens([])]),mod([lexmatch([old]),inputmatch([old]),tag(adj),tokens([old])]),mod([lexmatch([heavy]),inputmatch([heavy]),tag(adj),tokens([heavy])]),head([lexmatch([smoker]),inputmatch([smoker]),tag(noun),tokens([smoker])]),prep([lexmatch([with]),inputmatch([with]),tag(prep),tokens([with])]),mod([lexmatch(['productive cough']),inputmatch([productive,cough]),tag(noun),tokens([productive,cough])]),punc([inputmatch([',']),tokens([])])],614/47,[]).
candidates(11,1,0,10,[]).
mappings([map(-709,[ev(-578,'C0439234',year,year,[year],[tmco],[[[2,2],[1,1],0]],no,no,['MTH','NCI','SNOMEDCT_US'],[617/4],0,0),ev(-578,'C0580836','Old','Old',[old],[tmco],[[[3,3],[1,1],0]],no,no,['MTH'],[622/3],0,0),ev(-578,'C0439539','Heavy','Heavy sensation quality',[heavy],[qlco],[[[4,4],[1,1],0]],no,no,['CHV','NLMSubSyn','SNOMEDCT_US'],[626/5],0,0),ev(-744,'C0337664','Smoker','Smoker',[smoker],[fndg],[[[5,5],[1,1],0]],yes,no,['CHV','MTH'],[632/6],0,0),ev(-604,'C0239134','Productive cough','Productive cough',[productive,cough],[sosy],[[[7,8],[1,2],0]],no,no,['CHV','NCI','SNOMEDCT_US'],[644/16],0,0)]),map(-709,[ev(-578,'C0439508','/year','per year',[year],[tmco],[[[2,2],[1,1],0]],no,no,['CHV','MTH','NCI','SNOMEDCT_US'],[617/4],0,0),ev(-578,'C0580836','Old','Old',[old],[tmco],[[[3,3],[1,1],0]],no,no,['MTH'],[622/3],0,0),ev(-578,'C0439539','Heavy','Heavy sensation quality',[heavy],[qlco],[[[4,4],[1,1],0]],no,no,['CHV','NLMSubSyn','SNOMEDCT_US'],[626/5],0,0),ev(-744,'C0337664','Smoker','Smoker',[smoker],[fndg],[[[5,5],[1,1],0]],yes,no,['CHV','MTH'],[632/6],0,0),ev(-604,'C0239134','Productive cough','Productive cough',[productive,cough],[sosy],[[[7,8],[1,2],0]],no,no,['CHV','NCI','SNOMEDCT_US'],[644/16],0,0)])]).
phrase('shortness of breath,',[head([lexmatch([shortness]),inputmatch([shortness]),tag(noun),tokens([shortness])]),prep([lexmatch([of]),inputmatch([of]),tag(prep),tokens([of])]),mod([lexmatch([breath]),inputmatch([breath]),tag(noun),tokens([breath])]),punc([inputmatch([',']),tokens([])])],662/20,[]).
candidates(8,1,0,7,[]).
mappings([map(-1000,[ev(-1000,'C0013404','Shortness of Breath','Dyspnea',[shortness,of,breath],[sosy],[[[1,1],[1,1],0],[[2,2],[2,2],0],[[3,3],[3,3],0]],yes,no,['CHV','CSP','CST','DXP','ICD10CM','ICPC','MSH','MTH','NCI','NLMSubSyn','OMIM','SNOMEDCT_US'],[662/19],0,0)]),map(-1000,[ev(-1000,'C2707305','Shortness of breath','Shortness of breath:-:Point in time:^Patient:-',[shortness,of,breath],[clna],[[[1,1],[1,1],0],[[2,2],[2,2],0],[[3,3],[3,3],0]],yes,no,['LNC'],[662/19],0,0)])]).
phrase('tachypnea,',[head([lexmatch([tachypnea]),inputmatch([tachypnea]),tag(noun),tokens([tachypnea])]),punc([inputmatch([',']),tokens([])])],683/10,[]).
candidates(1,0,0,1,[]).
mappings([map(-1000,[ev(-1000,'C0231835','Tachypnea','Tachypnea',[tachypnea],[sosy],[[[1,1],[1,1],0]],yes,no,['CHV','CST','DXP','MSH','NLMSubSyn','SNOMEDCT_US','SNOMEDCT_VET'],[683/9],0,0)])]).
phrase(and,[conj([lexmatch([and]),inputmatch([and]),tag(conj),tokens([and])])],694/3,[]).
candidates(0,0,0,0,[]).
mappings([]).
phrase('oxygen requirement.',[mod([lexmatch([oxygen]),inputmatch([oxygen]),tag(noun),tokens([oxygen])]),head([lexmatch([requirement]),inputmatch([requirement]),tag(noun),tokens([requirement])]),punc([inputmatch(['.']),tokens([])])],698/19,[]).
candidates(2,0,0,2,[]).
mappings([map(-888,[ev(-694,'C0030054','Oxygen','Oxygen',[oxygen],[elii,phsu],[[[1,1],[1,1],0]],no,no,['CHV','CSP','MTH','NLMSubSyn','SNOMEDCT_US'],[698/6],0,0),ev(-861,'C1514873','Requirement','Requirement',[requirement],[ftcn],[[[2,2],[1,1],0]],yes,no,['MTH','NCI'],[705/11],0,0)])]).
'EOU'.
utterance('00000000.tx.10',"Chest x-ray shows hyperinflation with no consolidation.",718/55,[]).
phrase('Chest x-ray',[head([lexmatch(['chest x-ray']),inputmatch(['Chest',x,-,ray]),tag(noun),tokens([chest,x,ray])])],718/11,[]).
candidates(18,6,0,12,[]).
mappings([map(-1000,[ev(-1000,'C0039985','Chest X-ray','Chest X-ray',[chest,x,ray],[diap],[[[1,3],[1,3],0]],yes,no,['CHV','CSP','MTH','MTHICD9','NCI','NLMSubSyn','SNOMEDCT_US'],[718/11],0,0)]),map(-1000,[ev(-1000,'C1114557','Chest X-ray','Views:Finding:Point in time:Chest:Narrative:XR',[chest,x,ray],[clna],[[[1,3],[1,3],0]],yes,no,['LNC','MTH'],[718/11],0,0)])]).
phrase(shows,[verb([lexmatch([shows]),inputmatch([shows]),tag(verb),tokens([shows])])],730/5,[]).
candidates(1,0,0,1,[]).
mappings([map(-1000,[ev(-1000,'C1547282','Show','Show',[show],[inpr],[[[1,1],[1,1],0]],yes,no,['HL7V3.0'],[730/5],0,0)])]).
phrase('hyperinflation with no consolidation.',[head([lexmatch([hyperinflation]),inputmatch([hyperinflation]),tag(noun),tokens([hyperinflation])]),prep([lexmatch([with]),inputmatch([with]),tag(prep),tokens([with])]),det([lexmatch([no]),inputmatch([no]),tag(det),tokens([no])]),mod([lexmatch([consolidation]),inputmatch([consolidation]),tag(noun),tokens([consolidation])]),punc([inputmatch(['.']),tokens([])])],736/37,[]).
candidates(2,0,0,2,[]).
mappings([map(-708,[ev(-770,'C0020449','Hyperinflation','Hyperdistention',[hyperinflation],[anab],[[[1,1],[1,1],0]],yes,no,['SNOMEDCT_US'],[736/14],0,1),ev(-604,'C0702116','Consolidation','Consolidation',[consolidation],[qlco],[[[4,4],[1,1],0]],no,no,['SNOMEDCT_US'],[759/13],0,0)])]).
'EOU'.
'EOT'.
