args('metamap14.BINARY.Darwin --lexicon db -Z 2014AA -qE -Q 4 ../../TREC-CDS/2014-original/24.txt ../../TREC-CDS/results/24.txt.out',[lexicon-db,mm_data_year-'2014AA',machine_output-[],indicate_citation_end-[],composite_phrases-4,infile-'../../TREC-CDS/2014-original/24.txt',outfile-'../../TREC-CDS/results/24.txt.out']).
aas([]).
neg_list([negation(nega,'negative for',[277/12],['C1513916':'Negative'],[277/8])]).
utterance('00000000.tx.1',"treatment. ",0/11,[10]).
phrase('treatment.',[head([lexmatch([treatment]),inputmatch([treatment]),tag(noun),tokens([treatment])]),punc([inputmatch(['.']),tokens([])])],0/10,[]).
candidates(6,0,0,6,[]).
mappings([map(-1000,[ev(-1000,'C0039798',treatment,'therapeutic aspects',[treatment],[ftcn],[[[1,1],[1,1],0]],yes,no,['MSH','MTH','NLMSubSyn'],[0/9],0,0)]),map(-1000,[ev(-1000,'C0087111','Treatment','Therapeutic procedure',[treatment],[topp],[[[1,1],[1,1],0]],yes,no,['AOD','CHV','LNC','MSH','MTH','MTHHH','NCI','NLMSubSyn','SNOMEDCT_US'],[0/9],0,0)]),map(-1000,[ev(-1000,'C1522326','Treatment','Treating',[treatment],[ftcn],[[[1,1],[1,1],0]],yes,no,['MTH','NCI'],[0/9],0,0)]),map(-1000,[ev(-1000,'C1533734','Treatment','Administration procedure',[treatment],[topp],[[[1,1],[1,1],0]],yes,no,['MTH','NCI','NLMSubSyn','SNOMEDCT_US'],[0/9],0,0)]),map(-1000,[ev(-1000,'C1705169','Treatment','Biomaterial Treatment',[treatment],[cnce],[[[1,1],[1,1],0]],yes,no,['MTH','NCI'],[0/9],0,0)]),map(-1000,[ev(-1000,'C3538994','TREATMENT','Treatment Epoch',[treatment],[resa],[[[1,1],[1,1],0]],yes,no,['MTH','NCI','NLMSubSyn'],[0/9],0,0)])]).
'EOU'.
utterance('00000000.tx.2',"A 33-year-old male athlete presented to the ER with acute abdominal pain. ",11/74,[]).
phrase('A 33-year-old male athlete',[det([lexmatch([a]),inputmatch(['A']),tag(det),tokens([a])]),shapes([inputmatch(['33']),features([integer]),tokens(['33'])]),punc([inputmatch([-]),tokens([])]),mod([lexmatch([year]),inputmatch([year]),tag(noun),tokens([year])]),punc([inputmatch([-]),tokens([])]),mod([lexmatch([old]),inputmatch([old]),tag(noun),tokens([old])]),mod([lexmatch([male]),inputmatch([male]),tag(noun),tokens([male])]),head([lexmatch([athlete]),inputmatch([athlete]),tag(noun),tokens([athlete])])],11/26,[]).
candidates(9,0,0,9,[]).
mappings([map(-771,[ev(-637,'C0439234',year,year,[year],[tmco],[[[2,2],[1,1],0]],no,no,['MTH','NCI','SNOMEDCT_US'],[16/4],0,0),ev(-637,'C0580836','Old','Old',[old],[tmco],[[[3,3],[1,1],0]],no,no,['MTH'],[21/3],0,0),ev(-637,'C0024554','Male','Male gender',[male],[orga],[[[4,4],[1,1],0]],no,no,['CHV','DXP','MSH','MTH','NCI','NLMSubSyn','QMR','SNOMEDCT_US'],[25/4],0,0),ev(-804,'C0238703',athlete,'Athletes',[athlete],[prog],[[[5,5],[1,1],0]],yes,no,['AOD','MSH'],[30/7],0,0)]),map(-771,[ev(-637,'C0439234',year,year,[year],[tmco],[[[2,2],[1,1],0]],no,no,['MTH','NCI','SNOMEDCT_US'],[16/4],0,0),ev(-637,'C0580836','Old','Old',[old],[tmco],[[[3,3],[1,1],0]],no,no,['MTH'],[21/3],0,0),ev(-637,'C0086582',male,'Males',[male],[popg],[[[4,4],[1,1],0]],no,no,['CHV','MTH'],[25/4],0,0),ev(-804,'C0238703',athlete,'Athletes',[athlete],[prog],[[[5,5],[1,1],0]],yes,no,['AOD','MSH'],[30/7],0,0)]),map(-771,[ev(-637,'C0439234',year,year,[year],[tmco],[[[2,2],[1,1],0]],no,no,['MTH','NCI','SNOMEDCT_US'],[16/4],0,0),ev(-637,'C0580836','Old','Old',[old],[tmco],[[[3,3],[1,1],0]],no,no,['MTH'],[21/3],0,0),ev(-637,'C1706180','Male','Male Gender, Self Report',[male],[qlco],[[[4,4],[1,1],0]],no,no,['MTH','NCI'],[25/4],0,0),ev(-804,'C0238703',athlete,'Athletes',[athlete],[prog],[[[5,5],[1,1],0]],yes,no,['AOD','MSH'],[30/7],0,0)]),map(-771,[ev(-637,'C0439234',year,year,[year],[tmco],[[[2,2],[1,1],0]],no,no,['MTH','NCI','SNOMEDCT_US'],[16/4],0,0),ev(-637,'C0580836','Old','Old',[old],[tmco],[[[3,3],[1,1],0]],no,no,['MTH'],[21/3],0,0),ev(-637,'C1706428','Male','Male Phenotype',[male],[qlco],[[[4,4],[1,1],0]],no,no,['MTH','NCI'],[25/4],0,0),ev(-804,'C0238703',athlete,'Athletes',[athlete],[prog],[[[5,5],[1,1],0]],yes,no,['AOD','MSH'],[30/7],0,0)]),map(-771,[ev(-637,'C0439234',year,year,[year],[tmco],[[[2,2],[1,1],0]],no,no,['MTH','NCI','SNOMEDCT_US'],[16/4],0,0),ev(-637,'C0580836','Old','Old',[old],[tmco],[[[3,3],[1,1],0]],no,no,['MTH'],[21/3],0,0),ev(-637,'C1706429','Male','Male, Self-Reported',[male],[orga],[[[4,4],[1,1],0]],no,no,['MTH','NCI'],[25/4],0,0),ev(-804,'C0238703',athlete,'Athletes',[athlete],[prog],[[[5,5],[1,1],0]],yes,no,['AOD','MSH'],[30/7],0,0)]),map(-771,[ev(-637,'C0439508','/year','per year',[year],[tmco],[[[2,2],[1,1],0]],no,no,['CHV','MTH','NCI','SNOMEDCT_US'],[16/4],0,0),ev(-637,'C0580836','Old','Old',[old],[tmco],[[[3,3],[1,1],0]],no,no,['MTH'],[21/3],0,0),ev(-637,'C0024554','Male','Male gender',[male],[orga],[[[4,4],[1,1],0]],no,no,['CHV','DXP','MSH','MTH','NCI','NLMSubSyn','QMR','SNOMEDCT_US'],[25/4],0,0),ev(-804,'C0238703',athlete,'Athletes',[athlete],[prog],[[[5,5],[1,1],0]],yes,no,['AOD','MSH'],[30/7],0,0)]),map(-771,[ev(-637,'C0439508','/year','per year',[year],[tmco],[[[2,2],[1,1],0]],no,no,['CHV','MTH','NCI','SNOMEDCT_US'],[16/4],0,0),ev(-637,'C0580836','Old','Old',[old],[tmco],[[[3,3],[1,1],0]],no,no,['MTH'],[21/3],0,0),ev(-637,'C0086582',male,'Males',[male],[popg],[[[4,4],[1,1],0]],no,no,['CHV','MTH'],[25/4],0,0),ev(-804,'C0238703',athlete,'Athletes',[athlete],[prog],[[[5,5],[1,1],0]],yes,no,['AOD','MSH'],[30/7],0,0)]),map(-771,[ev(-637,'C0439508','/year','per year',[year],[tmco],[[[2,2],[1,1],0]],no,no,['CHV','MTH','NCI','SNOMEDCT_US'],[16/4],0,0),ev(-637,'C0580836','Old','Old',[old],[tmco],[[[3,3],[1,1],0]],no,no,['MTH'],[21/3],0,0),ev(-637,'C1706180','Male','Male Gender, Self Report',[male],[qlco],[[[4,4],[1,1],0]],no,no,['MTH','NCI'],[25/4],0,0),ev(-804,'C0238703',athlete,'Athletes',[athlete],[prog],[[[5,5],[1,1],0]],yes,no,['AOD','MSH'],[30/7],0,0)]),map(-771,[ev(-637,'C0439508','/year','per year',[year],[tmco],[[[2,2],[1,1],0]],no,no,['CHV','MTH','NCI','SNOMEDCT_US'],[16/4],0,0),ev(-637,'C0580836','Old','Old',[old],[tmco],[[[3,3],[1,1],0]],no,no,['MTH'],[21/3],0,0),ev(-637,'C1706428','Male','Male Phenotype',[male],[qlco],[[[4,4],[1,1],0]],no,no,['MTH','NCI'],[25/4],0,0),ev(-804,'C0238703',athlete,'Athletes',[athlete],[prog],[[[5,5],[1,1],0]],yes,no,['AOD','MSH'],[30/7],0,0)]),map(-771,[ev(-637,'C0439508','/year','per year',[year],[tmco],[[[2,2],[1,1],0]],no,no,['CHV','MTH','NCI','SNOMEDCT_US'],[16/4],0,0),ev(-637,'C0580836','Old','Old',[old],[tmco],[[[3,3],[1,1],0]],no,no,['MTH'],[21/3],0,0),ev(-637,'C1706429','Male','Male, Self-Reported',[male],[orga],[[[4,4],[1,1],0]],no,no,['MTH','NCI'],[25/4],0,0),ev(-804,'C0238703',athlete,'Athletes',[athlete],[prog],[[[5,5],[1,1],0]],yes,no,['AOD','MSH'],[30/7],0,0)])]).
phrase('presented to the ER',[verb([lexmatch([presented]),inputmatch([presented]),tag(verb),tokens([presented])]),prep([lexmatch([to]),inputmatch([to]),tag(prep),tokens([to])]),det([lexmatch([the]),inputmatch([the]),tag(det),tokens([the])]),mod([lexmatch([er]),inputmatch(['ER']),tag(noun),tokens([er])])],38/19,[]).
candidates(2,1,0,1,[]).
mappings([map(-770,[ev(-770,'C0449450','Presented','Presentation',[presented],[idcn],[[[1,1],[1,1],0]],yes,no,['CHV','MTH','NCI'],[38/9],0,0)])]).
phrase('with acute abdominal pain.',[prep([lexmatch([with]),inputmatch([with]),tag(prep),tokens([with])]),head([lexmatch(['acute abdominal pain']),inputmatch([acute,abdominal,pain]),tag(noun),tokens([acute,abdominal,pain])]),punc([inputmatch(['.']),tokens([])])],58/26,[]).
candidates(7,0,0,7,[]).
mappings([map(-1000,[ev(-1000,'C0740577','Acute abdominal pain','Acute abdominal pain',[acute,abdominal,pain],[sosy],[[[1,3],[1,3],0]],yes,no,['CHV','MTH'],[63/20],0,0)])]).
'EOU'.
utterance('00000000.tx.3',"Family member says the patient fell off his bike a week earlier and suffered blunt trauma to the left hemi-abdomen, and he has had mild abdominal pain since that day. ",85/167,[]).
phrase('Family member',[head([lexmatch(['family member']),inputmatch(['Family',member]),tag(noun),tokens([family,member])])],85/13,[]).
candidates(7,1,0,6,[]).
mappings([map(-1000,[ev(-1000,'C0086282','Family member','Family member',[family,member],[famg],[[[1,2],[1,2],0]],yes,no,['CHV','MSH','MTH','NLMSubSyn','SNOMEDCT_US'],[85/13],0,0)]),map(-1000,[ev(-1000,'C1611821','Family Member','Family Member - RoleCode',[family,member],[inpr],[[[1,2],[1,2],0]],yes,no,['HL7V3.0','MTH'],[85/13],0,0)])]).
phrase(says,[verb([lexmatch([says]),inputmatch([says]),tag(verb),tokens([says])])],99/4,[]).
candidates(0,0,0,0,[]).
mappings([]).
phrase('the patient',[det([lexmatch([the]),inputmatch([the]),tag(det),tokens([the])]),head([lexmatch([patient]),inputmatch([patient]),tag(noun),tokens([patient])])],104/11,[]).
candidates(1,0,0,1,[]).
mappings([map(-1000,[ev(-1000,'C0030705','*^patient','Patients',[patient],[podg],[[[1,1],[1,1],0]],yes,no,['LNC','MTH','NCI','SNOMEDCT_US'],[108/7],0,0)])]).
phrase('fell off his',[verb([lexmatch([fell]),inputmatch([fell]),tag(verb),tokens([fell])]),prep([lexmatch([off]),inputmatch([off]),tag(prep),tokens([off])]),pron([lexmatch([his]),inputmatch([his]),tag(pron),tokens([his])])],116/12,[]).
candidates(4,0,0,4,[]).
mappings([map(-730,[ev(-756,'C0085639','Fall','Falls',[fall],[fndg],[[[1,1],[1,1],1]],yes,no,['CHV','DXP','ICD9CM','MTH','NLMSubSyn','SNOMEDCT_US'],[116/4],0,0),ev(-790,'C0019602','His','Histidine',[his],[aapp,bacs,phsu],[[[3,3],[1,1],0]],yes,no,['MSH','MTH','NCI'],[125/3],0,0)]),map(-730,[ev(-756,'C0085639','Fall','Falls',[fall],[fndg],[[[1,1],[1,1],1]],yes,no,['CHV','DXP','ICD9CM','MTH','NLMSubSyn','SNOMEDCT_US'],[116/4],0,0),ev(-790,'C1412323','HIS','AKR1B10 gene',[his],[gngm],[[[3,3],[1,1],0]],yes,no,['HGNC','MTH','OMIM'],[125/3],0,0)]),map(-730,[ev(-756,'C0238715','Fall','Autumn',[fall],[tmco],[[[1,1],[1,1],1]],yes,no,['MTH','NCI'],[116/4],0,0),ev(-790,'C0019602','His','Histidine',[his],[aapp,bacs,phsu],[[[3,3],[1,1],0]],yes,no,['MSH','MTH','NCI'],[125/3],0,0)]),map(-730,[ev(-756,'C0238715','Fall','Autumn',[fall],[tmco],[[[1,1],[1,1],1]],yes,no,['MTH','NCI'],[116/4],0,0),ev(-790,'C1412323','HIS','AKR1B10 gene',[his],[gngm],[[[3,3],[1,1],0]],yes,no,['HGNC','MTH','OMIM'],[125/3],0,0)])]).
phrase(bike,[verb([lexmatch([bike]),inputmatch([bike]),tag(verb),tokens([bike])])],129/4,[]).
candidates(3,0,0,3,[]).
mappings([map(-1000,[ev(-1000,'C0005375','Bike','Bicycle',[bike],[mnob],[[[1,1],[1,1],0]],yes,no,['CHV','MTH','SNOMEDCT_US'],[129/4],0,0)]),map(-1000,[ev(-1000,'C0005377','Bike','Bicycling (recreational activity)',[bike],[dora],[[[1,1],[1,1],0]],yes,no,['CHV','MSH','MTH','NCI'],[129/4],0,0)]),map(-1000,[ev(-1000,'C1425261','BIKe','BMP2K gene',[bike],[gngm],[[[1,1],[1,1],0]],yes,no,['HGNC','MTH'],[129/4],0,0)])]).
phrase('a week earlier',[det([lexmatch([a]),inputmatch([a]),tag(det),tokens([a])]),head([lexmatch([week]),inputmatch([week]),tag(noun),tokens([week])]),adv([lexmatch([earlier]),inputmatch([earlier]),tag(adv),tokens([earlier])])],134/14,[]).
candidates(3,0,0,3,[]).
mappings([map(-872,[ev(-861,'C0332174','/week','Weekly',[week],[tmco],[[[1,1],[1,1],0]],yes,no,['MTH','NCI','SNOMEDCT_US'],[136/4],0,0),ev(-661,'C1279919','Early','Early',[early],[tmco],[[[2,2],[1,1],1]],no,no,['CHV','MTH','NLMSubSyn'],[141/7],0,0)]),map(-872,[ev(-861,'C0439230',week,week,[week],[tmco],[[[1,1],[1,1],0]],yes,no,['MTH','SNOMEDCT_US'],[136/4],0,0),ev(-661,'C1279919','Early','Early',[early],[tmco],[[[2,2],[1,1],1]],no,no,['CHV','MTH','NLMSubSyn'],[141/7],0,0)])]).
phrase(and,[conj([lexmatch([and]),inputmatch([and]),tag(conj),tokens([and])])],149/3,[]).
candidates(0,0,0,0,[]).
mappings([]).
phrase('suffered blunt trauma to the left hemi-abdomen,',[mod([lexmatch([suffered]),inputmatch([suffered]),tag(adj),tokens([suffered])]),mod([lexmatch([blunt]),inputmatch([blunt]),tag(adj),tokens([blunt])]),head([lexmatch([trauma]),inputmatch([trauma]),tag(noun),tokens([trauma])]),prep([lexmatch([to]),inputmatch([to]),tag(prep),tokens([to])]),det([lexmatch([the]),inputmatch([the]),tag(det),tokens([the])]),mod([lexmatch([left]),inputmatch([left]),tag(adj),tokens([left])]),mod([lexmatch(['hemi-abdomen']),inputmatch([hemi,-,abdomen]),tag(noun),tokens([hemi,abdomen])]),punc([inputmatch([',']),tokens([])])],153/47,[]).
candidates(16,0,0,16,[]).
mappings([map(-796,[ev(-578,'C0683278',suffered,'Mental Suffering',[suffered],[mobd],[[[1,1],[1,1],0]],no,no,['CHV','MSH','MTH'],[153/8],0,0),ev(-822,'C0848377','trauma to the abdomen','trauma to the abdomen',[trauma,to,the,abdomen],[inpo],[[[3,3],[1,1],0],[[4,4],[2,2],0],[[5,5],[3,3],0],[[8,8],[4,4],0]],yes,no,['CHV','MSH','MTH','NLMSubSyn','SNOMEDCT_US','SNOMEDCT_VET'],[168/13,192/7],0,0),ev(-578,'C0205091','Left','Left',[left],[spco],[[[6,6],[1,1],0]],no,no,['CHV','MTH','SNOMEDCT_US'],[182/4],0,0),ev(-578,'C1285521','Hemi','Hemi',[hemi],[inpr],[[[7,7],[1,1],0]],no,no,['SNOMEDCT_US'],[187/4],0,0)]),map(-796,[ev(-578,'C0683278',suffered,'Mental Suffering',[suffered],[mobd],[[[1,1],[1,1],0]],no,no,['CHV','MSH','MTH'],[153/8],0,0),ev(-822,'C0848377','trauma to the abdomen','trauma to the abdomen',[trauma,to,the,abdomen],[inpo],[[[3,3],[1,1],0],[[4,4],[2,2],0],[[5,5],[3,3],0],[[8,8],[4,4],0]],yes,no,['CHV','MSH','MTH','NLMSubSyn','SNOMEDCT_US','SNOMEDCT_VET'],[168/13,192/7],0,0),ev(-578,'C1552822',left,'Table Cell Horizontal Align - left',[left],[ftcn],[[[6,6],[1,1],0]],no,no,['HL7V3.0','MTH'],[182/4],0,0),ev(-578,'C1285521','Hemi','Hemi',[hemi],[inpr],[[[7,7],[1,1],0]],no,no,['SNOMEDCT_US'],[187/4],0,0)])]).
phrase(and,[conj([lexmatch([and]),inputmatch([and]),tag(conj),tokens([and])])],201/3,[]).
candidates(0,0,0,0,[]).
mappings([]).
phrase(he,[pron([lexmatch([he]),inputmatch([he]),tag(pron),tokens([he])])],205/2,[]).
candidates(0,0,0,0,[]).
mappings([]).
phrase(has,[aux([lexmatch([has]),inputmatch([has]),tag(aux),tokens([has])])],208/3,[]).
candidates(0,0,0,0,[]).
mappings([]).
phrase(had,[aux([lexmatch([had]),inputmatch([had]),tag(aux),tokens([had])])],212/3,[]).
candidates(0,0,0,0,[]).
mappings([]).
phrase('mild abdominal pain',[mod([lexmatch([mild]),inputmatch([mild]),tag(adj),tokens([mild])]),head([lexmatch(['abdominal pain']),inputmatch([abdominal,pain]),tag(noun),tokens([abdominal,pain])])],216/19,[]).
candidates(6,0,0,6,[]).
mappings([map(-901,[ev(-913,'C0278138','Mild pain','Mild pain',[mild,pain],[sosy],[[[1,1],[1,1],0],[[3,3],[2,2],0]],yes,no,['SNOMEDCT_US'],[216/4,231/4],0,0),ev(-827,'C0000726','Abdominal','Abdomen',[abdominal],[blor],[[[2,2],[1,1],0]],yes,no,['CHV','FMA','MSH','MTH','SNOMEDCT_US'],[221/9],0,0)]),map(-901,[ev(-660,'C2945599','Mild','Mild (qualifier value)',[mild],[qlco],[[[1,1],[1,1],0]],no,no,['NCI','SNMI','SNOMEDCT_US'],[216/4],0,0),ev(-901,'C0000737','Abdominal Pain','Abdominal Pain',[abdominal,pain],[sosy],[[[2,3],[1,2],0]],yes,no,['CHV','ICD10CM','ICD9CM','MEDLINEPLUS','MSH','MTH','NLMSubSyn','OMIM','SNOMEDCT_US'],[221/14],0,0)])]).
phrase(since,[conj([lexmatch([since]),inputmatch([since]),tag(conj),tokens([since])])],236/5,[]).
candidates(0,0,0,0,[]).
mappings([]).
phrase('that day.',[compl([lexmatch([that]),inputmatch([that]),tag(compl),tokens([that])]),head([lexmatch([day]),inputmatch([day]),tag(noun),tokens([day])]),punc([inputmatch(['.']),tokens([])])],242/9,[]).
candidates(3,0,0,3,[]).
mappings([map(-1000,[ev(-1000,'C0332173','/day','Daily',[day],[tmco],[[[1,1],[1,1],0]],yes,no,['CHV','MTH','NCI','SNOMEDCT_US'],[247/3],0,0)]),map(-1000,[ev(-1000,'C0439228',day,day,[day],[tmco],[[[1,1],[1,1],0]],yes,no,['MTH','SNOMEDCT_US'],[247/3],0,0)]),map(-1000,[ev(-1000,'C0439505','/day','per day',[day],[tmco],[[[1,1],[1,1],0]],yes,no,['MTH','NCI','SNOMEDCT_US'],[247/3],0,0)])]).
'EOU'.
utterance('00000000.tx.4',"The patient's history is negative for smoking, drugs, and alcohol. ",252/67,[]).
phrase('The patient\'s history',[det([lexmatch([the]),inputmatch(['The']),tag(det),tokens([the])]),mod([lexmatch([patient]),inputmatch(['patient\'s']),tag(noun),tokens([patient])]),head([lexmatch([history]),inputmatch([history]),tag(noun),tokens([history])])],252/21,[]).
candidates(11,2,0,9,[]).
mappings([map(-1000,[ev(-1000,'C0679831','Patient History','Patient History',[patient,history],[hlca],[[[1,1],[1,1],0],[[2,2],[2,2],0]],yes,no,['AOD','CHV','MTH','NLMSubSyn'],[256/17],0,0)]),map(-1000,[ev(-1000,'C1369882','Patient history','Patient history:-:Point in time:^Patient:-',[patient,history],[clna],[[[1,1],[1,1],0],[[2,2],[2,2],0]],yes,no,['LNC','NLMSubSyn'],[256/17],0,0)])]).
phrase(is,[aux([lexmatch([is]),inputmatch([is]),tag(aux),tokens([is])])],274/2,[]).
candidates(0,0,0,0,[]).
mappings([]).
phrase('negative for smoking,',[head([lexmatch([negative]),inputmatch([negative]),tag(adj),tokens([negative])]),prep([lexmatch([for]),inputmatch([for]),tag(prep),tokens([for])]),mod([lexmatch([smoking]),inputmatch([smoking]),tag(noun),tokens([smoking])]),punc([inputmatch([',']),tokens([])])],277/21,[]).
candidates(7,0,0,7,[]).
mappings([map(-746,[ev(-790,'C0205160','Negative','Negative',[negative],[qlco],[[[1,1],[1,1],0]],yes,no,['CHV','MTH','NCI','SNOMEDCT_US'],[277/8],0,0),ev(-623,'C0037369','Smoking','Smoking',[smoking],[inbe],[[[3,3],[1,1],0]],no,no,['CHV','MSH','MTH','NLMSubSyn'],[290/7],0,0)]),map(-746,[ev(-790,'C0205160','Negative','Negative',[negative],[qlco],[[[1,1],[1,1],0]],yes,no,['CHV','MTH','NCI','SNOMEDCT_US'],[277/8],0,0),ev(-623,'C0453996','Smoking','Tobacco smoking behavior',[smoking],[inbe],[[[3,3],[1,1],0]],no,no,['CSP','MSH','MTH','NLMSubSyn','SNOMEDCT_US'],[290/7],0,0)]),map(-746,[ev(-790,'C0205160','Negative','Negative',[negative],[qlco],[[[1,1],[1,1],0]],yes,no,['CHV','MTH','NCI','SNOMEDCT_US'],[277/8],0,0),ev(-623,'C1881674','SMOKING','Medical Device Emits Smoke',[smoking],[phpr],[[[3,3],[1,1],0]],no,no,['NCI'],[290/7],0,0)]),map(-746,[ev(-790,'C1513916','Negative','Negative Finding',[negative],[fndg],[[[1,1],[1,1],0]],yes,no,['MTH','NCI','NLMSubSyn'],[277/8],0,1),ev(-623,'C0037369','Smoking','Smoking',[smoking],[inbe],[[[3,3],[1,1],0]],no,no,['CHV','MSH','MTH','NLMSubSyn'],[290/7],0,0)]),map(-746,[ev(-790,'C1513916','Negative','Negative Finding',[negative],[fndg],[[[1,1],[1,1],0]],yes,no,['MTH','NCI','NLMSubSyn'],[277/8],0,1),ev(-623,'C0453996','Smoking','Tobacco smoking behavior',[smoking],[inbe],[[[3,3],[1,1],0]],no,no,['CSP','MSH','MTH','NLMSubSyn','SNOMEDCT_US'],[290/7],0,0)]),map(-746,[ev(-790,'C1513916','Negative','Negative Finding',[negative],[fndg],[[[1,1],[1,1],0]],yes,no,['MTH','NCI','NLMSubSyn'],[277/8],0,1),ev(-623,'C1881674','SMOKING','Medical Device Emits Smoke',[smoking],[phpr],[[[3,3],[1,1],0]],no,no,['NCI'],[290/7],0,0)]),map(-746,[ev(-790,'C2825415','Negative','Negative Number',[negative],[cnce],[[[1,1],[1,1],0]],yes,no,['MTH','NCI','NLMSubSyn'],[277/8],0,0),ev(-623,'C0037369','Smoking','Smoking',[smoking],[inbe],[[[3,3],[1,1],0]],no,no,['CHV','MSH','MTH','NLMSubSyn'],[290/7],0,0)]),map(-746,[ev(-790,'C2825415','Negative','Negative Number',[negative],[cnce],[[[1,1],[1,1],0]],yes,no,['MTH','NCI','NLMSubSyn'],[277/8],0,0),ev(-623,'C0453996','Smoking','Tobacco smoking behavior',[smoking],[inbe],[[[3,3],[1,1],0]],no,no,['CSP','MSH','MTH','NLMSubSyn','SNOMEDCT_US'],[290/7],0,0)]),map(-746,[ev(-790,'C2825415','Negative','Negative Number',[negative],[cnce],[[[1,1],[1,1],0]],yes,no,['MTH','NCI','NLMSubSyn'],[277/8],0,0),ev(-623,'C1881674','SMOKING','Medical Device Emits Smoke',[smoking],[phpr],[[[3,3],[1,1],0]],no,no,['NCI'],[290/7],0,0)]),map(-746,[ev(-790,'C2825491','Negative','Negative Charge',[negative],[qlco],[[[1,1],[1,1],0]],yes,no,['MTH','NCI'],[277/8],0,0),ev(-623,'C0037369','Smoking','Smoking',[smoking],[inbe],[[[3,3],[1,1],0]],no,no,['CHV','MSH','MTH','NLMSubSyn'],[290/7],0,0)]),map(-746,[ev(-790,'C2825491','Negative','Negative Charge',[negative],[qlco],[[[1,1],[1,1],0]],yes,no,['MTH','NCI'],[277/8],0,0),ev(-623,'C0453996','Smoking','Tobacco smoking behavior',[smoking],[inbe],[[[3,3],[1,1],0]],no,no,['CSP','MSH','MTH','NLMSubSyn','SNOMEDCT_US'],[290/7],0,0)]),map(-746,[ev(-790,'C2825491','Negative','Negative Charge',[negative],[qlco],[[[1,1],[1,1],0]],yes,no,['MTH','NCI'],[277/8],0,0),ev(-623,'C1881674','SMOKING','Medical Device Emits Smoke',[smoking],[phpr],[[[3,3],[1,1],0]],no,no,['NCI'],[290/7],0,0)])]).
phrase('drugs,',[head([lexmatch([drugs]),inputmatch([drugs]),tag(noun),tokens([drugs])]),punc([inputmatch([',']),tokens([])])],299/6,[]).
candidates(6,4,0,2,[]).
mappings([map(-1000,[ev(-1000,'C0013227','Drugs','Pharmaceutical Preparations',[drugs],[phsu],[[[1,1],[1,1],0]],yes,no,['CHV','CSP','LNC','MEDLINEPLUS','MSH','MTH','NCI','NLMSubSyn','SNMI','SNOMEDCT_US'],[299/5],0,0)]),map(-1000,[ev(-1000,'C3687832','Drugs','Drugs',[drugs],[hlca],[[[1,1],[1,1],0]],yes,no,['MTHHH'],[299/5],0,0)])]).
phrase(and,[conj([lexmatch([and]),inputmatch([and]),tag(conj),tokens([and])])],306/3,[]).
candidates(0,0,0,0,[]).
mappings([]).
phrase('alcohol.',[head([lexmatch([alcohol]),inputmatch([alcohol]),tag(noun),tokens([alcohol])]),punc([inputmatch(['.']),tokens([])])],310/8,[]).
candidates(3,1,0,2,[]).
mappings([map(-1000,[ev(-1000,'C0001962','ALCOHOL','Ethanol',[alcohol],[orch],[[[1,1],[1,1],0]],yes,no,['AOD','CHV','MSH','MTH','MTHSPL','NLMSubSyn','PDQ','SNMI','SNOMEDCT_US'],[310/7],0,0)]),map(-1000,[ev(-1000,'C0001975','Alcohol','Alcohols',[alcohol],[orch,phsu],[[[1,1],[1,1],0]],yes,no,['AOD','CHV','MTH','SNOMEDCT_US'],[310/7],0,0)])]).
'EOU'.
utterance('00000000.tx.5',"BP: 60/30 mmHg, HR: 140/min. ",319/29,[]).
phrase('BP',[head([lexmatch([bp]),inputmatch(['BP']),tag(noun),tokens([bp])])],319/2,[]).
candidates(0,0,0,0,[]).
mappings([]).
phrase(:,[punc([inputmatch([:]),tokens([])])],321/1,[]).
candidates(0,0,0,0,[]).
mappings([]).
phrase('60/30 mmHg,',[shapes([inputmatch(['60',/,'30']),features([fraction]),tokens(['60','30'])]),head([lexmatch([mmhg]),inputmatch([mmHg]),tag(noun),tokens([mmhg])]),punc([inputmatch([',']),tokens([])])],323/11,[]).
candidates(1,0,0,1,[]).
mappings([map(-827,[ev(-827,'C0439475',mmHg,mmHg,[mmhg],[qnco],[[[3,3],[1,1],0]],yes,no,['SNOMEDCT_US'],[329/4],0,0)])]).
phrase('HR',[head([lexmatch([hr]),inputmatch(['HR']),tag(noun),tokens([hr])])],335/2,[]).
candidates(0,0,0,0,[]).
mappings([]).
phrase(:,[punc([inputmatch([:]),tokens([])])],337/1,[]).
candidates(0,0,0,0,[]).
mappings([]).
phrase('140/min.',[shapes([inputmatch(['140']),features([integer]),tokens(['140'])]),punc([inputmatch([/]),tokens([])]),head([lexmatch([min]),inputmatch([min]),tag(noun),tokens([min])]),punc([inputmatch(['.']),tokens([])])],339/8,[]).
candidates(1,0,0,1,[]).
mappings([map(-861,[ev(-861,'C0702093','/min','/minute',[min],[tmco],[[[2,2],[1,1],0]],yes,no,['NCI','NLMSubSyn','SNOMEDCT_US'],[343/3],0,0)])]).
'EOU'.
utterance('00000000.tx.6',"The patient is pale, the physical examination of the abdomen revealed muscle contraction and resistance. ",348/105,[]).
phrase('The patient',[det([lexmatch([the]),inputmatch(['The']),tag(det),tokens([the])]),head([lexmatch([patient]),inputmatch([patient]),tag(noun),tokens([patient])])],348/11,[]).
candidates(1,0,0,1,[]).
mappings([map(-1000,[ev(-1000,'C0030705','*^patient','Patients',[patient],[podg],[[[1,1],[1,1],0]],yes,no,['LNC','MTH','NCI','SNOMEDCT_US'],[352/7],0,0)])]).
phrase(is,[aux([lexmatch([is]),inputmatch([is]),tag(aux),tokens([is])])],360/2,[]).
candidates(0,0,0,0,[]).
mappings([]).
phrase('pale,',[head([lexmatch([pale]),inputmatch([pale]),tag(adj),tokens([pale])]),punc([inputmatch([',']),tokens([])])],363/5,[]).
candidates(3,0,0,3,[]).
mappings([map(-1000,[ev(-1000,'C0030232','Pale','Pallor',[pale],[sosy],[[[1,1],[1,1],0]],yes,no,['CHV','MSH','MTH','NCI','SNMI','SNOMEDCT_US','SNOMEDCT_VET'],[363/4],0,0)]),map(-1000,[ev(-1000,'C0554991',pale,'Pale color',[pale],[qlco],[[[1,1],[1,1],0]],yes,no,['CHV','MTH','SNOMEDCT_US'],[363/4],0,0)]),map(-1000,[ev(-1000,'C1971630','Pale','Pale color saturation',[pale],[qlco],[[[1,1],[1,1],0]],yes,no,['MTH','SNOMEDCT_US'],[363/4],0,0)])]).
phrase('the physical examination of the abdomen',[det([lexmatch([the]),inputmatch([the]),tag(det),tokens([the])]),head([lexmatch(['physical examination']),inputmatch([physical,examination]),tag(noun),tokens([physical,examination])]),prep([lexmatch([of]),inputmatch([of]),tag(prep),tokens([of])]),det([lexmatch([the]),inputmatch([the]),tag(det),tokens([the])]),mod([lexmatch([abdomen]),inputmatch([abdomen]),tag(noun),tokens([abdomen])])],369/39,[]).
candidates(9,0,0,9,[]).
mappings([map(-780,[ev(-753,'C0031809','Physical','Physical Examination',[physical],[hlca],[[[2,2],[1,1],0]],yes,no,['AIR','CHV','ICD9CM','MSH','MTH','NCI','NLMSubSyn','SNMI','SNOMEDCT_US'],[373/8],0,0),ev(-820,'C0562238','Examination of abdomen','Examination of abdomen',[examination,of,abdomen],[diap],[[[3,3],[1,1],0],[[4,4],[2,2],0],[[6,6],[3,3],0]],yes,no,['CHV','SNOMEDCT_US'],[382/14,401/7],0,0)]),map(-780,[ev(-753,'C0205485','Physical','Physical',[physical],[ftcn],[[[2,2],[1,1],0]],yes,no,['MTH'],[373/8],0,0),ev(-820,'C0562238','Examination of abdomen','Examination of abdomen',[examination,of,abdomen],[diap],[[[3,3],[1,1],0],[[4,4],[2,2],0],[[6,6],[3,3],0]],yes,no,['CHV','SNOMEDCT_US'],[382/14,401/7],0,0)]),map(-780,[ev(-753,'C1509143','Physical','Physical assessment findings',[physical],[fndg],[[[2,2],[1,1],0]],yes,no,['LNC','MTH','NLMSubSyn'],[373/8],0,0),ev(-820,'C0562238','Examination of abdomen','Examination of abdomen',[examination,of,abdomen],[diap],[[[3,3],[1,1],0],[[4,4],[2,2],0],[[6,6],[3,3],0]],yes,no,['CHV','SNOMEDCT_US'],[382/14,401/7],0,0)])]).
phrase(revealed,[verb([lexmatch([revealed]),inputmatch([revealed]),tag(verb),tokens([revealed])])],409/8,[]).
candidates(1,0,0,1,[]).
mappings([map(-1000,[ev(-1000,'C0443289','Revealed','Revealed',[revealed],[qlco],[[[1,1],[1,1],0]],yes,no,['CHV','SNOMEDCT_US'],[409/8],0,0)])]).
phrase('muscle contraction',[head([lexmatch(['muscle contraction']),inputmatch([muscle,contraction]),tag(noun),tokens([muscle,contraction])])],418/18,[]).
candidates(4,1,0,3,[]).
mappings([map(-1000,[ev(-1000,'C0026820','Muscle Contraction','Muscle Contraction',[muscle,contraction],[phsf],[[[1,2],[1,2],0]],yes,no,['CHV','GO','MSH','MTH','NCI','NLMSubSyn','SNOMEDCT_US'],[418/18],0,0)])]).
phrase(and,[conj([lexmatch([and]),inputmatch([and]),tag(conj),tokens([and])])],437/3,[]).
candidates(0,0,0,0,[]).
mappings([]).
phrase('resistance.',[head([lexmatch([resistance]),inputmatch([resistance]),tag(noun),tokens([resistance])]),punc([inputmatch(['.']),tokens([])])],441/11,[]).
candidates(5,3,0,2,[]).
mappings([map(-1000,[ev(-1000,'C0237834','Resistance','Resistance (Psychotherapeutic)',[resistance],[menp],[[[1,1],[1,1],0]],yes,no,['CHV','MTH'],[441/10],0,0)]),map(-1000,[ev(-1000,'C1514892','Resistance','Resistance Process',[resistance],[phsf],[[[1,1],[1,1],0]],yes,no,['MTH','NCI'],[441/10],0,0)])]).
'EOU'.
utterance('00000000.tx.7',"Emergency ultrasound and CT scan of the abdomen reveal extended intraperitoneal hemorrhage due to spleen rupture.  ",453/115,[566]).
phrase('Emergency ultrasound',[mod([lexmatch([emergency]),inputmatch(['Emergency']),tag(noun),tokens([emergency])]),head([lexmatch([ultrasound]),inputmatch([ultrasound]),tag(noun),tokens([ultrasound])])],453/20,[]).
candidates(8,0,0,8,[]).
mappings([map(-888,[ev(-694,'C0013956','Emergency','Emergency Situation',[emergency],[phpr],[[[1,1],[1,1],0]],no,no,['CHV','MTH','NCI'],[453/9],0,0),ev(-861,'C0041618','Ultrasound','Ultrasonography',[ultrasound],[diap],[[[2,2],[1,1],0]],yes,no,['AOD','CHV','CSP','LNC','MSH','MTH','NCI','NLMSubSyn','SNM','SNMI','SNOMEDCT_US'],[463/10],0,0)]),map(-888,[ev(-694,'C0013956','Emergency','Emergency Situation',[emergency],[phpr],[[[1,1],[1,1],0]],no,no,['CHV','MTH','NCI'],[453/9],0,0),ev(-861,'C0041621',ultrasound,'Ultrasonic Shockwave',[ultrasound],[npop],[[[2,2],[1,1],0]],yes,no,['CHV','MSH','MTH'],[463/10],0,0)]),map(-888,[ev(-694,'C0013956','Emergency','Emergency Situation',[emergency],[phpr],[[[1,1],[1,1],0]],no,no,['CHV','MTH','NCI'],[453/9],0,0),ev(-861,'C0220934',ultrasound,'Ultrasonic',[ultrasound],[ftcn],[[[2,2],[1,1],0]],yes,no,['MSH','MTH'],[463/10],0,0)]),map(-888,[ev(-694,'C0013956','Emergency','Emergency Situation',[emergency],[phpr],[[[1,1],[1,1],0]],no,no,['CHV','MTH','NCI'],[453/9],0,0),ev(-861,'C1456803','Ultrasound','Ultrasonics (sound)',[ultrasound],[npop],[[[2,2],[1,1],0]],yes,no,['MSH','MTH','NCI'],[463/10],0,0)]),map(-888,[ev(-694,'C0013956','Emergency','Emergency Situation',[emergency],[phpr],[[[1,1],[1,1],0]],no,no,['CHV','MTH','NCI'],[453/9],0,0),ev(-861,'C1875843','ULTRASOUND','ultrasound device',[ultrasound],[medd],[[[2,2],[1,1],0]],yes,no,['MTH','NLMSubSyn','VANDF'],[463/10],0,0)]),map(-888,[ev(-694,'C0175673','Emergency','Bale out',[emergency],[tmco],[[[1,1],[1,1],0]],no,no,['MTH','SNOMEDCT_US'],[453/9],0,0),ev(-861,'C0041618','Ultrasound','Ultrasonography',[ultrasound],[diap],[[[2,2],[1,1],0]],yes,no,['AOD','CHV','CSP','LNC','MSH','MTH','NCI','NLMSubSyn','SNM','SNMI','SNOMEDCT_US'],[463/10],0,0)]),map(-888,[ev(-694,'C0175673','Emergency','Bale out',[emergency],[tmco],[[[1,1],[1,1],0]],no,no,['MTH','SNOMEDCT_US'],[453/9],0,0),ev(-861,'C0041621',ultrasound,'Ultrasonic Shockwave',[ultrasound],[npop],[[[2,2],[1,1],0]],yes,no,['CHV','MSH','MTH'],[463/10],0,0)]),map(-888,[ev(-694,'C0175673','Emergency','Bale out',[emergency],[tmco],[[[1,1],[1,1],0]],no,no,['MTH','SNOMEDCT_US'],[453/9],0,0),ev(-861,'C0220934',ultrasound,'Ultrasonic',[ultrasound],[ftcn],[[[2,2],[1,1],0]],yes,no,['MSH','MTH'],[463/10],0,0)]),map(-888,[ev(-694,'C0175673','Emergency','Bale out',[emergency],[tmco],[[[1,1],[1,1],0]],no,no,['MTH','SNOMEDCT_US'],[453/9],0,0),ev(-861,'C1456803','Ultrasound','Ultrasonics (sound)',[ultrasound],[npop],[[[2,2],[1,1],0]],yes,no,['MSH','MTH','NCI'],[463/10],0,0)]),map(-888,[ev(-694,'C0175673','Emergency','Bale out',[emergency],[tmco],[[[1,1],[1,1],0]],no,no,['MTH','SNOMEDCT_US'],[453/9],0,0),ev(-861,'C1875843','ULTRASOUND','ultrasound device',[ultrasound],[medd],[[[2,2],[1,1],0]],yes,no,['MTH','NLMSubSyn','VANDF'],[463/10],0,0)]),map(-888,[ev(-694,'C2745965','Emergency','Emergencies [Disease/Finding]',[emergency],[patf],[[[1,1],[1,1],0]],no,no,['MSH','NDFRT'],[453/9],0,0),ev(-861,'C0041618','Ultrasound','Ultrasonography',[ultrasound],[diap],[[[2,2],[1,1],0]],yes,no,['AOD','CHV','CSP','LNC','MSH','MTH','NCI','NLMSubSyn','SNM','SNMI','SNOMEDCT_US'],[463/10],0,0)]),map(-888,[ev(-694,'C2745965','Emergency','Emergencies [Disease/Finding]',[emergency],[patf],[[[1,1],[1,1],0]],no,no,['MSH','NDFRT'],[453/9],0,0),ev(-861,'C0041621',ultrasound,'Ultrasonic Shockwave',[ultrasound],[npop],[[[2,2],[1,1],0]],yes,no,['CHV','MSH','MTH'],[463/10],0,0)]),map(-888,[ev(-694,'C2745965','Emergency','Emergencies [Disease/Finding]',[emergency],[patf],[[[1,1],[1,1],0]],no,no,['MSH','NDFRT'],[453/9],0,0),ev(-861,'C0220934',ultrasound,'Ultrasonic',[ultrasound],[ftcn],[[[2,2],[1,1],0]],yes,no,['MSH','MTH'],[463/10],0,0)]),map(-888,[ev(-694,'C2745965','Emergency','Emergencies [Disease/Finding]',[emergency],[patf],[[[1,1],[1,1],0]],no,no,['MSH','NDFRT'],[453/9],0,0),ev(-861,'C1456803','Ultrasound','Ultrasonics (sound)',[ultrasound],[npop],[[[2,2],[1,1],0]],yes,no,['MSH','MTH','NCI'],[463/10],0,0)]),map(-888,[ev(-694,'C2745965','Emergency','Emergencies [Disease/Finding]',[emergency],[patf],[[[1,1],[1,1],0]],no,no,['MSH','NDFRT'],[453/9],0,0),ev(-861,'C1875843','ULTRASOUND','ultrasound device',[ultrasound],[medd],[[[2,2],[1,1],0]],yes,no,['MTH','NLMSubSyn','VANDF'],[463/10],0,0)])]).
phrase(and,[conj([lexmatch([and]),inputmatch([and]),tag(conj),tokens([and])])],474/3,[]).
candidates(0,0,0,0,[]).
mappings([]).
phrase('CT scan of the abdomen',[head([lexmatch(['ct scan']),inputmatch(['CT',scan]),tag(noun),tokens([ct,scan])]),prep([lexmatch([of]),inputmatch([of]),tag(prep),tokens([of])]),det([lexmatch([the]),inputmatch([the]),tag(det),tokens([the])]),mod([lexmatch([abdomen]),inputmatch([abdomen]),tag(noun),tokens([abdomen])])],478/22,[]).
candidates(13,0,0,13,[]).
mappings([map(-844,[ev(-844,'C0412620','CT scan abdomen','CT of abdomen',[ct,scan,abdomen],[diap],[[[1,2],[1,2],0],[[5,5],[3,3],0]],yes,no,['CCS','CHV','MTH','MTHICD9','NLMSubSyn','SNM','SNMI','SNOMEDCT_US'],[478/7,493/7],0,0)])]).
phrase(reveal,[verb([lexmatch([reveal]),inputmatch([reveal]),tag(verb),tokens([reveal])])],501/6,[]).
candidates(1,0,0,1,[]).
mappings([map(-1000,[ev(-1000,'C0443289',reveal,'Revealed',[reveal],[qlco],[[[1,1],[1,1],0]],yes,no,['CHV','SNOMEDCT_US'],[501/6],0,0)])]).
phrase('extended intraperitoneal hemorrhage due to spleen rupture.',[mod([lexmatch([extended]),inputmatch([extended]),tag(adj),tokens([extended])]),head([lexmatch(['intraperitoneal hemorrhage']),inputmatch([intraperitoneal,hemorrhage]),tag(noun),tokens([intraperitoneal,hemorrhage])]),prep([lexmatch(['due to']),inputmatch([due,to]),tag(prep),tokens([due,to])]),mod([lexmatch([spleen]),inputmatch([spleen]),tag(noun),tokens([spleen])]),mod([lexmatch([rupture]),inputmatch([rupture]),tag(noun),tokens([rupture])]),punc([inputmatch(['.']),tokens([])])],508/58,[]).
candidates(16,0,0,16,[]).
mappings([map(-836,[ev(-581,'C0231448','Extended','Extension',[extended],[ftcn],[[[1,1],[1,1],0]],no,no,['CHV','MTH','NCI'],[508/8],0,0),ev(-778,'C0019065','Intraperitoneal hemorrhage','Hemoperitoneum',[intraperitoneal,hemorrhage],[patf],[[[2,3],[1,2],0]],yes,no,['CHV','DXP','MSH','MTH','NCI','NLMSubSyn','SNOMEDCT_US','SNOMEDCT_VET'],[517/26],0,0),ev(-612,'C0678226','Due to','Due to',[due,to],[ftcn],[[[4,5],[1,2],0]],no,no,['CHV','MTH'],[544/6],0,0),ev(-612,'C0038000','spleen rupture','Splenic Rupture',[spleen,rupture],[inpo],[[[6,6],[1,1],0],[[7,7],[2,2],0]],no,no,['CHV','DXP','ICPC','MSH','NLMSubSyn','SNOMEDCT_US'],[551/14],0,0)]),map(-836,[ev(-581,'C0231449','Extended','Extended',[extended],[spco],[[[1,1],[1,1],0]],no,no,['MTH'],[508/8],0,0),ev(-778,'C0019065','Intraperitoneal hemorrhage','Hemoperitoneum',[intraperitoneal,hemorrhage],[patf],[[[2,3],[1,2],0]],yes,no,['CHV','DXP','MSH','MTH','NCI','NLMSubSyn','SNOMEDCT_US','SNOMEDCT_VET'],[517/26],0,0),ev(-612,'C0678226','Due to','Due to',[due,to],[ftcn],[[[4,5],[1,2],0]],no,no,['CHV','MTH'],[544/6],0,0),ev(-612,'C0038000','spleen rupture','Splenic Rupture',[spleen,rupture],[inpo],[[[6,6],[1,1],0],[[7,7],[2,2],0]],no,no,['CHV','DXP','ICPC','MSH','NLMSubSyn','SNOMEDCT_US'],[551/14],0,0)]),map(-836,[ev(-581,'C0439792',extended,'Extent',[extended],[spco],[[[1,1],[1,1],0]],no,no,['CHV','MTH','SNOMEDCT_US'],[508/8],0,0),ev(-778,'C0019065','Intraperitoneal hemorrhage','Hemoperitoneum',[intraperitoneal,hemorrhage],[patf],[[[2,3],[1,2],0]],yes,no,['CHV','DXP','MSH','MTH','NCI','NLMSubSyn','SNOMEDCT_US','SNOMEDCT_VET'],[517/26],0,0),ev(-612,'C0678226','Due to','Due to',[due,to],[ftcn],[[[4,5],[1,2],0]],no,no,['CHV','MTH'],[544/6],0,0),ev(-612,'C0038000','spleen rupture','Splenic Rupture',[spleen,rupture],[inpo],[[[6,6],[1,1],0],[[7,7],[2,2],0]],no,no,['CHV','DXP','ICPC','MSH','NLMSubSyn','SNOMEDCT_US'],[551/14],0,0)])]).
'EOU'.
utterance('00000000.tx.8',"33-year-old male presents with severe abdominal pain one week after a bike accident in which he sustained abdominal trauma. ",568/124,[]).
phrase('33-year-old male',[shapes([inputmatch(['33']),features([integer]),tokens(['33'])]),punc([inputmatch([-]),tokens([])]),mod([lexmatch([year]),inputmatch([year]),tag(noun),tokens([year])]),punc([inputmatch([-]),tokens([])]),mod([lexmatch([old]),inputmatch([old]),tag(noun),tokens([old])]),head([lexmatch([male]),inputmatch([male]),tag(noun),tokens([male])])],568/16,[]).
candidates(8,0,0,8,[]).
mappings([map(-775,[ev(-645,'C0439234',year,year,[year],[tmco],[[[2,2],[1,1],0]],no,no,['MTH','NCI','SNOMEDCT_US'],[571/4],0,0),ev(-645,'C0580836','Old','Old',[old],[tmco],[[[3,3],[1,1],0]],no,no,['MTH'],[576/3],0,0),ev(-812,'C0024554','Male','Male gender',[male],[orga],[[[4,4],[1,1],0]],yes,no,['CHV','DXP','MSH','MTH','NCI','NLMSubSyn','QMR','SNOMEDCT_US'],[580/4],0,0)]),map(-775,[ev(-645,'C0439234',year,year,[year],[tmco],[[[2,2],[1,1],0]],no,no,['MTH','NCI','SNOMEDCT_US'],[571/4],0,0),ev(-645,'C0580836','Old','Old',[old],[tmco],[[[3,3],[1,1],0]],no,no,['MTH'],[576/3],0,0),ev(-812,'C0086582',male,'Males',[male],[popg],[[[4,4],[1,1],0]],yes,no,['CHV','MTH'],[580/4],0,0)]),map(-775,[ev(-645,'C0439234',year,year,[year],[tmco],[[[2,2],[1,1],0]],no,no,['MTH','NCI','SNOMEDCT_US'],[571/4],0,0),ev(-645,'C0580836','Old','Old',[old],[tmco],[[[3,3],[1,1],0]],no,no,['MTH'],[576/3],0,0),ev(-812,'C1706180','Male','Male Gender, Self Report',[male],[qlco],[[[4,4],[1,1],0]],yes,no,['MTH','NCI'],[580/4],0,0)]),map(-775,[ev(-645,'C0439234',year,year,[year],[tmco],[[[2,2],[1,1],0]],no,no,['MTH','NCI','SNOMEDCT_US'],[571/4],0,0),ev(-645,'C0580836','Old','Old',[old],[tmco],[[[3,3],[1,1],0]],no,no,['MTH'],[576/3],0,0),ev(-812,'C1706428','Male','Male Phenotype',[male],[qlco],[[[4,4],[1,1],0]],yes,no,['MTH','NCI'],[580/4],0,0)]),map(-775,[ev(-645,'C0439234',year,year,[year],[tmco],[[[2,2],[1,1],0]],no,no,['MTH','NCI','SNOMEDCT_US'],[571/4],0,0),ev(-645,'C0580836','Old','Old',[old],[tmco],[[[3,3],[1,1],0]],no,no,['MTH'],[576/3],0,0),ev(-812,'C1706429','Male','Male, Self-Reported',[male],[orga],[[[4,4],[1,1],0]],yes,no,['MTH','NCI'],[580/4],0,0)]),map(-775,[ev(-645,'C0439508','/year','per year',[year],[tmco],[[[2,2],[1,1],0]],no,no,['CHV','MTH','NCI','SNOMEDCT_US'],[571/4],0,0),ev(-645,'C0580836','Old','Old',[old],[tmco],[[[3,3],[1,1],0]],no,no,['MTH'],[576/3],0,0),ev(-812,'C0024554','Male','Male gender',[male],[orga],[[[4,4],[1,1],0]],yes,no,['CHV','DXP','MSH','MTH','NCI','NLMSubSyn','QMR','SNOMEDCT_US'],[580/4],0,0)]),map(-775,[ev(-645,'C0439508','/year','per year',[year],[tmco],[[[2,2],[1,1],0]],no,no,['CHV','MTH','NCI','SNOMEDCT_US'],[571/4],0,0),ev(-645,'C0580836','Old','Old',[old],[tmco],[[[3,3],[1,1],0]],no,no,['MTH'],[576/3],0,0),ev(-812,'C0086582',male,'Males',[male],[popg],[[[4,4],[1,1],0]],yes,no,['CHV','MTH'],[580/4],0,0)]),map(-775,[ev(-645,'C0439508','/year','per year',[year],[tmco],[[[2,2],[1,1],0]],no,no,['CHV','MTH','NCI','SNOMEDCT_US'],[571/4],0,0),ev(-645,'C0580836','Old','Old',[old],[tmco],[[[3,3],[1,1],0]],no,no,['MTH'],[576/3],0,0),ev(-812,'C1706180','Male','Male Gender, Self Report',[male],[qlco],[[[4,4],[1,1],0]],yes,no,['MTH','NCI'],[580/4],0,0)]),map(-775,[ev(-645,'C0439508','/year','per year',[year],[tmco],[[[2,2],[1,1],0]],no,no,['CHV','MTH','NCI','SNOMEDCT_US'],[571/4],0,0),ev(-645,'C0580836','Old','Old',[old],[tmco],[[[3,3],[1,1],0]],no,no,['MTH'],[576/3],0,0),ev(-812,'C1706428','Male','Male Phenotype',[male],[qlco],[[[4,4],[1,1],0]],yes,no,['MTH','NCI'],[580/4],0,0)]),map(-775,[ev(-645,'C0439508','/year','per year',[year],[tmco],[[[2,2],[1,1],0]],no,no,['CHV','MTH','NCI','SNOMEDCT_US'],[571/4],0,0),ev(-645,'C0580836','Old','Old',[old],[tmco],[[[3,3],[1,1],0]],no,no,['MTH'],[576/3],0,0),ev(-812,'C1706429','Male','Male, Self-Reported',[male],[orga],[[[4,4],[1,1],0]],yes,no,['MTH','NCI'],[580/4],0,0)])]).
phrase('presents with severe abdominal pain one week',[verb([lexmatch([presents]),inputmatch([presents]),tag(verb),tokens([presents])]),prep([lexmatch([with]),inputmatch([with]),tag(prep),tokens([with])]),mod([lexmatch([severe]),inputmatch([severe]),tag(adj),tokens([severe])]),mod([lexmatch(['abdominal pain']),inputmatch([abdominal,pain]),tag(noun),tokens([abdominal,pain])]),mod([lexmatch([one]),inputmatch([one]),tag(noun),tokens([one])]),mod([lexmatch([week]),inputmatch([week]),tag(noun),tokens([week])])],585/44,[]).
candidates(11,0,0,11,[]).
mappings([map(-751,[ev(-748,'C0150312','Present','Present',[present],[qnco],[[[1,1],[1,1],0]],yes,no,['CHV','MTH','NCI'],[585/8],0,0),ev(-774,'C0278140','Severe pain','Severe pain',[severe,pain],[sosy],[[[3,3],[1,1],0],[[5,5],[2,2],0]],yes,no,['NLMSubSyn','SNOMEDCT_US'],[599/6,616/4],0,0),ev(-748,'C0000726','Abdominal','Abdomen',[abdominal],[blor],[[[4,4],[1,1],0]],yes,no,['CHV','FMA','MSH','MTH','SNOMEDCT_US'],[606/9],0,0),ev(-748,'C0205447','One','One',[one],[qnco],[[[6,6],[1,1],0]],yes,no,['MTH','SNOMEDCT_US'],[621/3],0,0),ev(-748,'C0332174','/week','Weekly',[week],[tmco],[[[7,7],[1,1],0]],yes,no,['MTH','NCI','SNOMEDCT_US'],[625/4],0,0)]),map(-751,[ev(-748,'C0150312','Present','Present',[present],[qnco],[[[1,1],[1,1],0]],yes,no,['CHV','MTH','NCI'],[585/8],0,0),ev(-774,'C0278140','Severe pain','Severe pain',[severe,pain],[sosy],[[[3,3],[1,1],0],[[5,5],[2,2],0]],yes,no,['NLMSubSyn','SNOMEDCT_US'],[599/6,616/4],0,0),ev(-748,'C0000726','Abdominal','Abdomen',[abdominal],[blor],[[[4,4],[1,1],0]],yes,no,['CHV','FMA','MSH','MTH','SNOMEDCT_US'],[606/9],0,0),ev(-748,'C0205447','One','One',[one],[qnco],[[[6,6],[1,1],0]],yes,no,['MTH','SNOMEDCT_US'],[621/3],0,0),ev(-748,'C0439230',week,week,[week],[tmco],[[[7,7],[1,1],0]],yes,no,['MTH','SNOMEDCT_US'],[625/4],0,0)]),map(-751,[ev(-748,'C0150312','Present','Present',[present],[qnco],[[[1,1],[1,1],0]],yes,no,['CHV','MTH','NCI'],[585/8],0,0),ev(-748,'C0205082','Severe','Severe (severity modifier)',[severe],[qlco],[[[3,3],[1,1],0]],yes,no,['CHV','NLMSubSyn','SNOMEDCT_US'],[599/6],0,0),ev(-778,'C0000737','Abdominal Pain','Abdominal Pain',[abdominal,pain],[sosy],[[[4,5],[1,2],0]],yes,no,['CHV','ICD10CM','ICD9CM','MEDLINEPLUS','MSH','MTH','NLMSubSyn','OMIM','SNOMEDCT_US'],[606/14],0,0),ev(-748,'C0205447','One','One',[one],[qnco],[[[6,6],[1,1],0]],yes,no,['MTH','SNOMEDCT_US'],[621/3],0,0),ev(-748,'C0332174','/week','Weekly',[week],[tmco],[[[7,7],[1,1],0]],yes,no,['MTH','NCI','SNOMEDCT_US'],[625/4],0,0)]),map(-751,[ev(-748,'C0150312','Present','Present',[present],[qnco],[[[1,1],[1,1],0]],yes,no,['CHV','MTH','NCI'],[585/8],0,0),ev(-748,'C0205082','Severe','Severe (severity modifier)',[severe],[qlco],[[[3,3],[1,1],0]],yes,no,['CHV','NLMSubSyn','SNOMEDCT_US'],[599/6],0,0),ev(-778,'C0000737','Abdominal Pain','Abdominal Pain',[abdominal,pain],[sosy],[[[4,5],[1,2],0]],yes,no,['CHV','ICD10CM','ICD9CM','MEDLINEPLUS','MSH','MTH','NLMSubSyn','OMIM','SNOMEDCT_US'],[606/14],0,0),ev(-748,'C0205447','One','One',[one],[qnco],[[[6,6],[1,1],0]],yes,no,['MTH','SNOMEDCT_US'],[621/3],0,0),ev(-748,'C0439230',week,week,[week],[tmco],[[[7,7],[1,1],0]],yes,no,['MTH','SNOMEDCT_US'],[625/4],0,0)]),map(-751,[ev(-748,'C0449450','Present','Presentation',[present],[idcn],[[[1,1],[1,1],0]],yes,no,['CHV','MTH','NCI'],[585/8],0,0),ev(-774,'C0278140','Severe pain','Severe pain',[severe,pain],[sosy],[[[3,3],[1,1],0],[[5,5],[2,2],0]],yes,no,['NLMSubSyn','SNOMEDCT_US'],[599/6,616/4],0,0),ev(-748,'C0000726','Abdominal','Abdomen',[abdominal],[blor],[[[4,4],[1,1],0]],yes,no,['CHV','FMA','MSH','MTH','SNOMEDCT_US'],[606/9],0,0),ev(-748,'C0205447','One','One',[one],[qnco],[[[6,6],[1,1],0]],yes,no,['MTH','SNOMEDCT_US'],[621/3],0,0),ev(-748,'C0332174','/week','Weekly',[week],[tmco],[[[7,7],[1,1],0]],yes,no,['MTH','NCI','SNOMEDCT_US'],[625/4],0,0)]),map(-751,[ev(-748,'C0449450','Present','Presentation',[present],[idcn],[[[1,1],[1,1],0]],yes,no,['CHV','MTH','NCI'],[585/8],0,0),ev(-774,'C0278140','Severe pain','Severe pain',[severe,pain],[sosy],[[[3,3],[1,1],0],[[5,5],[2,2],0]],yes,no,['NLMSubSyn','SNOMEDCT_US'],[599/6,616/4],0,0),ev(-748,'C0000726','Abdominal','Abdomen',[abdominal],[blor],[[[4,4],[1,1],0]],yes,no,['CHV','FMA','MSH','MTH','SNOMEDCT_US'],[606/9],0,0),ev(-748,'C0205447','One','One',[one],[qnco],[[[6,6],[1,1],0]],yes,no,['MTH','SNOMEDCT_US'],[621/3],0,0),ev(-748,'C0439230',week,week,[week],[tmco],[[[7,7],[1,1],0]],yes,no,['MTH','SNOMEDCT_US'],[625/4],0,0)]),map(-751,[ev(-748,'C0449450','Present','Presentation',[present],[idcn],[[[1,1],[1,1],0]],yes,no,['CHV','MTH','NCI'],[585/8],0,0),ev(-748,'C0205082','Severe','Severe (severity modifier)',[severe],[qlco],[[[3,3],[1,1],0]],yes,no,['CHV','NLMSubSyn','SNOMEDCT_US'],[599/6],0,0),ev(-778,'C0000737','Abdominal Pain','Abdominal Pain',[abdominal,pain],[sosy],[[[4,5],[1,2],0]],yes,no,['CHV','ICD10CM','ICD9CM','MEDLINEPLUS','MSH','MTH','NLMSubSyn','OMIM','SNOMEDCT_US'],[606/14],0,0),ev(-748,'C0205447','One','One',[one],[qnco],[[[6,6],[1,1],0]],yes,no,['MTH','SNOMEDCT_US'],[621/3],0,0),ev(-748,'C0332174','/week','Weekly',[week],[tmco],[[[7,7],[1,1],0]],yes,no,['MTH','NCI','SNOMEDCT_US'],[625/4],0,0)]),map(-751,[ev(-748,'C0449450','Present','Presentation',[present],[idcn],[[[1,1],[1,1],0]],yes,no,['CHV','MTH','NCI'],[585/8],0,0),ev(-748,'C0205082','Severe','Severe (severity modifier)',[severe],[qlco],[[[3,3],[1,1],0]],yes,no,['CHV','NLMSubSyn','SNOMEDCT_US'],[599/6],0,0),ev(-778,'C0000737','Abdominal Pain','Abdominal Pain',[abdominal,pain],[sosy],[[[4,5],[1,2],0]],yes,no,['CHV','ICD10CM','ICD9CM','MEDLINEPLUS','MSH','MTH','NLMSubSyn','OMIM','SNOMEDCT_US'],[606/14],0,0),ev(-748,'C0205447','One','One',[one],[qnco],[[[6,6],[1,1],0]],yes,no,['MTH','SNOMEDCT_US'],[621/3],0,0),ev(-748,'C0439230',week,week,[week],[tmco],[[[7,7],[1,1],0]],yes,no,['MTH','SNOMEDCT_US'],[625/4],0,0)])]).
phrase('after a bike accident in which',[prep([lexmatch([after]),inputmatch([after]),tag(prep),tokens([after])]),det([lexmatch([a]),inputmatch([a]),tag(det),tokens([a])]),mod([lexmatch([bike]),inputmatch([bike]),tag(noun),tokens([bike])]),head([lexmatch([accident]),inputmatch([accident]),tag(noun),tokens([accident])]),prep([lexmatch([in]),inputmatch([in]),tag(prep),tokens([in])]),pron([lexmatch([which]),inputmatch([which]),tag(pron),tokens([which])])],630/30,[]).
candidates(9,1,0,8,[]).
mappings([map(-722,[ev(-586,'C0231290','After','Status post',[after],[tmco],[[[1,1],[1,1],0]],no,no,['MTH','SNOMEDCT_US'],[630/5],0,0),ev(-790,'C0701802','bike accident','Bicycle accident',[bike,accident],[inpo],[[[3,3],[1,1],0],[[4,4],[2,2],0]],yes,no,['CHV','SNOMEDCT_US'],[638/13],0,0)]),map(-722,[ev(-586,'C0687676','After','Post',[after],[tmco],[[[1,1],[1,1],0]],no,no,['MTH','NCI','SNOMEDCT_US'],[630/5],0,0),ev(-790,'C0701802','bike accident','Bicycle accident',[bike,accident],[inpo],[[[3,3],[1,1],0],[[4,4],[2,2],0]],yes,no,['CHV','SNOMEDCT_US'],[638/13],0,0)])]).
phrase(he,[pron([lexmatch([he]),inputmatch([he]),tag(pron),tokens([he])])],661/2,[]).
candidates(0,0,0,0,[]).
mappings([]).
phrase(sustained,[verb([lexmatch([sustained]),inputmatch([sustained]),tag(verb),tokens([sustained])])],664/9,[]).
candidates(2,1,0,1,[]).
mappings([map(-1000,[ev(-1000,'C0443318','Sustained','Sustained',[sustained],[ftcn],[[[1,1],[1,1],0]],yes,no,['CHV','MTH'],[664/9],0,0)])]).
phrase('abdominal trauma.',[mod([lexmatch([abdominal]),inputmatch([abdominal]),tag(adj),tokens([abdominal])]),head([lexmatch([trauma]),inputmatch([trauma]),tag(noun),tokens([trauma])]),punc([inputmatch(['.']),tokens([])])],674/17,[]).
candidates(6,0,0,6,[]).
mappings([map(-1000,[ev(-1000,'C0848377','Abdominal trauma','trauma to the abdomen',[abdominal,trauma],[inpo],[[[1,1],[1,1],0],[[2,2],[2,2],0]],yes,no,['CHV','MSH','MTH','NLMSubSyn','SNOMEDCT_US','SNOMEDCT_VET'],[674/16],0,0)])]).
'EOU'.
utterance('00000000.tx.9',"He is hypotensive and tachycardic, and imaging reveals a ruptured spleen and intraperitoneal hemorrhage.",692/104,[]).
phrase('He',[pron([lexmatch([he]),inputmatch(['He']),tag(pron),tokens([he])])],692/2,[]).
candidates(0,0,0,0,[]).
mappings([]).
phrase(is,[aux([lexmatch([is]),inputmatch([is]),tag(aux),tokens([is])])],695/2,[]).
candidates(0,0,0,0,[]).
mappings([]).
phrase(hypotensive,[head([lexmatch([hypotensive]),inputmatch([hypotensive]),tag(adj),tokens([hypotensive])])],698/11,[]).
candidates(1,0,0,1,[]).
mappings([map(-1000,[ev(-1000,'C0857353','Hypotensive','Hypotensive',[hypotensive],[patf],[[[1,1],[1,1],0]],yes,no,['CHV','MTH'],[698/11],0,0)])]).
phrase(and,[conj([lexmatch([and]),inputmatch([and]),tag(conj),tokens([and])])],710/3,[]).
candidates(0,0,0,0,[]).
mappings([]).
phrase('tachycardic,',[head([lexmatch([tachycardic]),inputmatch([tachycardic]),tag(adj),tokens([tachycardic])]),punc([inputmatch([',']),tokens([])])],714/12,[]).
candidates(1,0,0,1,[]).
mappings([map(-928,[ev(-928,'C0039231','Tachycardia','Tachycardia',[tachycardia],[fndg],[[[1,1],[1,1],3]],yes,no,['CHV','CST','DXP','ICD10CM','MSH','MTH','NCI','NLMSubSyn','SNMI','SNOMEDCT_US'],[714/11],0,0)])]).
phrase(and,[conj([lexmatch([and]),inputmatch([and]),tag(conj),tokens([and])])],727/3,[]).
candidates(0,0,0,0,[]).
mappings([]).
phrase(imaging,[head([lexmatch([imaging]),inputmatch([imaging]),tag(adj),tokens([imaging])])],731/7,[]).
candidates(5,3,0,2,[]).
mappings([map(-1000,[ev(-1000,'C0011923','Imaging','Diagnostic Imaging',[imaging],[diap],[[[1,1],[1,1],0]],yes,no,['MTH','NCI','NLMSubSyn','SNOMEDCT_US'],[731/7],0,0)]),map(-1000,[ev(-1000,'C0079595','Imaging','Imaging Techniques',[imaging],[diap],[[[1,1],[1,1],0]],yes,no,['CHV','MTH','NCI','NLMSubSyn'],[731/7],0,0)])]).
phrase(reveals,[verb([lexmatch([reveals]),inputmatch([reveals]),tag(verb),tokens([reveals])])],739/7,[]).
candidates(1,0,0,1,[]).
mappings([map(-1000,[ev(-1000,'C0443289',reveal,'Revealed',[reveal],[qlco],[[[1,1],[1,1],0]],yes,no,['CHV','SNOMEDCT_US'],[739/7],0,0)])]).
phrase('a ruptured spleen',[det([lexmatch([a]),inputmatch([a]),tag(det),tokens([a])]),mod([lexmatch([ruptured]),inputmatch([ruptured]),tag(adj),tokens([ruptured])]),head([lexmatch([spleen]),inputmatch([spleen]),tag(noun),tokens([spleen])])],747/17,[]).
candidates(7,1,0,6,[]).
mappings([map(-1000,[ev(-1000,'C0038000','Ruptured spleen','Splenic Rupture',[ruptured,spleen],[inpo],[[[1,1],[1,1],0],[[2,2],[2,2],0]],yes,no,['CHV','DXP','ICPC','MSH','NLMSubSyn','SNOMEDCT_US'],[749/15],0,0)])]).
phrase(and,[conj([lexmatch([and]),inputmatch([and]),tag(conj),tokens([and])])],765/3,[]).
candidates(0,0,0,0,[]).
mappings([]).
phrase('intraperitoneal hemorrhage.',[head([lexmatch(['intraperitoneal hemorrhage']),inputmatch([intraperitoneal,hemorrhage]),tag(noun),tokens([intraperitoneal,hemorrhage])]),punc([inputmatch(['.']),tokens([])])],769/27,[]).
candidates(3,0,0,3,[]).
mappings([map(-1000,[ev(-1000,'C0019065','Intraperitoneal hemorrhage','Hemoperitoneum',[intraperitoneal,hemorrhage],[patf],[[[1,2],[1,2],0]],yes,no,['CHV','DXP','MSH','MTH','NCI','NLMSubSyn','SNOMEDCT_US','SNOMEDCT_VET'],[769/26],0,0)])]).
'EOU'.
'EOT'.
