args('metamap14.BINARY.Darwin --lexicon db -Z 2014AA -qE -Q 4 ../../TREC-CDS/2014-original/25.txt ../../TREC-CDS/results/25.txt.out',[lexicon-db,mm_data_year-'2014AA',machine_output-[],indicate_citation_end-[],composite_phrases-4,infile-'../../TREC-CDS/2014-original/25.txt',outfile-'../../TREC-CDS/results/25.txt.out']).
aas(["GCS"*"Glasgow Coma Scale"*(1,3,5,18)*[]]).
neg_list([negation(nega,no,[100/2],['C1998154':'No loss of consciousness'],[100/2,113/21])]).
utterance('00000000.tx.1',"treatment. ",0/11,[10]).
phrase('treatment.',[head([lexmatch([treatment]),inputmatch([treatment]),tag(noun),tokens([treatment])]),punc([inputmatch(['.']),tokens([])])],0/10,[]).
candidates(6,0,0,6,[]).
mappings([map(-1000,[ev(-1000,'C0039798',treatment,'therapeutic aspects',[treatment],[ftcn],[[[1,1],[1,1],0]],yes,no,['MSH','MTH','NLMSubSyn'],[0/9],0,0)]),map(-1000,[ev(-1000,'C0087111','Treatment','Therapeutic procedure',[treatment],[topp],[[[1,1],[1,1],0]],yes,no,['AOD','CHV','LNC','MSH','MTH','MTHHH','NCI','NLMSubSyn','SNOMEDCT_US'],[0/9],0,0)]),map(-1000,[ev(-1000,'C1522326','Treatment','Treating',[treatment],[ftcn],[[[1,1],[1,1],0]],yes,no,['MTH','NCI'],[0/9],0,0)]),map(-1000,[ev(-1000,'C1533734','Treatment','Administration procedure',[treatment],[topp],[[[1,1],[1,1],0]],yes,no,['MTH','NCI','NLMSubSyn','SNOMEDCT_US'],[0/9],0,0)]),map(-1000,[ev(-1000,'C1705169','Treatment','Biomaterial Treatment',[treatment],[cnce],[[[1,1],[1,1],0]],yes,no,['MTH','NCI'],[0/9],0,0)]),map(-1000,[ev(-1000,'C3538994','TREATMENT','Treatment Epoch',[treatment],[resa],[[[1,1],[1,1],0]],yes,no,['MTH','NCI','NLMSubSyn'],[0/9],0,0)])]).
'EOU'.
utterance('00000000.tx.2',"An 8-year-old boy fell from his bike striking his left temple on the pavement. ",11/79,[]).
phrase('An 8-year-old boy',[det([lexmatch([an]),inputmatch(['An']),tag(det),tokens([an])]),shapes([inputmatch(['8']),features([integer]),tokens(['8'])]),punc([inputmatch([-]),tokens([])]),mod([lexmatch([year]),inputmatch([year]),tag(noun),tokens([year])]),punc([inputmatch([-]),tokens([])]),mod([lexmatch([old]),inputmatch([old]),tag(noun),tokens([old])]),head([lexmatch([boy]),inputmatch([boy]),tag(noun),tokens([boy])])],11/17,[]).
candidates(4,0,0,4,[]).
mappings([map(-775,[ev(-645,'C0439234',year,year,[year],[tmco],[[[2,2],[1,1],0]],no,no,['MTH','NCI','SNOMEDCT_US'],[16/4],0,0),ev(-645,'C0580836','Old','Old',[old],[tmco],[[[3,3],[1,1],0]],no,no,['MTH'],[21/3],0,0),ev(-812,'C0870221','Boy','Male child',[boy],[aggp],[[[4,4],[1,1],0]],yes,no,['CHV','NLMSubSyn','SNOMEDCT_US'],[25/3],0,0)]),map(-775,[ev(-645,'C0439508','/year','per year',[year],[tmco],[[[2,2],[1,1],0]],no,no,['CHV','MTH','NCI','SNOMEDCT_US'],[16/4],0,0),ev(-645,'C0580836','Old','Old',[old],[tmco],[[[3,3],[1,1],0]],no,no,['MTH'],[21/3],0,0),ev(-812,'C0870221','Boy','Male child',[boy],[aggp],[[[4,4],[1,1],0]],yes,no,['CHV','NLMSubSyn','SNOMEDCT_US'],[25/3],0,0)])]).
phrase('fell from his bike',[verb([lexmatch([fell]),inputmatch([fell]),tag(verb),tokens([fell])]),prep([lexmatch([from]),inputmatch([from]),tag(prep),tokens([from])]),pron([lexmatch([his]),inputmatch([his]),tag(pron),tokens([his])]),mod([lexmatch([bike]),inputmatch([bike]),tag(noun),tokens([bike])])],29/18,[]).
candidates(7,0,0,7,[]).
mappings([map(-722,[ev(-737,'C0085639','Fall','Falls',[fall],[fndg],[[[1,1],[1,1],1]],yes,no,['CHV','DXP','ICD9CM','MTH','NLMSubSyn','SNOMEDCT_US'],[29/4],0,0),ev(-770,'C0019602','His','Histidine',[his],[aapp,bacs,phsu],[[[3,3],[1,1],0]],yes,no,['MSH','MTH','NCI'],[39/3],0,0),ev(-770,'C0005375','Bike','Bicycle',[bike],[mnob],[[[4,4],[1,1],0]],yes,no,['CHV','MTH','SNOMEDCT_US'],[43/4],0,0)]),map(-722,[ev(-737,'C0085639','Fall','Falls',[fall],[fndg],[[[1,1],[1,1],1]],yes,no,['CHV','DXP','ICD9CM','MTH','NLMSubSyn','SNOMEDCT_US'],[29/4],0,0),ev(-770,'C0019602','His','Histidine',[his],[aapp,bacs,phsu],[[[3,3],[1,1],0]],yes,no,['MSH','MTH','NCI'],[39/3],0,0),ev(-770,'C0005377','Bike','Bicycling (recreational activity)',[bike],[dora],[[[4,4],[1,1],0]],yes,no,['CHV','MSH','MTH','NCI'],[43/4],0,0)]),map(-722,[ev(-737,'C0085639','Fall','Falls',[fall],[fndg],[[[1,1],[1,1],1]],yes,no,['CHV','DXP','ICD9CM','MTH','NLMSubSyn','SNOMEDCT_US'],[29/4],0,0),ev(-770,'C0019602','His','Histidine',[his],[aapp,bacs,phsu],[[[3,3],[1,1],0]],yes,no,['MSH','MTH','NCI'],[39/3],0,0),ev(-770,'C1425261','BIKe','BMP2K gene',[bike],[gngm],[[[4,4],[1,1],0]],yes,no,['HGNC','MTH'],[43/4],0,0)]),map(-722,[ev(-737,'C0085639','Fall','Falls',[fall],[fndg],[[[1,1],[1,1],1]],yes,no,['CHV','DXP','ICD9CM','MTH','NLMSubSyn','SNOMEDCT_US'],[29/4],0,0),ev(-770,'C1412323','HIS','AKR1B10 gene',[his],[gngm],[[[3,3],[1,1],0]],yes,no,['HGNC','MTH','OMIM'],[39/3],0,0),ev(-770,'C0005375','Bike','Bicycle',[bike],[mnob],[[[4,4],[1,1],0]],yes,no,['CHV','MTH','SNOMEDCT_US'],[43/4],0,0)]),map(-722,[ev(-737,'C0085639','Fall','Falls',[fall],[fndg],[[[1,1],[1,1],1]],yes,no,['CHV','DXP','ICD9CM','MTH','NLMSubSyn','SNOMEDCT_US'],[29/4],0,0),ev(-770,'C1412323','HIS','AKR1B10 gene',[his],[gngm],[[[3,3],[1,1],0]],yes,no,['HGNC','MTH','OMIM'],[39/3],0,0),ev(-770,'C0005377','Bike','Bicycling (recreational activity)',[bike],[dora],[[[4,4],[1,1],0]],yes,no,['CHV','MSH','MTH','NCI'],[43/4],0,0)]),map(-722,[ev(-737,'C0085639','Fall','Falls',[fall],[fndg],[[[1,1],[1,1],1]],yes,no,['CHV','DXP','ICD9CM','MTH','NLMSubSyn','SNOMEDCT_US'],[29/4],0,0),ev(-770,'C1412323','HIS','AKR1B10 gene',[his],[gngm],[[[3,3],[1,1],0]],yes,no,['HGNC','MTH','OMIM'],[39/3],0,0),ev(-770,'C1425261','BIKe','BMP2K gene',[bike],[gngm],[[[4,4],[1,1],0]],yes,no,['HGNC','MTH'],[43/4],0,0)]),map(-722,[ev(-737,'C0238715','Fall','Autumn',[fall],[tmco],[[[1,1],[1,1],1]],yes,no,['MTH','NCI'],[29/4],0,0),ev(-770,'C0019602','His','Histidine',[his],[aapp,bacs,phsu],[[[3,3],[1,1],0]],yes,no,['MSH','MTH','NCI'],[39/3],0,0),ev(-770,'C0005375','Bike','Bicycle',[bike],[mnob],[[[4,4],[1,1],0]],yes,no,['CHV','MTH','SNOMEDCT_US'],[43/4],0,0)]),map(-722,[ev(-737,'C0238715','Fall','Autumn',[fall],[tmco],[[[1,1],[1,1],1]],yes,no,['MTH','NCI'],[29/4],0,0),ev(-770,'C0019602','His','Histidine',[his],[aapp,bacs,phsu],[[[3,3],[1,1],0]],yes,no,['MSH','MTH','NCI'],[39/3],0,0),ev(-770,'C0005377','Bike','Bicycling (recreational activity)',[bike],[dora],[[[4,4],[1,1],0]],yes,no,['CHV','MSH','MTH','NCI'],[43/4],0,0)]),map(-722,[ev(-737,'C0238715','Fall','Autumn',[fall],[tmco],[[[1,1],[1,1],1]],yes,no,['MTH','NCI'],[29/4],0,0),ev(-770,'C0019602','His','Histidine',[his],[aapp,bacs,phsu],[[[3,3],[1,1],0]],yes,no,['MSH','MTH','NCI'],[39/3],0,0),ev(-770,'C1425261','BIKe','BMP2K gene',[bike],[gngm],[[[4,4],[1,1],0]],yes,no,['HGNC','MTH'],[43/4],0,0)]),map(-722,[ev(-737,'C0238715','Fall','Autumn',[fall],[tmco],[[[1,1],[1,1],1]],yes,no,['MTH','NCI'],[29/4],0,0),ev(-770,'C1412323','HIS','AKR1B10 gene',[his],[gngm],[[[3,3],[1,1],0]],yes,no,['HGNC','MTH','OMIM'],[39/3],0,0),ev(-770,'C0005375','Bike','Bicycle',[bike],[mnob],[[[4,4],[1,1],0]],yes,no,['CHV','MTH','SNOMEDCT_US'],[43/4],0,0)]),map(-722,[ev(-737,'C0238715','Fall','Autumn',[fall],[tmco],[[[1,1],[1,1],1]],yes,no,['MTH','NCI'],[29/4],0,0),ev(-770,'C1412323','HIS','AKR1B10 gene',[his],[gngm],[[[3,3],[1,1],0]],yes,no,['HGNC','MTH','OMIM'],[39/3],0,0),ev(-770,'C0005377','Bike','Bicycling (recreational activity)',[bike],[dora],[[[4,4],[1,1],0]],yes,no,['CHV','MSH','MTH','NCI'],[43/4],0,0)]),map(-722,[ev(-737,'C0238715','Fall','Autumn',[fall],[tmco],[[[1,1],[1,1],1]],yes,no,['MTH','NCI'],[29/4],0,0),ev(-770,'C1412323','HIS','AKR1B10 gene',[his],[gngm],[[[3,3],[1,1],0]],yes,no,['HGNC','MTH','OMIM'],[39/3],0,0),ev(-770,'C1425261','BIKe','BMP2K gene',[bike],[gngm],[[[4,4],[1,1],0]],yes,no,['HGNC','MTH'],[43/4],0,0)])]).
phrase(striking,[verb([lexmatch([striking]),inputmatch([striking]),tag(verb),tokens([striking])])],48/8,[]).
candidates(1,0,0,1,[]).
mappings([map(-1000,[ev(-1000,'C0038452',striking,'Strikes, Employee',[striking],[ocac],[[[1,1],[1,1],0]],yes,no,['AOD','CHV','MSH'],[48/8],0,0)])]).
phrase('his left temple on the pavement.',[pron([lexmatch([his]),inputmatch([his]),tag(pron),tokens([his])]),mod([lexmatch([left]),inputmatch([left]),tag(adj),tokens([left])]),head([lexmatch([temple]),inputmatch([temple]),tag(noun),tokens([temple])]),prep([lexmatch([on]),inputmatch([on]),tag(prep),tokens([on])]),det([lexmatch([the]),inputmatch([the]),tag(det),tokens([the])]),mod([lexmatch([pavement]),inputmatch([pavement]),tag(noun),tokens([pavement])]),punc([inputmatch(['.']),tokens([])])],57/32,[]).
candidates(8,0,0,8,[]).
mappings([map(-725,[ev(-586,'C0019602','His','Histidine',[his],[aapp,bacs,phsu],[[[1,1],[1,1],0]],no,no,['MSH','MTH','NCI'],[57/3],0,0),ev(-790,'C0925965','Left temple','Left temple',[left,temple],[blor],[[[2,2],[1,1],0],[[3,3],[2,2],0]],yes,no,['FMA'],[61/11],0,0),ev(-586,'C0557772','Pavement','Sidewalk',[pavement],[mnob],[[[6,6],[1,1],0]],no,no,['CHV','SNOMEDCT_US'],[80/8],0,0)]),map(-725,[ev(-586,'C1412323','HIS','AKR1B10 gene',[his],[gngm],[[[1,1],[1,1],0]],no,no,['HGNC','MTH','OMIM'],[57/3],0,0),ev(-790,'C0925965','Left temple','Left temple',[left,temple],[blor],[[[2,2],[1,1],0],[[3,3],[2,2],0]],yes,no,['FMA'],[61/11],0,0),ev(-586,'C0557772','Pavement','Sidewalk',[pavement],[mnob],[[[6,6],[1,1],0]],no,no,['CHV','SNOMEDCT_US'],[80/8],0,0)])]).
'EOU'.
utterance('00000000.tx.3',"There was no immediate loss of consciousness, and a brief examination at the scene noted his pupils were symmetrical, reactive to the light, and he was moving all four limbs. ",90/175,[]).
phrase('There',[adv([lexmatch([there]),inputmatch(['There']),tag(adv),tokens([there])])],90/5,[]).
candidates(0,0,0,0,[]).
mappings([]).
phrase(was,[aux([lexmatch([was]),inputmatch([was]),tag(aux),tokens([was])])],96/3,[]).
candidates(0,0,0,0,[]).
mappings([]).
phrase('no immediate loss of consciousness,',[det([lexmatch([no]),inputmatch([no]),tag(det),tokens([no])]),mod([lexmatch([immediate]),inputmatch([immediate]),tag(adj),tokens([immediate])]),head([lexmatch([loss]),inputmatch([loss]),tag(noun),tokens([loss])]),prep([lexmatch([of]),inputmatch([of]),tag(prep),tokens([of])]),mod([lexmatch([consciousness]),inputmatch([consciousness]),tag(noun),tokens([consciousness])]),punc([inputmatch([',']),tokens([])])],100/35,[]).
candidates(9,0,0,9,[]).
mappings([map(-928,[ev(-900,'C1998154','No loss of consciousness','No loss of consciousness',[no,loss,of,consciousness],[fndg],[[[1,1],[1,1],0],[[3,3],[2,2],0],[[4,4],[3,3],0],[[5,5],[4,4],0]],yes,no,['SNOMEDCT_US'],[100/2,113/21],0,1),ev(-593,'C0205253','Immediate','Immediate',[immediate],[tmco],[[[2,2],[1,1],0]],no,no,['MTH'],[103/9],0,0)]),map(-928,[ev(-900,'C1998154','No loss of consciousness','No loss of consciousness',[no,loss,of,consciousness],[fndg],[[[1,1],[1,1],0],[[3,3],[2,2],0],[[4,4],[3,3],0],[[5,5],[4,4],0]],yes,no,['SNOMEDCT_US'],[100/2,113/21],0,1),ev(-593,'C0205548','Immediate','Stat (do immediately)',[immediate],[tmco],[[[2,2],[1,1],0]],no,no,['HL7V2.5','NCI','SNOMEDCT_US'],[103/9],0,0)])]).
phrase(and,[conj([lexmatch([and]),inputmatch([and]),tag(conj),tokens([and])])],136/3,[]).
candidates(0,0,0,0,[]).
mappings([]).
phrase('a brief examination at the scene',[det([lexmatch([a]),inputmatch([a]),tag(det),tokens([a])]),mod([lexmatch([brief]),inputmatch([brief]),tag(adj),tokens([brief])]),head([lexmatch([examination]),inputmatch([examination]),tag(noun),tokens([examination])]),prep([lexmatch([at]),inputmatch([at]),tag(prep),tokens([at])]),det([lexmatch([the]),inputmatch([the]),tag(det),tokens([the])]),mod([lexmatch([scene]),inputmatch([scene]),tag(noun),tokens([scene])])],140/32,[]).
candidates(2,0,0,2,[]).
mappings([map(-586,[ev(-586,'C1282927',brief,'Shortened',[brief],[qlco],[[[2,2],[1,1],0]],no,no,['CHV','MTH'],[142/5],0,0)]),map(-586,[ev(-586,'C1879313','Brief','Brief',[brief],[tmco],[[[2,2],[1,1],0]],no,no,['MTH'],[142/5],0,0)])]).
phrase(noted,[verb([lexmatch([noted]),inputmatch([noted]),tag(verb),tokens([noted])])],173/5,[]).
candidates(3,0,0,3,[]).
mappings([map(-966,[ev(-966,'C1316572','Note','Evaluation and management note:Finding:Point in time:{Setting}:Document:{Provider}',[note],[clna],[[[1,1],[1,1],1]],yes,no,['LNC','MTH'],[173/5],0,0)]),map(-966,[ev(-966,'C1317574','Note','Note (document)',[note],[inpr],[[[1,1],[1,1],1]],yes,no,['LNC','MTH','NCI'],[173/5],0,0)]),map(-966,[ev(-966,'C1369612','Note','Note:Finding:Point in time:{Setting}:Document:Nursing',[note],[clna],[[[1,1],[1,1],1]],yes,no,['LNC'],[173/5],0,0)])]).
phrase('his pupils',[pron([lexmatch([his]),inputmatch([his]),tag(pron),tokens([his])]),head([lexmatch([pupils]),inputmatch([pupils]),tag(noun),tokens([pupils])])],179/10,[]).
candidates(2,1,0,1,[]).
mappings([map(-1000,[ev(-1000,'C0034121','Pupils','Pupil',[pupils],[bpoc],[[[1,1],[1,1],0]],yes,no,['CHV','FMA','MSH','MTH','SNMI','SNOMEDCT_US'],[183/6],0,0)])]).
phrase(were,[aux([lexmatch([were]),inputmatch([were]),tag(aux),tokens([were])])],190/4,[]).
candidates(0,0,0,0,[]).
mappings([]).
phrase('symmetrical, reactive to the light,',[mod([lexmatch([symmetrical]),inputmatch([symmetrical]),tag(adj),tokens([symmetrical])]),punc([inputmatch([',']),tokens([])]),head([lexmatch([reactive]),inputmatch([reactive]),tag(adj),tokens([reactive])]),prep([lexmatch([to]),inputmatch([to]),tag(prep),tokens([to])]),det([lexmatch([the]),inputmatch([the]),tag(det),tokens([the])]),mod([lexmatch([light]),inputmatch([light]),tag(noun),tokens([light])]),punc([inputmatch([',']),tokens([])])],195/35,[]).
candidates(9,4,0,5,[]).
mappings([map(-696,[ev(-593,'C0332516','Symmetrical','Symmetrical',[symmetrical],[fndg],[[[1,1],[1,1],0]],no,no,['MTH','SNOMEDCT_US','SNOMEDCT_VET'],[195/11],0,0),ev(-760,'C0205332','Reactive','Reactive',[reactive],[qlco],[[[2,2],[1,1],0]],yes,no,['MTH'],[208/8],0,0),ev(-593,'C0023693','Light','Light',[light],[npop],[[[5,5],[1,1],0]],no,no,['CHV','CSP','MSH','MTH','SNMI','SNOMEDCT_US'],[224/5],0,0)]),map(-696,[ev(-593,'C0332516','Symmetrical','Symmetrical',[symmetrical],[fndg],[[[1,1],[1,1],0]],no,no,['MTH','SNOMEDCT_US','SNOMEDCT_VET'],[195/11],0,0),ev(-760,'C0205332','Reactive','Reactive',[reactive],[qlco],[[[2,2],[1,1],0]],yes,no,['MTH'],[208/8],0,0),ev(-593,'C1306462','Light','Light color',[light],[ftcn],[[[5,5],[1,1],0]],no,no,['MTH','NLMSubSyn','SNOMEDCT_US'],[224/5],0,0)]),map(-696,[ev(-593,'C0332516','Symmetrical','Symmetrical',[symmetrical],[fndg],[[[1,1],[1,1],0]],no,no,['MTH','SNOMEDCT_US','SNOMEDCT_VET'],[195/11],0,0),ev(-760,'C0205332','Reactive','Reactive',[reactive],[qlco],[[[2,2],[1,1],0]],yes,no,['MTH'],[208/8],0,0),ev(-593,'C1881376','Light','Light (qualifier)',[light],[qlco],[[[5,5],[1,1],0]],no,no,['MTH','NCI'],[224/5],0,0)])]).
phrase(and,[conj([lexmatch([and]),inputmatch([and]),tag(conj),tokens([and])])],231/3,[]).
candidates(0,0,0,0,[]).
mappings([]).
phrase(he,[pron([lexmatch([he]),inputmatch([he]),tag(pron),tokens([he])])],235/2,[]).
candidates(0,0,0,0,[]).
mappings([]).
phrase(was,[aux([lexmatch([was]),inputmatch([was]),tag(aux),tokens([was])])],238/3,[]).
candidates(0,0,0,0,[]).
mappings([]).
phrase(moving,[verb([lexmatch([moving]),inputmatch([moving]),tag(verb),tokens([moving])])],242/6,[]).
candidates(5,4,0,1,[]).
mappings([map(-1000,[ev(-1000,'C0560560','Moving','Moving',[moving],[orgf],[[[1,1],[1,1],0]],yes,no,['CHV','MTH'],[242/6],0,0)])]).
phrase('all four limbs.',[det([lexmatch([all]),inputmatch([all]),tag(det),tokens([all])]),shapes([inputmatch([four]),features([word_numeral]),tokens([four])]),head([lexmatch([limbs]),inputmatch([limbs]),tag(noun),tokens([limbs])]),punc([inputmatch(['.']),tokens([])])],249/15,[]).
candidates(3,1,0,2,[]).
mappings([map(-888,[ev(-694,'C0205450','Four','Four',[four],[qnco],[[[1,1],[1,1],0]],no,no,['MTH','SNOMEDCT_US'],[253/4],0,0),ev(-861,'C0015385','Limbs','Limb structure',[limbs],[bpoc],[[[2,2],[1,1],0]],yes,no,['MSH','MTH','SNOMEDCT_US'],[258/5],0,0)])]).
'EOU'.
utterance('00000000.tx.4',"Half an hour after the fall the child became drowsy, pale, and vomited. ",265/72,[]).
phrase('Half',[head([lexmatch([half]),inputmatch(['Half']),tag(noun),tokens([half])])],265/4,[]).
candidates(1,0,0,1,[]).
mappings([map(-1000,[ev(-1000,'C2825407','Half','Half',[half],[qnco],[[[1,1],[1,1],0]],yes,no,['NCI'],[265/4],0,0)])]).
phrase('an hour after the',[det([lexmatch([an]),inputmatch([an]),tag(det),tokens([an])]),head([lexmatch([hour]),inputmatch([hour]),tag(noun),tokens([hour])]),prep([lexmatch([after]),inputmatch([after]),tag(prep),tokens([after])]),det([lexmatch([the]),inputmatch([the]),tag(det),tokens([the])])],270/17,[]).
candidates(2,0,0,2,[]).
mappings([map(-770,[ev(-770,'C0439227','Hour','Hour',[hour],[tmco],[[[2,2],[1,1],0]],yes,no,['MTH','SNOMEDCT_US'],[273/4],0,0)]),map(-770,[ev(-770,'C0564385','/hour','/hour',[hour],[qnco],[[[2,2],[1,1],0]],yes,no,['SNOMEDCT_US'],[273/4],0,0)])]).
phrase(fall,[verb([lexmatch([fall]),inputmatch([fall]),tag(verb),tokens([fall])])],288/4,[]).
candidates(2,0,0,2,[]).
mappings([map(-1000,[ev(-1000,'C0085639','Fall','Falls',[fall],[fndg],[[[1,1],[1,1],0]],yes,no,['CHV','DXP','ICD9CM','MTH','NLMSubSyn','SNOMEDCT_US'],[288/4],0,0)]),map(-1000,[ev(-1000,'C0238715','Fall','Autumn',[fall],[tmco],[[[1,1],[1,1],0]],yes,no,['MTH','NCI'],[288/4],0,0)])]).
phrase('the child',[det([lexmatch([the]),inputmatch([the]),tag(det),tokens([the])]),head([lexmatch([child]),inputmatch([child]),tag(noun),tokens([child])])],293/9,[]).
candidates(2,0,0,2,[]).
mappings([map(-1000,[ev(-1000,'C0008059','Child','Child',[child],[aggp],[[[1,1],[1,1],0]],yes,no,['MSH','MTH','SNOMEDCT_US'],[297/5],0,0)]),map(-1000,[ev(-1000,'C0680063','CHILD','Offspring',[child],[famg],[[[1,1],[1,1],0]],yes,no,['AOD','CHV','MTH','NCI'],[297/5],0,0)])]).
phrase(became,[verb([lexmatch([became]),inputmatch([became]),tag(verb),tokens([became])])],303/6,[]).
candidates(0,0,0,0,[]).
mappings([]).
phrase('drowsy, pale,',[mod([lexmatch([drowsy]),inputmatch([drowsy]),tag(adj),tokens([drowsy])]),punc([inputmatch([',']),tokens([])]),head([lexmatch([pale]),inputmatch([pale]),tag(noun),tokens([pale])]),punc([inputmatch([',']),tokens([])])],310/13,[]).
candidates(5,1,0,4,[]).
mappings([map(-888,[ev(-694,'C0013144','Drowsy','Drowsiness',[drowsy],[fndg],[[[1,1],[1,1],0]],no,no,['MSH','MTH','SNMI','SNOMEDCT_US'],[310/6],0,0),ev(-861,'C0030232','Pale','Pallor',[pale],[sosy],[[[2,2],[1,1],0]],yes,no,['CHV','MSH','MTH','NCI','SNMI','SNOMEDCT_US','SNOMEDCT_VET'],[318/4],0,0)]),map(-888,[ev(-694,'C0013144','Drowsy','Drowsiness',[drowsy],[fndg],[[[1,1],[1,1],0]],no,no,['MSH','MTH','SNMI','SNOMEDCT_US'],[310/6],0,0),ev(-861,'C0554991',pale,'Pale color',[pale],[qlco],[[[2,2],[1,1],0]],yes,no,['CHV','MTH','SNOMEDCT_US'],[318/4],0,0)]),map(-888,[ev(-694,'C0013144','Drowsy','Drowsiness',[drowsy],[fndg],[[[1,1],[1,1],0]],no,no,['MSH','MTH','SNMI','SNOMEDCT_US'],[310/6],0,0),ev(-861,'C1971630','Pale','Pale color saturation',[pale],[qlco],[[[2,2],[1,1],0]],yes,no,['MTH','SNOMEDCT_US'],[318/4],0,0)])]).
phrase(and,[conj([lexmatch([and]),inputmatch([and]),tag(conj),tokens([and])])],324/3,[]).
candidates(0,0,0,0,[]).
mappings([]).
phrase('vomited.',[verb([lexmatch([vomited]),inputmatch([vomited]),tag(verb),tokens([vomited])]),punc([inputmatch(['.']),tokens([])])],328/8,[]).
candidates(2,1,0,1,[]).
mappings([map(-1000,[ev(-1000,'C0042963',vomited,'Vomiting',[vomited],[sosy],[[[1,1],[1,1],0]],yes,no,['CHV','ICD10CM','MSH','MTH','NCI','NLMSubSyn','SNOMEDCT_US'],[328/7],0,0)])]).
'EOU'.
utterance('00000000.tx.5',"He was transferred to the emergency department. ",337/48,[]).
phrase('He',[pron([lexmatch([he]),inputmatch(['He']),tag(pron),tokens([he])])],337/2,[]).
candidates(0,0,0,0,[]).
mappings([]).
phrase(was,[aux([lexmatch([was]),inputmatch([was]),tag(aux),tokens([was])])],340/3,[]).
candidates(0,0,0,0,[]).
mappings([]).
phrase('transferred to the emergency department.',[verb([lexmatch([transferred]),inputmatch([transferred]),tag(verb),tokens([transferred])]),prep([lexmatch([to]),inputmatch([to]),tag(prep),tokens([to])]),det([lexmatch([the]),inputmatch([the]),tag(det),tokens([the])]),mod([lexmatch(['emergency department']),inputmatch([emergency,department]),tag(noun),tokens([emergency,department])]),punc([inputmatch(['.']),tokens([])])],344/40,[]).
candidates(8,2,0,6,[]).
mappings([map(-745,[ev(-760,'C0348011',transferred,'Surgical transfer - action',[transferred],[ftcn],[[[1,1],[1,1],0]],yes,no,['CHV','MTH','NLMSubSyn','SNOMEDCT_US'],[344/11],0,0),ev(-806,'C0562508','Emergency Department','Accident and Emergency department',[emergency,department],[hcro],[[[4,5],[1,2],0]],yes,no,['CHV','MSH','MTH','NCI','NLMSubSyn','SNOMEDCT_US'],[363/20],0,0)])]).
'EOU'.
utterance('00000000.tx.6',"Upon arrival the heart rate was 52/min, blood pressure of 155/98. ",385/66,[]).
phrase('Upon arrival',[prep([lexmatch([upon]),inputmatch(['Upon']),tag(prep),tokens([upon])]),head([lexmatch([arrival]),inputmatch([arrival]),tag(noun),tokens([arrival])])],385/12,[]).
candidates(2,0,0,2,[]).
mappings([map(-1000,[ev(-1000,'C1555577',arrival,'arrival - ActRelationshipType',[arrival],[idcn],[[[1,1],[1,1],0]],yes,no,['HL7V3.0','MTH'],[390/7],0,0)]),map(-1000,[ev(-1000,'C1706079','Arrival','Arrival - action',[arrival],[acty],[[[1,1],[1,1],0]],yes,no,['MTH','NCI'],[390/7],0,0)])]).
phrase('the heart rate',[det([lexmatch([the]),inputmatch([the]),tag(det),tokens([the])]),head([lexmatch(['heart rate']),inputmatch([heart,rate]),tag(noun),tokens([heart,rate])])],398/14,[]).
candidates(5,0,0,5,[]).
mappings([map(-1000,[ev(-1000,'C0018810','heart rate','heart rate',[heart,rate],[clna],[[[1,2],[1,2],0]],yes,no,['CHV','MSH','MTH','NLMSubSyn','SNOMEDCT_US'],[402/10],0,0)])]).
phrase(was,[aux([lexmatch([was]),inputmatch([was]),tag(aux),tokens([was])])],413/3,[]).
candidates(0,0,0,0,[]).
mappings([]).
phrase('52/min,',[shapes([inputmatch(['52']),features([integer]),tokens(['52'])]),punc([inputmatch([/]),tokens([])]),head([lexmatch([min]),inputmatch([min]),tag(noun),tokens([min])]),punc([inputmatch([',']),tokens([])])],417/7,[]).
candidates(1,0,0,1,[]).
mappings([map(-861,[ev(-861,'C0702093','/min','/minute',[min],[tmco],[[[2,2],[1,1],0]],yes,no,['NCI','NLMSubSyn','SNOMEDCT_US'],[420/3],0,0)])]).
phrase('blood pressure of 155/98.',[head([lexmatch(['blood pressure']),inputmatch([blood,pressure]),tag(noun),tokens([blood,pressure])]),prep([lexmatch([of]),inputmatch([of]),tag(prep),tokens([of])]),shapes([inputmatch(['155',/,'98']),features([fraction]),tokens(['155','98'])]),punc([inputmatch(['.']),tokens([])])],425/25,[]).
candidates(16,7,0,9,[]).
mappings([map(-806,[ev(-806,'C0005823','Blood Pressure','Blood Pressure',[blood,pressure],[orgf],[[[1,2],[1,2],0]],yes,no,['MTH','NLMSubSyn','SNOMEDCT_US'],[425/14],0,0)]),map(-806,[ev(-806,'C1271104','Blood Pressure','Blood pressure finding',[blood,pressure],[fndg],[[[1,2],[1,2],0]],yes,no,['MTH','NCI','NLMSubSyn'],[425/14],0,0)]),map(-806,[ev(-806,'C1272641','Blood pressure','Systemic arterial pressure',[blood,pressure],[fndg],[[[1,2],[1,2],0]],yes,no,['CHV','MSH','MTH','NLMSubSyn','SNOMEDCT_US'],[425/14],0,0)])]).
'EOU'.
utterance('00000000.tx.7',"The Glasgow Coma Scale (GCS) was 6/15, the pupils were asymmetrical and movement of the right upper and lower extremities was impaired. ",451/136,[]).
phrase('The Glasgow Coma Scale (GCS)',[det([lexmatch([the]),inputmatch(['The']),tag(det),tokens([the])]),head([lexmatch(['glasgow coma scale']),inputmatch(['Glasgow','Coma','Scale']),tag(noun),tokens([glasgow,coma,scale])])],451/28,[]).
candidates(11,2,0,9,[]).
mappings([map(-1000,[ev(-1000,'C0017594','Glasgow coma scale','Glasgow coma scale',[glasgow,coma,scale],[inpr],[[[1,3],[1,3],0]],yes,no,['CHV','MTH','SNOMEDCT_US'],[455/18],0,0)]),map(-1000,[ev(-1000,'C1369880','Glasgow coma scale','Glasgow coma score:-:Point in time:^Patient:-',[glasgow,coma,scale],[clna],[[[1,3],[1,3],0]],yes,no,['LNC','MTH'],[455/18],0,0)])]).
phrase(was,[aux([lexmatch([was]),inputmatch([was]),tag(aux),tokens([was])])],480/3,[]).
candidates(0,0,0,0,[]).
mappings([]).
phrase('6/15,',[shapes([inputmatch(['6',/,'15']),features([fraction]),tokens(['6','15'])]),punc([inputmatch([',']),tokens([])])],484/5,[]).
candidates(0,0,0,0,[]).
mappings([]).
phrase('the pupils',[det([lexmatch([the]),inputmatch([the]),tag(det),tokens([the])]),head([lexmatch([pupils]),inputmatch([pupils]),tag(noun),tokens([pupils])])],490/10,[]).
candidates(2,1,0,1,[]).
mappings([map(-1000,[ev(-1000,'C0034121','Pupils','Pupil',[pupils],[bpoc],[[[1,1],[1,1],0]],yes,no,['CHV','FMA','MSH','MTH','SNMI','SNOMEDCT_US'],[494/6],0,0)])]).
phrase(were,[aux([lexmatch([were]),inputmatch([were]),tag(aux),tokens([were])])],501/4,[]).
candidates(0,0,0,0,[]).
mappings([]).
phrase(asymmetrical,[head([lexmatch([asymmetrical]),inputmatch([asymmetrical]),tag(adj),tokens([asymmetrical])])],506/12,[]).
candidates(1,0,0,1,[]).
mappings([map(-1000,[ev(-1000,'C0332514','Asymmetrical','Asymmetry',[asymmetrical],[spco],[[[1,1],[1,1],0]],yes,no,['NLMSubSyn','SNMI','SNOMEDCT_US'],[506/12],0,0)])]).
phrase(and,[conj([lexmatch([and]),inputmatch([and]),tag(conj),tokens([and])])],519/3,[]).
candidates(0,0,0,0,[]).
mappings([]).
phrase('movement of the right upper',[head([lexmatch([movement]),inputmatch([movement]),tag(noun),tokens([movement])]),prep([lexmatch([of]),inputmatch([of]),tag(prep),tokens([of])]),det([lexmatch([the]),inputmatch([the]),tag(det),tokens([the])]),mod([lexmatch([right]),inputmatch([right]),tag(adj),tokens([right])]),mod([lexmatch([upper]),inputmatch([upper]),tag(adj),tokens([upper])])],523/27,[]).
candidates(4,0,0,4,[]).
mappings([map(-745,[ev(-760,'C0026649','Movement','Movement',[movement],[orgf],[[[1,1],[1,1],0]],yes,no,['CHV','CSP','LCH','MTH','SNOMEDCT_US'],[523/8],0,0),ev(-640,'C1180150','right upper','Right superior',[right,upper],[spco],[[[4,4],[1,1],0],[[5,5],[2,2],0]],no,no,['FMA','NLMSubSyn'],[539/11],0,0)])]).
phrase(and,[conj([lexmatch([and]),inputmatch([and]),tag(conj),tokens([and])])],551/3,[]).
candidates(0,0,0,0,[]).
mappings([]).
phrase('lower extremities',[head([lexmatch(['lower extremities']),inputmatch([lower,extremities]),tag(noun),tokens([lower,extremities])])],555/17,[]).
candidates(12,6,0,6,[]).
mappings([map(-1000,[ev(-1000,'C0023216','LOWER EXTREMITIES','Lower Extremity',[lower,extremities],[blor],[[[1,2],[1,2],0]],yes,no,['FMA','ICF','MSH','MTH','SNMI','SNOMEDCT_US','SNOMEDCT_VET'],[555/17],0,0)])]).
phrase(was,[aux([lexmatch([was]),inputmatch([was]),tag(aux),tokens([was])])],573/3,[]).
candidates(0,0,0,0,[]).
mappings([]).
phrase('impaired.',[verb([lexmatch([impaired]),inputmatch([impaired]),tag(verb),tokens([impaired])]),punc([inputmatch(['.']),tokens([])])],577/9,[]).
candidates(2,0,0,2,[]).
mappings([map(-1000,[ev(-1000,'C0221099','Impaired','Impaired',[impaired],[ftcn],[[[1,1],[1,1],0]],yes,no,['CHV','MTH','SNM'],[577/8],0,0)]),map(-1000,[ev(-1000,'C0684336','Impaired','Impaired health',[impaired],[patf],[[[1,1],[1,1],0]],yes,no,['CHV','LNC','MTH','NCI','SNOMEDCT_US'],[577/8],0,0)])]).
'EOU'.
utterance('00000000.tx.8',"The neurosurgical team advised deferring the CT scan in favor of initiating immediate treatment. ",587/97,[683]).
phrase('The neurosurgical team',[det([lexmatch([the]),inputmatch(['The']),tag(det),tokens([the])]),mod([lexmatch([neurosurgical]),inputmatch([neurosurgical]),tag(adj),tokens([neurosurgical])]),head([lexmatch([team]),inputmatch([team]),tag(noun),tokens([team])])],587/22,[]).
candidates(1,0,0,1,[]).
mappings([map(-861,[ev(-861,'C0871489','Team','Team',[team],[grup],[[[2,2],[1,1],0]],yes,no,['CHV','NCI'],[605/4],0,0)])]).
phrase(advised,[verb([lexmatch([advised]),inputmatch([advised]),tag(verb),tokens([advised])])],610/7,[]).
candidates(0,0,0,0,[]).
mappings([]).
phrase(deferring,[verb([lexmatch([deferring]),inputmatch([deferring]),tag(verb),tokens([deferring])])],618/9,[]).
candidates(1,0,0,1,[]).
mappings([map(-966,[ev(-966,'C0205421','Defer','Deferred',[defer],[tmco],[[[1,1],[1,1],1]],yes,no,['MTH','NCI','SNMI'],[618/9],0,0)])]).
phrase('the CT scan in favor of initiating immediate treatment.',[det([lexmatch([the]),inputmatch([the]),tag(det),tokens([the])]),head([lexmatch(['ct scan']),inputmatch(['CT',scan]),tag(noun),tokens([ct,scan])]),prep([lexmatch(['in favor of']),inputmatch([in,favor,of]),tag(prep),tokens([in,favor,of])]),mod([lexmatch([initiating]),inputmatch([initiating]),tag(noun),tokens([initiating])]),mod([lexmatch([immediate]),inputmatch([immediate]),tag(adj),tokens([immediate])]),mod([lexmatch([treatment]),inputmatch([treatment]),tag(noun),tokens([treatment])]),punc([inputmatch(['.']),tokens([])])],628/55,[]).
candidates(17,1,0,16,[]).
mappings([map(-673,[ev(-764,'C0040405','CT SCAN','X-Ray Computed Tomography',[ct,scan],[diap],[[[2,3],[1,2],0]],yes,no,['AOD','CHV','CSP','MEDLINEPLUS','MSH','MTH','MTHICD9','NCI','NLMSubSyn','PDQ','SNM','SNMI','SNOMEDCT_US'],[632/7],0,0),ev(-575,'C0309049','FAVOR','FAVOR',[favor],[orch,phsu,vita],[[[5,5],[1,1],0]],no,no,['CHV','SNMI'],[643/5],0,0),ev(-542,'C1548602','Initiate','Initiate (source type)',[initiate],[idcn],[[[7,7],[1,1],1]],no,no,['HL7V2.5','MTH'],[652/10],0,0),ev(-575,'C0205253','Immediate','Immediate',[immediate],[tmco],[[[8,8],[1,1],0]],no,no,['MTH'],[663/9],0,0),ev(-575,'C0039798',treatment,'therapeutic aspects',[treatment],[ftcn],[[[9,9],[1,1],0]],no,no,['MSH','MTH','NLMSubSyn'],[673/9],0,0)]),map(-673,[ev(-764,'C0040405','CT SCAN','X-Ray Computed Tomography',[ct,scan],[diap],[[[2,3],[1,2],0]],yes,no,['AOD','CHV','CSP','MEDLINEPLUS','MSH','MTH','MTHICD9','NCI','NLMSubSyn','PDQ','SNM','SNMI','SNOMEDCT_US'],[632/7],0,0),ev(-575,'C0309049','FAVOR','FAVOR',[favor],[orch,phsu,vita],[[[5,5],[1,1],0]],no,no,['CHV','SNMI'],[643/5],0,0),ev(-542,'C1548602','Initiate','Initiate (source type)',[initiate],[idcn],[[[7,7],[1,1],1]],no,no,['HL7V2.5','MTH'],[652/10],0,0),ev(-575,'C0205253','Immediate','Immediate',[immediate],[tmco],[[[8,8],[1,1],0]],no,no,['MTH'],[663/9],0,0),ev(-575,'C0087111','Treatment','Therapeutic procedure',[treatment],[topp],[[[9,9],[1,1],0]],no,no,['AOD','CHV','LNC','MSH','MTH','MTHHH','NCI','NLMSubSyn','SNOMEDCT_US'],[673/9],0,0)]),map(-673,[ev(-764,'C0040405','CT SCAN','X-Ray Computed Tomography',[ct,scan],[diap],[[[2,3],[1,2],0]],yes,no,['AOD','CHV','CSP','MEDLINEPLUS','MSH','MTH','MTHICD9','NCI','NLMSubSyn','PDQ','SNM','SNMI','SNOMEDCT_US'],[632/7],0,0),ev(-575,'C0309049','FAVOR','FAVOR',[favor],[orch,phsu,vita],[[[5,5],[1,1],0]],no,no,['CHV','SNMI'],[643/5],0,0),ev(-542,'C1548602','Initiate','Initiate (source type)',[initiate],[idcn],[[[7,7],[1,1],1]],no,no,['HL7V2.5','MTH'],[652/10],0,0),ev(-575,'C0205253','Immediate','Immediate',[immediate],[tmco],[[[8,8],[1,1],0]],no,no,['MTH'],[663/9],0,0),ev(-575,'C1522326','Treatment','Treating',[treatment],[ftcn],[[[9,9],[1,1],0]],no,no,['MTH','NCI'],[673/9],0,0)]),map(-673,[ev(-764,'C0040405','CT SCAN','X-Ray Computed Tomography',[ct,scan],[diap],[[[2,3],[1,2],0]],yes,no,['AOD','CHV','CSP','MEDLINEPLUS','MSH','MTH','MTHICD9','NCI','NLMSubSyn','PDQ','SNM','SNMI','SNOMEDCT_US'],[632/7],0,0),ev(-575,'C0309049','FAVOR','FAVOR',[favor],[orch,phsu,vita],[[[5,5],[1,1],0]],no,no,['CHV','SNMI'],[643/5],0,0),ev(-542,'C1548602','Initiate','Initiate (source type)',[initiate],[idcn],[[[7,7],[1,1],1]],no,no,['HL7V2.5','MTH'],[652/10],0,0),ev(-575,'C0205253','Immediate','Immediate',[immediate],[tmco],[[[8,8],[1,1],0]],no,no,['MTH'],[663/9],0,0),ev(-575,'C1533734','Treatment','Administration procedure',[treatment],[topp],[[[9,9],[1,1],0]],no,no,['MTH','NCI','NLMSubSyn','SNOMEDCT_US'],[673/9],0,0)]),map(-673,[ev(-764,'C0040405','CT SCAN','X-Ray Computed Tomography',[ct,scan],[diap],[[[2,3],[1,2],0]],yes,no,['AOD','CHV','CSP','MEDLINEPLUS','MSH','MTH','MTHICD9','NCI','NLMSubSyn','PDQ','SNM','SNMI','SNOMEDCT_US'],[632/7],0,0),ev(-575,'C0309049','FAVOR','FAVOR',[favor],[orch,phsu,vita],[[[5,5],[1,1],0]],no,no,['CHV','SNMI'],[643/5],0,0),ev(-542,'C1548602','Initiate','Initiate (source type)',[initiate],[idcn],[[[7,7],[1,1],1]],no,no,['HL7V2.5','MTH'],[652/10],0,0),ev(-575,'C0205253','Immediate','Immediate',[immediate],[tmco],[[[8,8],[1,1],0]],no,no,['MTH'],[663/9],0,0),ev(-575,'C1705169','Treatment','Biomaterial Treatment',[treatment],[cnce],[[[9,9],[1,1],0]],no,no,['MTH','NCI'],[673/9],0,0)]),map(-673,[ev(-764,'C0040405','CT SCAN','X-Ray Computed Tomography',[ct,scan],[diap],[[[2,3],[1,2],0]],yes,no,['AOD','CHV','CSP','MEDLINEPLUS','MSH','MTH','MTHICD9','NCI','NLMSubSyn','PDQ','SNM','SNMI','SNOMEDCT_US'],[632/7],0,0),ev(-575,'C0309049','FAVOR','FAVOR',[favor],[orch,phsu,vita],[[[5,5],[1,1],0]],no,no,['CHV','SNMI'],[643/5],0,0),ev(-542,'C1548602','Initiate','Initiate (source type)',[initiate],[idcn],[[[7,7],[1,1],1]],no,no,['HL7V2.5','MTH'],[652/10],0,0),ev(-575,'C0205253','Immediate','Immediate',[immediate],[tmco],[[[8,8],[1,1],0]],no,no,['MTH'],[663/9],0,0),ev(-575,'C3538994','TREATMENT','Treatment Epoch',[treatment],[resa],[[[9,9],[1,1],0]],no,no,['MTH','NCI','NLMSubSyn'],[673/9],0,0)]),map(-673,[ev(-764,'C0040405','CT SCAN','X-Ray Computed Tomography',[ct,scan],[diap],[[[2,3],[1,2],0]],yes,no,['AOD','CHV','CSP','MEDLINEPLUS','MSH','MTH','MTHICD9','NCI','NLMSubSyn','PDQ','SNM','SNMI','SNOMEDCT_US'],[632/7],0,0),ev(-575,'C0309049','FAVOR','FAVOR',[favor],[orch,phsu,vita],[[[5,5],[1,1],0]],no,no,['CHV','SNMI'],[643/5],0,0),ev(-542,'C1548602','Initiate','Initiate (source type)',[initiate],[idcn],[[[7,7],[1,1],1]],no,no,['HL7V2.5','MTH'],[652/10],0,0),ev(-575,'C0205548','Immediate','Stat (do immediately)',[immediate],[tmco],[[[8,8],[1,1],0]],no,no,['HL7V2.5','NCI','SNOMEDCT_US'],[663/9],0,0),ev(-575,'C0039798',treatment,'therapeutic aspects',[treatment],[ftcn],[[[9,9],[1,1],0]],no,no,['MSH','MTH','NLMSubSyn'],[673/9],0,0)]),map(-673,[ev(-764,'C0040405','CT SCAN','X-Ray Computed Tomography',[ct,scan],[diap],[[[2,3],[1,2],0]],yes,no,['AOD','CHV','CSP','MEDLINEPLUS','MSH','MTH','MTHICD9','NCI','NLMSubSyn','PDQ','SNM','SNMI','SNOMEDCT_US'],[632/7],0,0),ev(-575,'C0309049','FAVOR','FAVOR',[favor],[orch,phsu,vita],[[[5,5],[1,1],0]],no,no,['CHV','SNMI'],[643/5],0,0),ev(-542,'C1548602','Initiate','Initiate (source type)',[initiate],[idcn],[[[7,7],[1,1],1]],no,no,['HL7V2.5','MTH'],[652/10],0,0),ev(-575,'C0205548','Immediate','Stat (do immediately)',[immediate],[tmco],[[[8,8],[1,1],0]],no,no,['HL7V2.5','NCI','SNOMEDCT_US'],[663/9],0,0),ev(-575,'C0087111','Treatment','Therapeutic procedure',[treatment],[topp],[[[9,9],[1,1],0]],no,no,['AOD','CHV','LNC','MSH','MTH','MTHHH','NCI','NLMSubSyn','SNOMEDCT_US'],[673/9],0,0)]),map(-673,[ev(-764,'C0040405','CT SCAN','X-Ray Computed Tomography',[ct,scan],[diap],[[[2,3],[1,2],0]],yes,no,['AOD','CHV','CSP','MEDLINEPLUS','MSH','MTH','MTHICD9','NCI','NLMSubSyn','PDQ','SNM','SNMI','SNOMEDCT_US'],[632/7],0,0),ev(-575,'C0309049','FAVOR','FAVOR',[favor],[orch,phsu,vita],[[[5,5],[1,1],0]],no,no,['CHV','SNMI'],[643/5],0,0),ev(-542,'C1548602','Initiate','Initiate (source type)',[initiate],[idcn],[[[7,7],[1,1],1]],no,no,['HL7V2.5','MTH'],[652/10],0,0),ev(-575,'C0205548','Immediate','Stat (do immediately)',[immediate],[tmco],[[[8,8],[1,1],0]],no,no,['HL7V2.5','NCI','SNOMEDCT_US'],[663/9],0,0),ev(-575,'C1522326','Treatment','Treating',[treatment],[ftcn],[[[9,9],[1,1],0]],no,no,['MTH','NCI'],[673/9],0,0)]),map(-673,[ev(-764,'C0040405','CT SCAN','X-Ray Computed Tomography',[ct,scan],[diap],[[[2,3],[1,2],0]],yes,no,['AOD','CHV','CSP','MEDLINEPLUS','MSH','MTH','MTHICD9','NCI','NLMSubSyn','PDQ','SNM','SNMI','SNOMEDCT_US'],[632/7],0,0),ev(-575,'C0309049','FAVOR','FAVOR',[favor],[orch,phsu,vita],[[[5,5],[1,1],0]],no,no,['CHV','SNMI'],[643/5],0,0),ev(-542,'C1548602','Initiate','Initiate (source type)',[initiate],[idcn],[[[7,7],[1,1],1]],no,no,['HL7V2.5','MTH'],[652/10],0,0),ev(-575,'C0205548','Immediate','Stat (do immediately)',[immediate],[tmco],[[[8,8],[1,1],0]],no,no,['HL7V2.5','NCI','SNOMEDCT_US'],[663/9],0,0),ev(-575,'C1533734','Treatment','Administration procedure',[treatment],[topp],[[[9,9],[1,1],0]],no,no,['MTH','NCI','NLMSubSyn','SNOMEDCT_US'],[673/9],0,0)]),map(-673,[ev(-764,'C0040405','CT SCAN','X-Ray Computed Tomography',[ct,scan],[diap],[[[2,3],[1,2],0]],yes,no,['AOD','CHV','CSP','MEDLINEPLUS','MSH','MTH','MTHICD9','NCI','NLMSubSyn','PDQ','SNM','SNMI','SNOMEDCT_US'],[632/7],0,0),ev(-575,'C0309049','FAVOR','FAVOR',[favor],[orch,phsu,vita],[[[5,5],[1,1],0]],no,no,['CHV','SNMI'],[643/5],0,0),ev(-542,'C1548602','Initiate','Initiate (source type)',[initiate],[idcn],[[[7,7],[1,1],1]],no,no,['HL7V2.5','MTH'],[652/10],0,0),ev(-575,'C0205548','Immediate','Stat (do immediately)',[immediate],[tmco],[[[8,8],[1,1],0]],no,no,['HL7V2.5','NCI','SNOMEDCT_US'],[663/9],0,0),ev(-575,'C1705169','Treatment','Biomaterial Treatment',[treatment],[cnce],[[[9,9],[1,1],0]],no,no,['MTH','NCI'],[673/9],0,0)]),map(-673,[ev(-764,'C0040405','CT SCAN','X-Ray Computed Tomography',[ct,scan],[diap],[[[2,3],[1,2],0]],yes,no,['AOD','CHV','CSP','MEDLINEPLUS','MSH','MTH','MTHICD9','NCI','NLMSubSyn','PDQ','SNM','SNMI','SNOMEDCT_US'],[632/7],0,0),ev(-575,'C0309049','FAVOR','FAVOR',[favor],[orch,phsu,vita],[[[5,5],[1,1],0]],no,no,['CHV','SNMI'],[643/5],0,0),ev(-542,'C1548602','Initiate','Initiate (source type)',[initiate],[idcn],[[[7,7],[1,1],1]],no,no,['HL7V2.5','MTH'],[652/10],0,0),ev(-575,'C0205548','Immediate','Stat (do immediately)',[immediate],[tmco],[[[8,8],[1,1],0]],no,no,['HL7V2.5','NCI','SNOMEDCT_US'],[663/9],0,0),ev(-575,'C3538994','TREATMENT','Treatment Epoch',[treatment],[resa],[[[9,9],[1,1],0]],no,no,['MTH','NCI','NLMSubSyn'],[673/9],0,0)]),map(-673,[ev(-764,'C0040405','CT SCAN','X-Ray Computed Tomography',[ct,scan],[diap],[[[2,3],[1,2],0]],yes,no,['AOD','CHV','CSP','MEDLINEPLUS','MSH','MTH','MTHICD9','NCI','NLMSubSyn','PDQ','SNM','SNMI','SNOMEDCT_US'],[632/7],0,0),ev(-575,'C0309049','FAVOR','FAVOR',[favor],[orch,phsu,vita],[[[5,5],[1,1],0]],no,no,['CHV','SNMI'],[643/5],0,0),ev(-542,'C1704686','Initiate','Initiation',[initiate],[ftcn],[[[7,7],[1,1],1]],no,no,['MTH','NCI'],[652/10],0,0),ev(-575,'C0205253','Immediate','Immediate',[immediate],[tmco],[[[8,8],[1,1],0]],no,no,['MTH'],[663/9],0,0),ev(-575,'C0039798',treatment,'therapeutic aspects',[treatment],[ftcn],[[[9,9],[1,1],0]],no,no,['MSH','MTH','NLMSubSyn'],[673/9],0,0)]),map(-673,[ev(-764,'C0040405','CT SCAN','X-Ray Computed Tomography',[ct,scan],[diap],[[[2,3],[1,2],0]],yes,no,['AOD','CHV','CSP','MEDLINEPLUS','MSH','MTH','MTHICD9','NCI','NLMSubSyn','PDQ','SNM','SNMI','SNOMEDCT_US'],[632/7],0,0),ev(-575,'C0309049','FAVOR','FAVOR',[favor],[orch,phsu,vita],[[[5,5],[1,1],0]],no,no,['CHV','SNMI'],[643/5],0,0),ev(-542,'C1704686','Initiate','Initiation',[initiate],[ftcn],[[[7,7],[1,1],1]],no,no,['MTH','NCI'],[652/10],0,0),ev(-575,'C0205253','Immediate','Immediate',[immediate],[tmco],[[[8,8],[1,1],0]],no,no,['MTH'],[663/9],0,0),ev(-575,'C0087111','Treatment','Therapeutic procedure',[treatment],[topp],[[[9,9],[1,1],0]],no,no,['AOD','CHV','LNC','MSH','MTH','MTHHH','NCI','NLMSubSyn','SNOMEDCT_US'],[673/9],0,0)]),map(-673,[ev(-764,'C0040405','CT SCAN','X-Ray Computed Tomography',[ct,scan],[diap],[[[2,3],[1,2],0]],yes,no,['AOD','CHV','CSP','MEDLINEPLUS','MSH','MTH','MTHICD9','NCI','NLMSubSyn','PDQ','SNM','SNMI','SNOMEDCT_US'],[632/7],0,0),ev(-575,'C0309049','FAVOR','FAVOR',[favor],[orch,phsu,vita],[[[5,5],[1,1],0]],no,no,['CHV','SNMI'],[643/5],0,0),ev(-542,'C1704686','Initiate','Initiation',[initiate],[ftcn],[[[7,7],[1,1],1]],no,no,['MTH','NCI'],[652/10],0,0),ev(-575,'C0205253','Immediate','Immediate',[immediate],[tmco],[[[8,8],[1,1],0]],no,no,['MTH'],[663/9],0,0),ev(-575,'C1522326','Treatment','Treating',[treatment],[ftcn],[[[9,9],[1,1],0]],no,no,['MTH','NCI'],[673/9],0,0)]),map(-673,[ev(-764,'C0040405','CT SCAN','X-Ray Computed Tomography',[ct,scan],[diap],[[[2,3],[1,2],0]],yes,no,['AOD','CHV','CSP','MEDLINEPLUS','MSH','MTH','MTHICD9','NCI','NLMSubSyn','PDQ','SNM','SNMI','SNOMEDCT_US'],[632/7],0,0),ev(-575,'C0309049','FAVOR','FAVOR',[favor],[orch,phsu,vita],[[[5,5],[1,1],0]],no,no,['CHV','SNMI'],[643/5],0,0),ev(-542,'C1704686','Initiate','Initiation',[initiate],[ftcn],[[[7,7],[1,1],1]],no,no,['MTH','NCI'],[652/10],0,0),ev(-575,'C0205253','Immediate','Immediate',[immediate],[tmco],[[[8,8],[1,1],0]],no,no,['MTH'],[663/9],0,0),ev(-575,'C1533734','Treatment','Administration procedure',[treatment],[topp],[[[9,9],[1,1],0]],no,no,['MTH','NCI','NLMSubSyn','SNOMEDCT_US'],[673/9],0,0)]),map(-673,[ev(-764,'C0040405','CT SCAN','X-Ray Computed Tomography',[ct,scan],[diap],[[[2,3],[1,2],0]],yes,no,['AOD','CHV','CSP','MEDLINEPLUS','MSH','MTH','MTHICD9','NCI','NLMSubSyn','PDQ','SNM','SNMI','SNOMEDCT_US'],[632/7],0,0),ev(-575,'C0309049','FAVOR','FAVOR',[favor],[orch,phsu,vita],[[[5,5],[1,1],0]],no,no,['CHV','SNMI'],[643/5],0,0),ev(-542,'C1704686','Initiate','Initiation',[initiate],[ftcn],[[[7,7],[1,1],1]],no,no,['MTH','NCI'],[652/10],0,0),ev(-575,'C0205253','Immediate','Immediate',[immediate],[tmco],[[[8,8],[1,1],0]],no,no,['MTH'],[663/9],0,0),ev(-575,'C1705169','Treatment','Biomaterial Treatment',[treatment],[cnce],[[[9,9],[1,1],0]],no,no,['MTH','NCI'],[673/9],0,0)]),map(-673,[ev(-764,'C0040405','CT SCAN','X-Ray Computed Tomography',[ct,scan],[diap],[[[2,3],[1,2],0]],yes,no,['AOD','CHV','CSP','MEDLINEPLUS','MSH','MTH','MTHICD9','NCI','NLMSubSyn','PDQ','SNM','SNMI','SNOMEDCT_US'],[632/7],0,0),ev(-575,'C0309049','FAVOR','FAVOR',[favor],[orch,phsu,vita],[[[5,5],[1,1],0]],no,no,['CHV','SNMI'],[643/5],0,0),ev(-542,'C1704686','Initiate','Initiation',[initiate],[ftcn],[[[7,7],[1,1],1]],no,no,['MTH','NCI'],[652/10],0,0),ev(-575,'C0205253','Immediate','Immediate',[immediate],[tmco],[[[8,8],[1,1],0]],no,no,['MTH'],[663/9],0,0),ev(-575,'C3538994','TREATMENT','Treatment Epoch',[treatment],[resa],[[[9,9],[1,1],0]],no,no,['MTH','NCI','NLMSubSyn'],[673/9],0,0)]),map(-673,[ev(-764,'C0040405','CT SCAN','X-Ray Computed Tomography',[ct,scan],[diap],[[[2,3],[1,2],0]],yes,no,['AOD','CHV','CSP','MEDLINEPLUS','MSH','MTH','MTHICD9','NCI','NLMSubSyn','PDQ','SNM','SNMI','SNOMEDCT_US'],[632/7],0,0),ev(-575,'C0309049','FAVOR','FAVOR',[favor],[orch,phsu,vita],[[[5,5],[1,1],0]],no,no,['CHV','SNMI'],[643/5],0,0),ev(-542,'C1704686','Initiate','Initiation',[initiate],[ftcn],[[[7,7],[1,1],1]],no,no,['MTH','NCI'],[652/10],0,0),ev(-575,'C0205548','Immediate','Stat (do immediately)',[immediate],[tmco],[[[8,8],[1,1],0]],no,no,['HL7V2.5','NCI','SNOMEDCT_US'],[663/9],0,0),ev(-575,'C0039798',treatment,'therapeutic aspects',[treatment],[ftcn],[[[9,9],[1,1],0]],no,no,['MSH','MTH','NLMSubSyn'],[673/9],0,0)]),map(-673,[ev(-764,'C0040405','CT SCAN','X-Ray Computed Tomography',[ct,scan],[diap],[[[2,3],[1,2],0]],yes,no,['AOD','CHV','CSP','MEDLINEPLUS','MSH','MTH','MTHICD9','NCI','NLMSubSyn','PDQ','SNM','SNMI','SNOMEDCT_US'],[632/7],0,0),ev(-575,'C0309049','FAVOR','FAVOR',[favor],[orch,phsu,vita],[[[5,5],[1,1],0]],no,no,['CHV','SNMI'],[643/5],0,0),ev(-542,'C1704686','Initiate','Initiation',[initiate],[ftcn],[[[7,7],[1,1],1]],no,no,['MTH','NCI'],[652/10],0,0),ev(-575,'C0205548','Immediate','Stat (do immediately)',[immediate],[tmco],[[[8,8],[1,1],0]],no,no,['HL7V2.5','NCI','SNOMEDCT_US'],[663/9],0,0),ev(-575,'C0087111','Treatment','Therapeutic procedure',[treatment],[topp],[[[9,9],[1,1],0]],no,no,['AOD','CHV','LNC','MSH','MTH','MTHHH','NCI','NLMSubSyn','SNOMEDCT_US'],[673/9],0,0)]),map(-673,[ev(-764,'C0040405','CT SCAN','X-Ray Computed Tomography',[ct,scan],[diap],[[[2,3],[1,2],0]],yes,no,['AOD','CHV','CSP','MEDLINEPLUS','MSH','MTH','MTHICD9','NCI','NLMSubSyn','PDQ','SNM','SNMI','SNOMEDCT_US'],[632/7],0,0),ev(-575,'C0309049','FAVOR','FAVOR',[favor],[orch,phsu,vita],[[[5,5],[1,1],0]],no,no,['CHV','SNMI'],[643/5],0,0),ev(-542,'C1704686','Initiate','Initiation',[initiate],[ftcn],[[[7,7],[1,1],1]],no,no,['MTH','NCI'],[652/10],0,0),ev(-575,'C0205548','Immediate','Stat (do immediately)',[immediate],[tmco],[[[8,8],[1,1],0]],no,no,['HL7V2.5','NCI','SNOMEDCT_US'],[663/9],0,0),ev(-575,'C1522326','Treatment','Treating',[treatment],[ftcn],[[[9,9],[1,1],0]],no,no,['MTH','NCI'],[673/9],0,0)]),map(-673,[ev(-764,'C0040405','CT SCAN','X-Ray Computed Tomography',[ct,scan],[diap],[[[2,3],[1,2],0]],yes,no,['AOD','CHV','CSP','MEDLINEPLUS','MSH','MTH','MTHICD9','NCI','NLMSubSyn','PDQ','SNM','SNMI','SNOMEDCT_US'],[632/7],0,0),ev(-575,'C0309049','FAVOR','FAVOR',[favor],[orch,phsu,vita],[[[5,5],[1,1],0]],no,no,['CHV','SNMI'],[643/5],0,0),ev(-542,'C1704686','Initiate','Initiation',[initiate],[ftcn],[[[7,7],[1,1],1]],no,no,['MTH','NCI'],[652/10],0,0),ev(-575,'C0205548','Immediate','Stat (do immediately)',[immediate],[tmco],[[[8,8],[1,1],0]],no,no,['HL7V2.5','NCI','SNOMEDCT_US'],[663/9],0,0),ev(-575,'C1533734','Treatment','Administration procedure',[treatment],[topp],[[[9,9],[1,1],0]],no,no,['MTH','NCI','NLMSubSyn','SNOMEDCT_US'],[673/9],0,0)]),map(-673,[ev(-764,'C0040405','CT SCAN','X-Ray Computed Tomography',[ct,scan],[diap],[[[2,3],[1,2],0]],yes,no,['AOD','CHV','CSP','MEDLINEPLUS','MSH','MTH','MTHICD9','NCI','NLMSubSyn','PDQ','SNM','SNMI','SNOMEDCT_US'],[632/7],0,0),ev(-575,'C0309049','FAVOR','FAVOR',[favor],[orch,phsu,vita],[[[5,5],[1,1],0]],no,no,['CHV','SNMI'],[643/5],0,0),ev(-542,'C1704686','Initiate','Initiation',[initiate],[ftcn],[[[7,7],[1,1],1]],no,no,['MTH','NCI'],[652/10],0,0),ev(-575,'C0205548','Immediate','Stat (do immediately)',[immediate],[tmco],[[[8,8],[1,1],0]],no,no,['HL7V2.5','NCI','SNOMEDCT_US'],[663/9],0,0),ev(-575,'C1705169','Treatment','Biomaterial Treatment',[treatment],[cnce],[[[9,9],[1,1],0]],no,no,['MTH','NCI'],[673/9],0,0)]),map(-673,[ev(-764,'C0040405','CT SCAN','X-Ray Computed Tomography',[ct,scan],[diap],[[[2,3],[1,2],0]],yes,no,['AOD','CHV','CSP','MEDLINEPLUS','MSH','MTH','MTHICD9','NCI','NLMSubSyn','PDQ','SNM','SNMI','SNOMEDCT_US'],[632/7],0,0),ev(-575,'C0309049','FAVOR','FAVOR',[favor],[orch,phsu,vita],[[[5,5],[1,1],0]],no,no,['CHV','SNMI'],[643/5],0,0),ev(-542,'C1704686','Initiate','Initiation',[initiate],[ftcn],[[[7,7],[1,1],1]],no,no,['MTH','NCI'],[652/10],0,0),ev(-575,'C0205548','Immediate','Stat (do immediately)',[immediate],[tmco],[[[8,8],[1,1],0]],no,no,['HL7V2.5','NCI','SNOMEDCT_US'],[663/9],0,0),ev(-575,'C3538994','TREATMENT','Treatment Epoch',[treatment],[resa],[[[9,9],[1,1],0]],no,no,['MTH','NCI','NLMSubSyn'],[673/9],0,0)])]).
'EOU'.
utterance('00000000.tx.9',"8-year-old boy with decreased level of consciousness 30 minutes after falling from his bike and hitting his head. ",684/114,[]).
phrase('8-year-old boy with decreased level of consciousness 30 minutes',[shapes([inputmatch(['8']),features([integer]),tokens(['8'])]),punc([inputmatch([-]),tokens([])]),mod([lexmatch([year]),inputmatch([year]),tag(noun),tokens([year])]),punc([inputmatch([-]),tokens([])]),mod([lexmatch([old]),inputmatch([old]),tag(noun),tokens([old])]),head([lexmatch([boy]),inputmatch([boy]),tag(noun),tokens([boy])]),prep([lexmatch([with]),inputmatch([with]),tag(prep),tokens([with])]),mod([lexmatch([decreased]),inputmatch([decreased]),tag(adj),tokens([decreased])]),mod([lexmatch([level]),inputmatch([level]),tag(noun),tokens([level])]),prep([lexmatch([of]),inputmatch([of]),tag(prep),tokens([of])]),mod([lexmatch([consciousness]),inputmatch([consciousness]),tag(noun),tokens([consciousness])]),shapes([inputmatch(['30']),features([integer]),tokens(['30'])]),mod([lexmatch([minutes]),inputmatch([minutes]),tag(noun),tokens([minutes])])],684/63,[]).
candidates(25,1,0,24,[]).
mappings([map(-740,[ev(-571,'C0439234',year,year,[year],[tmco],[[[2,2],[1,1],0]],no,no,['MTH','NCI','SNOMEDCT_US'],[686/4],0,0),ev(-571,'C0580836','Old','Old',[old],[tmco],[[[3,3],[1,1],0]],no,no,['MTH'],[691/3],0,0),ev(-738,'C0870221','Boy','Male child',[boy],[aggp],[[[4,4],[1,1],0]],yes,no,['CHV','NLMSubSyn','SNOMEDCT_US'],[695/3],0,0),ev(-630,'C1821572','Decreased level of consciousness','Decreased level of consciousness',[decreased,level,of,consciousness],[fndg],[[[6,6],[1,1],0],[[7,7],[2,2],0],[[8,8],[3,3],0],[[9,9],[4,4],0]],no,no,['NLMSubSyn','SNOMEDCT_US'],[704/32],0,0),ev(-589,'C0456693','/30 minutes','per 30 minutes',['30',minutes],[tmco],[[[10,10],[1,1],0],[[11,11],[2,2],0]],no,no,['CHV','MTH','SNOMEDCT_US'],[737/10],0,0)]),map(-740,[ev(-571,'C0439234',year,year,[year],[tmco],[[[2,2],[1,1],0]],no,no,['MTH','NCI','SNOMEDCT_US'],[686/4],0,0),ev(-571,'C0580836','Old','Old',[old],[tmco],[[[3,3],[1,1],0]],no,no,['MTH'],[691/3],0,0),ev(-738,'C0870221','Boy','Male child',[boy],[aggp],[[[4,4],[1,1],0]],yes,no,['CHV','NLMSubSyn','SNOMEDCT_US'],[695/3],0,0),ev(-630,'C1821572','Decreased level of consciousness','Decreased level of consciousness',[decreased,level,of,consciousness],[fndg],[[[6,6],[1,1],0],[[7,7],[2,2],0],[[8,8],[3,3],0],[[9,9],[4,4],0]],no,no,['NLMSubSyn','SNOMEDCT_US'],[704/32],0,0),ev(-589,'C1442458','30 Minutes','30 Minutes',['30',minutes],[tmco],[[[10,10],[1,1],0],[[11,11],[2,2],0]],no,no,['LNC','MTH','NCI'],[737/10],0,0)]),map(-740,[ev(-571,'C0439508','/year','per year',[year],[tmco],[[[2,2],[1,1],0]],no,no,['CHV','MTH','NCI','SNOMEDCT_US'],[686/4],0,0),ev(-571,'C0580836','Old','Old',[old],[tmco],[[[3,3],[1,1],0]],no,no,['MTH'],[691/3],0,0),ev(-738,'C0870221','Boy','Male child',[boy],[aggp],[[[4,4],[1,1],0]],yes,no,['CHV','NLMSubSyn','SNOMEDCT_US'],[695/3],0,0),ev(-630,'C1821572','Decreased level of consciousness','Decreased level of consciousness',[decreased,level,of,consciousness],[fndg],[[[6,6],[1,1],0],[[7,7],[2,2],0],[[8,8],[3,3],0],[[9,9],[4,4],0]],no,no,['NLMSubSyn','SNOMEDCT_US'],[704/32],0,0),ev(-589,'C0456693','/30 minutes','per 30 minutes',['30',minutes],[tmco],[[[10,10],[1,1],0],[[11,11],[2,2],0]],no,no,['CHV','MTH','SNOMEDCT_US'],[737/10],0,0)]),map(-740,[ev(-571,'C0439508','/year','per year',[year],[tmco],[[[2,2],[1,1],0]],no,no,['CHV','MTH','NCI','SNOMEDCT_US'],[686/4],0,0),ev(-571,'C0580836','Old','Old',[old],[tmco],[[[3,3],[1,1],0]],no,no,['MTH'],[691/3],0,0),ev(-738,'C0870221','Boy','Male child',[boy],[aggp],[[[4,4],[1,1],0]],yes,no,['CHV','NLMSubSyn','SNOMEDCT_US'],[695/3],0,0),ev(-630,'C1821572','Decreased level of consciousness','Decreased level of consciousness',[decreased,level,of,consciousness],[fndg],[[[6,6],[1,1],0],[[7,7],[2,2],0],[[8,8],[3,3],0],[[9,9],[4,4],0]],no,no,['NLMSubSyn','SNOMEDCT_US'],[704/32],0,0),ev(-589,'C1442458','30 Minutes','30 Minutes',['30',minutes],[tmco],[[[10,10],[1,1],0],[[11,11],[2,2],0]],no,no,['LNC','MTH','NCI'],[737/10],0,0)])]).
phrase('after falling from his bike',[prep([lexmatch([after]),inputmatch([after]),tag(prep),tokens([after])]),head([lexmatch([falling]),inputmatch([falling]),tag(noun),tokens([falling])]),prep([lexmatch([from]),inputmatch([from]),tag(prep),tokens([from])]),pron([lexmatch([his]),inputmatch([his]),tag(pron),tokens([his])]),mod([lexmatch([bike]),inputmatch([bike]),tag(noun),tokens([bike])])],748/27,[]).
candidates(9,1,0,8,[]).
mappings([map(-724,[ev(-593,'C0231290','After','Status post',[after],[tmco],[[[1,1],[1,1],0]],no,no,['MTH','SNOMEDCT_US'],[748/5],0,0),ev(-760,'C0085639','FALLING','Falls',[falling],[fndg],[[[2,2],[1,1],0]],yes,no,['CHV','DXP','ICD9CM','MTH','NLMSubSyn','SNOMEDCT_US'],[754/7],0,0),ev(-593,'C0019602','His','Histidine',[his],[aapp,bacs,phsu],[[[4,4],[1,1],0]],no,no,['MSH','MTH','NCI'],[767/3],0,0),ev(-593,'C0005375','Bike','Bicycle',[bike],[mnob],[[[5,5],[1,1],0]],no,no,['CHV','MTH','SNOMEDCT_US'],[771/4],0,0)]),map(-724,[ev(-593,'C0231290','After','Status post',[after],[tmco],[[[1,1],[1,1],0]],no,no,['MTH','SNOMEDCT_US'],[748/5],0,0),ev(-760,'C0085639','FALLING','Falls',[falling],[fndg],[[[2,2],[1,1],0]],yes,no,['CHV','DXP','ICD9CM','MTH','NLMSubSyn','SNOMEDCT_US'],[754/7],0,0),ev(-593,'C0019602','His','Histidine',[his],[aapp,bacs,phsu],[[[4,4],[1,1],0]],no,no,['MSH','MTH','NCI'],[767/3],0,0),ev(-593,'C0005377','Bike','Bicycling (recreational activity)',[bike],[dora],[[[5,5],[1,1],0]],no,no,['CHV','MSH','MTH','NCI'],[771/4],0,0)]),map(-724,[ev(-593,'C0231290','After','Status post',[after],[tmco],[[[1,1],[1,1],0]],no,no,['MTH','SNOMEDCT_US'],[748/5],0,0),ev(-760,'C0085639','FALLING','Falls',[falling],[fndg],[[[2,2],[1,1],0]],yes,no,['CHV','DXP','ICD9CM','MTH','NLMSubSyn','SNOMEDCT_US'],[754/7],0,0),ev(-593,'C0019602','His','Histidine',[his],[aapp,bacs,phsu],[[[4,4],[1,1],0]],no,no,['MSH','MTH','NCI'],[767/3],0,0),ev(-593,'C1425261','BIKe','BMP2K gene',[bike],[gngm],[[[5,5],[1,1],0]],no,no,['HGNC','MTH'],[771/4],0,0)]),map(-724,[ev(-593,'C0231290','After','Status post',[after],[tmco],[[[1,1],[1,1],0]],no,no,['MTH','SNOMEDCT_US'],[748/5],0,0),ev(-760,'C0085639','FALLING','Falls',[falling],[fndg],[[[2,2],[1,1],0]],yes,no,['CHV','DXP','ICD9CM','MTH','NLMSubSyn','SNOMEDCT_US'],[754/7],0,0),ev(-593,'C1412323','HIS','AKR1B10 gene',[his],[gngm],[[[4,4],[1,1],0]],no,no,['HGNC','MTH','OMIM'],[767/3],0,0),ev(-593,'C0005375','Bike','Bicycle',[bike],[mnob],[[[5,5],[1,1],0]],no,no,['CHV','MTH','SNOMEDCT_US'],[771/4],0,0)]),map(-724,[ev(-593,'C0231290','After','Status post',[after],[tmco],[[[1,1],[1,1],0]],no,no,['MTH','SNOMEDCT_US'],[748/5],0,0),ev(-760,'C0085639','FALLING','Falls',[falling],[fndg],[[[2,2],[1,1],0]],yes,no,['CHV','DXP','ICD9CM','MTH','NLMSubSyn','SNOMEDCT_US'],[754/7],0,0),ev(-593,'C1412323','HIS','AKR1B10 gene',[his],[gngm],[[[4,4],[1,1],0]],no,no,['HGNC','MTH','OMIM'],[767/3],0,0),ev(-593,'C0005377','Bike','Bicycling (recreational activity)',[bike],[dora],[[[5,5],[1,1],0]],no,no,['CHV','MSH','MTH','NCI'],[771/4],0,0)]),map(-724,[ev(-593,'C0231290','After','Status post',[after],[tmco],[[[1,1],[1,1],0]],no,no,['MTH','SNOMEDCT_US'],[748/5],0,0),ev(-760,'C0085639','FALLING','Falls',[falling],[fndg],[[[2,2],[1,1],0]],yes,no,['CHV','DXP','ICD9CM','MTH','NLMSubSyn','SNOMEDCT_US'],[754/7],0,0),ev(-593,'C1412323','HIS','AKR1B10 gene',[his],[gngm],[[[4,4],[1,1],0]],no,no,['HGNC','MTH','OMIM'],[767/3],0,0),ev(-593,'C1425261','BIKe','BMP2K gene',[bike],[gngm],[[[5,5],[1,1],0]],no,no,['HGNC','MTH'],[771/4],0,0)]),map(-724,[ev(-593,'C0687676','After','Post',[after],[tmco],[[[1,1],[1,1],0]],no,no,['MTH','NCI','SNOMEDCT_US'],[748/5],0,0),ev(-760,'C0085639','FALLING','Falls',[falling],[fndg],[[[2,2],[1,1],0]],yes,no,['CHV','DXP','ICD9CM','MTH','NLMSubSyn','SNOMEDCT_US'],[754/7],0,0),ev(-593,'C0019602','His','Histidine',[his],[aapp,bacs,phsu],[[[4,4],[1,1],0]],no,no,['MSH','MTH','NCI'],[767/3],0,0),ev(-593,'C0005375','Bike','Bicycle',[bike],[mnob],[[[5,5],[1,1],0]],no,no,['CHV','MTH','SNOMEDCT_US'],[771/4],0,0)]),map(-724,[ev(-593,'C0687676','After','Post',[after],[tmco],[[[1,1],[1,1],0]],no,no,['MTH','NCI','SNOMEDCT_US'],[748/5],0,0),ev(-760,'C0085639','FALLING','Falls',[falling],[fndg],[[[2,2],[1,1],0]],yes,no,['CHV','DXP','ICD9CM','MTH','NLMSubSyn','SNOMEDCT_US'],[754/7],0,0),ev(-593,'C0019602','His','Histidine',[his],[aapp,bacs,phsu],[[[4,4],[1,1],0]],no,no,['MSH','MTH','NCI'],[767/3],0,0),ev(-593,'C0005377','Bike','Bicycling (recreational activity)',[bike],[dora],[[[5,5],[1,1],0]],no,no,['CHV','MSH','MTH','NCI'],[771/4],0,0)]),map(-724,[ev(-593,'C0687676','After','Post',[after],[tmco],[[[1,1],[1,1],0]],no,no,['MTH','NCI','SNOMEDCT_US'],[748/5],0,0),ev(-760,'C0085639','FALLING','Falls',[falling],[fndg],[[[2,2],[1,1],0]],yes,no,['CHV','DXP','ICD9CM','MTH','NLMSubSyn','SNOMEDCT_US'],[754/7],0,0),ev(-593,'C0019602','His','Histidine',[his],[aapp,bacs,phsu],[[[4,4],[1,1],0]],no,no,['MSH','MTH','NCI'],[767/3],0,0),ev(-593,'C1425261','BIKe','BMP2K gene',[bike],[gngm],[[[5,5],[1,1],0]],no,no,['HGNC','MTH'],[771/4],0,0)]),map(-724,[ev(-593,'C0687676','After','Post',[after],[tmco],[[[1,1],[1,1],0]],no,no,['MTH','NCI','SNOMEDCT_US'],[748/5],0,0),ev(-760,'C0085639','FALLING','Falls',[falling],[fndg],[[[2,2],[1,1],0]],yes,no,['CHV','DXP','ICD9CM','MTH','NLMSubSyn','SNOMEDCT_US'],[754/7],0,0),ev(-593,'C1412323','HIS','AKR1B10 gene',[his],[gngm],[[[4,4],[1,1],0]],no,no,['HGNC','MTH','OMIM'],[767/3],0,0),ev(-593,'C0005375','Bike','Bicycle',[bike],[mnob],[[[5,5],[1,1],0]],no,no,['CHV','MTH','SNOMEDCT_US'],[771/4],0,0)]),map(-724,[ev(-593,'C0687676','After','Post',[after],[tmco],[[[1,1],[1,1],0]],no,no,['MTH','NCI','SNOMEDCT_US'],[748/5],0,0),ev(-760,'C0085639','FALLING','Falls',[falling],[fndg],[[[2,2],[1,1],0]],yes,no,['CHV','DXP','ICD9CM','MTH','NLMSubSyn','SNOMEDCT_US'],[754/7],0,0),ev(-593,'C1412323','HIS','AKR1B10 gene',[his],[gngm],[[[4,4],[1,1],0]],no,no,['HGNC','MTH','OMIM'],[767/3],0,0),ev(-593,'C0005377','Bike','Bicycling (recreational activity)',[bike],[dora],[[[5,5],[1,1],0]],no,no,['CHV','MSH','MTH','NCI'],[771/4],0,0)]),map(-724,[ev(-593,'C0687676','After','Post',[after],[tmco],[[[1,1],[1,1],0]],no,no,['MTH','NCI','SNOMEDCT_US'],[748/5],0,0),ev(-760,'C0085639','FALLING','Falls',[falling],[fndg],[[[2,2],[1,1],0]],yes,no,['CHV','DXP','ICD9CM','MTH','NLMSubSyn','SNOMEDCT_US'],[754/7],0,0),ev(-593,'C1412323','HIS','AKR1B10 gene',[his],[gngm],[[[4,4],[1,1],0]],no,no,['HGNC','MTH','OMIM'],[767/3],0,0),ev(-593,'C1425261','BIKe','BMP2K gene',[bike],[gngm],[[[5,5],[1,1],0]],no,no,['HGNC','MTH'],[771/4],0,0)])]).
phrase(and,[conj([lexmatch([and]),inputmatch([and]),tag(conj),tokens([and])])],776/3,[]).
candidates(0,0,0,0,[]).
mappings([]).
phrase(hitting,[head([lexmatch([hitting]),inputmatch([hitting]),tag(noun),tokens([hitting])])],780/7,[]).
candidates(3,2,0,1,[]).
mappings([map(-1000,[ev(-1000,'C0332159',hitting,'Struck by',[hitting],[ftcn],[[[1,1],[1,1],0]],yes,no,['CHV','SNMI'],[780/7],0,0)])]).
phrase('his head.',[pron([lexmatch([his]),inputmatch([his]),tag(pron),tokens([his])]),head([lexmatch([head]),inputmatch([head]),tag(noun),tokens([head])]),punc([inputmatch(['.']),tokens([])])],788/9,[]).
candidates(4,1,0,3,[]).
mappings([map(-1000,[ev(-1000,'C0018670','Head','Head',[head],[blor],[[[1,1],[1,1],0]],yes,no,['FMA','MSH','MTH','SNOMEDCT_US'],[792/4],0,0)]),map(-1000,[ev(-1000,'C1281590','Head','Entire head',[head],[bpoc],[[[1,1],[1,1],0]],yes,no,['MTH','NLMSubSyn','SNOMEDCT_US'],[792/4],0,0)]),map(-1000,[ev(-1000,'C1706305','Head','Head - Component of Device',[head],[mnob],[[[1,1],[1,1],0]],yes,no,['MTH','NCI'],[792/4],0,0)])]).
'EOU'.
utterance('00000000.tx.10',"He was not wearing a helmet. ",798/29,[]).
phrase('He',[pron([lexmatch([he]),inputmatch(['He']),tag(pron),tokens([he])])],798/2,[]).
candidates(0,0,0,0,[]).
mappings([]).
phrase(was,[aux([lexmatch([was]),inputmatch([was]),tag(aux),tokens([was])])],801/3,[]).
candidates(0,0,0,0,[]).
mappings([]).
phrase(not,[adv([lexmatch([not]),inputmatch([not]),tag(adv),tokens([not])])],805/3,[]).
candidates(1,0,0,1,[]).
mappings([map(-1000,[ev(-1000,'C1518422','Not','Negation',[not],[ftcn],[[[1,1],[1,1],0]],yes,no,['MTH','NCI'],[805/3],0,0)])]).
phrase(wearing,[verb([lexmatch([wearing]),inputmatch([wearing]),tag(verb),tokens([wearing])])],809/7,[]).
candidates(0,0,0,0,[]).
mappings([]).
phrase('a helmet.',[det([lexmatch([a]),inputmatch([a]),tag(det),tokens([a])]),head([lexmatch([helmet]),inputmatch([helmet]),tag(noun),tokens([helmet])]),punc([inputmatch(['.']),tokens([])])],817/9,[]).
candidates(1,0,0,1,[]).
mappings([map(-1000,[ev(-1000,'C0018884','Helmet','Helmets',[helmet],[mnob],[[[1,1],[1,1],0]],yes,no,['MTH','SNOMEDCT_US'],[819/6],0,0)])]).
'EOU'.
utterance('00000000.tx.11',"In the ER he was bradycardic and hypertensive, and the neurosurgeon strongly advised immediate treatment.",827/105,[]).
phrase('In the ER',[prep([lexmatch([in]),inputmatch(['In']),tag(prep),tokens([in])]),det([lexmatch([the]),inputmatch([the]),tag(det),tokens([the])]),head([lexmatch([er]),inputmatch(['ER']),tag(noun),tokens([er])])],827/9,[]).
candidates(0,0,0,0,[]).
mappings([]).
phrase(he,[pron([lexmatch([he]),inputmatch([he]),tag(pron),tokens([he])])],837/2,[]).
candidates(0,0,0,0,[]).
mappings([]).
phrase(was,[aux([lexmatch([was]),inputmatch([was]),tag(aux),tokens([was])])],840/3,[]).
candidates(0,0,0,0,[]).
mappings([]).
phrase(bradycardic,[head([lexmatch([bradycardic]),inputmatch([bradycardic]),tag(adj),tokens([bradycardic])])],844/11,[]).
candidates(1,0,0,1,[]).
mappings([map(-928,[ev(-928,'C0428977','Bradycardia','Bradycardia',[bradycardia],[patf],[[[1,1],[1,1],3]],yes,no,['CHV','CST','DXP','ICD10CM','MSH','MTH','NLMSubSyn','SNOMEDCT_US'],[844/11],0,0)])]).
phrase(and,[conj([lexmatch([and]),inputmatch([and]),tag(conj),tokens([and])])],856/3,[]).
candidates(0,0,0,0,[]).
mappings([]).
phrase('hypertensive,',[head([lexmatch([hypertensive]),inputmatch([hypertensive]),tag(adj),tokens([hypertensive])]),punc([inputmatch([',']),tokens([])])],860/13,[]).
candidates(1,0,0,1,[]).
mappings([map(-1000,[ev(-1000,'C0857121',hypertensive,'Hypertensive (finding)',[hypertensive],[fndg],[[[1,1],[1,1],0]],yes,no,['CHV','MTH'],[860/12],0,0)])]).
phrase(and,[conj([lexmatch([and]),inputmatch([and]),tag(conj),tokens([and])])],874/3,[]).
candidates(0,0,0,0,[]).
mappings([]).
phrase('the neurosurgeon strongly advised immediate treatment.',[det([lexmatch([the]),inputmatch([the]),tag(det),tokens([the])]),mod([lexmatch([neurosurgeon]),inputmatch([neurosurgeon]),tag(noun),tokens([neurosurgeon])]),adv([lexmatch([strongly]),inputmatch([strongly]),tag(adv),tokens([strongly])]),mod([lexmatch([advised]),inputmatch([advised]),tag(adj),tokens([advised])]),mod([lexmatch([immediate]),inputmatch([immediate]),tag(adj),tokens([immediate])]),head([lexmatch([treatment]),inputmatch([treatment]),tag(noun),tokens([treatment])]),punc([inputmatch(['.']),tokens([])])],878/54,[]).
candidates(9,0,0,9,[]).
mappings([map(-762,[ev(-637,'C0237427','Neurosurgeon','Neurosurgeon',[neurosurgeon],[prog],[[[1,1],[1,1],0]],no,no,['CHV','LCH','MTH','NCI'],[882/12],0,0),ev(-637,'C0205253','Immediate','Immediate',[immediate],[tmco],[[[4,4],[1,1],0]],no,no,['MTH'],[912/9],0,0),ev(-804,'C0039798',treatment,'therapeutic aspects',[treatment],[ftcn],[[[5,5],[1,1],0]],yes,no,['MSH','MTH','NLMSubSyn'],[922/9],0,0)]),map(-762,[ev(-637,'C0237427','Neurosurgeon','Neurosurgeon',[neurosurgeon],[prog],[[[1,1],[1,1],0]],no,no,['CHV','LCH','MTH','NCI'],[882/12],0,0),ev(-637,'C0205253','Immediate','Immediate',[immediate],[tmco],[[[4,4],[1,1],0]],no,no,['MTH'],[912/9],0,0),ev(-804,'C0087111','Treatment','Therapeutic procedure',[treatment],[topp],[[[5,5],[1,1],0]],yes,no,['AOD','CHV','LNC','MSH','MTH','MTHHH','NCI','NLMSubSyn','SNOMEDCT_US'],[922/9],0,0)]),map(-762,[ev(-637,'C0237427','Neurosurgeon','Neurosurgeon',[neurosurgeon],[prog],[[[1,1],[1,1],0]],no,no,['CHV','LCH','MTH','NCI'],[882/12],0,0),ev(-637,'C0205253','Immediate','Immediate',[immediate],[tmco],[[[4,4],[1,1],0]],no,no,['MTH'],[912/9],0,0),ev(-804,'C1522326','Treatment','Treating',[treatment],[ftcn],[[[5,5],[1,1],0]],yes,no,['MTH','NCI'],[922/9],0,0)]),map(-762,[ev(-637,'C0237427','Neurosurgeon','Neurosurgeon',[neurosurgeon],[prog],[[[1,1],[1,1],0]],no,no,['CHV','LCH','MTH','NCI'],[882/12],0,0),ev(-637,'C0205253','Immediate','Immediate',[immediate],[tmco],[[[4,4],[1,1],0]],no,no,['MTH'],[912/9],0,0),ev(-804,'C1533734','Treatment','Administration procedure',[treatment],[topp],[[[5,5],[1,1],0]],yes,no,['MTH','NCI','NLMSubSyn','SNOMEDCT_US'],[922/9],0,0)]),map(-762,[ev(-637,'C0237427','Neurosurgeon','Neurosurgeon',[neurosurgeon],[prog],[[[1,1],[1,1],0]],no,no,['CHV','LCH','MTH','NCI'],[882/12],0,0),ev(-637,'C0205253','Immediate','Immediate',[immediate],[tmco],[[[4,4],[1,1],0]],no,no,['MTH'],[912/9],0,0),ev(-804,'C1705169','Treatment','Biomaterial Treatment',[treatment],[cnce],[[[5,5],[1,1],0]],yes,no,['MTH','NCI'],[922/9],0,0)]),map(-762,[ev(-637,'C0237427','Neurosurgeon','Neurosurgeon',[neurosurgeon],[prog],[[[1,1],[1,1],0]],no,no,['CHV','LCH','MTH','NCI'],[882/12],0,0),ev(-637,'C0205253','Immediate','Immediate',[immediate],[tmco],[[[4,4],[1,1],0]],no,no,['MTH'],[912/9],0,0),ev(-804,'C3538994','TREATMENT','Treatment Epoch',[treatment],[resa],[[[5,5],[1,1],0]],yes,no,['MTH','NCI','NLMSubSyn'],[922/9],0,0)]),map(-762,[ev(-637,'C0237427','Neurosurgeon','Neurosurgeon',[neurosurgeon],[prog],[[[1,1],[1,1],0]],no,no,['CHV','LCH','MTH','NCI'],[882/12],0,0),ev(-637,'C0205548','Immediate','Stat (do immediately)',[immediate],[tmco],[[[4,4],[1,1],0]],no,no,['HL7V2.5','NCI','SNOMEDCT_US'],[912/9],0,0),ev(-804,'C0039798',treatment,'therapeutic aspects',[treatment],[ftcn],[[[5,5],[1,1],0]],yes,no,['MSH','MTH','NLMSubSyn'],[922/9],0,0)]),map(-762,[ev(-637,'C0237427','Neurosurgeon','Neurosurgeon',[neurosurgeon],[prog],[[[1,1],[1,1],0]],no,no,['CHV','LCH','MTH','NCI'],[882/12],0,0),ev(-637,'C0205548','Immediate','Stat (do immediately)',[immediate],[tmco],[[[4,4],[1,1],0]],no,no,['HL7V2.5','NCI','SNOMEDCT_US'],[912/9],0,0),ev(-804,'C0087111','Treatment','Therapeutic procedure',[treatment],[topp],[[[5,5],[1,1],0]],yes,no,['AOD','CHV','LNC','MSH','MTH','MTHHH','NCI','NLMSubSyn','SNOMEDCT_US'],[922/9],0,0)]),map(-762,[ev(-637,'C0237427','Neurosurgeon','Neurosurgeon',[neurosurgeon],[prog],[[[1,1],[1,1],0]],no,no,['CHV','LCH','MTH','NCI'],[882/12],0,0),ev(-637,'C0205548','Immediate','Stat (do immediately)',[immediate],[tmco],[[[4,4],[1,1],0]],no,no,['HL7V2.5','NCI','SNOMEDCT_US'],[912/9],0,0),ev(-804,'C1522326','Treatment','Treating',[treatment],[ftcn],[[[5,5],[1,1],0]],yes,no,['MTH','NCI'],[922/9],0,0)]),map(-762,[ev(-637,'C0237427','Neurosurgeon','Neurosurgeon',[neurosurgeon],[prog],[[[1,1],[1,1],0]],no,no,['CHV','LCH','MTH','NCI'],[882/12],0,0),ev(-637,'C0205548','Immediate','Stat (do immediately)',[immediate],[tmco],[[[4,4],[1,1],0]],no,no,['HL7V2.5','NCI','SNOMEDCT_US'],[912/9],0,0),ev(-804,'C1533734','Treatment','Administration procedure',[treatment],[topp],[[[5,5],[1,1],0]],yes,no,['MTH','NCI','NLMSubSyn','SNOMEDCT_US'],[922/9],0,0)]),map(-762,[ev(-637,'C0237427','Neurosurgeon','Neurosurgeon',[neurosurgeon],[prog],[[[1,1],[1,1],0]],no,no,['CHV','LCH','MTH','NCI'],[882/12],0,0),ev(-637,'C0205548','Immediate','Stat (do immediately)',[immediate],[tmco],[[[4,4],[1,1],0]],no,no,['HL7V2.5','NCI','SNOMEDCT_US'],[912/9],0,0),ev(-804,'C1705169','Treatment','Biomaterial Treatment',[treatment],[cnce],[[[5,5],[1,1],0]],yes,no,['MTH','NCI'],[922/9],0,0)]),map(-762,[ev(-637,'C0237427','Neurosurgeon','Neurosurgeon',[neurosurgeon],[prog],[[[1,1],[1,1],0]],no,no,['CHV','LCH','MTH','NCI'],[882/12],0,0),ev(-637,'C0205548','Immediate','Stat (do immediately)',[immediate],[tmco],[[[4,4],[1,1],0]],no,no,['HL7V2.5','NCI','SNOMEDCT_US'],[912/9],0,0),ev(-804,'C3538994','TREATMENT','Treatment Epoch',[treatment],[resa],[[[5,5],[1,1],0]],yes,no,['MTH','NCI','NLMSubSyn'],[922/9],0,0)])]).
'EOU'.
'EOT'.
