args('metamap14.BINARY.Darwin --lexicon db -Z 2014AA -qE -Q 4 ../../TREC-CDS/2014-original/27.txt ../../TREC-CDS/results/27.txt.out',[lexicon-db,mm_data_year-'2014AA',machine_output-[],indicate_citation_end-[],composite_phrases-4,infile-'../../TREC-CDS/2014-original/27.txt',outfile-'../../TREC-CDS/results/27.txt.out']).
aas([]).
neg_list([negation(nega,without,[350/7],['C0027651':'NEOPLASMS, NOS'],[374/9])]).
utterance('00000000.tx.1',"treatment. ",0/11,[10]).
phrase('treatment.',[head([lexmatch([treatment]),inputmatch([treatment]),tag(noun),tokens([treatment])]),punc([inputmatch(['.']),tokens([])])],0/10,[]).
candidates(6,0,0,6,[]).
mappings([map(-1000,[ev(-1000,'C0039798',treatment,'therapeutic aspects',[treatment],[ftcn],[[[1,1],[1,1],0]],yes,no,['MSH','MTH','NLMSubSyn'],[0/9],0,0)]),map(-1000,[ev(-1000,'C0087111','Treatment','Therapeutic procedure',[treatment],[topp],[[[1,1],[1,1],0]],yes,no,['AOD','CHV','LNC','MSH','MTH','MTHHH','NCI','NLMSubSyn','SNOMEDCT_US'],[0/9],0,0)]),map(-1000,[ev(-1000,'C1522326','Treatment','Treating',[treatment],[ftcn],[[[1,1],[1,1],0]],yes,no,['MTH','NCI'],[0/9],0,0)]),map(-1000,[ev(-1000,'C1533734','Treatment','Administration procedure',[treatment],[topp],[[[1,1],[1,1],0]],yes,no,['MTH','NCI','NLMSubSyn','SNOMEDCT_US'],[0/9],0,0)]),map(-1000,[ev(-1000,'C1705169','Treatment','Biomaterial Treatment',[treatment],[cnce],[[[1,1],[1,1],0]],yes,no,['MTH','NCI'],[0/9],0,0)]),map(-1000,[ev(-1000,'C3538994','TREATMENT','Treatment Epoch',[treatment],[resa],[[[1,1],[1,1],0]],yes,no,['MTH','NCI','NLMSubSyn'],[0/9],0,0)])]).
'EOU'.
utterance('00000000.tx.2',"A 21-year-old college student undergoes colonoscopy due to family history of multiple polyps in his older siblings. ",11/116,[]).
phrase('A 21-year-old college student',[det([lexmatch([a]),inputmatch(['A']),tag(det),tokens([a])]),shapes([inputmatch(['21']),features([integer]),tokens(['21'])]),punc([inputmatch([-]),tokens([])]),mod([lexmatch([year]),inputmatch([year]),tag(noun),tokens([year])]),punc([inputmatch([-]),tokens([])]),mod([lexmatch([old]),inputmatch([old]),tag(noun),tokens([old])]),mod([lexmatch([college]),inputmatch([college]),tag(noun),tokens([college])]),head([lexmatch([student]),inputmatch([student]),tag(noun),tokens([student])])],11/29,[]).
candidates(8,0,0,8,[]).
mappings([map(-798,[ev(-637,'C0439234',year,year,[year],[tmco],[[[2,2],[1,1],0]],no,no,['MTH','NCI','SNOMEDCT_US'],[16/4],0,0),ev(-637,'C0580836','Old','Old',[old],[tmco],[[[3,3],[1,1],0]],no,no,['MTH'],[21/3],0,0),ev(-840,'C0682177','College student','College student',[college,student],[popg],[[[4,4],[1,1],0],[[5,5],[2,2],0]],yes,no,['CHV','MTH'],[25/15],0,0)]),map(-798,[ev(-637,'C0439508','/year','per year',[year],[tmco],[[[2,2],[1,1],0]],no,no,['CHV','MTH','NCI','SNOMEDCT_US'],[16/4],0,0),ev(-637,'C0580836','Old','Old',[old],[tmco],[[[3,3],[1,1],0]],no,no,['MTH'],[21/3],0,0),ev(-840,'C0682177','College student','College student',[college,student],[popg],[[[4,4],[1,1],0],[[5,5],[2,2],0]],yes,no,['CHV','MTH'],[25/15],0,0)])]).
phrase(undergoes,[verb([lexmatch([undergoes]),inputmatch([undergoes]),tag(verb),tokens([undergoes])])],41/9,[]).
candidates(0,0,0,0,[]).
mappings([]).
phrase('colonoscopy due to family history of multiple polyps',[head([lexmatch([colonoscopy]),inputmatch([colonoscopy]),tag(noun),tokens([colonoscopy])]),prep([lexmatch(['due to']),inputmatch([due,to]),tag(prep),tokens([due,to])]),mod([lexmatch(['family history']),inputmatch([family,history]),tag(noun),tokens([family,history])]),prep([lexmatch([of]),inputmatch([of]),tag(prep),tokens([of])]),mod([lexmatch([multiple]),inputmatch([multiple]),tag(adj),tokens([multiple])]),mod([lexmatch([polyps]),inputmatch([polyps]),tag(noun),tokens([polyps])])],51/52,[]).
candidates(22,3,0,19,[]).
mappings([map(-840,[ev(-604,'C0678226','Due to','Due to',[due,to],[ftcn],[[[2,3],[1,2],0]],no,no,['CHV','MTH'],[63/6],0,0),ev(-578,'C0015576','Family','Family',[family],[famg],[[[4,4],[1,1],0]],no,no,['MSH','MTH','NCI','NLMSubSyn'],[70/6],0,0),ev(-793,'C3266736','History of colonoscopy','History of colonoscopy',[history,of,colonoscopy],[fndg],[[[5,5],[1,1],0],[[6,6],[2,2],0],[[1,1],[3,3],0]],yes,no,['SNOMEDCT_US'],[51/11,77/10],0,0),ev(-604,'C0334108','Multiple polyps','Multiple polyps',[multiple,polyps],[neop],[[[7,7],[1,1],0],[[8,8],[2,2],0]],no,no,['CHV','NLMSubSyn','SNOMEDCT_US'],[88/15],0,0)]),map(-840,[ev(-604,'C0678226','Due to','Due to',[due,to],[ftcn],[[[2,3],[1,2],0]],no,no,['CHV','MTH'],[63/6],0,0),ev(-578,'C1704727','Family','Family (taxonomic)',[family],[cnce],[[[4,4],[1,1],0]],no,no,['MTH','SNOMEDCT_VET'],[70/6],0,0),ev(-793,'C3266736','History of colonoscopy','History of colonoscopy',[history,of,colonoscopy],[fndg],[[[5,5],[1,1],0],[[6,6],[2,2],0],[[1,1],[3,3],0]],yes,no,['SNOMEDCT_US'],[51/11,77/10],0,0),ev(-604,'C0334108','Multiple polyps','Multiple polyps',[multiple,polyps],[neop],[[[7,7],[1,1],0],[[8,8],[2,2],0]],no,no,['CHV','NLMSubSyn','SNOMEDCT_US'],[88/15],0,0)])]).
phrase('in his older siblings.',[prep([lexmatch([in]),inputmatch([in]),tag(prep),tokens([in])]),pron([lexmatch([his]),inputmatch([his]),tag(pron),tokens([his])]),mod([lexmatch([older]),inputmatch([older]),tag(adj),tokens([older])]),head([lexmatch([siblings]),inputmatch([siblings]),tag(noun),tokens([siblings])]),punc([inputmatch(['.']),tokens([])])],104/22,[]).
candidates(4,1,0,3,[]).
mappings([map(-983,[ev(-983,'C0337511','Older sibling','Older sibling',[older,sibling],[famg],[[[1,1],[1,1],0],[[2,2],[2,2],1]],yes,no,['SNOMEDCT_US'],[111/14],0,0)])]).
'EOU'.
utterance('00000000.tx.3',"His brother underwent total proctocolectomy at age 22, and his sister underwent a total proctocolectomy at age 28, after both were found to have hundreds of colonic adenomas on colonoscopy. ",127/190,[]).
phrase('His brother',[pron([lexmatch([his]),inputmatch(['His']),tag(pron),tokens([his])]),head([lexmatch([brother]),inputmatch([brother]),tag(noun),tokens([brother])])],127/11,[]).
candidates(1,0,0,1,[]).
mappings([map(-1000,[ev(-1000,'C0337527','Brother','Brothers',[brother],[famg],[[[1,1],[1,1],0]],yes,no,['MTH','SNOMEDCT_US'],[131/7],0,0)])]).
phrase(underwent,[verb([lexmatch([underwent]),inputmatch([underwent]),tag(verb),tokens([underwent])])],139/9,[]).
candidates(0,0,0,0,[]).
mappings([]).
phrase('total proctocolectomy at age 22,',[mod([lexmatch([total]),inputmatch([total]),tag(adj),tokens([total])]),head([lexmatch([proctocolectomy]),inputmatch([proctocolectomy]),tag(noun),tokens([proctocolectomy])]),prep([lexmatch([at]),inputmatch([at]),tag(prep),tokens([at])]),mod([lexmatch([age]),inputmatch([age]),tag(noun),tokens([age])]),shapes([inputmatch(['22']),features([integer]),tokens(['22'])]),punc([inputmatch([',']),tokens([])])],149/32,[]).
candidates(5,0,0,5,[]).
mappings([map(-745,[ev(-806,'C0842176','Total Proctocolectomy','Total Proctocolectomy',[total,proctocolectomy],[topp],[[[1,1],[1,1],0],[[2,2],[2,2],0]],yes,no,['MTH','NCI'],[149/21],0,0),ev(-593,'C0001779','Age','Age',[age],[orga],[[[4,4],[1,1],0]],no,no,['MTH','NCI','SNOMEDCT_US'],[174/3],0,0)])]).
phrase(and,[conj([lexmatch([and]),inputmatch([and]),tag(conj),tokens([and])])],182/3,[]).
candidates(0,0,0,0,[]).
mappings([]).
phrase('his sister',[pron([lexmatch([his]),inputmatch([his]),tag(pron),tokens([his])]),head([lexmatch([sister]),inputmatch([sister]),tag(noun),tokens([sister])])],186/10,[]).
candidates(1,0,0,1,[]).
mappings([map(-1000,[ev(-1000,'C0337514','Sister','Sister',[sister],[famg],[[[1,1],[1,1],0]],yes,no,['MSH','MTH','SNOMEDCT_US'],[190/6],0,0)])]).
phrase(underwent,[verb([lexmatch([underwent]),inputmatch([underwent]),tag(verb),tokens([underwent])])],197/9,[]).
candidates(0,0,0,0,[]).
mappings([]).
phrase('a total proctocolectomy at age 28,',[det([lexmatch([a]),inputmatch([a]),tag(det),tokens([a])]),mod([lexmatch([total]),inputmatch([total]),tag(adj),tokens([total])]),head([lexmatch([proctocolectomy]),inputmatch([proctocolectomy]),tag(noun),tokens([proctocolectomy])]),prep([lexmatch([at]),inputmatch([at]),tag(prep),tokens([at])]),mod([lexmatch([age]),inputmatch([age]),tag(noun),tokens([age])]),shapes([inputmatch(['28']),features([integer]),tokens(['28'])]),punc([inputmatch([',']),tokens([])])],207/34,[]).
candidates(5,0,0,5,[]).
mappings([map(-722,[ev(-790,'C0842176','Total Proctocolectomy','Total Proctocolectomy',[total,proctocolectomy],[topp],[[[2,2],[1,1],0],[[3,3],[2,2],0]],yes,no,['MTH','NCI'],[209/21],0,0),ev(-586,'C0001779','Age','Age',[age],[orga],[[[5,5],[1,1],0]],no,no,['MTH','NCI','SNOMEDCT_US'],[234/3],0,0)])]).
phrase(after,[conj([lexmatch([after]),inputmatch([after]),tag(conj),tokens([after])])],242/5,[]).
candidates(0,0,0,0,[]).
mappings([]).
phrase(both,[det([lexmatch([both]),inputmatch([both]),tag(det),tokens([both])])],248/4,[]).
candidates(0,0,0,0,[]).
mappings([]).
phrase(were,[aux([lexmatch([were]),inputmatch([were]),tag(aux),tokens([were])])],253/4,[]).
candidates(0,0,0,0,[]).
mappings([]).
phrase(found,[verb([lexmatch([found]),inputmatch([found]),tag(verb),tokens([found])])],258/5,[]).
candidates(2,1,0,1,[]).
mappings([map(-1000,[ev(-1000,'C0150312','Found','Present',[found],[qnco],[[[1,1],[1,1],0]],yes,no,['CHV','MTH','NCI'],[258/5],0,0)])]).
phrase(to,[adv([lexmatch([to]),inputmatch([to]),tag(adv),tokens([to])])],264/2,[]).
candidates(1,0,0,1,[]).
mappings([map(-1000,[ev(-1000,'C1883351','To','To',[to],[qlco],[[[1,1],[1,1],0]],yes,no,['MTH'],[264/2],0,0)])]).
phrase(have,[aux([lexmatch([have]),inputmatch([have]),tag(aux),tokens([have])])],267/4,[]).
candidates(0,0,0,0,[]).
mappings([]).
phrase('hundreds of colonic adenomas',[head([lexmatch([hundreds]),inputmatch([hundreds]),tag(noun),tokens([hundreds])]),prep([lexmatch([of]),inputmatch([of]),tag(prep),tokens([of])]),mod([lexmatch([colonic]),inputmatch([colonic]),tag(adj),tokens([colonic])]),mod([lexmatch([adenomas]),inputmatch([adenomas]),tag(noun),tokens([adenomas])])],272/28,[]).
candidates(3,0,0,3,[]).
mappings([map(-650,[ev(-650,'C0850572','Colonic Adenoma','Adenomatous polyp of colon',[colonic,adenoma],[neop],[[[3,3],[1,1],0],[[4,4],[2,2],1]],no,no,['CHV','DXP','NCI','NLMSubSyn','OMIM','SNOMEDCT_US'],[284/16],0,0)])]).
phrase('on colonoscopy.',[prep([lexmatch([on]),inputmatch([on]),tag(prep),tokens([on])]),head([lexmatch([colonoscopy]),inputmatch([colonoscopy]),tag(noun),tokens([colonoscopy])]),punc([inputmatch(['.']),tokens([])])],301/15,[]).
candidates(2,0,0,2,[]).
mappings([map(-1000,[ev(-1000,'C0009378',colonoscopy,colonoscopy,[colonoscopy],[diap,topp],[[[1,1],[1,1],0]],yes,no,['CHV','MSH','MTH','MTHMST','NLMSubSyn','SNOMEDCT_US'],[304/11],0,0)]),map(-1000,[ev(-1000,'C1548837','Colonoscopy','Consent Type - Colonoscopy',[colonoscopy],[hlca],[[[1,1],[1,1],0]],yes,no,['HL7V2.5','MTH'],[304/11],0,0)])]).
'EOU'.
utterance('00000000.tx.4',"Both siblings are currently well without any findings of neoplasms. ",317/68,[]).
phrase('Both siblings',[det([lexmatch([both]),inputmatch(['Both']),tag(det),tokens([both])]),head([lexmatch([siblings]),inputmatch([siblings]),tag(noun),tokens([siblings])])],317/13,[]).
candidates(2,1,0,1,[]).
mappings([map(-1000,[ev(-1000,'C0037047','Siblings','Sibling',[siblings],[famg],[[[1,1],[1,1],0]],yes,no,['MSH','MTH','NCI'],[322/8],0,0)])]).
phrase(are,[aux([lexmatch([are]),inputmatch([are]),tag(aux),tokens([are])])],331/3,[]).
candidates(0,0,0,0,[]).
mappings([]).
phrase('currently well without any findings of neoplasms.',[adv([lexmatch([currently]),inputmatch([currently]),tag(adv),tokens([currently])]),adv([lexmatch([well]),inputmatch([well]),tag(adv),tokens([well])]),prep([lexmatch([without]),inputmatch([without]),tag(prep),tokens([without])]),det([lexmatch([any]),inputmatch([any]),tag(det),tokens([any])]),mod([lexmatch([findings]),inputmatch([findings]),tag(noun),tokens([findings])]),prep([lexmatch([of]),inputmatch([of]),tag(prep),tokens([of])]),mod([lexmatch([neoplasms]),inputmatch([neoplasms]),tag(noun),tokens([neoplasms])]),punc([inputmatch(['.']),tokens([])])],335/49,[]).
candidates(11,4,0,7,[]).
mappings([map(-664,[ev(-748,'C0521116','Currently','Current (present time)',[currently],[tmco],[[[1,1],[1,1],0]],yes,no,['CHV','MTH','SNOMEDCT_US'],[335/9],0,0),ev(-748,'C0205170','Well','Good',[well],[qlco],[[[2,2],[1,1],0]],yes,no,['MTH','SNOMEDCT_US'],[345/4],0,0),ev(-748,'C2607943',findings,'findings aspects',[findings],[ftcn],[[[5,5],[1,1],0]],yes,no,['MSH','MTH'],[362/8],0,0),ev(-748,'C0027651','NEOPLASMS, NOS','Neoplasm',[neoplasms],[neop],[[[7,7],[1,1],0]],yes,no,['CCS','CHV','MSH','NCI','NLMSubSyn','SNMI','SNOMEDCT_US'],[374/9],0,1)]),map(-664,[ev(-748,'C0521116','Currently','Current (present time)',[currently],[tmco],[[[1,1],[1,1],0]],yes,no,['CHV','MTH','SNOMEDCT_US'],[335/9],0,0),ev(-748,'C0205170','Well','Good',[well],[qlco],[[[2,2],[1,1],0]],yes,no,['MTH','SNOMEDCT_US'],[345/4],0,0),ev(-748,'C2926606','Findings','Procedure findings:Finding:Point in time:^Patient:Narrative',[findings],[clna],[[[5,5],[1,1],0]],yes,no,['LNC'],[362/8],0,0),ev(-748,'C0027651','NEOPLASMS, NOS','Neoplasm',[neoplasms],[neop],[[[7,7],[1,1],0]],yes,no,['CCS','CHV','MSH','NCI','NLMSubSyn','SNMI','SNOMEDCT_US'],[374/9],0,1)]),map(-664,[ev(-748,'C0521116','Currently','Current (present time)',[currently],[tmco],[[[1,1],[1,1],0]],yes,no,['CHV','MTH','SNOMEDCT_US'],[335/9],0,0),ev(-748,'C0205170','Well','Good',[well],[qlco],[[[2,2],[1,1],0]],yes,no,['MTH','SNOMEDCT_US'],[345/4],0,0),ev(-748,'C3539655','Findings','CDISC Findings Class',[findings],[inpr],[[[5,5],[1,1],0]],yes,no,['MTH','NCI'],[362/8],0,0),ev(-748,'C0027651','NEOPLASMS, NOS','Neoplasm',[neoplasms],[neop],[[[7,7],[1,1],0]],yes,no,['CCS','CHV','MSH','NCI','NLMSubSyn','SNMI','SNOMEDCT_US'],[374/9],0,1)]),map(-664,[ev(-748,'C0521116','Currently','Current (present time)',[currently],[tmco],[[[1,1],[1,1],0]],yes,no,['CHV','MTH','SNOMEDCT_US'],[335/9],0,0),ev(-748,'C3146287','Well','Well',[well],[mnob],[[[2,2],[1,1],0]],yes,no,['MTH'],[345/4],0,0),ev(-748,'C2607943',findings,'findings aspects',[findings],[ftcn],[[[5,5],[1,1],0]],yes,no,['MSH','MTH'],[362/8],0,0),ev(-748,'C0027651','NEOPLASMS, NOS','Neoplasm',[neoplasms],[neop],[[[7,7],[1,1],0]],yes,no,['CCS','CHV','MSH','NCI','NLMSubSyn','SNMI','SNOMEDCT_US'],[374/9],0,1)]),map(-664,[ev(-748,'C0521116','Currently','Current (present time)',[currently],[tmco],[[[1,1],[1,1],0]],yes,no,['CHV','MTH','SNOMEDCT_US'],[335/9],0,0),ev(-748,'C3146287','Well','Well',[well],[mnob],[[[2,2],[1,1],0]],yes,no,['MTH'],[345/4],0,0),ev(-748,'C2926606','Findings','Procedure findings:Finding:Point in time:^Patient:Narrative',[findings],[clna],[[[5,5],[1,1],0]],yes,no,['LNC'],[362/8],0,0),ev(-748,'C0027651','NEOPLASMS, NOS','Neoplasm',[neoplasms],[neop],[[[7,7],[1,1],0]],yes,no,['CCS','CHV','MSH','NCI','NLMSubSyn','SNMI','SNOMEDCT_US'],[374/9],0,1)]),map(-664,[ev(-748,'C0521116','Currently','Current (present time)',[currently],[tmco],[[[1,1],[1,1],0]],yes,no,['CHV','MTH','SNOMEDCT_US'],[335/9],0,0),ev(-748,'C3146287','Well','Well',[well],[mnob],[[[2,2],[1,1],0]],yes,no,['MTH'],[345/4],0,0),ev(-748,'C3539655','Findings','CDISC Findings Class',[findings],[inpr],[[[5,5],[1,1],0]],yes,no,['MTH','NCI'],[362/8],0,0),ev(-748,'C0027651','NEOPLASMS, NOS','Neoplasm',[neoplasms],[neop],[[[7,7],[1,1],0]],yes,no,['CCS','CHV','MSH','NCI','NLMSubSyn','SNMI','SNOMEDCT_US'],[374/9],0,1)])]).
'EOU'.
utterance('00000000.tx.5',"The patient undergoes sigmoidoscopy and is found to have dozens of small colonic polyps within rectosigmoid. ",385/109,[]).
phrase('The patient',[det([lexmatch([the]),inputmatch(['The']),tag(det),tokens([the])]),head([lexmatch([patient]),inputmatch([patient]),tag(noun),tokens([patient])])],385/11,[]).
candidates(1,0,0,1,[]).
mappings([map(-1000,[ev(-1000,'C0030705','*^patient','Patients',[patient],[podg],[[[1,1],[1,1],0]],yes,no,['LNC','MTH','NCI','SNOMEDCT_US'],[389/7],0,0)])]).
phrase(undergoes,[verb([lexmatch([undergoes]),inputmatch([undergoes]),tag(verb),tokens([undergoes])])],397/9,[]).
candidates(0,0,0,0,[]).
mappings([]).
phrase(sigmoidoscopy,[head([lexmatch([sigmoidoscopy]),inputmatch([sigmoidoscopy]),tag(noun),tokens([sigmoidoscopy])])],407/13,[]).
candidates(2,0,0,2,[]).
mappings([map(-1000,[ev(-1000,'C0037075','Sigmoidoscopy','Sigmoidoscopy (procedure)',[sigmoidoscopy],[diap],[[[1,1],[1,1],0]],yes,no,['CHV','MSH','SNOMEDCT_US'],[407/13],0,0)]),map(-1000,[ev(-1000,'C1548917','Sigmoidoscopy','Consent Type - Sigmoidoscopy',[sigmoidoscopy],[hlca],[[[1,1],[1,1],0]],yes,no,['HL7V2.5','MTH'],[407/13],0,0)])]).
phrase(and,[conj([lexmatch([and]),inputmatch([and]),tag(conj),tokens([and])])],421/3,[]).
candidates(0,0,0,0,[]).
mappings([]).
phrase(is,[aux([lexmatch([is]),inputmatch([is]),tag(aux),tokens([is])])],425/2,[]).
candidates(0,0,0,0,[]).
mappings([]).
phrase(found,[verb([lexmatch([found]),inputmatch([found]),tag(verb),tokens([found])])],428/5,[]).
candidates(2,1,0,1,[]).
mappings([map(-1000,[ev(-1000,'C0150312','Found','Present',[found],[qnco],[[[1,1],[1,1],0]],yes,no,['CHV','MTH','NCI'],[428/5],0,0)])]).
phrase(to,[adv([lexmatch([to]),inputmatch([to]),tag(adv),tokens([to])])],434/2,[]).
candidates(1,0,0,1,[]).
mappings([map(-1000,[ev(-1000,'C1883351','To','To',[to],[qlco],[[[1,1],[1,1],0]],yes,no,['MTH'],[434/2],0,0)])]).
phrase(have,[aux([lexmatch([have]),inputmatch([have]),tag(aux),tokens([have])])],437/4,[]).
candidates(0,0,0,0,[]).
mappings([]).
phrase('dozens of small colonic polyps',[head([lexmatch([dozens]),inputmatch([dozens]),tag(noun),tokens([dozens])]),prep([lexmatch([of]),inputmatch([of]),tag(prep),tokens([of])]),mod([lexmatch([small]),inputmatch([small]),tag(adj),tokens([small])]),mod([lexmatch([colonic]),inputmatch([colonic]),tag(adj),tokens([colonic])]),mod([lexmatch([polyps]),inputmatch([polyps]),tag(noun),tokens([polyps])])],442/30,[]).
candidates(5,0,0,5,[]).
mappings([map(-596,[ev(-593,'C0700321','Small','Small',[small],[qnco],[[[3,3],[1,1],0]],no,no,['CHV','MTH','SNMI','SNOMEDCT_US'],[452/5],0,0),ev(-640,'C0009376','Colonic Polyps','Colonic Polyps',[colonic,polyps],[anab],[[[4,4],[1,1],0],[[5,5],[2,2],0]],no,no,['MEDLINEPLUS','MTH','NCI','SNOMEDCT_US'],[458/14],0,0)]),map(-596,[ev(-593,'C0700321','Small','Small',[small],[qnco],[[[3,3],[1,1],0]],no,no,['CHV','MTH','SNMI','SNOMEDCT_US'],[452/5],0,0),ev(-640,'C2911243','Colonic polyps','Encounter due to family history of colonic polyps',[colonic,polyps],[fndg],[[[4,4],[1,1],0],[[5,5],[2,2],0]],no,no,['ICD10CM','MTH','MTHICD9'],[458/14],0,0)])]).
phrase('within rectosigmoid.',[prep([lexmatch([within]),inputmatch([within]),tag(prep),tokens([within])]),head([lexmatch([rectosigmoid]),inputmatch([rectosigmoid]),tag(noun),tokens([rectosigmoid])]),punc([inputmatch(['.']),tokens([])])],473/20,[]).
candidates(1,0,0,1,[]).
mappings([map(-1000,[ev(-1000,'C0521377','Rectosigmoid','Rectum and sigmoid colon',[rectosigmoid],[bpoc],[[[1,1],[1,1],0]],yes,no,['CHV','NLMSubSyn','SNM','SNOMEDCT_US'],[480/12],0,0)])]).
'EOU'.
utterance('00000000.tx.6',"Several of these are biopsied and are all benign adenomas. ",494/59,[552]).
phrase('Several of these',[head([lexmatch([several]),inputmatch(['Several']),tag(adj),tokens([several])]),prep([lexmatch([of]),inputmatch([of]),tag(prep),tokens([of])]),det([lexmatch([these]),inputmatch([these]),tag(det),tokens([these])])],494/16,[]).
candidates(2,0,0,2,[]).
mappings([map(-790,[ev(-790,'C0439064','Several','Numerous',[several],[qnco],[[[1,1],[1,1],0]],yes,no,['CHV','MTH','NCI','SNOMEDCT_US'],[494/7],0,0)]),map(-790,[ev(-790,'C0443302','Several','Several',[several],[qnco],[[[1,1],[1,1],0]],yes,no,['MTH'],[494/7],0,0)])]).
phrase(are,[aux([lexmatch([are]),inputmatch([are]),tag(aux),tokens([are])])],511/3,[]).
candidates(0,0,0,0,[]).
mappings([]).
phrase(biopsied,[verb([lexmatch([biopsied]),inputmatch([biopsied]),tag(verb),tokens([biopsied])])],515/8,[]).
candidates(2,1,0,1,[]).
mappings([map(-1000,[ev(-1000,'C0005558',biopsied,'Biopsy',[biopsied],[diap],[[[1,1],[1,1],0]],yes,no,['CHV','MTH','NCI','PDQ','SNOMEDCT_US'],[515/8],0,0)])]).
phrase(and,[conj([lexmatch([and]),inputmatch([and]),tag(conj),tokens([and])])],524/3,[]).
candidates(0,0,0,0,[]).
mappings([]).
phrase(are,[aux([lexmatch([are]),inputmatch([are]),tag(aux),tokens([are])])],528/3,[]).
candidates(0,0,0,0,[]).
mappings([]).
phrase('all benign adenomas.',[det([lexmatch([all]),inputmatch([all]),tag(det),tokens([all])]),mod([lexmatch([benign]),inputmatch([benign]),tag(adj),tokens([benign])]),head([lexmatch([adenomas]),inputmatch([adenomas]),tag(noun),tokens([adenomas])]),punc([inputmatch(['.']),tokens([])])],532/20,[]).
candidates(3,0,0,3,[]).
mappings([map(-983,[ev(-983,'C0001430','Benign adenoma','Adenoma',[benign,adenoma],[neop],[[[1,1],[1,1],0],[[2,2],[2,2],1]],yes,no,['CHV','MSH','MTH','NLMSubSyn','SNOMEDCT_US'],[536/15],0,0)])]).
'EOU'.
utterance('00000000.tx.7',"21-year-old male with dozens of small polyps found on colonoscopy. ",553/67,[]).
phrase('21-year-old male with dozens of small polyps',[shapes([inputmatch(['21']),features([integer]),tokens(['21'])]),punc([inputmatch([-]),tokens([])]),mod([lexmatch([year]),inputmatch([year]),tag(noun),tokens([year])]),punc([inputmatch([-]),tokens([])]),mod([lexmatch([old]),inputmatch([old]),tag(noun),tokens([old])]),head([lexmatch([male]),inputmatch([male]),tag(noun),tokens([male])]),prep([lexmatch([with]),inputmatch([with]),tag(prep),tokens([with])]),mod([lexmatch([dozens]),inputmatch([dozens]),tag(noun),tokens([dozens])]),prep([lexmatch([of]),inputmatch([of]),tag(prep),tokens([of])]),mod([lexmatch([small]),inputmatch([small]),tag(adj),tokens([small])]),mod([lexmatch([polyps]),inputmatch([polyps]),tag(noun),tokens([polyps])])],553/44,[]).
candidates(11,0,0,11,[]).
mappings([map(-712,[ev(-615,'C0001675','21 old year','Adult',['21',old,year],[aggp],[[[1,1],[1,1],0],[[3,3],[2,2],0],[[2,2],[3,3],0]],no,no,['CHV','MSH','MTH','NCI'],[553/11],0,0),ev(-742,'C0024554','Male','Male gender',[male],[orga],[[[4,4],[1,1],0]],yes,no,['CHV','DXP','MSH','MTH','NCI','NLMSubSyn','QMR','SNOMEDCT_US'],[565/4],0,0),ev(-575,'C0700321','Small','Small',[small],[qnco],[[[8,8],[1,1],0]],no,no,['CHV','MTH','SNMI','SNOMEDCT_US'],[585/5],0,0),ev(-575,'C0032584',polyps,polyps,[polyps],[anab],[[[9,9],[1,1],0]],no,no,['MTH','NCI','SNOMEDCT_US'],[591/6],0,0)]),map(-712,[ev(-615,'C0001675','21 old year','Adult',['21',old,year],[aggp],[[[1,1],[1,1],0],[[3,3],[2,2],0],[[2,2],[3,3],0]],no,no,['CHV','MSH','MTH','NCI'],[553/11],0,0),ev(-742,'C0086582',male,'Males',[male],[popg],[[[4,4],[1,1],0]],yes,no,['CHV','MTH'],[565/4],0,0),ev(-575,'C0700321','Small','Small',[small],[qnco],[[[8,8],[1,1],0]],no,no,['CHV','MTH','SNMI','SNOMEDCT_US'],[585/5],0,0),ev(-575,'C0032584',polyps,polyps,[polyps],[anab],[[[9,9],[1,1],0]],no,no,['MTH','NCI','SNOMEDCT_US'],[591/6],0,0)]),map(-712,[ev(-615,'C0001675','21 old year','Adult',['21',old,year],[aggp],[[[1,1],[1,1],0],[[3,3],[2,2],0],[[2,2],[3,3],0]],no,no,['CHV','MSH','MTH','NCI'],[553/11],0,0),ev(-742,'C1706180','Male','Male Gender, Self Report',[male],[qlco],[[[4,4],[1,1],0]],yes,no,['MTH','NCI'],[565/4],0,0),ev(-575,'C0700321','Small','Small',[small],[qnco],[[[8,8],[1,1],0]],no,no,['CHV','MTH','SNMI','SNOMEDCT_US'],[585/5],0,0),ev(-575,'C0032584',polyps,polyps,[polyps],[anab],[[[9,9],[1,1],0]],no,no,['MTH','NCI','SNOMEDCT_US'],[591/6],0,0)]),map(-712,[ev(-615,'C0001675','21 old year','Adult',['21',old,year],[aggp],[[[1,1],[1,1],0],[[3,3],[2,2],0],[[2,2],[3,3],0]],no,no,['CHV','MSH','MTH','NCI'],[553/11],0,0),ev(-742,'C1706428','Male','Male Phenotype',[male],[qlco],[[[4,4],[1,1],0]],yes,no,['MTH','NCI'],[565/4],0,0),ev(-575,'C0700321','Small','Small',[small],[qnco],[[[8,8],[1,1],0]],no,no,['CHV','MTH','SNMI','SNOMEDCT_US'],[585/5],0,0),ev(-575,'C0032584',polyps,polyps,[polyps],[anab],[[[9,9],[1,1],0]],no,no,['MTH','NCI','SNOMEDCT_US'],[591/6],0,0)]),map(-712,[ev(-615,'C0001675','21 old year','Adult',['21',old,year],[aggp],[[[1,1],[1,1],0],[[3,3],[2,2],0],[[2,2],[3,3],0]],no,no,['CHV','MSH','MTH','NCI'],[553/11],0,0),ev(-742,'C1706429','Male','Male, Self-Reported',[male],[orga],[[[4,4],[1,1],0]],yes,no,['MTH','NCI'],[565/4],0,0),ev(-575,'C0700321','Small','Small',[small],[qnco],[[[8,8],[1,1],0]],no,no,['CHV','MTH','SNMI','SNOMEDCT_US'],[585/5],0,0),ev(-575,'C0032584',polyps,polyps,[polyps],[anab],[[[9,9],[1,1],0]],no,no,['MTH','NCI','SNOMEDCT_US'],[591/6],0,0)])]).
phrase('found on colonoscopy.',[verb([lexmatch([found]),inputmatch([found]),tag(verb),tokens([found])]),prep([lexmatch([on]),inputmatch([on]),tag(prep),tokens([on])]),mod([lexmatch([colonoscopy]),inputmatch([colonoscopy]),tag(noun),tokens([colonoscopy])]),punc([inputmatch(['.']),tokens([])])],598/21,[]).
candidates(4,1,0,3,[]).
mappings([map(-746,[ev(-790,'C0150312','Found','Present',[found],[qnco],[[[1,1],[1,1],0]],yes,no,['CHV','MTH','NCI'],[598/5],0,0),ev(-790,'C0009378',colonoscopy,colonoscopy,[colonoscopy],[diap,topp],[[[3,3],[1,1],0]],yes,no,['CHV','MSH','MTH','MTHMST','NLMSubSyn','SNOMEDCT_US'],[607/11],0,0)]),map(-746,[ev(-790,'C0150312','Found','Present',[found],[qnco],[[[1,1],[1,1],0]],yes,no,['CHV','MTH','NCI'],[598/5],0,0),ev(-790,'C1548837','Colonoscopy','Consent Type - Colonoscopy',[colonoscopy],[hlca],[[[3,3],[1,1],0]],yes,no,['HL7V2.5','MTH'],[607/11],0,0)])]).
'EOU'.
utterance('00000000.tx.8',"Family history significant for both older siblings having total colectomies after colonoscopy revealed hundreds of adenomas.",620/124,[]).
phrase('Family history',[head([lexmatch(['family history']),inputmatch(['Family',history]),tag(noun),tokens([family,history])])],620/14,[]).
candidates(13,3,0,10,[]).
mappings([map(-1000,[ev(-1000,'C0241889','Family history','Family history',[family,history],[fndg],[[[1,2],[1,2],0]],yes,no,['CHV','MTH','NCI','NLMSubSyn','SNOMEDCT_US'],[620/14],0,0)]),map(-1000,[ev(-1000,'C1705495','Family History','Family History Domain',[family,history],[idcn],[[[1,2],[1,2],0]],yes,no,['MTH','NCI'],[620/14],0,0)])]).
phrase('significant for both older siblings',[head([lexmatch([significant]),inputmatch([significant]),tag(adj),tokens([significant])]),prep([lexmatch([for]),inputmatch([for]),tag(prep),tokens([for])]),det([lexmatch([both]),inputmatch([both]),tag(det),tokens([both])]),mod([lexmatch([older]),inputmatch([older]),tag(adj),tokens([older])]),mod([lexmatch([siblings]),inputmatch([siblings]),tag(noun),tokens([siblings])])],635/35,[]).
candidates(7,1,0,6,[]).
mappings([map(-734,[ev(-760,'C0237881',significant,'Statistical Significance',[significant],[qnco],[[[1,1],[1,1],0]],yes,no,['MTH','NCI'],[635/11],0,0),ev(-623,'C0337511','Older sibling','Older sibling',[older,sibling],[famg],[[[4,4],[1,1],0],[[5,5],[2,2],1]],no,no,['SNOMEDCT_US'],[656/14],0,0)]),map(-734,[ev(-760,'C0750502','Significant','Significant',[significant],[idcn],[[[1,1],[1,1],0]],yes,no,['MTH','NCI'],[635/11],0,0),ev(-623,'C0337511','Older sibling','Older sibling',[older,sibling],[famg],[[[4,4],[1,1],0],[[5,5],[2,2],1]],no,no,['SNOMEDCT_US'],[656/14],0,0)]),map(-734,[ev(-760,'C1546944','Significant','Event Seriousness - Significant',[significant],[qlco],[[[1,1],[1,1],0]],yes,no,['HL7V2.5','MTH'],[635/11],0,0),ev(-623,'C0337511','Older sibling','Older sibling',[older,sibling],[famg],[[[4,4],[1,1],0],[[5,5],[2,2],1]],no,no,['SNOMEDCT_US'],[656/14],0,0)])]).
phrase(having,[aux([lexmatch([having]),inputmatch([having]),tag(aux),tokens([having])])],671/6,[]).
candidates(0,0,0,0,[]).
mappings([]).
phrase('total colectomies after colonoscopy revealed hundreds of adenomas.',[mod([lexmatch([total]),inputmatch([total]),tag(adj),tokens([total])]),head([lexmatch([colectomies]),inputmatch([colectomies]),tag(noun),tokens([colectomies])]),prep([lexmatch([after]),inputmatch([after]),tag(prep),tokens([after])]),mod([lexmatch([colonoscopy]),inputmatch([colonoscopy]),tag(noun),tokens([colonoscopy])]),mod([lexmatch([revealed]),inputmatch([revealed]),tag(adj),tokens([revealed])]),mod([lexmatch([hundreds]),inputmatch([hundreds]),tag(noun),tokens([hundreds])]),prep([lexmatch([of]),inputmatch([of]),tag(prep),tokens([of])]),mod([lexmatch([adenomas]),inputmatch([adenomas]),tag(noun),tokens([adenomas])]),punc([inputmatch(['.']),tokens([])])],678/66,[]).
candidates(9,0,0,9,[]).
mappings([map(-682,[ev(-600,'C0009556','Total colonoscopy','Total colonoscopy',[total,colonoscopy],[diap],[[[1,1],[1,1],0],[[4,4],[2,2],0]],no,no,['COSTAR','SNOMEDCT_US'],[678/5,702/11],0,0),ev(-744,'C0009274','Colectomies','Colectomy',[colectomies],[topp],[[[2,2],[1,1],0]],yes,no,['MSH'],[684/11],0,0),ev(-578,'C0443289','Revealed','Revealed',[revealed],[qlco],[[[5,5],[1,1],0]],no,no,['CHV','SNOMEDCT_US'],[714/8],0,0),ev(-578,'C0001430','Adenomas','Adenoma',[adenomas],[neop],[[[8,8],[1,1],0]],no,no,['CHV','MSH','MTH','NLMSubSyn','SNOMEDCT_US'],[735/8],0,0)])]).
'EOU'.
'EOT'.
