args('metamap14.BINARY.Darwin --lexicon db -Z 2014AA -qE -Q 4 ../../TREC-CDS/2014-original/28.txt ../../TREC-CDS/results/28.txt.out',[lexicon-db,mm_data_year-'2014AA',machine_output-[],indicate_citation_end-[],composite_phrases-4,infile-'../../TREC-CDS/2014-original/28.txt',outfile-'../../TREC-CDS/results/28.txt.out']).
aas(["TSH"*"thyroid stimulating hormone"*(1,3,5,27)*[],"hCG"*"human chorionic gonadotropin"*(1,3,5,28)*[]]).
neg_list([negation(nega,no,[269/2],['C0549206':'Pregnant','C0600457':'PREGNANT'],[308/8])]).
utterance('00000000.tx.1',"treatment. ",0/11,[10]).
phrase('treatment.',[head([lexmatch([treatment]),inputmatch([treatment]),tag(noun),tokens([treatment])]),punc([inputmatch(['.']),tokens([])])],0/10,[]).
candidates(6,0,0,6,[]).
mappings([map(-1000,[ev(-1000,'C0039798',treatment,'therapeutic aspects',[treatment],[ftcn],[[[1,1],[1,1],0]],yes,no,['MSH','MTH','NLMSubSyn'],[0/9],0,0)]),map(-1000,[ev(-1000,'C0087111','Treatment','Therapeutic procedure',[treatment],[topp],[[[1,1],[1,1],0]],yes,no,['AOD','CHV','LNC','MSH','MTH','MTHHH','NCI','NLMSubSyn','SNOMEDCT_US'],[0/9],0,0)]),map(-1000,[ev(-1000,'C1522326','Treatment','Treating',[treatment],[ftcn],[[[1,1],[1,1],0]],yes,no,['MTH','NCI'],[0/9],0,0)]),map(-1000,[ev(-1000,'C1533734','Treatment','Administration procedure',[treatment],[topp],[[[1,1],[1,1],0]],yes,no,['MTH','NCI','NLMSubSyn','SNOMEDCT_US'],[0/9],0,0)]),map(-1000,[ev(-1000,'C1705169','Treatment','Biomaterial Treatment',[treatment],[cnce],[[[1,1],[1,1],0]],yes,no,['MTH','NCI'],[0/9],0,0)]),map(-1000,[ev(-1000,'C3538994','TREATMENT','Treatment Epoch',[treatment],[resa],[[[1,1],[1,1],0]],yes,no,['MTH','NCI','NLMSubSyn'],[0/9],0,0)])]).
'EOU'.
utterance('00000000.tx.2',"A 31-year-old woman is seen in clinic with amenorrhea. ",11/55,[]).
phrase('A 31-year-old woman',[det([lexmatch([a]),inputmatch(['A']),tag(det),tokens([a])]),shapes([inputmatch(['31']),features([integer]),tokens(['31'])]),punc([inputmatch([-]),tokens([])]),mod([lexmatch([year]),inputmatch([year]),tag(noun),tokens([year])]),punc([inputmatch([-]),tokens([])]),mod([lexmatch([old]),inputmatch([old]),tag(noun),tokens([old])]),head([lexmatch([woman]),inputmatch([woman]),tag(noun),tokens([woman])])],11/19,[]).
candidates(5,0,0,5,[]).
mappings([map(-833,[ev(-645,'C0450355','31','Arabic numeral 31',['31'],[inpr],[[[1,1],[1,1],0]],no,no,['SNOMEDCT_US'],[13/2],0,0),ev(-645,'C0439234',year,year,[year],[tmco],[[[2,2],[1,1],0]],no,no,['MTH','NCI','SNOMEDCT_US'],[16/4],0,0),ev(-645,'C0580836','Old','Old',[old],[tmco],[[[3,3],[1,1],0]],no,no,['MTH'],[21/3],0,0),ev(-812,'C0043210','Woman','Woman',[woman],[popg],[[[4,4],[1,1],0]],yes,no,['CHV','MSH','MTH','NCI','NLMSubSyn'],[25/5],0,0)]),map(-833,[ev(-645,'C0450355','31','Arabic numeral 31',['31'],[inpr],[[[1,1],[1,1],0]],no,no,['SNOMEDCT_US'],[13/2],0,0),ev(-645,'C0439508','/year','per year',[year],[tmco],[[[2,2],[1,1],0]],no,no,['CHV','MTH','NCI','SNOMEDCT_US'],[16/4],0,0),ev(-645,'C0580836','Old','Old',[old],[tmco],[[[3,3],[1,1],0]],no,no,['MTH'],[21/3],0,0),ev(-812,'C0043210','Woman','Woman',[woman],[popg],[[[4,4],[1,1],0]],yes,no,['CHV','MSH','MTH','NCI','NLMSubSyn'],[25/5],0,0)])]).
phrase(is,[aux([lexmatch([is]),inputmatch([is]),tag(aux),tokens([is])])],31/2,[]).
candidates(0,0,0,0,[]).
mappings([]).
phrase(seen,[verb([lexmatch([seen]),inputmatch([seen]),tag(verb),tokens([seen])])],34/4,[]).
candidates(3,2,0,1,[]).
mappings([map(-1000,[ev(-1000,'C0205397','Seen','Seen',[seen],[qlco],[[[1,1],[1,1],0]],yes,no,['SNMI'],[34/4],0,0)])]).
phrase('in clinic with amenorrhea.',[head([lexmatch(['in clinic']),inputmatch([in,clinic]),tag(adj),tokens([in,clinic])]),prep([lexmatch([with]),inputmatch([with]),tag(prep),tokens([with])]),mod([lexmatch([amenorrhea]),inputmatch([amenorrhea]),tag(noun),tokens([amenorrhea])]),punc([inputmatch(['.']),tokens([])])],39/26,[]).
candidates(6,1,0,5,[]).
mappings([map(-733,[ev(-770,'C0150312','In','Present',[in],[qnco],[[[1,1],[1,1],0]],yes,no,['CHV','MTH','NCI'],[39/2],0,0),ev(-770,'C0002424','Clinic','Ambulatory Care Facilities',[clinic],[hcro,mnob],[[[2,2],[1,1],0]],yes,no,['CHV','MSH','MTH','NCI','NLMSubSyn','SNOMEDCT_US'],[42/6],0,0),ev(-604,'C0002453','Amenorrhea','Amenorrhea',[amenorrhea],[dsyn],[[[4,4],[1,1],0]],no,no,['CHV','CSP','DXP','ICD10CM','MTH','SNOMEDCT_US'],[54/10],0,0)]),map(-733,[ev(-770,'C0150312','In','Present',[in],[qnco],[[[1,1],[1,1],0]],yes,no,['CHV','MTH','NCI'],[39/2],0,0),ev(-770,'C0442592','Clinic','Clinic',[clinic],[hcro,mnob],[[[2,2],[1,1],0]],yes,no,['CHV','MTH'],[42/6],0,0),ev(-604,'C0002453','Amenorrhea','Amenorrhea',[amenorrhea],[dsyn],[[[4,4],[1,1],0]],no,no,['CHV','CSP','DXP','ICD10CM','MTH','SNOMEDCT_US'],[54/10],0,0)]),map(-733,[ev(-770,'C0332285','In','Within',[in],[spco],[[[1,1],[1,1],0]],yes,no,['MTH','SNOMEDCT_US'],[39/2],0,0),ev(-770,'C0002424','Clinic','Ambulatory Care Facilities',[clinic],[hcro,mnob],[[[2,2],[1,1],0]],yes,no,['CHV','MSH','MTH','NCI','NLMSubSyn','SNOMEDCT_US'],[42/6],0,0),ev(-604,'C0002453','Amenorrhea','Amenorrhea',[amenorrhea],[dsyn],[[[4,4],[1,1],0]],no,no,['CHV','CSP','DXP','ICD10CM','MTH','SNOMEDCT_US'],[54/10],0,0)]),map(-733,[ev(-770,'C0332285','In','Within',[in],[spco],[[[1,1],[1,1],0]],yes,no,['MTH','SNOMEDCT_US'],[39/2],0,0),ev(-770,'C0442592','Clinic','Clinic',[clinic],[hcro,mnob],[[[2,2],[1,1],0]],yes,no,['CHV','MTH'],[42/6],0,0),ev(-604,'C0002453','Amenorrhea','Amenorrhea',[amenorrhea],[dsyn],[[[4,4],[1,1],0]],no,no,['CHV','CSP','DXP','ICD10CM','MTH','SNOMEDCT_US'],[54/10],0,0)])]).
'EOU'.
utterance('00000000.tx.3',"She had menarche at age 14 and has had normal periods since then. ",66/66,[]).
phrase('She',[pron([lexmatch([she]),inputmatch(['She']),tag(pron),tokens([she])])],66/3,[]).
candidates(0,0,0,0,[]).
mappings([]).
phrase(had,[aux([lexmatch([had]),inputmatch([had]),tag(aux),tokens([had])])],70/3,[]).
candidates(0,0,0,0,[]).
mappings([]).
phrase('menarche at age 14',[head([lexmatch([menarche]),inputmatch([menarche]),tag(noun),tokens([menarche])]),prep([lexmatch([at]),inputmatch([at]),tag(prep),tokens([at])]),mod([lexmatch([age]),inputmatch([age]),tag(noun),tokens([age])]),shapes([inputmatch(['14']),features([integer]),tokens(['14'])])],74/18,[]).
candidates(5,0,0,5,[]).
mappings([map(-909,[ev(-868,'C1314691','Age at menarche','Age at menarche',[age,at,menarche],[fndg],[[[3,3],[1,1],0],[[2,2],[2,2],0],[[1,1],[3,3],0]],yes,no,['CHV','MTH','SNOMEDCT_US'],[74/15],0,0)]),map(-909,[ev(-868,'C1626276','Age at menarche','Age at menarche:Time:Point in time:^Patient:Quantitative',[age,at,menarche],[clna],[[[3,3],[1,1],0],[[2,2],[2,2],0],[[1,1],[3,3],0]],yes,no,['LNC'],[74/15],0,0)])]).
phrase(and,[conj([lexmatch([and]),inputmatch([and]),tag(conj),tokens([and])])],93/3,[]).
candidates(0,0,0,0,[]).
mappings([]).
phrase(has,[aux([lexmatch([has]),inputmatch([has]),tag(aux),tokens([has])])],97/3,[]).
candidates(0,0,0,0,[]).
mappings([]).
phrase(had,[aux([lexmatch([had]),inputmatch([had]),tag(aux),tokens([had])])],101/3,[]).
candidates(0,0,0,0,[]).
mappings([]).
phrase('normal periods',[mod([lexmatch([normal]),inputmatch([normal]),tag(adj),tokens([normal])]),head([lexmatch([periods]),inputmatch([periods]),tag(noun),tokens([periods])])],105/14,[]).
candidates(10,4,0,6,[]).
mappings([map(-1000,[ev(-1000,'C0559892','Normal periods','Normal menstruation - observation',[normal,periods],[fndg],[[[1,1],[1,1],0],[[2,2],[2,2],0]],yes,no,['CHV','MEDLINEPLUS','MTH','NLMSubSyn','SNOMEDCT_US'],[105/14],0,0)])]).
phrase(since,[conj([lexmatch([since]),inputmatch([since]),tag(conj),tokens([since])])],120/5,[]).
candidates(0,0,0,0,[]).
mappings([]).
phrase('then.',[adv([lexmatch([then]),inputmatch([then]),tag(adv),tokens([then])]),punc([inputmatch(['.']),tokens([])])],126/5,[]).
candidates(1,0,0,1,[]).
mappings([map(-1000,[ev(-1000,'C1883708','Then','Then',[then],[tmco],[[[1,1],[1,1],0]],yes,no,['MTH','NCI'],[126/4],0,0)])]).
'EOU'.
utterance('00000000.tx.4',"However, her last menstrual period was 7 months ago. ",132/53,[]).
phrase('However,',[adv([lexmatch([however]),inputmatch(['However']),tag(adv),tokens([however])]),punc([inputmatch([',']),tokens([])])],132/8,[]).
candidates(0,0,0,0,[]).
mappings([]).
phrase('her last menstrual period',[pron([lexmatch([her]),inputmatch([her]),tag(pron),tokens([her])]),head([lexmatch(['last menstrual period']),inputmatch([last,menstrual,period]),tag(noun),tokens([last,menstrual,period])])],141/25,[]).
candidates(8,3,0,5,[]).
mappings([map(-1000,[ev(-1000,'C0425932','Last menstrual period','Date of last menstrual period',[last,menstrual,period],[tmco],[[[1,3],[1,3],0]],yes,no,['LNC','MTH','NCI','NLMSubSyn','SNMI','SNOMEDCT_US'],[145/21],0,0)])]).
phrase(was,[aux([lexmatch([was]),inputmatch([was]),tag(aux),tokens([was])])],167/3,[]).
candidates(0,0,0,0,[]).
mappings([]).
phrase('7 months ago.',[shapes([inputmatch(['7']),features([integer]),tokens(['7'])]),head([lexmatch([months]),inputmatch([months]),tag(noun),tokens([months])]),adv([lexmatch([ago]),inputmatch([ago]),tag(adv),tokens([ago])]),punc([inputmatch(['.']),tokens([])])],171/13,[]).
candidates(2,1,0,1,[]).
mappings([map(-827,[ev(-827,'C0439231',months,month,[months],[tmco],[[[2,2],[1,1],0]],yes,no,['MTH','SNOMEDCT_US'],[173/6],0,0)])]).
'EOU'.
utterance('00000000.tx.5',"She also complains of an occasional milky nipple discharge. ",185/60,[]).
phrase('She also',[pron([lexmatch([she]),inputmatch(['She']),tag(pron),tokens([she])]),adv([lexmatch([also]),inputmatch([also]),tag(adv),tokens([also])])],185/8,[]).
candidates(0,0,0,0,[]).
mappings([]).
phrase('complains of an occasional milky nipple discharge.',[verb([lexmatch([complains]),inputmatch([complains]),tag(verb),tokens([complains])]),prep([lexmatch([of]),inputmatch([of]),tag(prep),tokens([of])]),det([lexmatch([an]),inputmatch([an]),tag(det),tokens([an])]),mod([lexmatch([occasional]),inputmatch([occasional]),tag(adj),tokens([occasional])]),mod([lexmatch([milky]),inputmatch([milky]),tag(adj),tokens([milky])]),mod([lexmatch([nipple]),inputmatch([nipple]),tag(noun),tokens([nipple])]),mod([lexmatch([discharge]),inputmatch([discharge]),tag(noun),tokens([discharge])]),punc([inputmatch(['.']),tokens([])])],194/50,[]).
candidates(18,7,0,11,[]).
mappings([map(-770,[ev(-748,'C0521114','Occasional','Infrequent',[occasional],[tmco],[[[4,4],[1,1],0]],yes,no,['MTH','NCI','SNMI','SNOMEDCT_US'],[210/10],0,0),ev(-814,'C0567523','Milky nipple discharge','Milky nipple discharge',[milky,nipple,discharge],[sosy],[[[5,5],[1,1],0],[[6,6],[2,2],0],[[7,7],[3,3],0]],yes,no,['CHV','SNOMEDCT_US'],[221/22],0,0)])]).
'EOU'.
utterance('00000000.tx.6',"She is currently taking no mediations and would like to become pregnant soon. ",245/78,[]).
phrase('She',[pron([lexmatch([she]),inputmatch(['She']),tag(pron),tokens([she])])],245/3,[]).
candidates(0,0,0,0,[]).
mappings([]).
phrase(is,[aux([lexmatch([is]),inputmatch([is]),tag(aux),tokens([is])])],249/2,[]).
candidates(0,0,0,0,[]).
mappings([]).
phrase(currently,[adv([lexmatch([currently]),inputmatch([currently]),tag(adv),tokens([currently])])],252/9,[]).
candidates(1,0,0,1,[]).
mappings([map(-1000,[ev(-1000,'C0521116','Currently','Current (present time)',[currently],[tmco],[[[1,1],[1,1],0]],yes,no,['CHV','MTH','SNOMEDCT_US'],[252/9],0,0)])]).
phrase(taking,[verb([lexmatch([taking]),inputmatch([taking]),tag(verb),tokens([taking])])],262/6,[]).
candidates(1,0,0,1,[]).
mappings([map(-966,[ev(-966,'C1515187','Take','Take',[take],[hlca],[[[1,1],[1,1],1]],yes,no,['SNOMEDCT_US'],[262/6],0,0)])]).
phrase('no mediations',[det([lexmatch([no]),inputmatch([no]),tag(det),tokens([no])]),head([lexmatch([mediations]),inputmatch([mediations]),tag(noun),tokens([mediations])])],269/13,[]).
candidates(1,0,0,1,[]).
mappings([map(-1000,[ev(-1000,'C0680727',mediations,'Mediation',[mediations],[socb],[[[1,1],[1,1],0]],yes,no,['CHV','MSH','MTH'],[272/10],0,0)])]).
phrase(and,[conj([lexmatch([and]),inputmatch([and]),tag(conj),tokens([and])])],283/3,[]).
candidates(0,0,0,0,[]).
mappings([]).
phrase('would like to',[modal([lexmatch([would]),inputmatch([would]),tag(modal),tokens([would])]),prep([lexmatch([like]),inputmatch([like]),tag(prep),tokens([like])]),adv([lexmatch([to]),inputmatch([to]),tag(adv),tokens([to])])],287/13,[]).
candidates(0,0,0,0,[]).
mappings([]).
phrase(become,[verb([lexmatch([become]),inputmatch([become]),tag(verb),tokens([become])])],301/6,[]).
candidates(0,0,0,0,[]).
mappings([]).
phrase('pregnant soon.',[mod([lexmatch([pregnant]),inputmatch([pregnant]),tag(adj),tokens([pregnant])]),adv([lexmatch([soon]),inputmatch([soon]),tag(adv),tokens([soon])]),punc([inputmatch(['.']),tokens([])])],308/14,[]).
candidates(3,0,0,3,[]).
mappings([map(-861,[ev(-861,'C0549206','Pregnant','Patient currently pregnant',[pregnant],[fndg],[[[1,1],[1,1],0]],yes,no,['CHV','NLMSubSyn','SNM','SNOMEDCT_US','SNOMEDCT_VET'],[308/8],0,1)]),map(-861,[ev(-861,'C0553641','Pregnant','Pregnant - adjective',[pregnant],[ftcn],[[[1,1],[1,1],0]],yes,no,['MTH','SNMI'],[308/8],0,0)]),map(-861,[ev(-861,'C0600457','PREGNANT','Gravidity',[pregnant],[fndg],[[[1,1],[1,1],0]],yes,no,['CHV','LNC','MSH','MTH','NCI','NLMSubSyn','SNOMEDCT_US'],[308/8],0,1)])]).
'EOU'.
utterance('00000000.tx.7',"Examination shows a whitish nipple discharge bilaterally, but the rest of the examination is normal. ",323/101,[]).
phrase('Examination',[head([lexmatch([examination]),inputmatch(['Examination']),tag(noun),tokens([examination])])],323/11,[]).
candidates(0,0,0,0,[]).
mappings([]).
phrase(shows,[verb([lexmatch([shows]),inputmatch([shows]),tag(verb),tokens([shows])])],335/5,[]).
candidates(1,0,0,1,[]).
mappings([map(-1000,[ev(-1000,'C1547282','Show','Show',[show],[inpr],[[[1,1],[1,1],0]],yes,no,['HL7V3.0'],[335/5],0,0)])]).
phrase('a whitish nipple',[det([lexmatch([a]),inputmatch([a]),tag(det),tokens([a])]),mod([lexmatch([whitish]),inputmatch([whitish]),tag(adj),tokens([whitish])]),head([lexmatch([nipple]),inputmatch([nipple]),tag(noun),tokens([nipple])])],341/16,[]).
candidates(4,1,0,3,[]).
mappings([map(-861,[ev(-861,'C0028109','Nipple','Nipples',[nipple],[bpoc],[[[2,2],[1,1],0]],yes,no,['CHV','FMA','MTH','SNOMEDCT_US'],[351/6],0,0)]),map(-861,[ev(-861,'C0222150','[SO]Nipple','Skin structure of nipple',[nipple],[bpoc],[[[2,2],[1,1],0]],yes,no,['CHV','FMA','MTH','SNOMEDCT_US'],[351/6],0,0)]),map(-861,[ev(-861,'C1280732','Nipple','Entire nipple',[nipple],[bpoc],[[[2,2],[1,1],0]],yes,no,['MTH','SNOMEDCT_US'],[351/6],0,0)])]).
phrase(discharge,[verb([lexmatch([discharge]),inputmatch([discharge]),tag(verb),tokens([discharge])])],358/9,[]).
candidates(3,0,0,3,[]).
mappings([map(-1000,[ev(-1000,'C0012621','Discharge','Body Fluid Discharge',[discharge],[bdsu],[[[1,1],[1,1],0]],yes,no,['CHV','MTH','NCI','NLMSubSyn','SNM','SNOMEDCT_US'],[358/9],0,0)]),map(-1000,[ev(-1000,'C0030685','Discharge','Patient Discharge',[discharge],[hlca],[[[1,1],[1,1],0]],yes,no,['LNC','MTH','NCI','NLMSubSyn','SNMI','SNOMEDCT_US'],[358/9],0,0)]),map(-1000,[ev(-1000,'C2926602','Discharge','Discharge, body substance',[discharge],[bdsu],[[[1,1],[1,1],0]],yes,no,['MTH','NCI'],[358/9],0,0)])]).
phrase('bilaterally,',[adv([lexmatch([bilaterally]),inputmatch([bilaterally]),tag(adv),tokens([bilaterally])]),punc([inputmatch([',']),tokens([])])],368/12,[]).
candidates(0,0,0,0,[]).
mappings([]).
phrase(but,[conj([lexmatch([but]),inputmatch([but]),tag(conj),tokens([but])])],381/3,[]).
candidates(0,0,0,0,[]).
mappings([]).
phrase('the rest of the examination',[det([lexmatch([the]),inputmatch([the]),tag(det),tokens([the])]),head([lexmatch([rest]),inputmatch([rest]),tag(noun),tokens([rest])]),prep([lexmatch([of]),inputmatch([of]),tag(prep),tokens([of])]),det([lexmatch([the]),inputmatch([the]),tag(det),tokens([the])]),mod([lexmatch([examination]),inputmatch([examination]),tag(noun),tokens([examination])])],385/27,[]).
candidates(2,0,0,2,[]).
mappings([map(-760,[ev(-760,'C0035253','Rest','Rest',[rest],[dora],[[[2,2],[1,1],0]],yes,no,['CHV','MSH','MTH','NCI'],[389/4],0,0)]),map(-760,[ev(-760,'C1622890','ResT','site-specific telomere resolvase activity',[rest],[moft],[[[2,2],[1,1],0]],yes,no,['GO','MTH'],[389/4],0,0)])]).
phrase(is,[aux([lexmatch([is]),inputmatch([is]),tag(aux),tokens([is])])],413/2,[]).
candidates(0,0,0,0,[]).
mappings([]).
phrase('normal.',[head([lexmatch([normal]),inputmatch([normal]),tag(adj),tokens([normal])]),punc([inputmatch(['.']),tokens([])])],416/7,[]).
candidates(3,0,0,3,[]).
mappings([map(-1000,[ev(-1000,'C0205307','Normal','Normal',[normal],[qlco],[[[1,1],[1,1],0]],yes,no,['MTH','SNOMEDCT_US'],[416/6],0,0)]),map(-1000,[ev(-1000,'C0439166','% normal','Percent normal',[normal],[qnco],[[[1,1],[1,1],0]],yes,no,['CHV','MTH','SNOMEDCT_US'],[416/6],0,0)]),map(-1000,[ev(-1000,'C2347086','% Normal','Mean Percent of Normal',[normal],[qnco],[[[1,1],[1,1],0]],yes,no,['MTH','NCI'],[416/6],0,0)])]).
'EOU'.
utterance('00000000.tx.8',"Urine human chorionic gonadotropin (hCG) is negative, thyroid stimulating hormone (TSH) is normal, but prolactin is elevated. ",424/126,[549]).
phrase('Urine human chorionic gonadotropin (hCG)',[mod([lexmatch([urine]),inputmatch(['Urine']),tag(noun),tokens([urine])]),head([lexmatch(['human chorionic gonadotropin']),inputmatch([human,chorionic,gonadotropin]),tag(noun),tokens([human,chorionic,gonadotropin])])],424/40,[]).
candidates(15,2,0,13,[]).
mappings([map(-916,[ev(-645,'C0042036','Urine','Urine',[urine],[bdsu],[[[1,1],[1,1],0]],no,no,['CHV','MTH','NCI'],[424/5],0,0),ev(-923,'C0018062','human chorionic gonadotrophin','Chorionic Gonadotropin',[human,chorionic,gonadotrophin],[aapp,horm,phsu],[[[2,4],[1,3],0]],yes,no,['CHV','MSH','MTH','NLMSubSyn','SNOMEDCT_US'],[430/28],0,0)]),map(-916,[ev(-645,'C0042036','Urine','Urine',[urine],[bdsu],[[[1,1],[1,1],0]],no,no,['CHV','MTH','NCI'],[424/5],0,0),ev(-923,'C1141639','Human Chorionic Gonadotropin','Human Chorionic Gonadotropin',[human,chorionic,gonadotropin],[aapp,horm,phsu],[[[2,4],[1,3],0]],yes,no,['MTH','NLMSubSyn','SNOMEDCT_US'],[430/28],0,0)]),map(-916,[ev(-645,'C0042036','Urine','Urine',[urine],[bdsu],[[[1,1],[1,1],0]],no,no,['CHV','MTH','NCI'],[424/5],0,0),ev(-923,'C1527152','Human Chorionic Gonadotropin','Recombinant Human Chorionic Gonadotropin',[human,chorionic,gonadotropin],[aapp,horm,phsu],[[[2,4],[1,3],0]],yes,no,['MTH','NCI','NLMSubSyn','SNOMEDCT_US'],[430/28],0,0)]),map(-916,[ev(-645,'C0042037',urine,'In Urine',[urine],[ftcn],[[[1,1],[1,1],0]],no,no,['MSH','MTH'],[424/5],0,0),ev(-923,'C0018062','human chorionic gonadotrophin','Chorionic Gonadotropin',[human,chorionic,gonadotrophin],[aapp,horm,phsu],[[[2,4],[1,3],0]],yes,no,['CHV','MSH','MTH','NLMSubSyn','SNOMEDCT_US'],[430/28],0,0)]),map(-916,[ev(-645,'C0042037',urine,'In Urine',[urine],[ftcn],[[[1,1],[1,1],0]],no,no,['MSH','MTH'],[424/5],0,0),ev(-923,'C1141639','Human Chorionic Gonadotropin','Human Chorionic Gonadotropin',[human,chorionic,gonadotropin],[aapp,horm,phsu],[[[2,4],[1,3],0]],yes,no,['MTH','NLMSubSyn','SNOMEDCT_US'],[430/28],0,0)]),map(-916,[ev(-645,'C0042037',urine,'In Urine',[urine],[ftcn],[[[1,1],[1,1],0]],no,no,['MSH','MTH'],[424/5],0,0),ev(-923,'C1527152','Human Chorionic Gonadotropin','Recombinant Human Chorionic Gonadotropin',[human,chorionic,gonadotropin],[aapp,horm,phsu],[[[2,4],[1,3],0]],yes,no,['MTH','NCI','NLMSubSyn','SNOMEDCT_US'],[430/28],0,0)]),map(-916,[ev(-645,'C2963137','Urine','Portion of urine',[urine],[bdsu],[[[1,1],[1,1],0]],no,no,['FMA','MTH'],[424/5],0,0),ev(-923,'C0018062','human chorionic gonadotrophin','Chorionic Gonadotropin',[human,chorionic,gonadotrophin],[aapp,horm,phsu],[[[2,4],[1,3],0]],yes,no,['CHV','MSH','MTH','NLMSubSyn','SNOMEDCT_US'],[430/28],0,0)]),map(-916,[ev(-645,'C2963137','Urine','Portion of urine',[urine],[bdsu],[[[1,1],[1,1],0]],no,no,['FMA','MTH'],[424/5],0,0),ev(-923,'C1141639','Human Chorionic Gonadotropin','Human Chorionic Gonadotropin',[human,chorionic,gonadotropin],[aapp,horm,phsu],[[[2,4],[1,3],0]],yes,no,['MTH','NLMSubSyn','SNOMEDCT_US'],[430/28],0,0)]),map(-916,[ev(-645,'C2963137','Urine','Portion of urine',[urine],[bdsu],[[[1,1],[1,1],0]],no,no,['FMA','MTH'],[424/5],0,0),ev(-923,'C1527152','Human Chorionic Gonadotropin','Recombinant Human Chorionic Gonadotropin',[human,chorionic,gonadotropin],[aapp,horm,phsu],[[[2,4],[1,3],0]],yes,no,['MTH','NCI','NLMSubSyn','SNOMEDCT_US'],[430/28],0,0)])]).
phrase(is,[aux([lexmatch([is]),inputmatch([is]),tag(aux),tokens([is])])],465/2,[]).
candidates(0,0,0,0,[]).
mappings([]).
phrase('negative, thyroid stimulating hormone (TSH)',[mod([lexmatch([negative]),inputmatch([negative]),tag(adj),tokens([negative])]),punc([inputmatch([',']),tokens([])]),head([lexmatch(['thyroid stimulating hormone']),inputmatch([thyroid,stimulating,hormone]),tag(noun),tokens([thyroid,stimulating,hormone])])],468/43,[]).
candidates(12,1,0,11,[]).
mappings([map(-916,[ev(-645,'C0205160','Negative','Negative',[negative],[qlco],[[[1,1],[1,1],0]],no,no,['CHV','MTH','NCI','SNOMEDCT_US'],[468/8],0,0),ev(-923,'C0040160','Thyroid-Stimulating Hormone','Thyrotropin',[thyroid,stimulating,hormone],[aapp,horm,phsu],[[[2,4],[1,3],0]],yes,no,['CHV','MSH','MTH','SNMI','SNOMEDCT_US'],[478/27],0,0)]),map(-916,[ev(-645,'C0205160','Negative','Negative',[negative],[qlco],[[[1,1],[1,1],0]],no,no,['CHV','MTH','NCI','SNOMEDCT_US'],[468/8],0,0),ev(-923,'C1535531','Thyroid Stimulating Hormone','Recombinant Thyroid-Stimulating Hormone',[thyroid,stimulating,hormone],[aapp,horm,phsu],[[[2,4],[1,3],0]],yes,no,['MTH','NCI'],[478/27],0,0)]),map(-916,[ev(-645,'C0205160','Negative','Negative',[negative],[qlco],[[[1,1],[1,1],0]],no,no,['CHV','MTH','NCI','SNOMEDCT_US'],[468/8],0,0),ev(-923,'C2825077','Thyroid Stimulating Hormone','Thyroid Stimulating Hormone [EPC]',[thyroid,stimulating,hormone],[phsu],[[[2,4],[1,3],0]],yes,no,['NDFRT'],[478/27],0,0)]),map(-916,[ev(-645,'C1513916','Negative','Negative Finding',[negative],[fndg],[[[1,1],[1,1],0]],no,no,['MTH','NCI','NLMSubSyn'],[468/8],0,0),ev(-923,'C0040160','Thyroid-Stimulating Hormone','Thyrotropin',[thyroid,stimulating,hormone],[aapp,horm,phsu],[[[2,4],[1,3],0]],yes,no,['CHV','MSH','MTH','SNMI','SNOMEDCT_US'],[478/27],0,0)]),map(-916,[ev(-645,'C1513916','Negative','Negative Finding',[negative],[fndg],[[[1,1],[1,1],0]],no,no,['MTH','NCI','NLMSubSyn'],[468/8],0,0),ev(-923,'C1535531','Thyroid Stimulating Hormone','Recombinant Thyroid-Stimulating Hormone',[thyroid,stimulating,hormone],[aapp,horm,phsu],[[[2,4],[1,3],0]],yes,no,['MTH','NCI'],[478/27],0,0)]),map(-916,[ev(-645,'C1513916','Negative','Negative Finding',[negative],[fndg],[[[1,1],[1,1],0]],no,no,['MTH','NCI','NLMSubSyn'],[468/8],0,0),ev(-923,'C2825077','Thyroid Stimulating Hormone','Thyroid Stimulating Hormone [EPC]',[thyroid,stimulating,hormone],[phsu],[[[2,4],[1,3],0]],yes,no,['NDFRT'],[478/27],0,0)]),map(-916,[ev(-645,'C2825415','Negative','Negative Number',[negative],[cnce],[[[1,1],[1,1],0]],no,no,['MTH','NCI','NLMSubSyn'],[468/8],0,0),ev(-923,'C0040160','Thyroid-Stimulating Hormone','Thyrotropin',[thyroid,stimulating,hormone],[aapp,horm,phsu],[[[2,4],[1,3],0]],yes,no,['CHV','MSH','MTH','SNMI','SNOMEDCT_US'],[478/27],0,0)]),map(-916,[ev(-645,'C2825415','Negative','Negative Number',[negative],[cnce],[[[1,1],[1,1],0]],no,no,['MTH','NCI','NLMSubSyn'],[468/8],0,0),ev(-923,'C1535531','Thyroid Stimulating Hormone','Recombinant Thyroid-Stimulating Hormone',[thyroid,stimulating,hormone],[aapp,horm,phsu],[[[2,4],[1,3],0]],yes,no,['MTH','NCI'],[478/27],0,0)]),map(-916,[ev(-645,'C2825415','Negative','Negative Number',[negative],[cnce],[[[1,1],[1,1],0]],no,no,['MTH','NCI','NLMSubSyn'],[468/8],0,0),ev(-923,'C2825077','Thyroid Stimulating Hormone','Thyroid Stimulating Hormone [EPC]',[thyroid,stimulating,hormone],[phsu],[[[2,4],[1,3],0]],yes,no,['NDFRT'],[478/27],0,0)]),map(-916,[ev(-645,'C2825491','Negative','Negative Charge',[negative],[qlco],[[[1,1],[1,1],0]],no,no,['MTH','NCI'],[468/8],0,0),ev(-923,'C0040160','Thyroid-Stimulating Hormone','Thyrotropin',[thyroid,stimulating,hormone],[aapp,horm,phsu],[[[2,4],[1,3],0]],yes,no,['CHV','MSH','MTH','SNMI','SNOMEDCT_US'],[478/27],0,0)]),map(-916,[ev(-645,'C2825491','Negative','Negative Charge',[negative],[qlco],[[[1,1],[1,1],0]],no,no,['MTH','NCI'],[468/8],0,0),ev(-923,'C1535531','Thyroid Stimulating Hormone','Recombinant Thyroid-Stimulating Hormone',[thyroid,stimulating,hormone],[aapp,horm,phsu],[[[2,4],[1,3],0]],yes,no,['MTH','NCI'],[478/27],0,0)]),map(-916,[ev(-645,'C2825491','Negative','Negative Charge',[negative],[qlco],[[[1,1],[1,1],0]],no,no,['MTH','NCI'],[468/8],0,0),ev(-923,'C2825077','Thyroid Stimulating Hormone','Thyroid Stimulating Hormone [EPC]',[thyroid,stimulating,hormone],[phsu],[[[2,4],[1,3],0]],yes,no,['NDFRT'],[478/27],0,0)])]).
phrase(is,[aux([lexmatch([is]),inputmatch([is]),tag(aux),tokens([is])])],512/2,[]).
candidates(0,0,0,0,[]).
mappings([]).
phrase('normal,',[head([lexmatch([normal]),inputmatch([normal]),tag(adj),tokens([normal])]),punc([inputmatch([',']),tokens([])])],515/7,[]).
candidates(3,0,0,3,[]).
mappings([map(-1000,[ev(-1000,'C0205307','Normal','Normal',[normal],[qlco],[[[1,1],[1,1],0]],yes,no,['MTH','SNOMEDCT_US'],[515/6],0,0)]),map(-1000,[ev(-1000,'C0439166','% normal','Percent normal',[normal],[qnco],[[[1,1],[1,1],0]],yes,no,['CHV','MTH','SNOMEDCT_US'],[515/6],0,0)]),map(-1000,[ev(-1000,'C2347086','% Normal','Mean Percent of Normal',[normal],[qnco],[[[1,1],[1,1],0]],yes,no,['MTH','NCI'],[515/6],0,0)])]).
phrase(but,[conj([lexmatch([but]),inputmatch([but]),tag(conj),tokens([but])])],523/3,[]).
candidates(0,0,0,0,[]).
mappings([]).
phrase(prolactin,[head([lexmatch([prolactin]),inputmatch([prolactin]),tag(noun),tokens([prolactin])])],527/9,[]).
candidates(2,0,0,2,[]).
mappings([map(-1000,[ev(-1000,'C0033371','Prolactin','Prolactin',[prolactin],[aapp,horm,phsu],[[[1,1],[1,1],0]],yes,no,['AOD','CHV','CSP','FMA','MSH','MTH','SNMI','SNOMEDCT_US'],[527/9],0,0)]),map(-1000,[ev(-1000,'C1744644',prolactin,'prolactin binding',[prolactin],[moft],[[[1,1],[1,1],0]],yes,no,['GO','MTH','NLMSubSyn'],[527/9],0,0)])]).
phrase(is,[aux([lexmatch([is]),inputmatch([is]),tag(aux),tokens([is])])],537/2,[]).
candidates(0,0,0,0,[]).
mappings([]).
phrase('elevated.',[verb([lexmatch([elevated]),inputmatch([elevated]),tag(verb),tokens([elevated])]),punc([inputmatch(['.']),tokens([])])],540/9,[]).
candidates(2,0,0,2,[]).
mappings([map(-1000,[ev(-1000,'C0205250','Elevated','High',[elevated],[qlco],[[[1,1],[1,1],0]],yes,no,['CHV','MTH','NCI','SNOMEDCT_US'],[540/8],0,0)]),map(-1000,[ev(-1000,'C3163633','Elevated','Elevated',[elevated],[qlco],[[[1,1],[1,1],0]],yes,no,['MTH'],[540/8],0,0)])]).
'EOU'.
utterance('00000000.tx.9',"31-year-old female with amenorrhea, milky nipple discharge, negative urine pregnancy test, and elevated prolactin level.",550/120,[]).
phrase('31-year-old female with amenorrhea,',[shapes([inputmatch(['31']),features([integer]),tokens(['31'])]),punc([inputmatch([-]),tokens([])]),mod([lexmatch([year]),inputmatch([year]),tag(noun),tokens([year])]),punc([inputmatch([-]),tokens([])]),mod([lexmatch([old]),inputmatch([old]),tag(noun),tokens([old])]),head([lexmatch([female]),inputmatch([female]),tag(noun),tokens([female])]),prep([lexmatch([with]),inputmatch([with]),tag(prep),tokens([with])]),mod([lexmatch([amenorrhea]),inputmatch([amenorrhea]),tag(noun),tokens([amenorrhea])]),punc([inputmatch([',']),tokens([])])],550/35,[]).
candidates(10,0,0,10,[]).
mappings([map(-735,[ev(-586,'C0450355','31','Arabic numeral 31',['31'],[inpr],[[[1,1],[1,1],0]],no,no,['SNOMEDCT_US'],[550/2],0,0),ev(-586,'C0439234',year,year,[year],[tmco],[[[2,2],[1,1],0]],no,no,['MTH','NCI','SNOMEDCT_US'],[553/4],0,0),ev(-586,'C0580836','Old','Old',[old],[tmco],[[[3,3],[1,1],0]],no,no,['MTH'],[558/3],0,0),ev(-753,'C0015780','Female','Female',[female],[orga],[[[4,4],[1,1],0]],yes,no,['DXP','MSH','MTH','NCI','NDFRT','NLMSubSyn','QMR','SNOMEDCT_US'],[562/6],0,0),ev(-586,'C0002453','Amenorrhea','Amenorrhea',[amenorrhea],[dsyn],[[[6,6],[1,1],0]],no,no,['CHV','CSP','DXP','ICD10CM','MTH','SNOMEDCT_US'],[574/10],0,0)]),map(-735,[ev(-586,'C0450355','31','Arabic numeral 31',['31'],[inpr],[[[1,1],[1,1],0]],no,no,['SNOMEDCT_US'],[550/2],0,0),ev(-586,'C0439234',year,year,[year],[tmco],[[[2,2],[1,1],0]],no,no,['MTH','NCI','SNOMEDCT_US'],[553/4],0,0),ev(-586,'C0580836','Old','Old',[old],[tmco],[[[3,3],[1,1],0]],no,no,['MTH'],[558/3],0,0),ev(-753,'C0043210',female,'Woman',[female],[popg],[[[4,4],[1,1],0]],yes,no,['CHV','MSH','MTH','NCI','NLMSubSyn'],[562/6],0,0),ev(-586,'C0002453','Amenorrhea','Amenorrhea',[amenorrhea],[dsyn],[[[6,6],[1,1],0]],no,no,['CHV','CSP','DXP','ICD10CM','MTH','SNOMEDCT_US'],[574/10],0,0)]),map(-735,[ev(-586,'C0450355','31','Arabic numeral 31',['31'],[inpr],[[[1,1],[1,1],0]],no,no,['SNOMEDCT_US'],[550/2],0,0),ev(-586,'C0439234',year,year,[year],[tmco],[[[2,2],[1,1],0]],no,no,['MTH','NCI','SNOMEDCT_US'],[553/4],0,0),ev(-586,'C0580836','Old','Old',[old],[tmco],[[[3,3],[1,1],0]],no,no,['MTH'],[558/3],0,0),ev(-753,'C0086287',female,'Females',[female],[popg],[[[4,4],[1,1],0]],yes,no,['CHV','MTH'],[562/6],0,0),ev(-586,'C0002453','Amenorrhea','Amenorrhea',[amenorrhea],[dsyn],[[[6,6],[1,1],0]],no,no,['CHV','CSP','DXP','ICD10CM','MTH','SNOMEDCT_US'],[574/10],0,0)]),map(-735,[ev(-586,'C0450355','31','Arabic numeral 31',['31'],[inpr],[[[1,1],[1,1],0]],no,no,['SNOMEDCT_US'],[550/2],0,0),ev(-586,'C0439234',year,year,[year],[tmco],[[[2,2],[1,1],0]],no,no,['MTH','NCI','SNOMEDCT_US'],[553/4],0,0),ev(-586,'C0580836','Old','Old',[old],[tmco],[[[3,3],[1,1],0]],no,no,['MTH'],[558/3],0,0),ev(-753,'C1705497','Female','Female, Self-Report',[female],[qlco],[[[4,4],[1,1],0]],yes,no,['MTH','NCI'],[562/6],0,0),ev(-586,'C0002453','Amenorrhea','Amenorrhea',[amenorrhea],[dsyn],[[[6,6],[1,1],0]],no,no,['CHV','CSP','DXP','ICD10CM','MTH','SNOMEDCT_US'],[574/10],0,0)]),map(-735,[ev(-586,'C0450355','31','Arabic numeral 31',['31'],[inpr],[[[1,1],[1,1],0]],no,no,['SNOMEDCT_US'],[550/2],0,0),ev(-586,'C0439234',year,year,[year],[tmco],[[[2,2],[1,1],0]],no,no,['MTH','NCI','SNOMEDCT_US'],[553/4],0,0),ev(-586,'C0580836','Old','Old',[old],[tmco],[[[3,3],[1,1],0]],no,no,['MTH'],[558/3],0,0),ev(-753,'C1705498','Female','Female Phenotype',[female],[qlco],[[[4,4],[1,1],0]],yes,no,['MTH','NCI'],[562/6],0,0),ev(-586,'C0002453','Amenorrhea','Amenorrhea',[amenorrhea],[dsyn],[[[6,6],[1,1],0]],no,no,['CHV','CSP','DXP','ICD10CM','MTH','SNOMEDCT_US'],[574/10],0,0)]),map(-735,[ev(-586,'C0450355','31','Arabic numeral 31',['31'],[inpr],[[[1,1],[1,1],0]],no,no,['SNOMEDCT_US'],[550/2],0,0),ev(-586,'C0439508','/year','per year',[year],[tmco],[[[2,2],[1,1],0]],no,no,['CHV','MTH','NCI','SNOMEDCT_US'],[553/4],0,0),ev(-586,'C0580836','Old','Old',[old],[tmco],[[[3,3],[1,1],0]],no,no,['MTH'],[558/3],0,0),ev(-753,'C0015780','Female','Female',[female],[orga],[[[4,4],[1,1],0]],yes,no,['DXP','MSH','MTH','NCI','NDFRT','NLMSubSyn','QMR','SNOMEDCT_US'],[562/6],0,0),ev(-586,'C0002453','Amenorrhea','Amenorrhea',[amenorrhea],[dsyn],[[[6,6],[1,1],0]],no,no,['CHV','CSP','DXP','ICD10CM','MTH','SNOMEDCT_US'],[574/10],0,0)]),map(-735,[ev(-586,'C0450355','31','Arabic numeral 31',['31'],[inpr],[[[1,1],[1,1],0]],no,no,['SNOMEDCT_US'],[550/2],0,0),ev(-586,'C0439508','/year','per year',[year],[tmco],[[[2,2],[1,1],0]],no,no,['CHV','MTH','NCI','SNOMEDCT_US'],[553/4],0,0),ev(-586,'C0580836','Old','Old',[old],[tmco],[[[3,3],[1,1],0]],no,no,['MTH'],[558/3],0,0),ev(-753,'C0043210',female,'Woman',[female],[popg],[[[4,4],[1,1],0]],yes,no,['CHV','MSH','MTH','NCI','NLMSubSyn'],[562/6],0,0),ev(-586,'C0002453','Amenorrhea','Amenorrhea',[amenorrhea],[dsyn],[[[6,6],[1,1],0]],no,no,['CHV','CSP','DXP','ICD10CM','MTH','SNOMEDCT_US'],[574/10],0,0)]),map(-735,[ev(-586,'C0450355','31','Arabic numeral 31',['31'],[inpr],[[[1,1],[1,1],0]],no,no,['SNOMEDCT_US'],[550/2],0,0),ev(-586,'C0439508','/year','per year',[year],[tmco],[[[2,2],[1,1],0]],no,no,['CHV','MTH','NCI','SNOMEDCT_US'],[553/4],0,0),ev(-586,'C0580836','Old','Old',[old],[tmco],[[[3,3],[1,1],0]],no,no,['MTH'],[558/3],0,0),ev(-753,'C0086287',female,'Females',[female],[popg],[[[4,4],[1,1],0]],yes,no,['CHV','MTH'],[562/6],0,0),ev(-586,'C0002453','Amenorrhea','Amenorrhea',[amenorrhea],[dsyn],[[[6,6],[1,1],0]],no,no,['CHV','CSP','DXP','ICD10CM','MTH','SNOMEDCT_US'],[574/10],0,0)]),map(-735,[ev(-586,'C0450355','31','Arabic numeral 31',['31'],[inpr],[[[1,1],[1,1],0]],no,no,['SNOMEDCT_US'],[550/2],0,0),ev(-586,'C0439508','/year','per year',[year],[tmco],[[[2,2],[1,1],0]],no,no,['CHV','MTH','NCI','SNOMEDCT_US'],[553/4],0,0),ev(-586,'C0580836','Old','Old',[old],[tmco],[[[3,3],[1,1],0]],no,no,['MTH'],[558/3],0,0),ev(-753,'C1705497','Female','Female, Self-Report',[female],[qlco],[[[4,4],[1,1],0]],yes,no,['MTH','NCI'],[562/6],0,0),ev(-586,'C0002453','Amenorrhea','Amenorrhea',[amenorrhea],[dsyn],[[[6,6],[1,1],0]],no,no,['CHV','CSP','DXP','ICD10CM','MTH','SNOMEDCT_US'],[574/10],0,0)]),map(-735,[ev(-586,'C0450355','31','Arabic numeral 31',['31'],[inpr],[[[1,1],[1,1],0]],no,no,['SNOMEDCT_US'],[550/2],0,0),ev(-586,'C0439508','/year','per year',[year],[tmco],[[[2,2],[1,1],0]],no,no,['CHV','MTH','NCI','SNOMEDCT_US'],[553/4],0,0),ev(-586,'C0580836','Old','Old',[old],[tmco],[[[3,3],[1,1],0]],no,no,['MTH'],[558/3],0,0),ev(-753,'C1705498','Female','Female Phenotype',[female],[qlco],[[[4,4],[1,1],0]],yes,no,['MTH','NCI'],[562/6],0,0),ev(-586,'C0002453','Amenorrhea','Amenorrhea',[amenorrhea],[dsyn],[[[6,6],[1,1],0]],no,no,['CHV','CSP','DXP','ICD10CM','MTH','SNOMEDCT_US'],[574/10],0,0)])]).
phrase('milky nipple discharge,',[mod([lexmatch([milky]),inputmatch([milky]),tag(adj),tokens([milky])]),mod([lexmatch([nipple]),inputmatch([nipple]),tag(noun),tokens([nipple])]),head([lexmatch([discharge]),inputmatch([discharge]),tag(noun),tokens([discharge])]),punc([inputmatch([',']),tokens([])])],586/23,[]).
candidates(17,7,0,10,[]).
mappings([map(-1000,[ev(-1000,'C0567523','Milky nipple discharge','Milky nipple discharge',[milky,nipple,discharge],[sosy],[[[1,1],[1,1],0],[[2,2],[2,2],0],[[3,3],[3,3],0]],yes,no,['CHV','SNOMEDCT_US'],[586/22],0,0)])]).
phrase('negative urine pregnancy test,',[mod([lexmatch([negative]),inputmatch([negative]),tag(adj),tokens([negative])]),mod([lexmatch([urine]),inputmatch([urine]),tag(noun),tokens([urine])]),head([lexmatch(['pregnancy test']),inputmatch([pregnancy,test]),tag(noun),tokens([pregnancy,test])]),punc([inputmatch([',']),tokens([])])],610/30,[]).
candidates(22,4,0,18,[]).
mappings([map(-916,[ev(-923,'C0427780','Negative Pregnancy Test','Pregnancy test negative',[negative,pregnancy,test],[lbtr],[[[1,1],[1,1],0],[[3,4],[2,3],0]],yes,no,['CHV','NCI','SNOMEDCT_US'],[610/8,625/14],0,0),ev(-645,'C0042036','Urine','Urine',[urine],[bdsu],[[[2,2],[1,1],0]],no,no,['CHV','MTH','NCI'],[619/5],0,0)]),map(-916,[ev(-923,'C0427780','Negative Pregnancy Test','Pregnancy test negative',[negative,pregnancy,test],[lbtr],[[[1,1],[1,1],0],[[3,4],[2,3],0]],yes,no,['CHV','NCI','SNOMEDCT_US'],[610/8,625/14],0,0),ev(-645,'C0042037',urine,'In Urine',[urine],[ftcn],[[[2,2],[1,1],0]],no,no,['MSH','MTH'],[619/5],0,0)]),map(-916,[ev(-923,'C0427780','Negative Pregnancy Test','Pregnancy test negative',[negative,pregnancy,test],[lbtr],[[[1,1],[1,1],0],[[3,4],[2,3],0]],yes,no,['CHV','NCI','SNOMEDCT_US'],[610/8,625/14],0,0),ev(-645,'C2963137','Urine','Portion of urine',[urine],[bdsu],[[[2,2],[1,1],0]],no,no,['FMA','MTH'],[619/5],0,0)]),map(-916,[ev(-645,'C0205160','Negative','Negative',[negative],[qlco],[[[1,1],[1,1],0]],no,no,['CHV','MTH','NCI','SNOMEDCT_US'],[610/8],0,0),ev(-923,'C0430056','Urine pregnancy test','Urine pregnancy test',[urine,pregnancy,test],[lbpr],[[[2,2],[1,1],0],[[3,4],[2,3],0]],yes,no,['CHV','MTH'],[619/20],0,0)]),map(-916,[ev(-645,'C1513916','Negative','Negative Finding',[negative],[fndg],[[[1,1],[1,1],0]],no,no,['MTH','NCI','NLMSubSyn'],[610/8],0,0),ev(-923,'C0430056','Urine pregnancy test','Urine pregnancy test',[urine,pregnancy,test],[lbpr],[[[2,2],[1,1],0],[[3,4],[2,3],0]],yes,no,['CHV','MTH'],[619/20],0,0)]),map(-916,[ev(-645,'C2825415','Negative','Negative Number',[negative],[cnce],[[[1,1],[1,1],0]],no,no,['MTH','NCI','NLMSubSyn'],[610/8],0,0),ev(-923,'C0430056','Urine pregnancy test','Urine pregnancy test',[urine,pregnancy,test],[lbpr],[[[2,2],[1,1],0],[[3,4],[2,3],0]],yes,no,['CHV','MTH'],[619/20],0,0)]),map(-916,[ev(-645,'C2825491','Negative','Negative Charge',[negative],[qlco],[[[1,1],[1,1],0]],no,no,['MTH','NCI'],[610/8],0,0),ev(-923,'C0430056','Urine pregnancy test','Urine pregnancy test',[urine,pregnancy,test],[lbpr],[[[2,2],[1,1],0],[[3,4],[2,3],0]],yes,no,['CHV','MTH'],[619/20],0,0)])]).
phrase(and,[conj([lexmatch([and]),inputmatch([and]),tag(conj),tokens([and])])],641/3,[]).
candidates(0,0,0,0,[]).
mappings([]).
phrase('elevated prolactin level.',[mod([lexmatch([elevated]),inputmatch([elevated]),tag(adj),tokens([elevated])]),head([lexmatch(['prolactin level']),inputmatch([prolactin,level]),tag(noun),tokens([prolactin,level])]),punc([inputmatch(['.']),tokens([])])],645/25,[]).
candidates(10,0,0,10,[]).
mappings([map(-1000,[ev(-1000,'C0747979','elevated prolactin level','Increased prolactin level',[elevated,prolactin,level],[fndg],[[[1,1],[1,1],0],[[2,3],[2,3],0]],yes,no,['CHV','NLMSubSyn','SNOMEDCT_US'],[645/24],0,0)])]).
'EOU'.
'EOT'.
