args('metamap14.BINARY.Darwin --lexicon db -Z 2014AA -qE -Q 4 ../../TREC-CDS/2014-original/29.txt ../../TREC-CDS/results/29.txt.out',[lexicon-db,mm_data_year-'2014AA',machine_output-[],indicate_citation_end-[],composite_phrases-4,infile-'../../TREC-CDS/2014-original/29.txt',outfile-'../../TREC-CDS/results/29.txt.out']).
aas([]).
neg_list([]).
utterance('00000000.tx.1',"treatment. ",0/11,[10]).
phrase('treatment.',[head([lexmatch([treatment]),inputmatch([treatment]),tag(noun),tokens([treatment])]),punc([inputmatch(['.']),tokens([])])],0/10,[]).
candidates(6,0,0,6,[]).
mappings([map(-1000,[ev(-1000,'C0039798',treatment,'therapeutic aspects',[treatment],[ftcn],[[[1,1],[1,1],0]],yes,no,['MSH','MTH','NLMSubSyn'],[0/9],0,0)]),map(-1000,[ev(-1000,'C0087111','Treatment','Therapeutic procedure',[treatment],[topp],[[[1,1],[1,1],0]],yes,no,['AOD','CHV','LNC','MSH','MTH','MTHHH','NCI','NLMSubSyn','SNOMEDCT_US'],[0/9],0,0)]),map(-1000,[ev(-1000,'C1522326','Treatment','Treating',[treatment],[ftcn],[[[1,1],[1,1],0]],yes,no,['MTH','NCI'],[0/9],0,0)]),map(-1000,[ev(-1000,'C1533734','Treatment','Administration procedure',[treatment],[topp],[[[1,1],[1,1],0]],yes,no,['MTH','NCI','NLMSubSyn','SNOMEDCT_US'],[0/9],0,0)]),map(-1000,[ev(-1000,'C1705169','Treatment','Biomaterial Treatment',[treatment],[cnce],[[[1,1],[1,1],0]],yes,no,['MTH','NCI'],[0/9],0,0)]),map(-1000,[ev(-1000,'C3538994','TREATMENT','Treatment Epoch',[treatment],[resa],[[[1,1],[1,1],0]],yes,no,['MTH','NCI','NLMSubSyn'],[0/9],0,0)])]).
'EOU'.
utterance('00000000.tx.2',"A 51-year-old woman is seen in clinic for advice on osteoporosis. ",11/66,[]).
phrase('A 51-year-old woman',[det([lexmatch([a]),inputmatch(['A']),tag(det),tokens([a])]),shapes([inputmatch(['51']),features([integer]),tokens(['51'])]),punc([inputmatch([-]),tokens([])]),mod([lexmatch([year]),inputmatch([year]),tag(noun),tokens([year])]),punc([inputmatch([-]),tokens([])]),mod([lexmatch([old]),inputmatch([old]),tag(noun),tokens([old])]),head([lexmatch([woman]),inputmatch([woman]),tag(noun),tokens([woman])])],11/19,[]).
candidates(4,0,0,4,[]).
mappings([map(-775,[ev(-645,'C0439234',year,year,[year],[tmco],[[[2,2],[1,1],0]],no,no,['MTH','NCI','SNOMEDCT_US'],[16/4],0,0),ev(-645,'C0580836','Old','Old',[old],[tmco],[[[3,3],[1,1],0]],no,no,['MTH'],[21/3],0,0),ev(-812,'C0043210','Woman','Woman',[woman],[popg],[[[4,4],[1,1],0]],yes,no,['CHV','MSH','MTH','NCI','NLMSubSyn'],[25/5],0,0)]),map(-775,[ev(-645,'C0439508','/year','per year',[year],[tmco],[[[2,2],[1,1],0]],no,no,['CHV','MTH','NCI','SNOMEDCT_US'],[16/4],0,0),ev(-645,'C0580836','Old','Old',[old],[tmco],[[[3,3],[1,1],0]],no,no,['MTH'],[21/3],0,0),ev(-812,'C0043210','Woman','Woman',[woman],[popg],[[[4,4],[1,1],0]],yes,no,['CHV','MSH','MTH','NCI','NLMSubSyn'],[25/5],0,0)])]).
phrase(is,[aux([lexmatch([is]),inputmatch([is]),tag(aux),tokens([is])])],31/2,[]).
candidates(0,0,0,0,[]).
mappings([]).
phrase(seen,[verb([lexmatch([seen]),inputmatch([seen]),tag(verb),tokens([seen])])],34/4,[]).
candidates(3,2,0,1,[]).
mappings([map(-1000,[ev(-1000,'C0205397','Seen','Seen',[seen],[qlco],[[[1,1],[1,1],0]],yes,no,['SNMI'],[34/4],0,0)])]).
phrase('in clinic for advice',[head([lexmatch(['in clinic']),inputmatch([in,clinic]),tag(adj),tokens([in,clinic])]),prep([lexmatch([for]),inputmatch([for]),tag(prep),tokens([for])]),mod([lexmatch([advice]),inputmatch([advice]),tag(noun),tokens([advice])])],39/20,[]).
candidates(6,1,0,5,[]).
mappings([map(-733,[ev(-770,'C0150312','In','Present',[in],[qnco],[[[1,1],[1,1],0]],yes,no,['CHV','MTH','NCI'],[39/2],0,0),ev(-770,'C0002424','Clinic','Ambulatory Care Facilities',[clinic],[hcro,mnob],[[[2,2],[1,1],0]],yes,no,['CHV','MSH','MTH','NCI','NLMSubSyn','SNOMEDCT_US'],[42/6],0,0),ev(-604,'C0150600','Advice','Advice',[advice],[hlca],[[[4,4],[1,1],0]],no,no,['CHV','MTH','SNOMEDCT_US'],[53/6],0,0)]),map(-733,[ev(-770,'C0150312','In','Present',[in],[qnco],[[[1,1],[1,1],0]],yes,no,['CHV','MTH','NCI'],[39/2],0,0),ev(-770,'C0442592','Clinic','Clinic',[clinic],[hcro,mnob],[[[2,2],[1,1],0]],yes,no,['CHV','MTH'],[42/6],0,0),ev(-604,'C0150600','Advice','Advice',[advice],[hlca],[[[4,4],[1,1],0]],no,no,['CHV','MTH','SNOMEDCT_US'],[53/6],0,0)]),map(-733,[ev(-770,'C0332285','In','Within',[in],[spco],[[[1,1],[1,1],0]],yes,no,['MTH','SNOMEDCT_US'],[39/2],0,0),ev(-770,'C0002424','Clinic','Ambulatory Care Facilities',[clinic],[hcro,mnob],[[[2,2],[1,1],0]],yes,no,['CHV','MSH','MTH','NCI','NLMSubSyn','SNOMEDCT_US'],[42/6],0,0),ev(-604,'C0150600','Advice','Advice',[advice],[hlca],[[[4,4],[1,1],0]],no,no,['CHV','MTH','SNOMEDCT_US'],[53/6],0,0)]),map(-733,[ev(-770,'C0332285','In','Within',[in],[spco],[[[1,1],[1,1],0]],yes,no,['MTH','SNOMEDCT_US'],[39/2],0,0),ev(-770,'C0442592','Clinic','Clinic',[clinic],[hcro,mnob],[[[2,2],[1,1],0]],yes,no,['CHV','MTH'],[42/6],0,0),ev(-604,'C0150600','Advice','Advice',[advice],[hlca],[[[4,4],[1,1],0]],no,no,['CHV','MTH','SNOMEDCT_US'],[53/6],0,0)])]).
phrase('on osteoporosis.',[prep([lexmatch([on]),inputmatch([on]),tag(prep),tokens([on])]),head([lexmatch([osteoporosis]),inputmatch([osteoporosis]),tag(noun),tokens([osteoporosis])]),punc([inputmatch(['.']),tokens([])])],60/16,[]).
candidates(1,0,0,1,[]).
mappings([map(-1000,[ev(-1000,'C0029456','Osteoporosis','Osteoporosis',[osteoporosis],[dsyn],[[[1,1],[1,1],0]],yes,no,['ICD9CM','MSH','MTH','SNOMEDCT_US','SNOMEDCT_VET'],[63/12],0,0)])]).
'EOU'.
utterance('00000000.tx.3',"She has a past medical history of significant hypertension and diet-controlled diabetes mellitus. ",77/98,[]).
phrase('She',[pron([lexmatch([she]),inputmatch(['She']),tag(pron),tokens([she])])],77/3,[]).
candidates(0,0,0,0,[]).
mappings([]).
phrase(has,[aux([lexmatch([has]),inputmatch([has]),tag(aux),tokens([has])])],81/3,[]).
candidates(0,0,0,0,[]).
mappings([]).
phrase('a past medical history of significant hypertension',[det([lexmatch([a]),inputmatch([a]),tag(det),tokens([a])]),mod([lexmatch([past]),inputmatch([past]),tag(adj),tokens([past])]),head([lexmatch(['medical history']),inputmatch([medical,history]),tag(noun),tokens([medical,history])]),prep([lexmatch([of]),inputmatch([of]),tag(prep),tokens([of])]),mod([lexmatch([significant]),inputmatch([significant]),tag(adj),tokens([significant])]),mod([lexmatch([hypertension]),inputmatch([hypertension]),tag(noun),tokens([hypertension])])],85/50,[]).
candidates(24,2,0,22,[]).
mappings([map(-798,[ev(-804,'C0332119','Past history of','Past history of',[past,history,of],[qlco],[[[2,2],[1,1],0],[[4,4],[2,2],0],[[5,5],[3,3],0]],yes,no,['CHV','NLMSubSyn','SNMI'],[87/4,100/10],0,0),ev(-748,'C0205476','Medical','Medical',[medical],[ftcn],[[[3,3],[1,1],0]],yes,no,['MTH'],[92/7],0,0),ev(-581,'C0237881',significant,'Statistical Significance',[significant],[qnco],[[[6,6],[1,1],0]],no,no,['MTH','NCI'],[111/11],0,0),ev(-581,'C0020538','Hypertension','Hypertensive disease',[hypertension],[dsyn],[[[7,7],[1,1],0]],no,no,['AOD','MSH','MTH','NCI','NLMSubSyn','OMIM','SNM','SNMI','SNOMEDCT_US'],[123/12],0,0)]),map(-798,[ev(-804,'C0332119','Past history of','Past history of',[past,history,of],[qlco],[[[2,2],[1,1],0],[[4,4],[2,2],0],[[5,5],[3,3],0]],yes,no,['CHV','NLMSubSyn','SNMI'],[87/4,100/10],0,0),ev(-748,'C0205476','Medical','Medical',[medical],[ftcn],[[[3,3],[1,1],0]],yes,no,['MTH'],[92/7],0,0),ev(-581,'C0237881',significant,'Statistical Significance',[significant],[qnco],[[[6,6],[1,1],0]],no,no,['MTH','NCI'],[111/11],0,0),ev(-581,'C1963138','Hypertension','Hypertension Adverse Event',[hypertension],[fndg],[[[7,7],[1,1],0]],no,no,['MTH','NCI'],[123/12],0,0)]),map(-798,[ev(-804,'C0332119','Past history of','Past history of',[past,history,of],[qlco],[[[2,2],[1,1],0],[[4,4],[2,2],0],[[5,5],[3,3],0]],yes,no,['CHV','NLMSubSyn','SNMI'],[87/4,100/10],0,0),ev(-748,'C0205476','Medical','Medical',[medical],[ftcn],[[[3,3],[1,1],0]],yes,no,['MTH'],[92/7],0,0),ev(-581,'C0750502','Significant','Significant',[significant],[idcn],[[[6,6],[1,1],0]],no,no,['MTH','NCI'],[111/11],0,0),ev(-581,'C0020538','Hypertension','Hypertensive disease',[hypertension],[dsyn],[[[7,7],[1,1],0]],no,no,['AOD','MSH','MTH','NCI','NLMSubSyn','OMIM','SNM','SNMI','SNOMEDCT_US'],[123/12],0,0)]),map(-798,[ev(-804,'C0332119','Past history of','Past history of',[past,history,of],[qlco],[[[2,2],[1,1],0],[[4,4],[2,2],0],[[5,5],[3,3],0]],yes,no,['CHV','NLMSubSyn','SNMI'],[87/4,100/10],0,0),ev(-748,'C0205476','Medical','Medical',[medical],[ftcn],[[[3,3],[1,1],0]],yes,no,['MTH'],[92/7],0,0),ev(-581,'C0750502','Significant','Significant',[significant],[idcn],[[[6,6],[1,1],0]],no,no,['MTH','NCI'],[111/11],0,0),ev(-581,'C1963138','Hypertension','Hypertension Adverse Event',[hypertension],[fndg],[[[7,7],[1,1],0]],no,no,['MTH','NCI'],[123/12],0,0)]),map(-798,[ev(-804,'C0332119','Past history of','Past history of',[past,history,of],[qlco],[[[2,2],[1,1],0],[[4,4],[2,2],0],[[5,5],[3,3],0]],yes,no,['CHV','NLMSubSyn','SNMI'],[87/4,100/10],0,0),ev(-748,'C0205476','Medical','Medical',[medical],[ftcn],[[[3,3],[1,1],0]],yes,no,['MTH'],[92/7],0,0),ev(-581,'C1546944','Significant','Event Seriousness - Significant',[significant],[qlco],[[[6,6],[1,1],0]],no,no,['HL7V2.5','MTH'],[111/11],0,0),ev(-581,'C0020538','Hypertension','Hypertensive disease',[hypertension],[dsyn],[[[7,7],[1,1],0]],no,no,['AOD','MSH','MTH','NCI','NLMSubSyn','OMIM','SNM','SNMI','SNOMEDCT_US'],[123/12],0,0)]),map(-798,[ev(-804,'C0332119','Past history of','Past history of',[past,history,of],[qlco],[[[2,2],[1,1],0],[[4,4],[2,2],0],[[5,5],[3,3],0]],yes,no,['CHV','NLMSubSyn','SNMI'],[87/4,100/10],0,0),ev(-748,'C0205476','Medical','Medical',[medical],[ftcn],[[[3,3],[1,1],0]],yes,no,['MTH'],[92/7],0,0),ev(-581,'C1546944','Significant','Event Seriousness - Significant',[significant],[qlco],[[[6,6],[1,1],0]],no,no,['HL7V2.5','MTH'],[111/11],0,0),ev(-581,'C1963138','Hypertension','Hypertension Adverse Event',[hypertension],[fndg],[[[7,7],[1,1],0]],no,no,['MTH','NCI'],[123/12],0,0)]),map(-798,[ev(-581,'C1444637','Past','Past',[past],[tmco],[[[2,2],[1,1],0]],no,no,['SNOMEDCT_US'],[87/4],0,0),ev(-804,'C0262926','history of medical','Medical History',[history,of,medical],[fndg],[[[4,4],[1,1],0],[[5,5],[2,2],0],[[3,3],[3,3],0]],yes,no,['LNC','MTH','NCI','NLMSubSyn','SNOMEDCT_US'],[92/18],0,0),ev(-581,'C0237881',significant,'Statistical Significance',[significant],[qnco],[[[6,6],[1,1],0]],no,no,['MTH','NCI'],[111/11],0,0),ev(-581,'C0020538','Hypertension','Hypertensive disease',[hypertension],[dsyn],[[[7,7],[1,1],0]],no,no,['AOD','MSH','MTH','NCI','NLMSubSyn','OMIM','SNM','SNMI','SNOMEDCT_US'],[123/12],0,0)]),map(-798,[ev(-581,'C1444637','Past','Past',[past],[tmco],[[[2,2],[1,1],0]],no,no,['SNOMEDCT_US'],[87/4],0,0),ev(-804,'C0262926','history of medical','Medical History',[history,of,medical],[fndg],[[[4,4],[1,1],0],[[5,5],[2,2],0],[[3,3],[3,3],0]],yes,no,['LNC','MTH','NCI','NLMSubSyn','SNOMEDCT_US'],[92/18],0,0),ev(-581,'C0237881',significant,'Statistical Significance',[significant],[qnco],[[[6,6],[1,1],0]],no,no,['MTH','NCI'],[111/11],0,0),ev(-581,'C1963138','Hypertension','Hypertension Adverse Event',[hypertension],[fndg],[[[7,7],[1,1],0]],no,no,['MTH','NCI'],[123/12],0,0)]),map(-798,[ev(-581,'C1444637','Past','Past',[past],[tmco],[[[2,2],[1,1],0]],no,no,['SNOMEDCT_US'],[87/4],0,0),ev(-804,'C0262926','history of medical','Medical History',[history,of,medical],[fndg],[[[4,4],[1,1],0],[[5,5],[2,2],0],[[3,3],[3,3],0]],yes,no,['LNC','MTH','NCI','NLMSubSyn','SNOMEDCT_US'],[92/18],0,0),ev(-581,'C0750502','Significant','Significant',[significant],[idcn],[[[6,6],[1,1],0]],no,no,['MTH','NCI'],[111/11],0,0),ev(-581,'C0020538','Hypertension','Hypertensive disease',[hypertension],[dsyn],[[[7,7],[1,1],0]],no,no,['AOD','MSH','MTH','NCI','NLMSubSyn','OMIM','SNM','SNMI','SNOMEDCT_US'],[123/12],0,0)]),map(-798,[ev(-581,'C1444637','Past','Past',[past],[tmco],[[[2,2],[1,1],0]],no,no,['SNOMEDCT_US'],[87/4],0,0),ev(-804,'C0262926','history of medical','Medical History',[history,of,medical],[fndg],[[[4,4],[1,1],0],[[5,5],[2,2],0],[[3,3],[3,3],0]],yes,no,['LNC','MTH','NCI','NLMSubSyn','SNOMEDCT_US'],[92/18],0,0),ev(-581,'C0750502','Significant','Significant',[significant],[idcn],[[[6,6],[1,1],0]],no,no,['MTH','NCI'],[111/11],0,0),ev(-581,'C1963138','Hypertension','Hypertension Adverse Event',[hypertension],[fndg],[[[7,7],[1,1],0]],no,no,['MTH','NCI'],[123/12],0,0)]),map(-798,[ev(-581,'C1444637','Past','Past',[past],[tmco],[[[2,2],[1,1],0]],no,no,['SNOMEDCT_US'],[87/4],0,0),ev(-804,'C0262926','history of medical','Medical History',[history,of,medical],[fndg],[[[4,4],[1,1],0],[[5,5],[2,2],0],[[3,3],[3,3],0]],yes,no,['LNC','MTH','NCI','NLMSubSyn','SNOMEDCT_US'],[92/18],0,0),ev(-581,'C1546944','Significant','Event Seriousness - Significant',[significant],[qlco],[[[6,6],[1,1],0]],no,no,['HL7V2.5','MTH'],[111/11],0,0),ev(-581,'C0020538','Hypertension','Hypertensive disease',[hypertension],[dsyn],[[[7,7],[1,1],0]],no,no,['AOD','MSH','MTH','NCI','NLMSubSyn','OMIM','SNM','SNMI','SNOMEDCT_US'],[123/12],0,0)]),map(-798,[ev(-581,'C1444637','Past','Past',[past],[tmco],[[[2,2],[1,1],0]],no,no,['SNOMEDCT_US'],[87/4],0,0),ev(-804,'C0262926','history of medical','Medical History',[history,of,medical],[fndg],[[[4,4],[1,1],0],[[5,5],[2,2],0],[[3,3],[3,3],0]],yes,no,['LNC','MTH','NCI','NLMSubSyn','SNOMEDCT_US'],[92/18],0,0),ev(-581,'C1546944','Significant','Event Seriousness - Significant',[significant],[qlco],[[[6,6],[1,1],0]],no,no,['HL7V2.5','MTH'],[111/11],0,0),ev(-581,'C1963138','Hypertension','Hypertension Adverse Event',[hypertension],[fndg],[[[7,7],[1,1],0]],no,no,['MTH','NCI'],[123/12],0,0)]),map(-798,[ev(-581,'C1444637','Past','Past',[past],[tmco],[[[2,2],[1,1],0]],no,no,['SNOMEDCT_US'],[87/4],0,0),ev(-748,'C0205476','Medical','Medical',[medical],[ftcn],[[[3,3],[1,1],0]],yes,no,['MTH'],[92/7],0,0),ev(-804,'C0455527','History of hypertension','H/O: hypertension',[history,of,hypertension],[fndg],[[[4,4],[1,1],0],[[5,5],[2,2],0],[[7,7],[3,3],0]],yes,no,['NLMSubSyn','SNOMEDCT_US'],[100/10,123/12],0,0),ev(-581,'C0237881',significant,'Statistical Significance',[significant],[qnco],[[[6,6],[1,1],0]],no,no,['MTH','NCI'],[111/11],0,0)]),map(-798,[ev(-581,'C1444637','Past','Past',[past],[tmco],[[[2,2],[1,1],0]],no,no,['SNOMEDCT_US'],[87/4],0,0),ev(-748,'C0205476','Medical','Medical',[medical],[ftcn],[[[3,3],[1,1],0]],yes,no,['MTH'],[92/7],0,0),ev(-804,'C0455527','History of hypertension','H/O: hypertension',[history,of,hypertension],[fndg],[[[4,4],[1,1],0],[[5,5],[2,2],0],[[7,7],[3,3],0]],yes,no,['NLMSubSyn','SNOMEDCT_US'],[100/10,123/12],0,0),ev(-581,'C0750502','Significant','Significant',[significant],[idcn],[[[6,6],[1,1],0]],no,no,['MTH','NCI'],[111/11],0,0)]),map(-798,[ev(-581,'C1444637','Past','Past',[past],[tmco],[[[2,2],[1,1],0]],no,no,['SNOMEDCT_US'],[87/4],0,0),ev(-748,'C0205476','Medical','Medical',[medical],[ftcn],[[[3,3],[1,1],0]],yes,no,['MTH'],[92/7],0,0),ev(-804,'C0455527','History of hypertension','H/O: hypertension',[history,of,hypertension],[fndg],[[[4,4],[1,1],0],[[5,5],[2,2],0],[[7,7],[3,3],0]],yes,no,['NLMSubSyn','SNOMEDCT_US'],[100/10,123/12],0,0),ev(-581,'C1546944','Significant','Event Seriousness - Significant',[significant],[qlco],[[[6,6],[1,1],0]],no,no,['HL7V2.5','MTH'],[111/11],0,0)])]).
phrase(and,[conj([lexmatch([and]),inputmatch([and]),tag(conj),tokens([and])])],136/3,[]).
candidates(0,0,0,0,[]).
mappings([]).
phrase('diet-controlled diabetes mellitus.',[mod([lexmatch(['diet-controlled']),inputmatch([diet,-,controlled]),tag(adj),tokens([diet,controlled])]),head([lexmatch(['diabetes mellitus']),inputmatch([diabetes,mellitus]),tag(noun),tokens([diabetes,mellitus])]),punc([inputmatch(['.']),tokens([])])],140/34,[]).
candidates(17,5,0,12,[]).
mappings([map(-1000,[ev(-1000,'C0421246','Diet controlled diabetes mellitus','Diabetic on diet only',[diet,controlled,diabetes,mellitus],[topp],[[[1,2],[1,2],0],[[3,4],[3,4],0]],yes,no,['NLMSubSyn','SNOMEDCT_US'],[140/33],0,0)])]).
'EOU'.
utterance('00000000.tx.4',"She currently smokes 1 pack of cigarettes per day. ",175/51,[]).
phrase('She currently',[pron([lexmatch([she]),inputmatch(['She']),tag(pron),tokens([she])]),adv([lexmatch([currently]),inputmatch([currently]),tag(adv),tokens([currently])])],175/13,[]).
candidates(1,0,0,1,[]).
mappings([map(-1000,[ev(-1000,'C0521116','Currently','Current (present time)',[currently],[tmco],[[[1,1],[1,1],0]],yes,no,['CHV','MTH','SNOMEDCT_US'],[179/9],0,0)])]).
phrase(smokes,[verb([lexmatch([smokes]),inputmatch([smokes]),tag(verb),tokens([smokes])])],189/6,[]).
candidates(4,0,0,4,[]).
mappings([map(-1000,[ev(-1000,'C0037366','Smoke','Smoke',[smoke],[eehu,hops],[[[1,1],[1,1],0]],yes,no,['MSH','MTH'],[189/6],0,0)]),map(-1000,[ev(-1000,'C0037369',smokes,'Smoking',[smokes],[inbe],[[[1,1],[1,1],0]],yes,no,['CHV','MSH','MTH','NLMSubSyn'],[189/6],0,0)]),map(-1000,[ev(-1000,'C0439994','Smoke','Tobacco smoke',[smoke],[hops],[[[1,1],[1,1],0]],yes,no,['CHV','MTH','NCI','NLMSubSyn'],[189/6],0,0)]),map(-1000,[ev(-1000,'C1881674','SMOKE','Medical Device Emits Smoke',[smoke],[phpr],[[[1,1],[1,1],0]],yes,no,['NCI'],[189/6],0,0)])]).
phrase('1 pack of cigarettes',[shapes([inputmatch(['1']),features([integer]),tokens(['1'])]),head([lexmatch([pack]),inputmatch([pack]),tag(noun),tokens([pack])]),prep([lexmatch([of]),inputmatch([of]),tag(prep),tokens([of])]),mod([lexmatch([cigarettes]),inputmatch([cigarettes]),tag(noun),tokens([cigarettes])])],196/20,[]).
candidates(7,1,0,6,[]).
mappings([map(-733,[ev(-604,'C2827734','1+','1+ Score',['1'],[qnco],[[[1,1],[1,1],0]],no,no,['MTH','NCI'],[196/1],0,0),ev(-770,'C1968515','Pack','Pack (physical object)',[pack],[medd],[[[2,2],[1,1],0]],yes,no,['CHV','SNOMEDCT_US'],[198/4],0,0),ev(-604,'C0677453','Cigarettes','Cigarette',[cigarettes],[mnob],[[[4,4],[1,1],0]],no,no,['MSH','MTH'],[206/10],0,0)]),map(-733,[ev(-604,'C2827734','1+','1+ Score',['1'],[qnco],[[[1,1],[1,1],0]],no,no,['MTH','NCI'],[196/1],0,0),ev(-770,'C2825051','Pack','Pack unit',[pack],[drdd],[[[2,2],[1,1],0]],yes,no,['MTH','NCI'],[198/4],0,0),ev(-604,'C0677453','Cigarettes','Cigarette',[cigarettes],[mnob],[[[4,4],[1,1],0]],no,no,['MSH','MTH'],[206/10],0,0)]),map(-733,[ev(-604,'C2827734','1+','1+ Score',['1'],[qnco],[[[1,1],[1,1],0]],no,no,['MTH','NCI'],[196/1],0,0),ev(-770,'C2828395','Pack','Packing (action)',[pack],[acty],[[[2,2],[1,1],0]],yes,no,['MTH','NCI'],[198/4],0,0),ev(-604,'C0677453','Cigarettes','Cigarette',[cigarettes],[mnob],[[[4,4],[1,1],0]],no,no,['MSH','MTH'],[206/10],0,0)]),map(-733,[ev(-604,'C2981698','1+','1+ Score, WHO',['1'],[clas],[[[1,1],[1,1],0]],no,no,['MTH','NCI'],[196/1],0,0),ev(-770,'C1968515','Pack','Pack (physical object)',[pack],[medd],[[[2,2],[1,1],0]],yes,no,['CHV','SNOMEDCT_US'],[198/4],0,0),ev(-604,'C0677453','Cigarettes','Cigarette',[cigarettes],[mnob],[[[4,4],[1,1],0]],no,no,['MSH','MTH'],[206/10],0,0)]),map(-733,[ev(-604,'C2981698','1+','1+ Score, WHO',['1'],[clas],[[[1,1],[1,1],0]],no,no,['MTH','NCI'],[196/1],0,0),ev(-770,'C2825051','Pack','Pack unit',[pack],[drdd],[[[2,2],[1,1],0]],yes,no,['MTH','NCI'],[198/4],0,0),ev(-604,'C0677453','Cigarettes','Cigarette',[cigarettes],[mnob],[[[4,4],[1,1],0]],no,no,['MSH','MTH'],[206/10],0,0)]),map(-733,[ev(-604,'C2981698','1+','1+ Score, WHO',['1'],[clas],[[[1,1],[1,1],0]],no,no,['MTH','NCI'],[196/1],0,0),ev(-770,'C2828395','Pack','Packing (action)',[pack],[acty],[[[2,2],[1,1],0]],yes,no,['MTH','NCI'],[198/4],0,0),ev(-604,'C0677453','Cigarettes','Cigarette',[cigarettes],[mnob],[[[4,4],[1,1],0]],no,no,['MSH','MTH'],[206/10],0,0)])]).
phrase('per day.',[prep([lexmatch([per]),inputmatch([per]),tag(prep),tokens([per])]),head([lexmatch([day]),inputmatch([day]),tag(noun),tokens([day])]),punc([inputmatch(['.']),tokens([])])],217/8,[]).
candidates(3,0,0,3,[]).
mappings([map(-1000,[ev(-1000,'C0332173','/day','Daily',[day],[tmco],[[[1,1],[1,1],0]],yes,no,['CHV','MTH','NCI','SNOMEDCT_US'],[221/3],0,0)]),map(-1000,[ev(-1000,'C0439228',day,day,[day],[tmco],[[[1,1],[1,1],0]],yes,no,['MTH','SNOMEDCT_US'],[221/3],0,0)]),map(-1000,[ev(-1000,'C0439505','/day','per day',[day],[tmco],[[[1,1],[1,1],0]],yes,no,['MTH','NCI','SNOMEDCT_US'],[221/3],0,0)])]).
'EOU'.
utterance('00000000.tx.5',"She was documented by previous LH and FSH levels to be in menopause within the last year. ",226/90,[]).
phrase('She',[pron([lexmatch([she]),inputmatch(['She']),tag(pron),tokens([she])])],226/3,[]).
candidates(0,0,0,0,[]).
mappings([]).
phrase(was,[aux([lexmatch([was]),inputmatch([was]),tag(aux),tokens([was])])],230/3,[]).
candidates(0,0,0,0,[]).
mappings([]).
phrase('documented by previous LH',[verb([lexmatch([documented]),inputmatch([documented]),tag(verb),tokens([documented])]),prep([lexmatch([by]),inputmatch([by]),tag(prep),tokens([by])]),mod([lexmatch([previous]),inputmatch([previous]),tag(adj),tokens([previous])]),mod([lexmatch([lh]),inputmatch(['LH']),tag(noun),tokens([lh])])],234/25,[]).
candidates(6,2,0,4,[]).
mappings([map(-708,[ev(-770,'C1301725','Documented','Documented',[documented],[hlca],[[[1,1],[1,1],0]],yes,no,['CHV','MTH'],[234/10],0,0),ev(-770,'C0205156','Previous','Previous',[previous],[tmco],[[[3,3],[1,1],0]],yes,no,['MTH','NCI'],[248/8],0,0)]),map(-708,[ev(-770,'C1301725','Documented','Documented',[documented],[hlca],[[[1,1],[1,1],0]],yes,no,['CHV','MTH'],[234/10],0,0),ev(-770,'C1552607',previous,'Act Relationship Subset - previous',[previous],[tmco],[[[3,3],[1,1],0]],yes,no,['HL7V3.0','MTH'],[248/8],0,0)]),map(-708,[ev(-770,'C1609436',documented,'Document completion status - Documented',[documented],[idcn],[[[1,1],[1,1],0]],yes,no,['HL7V3.0','MTH'],[234/10],0,0),ev(-770,'C0205156','Previous','Previous',[previous],[tmco],[[[3,3],[1,1],0]],yes,no,['MTH','NCI'],[248/8],0,0)]),map(-708,[ev(-770,'C1609436',documented,'Document completion status - Documented',[documented],[idcn],[[[1,1],[1,1],0]],yes,no,['HL7V3.0','MTH'],[234/10],0,0),ev(-770,'C1552607',previous,'Act Relationship Subset - previous',[previous],[tmco],[[[3,3],[1,1],0]],yes,no,['HL7V3.0','MTH'],[248/8],0,0)])]).
phrase(and,[conj([lexmatch([and]),inputmatch([and]),tag(conj),tokens([and])])],260/3,[]).
candidates(0,0,0,0,[]).
mappings([]).
phrase('FSH levels to',[mod([lexmatch([fsh]),inputmatch(['FSH']),tag(noun),tokens([fsh])]),head([lexmatch([levels]),inputmatch([levels]),tag(noun),tokens([levels])]),adv([lexmatch([to]),inputmatch([to]),tag(adv),tokens([to])])],264/13,[]).
candidates(6,4,0,2,[]).
mappings([map(-901,[ev(-901,'C0428406','fsh levels','Follicle stimulating hormone level result',[fsh,levels],[lbtr],[[[1,1],[1,1],0],[[2,2],[2,2],0]],yes,no,['CHV','MTH'],[264/10],0,0)])]).
phrase('be in menopause',[aux([lexmatch([be]),inputmatch([be]),tag(aux),tokens([be])]),prep([lexmatch([in]),inputmatch([in]),tag(prep),tokens([in])]),mod([lexmatch([menopause]),inputmatch([menopause]),tag(noun),tokens([menopause])])],278/15,[]).
candidates(3,0,0,3,[]).
mappings([map(-746,[ev(-790,'C2987476','Be','Exist',[be],[cnce],[[[1,1],[1,1],0]],yes,no,['MTH','NCI'],[278/2],0,0),ev(-790,'C0025320','Menopause','Menopause',[menopause],[phsf],[[[3,3],[1,1],0]],yes,no,['CHV','MEDLINEPLUS','MTH','NLMSubSyn','SNMI','SNOMEDCT_US'],[284/9],0,0)]),map(-746,[ev(-790,'C2987476','Be','Exist',[be],[cnce],[[[1,1],[1,1],0]],yes,no,['MTH','NCI'],[278/2],0,0),ev(-790,'C0567312','Menopause','Menopause present (finding)',[menopause],[fndg],[[[3,3],[1,1],0]],yes,no,['SNOMEDCT_US'],[284/9],0,0)])]).
phrase('within the last year.',[prep([lexmatch([within]),inputmatch([within]),tag(prep),tokens([within])]),det([lexmatch([the]),inputmatch([the]),tag(det),tokens([the])]),mod([lexmatch([last]),inputmatch([last]),tag(adj),tokens([last])]),head([lexmatch([year]),inputmatch([year]),tag(noun),tokens([year])]),punc([inputmatch(['.']),tokens([])])],294/21,[]).
candidates(3,0,0,3,[]).
mappings([map(-888,[ev(-694,'C1517741','Last','Last',[last],[qlco],[[[1,1],[1,1],0]],no,no,['NCI'],[305/4],0,0),ev(-861,'C0439234',year,year,[year],[tmco],[[[2,2],[1,1],0]],yes,no,['MTH','NCI','SNOMEDCT_US'],[310/4],0,0)]),map(-888,[ev(-694,'C1517741','Last','Last',[last],[qlco],[[[1,1],[1,1],0]],no,no,['NCI'],[305/4],0,0),ev(-861,'C0439508','/year','per year',[year],[tmco],[[[2,2],[1,1],0]],yes,no,['CHV','MTH','NCI','SNOMEDCT_US'],[310/4],0,0)])]).
'EOU'.
utterance('00000000.tx.6',"She is concerned about breaking her hip as she gets older and is seeking advice on osteoporosis prevention. ",316/108,[423]).
phrase('She',[pron([lexmatch([she]),inputmatch(['She']),tag(pron),tokens([she])])],316/3,[]).
candidates(0,0,0,0,[]).
mappings([]).
phrase(is,[aux([lexmatch([is]),inputmatch([is]),tag(aux),tokens([is])])],320/2,[]).
candidates(0,0,0,0,[]).
mappings([]).
phrase('concerned about breaking',[verb([lexmatch([concerned]),inputmatch([concerned]),tag(verb),tokens([concerned])]),prep([lexmatch([about]),inputmatch([about]),tag(prep),tokens([about])]),mod([lexmatch([breaking]),inputmatch([breaking]),tag(noun),tokens([breaking])])],323/24,[]).
candidates(2,0,0,2,[]).
mappings([map(-713,[ev(-756,'C2699424','Concern','Concern',[concern],[idcn],[[[1,1],[1,1],1]],yes,no,['NCI'],[323/9],0,0),ev(-756,'C1881704','BREAK','Medical Device Break',[break],[phpr],[[[3,3],[1,1],1]],yes,no,['MTH','NCI'],[339/8],0,0)])]).
phrase('her hip',[pron([lexmatch([her]),inputmatch([her]),tag(pron),tokens([her])]),head([lexmatch([hip]),inputmatch([hip]),tag(noun),tokens([hip])])],348/7,[]).
candidates(3,0,0,3,[]).
mappings([map(-1000,[ev(-1000,'C0019552','Hip','Hip region structure',[hip],[bpoc],[[[1,1],[1,1],0]],yes,no,['FMA','MSH','MTH','SNMI','SNOMEDCT_US'],[352/3],0,0)]),map(-1000,[ev(-1000,'C0022122','Hip','Bone structure of ischium',[hip],[bpoc],[[[1,1],[1,1],0]],yes,no,['FMA','MSH','MTH','NCI'],[352/3],0,0)]),map(-1000,[ev(-1000,'C3538851','HIP','REG3A wt Allele',[hip],[gngm],[[[1,1],[1,1],0]],yes,no,['MTH','NCI'],[352/3],0,0)])]).
phrase(as,[conj([lexmatch([as]),inputmatch([as]),tag(conj),tokens([as])])],356/2,[]).
candidates(0,0,0,0,[]).
mappings([]).
phrase('she gets',[pron([lexmatch([she]),inputmatch([she]),tag(pron),tokens([she])]),head([lexmatch([gets]),inputmatch([gets]),tag(noun),tokens([gets])])],359/8,[]).
candidates(0,0,0,0,[]).
mappings([]).
phrase(older,[head([lexmatch([older]),inputmatch([older]),tag(adj),tokens([older])])],368/5,[]).
candidates(1,0,0,1,[]).
mappings([map(-966,[ev(-966,'C0580836','Old','Old',[old],[tmco],[[[1,1],[1,1],1]],yes,no,['MTH'],[368/5],0,0)])]).
phrase(and,[conj([lexmatch([and]),inputmatch([and]),tag(conj),tokens([and])])],374/3,[]).
candidates(0,0,0,0,[]).
mappings([]).
phrase(is,[aux([lexmatch([is]),inputmatch([is]),tag(aux),tokens([is])])],378/2,[]).
candidates(0,0,0,0,[]).
mappings([]).
phrase(seeking,[verb([lexmatch([seeking]),inputmatch([seeking]),tag(verb),tokens([seeking])])],381/7,[]).
candidates(0,0,0,0,[]).
mappings([]).
phrase('advice on osteoporosis prevention.',[head([lexmatch([advice]),inputmatch([advice]),tag(noun),tokens([advice])]),prep([lexmatch([on]),inputmatch([on]),tag(prep),tokens([on])]),mod([lexmatch([osteoporosis]),inputmatch([osteoporosis]),tag(noun),tokens([osteoporosis])]),mod([lexmatch([prevention]),inputmatch([prevention]),tag(noun),tokens([prevention])]),punc([inputmatch(['.']),tokens([])])],389/34,[]).
candidates(5,0,0,5,[]).
mappings([map(-733,[ev(-770,'C0150600','Advice','Advice',[advice],[hlca],[[[1,1],[1,1],0]],yes,no,['CHV','MTH','SNOMEDCT_US'],[389/6],0,0),ev(-604,'C0029456','Osteoporosis','Osteoporosis',[osteoporosis],[dsyn],[[[3,3],[1,1],0]],no,no,['ICD9CM','MSH','MTH','SNOMEDCT_US','SNOMEDCT_VET'],[399/12],0,0),ev(-604,'C0199176','Prevention','Prophylactic treatment',[prevention],[topp],[[[4,4],[1,1],0]],no,no,['MTH','NCI','NLMSubSyn','SNOMEDCT_US'],[412/10],0,0)]),map(-733,[ev(-770,'C0150600','Advice','Advice',[advice],[hlca],[[[1,1],[1,1],0]],yes,no,['CHV','MTH','SNOMEDCT_US'],[389/6],0,0),ev(-604,'C0029456','Osteoporosis','Osteoporosis',[osteoporosis],[dsyn],[[[3,3],[1,1],0]],no,no,['ICD9CM','MSH','MTH','SNOMEDCT_US','SNOMEDCT_VET'],[399/12],0,0),ev(-604,'C1706420','PREVENTION','Prevention Study',[prevention],[resa],[[[4,4],[1,1],0]],no,no,['MTH','NCI','NLMSubSyn'],[412/10],0,0)]),map(-733,[ev(-770,'C0150600','Advice','Advice',[advice],[hlca],[[[1,1],[1,1],0]],yes,no,['CHV','MTH','SNOMEDCT_US'],[389/6],0,0),ev(-604,'C0029456','Osteoporosis','Osteoporosis',[osteoporosis],[dsyn],[[[3,3],[1,1],0]],no,no,['ICD9CM','MSH','MTH','SNOMEDCT_US','SNOMEDCT_VET'],[399/12],0,0),ev(-604,'C2700409',prevention,'prevention aspects',[prevention],[qlco],[[[4,4],[1,1],0]],no,no,['MSH','MTH'],[412/10],0,0)])]).
'EOU'.
utterance('00000000.tx.7',"51-year-old smoker with hypertension and diabetes, in menopause, needs recommendations for preventing osteoporosis.",424/115,[]).
phrase('51-year-old smoker with hypertension',[shapes([inputmatch(['51']),features([integer]),tokens(['51'])]),punc([inputmatch([-]),tokens([])]),mod([lexmatch([year]),inputmatch([year]),tag(noun),tokens([year])]),punc([inputmatch([-]),tokens([])]),mod([lexmatch([old]),inputmatch([old]),tag(noun),tokens([old])]),head([lexmatch([smoker]),inputmatch([smoker]),tag(noun),tokens([smoker])]),prep([lexmatch([with]),inputmatch([with]),tag(prep),tokens([with])]),mod([lexmatch([hypertension]),inputmatch([hypertension]),tag(noun),tokens([hypertension])])],424/36,[]).
candidates(6,0,0,6,[]).
mappings([map(-697,[ev(-586,'C0439234',year,year,[year],[tmco],[[[2,2],[1,1],0]],no,no,['MTH','NCI','SNOMEDCT_US'],[427/4],0,0),ev(-586,'C0580836','Old','Old',[old],[tmco],[[[3,3],[1,1],0]],no,no,['MTH'],[432/3],0,0),ev(-753,'C0337664','Smoker','Smoker',[smoker],[fndg],[[[4,4],[1,1],0]],yes,no,['CHV','MTH'],[436/6],0,0),ev(-586,'C0020538','Hypertension','Hypertensive disease',[hypertension],[dsyn],[[[6,6],[1,1],0]],no,no,['AOD','MSH','MTH','NCI','NLMSubSyn','OMIM','SNM','SNMI','SNOMEDCT_US'],[448/12],0,0)]),map(-697,[ev(-586,'C0439234',year,year,[year],[tmco],[[[2,2],[1,1],0]],no,no,['MTH','NCI','SNOMEDCT_US'],[427/4],0,0),ev(-586,'C0580836','Old','Old',[old],[tmco],[[[3,3],[1,1],0]],no,no,['MTH'],[432/3],0,0),ev(-753,'C0337664','Smoker','Smoker',[smoker],[fndg],[[[4,4],[1,1],0]],yes,no,['CHV','MTH'],[436/6],0,0),ev(-586,'C1963138','Hypertension','Hypertension Adverse Event',[hypertension],[fndg],[[[6,6],[1,1],0]],no,no,['MTH','NCI'],[448/12],0,0)]),map(-697,[ev(-586,'C0439508','/year','per year',[year],[tmco],[[[2,2],[1,1],0]],no,no,['CHV','MTH','NCI','SNOMEDCT_US'],[427/4],0,0),ev(-586,'C0580836','Old','Old',[old],[tmco],[[[3,3],[1,1],0]],no,no,['MTH'],[432/3],0,0),ev(-753,'C0337664','Smoker','Smoker',[smoker],[fndg],[[[4,4],[1,1],0]],yes,no,['CHV','MTH'],[436/6],0,0),ev(-586,'C0020538','Hypertension','Hypertensive disease',[hypertension],[dsyn],[[[6,6],[1,1],0]],no,no,['AOD','MSH','MTH','NCI','NLMSubSyn','OMIM','SNM','SNMI','SNOMEDCT_US'],[448/12],0,0)]),map(-697,[ev(-586,'C0439508','/year','per year',[year],[tmco],[[[2,2],[1,1],0]],no,no,['CHV','MTH','NCI','SNOMEDCT_US'],[427/4],0,0),ev(-586,'C0580836','Old','Old',[old],[tmco],[[[3,3],[1,1],0]],no,no,['MTH'],[432/3],0,0),ev(-753,'C0337664','Smoker','Smoker',[smoker],[fndg],[[[4,4],[1,1],0]],yes,no,['CHV','MTH'],[436/6],0,0),ev(-586,'C1963138','Hypertension','Hypertension Adverse Event',[hypertension],[fndg],[[[6,6],[1,1],0]],no,no,['MTH','NCI'],[448/12],0,0)])]).
phrase(and,[conj([lexmatch([and]),inputmatch([and]),tag(conj),tokens([and])])],461/3,[]).
candidates(0,0,0,0,[]).
mappings([]).
phrase('diabetes,',[head([lexmatch([diabetes]),inputmatch([diabetes]),tag(noun),tokens([diabetes])]),punc([inputmatch([',']),tokens([])])],465/9,[]).
candidates(2,0,0,2,[]).
mappings([map(-1000,[ev(-1000,'C0011847','Diabetes','Diabetes',[diabetes],[dsyn],[[[1,1],[1,1],0]],yes,no,['MTH'],[465/8],0,0)]),map(-1000,[ev(-1000,'C0011849','Diabetes','Diabetes Mellitus',[diabetes],[dsyn],[[[1,1],[1,1],0]],yes,no,['CHV','MTH','NCI','NLMSubSyn','SNOMEDCT_US'],[465/8],0,0)])]).
phrase('in menopause,',[prep([lexmatch([in]),inputmatch([in]),tag(prep),tokens([in])]),head([lexmatch([menopause]),inputmatch([menopause]),tag(noun),tokens([menopause])]),punc([inputmatch([',']),tokens([])])],475/13,[]).
candidates(2,0,0,2,[]).
mappings([map(-1000,[ev(-1000,'C0025320','Menopause','Menopause',[menopause],[phsf],[[[1,1],[1,1],0]],yes,no,['CHV','MEDLINEPLUS','MTH','NLMSubSyn','SNMI','SNOMEDCT_US'],[478/9],0,0)]),map(-1000,[ev(-1000,'C0567312','Menopause','Menopause present (finding)',[menopause],[fndg],[[[1,1],[1,1],0]],yes,no,['SNOMEDCT_US'],[478/9],0,0)])]).
phrase(needs,[verb([lexmatch([needs]),inputmatch([needs]),tag(verb),tokens([needs])])],489/5,[]).
candidates(2,0,0,2,[]).
mappings([map(-1000,[ev(-1000,'C0027552','Need','Needs',[need],[qlco],[[[1,1],[1,1],0]],yes,no,['MTH','NCI','SNOMEDCT_US'],[489/5],0,0)]),map(-1000,[ev(-1000,'C0686904',need,'Patient need for (contextual qualifier)',[need],[ftcn],[[[1,1],[1,1],0]],yes,no,['CHV','SNOMEDCT_US'],[489/5],0,0)])]).
phrase('recommendations for preventing osteoporosis.',[head([lexmatch([recommendations]),inputmatch([recommendations]),tag(noun),tokens([recommendations])]),prep([lexmatch([for]),inputmatch([for]),tag(prep),tokens([for])]),mod([lexmatch([preventing]),inputmatch([preventing]),tag(adj),tokens([preventing])]),mod([lexmatch([osteoporosis]),inputmatch([osteoporosis]),tag(noun),tokens([osteoporosis])]),punc([inputmatch(['.']),tokens([])])],495/44,[]).
candidates(3,0,0,3,[]).
mappings([map(-722,[ev(-770,'C0034866',recommendations,'Recommendation',[recommendations],[idcn],[[[1,1],[1,1],0]],yes,no,['CHV','MTH','NCI'],[495/15],0,0),ev(-570,'C0309872','PREVENT','PREVENT (product)',[prevent],[phsu],[[[3,3],[1,1],1]],no,no,['SNMI','SNOMEDCT_US'],[515/10],0,0),ev(-604,'C0029456','Osteoporosis','Osteoporosis',[osteoporosis],[dsyn],[[[4,4],[1,1],0]],no,no,['ICD9CM','MSH','MTH','SNOMEDCT_US','SNOMEDCT_VET'],[526/12],0,0)])]).
'EOU'.
'EOT'.
