args('metamap14.BINARY.Darwin --lexicon db -Z 2014AA -qE -Q 4 ../../TREC-CDS/2014-original/30.txt ../../TREC-CDS/results/30.txt.out',[lexicon-db,mm_data_year-'2014AA',machine_output-[],indicate_citation_end-[],composite_phrases-4,infile-'../../TREC-CDS/2014-original/30.txt',outfile-'../../TREC-CDS/results/30.txt.out']).
aas([]).
neg_list([]).
utterance('00000000.tx.1',"treatment. ",0/11,[10]).
phrase('treatment.',[head([lexmatch([treatment]),inputmatch([treatment]),tag(noun),tokens([treatment])]),punc([inputmatch(['.']),tokens([])])],0/10,[]).
candidates(6,0,0,6,[]).
mappings([map(-1000,[ev(-1000,'C0039798',treatment,'therapeutic aspects',[treatment],[ftcn],[[[1,1],[1,1],0]],yes,no,['MSH','MTH','NLMSubSyn'],[0/9],0,0)]),map(-1000,[ev(-1000,'C0087111','Treatment','Therapeutic procedure',[treatment],[topp],[[[1,1],[1,1],0]],yes,no,['AOD','CHV','LNC','MSH','MTH','MTHHH','NCI','NLMSubSyn','SNOMEDCT_US'],[0/9],0,0)]),map(-1000,[ev(-1000,'C1522326','Treatment','Treating',[treatment],[ftcn],[[[1,1],[1,1],0]],yes,no,['MTH','NCI'],[0/9],0,0)]),map(-1000,[ev(-1000,'C1533734','Treatment','Administration procedure',[treatment],[topp],[[[1,1],[1,1],0]],yes,no,['MTH','NCI','NLMSubSyn','SNOMEDCT_US'],[0/9],0,0)]),map(-1000,[ev(-1000,'C1705169','Treatment','Biomaterial Treatment',[treatment],[cnce],[[[1,1],[1,1],0]],yes,no,['MTH','NCI'],[0/9],0,0)]),map(-1000,[ev(-1000,'C3538994','TREATMENT','Treatment Epoch',[treatment],[resa],[[[1,1],[1,1],0]],yes,no,['MTH','NCI','NLMSubSyn'],[0/9],0,0)])]).
'EOU'.
utterance('00000000.tx.2',"A 72-year-old man complains of increasing calf pain when walking uphill. ",11/73,[]).
phrase('A 72-year-old man',[det([lexmatch([a]),inputmatch(['A']),tag(det),tokens([a])]),shapes([inputmatch(['72']),features([integer]),tokens(['72'])]),punc([inputmatch([-]),tokens([])]),mod([lexmatch([year]),inputmatch([year]),tag(noun),tokens([year])]),punc([inputmatch([-]),tokens([])]),mod([lexmatch([old]),inputmatch([old]),tag(noun),tokens([old])]),head([lexmatch([man]),inputmatch([man]),tag(noun),tokens([man])])],11/17,[]).
candidates(6,0,0,6,[]).
mappings([map(-775,[ev(-645,'C0439234',year,year,[year],[tmco],[[[2,2],[1,1],0]],no,no,['MTH','NCI','SNOMEDCT_US'],[16/4],0,0),ev(-645,'C0580836','Old','Old',[old],[tmco],[[[3,3],[1,1],0]],no,no,['MTH'],[21/3],0,0),ev(-812,'C0024554','MAN','Male gender',[man],[orga],[[[4,4],[1,1],0]],yes,no,['CHV','DXP','MSH','MTH','NCI','NLMSubSyn','QMR','SNOMEDCT_US'],[25/3],0,0)]),map(-775,[ev(-645,'C0439234',year,year,[year],[tmco],[[[2,2],[1,1],0]],no,no,['MTH','NCI','SNOMEDCT_US'],[16/4],0,0),ev(-645,'C0580836','Old','Old',[old],[tmco],[[[3,3],[1,1],0]],no,no,['MTH'],[21/3],0,0),ev(-812,'C0025266','Man','Male population group',[man],[popg],[[[4,4],[1,1],0]],yes,no,['MSH','MTH','NCI','NLMSubSyn','SNOMEDCT_US'],[25/3],0,0)]),map(-775,[ev(-645,'C0439234',year,year,[year],[tmco],[[[2,2],[1,1],0]],no,no,['MTH','NCI','SNOMEDCT_US'],[16/4],0,0),ev(-645,'C0580836','Old','Old',[old],[tmco],[[[3,3],[1,1],0]],no,no,['MTH'],[21/3],0,0),ev(-812,'C0086418','Man','Homo sapiens',[man],[humn],[[[4,4],[1,1],0]],yes,no,['MSH','MTH','NCI','SNMI','SNOMEDCT_US','SNOMEDCT_VET'],[25/3],0,0)]),map(-775,[ev(-645,'C0439508','/year','per year',[year],[tmco],[[[2,2],[1,1],0]],no,no,['CHV','MTH','NCI','SNOMEDCT_US'],[16/4],0,0),ev(-645,'C0580836','Old','Old',[old],[tmco],[[[3,3],[1,1],0]],no,no,['MTH'],[21/3],0,0),ev(-812,'C0024554','MAN','Male gender',[man],[orga],[[[4,4],[1,1],0]],yes,no,['CHV','DXP','MSH','MTH','NCI','NLMSubSyn','QMR','SNOMEDCT_US'],[25/3],0,0)]),map(-775,[ev(-645,'C0439508','/year','per year',[year],[tmco],[[[2,2],[1,1],0]],no,no,['CHV','MTH','NCI','SNOMEDCT_US'],[16/4],0,0),ev(-645,'C0580836','Old','Old',[old],[tmco],[[[3,3],[1,1],0]],no,no,['MTH'],[21/3],0,0),ev(-812,'C0025266','Man','Male population group',[man],[popg],[[[4,4],[1,1],0]],yes,no,['MSH','MTH','NCI','NLMSubSyn','SNOMEDCT_US'],[25/3],0,0)]),map(-775,[ev(-645,'C0439508','/year','per year',[year],[tmco],[[[2,2],[1,1],0]],no,no,['CHV','MTH','NCI','SNOMEDCT_US'],[16/4],0,0),ev(-645,'C0580836','Old','Old',[old],[tmco],[[[3,3],[1,1],0]],no,no,['MTH'],[21/3],0,0),ev(-812,'C0086418','Man','Homo sapiens',[man],[humn],[[[4,4],[1,1],0]],yes,no,['MSH','MTH','NCI','SNMI','SNOMEDCT_US','SNOMEDCT_VET'],[25/3],0,0)])]).
phrase('complains of increasing calf pain',[verb([lexmatch([complains]),inputmatch([complains]),tag(verb),tokens([complains])]),prep([lexmatch([of]),inputmatch([of]),tag(prep),tokens([of])]),mod([lexmatch([increasing]),inputmatch([increasing]),tag(adj),tokens([increasing])]),mod([lexmatch([calf]),inputmatch([calf]),tag(noun),tokens([calf])]),mod([lexmatch([pain]),inputmatch([pain]),tag(noun),tokens([pain])])],29/33,[]).
candidates(8,1,0,7,[]).
mappings([map(-763,[ev(-760,'C0442808','Increasing','Increasing',[increasing],[ftcn],[[[3,3],[1,1],0]],yes,no,['SNOMEDCT_US'],[42/10],0,0),ev(-806,'C0236040','Calf pain','Pain in calf',[calf,pain],[sosy],[[[4,4],[1,1],0],[[5,5],[2,2],0]],yes,no,['CHV','SNOMEDCT_US'],[53/9],0,0)])]).
phrase(when,[conj([lexmatch([when]),inputmatch([when]),tag(conj),tokens([when])])],63/4,[]).
candidates(0,0,0,0,[]).
mappings([]).
phrase(walking,[verb([lexmatch([walking]),inputmatch([walking]),tag(verb),tokens([walking])])],68/7,[]).
candidates(1,0,0,1,[]).
mappings([map(-1000,[ev(-1000,'C0080331','Walking','Walking (activity)',[walking],[dora],[[[1,1],[1,1],0]],yes,no,['MSH','MTH','NCI'],[68/7],0,0)])]).
phrase('uphill.',[adv([lexmatch([uphill]),inputmatch([uphill]),tag(adv),tokens([uphill])]),punc([inputmatch(['.']),tokens([])])],76/7,[]).
candidates(0,0,0,0,[]).
mappings([]).
'EOU'.
utterance('00000000.tx.3',"The symptoms have gradually increased over the past 3 months. ",84/62,[]).
phrase('The symptoms',[det([lexmatch([the]),inputmatch(['The']),tag(det),tokens([the])]),head([lexmatch([symptoms]),inputmatch([symptoms]),tag(noun),tokens([symptoms])])],84/12,[]).
candidates(2,0,0,2,[]).
mappings([map(-1000,[ev(-1000,'C0683368',symptoms,'Symptoms aspect',[symptoms],[ftcn],[[[1,1],[1,1],0]],yes,no,['MSH','MTH'],[88/8],0,0)]),map(-1000,[ev(-1000,'C1457887','Symptoms','Symptoms',[symptoms],[sosy],[[[1,1],[1,1],0]],yes,no,['AOD','MTH','SNMI'],[88/8],0,0)])]).
phrase(have,[aux([lexmatch([have]),inputmatch([have]),tag(aux),tokens([have])])],97/4,[]).
candidates(0,0,0,0,[]).
mappings([]).
phrase(gradually,[adv([lexmatch([gradually]),inputmatch([gradually]),tag(adv),tokens([gradually])])],102/9,[]).
candidates(0,0,0,0,[]).
mappings([]).
phrase('increased over the past 3 months.',[verb([lexmatch([increased]),inputmatch([increased]),tag(verb),tokens([increased])]),prep([lexmatch([over]),inputmatch([over]),tag(prep),tokens([over])]),det([lexmatch([the]),inputmatch([the]),tag(det),tokens([the])]),mod([lexmatch([past]),inputmatch([past]),tag(noun),tokens([past])]),shapes([inputmatch(['3']),features([integer]),tokens(['3'])]),mod([lexmatch([months]),inputmatch([months]),tag(noun),tokens([months])]),punc([inputmatch(['.']),tokens([])])],112/33,[]).
candidates(11,7,0,4,[]).
mappings([map(-666,[ev(-753,'C0205217','Increased','Increased',[increased],[qnco],[[[1,1],[1,1],0]],yes,no,['CHV','MTH','SNOMEDCT_US'],[112/9],0,0),ev(-753,'C1444637','Past','Past',[past],[tmco],[[[4,4],[1,1],0]],yes,no,['SNOMEDCT_US'],[131/4],0,0),ev(-753,'C0439231',months,month,[months],[tmco],[[[6,6],[1,1],0]],yes,no,['MTH','SNOMEDCT_US'],[138/6],0,0)]),map(-666,[ev(-753,'C0442805','Increased','Increase',[increased],[ftcn],[[[1,1],[1,1],0]],yes,no,['CHV','MTH','NCI'],[112/9],0,0),ev(-753,'C1444637','Past','Past',[past],[tmco],[[[4,4],[1,1],0]],yes,no,['SNOMEDCT_US'],[131/4],0,0),ev(-753,'C0439231',months,month,[months],[tmco],[[[6,6],[1,1],0]],yes,no,['MTH','SNOMEDCT_US'],[138/6],0,0)])]).
'EOU'.
utterance('00000000.tx.4',"The patient had an uncomplicated myocardial infarction 2 years earlier and a transient ischemic attack 6 months ago. ",146/117,[]).
phrase('The patient',[det([lexmatch([the]),inputmatch(['The']),tag(det),tokens([the])]),head([lexmatch([patient]),inputmatch([patient]),tag(noun),tokens([patient])])],146/11,[]).
candidates(1,0,0,1,[]).
mappings([map(-1000,[ev(-1000,'C0030705','*^patient','Patients',[patient],[podg],[[[1,1],[1,1],0]],yes,no,['LNC','MTH','NCI','SNOMEDCT_US'],[150/7],0,0)])]).
phrase(had,[aux([lexmatch([had]),inputmatch([had]),tag(aux),tokens([had])])],158/3,[]).
candidates(0,0,0,0,[]).
mappings([]).
phrase('an uncomplicated myocardial infarction 2 years earlier',[det([lexmatch([an]),inputmatch([an]),tag(det),tokens([an])]),mod([lexmatch([uncomplicated]),inputmatch([uncomplicated]),tag(adj),tokens([uncomplicated])]),mod([lexmatch(['myocardial infarction']),inputmatch([myocardial,infarction]),tag(noun),tokens([myocardial,infarction])]),shapes([inputmatch(['2']),features([integer]),tokens(['2'])]),head([lexmatch([years]),inputmatch([years]),tag(noun),tokens([years])]),adv([lexmatch([earlier]),inputmatch([earlier]),tag(adv),tokens([earlier])])],162/54,[]).
candidates(11,2,0,9,[]).
mappings([map(-760,[ev(-632,'C0443334','Uncomplicated','Uncomplicated',[uncomplicated],[qlco],[[[1,1],[1,1],0]],no,no,['SNOMEDCT_US'],[165/13],0,0),ev(-660,'C0027051','Myocardial Infarction','Myocardial Infarction',[myocardial,infarction],[dsyn],[[[2,3],[1,2],0]],no,no,['CHV','CST','DXP','MSH','MTH','NCI','NLMSubSyn','SNM','SNOMEDCT_US','SNOMEDCT_VET'],[179/21],0,0),ev(-799,'C0439234',years,year,[years],[tmco],[[[5,5],[1,1],0]],yes,no,['MTH','NCI','SNOMEDCT_US'],[203/5],0,0),ev(-599,'C1279919','Early','Early',[early],[tmco],[[[6,6],[1,1],1]],no,no,['CHV','MTH','NLMSubSyn'],[209/7],0,0)]),map(-760,[ev(-632,'C0443334','Uncomplicated','Uncomplicated',[uncomplicated],[qlco],[[[1,1],[1,1],0]],no,no,['SNOMEDCT_US'],[165/13],0,0),ev(-660,'C0428953','MYOCARDIAL INFARCTION','Electrocardiogram: myocardial infarction (finding)',[myocardial,infarction],[fndg],[[[2,3],[1,2],0]],no,no,['CHV','NCI','NLMSubSyn','SNMI','SNOMEDCT_US'],[179/21],0,0),ev(-799,'C0439234',years,year,[years],[tmco],[[[5,5],[1,1],0]],yes,no,['MTH','NCI','SNOMEDCT_US'],[203/5],0,0),ev(-599,'C1279919','Early','Early',[early],[tmco],[[[6,6],[1,1],1]],no,no,['CHV','MTH','NLMSubSyn'],[209/7],0,0)]),map(-760,[ev(-632,'C0443334','Uncomplicated','Uncomplicated',[uncomplicated],[qlco],[[[1,1],[1,1],0]],no,no,['SNOMEDCT_US'],[165/13],0,0),ev(-660,'C2926063','Myocardial infarction','Myocardial infarction:Finding:Point in time:^Patient:Ordinal',[myocardial,infarction],[clna],[[[2,3],[1,2],0]],no,no,['LNC','NLMSubSyn'],[179/21],0,0),ev(-799,'C0439234',years,year,[years],[tmco],[[[5,5],[1,1],0]],yes,no,['MTH','NCI','SNOMEDCT_US'],[203/5],0,0),ev(-599,'C1279919','Early','Early',[early],[tmco],[[[6,6],[1,1],1]],no,no,['CHV','MTH','NLMSubSyn'],[209/7],0,0)])]).
phrase(and,[conj([lexmatch([and]),inputmatch([and]),tag(conj),tokens([and])])],217/3,[]).
candidates(0,0,0,0,[]).
mappings([]).
phrase('a transient ischemic attack 6 months ago.',[det([lexmatch([a]),inputmatch([a]),tag(det),tokens([a])]),mod([lexmatch(['transient ischemic attack']),inputmatch([transient,ischemic,attack]),tag(noun),tokens([transient,ischemic,attack])]),shapes([inputmatch(['6']),features([integer]),tokens(['6'])]),head([lexmatch([months]),inputmatch([months]),tag(noun),tokens([months])]),adv([lexmatch([ago]),inputmatch([ago]),tag(adv),tokens([ago])]),punc([inputmatch(['.']),tokens([])])],221/41,[]).
candidates(10,1,0,9,[]).
mappings([map(-817,[ev(-694,'C0007787','Transient Ischemic Attack','Transient Ischemic Attack',[transient,ischemic,attack],[dsyn],[[[1,3],[1,3],0]],no,no,['AOD','CHV','DXP','ICD10CM','MSH','MTH','NLMSubSyn','OMIM','SNM','SNOMEDCT_US'],[223/25],0,0),ev(-799,'C0439231',months,month,[months],[tmco],[[[5,5],[1,1],0]],yes,no,['MTH','SNOMEDCT_US'],[251/6],0,0)])]).
'EOU'.
utterance('00000000.tx.5',"Over the past month, his blood pressure has worsened despite previous control with diltiazem, hydrochlorothiazide, and propranolol. ",263/132,[]).
phrase('Over the past month,',[prep([lexmatch([over]),inputmatch(['Over']),tag(prep),tokens([over])]),det([lexmatch([the]),inputmatch([the]),tag(det),tokens([the])]),mod([lexmatch([past]),inputmatch([past]),tag(adj),tokens([past])]),head([lexmatch([month]),inputmatch([month]),tag(noun),tokens([month])]),punc([inputmatch([',']),tokens([])])],263/20,[]).
candidates(3,0,0,3,[]).
mappings([map(-888,[ev(-694,'C1444637','Past','Past',[past],[tmco],[[[1,1],[1,1],0]],no,no,['SNOMEDCT_US'],[272/4],0,0),ev(-861,'C0439231',month,month,[month],[tmco],[[[2,2],[1,1],0]],yes,no,['MTH','SNOMEDCT_US'],[277/5],0,0)]),map(-888,[ev(-694,'C1444637','Past','Past',[past],[tmco],[[[1,1],[1,1],0]],no,no,['SNOMEDCT_US'],[272/4],0,0),ev(-861,'C0439507','/month','per month (qualifier value)',[month],[tmco],[[[2,2],[1,1],0]],yes,no,['NCI','SNOMEDCT_US'],[277/5],0,0)])]).
phrase('his blood pressure',[pron([lexmatch([his]),inputmatch([his]),tag(pron),tokens([his])]),head([lexmatch(['blood pressure']),inputmatch([blood,pressure]),tag(noun),tokens([blood,pressure])])],284/18,[]).
candidates(16,7,0,9,[]).
mappings([map(-1000,[ev(-1000,'C0005823','Blood Pressure','Blood Pressure',[blood,pressure],[orgf],[[[1,2],[1,2],0]],yes,no,['MTH','NLMSubSyn','SNOMEDCT_US'],[288/14],0,0)]),map(-1000,[ev(-1000,'C1271104','Blood Pressure','Blood pressure finding',[blood,pressure],[fndg],[[[1,2],[1,2],0]],yes,no,['MTH','NCI','NLMSubSyn'],[288/14],0,0)]),map(-1000,[ev(-1000,'C1272641','Blood pressure','Systemic arterial pressure',[blood,pressure],[fndg],[[[1,2],[1,2],0]],yes,no,['CHV','MSH','MTH','NLMSubSyn','SNOMEDCT_US'],[288/14],0,0)])]).
phrase(has,[aux([lexmatch([has]),inputmatch([has]),tag(aux),tokens([has])])],303/3,[]).
candidates(0,0,0,0,[]).
mappings([]).
phrase('worsened despite previous control',[verb([lexmatch([worsened]),inputmatch([worsened]),tag(verb),tokens([worsened])]),prep([lexmatch([despite]),inputmatch([despite]),tag(prep),tokens([despite])]),mod([lexmatch([previous]),inputmatch([previous]),tag(adj),tokens([previous])]),mod([lexmatch([control]),inputmatch([control]),tag(noun),tokens([control])])],307/33,[]).
candidates(10,1,0,9,[]).
mappings([map(-733,[ev(-770,'C1279889',worsened,'Deterioration of status',[worsened],[fndg],[[[1,1],[1,1],0]],yes,no,['CHV','MTH','SNOMEDCT_US'],[307/8],0,0),ev(-770,'C0205156','Previous','Previous',[previous],[tmco],[[[3,3],[1,1],0]],yes,no,['MTH','NCI'],[324/8],0,0),ev(-770,'C0243148',control,'control aspects',[control],[qlco],[[[4,4],[1,1],0]],yes,no,['MSH','MTH'],[333/7],0,0)]),map(-733,[ev(-770,'C1279889',worsened,'Deterioration of status',[worsened],[fndg],[[[1,1],[1,1],0]],yes,no,['CHV','MTH','SNOMEDCT_US'],[307/8],0,0),ev(-770,'C0205156','Previous','Previous',[previous],[tmco],[[[3,3],[1,1],0]],yes,no,['MTH','NCI'],[324/8],0,0),ev(-770,'C1550141','Control','control substance',[control],[sbst],[[[4,4],[1,1],0]],yes,no,['HL7V2.5','MTH'],[333/7],0,0)]),map(-733,[ev(-770,'C1279889',worsened,'Deterioration of status',[worsened],[fndg],[[[1,1],[1,1],0]],yes,no,['CHV','MTH','SNOMEDCT_US'],[307/8],0,0),ev(-770,'C0205156','Previous','Previous',[previous],[tmco],[[[3,3],[1,1],0]],yes,no,['MTH','NCI'],[324/8],0,0),ev(-770,'C1882979','Control','Scientific Control',[control],[cnce],[[[4,4],[1,1],0]],yes,no,['MTH','NCI'],[333/7],0,0)]),map(-733,[ev(-770,'C1279889',worsened,'Deterioration of status',[worsened],[fndg],[[[1,1],[1,1],0]],yes,no,['CHV','MTH','SNOMEDCT_US'],[307/8],0,0),ev(-770,'C0205156','Previous','Previous',[previous],[tmco],[[[3,3],[1,1],0]],yes,no,['MTH','NCI'],[324/8],0,0),ev(-770,'C2587213','Control','Control function',[control],[ftcn],[[[4,4],[1,1],0]],yes,no,['MTH','NCI','NLMSubSyn','SNOMEDCT_US'],[333/7],0,0)]),map(-733,[ev(-770,'C1279889',worsened,'Deterioration of status',[worsened],[fndg],[[[1,1],[1,1],0]],yes,no,['CHV','MTH','SNOMEDCT_US'],[307/8],0,0),ev(-770,'C0205156','Previous','Previous',[previous],[tmco],[[[3,3],[1,1],0]],yes,no,['MTH','NCI'],[324/8],0,0),ev(-770,'C3274648','Control','True Control Status',[control],[qlco],[[[4,4],[1,1],0]],yes,no,['MTH','NCI'],[333/7],0,0)]),map(-733,[ev(-770,'C1279889',worsened,'Deterioration of status',[worsened],[fndg],[[[1,1],[1,1],0]],yes,no,['CHV','MTH','SNOMEDCT_US'],[307/8],0,0),ev(-770,'C1552607',previous,'Act Relationship Subset - previous',[previous],[tmco],[[[3,3],[1,1],0]],yes,no,['HL7V3.0','MTH'],[324/8],0,0),ev(-770,'C0243148',control,'control aspects',[control],[qlco],[[[4,4],[1,1],0]],yes,no,['MSH','MTH'],[333/7],0,0)]),map(-733,[ev(-770,'C1279889',worsened,'Deterioration of status',[worsened],[fndg],[[[1,1],[1,1],0]],yes,no,['CHV','MTH','SNOMEDCT_US'],[307/8],0,0),ev(-770,'C1552607',previous,'Act Relationship Subset - previous',[previous],[tmco],[[[3,3],[1,1],0]],yes,no,['HL7V3.0','MTH'],[324/8],0,0),ev(-770,'C1550141','Control','control substance',[control],[sbst],[[[4,4],[1,1],0]],yes,no,['HL7V2.5','MTH'],[333/7],0,0)]),map(-733,[ev(-770,'C1279889',worsened,'Deterioration of status',[worsened],[fndg],[[[1,1],[1,1],0]],yes,no,['CHV','MTH','SNOMEDCT_US'],[307/8],0,0),ev(-770,'C1552607',previous,'Act Relationship Subset - previous',[previous],[tmco],[[[3,3],[1,1],0]],yes,no,['HL7V3.0','MTH'],[324/8],0,0),ev(-770,'C1882979','Control','Scientific Control',[control],[cnce],[[[4,4],[1,1],0]],yes,no,['MTH','NCI'],[333/7],0,0)]),map(-733,[ev(-770,'C1279889',worsened,'Deterioration of status',[worsened],[fndg],[[[1,1],[1,1],0]],yes,no,['CHV','MTH','SNOMEDCT_US'],[307/8],0,0),ev(-770,'C1552607',previous,'Act Relationship Subset - previous',[previous],[tmco],[[[3,3],[1,1],0]],yes,no,['HL7V3.0','MTH'],[324/8],0,0),ev(-770,'C2587213','Control','Control function',[control],[ftcn],[[[4,4],[1,1],0]],yes,no,['MTH','NCI','NLMSubSyn','SNOMEDCT_US'],[333/7],0,0)]),map(-733,[ev(-770,'C1279889',worsened,'Deterioration of status',[worsened],[fndg],[[[1,1],[1,1],0]],yes,no,['CHV','MTH','SNOMEDCT_US'],[307/8],0,0),ev(-770,'C1552607',previous,'Act Relationship Subset - previous',[previous],[tmco],[[[3,3],[1,1],0]],yes,no,['HL7V3.0','MTH'],[324/8],0,0),ev(-770,'C3274648','Control','True Control Status',[control],[qlco],[[[4,4],[1,1],0]],yes,no,['MTH','NCI'],[333/7],0,0)]),map(-733,[ev(-770,'C1457868','Worsened','Worse',[worsened],[fndg],[[[1,1],[1,1],0]],yes,no,['CHV','MTH','NCI','SNOMEDCT_US','SNOMEDCT_VET'],[307/8],0,0),ev(-770,'C0205156','Previous','Previous',[previous],[tmco],[[[3,3],[1,1],0]],yes,no,['MTH','NCI'],[324/8],0,0),ev(-770,'C0243148',control,'control aspects',[control],[qlco],[[[4,4],[1,1],0]],yes,no,['MSH','MTH'],[333/7],0,0)]),map(-733,[ev(-770,'C1457868','Worsened','Worse',[worsened],[fndg],[[[1,1],[1,1],0]],yes,no,['CHV','MTH','NCI','SNOMEDCT_US','SNOMEDCT_VET'],[307/8],0,0),ev(-770,'C0205156','Previous','Previous',[previous],[tmco],[[[3,3],[1,1],0]],yes,no,['MTH','NCI'],[324/8],0,0),ev(-770,'C1550141','Control','control substance',[control],[sbst],[[[4,4],[1,1],0]],yes,no,['HL7V2.5','MTH'],[333/7],0,0)]),map(-733,[ev(-770,'C1457868','Worsened','Worse',[worsened],[fndg],[[[1,1],[1,1],0]],yes,no,['CHV','MTH','NCI','SNOMEDCT_US','SNOMEDCT_VET'],[307/8],0,0),ev(-770,'C0205156','Previous','Previous',[previous],[tmco],[[[3,3],[1,1],0]],yes,no,['MTH','NCI'],[324/8],0,0),ev(-770,'C1882979','Control','Scientific Control',[control],[cnce],[[[4,4],[1,1],0]],yes,no,['MTH','NCI'],[333/7],0,0)]),map(-733,[ev(-770,'C1457868','Worsened','Worse',[worsened],[fndg],[[[1,1],[1,1],0]],yes,no,['CHV','MTH','NCI','SNOMEDCT_US','SNOMEDCT_VET'],[307/8],0,0),ev(-770,'C0205156','Previous','Previous',[previous],[tmco],[[[3,3],[1,1],0]],yes,no,['MTH','NCI'],[324/8],0,0),ev(-770,'C2587213','Control','Control function',[control],[ftcn],[[[4,4],[1,1],0]],yes,no,['MTH','NCI','NLMSubSyn','SNOMEDCT_US'],[333/7],0,0)]),map(-733,[ev(-770,'C1457868','Worsened','Worse',[worsened],[fndg],[[[1,1],[1,1],0]],yes,no,['CHV','MTH','NCI','SNOMEDCT_US','SNOMEDCT_VET'],[307/8],0,0),ev(-770,'C0205156','Previous','Previous',[previous],[tmco],[[[3,3],[1,1],0]],yes,no,['MTH','NCI'],[324/8],0,0),ev(-770,'C3274648','Control','True Control Status',[control],[qlco],[[[4,4],[1,1],0]],yes,no,['MTH','NCI'],[333/7],0,0)]),map(-733,[ev(-770,'C1457868','Worsened','Worse',[worsened],[fndg],[[[1,1],[1,1],0]],yes,no,['CHV','MTH','NCI','SNOMEDCT_US','SNOMEDCT_VET'],[307/8],0,0),ev(-770,'C1552607',previous,'Act Relationship Subset - previous',[previous],[tmco],[[[3,3],[1,1],0]],yes,no,['HL7V3.0','MTH'],[324/8],0,0),ev(-770,'C0243148',control,'control aspects',[control],[qlco],[[[4,4],[1,1],0]],yes,no,['MSH','MTH'],[333/7],0,0)]),map(-733,[ev(-770,'C1457868','Worsened','Worse',[worsened],[fndg],[[[1,1],[1,1],0]],yes,no,['CHV','MTH','NCI','SNOMEDCT_US','SNOMEDCT_VET'],[307/8],0,0),ev(-770,'C1552607',previous,'Act Relationship Subset - previous',[previous],[tmco],[[[3,3],[1,1],0]],yes,no,['HL7V3.0','MTH'],[324/8],0,0),ev(-770,'C1550141','Control','control substance',[control],[sbst],[[[4,4],[1,1],0]],yes,no,['HL7V2.5','MTH'],[333/7],0,0)]),map(-733,[ev(-770,'C1457868','Worsened','Worse',[worsened],[fndg],[[[1,1],[1,1],0]],yes,no,['CHV','MTH','NCI','SNOMEDCT_US','SNOMEDCT_VET'],[307/8],0,0),ev(-770,'C1552607',previous,'Act Relationship Subset - previous',[previous],[tmco],[[[3,3],[1,1],0]],yes,no,['HL7V3.0','MTH'],[324/8],0,0),ev(-770,'C1882979','Control','Scientific Control',[control],[cnce],[[[4,4],[1,1],0]],yes,no,['MTH','NCI'],[333/7],0,0)]),map(-733,[ev(-770,'C1457868','Worsened','Worse',[worsened],[fndg],[[[1,1],[1,1],0]],yes,no,['CHV','MTH','NCI','SNOMEDCT_US','SNOMEDCT_VET'],[307/8],0,0),ev(-770,'C1552607',previous,'Act Relationship Subset - previous',[previous],[tmco],[[[3,3],[1,1],0]],yes,no,['HL7V3.0','MTH'],[324/8],0,0),ev(-770,'C2587213','Control','Control function',[control],[ftcn],[[[4,4],[1,1],0]],yes,no,['MTH','NCI','NLMSubSyn','SNOMEDCT_US'],[333/7],0,0)]),map(-733,[ev(-770,'C1457868','Worsened','Worse',[worsened],[fndg],[[[1,1],[1,1],0]],yes,no,['CHV','MTH','NCI','SNOMEDCT_US','SNOMEDCT_VET'],[307/8],0,0),ev(-770,'C1552607',previous,'Act Relationship Subset - previous',[previous],[tmco],[[[3,3],[1,1],0]],yes,no,['HL7V3.0','MTH'],[324/8],0,0),ev(-770,'C3274648','Control','True Control Status',[control],[qlco],[[[4,4],[1,1],0]],yes,no,['MTH','NCI'],[333/7],0,0)])]).
phrase('with diltiazem,',[prep([lexmatch([with]),inputmatch([with]),tag(prep),tokens([with])]),head([lexmatch([diltiazem]),inputmatch([diltiazem]),tag(noun),tokens([diltiazem])]),punc([inputmatch([',']),tokens([])])],341/15,[]).
candidates(1,0,0,1,[]).
mappings([map(-1000,[ev(-1000,'C0012373','Diltiazem','Diltiazem',[diltiazem],[orch,phsu],[[[1,1],[1,1],0]],yes,no,['MSH'],[346/9],0,0)])]).
phrase('hydrochlorothiazide,',[head([lexmatch([hydrochlorothiazide]),inputmatch([hydrochlorothiazide]),tag(noun),tokens([hydrochlorothiazide])]),punc([inputmatch([',']),tokens([])])],357/20,[]).
candidates(4,3,0,1,[]).
mappings([map(-1000,[ev(-1000,'C0020261','Hydrochlorothiazide','Hydrochlorothiazide',[hydrochlorothiazide],[orch,phsu],[[[1,1],[1,1],0]],yes,no,['MSH'],[357/19],0,0)])]).
phrase(and,[conj([lexmatch([and]),inputmatch([and]),tag(conj),tokens([and])])],378/3,[]).
candidates(0,0,0,0,[]).
mappings([]).
phrase('propranolol.',[head([lexmatch([propranolol]),inputmatch([propranolol]),tag(noun),tokens([propranolol])]),punc([inputmatch(['.']),tokens([])])],382/12,[]).
candidates(1,0,0,1,[]).
mappings([map(-1000,[ev(-1000,'C0033497','Propranolol','Propranolol',[propranolol],[orch,phsu],[[[1,1],[1,1],0]],yes,no,['MSH','MTH'],[382/11],0,0)])]).
'EOU'.
utterance('00000000.tx.6',"His is currently taking isosorbide dinitrate, hydrochlorothiazide, and aspirin. ",395/80,[]).
phrase('His',[pron([lexmatch([his]),inputmatch(['His']),tag(pron),tokens([his])])],395/3,[]).
candidates(0,0,0,0,[]).
mappings([]).
phrase(is,[aux([lexmatch([is]),inputmatch([is]),tag(aux),tokens([is])])],399/2,[]).
candidates(0,0,0,0,[]).
mappings([]).
phrase(currently,[adv([lexmatch([currently]),inputmatch([currently]),tag(adv),tokens([currently])])],402/9,[]).
candidates(1,0,0,1,[]).
mappings([map(-1000,[ev(-1000,'C0521116','Currently','Current (present time)',[currently],[tmco],[[[1,1],[1,1],0]],yes,no,['CHV','MTH','SNOMEDCT_US'],[402/9],0,0)])]).
phrase(taking,[verb([lexmatch([taking]),inputmatch([taking]),tag(verb),tokens([taking])])],412/6,[]).
candidates(1,0,0,1,[]).
mappings([map(-966,[ev(-966,'C1515187','Take','Take',[take],[hlca],[[[1,1],[1,1],1]],yes,no,['SNOMEDCT_US'],[412/6],0,0)])]).
phrase('isosorbide dinitrate,',[head([lexmatch(['isosorbide dinitrate']),inputmatch([isosorbide,dinitrate]),tag(noun),tokens([isosorbide,dinitrate])]),punc([inputmatch([',']),tokens([])])],419/21,[]).
candidates(4,2,0,2,[]).
mappings([map(-1000,[ev(-1000,'C0022252','Isosorbide Dinitrate','Isosorbide Dinitrate',[isosorbide,dinitrate],[orch,phsu],[[[1,2],[1,2],0]],yes,no,['CHV','MTH','SNOMEDCT_US'],[419/20],0,0)])]).
phrase('hydrochlorothiazide,',[head([lexmatch([hydrochlorothiazide]),inputmatch([hydrochlorothiazide]),tag(noun),tokens([hydrochlorothiazide])]),punc([inputmatch([',']),tokens([])])],441/20,[]).
candidates(4,3,0,1,[]).
mappings([map(-1000,[ev(-1000,'C0020261','Hydrochlorothiazide','Hydrochlorothiazide',[hydrochlorothiazide],[orch,phsu],[[[1,1],[1,1],0]],yes,no,['MSH'],[441/19],0,0)])]).
phrase(and,[conj([lexmatch([and]),inputmatch([and]),tag(conj),tokens([and])])],462/3,[]).
candidates(0,0,0,0,[]).
mappings([]).
phrase('aspirin.',[head([lexmatch([aspirin]),inputmatch([aspirin]),tag(noun),tokens([aspirin])]),punc([inputmatch(['.']),tokens([])])],466/8,[]).
candidates(2,1,0,1,[]).
mappings([map(-1000,[ev(-1000,'C0004057','Aspirin','Aspirin',[aspirin],[orch,phsu],[[[1,1],[1,1],0]],yes,no,['CHV','MSH','NCI','PDQ','SNOMEDCT_US'],[466/7],0,0)])]).
'EOU'.
utterance('00000000.tx.7',"On physical examination, his blood pressure is 151/91 mm Hg, and his pulse is 67/min. ",475/86,[]).
phrase('On physical examination,',[prep([lexmatch([on]),inputmatch(['On']),tag(prep),tokens([on])]),head([lexmatch(['physical examination']),inputmatch([physical,examination]),tag(noun),tokens([physical,examination])]),punc([inputmatch([',']),tokens([])])],475/24,[]).
candidates(4,0,0,4,[]).
mappings([map(-1000,[ev(-1000,'C0031809','Physical Examination','Physical Examination',[physical,examination],[hlca],[[[1,2],[1,2],0]],yes,no,['AIR','CHV','ICD9CM','MSH','MTH','NCI','NLMSubSyn','SNMI','SNOMEDCT_US'],[478/20],0,0)])]).
phrase('his blood pressure',[pron([lexmatch([his]),inputmatch([his]),tag(pron),tokens([his])]),head([lexmatch(['blood pressure']),inputmatch([blood,pressure]),tag(noun),tokens([blood,pressure])])],500/18,[]).
candidates(16,7,0,9,[]).
mappings([map(-1000,[ev(-1000,'C0005823','Blood Pressure','Blood Pressure',[blood,pressure],[orgf],[[[1,2],[1,2],0]],yes,no,['MTH','NLMSubSyn','SNOMEDCT_US'],[504/14],0,0)]),map(-1000,[ev(-1000,'C1271104','Blood Pressure','Blood pressure finding',[blood,pressure],[fndg],[[[1,2],[1,2],0]],yes,no,['MTH','NCI','NLMSubSyn'],[504/14],0,0)]),map(-1000,[ev(-1000,'C1272641','Blood pressure','Systemic arterial pressure',[blood,pressure],[fndg],[[[1,2],[1,2],0]],yes,no,['CHV','MSH','MTH','NLMSubSyn','SNOMEDCT_US'],[504/14],0,0)])]).
phrase(is,[aux([lexmatch([is]),inputmatch([is]),tag(aux),tokens([is])])],519/2,[]).
candidates(0,0,0,0,[]).
mappings([]).
phrase('151/91 mm Hg,',[shapes([inputmatch(['151',/,'91']),features([fraction]),tokens(['151','91'])]),head([lexmatch(['mm hg']),inputmatch([mm,'Hg']),tag(noun),tokens([mm,hg])]),punc([inputmatch([',']),tokens([])])],522/13,[]).
candidates(5,0,0,5,[]).
mappings([map(-861,[ev(-861,'C0439475',mmHg,mmHg,[mmhg],[qnco],[[[3,4],[1,1],0]],yes,no,['SNOMEDCT_US'],[529/5],0,0)])]).
phrase(and,[conj([lexmatch([and]),inputmatch([and]),tag(conj),tokens([and])])],536/3,[]).
candidates(0,0,0,0,[]).
mappings([]).
phrase('his pulse',[pron([lexmatch([his]),inputmatch([his]),tag(pron),tokens([his])]),head([lexmatch([pulse]),inputmatch([pulse]),tag(noun),tokens([pulse])])],540/9,[]).
candidates(4,1,0,3,[]).
mappings([map(-1000,[ev(-1000,'C0232117','PULSE','Pulse Rate',[pulse],[clna],[[[1,1],[1,1],0]],yes,no,['MSH','MTH','NCI','SNOMEDCT_US'],[544/5],0,0)]),map(-1000,[ev(-1000,'C0391850','Pulse','Physiologic pulse',[pulse],[phsf],[[[1,1],[1,1],0]],yes,no,['MTH','NCI','SNMI','SNOMEDCT_US'],[544/5],0,0)]),map(-1000,[ev(-1000,'C1947910','Pulse','Pulse phenomenon',[pulse],[phpr],[[[1,1],[1,1],0]],yes,no,['MTH','NCI'],[544/5],0,0)])]).
phrase(is,[aux([lexmatch([is]),inputmatch([is]),tag(aux),tokens([is])])],550/2,[]).
candidates(0,0,0,0,[]).
mappings([]).
phrase('67/min.',[shapes([inputmatch(['67']),features([integer]),tokens(['67'])]),punc([inputmatch([/]),tokens([])]),head([lexmatch([min]),inputmatch([min]),tag(noun),tokens([min])]),punc([inputmatch(['.']),tokens([])])],553/7,[]).
candidates(1,0,0,1,[]).
mappings([map(-861,[ev(-861,'C0702093','/min','/minute',[min],[tmco],[[[2,2],[1,1],0]],yes,no,['NCI','NLMSubSyn','SNOMEDCT_US'],[556/3],0,0)])]).
'EOU'.
utterance('00000000.tx.8',"There is a right carotid bruit. ",561/32,[]).
phrase('There',[adv([lexmatch([there]),inputmatch(['There']),tag(adv),tokens([there])])],561/5,[]).
candidates(0,0,0,0,[]).
mappings([]).
phrase(is,[aux([lexmatch([is]),inputmatch([is]),tag(aux),tokens([is])])],567/2,[]).
candidates(0,0,0,0,[]).
mappings([]).
phrase('a right carotid bruit.',[det([lexmatch([a]),inputmatch([a]),tag(det),tokens([a])]),mod([lexmatch([right]),inputmatch([right]),tag(adj),tokens([right])]),mod([lexmatch([carotid]),inputmatch([carotid]),tag(adj),tokens([carotid])]),head([lexmatch([bruit]),inputmatch([bruit]),tag(noun),tokens([bruit])]),punc([inputmatch(['.']),tokens([])])],570/22,[]).
candidates(4,0,0,4,[]).
mappings([map(-901,[ev(-660,'C0205090','Right','Right',[right],[spco],[[[1,1],[1,1],0]],no,no,['CHV','LNC','MTH','SNOMEDCT_US'],[572/5],0,0),ev(-901,'C0007280','Carotid bruit','Carotid bruit',[carotid,bruit],[fndg],[[[2,2],[1,1],0],[[3,3],[2,2],0]],yes,no,['CHV','DXP','MTH'],[578/13],0,0)])]).
'EOU'.
utterance('00000000.tx.9',"His lower extremities are slightly cool to the touch and have diminished pulses at the dorsalis pedis. ",593/103,[695]).
phrase('His lower extremities',[pron([lexmatch([his]),inputmatch(['His']),tag(pron),tokens([his])]),head([lexmatch(['lower extremities']),inputmatch([lower,extremities]),tag(noun),tokens([lower,extremities])])],593/21,[]).
candidates(12,6,0,6,[]).
mappings([map(-1000,[ev(-1000,'C0023216','LOWER EXTREMITIES','Lower Extremity',[lower,extremities],[blor],[[[1,2],[1,2],0]],yes,no,['FMA','ICF','MSH','MTH','SNMI','SNOMEDCT_US','SNOMEDCT_VET'],[597/17],0,0)])]).
phrase(are,[aux([lexmatch([are]),inputmatch([are]),tag(aux),tokens([are])])],615/3,[]).
candidates(0,0,0,0,[]).
mappings([]).
phrase('slightly cool to the touch',[adv([lexmatch([slightly]),inputmatch([slightly]),tag(adv),tokens([slightly])]),head([lexmatch([cool]),inputmatch([cool]),tag(noun),tokens([cool])]),prep([lexmatch([to]),inputmatch([to]),tag(prep),tokens([to])]),det([lexmatch([the]),inputmatch([the]),tag(det),tokens([the])]),mod([lexmatch([touch]),inputmatch([touch]),tag(noun),tokens([touch])])],619/26,[]).
candidates(6,1,0,5,[]).
mappings([map(-696,[ev(-593,'C0750482','Slightly','Slightly',[slightly],[idcn],[[[1,1],[1,1],0]],no,no,['SNOMEDCT_US'],[619/8],0,0),ev(-760,'C1548792','Cool','Cool',[cool],[qlco],[[[2,2],[1,1],0]],yes,no,['HL7V2.5'],[628/4],0,0),ev(-593,'C0152054','Touch','Therapeutic tactile stimulation',[touch],[topp],[[[5,5],[1,1],0]],no,no,['CHV','MSH','MTH','PDQ','SNOMEDCT_US'],[640/5],0,0)]),map(-696,[ev(-593,'C0750482','Slightly','Slightly',[slightly],[idcn],[[[1,1],[1,1],0]],no,no,['SNOMEDCT_US'],[619/8],0,0),ev(-760,'C1548792','Cool','Cool',[cool],[qlco],[[[2,2],[1,1],0]],yes,no,['HL7V2.5'],[628/4],0,0),ev(-593,'C0439815','Touch','Tactile',[touch],[qlco],[[[5,5],[1,1],0]],no,no,['CHV','MTH','SNOMEDCT_US'],[640/5],0,0)]),map(-696,[ev(-593,'C0750482','Slightly','Slightly',[slightly],[idcn],[[[1,1],[1,1],0]],no,no,['SNOMEDCT_US'],[619/8],0,0),ev(-760,'C1548792','Cool','Cool',[cool],[qlco],[[[2,2],[1,1],0]],yes,no,['HL7V2.5'],[628/4],0,0),ev(-593,'C0702221','Touch','Touch sensation',[touch],[ortf],[[[5,5],[1,1],0]],no,no,['AOD','CHV','GO','MSH','MTH','NLMSubSyn','SNOMEDCT_US'],[640/5],0,0)])]).
phrase(and,[conj([lexmatch([and]),inputmatch([and]),tag(conj),tokens([and])])],646/3,[]).
candidates(0,0,0,0,[]).
mappings([]).
phrase(have,[aux([lexmatch([have]),inputmatch([have]),tag(aux),tokens([have])])],650/4,[]).
candidates(0,0,0,0,[]).
mappings([]).
phrase('diminished pulses at the dorsalis pedis.',[mod([lexmatch([diminished]),inputmatch([diminished]),tag(adj),tokens([diminished])]),head([lexmatch([pulses]),inputmatch([pulses]),tag(noun),tokens([pulses])]),prep([lexmatch([at]),inputmatch([at]),tag(prep),tokens([at])]),det([lexmatch([the]),inputmatch([the]),tag(det),tokens([the])]),mod([lexmatch([dorsalis]),inputmatch([dorsalis]),tag(adj),tokens([dorsalis])]),mod([lexmatch([pedis]),inputmatch([pedis]),tag(noun),tokens([pedis])]),punc([inputmatch(['.']),tokens([])])],655/40,[]).
candidates(9,4,0,5,[]).
mappings([map(-790,[ev(-790,'C2230138','diminished pulses','Pulse slow (finding)',[diminished,pulses],[fndg],[[[1,1],[1,1],0],[[2,2],[2,2],0]],yes,no,['AOD','NLMSubSyn','SNMI','SNOMEDCT_US'],[655/17],0,0)])]).
'EOU'.
utterance('00000000.tx.10',"72-year-old man with calf pain while walking uphill. ",696/53,[]).
phrase('72-year-old man with calf pain',[shapes([inputmatch(['72']),features([integer]),tokens(['72'])]),punc([inputmatch([-]),tokens([])]),mod([lexmatch([year]),inputmatch([year]),tag(noun),tokens([year])]),punc([inputmatch([-]),tokens([])]),mod([lexmatch([old]),inputmatch([old]),tag(noun),tokens([old])]),head([lexmatch([man]),inputmatch([man]),tag(noun),tokens([man])]),prep([lexmatch([with]),inputmatch([with]),tag(prep),tokens([with])]),mod([lexmatch([calf]),inputmatch([calf]),tag(noun),tokens([calf])]),mod([lexmatch([pain]),inputmatch([pain]),tag(noun),tokens([pain])])],696/30,[]).
candidates(13,1,0,12,[]).
mappings([map(-710,[ev(-581,'C0439234',year,year,[year],[tmco],[[[2,2],[1,1],0]],no,no,['MTH','NCI','SNOMEDCT_US'],[699/4],0,0),ev(-581,'C0580836','Old','Old',[old],[tmco],[[[3,3],[1,1],0]],no,no,['MTH'],[704/3],0,0),ev(-748,'C0024554','MAN','Male gender',[man],[orga],[[[4,4],[1,1],0]],yes,no,['CHV','DXP','MSH','MTH','NCI','NLMSubSyn','QMR','SNOMEDCT_US'],[708/3],0,0),ev(-612,'C0236040','Calf pain','Pain in calf',[calf,pain],[sosy],[[[6,6],[1,1],0],[[7,7],[2,2],0]],no,no,['CHV','SNOMEDCT_US'],[717/9],0,0)]),map(-710,[ev(-581,'C0439234',year,year,[year],[tmco],[[[2,2],[1,1],0]],no,no,['MTH','NCI','SNOMEDCT_US'],[699/4],0,0),ev(-581,'C0580836','Old','Old',[old],[tmco],[[[3,3],[1,1],0]],no,no,['MTH'],[704/3],0,0),ev(-748,'C0025266','Man','Male population group',[man],[popg],[[[4,4],[1,1],0]],yes,no,['MSH','MTH','NCI','NLMSubSyn','SNOMEDCT_US'],[708/3],0,0),ev(-612,'C0236040','Calf pain','Pain in calf',[calf,pain],[sosy],[[[6,6],[1,1],0],[[7,7],[2,2],0]],no,no,['CHV','SNOMEDCT_US'],[717/9],0,0)]),map(-710,[ev(-581,'C0439234',year,year,[year],[tmco],[[[2,2],[1,1],0]],no,no,['MTH','NCI','SNOMEDCT_US'],[699/4],0,0),ev(-581,'C0580836','Old','Old',[old],[tmco],[[[3,3],[1,1],0]],no,no,['MTH'],[704/3],0,0),ev(-748,'C0086418','Man','Homo sapiens',[man],[humn],[[[4,4],[1,1],0]],yes,no,['MSH','MTH','NCI','SNMI','SNOMEDCT_US','SNOMEDCT_VET'],[708/3],0,0),ev(-612,'C0236040','Calf pain','Pain in calf',[calf,pain],[sosy],[[[6,6],[1,1],0],[[7,7],[2,2],0]],no,no,['CHV','SNOMEDCT_US'],[717/9],0,0)]),map(-710,[ev(-581,'C0439508','/year','per year',[year],[tmco],[[[2,2],[1,1],0]],no,no,['CHV','MTH','NCI','SNOMEDCT_US'],[699/4],0,0),ev(-581,'C0580836','Old','Old',[old],[tmco],[[[3,3],[1,1],0]],no,no,['MTH'],[704/3],0,0),ev(-748,'C0024554','MAN','Male gender',[man],[orga],[[[4,4],[1,1],0]],yes,no,['CHV','DXP','MSH','MTH','NCI','NLMSubSyn','QMR','SNOMEDCT_US'],[708/3],0,0),ev(-612,'C0236040','Calf pain','Pain in calf',[calf,pain],[sosy],[[[6,6],[1,1],0],[[7,7],[2,2],0]],no,no,['CHV','SNOMEDCT_US'],[717/9],0,0)]),map(-710,[ev(-581,'C0439508','/year','per year',[year],[tmco],[[[2,2],[1,1],0]],no,no,['CHV','MTH','NCI','SNOMEDCT_US'],[699/4],0,0),ev(-581,'C0580836','Old','Old',[old],[tmco],[[[3,3],[1,1],0]],no,no,['MTH'],[704/3],0,0),ev(-748,'C0025266','Man','Male population group',[man],[popg],[[[4,4],[1,1],0]],yes,no,['MSH','MTH','NCI','NLMSubSyn','SNOMEDCT_US'],[708/3],0,0),ev(-612,'C0236040','Calf pain','Pain in calf',[calf,pain],[sosy],[[[6,6],[1,1],0],[[7,7],[2,2],0]],no,no,['CHV','SNOMEDCT_US'],[717/9],0,0)]),map(-710,[ev(-581,'C0439508','/year','per year',[year],[tmco],[[[2,2],[1,1],0]],no,no,['CHV','MTH','NCI','SNOMEDCT_US'],[699/4],0,0),ev(-581,'C0580836','Old','Old',[old],[tmco],[[[3,3],[1,1],0]],no,no,['MTH'],[704/3],0,0),ev(-748,'C0086418','Man','Homo sapiens',[man],[humn],[[[4,4],[1,1],0]],yes,no,['MSH','MTH','NCI','SNMI','SNOMEDCT_US','SNOMEDCT_VET'],[708/3],0,0),ev(-612,'C0236040','Calf pain','Pain in calf',[calf,pain],[sosy],[[[6,6],[1,1],0],[[7,7],[2,2],0]],no,no,['CHV','SNOMEDCT_US'],[717/9],0,0)])]).
phrase(while,[conj([lexmatch([while]),inputmatch([while]),tag(conj),tokens([while])])],727/5,[]).
candidates(0,0,0,0,[]).
mappings([]).
phrase(walking,[verb([lexmatch([walking]),inputmatch([walking]),tag(verb),tokens([walking])])],733/7,[]).
candidates(1,0,0,1,[]).
mappings([map(-1000,[ev(-1000,'C0080331','Walking','Walking (activity)',[walking],[dora],[[[1,1],[1,1],0]],yes,no,['MSH','MTH','NCI'],[733/7],0,0)])]).
phrase('uphill.',[adv([lexmatch([uphill]),inputmatch([uphill]),tag(adv),tokens([uphill])]),punc([inputmatch(['.']),tokens([])])],741/7,[]).
candidates(0,0,0,0,[]).
mappings([]).
'EOU'.
utterance('00000000.tx.11',"History of ischemic heart disease and worsening hypertension despite medication compliance. ",749/92,[]).
phrase('History of ischemic heart disease',[head([lexmatch([history]),inputmatch(['History']),tag(noun),tokens([history])]),prep([lexmatch([of]),inputmatch([of]),tag(prep),tokens([of])]),mod([lexmatch(['ischemic heart disease']),inputmatch([ischemic,heart,disease]),tag(noun),tokens([ischemic,heart,disease])])],749/33,[]).
candidates(22,5,0,17,[]).
mappings([map(-875,[ev(-844,'C0683519','history of disease','disease history',[history,of,disease],[fndg],[[[1,1],[1,1],0],[[2,2],[2,2],0],[[5,5],[3,3],0]],yes,no,['AOD','CHV','LNC','NLMSubSyn'],[749/10,775/7],0,0),ev(-593,'C0475224','Ischaemic','Ischemic',[ischaemic],[ftcn],[[[3,3],[1,1],0]],no,no,['MTH','SNOMEDCT_US'],[760/8],0,0),ev(-593,'C0018787','Heart','Heart',[heart],[bpoc],[[[4,4],[1,1],0]],no,no,['CSP','FMA','MSH','MTH','SNMI','SNOMEDCT_US'],[769/5],0,0)]),map(-875,[ev(-844,'C0683519','history of disease','disease history',[history,of,disease],[fndg],[[[1,1],[1,1],0],[[2,2],[2,2],0],[[5,5],[3,3],0]],yes,no,['AOD','CHV','LNC','NLMSubSyn'],[749/10,775/7],0,0),ev(-593,'C0475224','Ischaemic','Ischemic',[ischaemic],[ftcn],[[[3,3],[1,1],0]],no,no,['MTH','SNOMEDCT_US'],[760/8],0,0),ev(-593,'C1281570','Heart','Entire heart',[heart],[bpoc],[[[4,4],[1,1],0]],no,no,['MTH','NLMSubSyn','SNOMEDCT_US'],[769/5],0,0)]),map(-875,[ev(-844,'C0730226','history of disease','H/O: Disorder',[history,of,disease],[fndg],[[[1,1],[1,1],0],[[2,2],[2,2],0],[[5,5],[3,3],0]],yes,no,['NLMSubSyn','SNOMEDCT_US'],[749/10,775/7],0,0),ev(-593,'C0475224','Ischaemic','Ischemic',[ischaemic],[ftcn],[[[3,3],[1,1],0]],no,no,['MTH','SNOMEDCT_US'],[760/8],0,0),ev(-593,'C0018787','Heart','Heart',[heart],[bpoc],[[[4,4],[1,1],0]],no,no,['CSP','FMA','MSH','MTH','SNMI','SNOMEDCT_US'],[769/5],0,0)]),map(-875,[ev(-844,'C0730226','history of disease','H/O: Disorder',[history,of,disease],[fndg],[[[1,1],[1,1],0],[[2,2],[2,2],0],[[5,5],[3,3],0]],yes,no,['NLMSubSyn','SNOMEDCT_US'],[749/10,775/7],0,0),ev(-593,'C0475224','Ischaemic','Ischemic',[ischaemic],[ftcn],[[[3,3],[1,1],0]],no,no,['MTH','SNOMEDCT_US'],[760/8],0,0),ev(-593,'C1281570','Heart','Entire heart',[heart],[bpoc],[[[4,4],[1,1],0]],no,no,['MTH','NLMSubSyn','SNOMEDCT_US'],[769/5],0,0)]),map(-875,[ev(-844,'C0944983','history of disease','History of symptoms & diseases:Finding:Point in time:^Patient:Nominal:Observed',[history,of,disease],[clna],[[[1,1],[1,1],0],[[2,2],[2,2],0],[[5,5],[3,3],0]],yes,no,['LNC','NLMSubSyn'],[749/10,775/7],0,0),ev(-593,'C0475224','Ischaemic','Ischemic',[ischaemic],[ftcn],[[[3,3],[1,1],0]],no,no,['MTH','SNOMEDCT_US'],[760/8],0,0),ev(-593,'C0018787','Heart','Heart',[heart],[bpoc],[[[4,4],[1,1],0]],no,no,['CSP','FMA','MSH','MTH','SNMI','SNOMEDCT_US'],[769/5],0,0)]),map(-875,[ev(-844,'C0944983','history of disease','History of symptoms & diseases:Finding:Point in time:^Patient:Nominal:Observed',[history,of,disease],[clna],[[[1,1],[1,1],0],[[2,2],[2,2],0],[[5,5],[3,3],0]],yes,no,['LNC','NLMSubSyn'],[749/10,775/7],0,0),ev(-593,'C0475224','Ischaemic','Ischemic',[ischaemic],[ftcn],[[[3,3],[1,1],0]],no,no,['MTH','SNOMEDCT_US'],[760/8],0,0),ev(-593,'C1281570','Heart','Entire heart',[heart],[bpoc],[[[4,4],[1,1],0]],no,no,['MTH','NLMSubSyn','SNOMEDCT_US'],[769/5],0,0)])]).
phrase(and,[conj([lexmatch([and]),inputmatch([and]),tag(conj),tokens([and])])],783/3,[]).
candidates(0,0,0,0,[]).
mappings([]).
phrase('worsening hypertension despite medication compliance.',[mod([lexmatch([worsening]),inputmatch([worsening]),tag(adj),tokens([worsening])]),head([lexmatch([hypertension]),inputmatch([hypertension]),tag(noun),tokens([hypertension])]),prep([lexmatch([despite]),inputmatch([despite]),tag(prep),tokens([despite])]),mod([lexmatch([medication]),inputmatch([medication]),tag(noun),tokens([medication])]),mod([lexmatch([compliance]),inputmatch([compliance]),tag(noun),tokens([compliance])]),punc([inputmatch(['.']),tokens([])])],787/53,[]).
candidates(15,2,0,13,[]).
mappings([map(-752,[ev(-593,'C0332271','Worsening','Worsening pattern',[worsening],[qlco],[[[1,1],[1,1],0]],no,no,['CHV','MTH','NLMSubSyn','SNOMEDCT_US','SNOMEDCT_VET'],[787/9],0,0),ev(-797,'C0684167','hypertension medication','hypertensive medication',[hypertension,medication],[phsu],[[[2,2],[1,1],0],[[4,4],[2,2],0]],yes,no,['AOD','CHV','NLMSubSyn'],[797/12,818/10],0,0),ev(-593,'C0009563','Compliance','Biomechanical compliance',[compliance],[qnco],[[[5,5],[1,1],0]],no,no,['MSH','MTH','NCI'],[829/10],0,0)]),map(-752,[ev(-593,'C0332271','Worsening','Worsening pattern',[worsening],[qlco],[[[1,1],[1,1],0]],no,no,['CHV','MTH','NLMSubSyn','SNOMEDCT_US','SNOMEDCT_VET'],[787/9],0,0),ev(-797,'C0684167','hypertension medication','hypertensive medication',[hypertension,medication],[phsu],[[[2,2],[1,1],0],[[4,4],[2,2],0]],yes,no,['AOD','CHV','NLMSubSyn'],[797/12,818/10],0,0),ev(-593,'C1321605','Compliance','Compliance behavior',[compliance],[inbe],[[[5,5],[1,1],0]],no,no,['AOD','CHV','CSP','MSH','MTH','NCI','NLMSubSyn','SNOMEDCT_US'],[829/10],0,0)]),map(-752,[ev(-593,'C0332271','Worsening','Worsening pattern',[worsening],[qlco],[[[1,1],[1,1],0]],no,no,['CHV','MTH','NLMSubSyn','SNOMEDCT_US','SNOMEDCT_VET'],[787/9],0,0),ev(-797,'C0684167','hypertension medication','hypertensive medication',[hypertension,medication],[phsu],[[[2,2],[1,1],0],[[4,4],[2,2],0]],yes,no,['AOD','CHV','NLMSubSyn'],[797/12,818/10],0,0),ev(-593,'C3244300',compliance,'Operational Compliance',[compliance],[acty],[[[5,5],[1,1],0]],no,no,['HL7V3.0','MTH'],[829/10],0,0)]),map(-752,[ev(-593,'C0332271','Worsening','Worsening pattern',[worsening],[qlco],[[[1,1],[1,1],0]],no,no,['CHV','MTH','NLMSubSyn','SNOMEDCT_US','SNOMEDCT_VET'],[787/9],0,0),ev(-760,'C0020538','Hypertension','Hypertensive disease',[hypertension],[dsyn],[[[2,2],[1,1],0]],yes,no,['AOD','MSH','MTH','NCI','NLMSubSyn','OMIM','SNM','SNMI','SNOMEDCT_US'],[797/12],0,0),ev(-640,'C2364172','Medication compliance','Adherence To Medication Regime',[medication,compliance],[fndg],[[[4,4],[1,1],0],[[5,5],[2,2],0]],no,no,['MSH','MTH','NLMSubSyn','SNOMEDCT_US'],[818/21],0,0)]),map(-752,[ev(-593,'C0332271','Worsening','Worsening pattern',[worsening],[qlco],[[[1,1],[1,1],0]],no,no,['CHV','MTH','NLMSubSyn','SNOMEDCT_US','SNOMEDCT_VET'],[787/9],0,0),ev(-760,'C0020538','Hypertension','Hypertensive disease',[hypertension],[dsyn],[[[2,2],[1,1],0]],yes,no,['AOD','MSH','MTH','NCI','NLMSubSyn','OMIM','SNM','SNMI','SNOMEDCT_US'],[797/12],0,0),ev(-640,'C3489773','Medication Compliance','Medication Compliance',[medication,compliance],[inbe],[[[4,4],[1,1],0],[[5,5],[2,2],0]],no,no,['MSH','MTH','NLMSubSyn'],[818/21],0,0)]),map(-752,[ev(-593,'C0332271','Worsening','Worsening pattern',[worsening],[qlco],[[[1,1],[1,1],0]],no,no,['CHV','MTH','NLMSubSyn','SNOMEDCT_US','SNOMEDCT_VET'],[787/9],0,0),ev(-760,'C1963138','Hypertension','Hypertension Adverse Event',[hypertension],[fndg],[[[2,2],[1,1],0]],yes,no,['MTH','NCI'],[797/12],0,0),ev(-640,'C2364172','Medication compliance','Adherence To Medication Regime',[medication,compliance],[fndg],[[[4,4],[1,1],0],[[5,5],[2,2],0]],no,no,['MSH','MTH','NLMSubSyn','SNOMEDCT_US'],[818/21],0,0)]),map(-752,[ev(-593,'C0332271','Worsening','Worsening pattern',[worsening],[qlco],[[[1,1],[1,1],0]],no,no,['CHV','MTH','NLMSubSyn','SNOMEDCT_US','SNOMEDCT_VET'],[787/9],0,0),ev(-760,'C1963138','Hypertension','Hypertension Adverse Event',[hypertension],[fndg],[[[2,2],[1,1],0]],yes,no,['MTH','NCI'],[797/12],0,0),ev(-640,'C3489773','Medication Compliance','Medication Compliance',[medication,compliance],[inbe],[[[4,4],[1,1],0],[[5,5],[2,2],0]],no,no,['MSH','MTH','NLMSubSyn'],[818/21],0,0)]),map(-752,[ev(-593,'C1457868','Worsening','Worse',[worsening],[fndg],[[[1,1],[1,1],0]],no,no,['CHV','MTH','NCI','SNOMEDCT_US','SNOMEDCT_VET'],[787/9],0,0),ev(-797,'C0684167','hypertension medication','hypertensive medication',[hypertension,medication],[phsu],[[[2,2],[1,1],0],[[4,4],[2,2],0]],yes,no,['AOD','CHV','NLMSubSyn'],[797/12,818/10],0,0),ev(-593,'C0009563','Compliance','Biomechanical compliance',[compliance],[qnco],[[[5,5],[1,1],0]],no,no,['MSH','MTH','NCI'],[829/10],0,0)]),map(-752,[ev(-593,'C1457868','Worsening','Worse',[worsening],[fndg],[[[1,1],[1,1],0]],no,no,['CHV','MTH','NCI','SNOMEDCT_US','SNOMEDCT_VET'],[787/9],0,0),ev(-797,'C0684167','hypertension medication','hypertensive medication',[hypertension,medication],[phsu],[[[2,2],[1,1],0],[[4,4],[2,2],0]],yes,no,['AOD','CHV','NLMSubSyn'],[797/12,818/10],0,0),ev(-593,'C1321605','Compliance','Compliance behavior',[compliance],[inbe],[[[5,5],[1,1],0]],no,no,['AOD','CHV','CSP','MSH','MTH','NCI','NLMSubSyn','SNOMEDCT_US'],[829/10],0,0)]),map(-752,[ev(-593,'C1457868','Worsening','Worse',[worsening],[fndg],[[[1,1],[1,1],0]],no,no,['CHV','MTH','NCI','SNOMEDCT_US','SNOMEDCT_VET'],[787/9],0,0),ev(-797,'C0684167','hypertension medication','hypertensive medication',[hypertension,medication],[phsu],[[[2,2],[1,1],0],[[4,4],[2,2],0]],yes,no,['AOD','CHV','NLMSubSyn'],[797/12,818/10],0,0),ev(-593,'C3244300',compliance,'Operational Compliance',[compliance],[acty],[[[5,5],[1,1],0]],no,no,['HL7V3.0','MTH'],[829/10],0,0)]),map(-752,[ev(-593,'C1457868','Worsening','Worse',[worsening],[fndg],[[[1,1],[1,1],0]],no,no,['CHV','MTH','NCI','SNOMEDCT_US','SNOMEDCT_VET'],[787/9],0,0),ev(-760,'C0020538','Hypertension','Hypertensive disease',[hypertension],[dsyn],[[[2,2],[1,1],0]],yes,no,['AOD','MSH','MTH','NCI','NLMSubSyn','OMIM','SNM','SNMI','SNOMEDCT_US'],[797/12],0,0),ev(-640,'C2364172','Medication compliance','Adherence To Medication Regime',[medication,compliance],[fndg],[[[4,4],[1,1],0],[[5,5],[2,2],0]],no,no,['MSH','MTH','NLMSubSyn','SNOMEDCT_US'],[818/21],0,0)]),map(-752,[ev(-593,'C1457868','Worsening','Worse',[worsening],[fndg],[[[1,1],[1,1],0]],no,no,['CHV','MTH','NCI','SNOMEDCT_US','SNOMEDCT_VET'],[787/9],0,0),ev(-760,'C0020538','Hypertension','Hypertensive disease',[hypertension],[dsyn],[[[2,2],[1,1],0]],yes,no,['AOD','MSH','MTH','NCI','NLMSubSyn','OMIM','SNM','SNMI','SNOMEDCT_US'],[797/12],0,0),ev(-640,'C3489773','Medication Compliance','Medication Compliance',[medication,compliance],[inbe],[[[4,4],[1,1],0],[[5,5],[2,2],0]],no,no,['MSH','MTH','NLMSubSyn'],[818/21],0,0)]),map(-752,[ev(-593,'C1457868','Worsening','Worse',[worsening],[fndg],[[[1,1],[1,1],0]],no,no,['CHV','MTH','NCI','SNOMEDCT_US','SNOMEDCT_VET'],[787/9],0,0),ev(-760,'C1963138','Hypertension','Hypertension Adverse Event',[hypertension],[fndg],[[[2,2],[1,1],0]],yes,no,['MTH','NCI'],[797/12],0,0),ev(-640,'C2364172','Medication compliance','Adherence To Medication Regime',[medication,compliance],[fndg],[[[4,4],[1,1],0],[[5,5],[2,2],0]],no,no,['MSH','MTH','NLMSubSyn','SNOMEDCT_US'],[818/21],0,0)]),map(-752,[ev(-593,'C1457868','Worsening','Worse',[worsening],[fndg],[[[1,1],[1,1],0]],no,no,['CHV','MTH','NCI','SNOMEDCT_US','SNOMEDCT_VET'],[787/9],0,0),ev(-760,'C1963138','Hypertension','Hypertension Adverse Event',[hypertension],[fndg],[[[2,2],[1,1],0]],yes,no,['MTH','NCI'],[797/12],0,0),ev(-640,'C3489773','Medication Compliance','Medication Compliance',[medication,compliance],[inbe],[[[4,4],[1,1],0],[[5,5],[2,2],0]],no,no,['MSH','MTH','NLMSubSyn'],[818/21],0,0)]),map(-752,[ev(-593,'C1546960','Worsening','Patient Outcome - Worsening',[worsening],[idcn],[[[1,1],[1,1],0]],no,no,['HL7V2.5','MTH'],[787/9],0,0),ev(-797,'C0684167','hypertension medication','hypertensive medication',[hypertension,medication],[phsu],[[[2,2],[1,1],0],[[4,4],[2,2],0]],yes,no,['AOD','CHV','NLMSubSyn'],[797/12,818/10],0,0),ev(-593,'C0009563','Compliance','Biomechanical compliance',[compliance],[qnco],[[[5,5],[1,1],0]],no,no,['MSH','MTH','NCI'],[829/10],0,0)]),map(-752,[ev(-593,'C1546960','Worsening','Patient Outcome - Worsening',[worsening],[idcn],[[[1,1],[1,1],0]],no,no,['HL7V2.5','MTH'],[787/9],0,0),ev(-797,'C0684167','hypertension medication','hypertensive medication',[hypertension,medication],[phsu],[[[2,2],[1,1],0],[[4,4],[2,2],0]],yes,no,['AOD','CHV','NLMSubSyn'],[797/12,818/10],0,0),ev(-593,'C1321605','Compliance','Compliance behavior',[compliance],[inbe],[[[5,5],[1,1],0]],no,no,['AOD','CHV','CSP','MSH','MTH','NCI','NLMSubSyn','SNOMEDCT_US'],[829/10],0,0)]),map(-752,[ev(-593,'C1546960','Worsening','Patient Outcome - Worsening',[worsening],[idcn],[[[1,1],[1,1],0]],no,no,['HL7V2.5','MTH'],[787/9],0,0),ev(-797,'C0684167','hypertension medication','hypertensive medication',[hypertension,medication],[phsu],[[[2,2],[1,1],0],[[4,4],[2,2],0]],yes,no,['AOD','CHV','NLMSubSyn'],[797/12,818/10],0,0),ev(-593,'C3244300',compliance,'Operational Compliance',[compliance],[acty],[[[5,5],[1,1],0]],no,no,['HL7V3.0','MTH'],[829/10],0,0)]),map(-752,[ev(-593,'C1546960','Worsening','Patient Outcome - Worsening',[worsening],[idcn],[[[1,1],[1,1],0]],no,no,['HL7V2.5','MTH'],[787/9],0,0),ev(-760,'C0020538','Hypertension','Hypertensive disease',[hypertension],[dsyn],[[[2,2],[1,1],0]],yes,no,['AOD','MSH','MTH','NCI','NLMSubSyn','OMIM','SNM','SNMI','SNOMEDCT_US'],[797/12],0,0),ev(-640,'C2364172','Medication compliance','Adherence To Medication Regime',[medication,compliance],[fndg],[[[4,4],[1,1],0],[[5,5],[2,2],0]],no,no,['MSH','MTH','NLMSubSyn','SNOMEDCT_US'],[818/21],0,0)]),map(-752,[ev(-593,'C1546960','Worsening','Patient Outcome - Worsening',[worsening],[idcn],[[[1,1],[1,1],0]],no,no,['HL7V2.5','MTH'],[787/9],0,0),ev(-760,'C0020538','Hypertension','Hypertensive disease',[hypertension],[dsyn],[[[2,2],[1,1],0]],yes,no,['AOD','MSH','MTH','NCI','NLMSubSyn','OMIM','SNM','SNMI','SNOMEDCT_US'],[797/12],0,0),ev(-640,'C3489773','Medication Compliance','Medication Compliance',[medication,compliance],[inbe],[[[4,4],[1,1],0],[[5,5],[2,2],0]],no,no,['MSH','MTH','NLMSubSyn'],[818/21],0,0)]),map(-752,[ev(-593,'C1546960','Worsening','Patient Outcome - Worsening',[worsening],[idcn],[[[1,1],[1,1],0]],no,no,['HL7V2.5','MTH'],[787/9],0,0),ev(-760,'C1963138','Hypertension','Hypertension Adverse Event',[hypertension],[fndg],[[[2,2],[1,1],0]],yes,no,['MTH','NCI'],[797/12],0,0),ev(-640,'C2364172','Medication compliance','Adherence To Medication Regime',[medication,compliance],[fndg],[[[4,4],[1,1],0],[[5,5],[2,2],0]],no,no,['MSH','MTH','NLMSubSyn','SNOMEDCT_US'],[818/21],0,0)]),map(-752,[ev(-593,'C1546960','Worsening','Patient Outcome - Worsening',[worsening],[idcn],[[[1,1],[1,1],0]],no,no,['HL7V2.5','MTH'],[787/9],0,0),ev(-760,'C1963138','Hypertension','Hypertension Adverse Event',[hypertension],[fndg],[[[2,2],[1,1],0]],yes,no,['MTH','NCI'],[797/12],0,0),ev(-640,'C3489773','Medication Compliance','Medication Compliance',[medication,compliance],[inbe],[[[4,4],[1,1],0],[[5,5],[2,2],0]],no,no,['MSH','MTH','NLMSubSyn'],[818/21],0,0)])]).
'EOU'.
utterance('00000000.tx.12',"On physical exam he has a right carotid bruit and his lower extremities are cool, with diminished dorsalis pedis pulses.",841/120,[]).
phrase('On physical exam',[prep([lexmatch([on]),inputmatch(['On']),tag(prep),tokens([on])]),mod([lexmatch([physical]),inputmatch([physical]),tag(adj),tokens([physical])]),head([lexmatch([exam]),inputmatch([exam]),tag(noun),tokens([exam])])],841/16,[]).
candidates(6,0,0,6,[]).
mappings([map(-1000,[ev(-1000,'C0031809','Physical Exam','Physical Examination',[physical,exam],[hlca],[[[1,1],[1,1],0],[[2,2],[2,2],0]],yes,no,['AIR','CHV','ICD9CM','MSH','MTH','NCI','NLMSubSyn','SNMI','SNOMEDCT_US'],[844/13],0,0)]),map(-1000,[ev(-1000,'C1744699','Physical Exam','Physical Exam Domain',[physical,exam],[idcn],[[[1,1],[1,1],0],[[2,2],[2,2],0]],yes,no,['MTH','NCI','NLMSubSyn'],[844/13],0,0)])]).
phrase(he,[pron([lexmatch([he]),inputmatch([he]),tag(pron),tokens([he])])],858/2,[]).
candidates(0,0,0,0,[]).
mappings([]).
phrase(has,[aux([lexmatch([has]),inputmatch([has]),tag(aux),tokens([has])])],861/3,[]).
candidates(0,0,0,0,[]).
mappings([]).
phrase('a right carotid bruit',[det([lexmatch([a]),inputmatch([a]),tag(det),tokens([a])]),mod([lexmatch([right]),inputmatch([right]),tag(adj),tokens([right])]),mod([lexmatch([carotid]),inputmatch([carotid]),tag(adj),tokens([carotid])]),head([lexmatch([bruit]),inputmatch([bruit]),tag(noun),tokens([bruit])])],865/21,[]).
candidates(4,0,0,4,[]).
mappings([map(-901,[ev(-660,'C0205090','Right','Right',[right],[spco],[[[1,1],[1,1],0]],no,no,['CHV','LNC','MTH','SNOMEDCT_US'],[867/5],0,0),ev(-901,'C0007280','Carotid bruit','Carotid bruit',[carotid,bruit],[fndg],[[[2,2],[1,1],0],[[3,3],[2,2],0]],yes,no,['CHV','DXP','MTH'],[873/13],0,0)])]).
phrase(and,[conj([lexmatch([and]),inputmatch([and]),tag(conj),tokens([and])])],887/3,[]).
candidates(0,0,0,0,[]).
mappings([]).
phrase('his lower extremities',[pron([lexmatch([his]),inputmatch([his]),tag(pron),tokens([his])]),head([lexmatch(['lower extremities']),inputmatch([lower,extremities]),tag(noun),tokens([lower,extremities])])],891/21,[]).
candidates(12,6,0,6,[]).
mappings([map(-1000,[ev(-1000,'C0023216','LOWER EXTREMITIES','Lower Extremity',[lower,extremities],[blor],[[[1,2],[1,2],0]],yes,no,['FMA','ICF','MSH','MTH','SNMI','SNOMEDCT_US','SNOMEDCT_VET'],[895/17],0,0)])]).
phrase(are,[aux([lexmatch([are]),inputmatch([are]),tag(aux),tokens([are])])],913/3,[]).
candidates(0,0,0,0,[]).
mappings([]).
phrase('cool,',[head([lexmatch([cool]),inputmatch([cool]),tag(noun),tokens([cool])]),punc([inputmatch([',']),tokens([])])],917/5,[]).
candidates(1,0,0,1,[]).
mappings([map(-1000,[ev(-1000,'C1548792','Cool','Cool',[cool],[qlco],[[[1,1],[1,1],0]],yes,no,['HL7V2.5'],[917/4],0,0)])]).
phrase('with diminished dorsalis pedis pulses.',[prep([lexmatch([with]),inputmatch([with]),tag(prep),tokens([with])]),mod([lexmatch([diminished]),inputmatch([diminished]),tag(adj),tokens([diminished])]),mod([lexmatch([dorsalis]),inputmatch([dorsalis]),tag(adj),tokens([dorsalis])]),mod([lexmatch([pedis]),inputmatch([pedis]),tag(noun),tokens([pedis])]),head([lexmatch([pulses]),inputmatch([pulses]),tag(noun),tokens([pulses])]),punc([inputmatch(['.']),tokens([])])],923/38,[]).
candidates(9,4,0,5,[]).
mappings([map(-916,[ev(-645,'C0205216','Diminished','Decreased',[diminished],[qnco],[[[1,1],[1,1],0]],no,no,['CHV','MTH','SNOMEDCT_US'],[928/10],0,0),ev(-923,'C1997492','dorsalis pedis pulses','Dorsalis pedis pulse rate',[dorsalis,pedis,pulses],[clna],[[[2,2],[1,1],0],[[3,3],[2,2],0],[[4,4],[3,3],0]],yes,no,['NLMSubSyn','SNOMEDCT_US'],[939/21],0,0)])]).
'EOU'.
'EOT'.
