args('metamap14.BINARY.Darwin --lexicon db -Z 2014AA -qE -Q 4 ../../TREC-CDS/2014-original/4.txt ../../TREC-CDS/results/4.txt.out',[lexicon-db,mm_data_year-'2014AA',machine_output-[],indicate_citation_end-[],composite_phrases-4,infile-'../../TREC-CDS/2014-original/4.txt',outfile-'../../TREC-CDS/results/4.txt.out']).
aas([]).
neg_list([negation(nega,'with no',[650/7],['C1550043':'Identified'],[667/10])]).
utterance('00000000.tx.1',"diagnosis. ",0/11,[10]).
phrase('diagnosis.',[head([lexmatch([diagnosis]),inputmatch([diagnosis]),tag(noun),tokens([diagnosis])]),punc([inputmatch(['.']),tokens([])])],0/10,[]).
candidates(3,0,0,3,[]).
mappings([map(-1000,[ev(-1000,'C0011900','Diagnosis','Diagnosis',[diagnosis],[fndg],[[[1,1],[1,1],0]],yes,no,['CCS','CHV','LNC','MTH','NCI'],[0/9],0,0)]),map(-1000,[ev(-1000,'C1704338',diagnosis,'diagnosis aspect',[diagnosis],[qlco],[[[1,1],[1,1],0]],yes,no,['MSH','MTH','NLMSubSyn'],[0/9],0,0)]),map(-1000,[ev(-1000,'C1704656','DIAGNOSIS','Diagnosis Study',[diagnosis],[resa],[[[1,1],[1,1],0]],yes,no,['MTH','NCI'],[0/9],0,0)])]).
'EOU'.
utterance('00000000.tx.2',"A 2-year-old boy is brought to the emergency department by his parents for 5 days of high fever and irritability. ",11/114,[]).
phrase('A 2-year-old boy',[det([lexmatch([a]),inputmatch(['A']),tag(det),tokens([a])]),shapes([inputmatch(['2']),features([integer]),tokens(['2'])]),punc([inputmatch([-]),tokens([])]),mod([lexmatch([year]),inputmatch([year]),tag(noun),tokens([year])]),punc([inputmatch([-]),tokens([])]),mod([lexmatch([old]),inputmatch([old]),tag(noun),tokens([old])]),head([lexmatch([boy]),inputmatch([boy]),tag(noun),tokens([boy])])],11/16,[]).
candidates(7,0,0,7,[]).
mappings([map(-833,[ev(-645,'C0740116','+2','Integer +2',['2'],[qnco],[[[1,1],[1,1],0]],no,no,['SNOMEDCT_US'],[13/1],0,0),ev(-645,'C0439234',year,year,[year],[tmco],[[[2,2],[1,1],0]],no,no,['MTH','NCI','SNOMEDCT_US'],[15/4],0,0),ev(-645,'C0580836','Old','Old',[old],[tmco],[[[3,3],[1,1],0]],no,no,['MTH'],[20/3],0,0),ev(-812,'C0870221','Boy','Male child',[boy],[aggp],[[[4,4],[1,1],0]],yes,no,['CHV','NLMSubSyn','SNOMEDCT_US'],[24/3],0,0)]),map(-833,[ev(-645,'C0740116','+2','Integer +2',['2'],[qnco],[[[1,1],[1,1],0]],no,no,['SNOMEDCT_US'],[13/1],0,0),ev(-645,'C0439508','/year','per year',[year],[tmco],[[[2,2],[1,1],0]],no,no,['CHV','MTH','NCI','SNOMEDCT_US'],[15/4],0,0),ev(-645,'C0580836','Old','Old',[old],[tmco],[[[3,3],[1,1],0]],no,no,['MTH'],[20/3],0,0),ev(-812,'C0870221','Boy','Male child',[boy],[aggp],[[[4,4],[1,1],0]],yes,no,['CHV','NLMSubSyn','SNOMEDCT_US'],[24/3],0,0)]),map(-833,[ev(-645,'C2827735','2+','2+ Score',['2'],[qnco],[[[1,1],[1,1],0]],no,no,['MTH','NCI'],[13/1],0,0),ev(-645,'C0439234',year,year,[year],[tmco],[[[2,2],[1,1],0]],no,no,['MTH','NCI','SNOMEDCT_US'],[15/4],0,0),ev(-645,'C0580836','Old','Old',[old],[tmco],[[[3,3],[1,1],0]],no,no,['MTH'],[20/3],0,0),ev(-812,'C0870221','Boy','Male child',[boy],[aggp],[[[4,4],[1,1],0]],yes,no,['CHV','NLMSubSyn','SNOMEDCT_US'],[24/3],0,0)]),map(-833,[ev(-645,'C2827735','2+','2+ Score',['2'],[qnco],[[[1,1],[1,1],0]],no,no,['MTH','NCI'],[13/1],0,0),ev(-645,'C0439508','/year','per year',[year],[tmco],[[[2,2],[1,1],0]],no,no,['CHV','MTH','NCI','SNOMEDCT_US'],[15/4],0,0),ev(-645,'C0580836','Old','Old',[old],[tmco],[[[3,3],[1,1],0]],no,no,['MTH'],[20/3],0,0),ev(-812,'C0870221','Boy','Male child',[boy],[aggp],[[[4,4],[1,1],0]],yes,no,['CHV','NLMSubSyn','SNOMEDCT_US'],[24/3],0,0)]),map(-833,[ev(-645,'C2981700','2+','2+ Score, WHO',['2'],[clas],[[[1,1],[1,1],0]],no,no,['MTH','NCI'],[13/1],0,0),ev(-645,'C0439234',year,year,[year],[tmco],[[[2,2],[1,1],0]],no,no,['MTH','NCI','SNOMEDCT_US'],[15/4],0,0),ev(-645,'C0580836','Old','Old',[old],[tmco],[[[3,3],[1,1],0]],no,no,['MTH'],[20/3],0,0),ev(-812,'C0870221','Boy','Male child',[boy],[aggp],[[[4,4],[1,1],0]],yes,no,['CHV','NLMSubSyn','SNOMEDCT_US'],[24/3],0,0)]),map(-833,[ev(-645,'C2981700','2+','2+ Score, WHO',['2'],[clas],[[[1,1],[1,1],0]],no,no,['MTH','NCI'],[13/1],0,0),ev(-645,'C0439508','/year','per year',[year],[tmco],[[[2,2],[1,1],0]],no,no,['CHV','MTH','NCI','SNOMEDCT_US'],[15/4],0,0),ev(-645,'C0580836','Old','Old',[old],[tmco],[[[3,3],[1,1],0]],no,no,['MTH'],[20/3],0,0),ev(-812,'C0870221','Boy','Male child',[boy],[aggp],[[[4,4],[1,1],0]],yes,no,['CHV','NLMSubSyn','SNOMEDCT_US'],[24/3],0,0)])]).
phrase(is,[aux([lexmatch([is]),inputmatch([is]),tag(aux),tokens([is])])],28/2,[]).
candidates(0,0,0,0,[]).
mappings([]).
phrase('brought to the emergency department',[verb([lexmatch([brought]),inputmatch([brought]),tag(verb),tokens([brought])]),prep([lexmatch([to]),inputmatch([to]),tag(prep),tokens([to])]),det([lexmatch([the]),inputmatch([the]),tag(det),tokens([the])]),mod([lexmatch(['emergency department']),inputmatch([emergency,department]),tag(noun),tokens([emergency,department])])],31/35,[]).
candidates(6,0,0,6,[]).
mappings([map(-745,[ev(-760,'C0332302',brought,'Brought on by',[brought],[ftcn],[[[1,1],[1,1],0]],yes,no,['CHV','SNMI'],[31/7],0,0),ev(-806,'C0562508','Emergency Department','Accident and Emergency department',[emergency,department],[hcro],[[[4,5],[1,2],0]],yes,no,['CHV','MSH','MTH','NCI','NLMSubSyn','SNOMEDCT_US'],[46/20],0,0)])]).
phrase('by his parents for 5 days of high fever',[prep([lexmatch([by]),inputmatch([by]),tag(prep),tokens([by])]),pron([lexmatch([his]),inputmatch([his]),tag(pron),tokens([his])]),head([lexmatch([parents]),inputmatch([parents]),tag(noun),tokens([parents])]),prep([lexmatch([for]),inputmatch([for]),tag(prep),tokens([for])]),shapes([inputmatch(['5']),features([integer]),tokens(['5'])]),mod([lexmatch([days]),inputmatch([days]),tag(noun),tokens([days])]),prep([lexmatch([of]),inputmatch([of]),tag(prep),tokens([of])]),mod([lexmatch([high]),inputmatch([high]),tag(adj),tokens([high])]),mod([lexmatch([fever]),inputmatch([fever]),tag(noun),tokens([fever])])],67/39,[]).
candidates(13,3,0,10,[]).
mappings([map(-679,[ev(-575,'C0006539','BY','Belarus',[by],[geoa],[[[1,1],[1,1],0]],no,no,['AOD','MSH','MTH','NCI'],[67/2],0,0),ev(-575,'C0019602','His','Histidine',[his],[aapp,bacs,phsu],[[[2,2],[1,1],0]],no,no,['MSH','MTH','NCI'],[70/3],0,0),ev(-742,'C0030551','Parents',parent,[parents],[famg],[[[3,3],[1,1],0]],yes,no,['CHV','MSH','MTH','NCI'],[74/7],0,0),ev(-575,'C0439228',days,day,[days],[tmco],[[[6,6],[1,1],0]],no,no,['MTH','SNOMEDCT_US'],[88/4],0,0),ev(-598,'C0743973','high fever','FEVER HIGH (finding)',[high,fever],[fndg],[[[8,8],[1,1],0],[[9,9],[2,2],0]],no,no,['CHV','MTH','NLMSubSyn'],[96/10],0,0)]),map(-679,[ev(-575,'C0006539','BY','Belarus',[by],[geoa],[[[1,1],[1,1],0]],no,no,['AOD','MSH','MTH','NCI'],[67/2],0,0),ev(-575,'C1412323','HIS','AKR1B10 gene',[his],[gngm],[[[2,2],[1,1],0]],no,no,['HGNC','MTH','OMIM'],[70/3],0,0),ev(-742,'C0030551','Parents',parent,[parents],[famg],[[[3,3],[1,1],0]],yes,no,['CHV','MSH','MTH','NCI'],[74/7],0,0),ev(-575,'C0439228',days,day,[days],[tmco],[[[6,6],[1,1],0]],no,no,['MTH','SNOMEDCT_US'],[88/4],0,0),ev(-598,'C0743973','high fever','FEVER HIGH (finding)',[high,fever],[fndg],[[[8,8],[1,1],0],[[9,9],[2,2],0]],no,no,['CHV','MTH','NLMSubSyn'],[96/10],0,0)])]).
phrase(and,[conj([lexmatch([and]),inputmatch([and]),tag(conj),tokens([and])])],107/3,[]).
candidates(0,0,0,0,[]).
mappings([]).
phrase('irritability.',[head([lexmatch([irritability]),inputmatch([irritability]),tag(noun),tokens([irritability])]),punc([inputmatch(['.']),tokens([])])],111/13,[]).
candidates(2,0,0,2,[]).
mappings([map(-1000,[ev(-1000,'C0022107','Irritability','Irritable Mood',[irritability],[fndg],[[[1,1],[1,1],0]],yes,no,['AOD','MSH','MTH','OMIM','SNOMEDCT_US'],[111/12],0,0)]),map(-1000,[ev(-1000,'C2700617','Irritability','Irritation - emotion',[irritability],[menp],[[[1,1],[1,1],0]],yes,no,['MTH','NCI'],[111/12],0,0)])]).
'EOU'.
utterance('00000000.tx.3',"The physical exam reveals conjunctivitis, strawberry tongue, inflammation of the hands and feet, desquamation of the skin of the fingers and toes, and cervical lymphadenopathy with the smallest node at 1.5 cm. ",125/210,[]).
phrase('The physical exam',[det([lexmatch([the]),inputmatch(['The']),tag(det),tokens([the])]),mod([lexmatch([physical]),inputmatch([physical]),tag(adj),tokens([physical])]),head([lexmatch([exam]),inputmatch([exam]),tag(noun),tokens([exam])])],125/17,[]).
candidates(6,0,0,6,[]).
mappings([map(-1000,[ev(-1000,'C0031809','Physical Exam','Physical Examination',[physical,exam],[hlca],[[[1,1],[1,1],0],[[2,2],[2,2],0]],yes,no,['AIR','CHV','ICD9CM','MSH','MTH','NCI','NLMSubSyn','SNMI','SNOMEDCT_US'],[129/13],0,0)]),map(-1000,[ev(-1000,'C1744699','Physical Exam','Physical Exam Domain',[physical,exam],[idcn],[[[1,1],[1,1],0],[[2,2],[2,2],0]],yes,no,['MTH','NCI','NLMSubSyn'],[129/13],0,0)])]).
phrase(reveals,[verb([lexmatch([reveals]),inputmatch([reveals]),tag(verb),tokens([reveals])])],143/7,[]).
candidates(1,0,0,1,[]).
mappings([map(-1000,[ev(-1000,'C0443289',reveal,'Revealed',[reveal],[qlco],[[[1,1],[1,1],0]],yes,no,['CHV','SNOMEDCT_US'],[143/7],0,0)])]).
phrase('conjunctivitis,',[head([lexmatch([conjunctivitis]),inputmatch([conjunctivitis]),tag(noun),tokens([conjunctivitis])]),punc([inputmatch([',']),tokens([])])],151/15,[]).
candidates(1,0,0,1,[]).
mappings([map(-1000,[ev(-1000,'C0009763','Conjunctivitis','Conjunctivitis',[conjunctivitis],[dsyn],[[[1,1],[1,1],0]],yes,no,['CHV','ICD10CM','MSH','NLMSubSyn','SNOMEDCT_US','SNOMEDCT_VET'],[151/14],0,0)])]).
phrase('strawberry tongue,',[head([lexmatch(['strawberry tongue']),inputmatch([strawberry,tongue]),tag(noun),tokens([strawberry,tongue])]),punc([inputmatch([',']),tokens([])])],167/18,[]).
candidates(9,3,0,6,[]).
mappings([map(-1000,[ev(-1000,'C0241262','Strawberry tongue','Strawberry tongue',[strawberry,tongue],[dsyn],[[[1,2],[1,2],0]],yes,no,['MTH','QMR'],[167/17],0,0)])]).
phrase('inflammation of the hands',[head([lexmatch([inflammation]),inputmatch([inflammation]),tag(noun),tokens([inflammation])]),prep([lexmatch([of]),inputmatch([of]),tag(prep),tokens([of])]),det([lexmatch([the]),inputmatch([the]),tag(det),tokens([the])]),mod([lexmatch([hands]),inputmatch([hands]),tag(noun),tokens([hands])])],186/25,[]).
candidates(6,4,0,2,[]).
mappings([map(-708,[ev(-770,'C0021368','Inflammation','Inflammation',[inflammation],[patf],[[[1,1],[1,1],0]],yes,no,['MTH','NLMSubSyn','SNM','SNOMEDCT_US','SNOMEDCT_VET'],[186/12],0,0),ev(-604,'C0018563','Hands','Hand',[hands],[bpoc],[[[4,4],[1,1],0]],no,no,['FMA','ICF','MTH','OMIM','SNOMEDCT_US'],[206/5],0,0)])]).
phrase(and,[conj([lexmatch([and]),inputmatch([and]),tag(conj),tokens([and])])],212/3,[]).
candidates(0,0,0,0,[]).
mappings([]).
phrase('feet,',[head([lexmatch([feet]),inputmatch([feet]),tag(noun),tokens([feet])]),punc([inputmatch([',']),tokens([])])],216/5,[]).
candidates(6,4,0,2,[]).
mappings([map(-1000,[ev(-1000,'C0016504','Feet','Foot',[feet],[bpoc],[[[1,1],[1,1],0]],yes,no,['FMA','MSH','MTH','SNMI','SNOMEDCT_US'],[216/4],0,0)]),map(-1000,[ev(-1000,'C0347981',feet,'Feet, unit of measurement',[feet],[qnco],[[[1,1],[1,1],0]],yes,no,['MTH','NCI','SNOMEDCT_US'],[216/4],0,0)])]).
phrase('desquamation of the skin of the fingers',[head([lexmatch([desquamation]),inputmatch([desquamation]),tag(noun),tokens([desquamation])]),prep([lexmatch([of]),inputmatch([of]),tag(prep),tokens([of])]),det([lexmatch([the]),inputmatch([the]),tag(det),tokens([the])]),mod([lexmatch([skin]),inputmatch([skin]),tag(noun),tokens([skin])]),prep([lexmatch([of]),inputmatch([of]),tag(prep),tokens([of])]),det([lexmatch([the]),inputmatch([the]),tag(det),tokens([the])]),mod([lexmatch([fingers]),inputmatch([fingers]),tag(noun),tokens([fingers])])],222/39,[]).
candidates(22,12,0,10,[]).
mappings([map(-747,[ev(-804,'C0237849','Desquamation of skin','Peeling of skin',[desquamation,of,skin],[fndg],[[[1,1],[1,1],0],[[2,2],[2,2],0],[[4,4],[3,3],0]],yes,no,['CHV','CST','DXP','ICD10CM','MTH','SNOMEDCT_US'],[222/15,242/4],0,0),ev(-581,'C0016129','Fingers','Fingers',[fingers],[blor],[[[7,7],[1,1],0]],no,no,['CHV','FMA','MTH','SNMI','SNOMEDCT_US'],[254/7],0,0)]),map(-747,[ev(-804,'C0237849','Desquamation of skin','Peeling of skin',[desquamation,of,skin],[fndg],[[[1,1],[1,1],0],[[2,2],[2,2],0],[[4,4],[3,3],0]],yes,no,['CHV','CST','DXP','ICD10CM','MTH','SNOMEDCT_US'],[222/15,242/4],0,0),ev(-581,'C0549188',fingers,'Fingers, unit of measurement',[fingers],[qnco],[[[7,7],[1,1],0]],no,no,['CHV','MTH','SNOMEDCT_US'],[254/7],0,0)]),map(-747,[ev(-748,'C0237849','Desquamation','Peeling of skin',[desquamation],[fndg],[[[1,1],[1,1],0]],yes,no,['CHV','CST','DXP','ICD10CM','MTH','SNOMEDCT_US'],[222/12],0,0),ev(-633,'C0222234','fingers of skin','Skin of finger',[fingers,of,skin],[bpoc],[[[7,7],[1,1],0],[[2,2],[2,2],0],[[4,4],[3,3],0]],no,no,['CHV','FMA','MTH'],[235/2,242/4,254/7],0,0)])]).
phrase(and,[conj([lexmatch([and]),inputmatch([and]),tag(conj),tokens([and])])],262/3,[]).
candidates(0,0,0,0,[]).
mappings([]).
phrase('toes,',[head([lexmatch([toes]),inputmatch([toes]),tag(noun),tokens([toes])]),punc([inputmatch([',']),tokens([])])],266/5,[]).
candidates(2,1,0,1,[]).
mappings([map(-1000,[ev(-1000,'C0040357','Toes','Toes',[toes],[bpoc],[[[1,1],[1,1],0]],yes,no,['FMA','MTH','SNMI','SNOMEDCT_US'],[266/4],0,0)])]).
phrase(and,[conj([lexmatch([and]),inputmatch([and]),tag(conj),tokens([and])])],272/3,[]).
candidates(0,0,0,0,[]).
mappings([]).
phrase('cervical lymphadenopathy with the smallest node at 1.5 cm.',[mod([lexmatch([cervical]),inputmatch([cervical]),tag(adj),tokens([cervical])]),head([lexmatch([lymphadenopathy]),inputmatch([lymphadenopathy]),tag(noun),tokens([lymphadenopathy])]),prep([lexmatch([with]),inputmatch([with]),tag(prep),tokens([with])]),det([lexmatch([the]),inputmatch([the]),tag(det),tokens([the])]),mod([lexmatch([smallest]),inputmatch([smallest]),tag(adj),tokens([smallest])]),mod([lexmatch([node]),inputmatch([node]),tag(noun),tokens([node])]),mod([lexmatch(['at 1']),inputmatch([at,'1']),tag(noun),tokens([at,'1'])]),punc([inputmatch(['.']),tokens([])]),shapes([inputmatch(['5']),features([integer]),tokens(['5'])]),mod([lexmatch([cm]),inputmatch([cm]),tag(noun),tokens([cm])]),punc([inputmatch(['.']),tokens([])])],276/58,[]).
candidates(14,4,0,10,[]).
mappings([map(-666,[ev(-760,'C0235592','Cervical lymphadenopathy','Cervical lymphadenopathy',[cervical,lymphadenopathy],[patf],[[[1,1],[1,1],0],[[2,2],[2,2],0]],yes,no,['CHV','DXP','NLMSubSyn','SNOMEDCT_US','SNOMEDCT_VET'],[276/24],0,0),ev(-574,'C0886384','small 5','5 minutes Office visit',[small,'5'],[topp],[[[5,5],[1,1],1],[[9,9],[2,2],0]],no,no,['CHV','MTH','NLMSubSyn'],[310/8,329/1],0,0),ev(-573,'C0746922','Node','Anatomic Node',[node],[bpoc],[[[6,6],[1,1],0]],no,no,['CHV','MTH','NCI'],[319/4],0,0)]),map(-666,[ev(-760,'C0235592','Cervical lymphadenopathy','Cervical lymphadenopathy',[cervical,lymphadenopathy],[patf],[[[1,1],[1,1],0],[[2,2],[2,2],0]],yes,no,['CHV','DXP','NLMSubSyn','SNOMEDCT_US','SNOMEDCT_VET'],[276/24],0,0),ev(-574,'C0886384','small 5','5 minutes Office visit',[small,'5'],[topp],[[[5,5],[1,1],1],[[9,9],[2,2],0]],no,no,['CHV','MTH','NLMSubSyn'],[310/8,329/1],0,0),ev(-573,'C1706163','Node','Tree Node',[node],[cnce],[[[6,6],[1,1],0]],no,no,['MTH','NCI'],[319/4],0,0)]),map(-666,[ev(-760,'C0235592','Cervical lymphadenopathy','Cervical lymphadenopathy',[cervical,lymphadenopathy],[patf],[[[1,1],[1,1],0],[[2,2],[2,2],0]],yes,no,['CHV','DXP','NLMSubSyn','SNOMEDCT_US','SNOMEDCT_VET'],[276/24],0,0),ev(-574,'C0886384','small 5','5 minutes Office visit',[small,'5'],[topp],[[[5,5],[1,1],1],[[9,9],[2,2],0]],no,no,['CHV','MTH','NLMSubSyn'],[310/8,329/1],0,0),ev(-573,'C2697524','Node','Graph Node',[node],[cnce],[[[6,6],[1,1],0]],no,no,['MTH','NCI'],[319/4],0,0)]),map(-666,[ev(-760,'C0235592','Cervical lymphadenopathy','Cervical lymphadenopathy',[cervical,lymphadenopathy],[patf],[[[1,1],[1,1],0],[[2,2],[2,2],0]],yes,no,['CHV','DXP','NLMSubSyn','SNOMEDCT_US','SNOMEDCT_VET'],[276/24],0,0),ev(-574,'C0886384','small 5','5 minutes Office visit',[small,'5'],[topp],[[[5,5],[1,1],1],[[9,9],[2,2],0]],no,no,['CHV','MTH','NLMSubSyn'],[310/8,329/1],0,0),ev(-573,'C2700445','Node','Node - plant part',[node],[plnt],[[[6,6],[1,1],0]],no,no,['MTH','NCI'],[319/4],0,0)])]).
'EOU'.
utterance('00000000.tx.4',"The abdominal exam demonstrates tenderness and enlarged liver. ",335/63,[]).
phrase('The abdominal exam',[det([lexmatch([the]),inputmatch(['The']),tag(det),tokens([the])]),mod([lexmatch([abdominal]),inputmatch([abdominal]),tag(adj),tokens([abdominal])]),head([lexmatch([exam]),inputmatch([exam]),tag(noun),tokens([exam])])],335/18,[]).
candidates(2,0,0,2,[]).
mappings([map(-888,[ev(-694,'C0000726','Abdominal','Abdomen',[abdominal],[blor],[[[1,1],[1,1],0]],no,no,['CHV','FMA','MSH','MTH','SNOMEDCT_US'],[339/9],0,0),ev(-861,'C0582103','Exam','Medical Examination',[exam],[hlca],[[[2,2],[1,1],0]],yes,no,['LCH','MTH','NCI','NLMSubSyn','SNOMEDCT_US'],[349/4],0,0)])]).
phrase(demonstrates,[verb([lexmatch([demonstrates]),inputmatch([demonstrates]),tag(verb),tokens([demonstrates])])],354/12,[]).
candidates(1,0,0,1,[]).
mappings([map(-1000,[ev(-1000,'C3687625','Demonstrates','Demonstrates',[demonstrates],[acty],[[[1,1],[1,1],0]],yes,no,['SNOMEDCT_VET'],[354/12],0,0)])]).
phrase(tenderness,[head([lexmatch([tenderness]),inputmatch([tenderness]),tag(noun),tokens([tenderness])])],367/10,[]).
candidates(3,1,0,2,[]).
mappings([map(-1000,[ev(-1000,'C0234233','Tenderness','Sore to touch',[tenderness],[sosy],[[[1,1],[1,1],0]],yes,no,['CHV','MTH','SNOMEDCT_US'],[367/10],0,0)]),map(-1000,[ev(-1000,'C0684239',tenderness,'Emotional tenderness',[tenderness],[menp],[[[1,1],[1,1],0]],yes,no,['AOD','MTH'],[367/10],0,0)])]).
phrase(and,[conj([lexmatch([and]),inputmatch([and]),tag(conj),tokens([and])])],378/3,[]).
candidates(0,0,0,0,[]).
mappings([]).
phrase('enlarged liver.',[mod([lexmatch([enlarged]),inputmatch([enlarged]),tag(adj),tokens([enlarged])]),head([lexmatch([liver]),inputmatch([liver]),tag(noun),tokens([liver])]),punc([inputmatch(['.']),tokens([])])],382/15,[]).
candidates(8,1,0,7,[]).
mappings([map(-1000,[ev(-1000,'C0019209','Enlarged Liver','Hepatomegaly',[enlarged,liver],[sosy],[[[1,1],[1,1],0],[[2,2],[2,2],0]],yes,no,['AOD','CHV','DXP','MSH','MTHICD9','NLMSubSyn','SNOMEDCT_US','SNOMEDCT_VET'],[382/14],0,0)])]).
'EOU'.
utterance('00000000.tx.5',"Laboratory tests report elevated alanine aminotransferase, white blood cell count of 17,580/mm, albumin 2.1 g/dL, C-reactive protein 4.5 mg, erythrocyte sedimentation rate 60 mm/h, mild normochromic, normocytic anemia, and leukocytes in urine of 20/mL with no bacteria identified. ",398/281,[]).
phrase('Laboratory tests',[head([lexmatch(['laboratory tests']),inputmatch(['Laboratory',tests]),tag(noun),tokens([laboratory,tests])])],398/16,[]).
candidates(6,1,0,5,[]).
mappings([map(-1000,[ev(-1000,'C0022885','Laboratory Tests','Laboratory Procedures',[laboratory,tests],[lbpr],[[[1,2],[1,2],0]],yes,no,['CHV','MEDLINEPLUS','MTH','NCI','NLMSubSyn','SNM','SNMI','SNOMEDCT_US'],[398/16],0,0)])]).
phrase(report,[verb([lexmatch([report]),inputmatch([report]),tag(verb),tokens([report])])],415/6,[]).
candidates(3,0,0,3,[]).
mappings([map(-1000,[ev(-1000,'C0684224','Report','Report (document)',[report],[inpr],[[[1,1],[1,1],0]],yes,no,['CHV','MSH','MTH','NCI'],[415/6],0,0)]),map(-1000,[ev(-1000,'C0700287','Report','Reporting',[report],[hlca],[[[1,1],[1,1],0]],yes,no,['CHV','LNC','MTH','SNOMEDCT_US'],[415/6],0,0)]),map(-1000,[ev(-1000,'C3273238','Report','Regulatory Report',[report],[inpr],[[[1,1],[1,1],0]],yes,no,['MTH','NCI'],[415/6],0,0)])]).
phrase('elevated alanine aminotransferase,',[mod([lexmatch([elevated]),inputmatch([elevated]),tag(adj),tokens([elevated])]),head([lexmatch(['alanine aminotransferase']),inputmatch([alanine,aminotransferase]),tag(noun),tokens([alanine,aminotransferase])]),punc([inputmatch([',']),tokens([])])],422/34,[]).
candidates(7,0,0,7,[]).
mappings([map(-901,[ev(-913,'C0438717','elevated aminotransferase','Elevated transaminases',[elevated,aminotransferase],[fndg],[[[1,1],[1,1],0],[[3,3],[2,2],0]],yes,no,['CHV','NLMSubSyn','OMIM'],[422/8,439/16],0,0),ev(-827,'C0001898','Alanine','Alanine',[alanine],[aapp,bacs],[[[2,2],[1,1],0]],yes,no,['MSH','MTH','NCI','SNOMEDCT_US'],[431/7],0,0)]),map(-901,[ev(-660,'C0205250','Elevated','High',[elevated],[qlco],[[[1,1],[1,1],0]],no,no,['CHV','MTH','NCI','SNOMEDCT_US'],[422/8],0,0),ev(-901,'C0001899','Alanine Aminotransferase','Alanine Transaminase',[alanine,aminotransferase],[aapp,enzy],[[[2,3],[1,2],0]],yes,no,['CHV','MSH','MTH','NCI','NLMSubSyn','SNOMEDCT_US'],[431/24],0,0)]),map(-901,[ev(-660,'C0205250','Elevated','High',[elevated],[qlco],[[[1,1],[1,1],0]],no,no,['CHV','MTH','NCI','SNOMEDCT_US'],[422/8],0,0),ev(-901,'C0057041','Alanine amino transferase','D-Alanine Transaminase',[alanine,amino,transferase],[aapp,enzy],[[[2,3],[1,3],0]],yes,no,['CHV','MSH','SNM','SNOMEDCT_US'],[431/24],0,0)]),map(-901,[ev(-660,'C3163633','Elevated','Elevated',[elevated],[qlco],[[[1,1],[1,1],0]],no,no,['MTH'],[422/8],0,0),ev(-901,'C0001899','Alanine Aminotransferase','Alanine Transaminase',[alanine,aminotransferase],[aapp,enzy],[[[2,3],[1,2],0]],yes,no,['CHV','MSH','MTH','NCI','NLMSubSyn','SNOMEDCT_US'],[431/24],0,0)]),map(-901,[ev(-660,'C3163633','Elevated','Elevated',[elevated],[qlco],[[[1,1],[1,1],0]],no,no,['MTH'],[422/8],0,0),ev(-901,'C0057041','Alanine amino transferase','D-Alanine Transaminase',[alanine,amino,transferase],[aapp,enzy],[[[2,3],[1,3],0]],yes,no,['CHV','MSH','SNM','SNOMEDCT_US'],[431/24],0,0)])]).
phrase('white blood cell count of 17,580/mm,',[head([lexmatch(['white blood cell count']),inputmatch([white,blood,cell,count]),tag(noun),tokens([white,blood,cell,count])]),prep([lexmatch([of]),inputmatch([of]),tag(prep),tokens([of])]),shapes([inputmatch(['17',',','580']),features([comma_integer]),tokens(['17','580'])]),punc([inputmatch([/]),tokens([])]),mod([lexmatch([mm]),inputmatch([mm]),tag(noun),tokens([mm])]),punc([inputmatch([',']),tokens([])])],457/36,[]).
candidates(31,9,0,22,[]).
mappings([map(-833,[ev(-833,'C0023508','Blood Cell Count, White','White Blood Cell Count procedure',[white,blood,cell,count],[lbpr],[[[1,4],[1,4],0]],yes,no,['MSH','MTH','NCI','NLMSubSyn','SNOMEDCT_US'],[457/22],0,0)]),map(-833,[ev(-833,'C0427512','white blood cell count','White blood cell count laboratory result',[white,blood,cell,count],[lbtr],[[[1,4],[1,4],0]],yes,no,['CHV','MTH','NLMSubSyn','SNOMEDCT_US'],[457/22],0,0)])]).
phrase('albumin 2.1 g/dL,',[mod([lexmatch([albumin]),inputmatch([albumin]),tag(noun),tokens([albumin])]),shapes([inputmatch(['2','.','1']),features([real_number]),tokens(['2','1'])]),mod([lexmatch([g]),inputmatch([g,/]),tag(noun),tokens([g])]),head([lexmatch([dl]),inputmatch([dL]),tag(noun),tokens([dl])]),punc([inputmatch([',']),tokens([])])],494/17,[]).
candidates(4,0,0,4,[]).
mappings([map(-812,[ev(-637,'C0001924','Albumin','Albumins',[albumin],[aapp,bacs],[[[1,1],[1,1],0]],no,no,['MTH','SNOMEDCT_US'],[494/7],0,0),ev(-840,'C0439267','g/dL','Gram per Deciliter',[g,dl],[qnco],[[[4,4],[1,1],0],[[5,5],[2,2],0]],yes,no,['MTH','NCI','SNOMEDCT_US'],[506/4],0,0)])]).
phrase('C-reactive protein 4.5 mg,',[mod([lexmatch(['c-reactive protein']),inputmatch(['C',-,reactive,protein]),tag(noun),tokens([c,reactive,protein])]),shapes([inputmatch(['4','.','5']),features([real_number]),tokens(['4','5'])]),head([lexmatch([mg]),inputmatch([mg]),tag(noun),tokens([mg])]),punc([inputmatch([',']),tokens([])])],512/26,[]).
candidates(7,0,0,7,[]).
mappings([map(-836,[ev(-694,'C0006560','C-reactive protein','C-reactive protein',[c,reactive,protein],[aapp,imft],[[[1,3],[1,3],0]],no,no,['CHV','MTH','NLMSubSyn','SNOMEDCT_US'],[512/18],0,0),ev(-799,'C0439269','mg%','mg/dL',[mg],[qnco],[[[6,6],[1,1],0]],yes,no,['CHV','NCI','SNOMEDCT_US'],[535/2],0,0)]),map(-836,[ev(-694,'C0006560','C-reactive protein','C-reactive protein',[c,reactive,protein],[aapp,imft],[[[1,3],[1,3],0]],no,no,['CHV','MTH','NLMSubSyn','SNOMEDCT_US'],[512/18],0,0),ev(-799,'C1960952','mg %','Milligram percent',[mg],[qnco],[[[6,6],[1,1],0]],yes,no,['SNOMEDCT_US'],[535/2],0,0)]),map(-836,[ev(-694,'C0006560','C-reactive protein','C-reactive protein',[c,reactive,protein],[aapp,imft],[[[1,3],[1,3],0]],no,no,['CHV','MTH','NLMSubSyn','SNOMEDCT_US'],[512/18],0,0),ev(-799,'C2346927','Mg++','Magnesium Cation',[mg],[elii,phsu],[[[6,6],[1,1],0]],yes,no,['MTH','NCI','RXNORM'],[535/2],0,0)]),map(-836,[ev(-694,'C1879974','C-Reactive Protein','CRP wt Allele',[c,reactive,protein],[gngm],[[[1,3],[1,3],0]],no,no,['MTH','NCI'],[512/18],0,0),ev(-799,'C0439269','mg%','mg/dL',[mg],[qnco],[[[6,6],[1,1],0]],yes,no,['CHV','NCI','SNOMEDCT_US'],[535/2],0,0)]),map(-836,[ev(-694,'C1879974','C-Reactive Protein','CRP wt Allele',[c,reactive,protein],[gngm],[[[1,3],[1,3],0]],no,no,['MTH','NCI'],[512/18],0,0),ev(-799,'C1960952','mg %','Milligram percent',[mg],[qnco],[[[6,6],[1,1],0]],yes,no,['SNOMEDCT_US'],[535/2],0,0)]),map(-836,[ev(-694,'C1879974','C-Reactive Protein','CRP wt Allele',[c,reactive,protein],[gngm],[[[1,3],[1,3],0]],no,no,['MTH','NCI'],[512/18],0,0),ev(-799,'C2346927','Mg++','Magnesium Cation',[mg],[elii,phsu],[[[6,6],[1,1],0]],yes,no,['MTH','NCI','RXNORM'],[535/2],0,0)])]).
phrase('erythrocyte sedimentation rate 60 mm/h,',[mod([lexmatch(['erythrocyte sedimentation rate']),inputmatch([erythrocyte,sedimentation,rate]),tag(noun),tokens([erythrocyte,sedimentation,rate])]),shapes([inputmatch(['60']),features([integer]),tokens(['60'])]),mod([lexmatch([mm]),inputmatch([mm]),tag(noun),tokens([mm])]),punc([inputmatch([/]),tokens([])]),head([lexmatch([h]),inputmatch([h]),tag(noun),tokens([h])]),punc([inputmatch([',']),tokens([])])],539/39,[]).
candidates(14,0,0,14,[]).
mappings([map(-836,[ev(-694,'C1176468','Erythrocyte Sedimentation Rate','Erythrocyte sedimentation rate measurement',[erythrocyte,sedimentation,rate],[lbpr],[[[1,3],[1,3],0]],no,no,['CHV','MTH','NCI','NLMSubSyn','SNMI','SNOMEDCT_US'],[539/30],0,0),ev(-799,'C0033727','H+','Protons',[h],[elii],[[[6,6],[1,1],0]],yes,no,['CSP','MSH','MTH','SNOMEDCT_US'],[576/1],0,0)]),map(-836,[ev(-694,'C1176468','Erythrocyte Sedimentation Rate','Erythrocyte sedimentation rate measurement',[erythrocyte,sedimentation,rate],[lbpr],[[[1,3],[1,3],0]],no,no,['CHV','MTH','NCI','NLMSubSyn','SNMI','SNOMEDCT_US'],[539/30],0,0),ev(-799,'C0369286','H NOS','H NOS Antibodies',[h],[aapp,imft],[[[6,6],[1,1],0]],yes,no,['CHV','LNC','MTH','NLMSubSyn'],[576/1],0,0)]),map(-836,[ev(-694,'C1176468','Erythrocyte Sedimentation Rate','Erythrocyte sedimentation rate measurement',[erythrocyte,sedimentation,rate],[lbpr],[[[1,3],[1,3],0]],no,no,['CHV','MTH','NCI','NLMSubSyn','SNMI','SNOMEDCT_US'],[539/30],0,0),ev(-799,'C0441932','H+','Hepatic Involvement',[h],[clas],[[[6,6],[1,1],0]],yes,no,['MTH','NLMSubSyn','SNOMEDCT_US'],[576/1],0,0)]),map(-836,[ev(-694,'C1176468','Erythrocyte Sedimentation Rate','Erythrocyte sedimentation rate measurement',[erythrocyte,sedimentation,rate],[lbpr],[[[1,3],[1,3],0]],no,no,['CHV','MTH','NCI','NLMSubSyn','SNMI','SNOMEDCT_US'],[539/30],0,0),ev(-799,'C0564385','/h','/hour',[h],[qnco],[[[6,6],[1,1],0]],yes,no,['SNOMEDCT_US'],[576/1],0,0)]),map(-836,[ev(-694,'C1619634','Erythrocyte Sedimentation Rate','erythrocyte sedimentation rate result',[erythrocyte,sedimentation,rate],[fndg],[[[1,3],[1,3],0]],no,no,['MSH','MTH','NLMSubSyn','SNOMEDCT_US'],[539/30],0,0),ev(-799,'C0033727','H+','Protons',[h],[elii],[[[6,6],[1,1],0]],yes,no,['CSP','MSH','MTH','SNOMEDCT_US'],[576/1],0,0)]),map(-836,[ev(-694,'C1619634','Erythrocyte Sedimentation Rate','erythrocyte sedimentation rate result',[erythrocyte,sedimentation,rate],[fndg],[[[1,3],[1,3],0]],no,no,['MSH','MTH','NLMSubSyn','SNOMEDCT_US'],[539/30],0,0),ev(-799,'C0369286','H NOS','H NOS Antibodies',[h],[aapp,imft],[[[6,6],[1,1],0]],yes,no,['CHV','LNC','MTH','NLMSubSyn'],[576/1],0,0)]),map(-836,[ev(-694,'C1619634','Erythrocyte Sedimentation Rate','erythrocyte sedimentation rate result',[erythrocyte,sedimentation,rate],[fndg],[[[1,3],[1,3],0]],no,no,['MSH','MTH','NLMSubSyn','SNOMEDCT_US'],[539/30],0,0),ev(-799,'C0441932','H+','Hepatic Involvement',[h],[clas],[[[6,6],[1,1],0]],yes,no,['MTH','NLMSubSyn','SNOMEDCT_US'],[576/1],0,0)]),map(-836,[ev(-694,'C1619634','Erythrocyte Sedimentation Rate','erythrocyte sedimentation rate result',[erythrocyte,sedimentation,rate],[fndg],[[[1,3],[1,3],0]],no,no,['MSH','MTH','NLMSubSyn','SNOMEDCT_US'],[539/30],0,0),ev(-799,'C0564385','/h','/hour',[h],[qnco],[[[6,6],[1,1],0]],yes,no,['SNOMEDCT_US'],[576/1],0,0)])]).
phrase('mild normochromic, normocytic anemia,',[mod([lexmatch([mild]),inputmatch([mild]),tag(adj),tokens([mild])]),mod([lexmatch([normochromic]),inputmatch([normochromic]),tag(adj),tokens([normochromic])]),punc([inputmatch([',']),tokens([])]),head([lexmatch(['normocytic anemia']),inputmatch([normocytic,anemia]),tag(noun),tokens([normocytic,anemia])]),punc([inputmatch([',']),tokens([])])],579/37,[]).
candidates(10,1,0,9,[]).
mappings([map(-916,[ev(-645,'C2945599','Mild','Mild (qualifier value)',[mild],[qlco],[[[1,1],[1,1],0]],no,no,['NCI','SNMI','SNOMEDCT_US'],[579/4],0,0),ev(-923,'C0271899','normochromic normocytic anaemia','Normocytic normochromic anemia',[normochromic,normocytic,anaemia],[dsyn],[[[2,2],[1,1],0],[[3,4],[2,3],0]],yes,no,['CHV','SNOMEDCT_US'],[584/12,598/17],0,0)])]).
phrase(and,[conj([lexmatch([and]),inputmatch([and]),tag(conj),tokens([and])])],617/3,[]).
candidates(0,0,0,0,[]).
mappings([]).
phrase('leukocytes in urine of 20/mL',[head([lexmatch([leukocytes]),inputmatch([leukocytes]),tag(noun),tokens([leukocytes])]),prep([lexmatch([in]),inputmatch([in]),tag(prep),tokens([in])]),mod([lexmatch([urine]),inputmatch([urine]),tag(noun),tokens([urine])]),prep([lexmatch([of]),inputmatch([of]),tag(prep),tokens([of])]),shapes([inputmatch(['20']),features([integer]),tokens(['20'])]),punc([inputmatch([/]),tokens([])]),mod([lexmatch([ml]),inputmatch([mL]),tag(noun),tokens([ml])])],621/28,[]).
candidates(7,0,0,7,[]).
mappings([map(-780,[ev(-833,'C0555120','Leukocytes in urine','Urine microscopy leukocytes present finding',[leukocytes,in,urine],[fndg],[[[1,1],[1,1],0],[[2,2],[2,2],0],[[3,3],[3,3],0]],yes,no,['CHV','DXP','MTH','SNOMEDCT_US'],[621/19],0,0),ev(-586,'C0439526','/mL','/mL',[ml],[qnco],[[[6,6],[1,1],0]],no,no,['NCI','SNOMEDCT_US'],[647/2],0,0)])]).
phrase('with no bacteria',[prep([lexmatch([with]),inputmatch([with]),tag(prep),tokens([with])]),det([lexmatch([no]),inputmatch([no]),tag(det),tokens([no])]),head([lexmatch([bacteria]),inputmatch([bacteria]),tag(noun),tokens([bacteria])])],650/16,[]).
candidates(4,1,0,3,[]).
mappings([map(-1000,[ev(-1000,'C0004611','Bacteria','Bacteria',[bacteria],[bact],[[[1,1],[1,1],0]],yes,no,['LNC','MSH','MTH','SNOMEDCT_US'],[658/8],0,0)]),map(-1000,[ev(-1000,'C1510439',bacteria,'bacteria aspects',[bacteria],[ftcn],[[[1,1],[1,1],0]],yes,no,['MSH','MTH'],[658/8],0,0)]),map(-1000,[ev(-1000,'C2347473','% Bacteria','Percent of Bacteria',[bacteria],[qnco],[[[1,1],[1,1],0]],yes,no,['MTH','NCI'],[658/8],0,0)])]).
phrase('identified.',[verb([lexmatch([identified]),inputmatch([identified]),tag(verb),tokens([identified])]),punc([inputmatch(['.']),tokens([])])],667/11,[]).
candidates(3,0,0,3,[]).
mappings([map(-1000,[ev(-1000,'C0205396','Identified','Identified',[identified],[qlco],[[[1,1],[1,1],0]],yes,no,['MTH','NCI','SNOMEDCT_US'],[667/10],0,0)]),map(-1000,[ev(-1000,'C1550043','Identified','Container status - Identified',[identified],[fndg],[[[1,1],[1,1],0]],yes,no,['HL7V2.5','MTH'],[667/10],0,1)]),map(-1000,[ev(-1000,'C1551388','Identified','Act Code - Identified',[identified],[ftcn],[[[1,1],[1,1],0]],yes,no,['HL7V3.0','MTH'],[667/10],0,0)])]).
'EOU'.
utterance('00000000.tx.6',"The echocardiogram shows moderate dilation of the coronary arteries with possible coronary artery aneurysm. ",679/108,[786]).
phrase('The echocardiogram',[det([lexmatch([the]),inputmatch(['The']),tag(det),tokens([the])]),head([lexmatch([echocardiogram]),inputmatch([echocardiogram]),tag(noun),tokens([echocardiogram])])],679/18,[]).
candidates(2,0,0,2,[]).
mappings([map(-1000,[ev(-1000,'C0013516','Echocardiogram','Echocardiography',[echocardiogram],[diap],[[[1,1],[1,1],0]],yes,no,['CHV','CSP','LCH','MSH','MTH','NLMSubSyn','SNM','SNOMEDCT_US'],[683/14],0,0)]),map(-1000,[ev(-1000,'C2243117','Echocardiogram','Echocardiogram (image)',[echocardiogram],[inpr],[[[1,1],[1,1],0]],yes,no,['MTH','NCI'],[683/14],0,0)])]).
phrase(shows,[verb([lexmatch([shows]),inputmatch([shows]),tag(verb),tokens([shows])])],698/5,[]).
candidates(1,0,0,1,[]).
mappings([map(-1000,[ev(-1000,'C1547282','Show','Show',[show],[inpr],[[[1,1],[1,1],0]],yes,no,['HL7V3.0'],[698/5],0,0)])]).
phrase('moderate dilation of the coronary arteries',[mod([lexmatch([moderate]),inputmatch([moderate]),tag(adj),tokens([moderate])]),head([lexmatch([dilation]),inputmatch([dilation]),tag(noun),tokens([dilation])]),prep([lexmatch([of]),inputmatch([of]),tag(prep),tokens([of])]),det([lexmatch([the]),inputmatch([the]),tag(det),tokens([the])]),mod([lexmatch(['coronary arteries']),inputmatch([coronary,arteries]),tag(noun),tokens([coronary,arteries])])],704/42,[]).
candidates(12,3,0,9,[]).
mappings([map(-719,[ev(-586,'C0205081','Moderate','Moderate (severity modifier)',[moderate],[qlco],[[[1,1],[1,1],0]],no,no,['SNOMEDCT_US'],[704/8],0,0),ev(-753,'C0012359','Dilation','Pathological Dilatation',[dilation],[patf],[[[2,2],[1,1],0]],yes,no,['CHV','MSH','MTH','SNM','SNOMEDCT_US'],[713/8],0,0),ev(-623,'C0205042','Coronary Arteries','Coronary artery',[coronary,arteries],[bpoc],[[[5,6],[1,2],0]],no,no,['FMA','MSH','MTH','NLMSubSyn','SNOMEDCT_US'],[729/17],0,0)]),map(-719,[ev(-586,'C0205081','Moderate','Moderate (severity modifier)',[moderate],[qlco],[[[1,1],[1,1],0]],no,no,['SNOMEDCT_US'],[704/8],0,0),ev(-753,'C0393293','Dilation','Endoscopic dilatation',[dilation],[topp],[[[2,2],[1,1],0]],yes,no,['MTH','MTHMST','SNOMEDCT_US'],[713/8],0,0),ev(-623,'C0205042','Coronary Arteries','Coronary artery',[coronary,arteries],[bpoc],[[[5,6],[1,2],0]],no,no,['FMA','MSH','MTH','NLMSubSyn','SNOMEDCT_US'],[729/17],0,0)]),map(-719,[ev(-586,'C0205081','Moderate','Moderate (severity modifier)',[moderate],[qlco],[[[1,1],[1,1],0]],no,no,['SNOMEDCT_US'],[704/8],0,0),ev(-753,'C0700124','Dilation','Dilated',[dilation],[ftcn],[[[2,2],[1,1],0]],yes,no,['CHV','MTH','NCI','SNMI','SNOMEDCT_US'],[713/8],0,0),ev(-623,'C0205042','Coronary Arteries','Coronary artery',[coronary,arteries],[bpoc],[[[5,6],[1,2],0]],no,no,['FMA','MSH','MTH','NLMSubSyn','SNOMEDCT_US'],[729/17],0,0)]),map(-719,[ev(-586,'C1881878','Moderate','Moderation',[moderate],[qlco],[[[1,1],[1,1],0]],no,no,['MTH','NCI'],[704/8],0,0),ev(-753,'C0012359','Dilation','Pathological Dilatation',[dilation],[patf],[[[2,2],[1,1],0]],yes,no,['CHV','MSH','MTH','SNM','SNOMEDCT_US'],[713/8],0,0),ev(-623,'C0205042','Coronary Arteries','Coronary artery',[coronary,arteries],[bpoc],[[[5,6],[1,2],0]],no,no,['FMA','MSH','MTH','NLMSubSyn','SNOMEDCT_US'],[729/17],0,0)]),map(-719,[ev(-586,'C1881878','Moderate','Moderation',[moderate],[qlco],[[[1,1],[1,1],0]],no,no,['MTH','NCI'],[704/8],0,0),ev(-753,'C0393293','Dilation','Endoscopic dilatation',[dilation],[topp],[[[2,2],[1,1],0]],yes,no,['MTH','MTHMST','SNOMEDCT_US'],[713/8],0,0),ev(-623,'C0205042','Coronary Arteries','Coronary artery',[coronary,arteries],[bpoc],[[[5,6],[1,2],0]],no,no,['FMA','MSH','MTH','NLMSubSyn','SNOMEDCT_US'],[729/17],0,0)]),map(-719,[ev(-586,'C1881878','Moderate','Moderation',[moderate],[qlco],[[[1,1],[1,1],0]],no,no,['MTH','NCI'],[704/8],0,0),ev(-753,'C0700124','Dilation','Dilated',[dilation],[ftcn],[[[2,2],[1,1],0]],yes,no,['CHV','MTH','NCI','SNMI','SNOMEDCT_US'],[713/8],0,0),ev(-623,'C0205042','Coronary Arteries','Coronary artery',[coronary,arteries],[bpoc],[[[5,6],[1,2],0]],no,no,['FMA','MSH','MTH','NLMSubSyn','SNOMEDCT_US'],[729/17],0,0)])]).
phrase('with possible coronary artery aneurysm.',[prep([lexmatch([with]),inputmatch([with]),tag(prep),tokens([with])]),mod([lexmatch([possible]),inputmatch([possible]),tag(adj),tokens([possible])]),head([lexmatch(['coronary artery aneurysm']),inputmatch([coronary,artery,aneurysm]),tag(noun),tokens([coronary,artery,aneurysm])]),punc([inputmatch(['.']),tokens([])])],747/39,[]).
candidates(14,2,0,12,[]).
mappings([map(-916,[ev(-645,'C0332149','Possible','Possible',[possible],[qlco],[[[1,1],[1,1],0]],no,no,['MTH'],[752/8],0,0),ev(-923,'C0010051','Coronary artery aneurysm','Coronary Aneurysm',[coronary,artery,aneurysm],[anab,dsyn],[[[2,4],[1,3],0]],yes,no,['AIR','CHV','ICD9CM','MSH','MTHICD9','NLMSubSyn','SNOMEDCT_US'],[761/24],0,0)]),map(-916,[ev(-645,'C1705910','Possible','Possibly Related to Intervention',[possible],[qlco],[[[1,1],[1,1],0]],no,no,['MTH','NCI'],[752/8],0,0),ev(-923,'C0010051','Coronary artery aneurysm','Coronary Aneurysm',[coronary,artery,aneurysm],[anab,dsyn],[[[2,4],[1,3],0]],yes,no,['AIR','CHV','ICD9CM','MSH','MTHICD9','NLMSubSyn','SNOMEDCT_US'],[761/24],0,0)]),map(-916,[ev(-645,'C2362652','Possible','Possible diagnosis',[possible],[qlco],[[[1,1],[1,1],0]],no,no,['MTH','SNOMEDCT_US'],[752/8],0,0),ev(-923,'C0010051','Coronary artery aneurysm','Coronary Aneurysm',[coronary,artery,aneurysm],[anab,dsyn],[[[2,4],[1,3],0]],yes,no,['AIR','CHV','ICD9CM','MSH','MTHICD9','NLMSubSyn','SNOMEDCT_US'],[761/24],0,0)])]).
'EOU'.
utterance('00000000.tx.7',"2-year-old boy with fever and irritability for 5 days. ",787/55,[]).
phrase('2-year-old boy with fever',[shapes([inputmatch(['2']),features([integer]),tokens(['2'])]),punc([inputmatch([-]),tokens([])]),mod([lexmatch([year]),inputmatch([year]),tag(noun),tokens([year])]),punc([inputmatch([-]),tokens([])]),mod([lexmatch([old]),inputmatch([old]),tag(noun),tokens([old])]),head([lexmatch([boy]),inputmatch([boy]),tag(noun),tokens([boy])]),prep([lexmatch([with]),inputmatch([with]),tag(prep),tokens([with])]),mod([lexmatch([fever]),inputmatch([fever]),tag(noun),tokens([fever])])],787/25,[]).
candidates(8,0,0,8,[]).
mappings([map(-735,[ev(-586,'C0740116','+2','Integer +2',['2'],[qnco],[[[1,1],[1,1],0]],no,no,['SNOMEDCT_US'],[787/1],0,0),ev(-586,'C0439234',year,year,[year],[tmco],[[[2,2],[1,1],0]],no,no,['MTH','NCI','SNOMEDCT_US'],[789/4],0,0),ev(-586,'C0580836','Old','Old',[old],[tmco],[[[3,3],[1,1],0]],no,no,['MTH'],[794/3],0,0),ev(-753,'C0870221','Boy','Male child',[boy],[aggp],[[[4,4],[1,1],0]],yes,no,['CHV','NLMSubSyn','SNOMEDCT_US'],[798/3],0,0),ev(-586,'C0015967','Fever','Fever',[fever],[fndg],[[[6,6],[1,1],0]],no,no,['CHV','CSP','CST','DXP','ICD10CM','MSH','MTH','NCI','NLMSubSyn','SNMI','SNOMEDCT_US'],[807/5],0,0)]),map(-735,[ev(-586,'C0740116','+2','Integer +2',['2'],[qnco],[[[1,1],[1,1],0]],no,no,['SNOMEDCT_US'],[787/1],0,0),ev(-586,'C0439508','/year','per year',[year],[tmco],[[[2,2],[1,1],0]],no,no,['CHV','MTH','NCI','SNOMEDCT_US'],[789/4],0,0),ev(-586,'C0580836','Old','Old',[old],[tmco],[[[3,3],[1,1],0]],no,no,['MTH'],[794/3],0,0),ev(-753,'C0870221','Boy','Male child',[boy],[aggp],[[[4,4],[1,1],0]],yes,no,['CHV','NLMSubSyn','SNOMEDCT_US'],[798/3],0,0),ev(-586,'C0015967','Fever','Fever',[fever],[fndg],[[[6,6],[1,1],0]],no,no,['CHV','CSP','CST','DXP','ICD10CM','MSH','MTH','NCI','NLMSubSyn','SNMI','SNOMEDCT_US'],[807/5],0,0)]),map(-735,[ev(-586,'C2827735','2+','2+ Score',['2'],[qnco],[[[1,1],[1,1],0]],no,no,['MTH','NCI'],[787/1],0,0),ev(-586,'C0439234',year,year,[year],[tmco],[[[2,2],[1,1],0]],no,no,['MTH','NCI','SNOMEDCT_US'],[789/4],0,0),ev(-586,'C0580836','Old','Old',[old],[tmco],[[[3,3],[1,1],0]],no,no,['MTH'],[794/3],0,0),ev(-753,'C0870221','Boy','Male child',[boy],[aggp],[[[4,4],[1,1],0]],yes,no,['CHV','NLMSubSyn','SNOMEDCT_US'],[798/3],0,0),ev(-586,'C0015967','Fever','Fever',[fever],[fndg],[[[6,6],[1,1],0]],no,no,['CHV','CSP','CST','DXP','ICD10CM','MSH','MTH','NCI','NLMSubSyn','SNMI','SNOMEDCT_US'],[807/5],0,0)]),map(-735,[ev(-586,'C2827735','2+','2+ Score',['2'],[qnco],[[[1,1],[1,1],0]],no,no,['MTH','NCI'],[787/1],0,0),ev(-586,'C0439508','/year','per year',[year],[tmco],[[[2,2],[1,1],0]],no,no,['CHV','MTH','NCI','SNOMEDCT_US'],[789/4],0,0),ev(-586,'C0580836','Old','Old',[old],[tmco],[[[3,3],[1,1],0]],no,no,['MTH'],[794/3],0,0),ev(-753,'C0870221','Boy','Male child',[boy],[aggp],[[[4,4],[1,1],0]],yes,no,['CHV','NLMSubSyn','SNOMEDCT_US'],[798/3],0,0),ev(-586,'C0015967','Fever','Fever',[fever],[fndg],[[[6,6],[1,1],0]],no,no,['CHV','CSP','CST','DXP','ICD10CM','MSH','MTH','NCI','NLMSubSyn','SNMI','SNOMEDCT_US'],[807/5],0,0)]),map(-735,[ev(-586,'C2981700','2+','2+ Score, WHO',['2'],[clas],[[[1,1],[1,1],0]],no,no,['MTH','NCI'],[787/1],0,0),ev(-586,'C0439234',year,year,[year],[tmco],[[[2,2],[1,1],0]],no,no,['MTH','NCI','SNOMEDCT_US'],[789/4],0,0),ev(-586,'C0580836','Old','Old',[old],[tmco],[[[3,3],[1,1],0]],no,no,['MTH'],[794/3],0,0),ev(-753,'C0870221','Boy','Male child',[boy],[aggp],[[[4,4],[1,1],0]],yes,no,['CHV','NLMSubSyn','SNOMEDCT_US'],[798/3],0,0),ev(-586,'C0015967','Fever','Fever',[fever],[fndg],[[[6,6],[1,1],0]],no,no,['CHV','CSP','CST','DXP','ICD10CM','MSH','MTH','NCI','NLMSubSyn','SNMI','SNOMEDCT_US'],[807/5],0,0)]),map(-735,[ev(-586,'C2981700','2+','2+ Score, WHO',['2'],[clas],[[[1,1],[1,1],0]],no,no,['MTH','NCI'],[787/1],0,0),ev(-586,'C0439508','/year','per year',[year],[tmco],[[[2,2],[1,1],0]],no,no,['CHV','MTH','NCI','SNOMEDCT_US'],[789/4],0,0),ev(-586,'C0580836','Old','Old',[old],[tmco],[[[3,3],[1,1],0]],no,no,['MTH'],[794/3],0,0),ev(-753,'C0870221','Boy','Male child',[boy],[aggp],[[[4,4],[1,1],0]],yes,no,['CHV','NLMSubSyn','SNOMEDCT_US'],[798/3],0,0),ev(-586,'C0015967','Fever','Fever',[fever],[fndg],[[[6,6],[1,1],0]],no,no,['CHV','CSP','CST','DXP','ICD10CM','MSH','MTH','NCI','NLMSubSyn','SNMI','SNOMEDCT_US'],[807/5],0,0)])]).
phrase(and,[conj([lexmatch([and]),inputmatch([and]),tag(conj),tokens([and])])],813/3,[]).
candidates(0,0,0,0,[]).
mappings([]).
phrase('irritability for 5 days.',[head([lexmatch([irritability]),inputmatch([irritability]),tag(noun),tokens([irritability])]),prep([lexmatch([for]),inputmatch([for]),tag(prep),tokens([for])]),shapes([inputmatch(['5']),features([integer]),tokens(['5'])]),mod([lexmatch([days]),inputmatch([days]),tag(noun),tokens([days])]),punc([inputmatch(['.']),tokens([])])],817/24,[]).
candidates(5,2,0,3,[]).
mappings([map(-708,[ev(-770,'C0022107','Irritability','Irritable Mood',[irritability],[fndg],[[[1,1],[1,1],0]],yes,no,['AOD','MSH','MTH','OMIM','SNOMEDCT_US'],[817/12],0,0),ev(-604,'C0439228',days,day,[days],[tmco],[[[4,4],[1,1],0]],no,no,['MTH','SNOMEDCT_US'],[836/4],0,0)]),map(-708,[ev(-770,'C2700617','Irritability','Irritation - emotion',[irritability],[menp],[[[1,1],[1,1],0]],yes,no,['MTH','NCI'],[817/12],0,0),ev(-604,'C0439228',days,day,[days],[tmco],[[[4,4],[1,1],0]],no,no,['MTH','SNOMEDCT_US'],[836/4],0,0)])]).
'EOU'.
utterance('00000000.tx.8',"Physical exam findings include conjunctivitis, strawberry tongue, and desquamation of the fingers and toes. ",842/108,[]).
phrase('Physical exam findings',[mod([lexmatch([physical]),inputmatch(['Physical']),tag(adj),tokens([physical])]),mod([lexmatch([exam]),inputmatch([exam]),tag(noun),tokens([exam])]),head([lexmatch([findings]),inputmatch([findings]),tag(noun),tokens([findings])])],842/22,[]).
candidates(17,3,0,14,[]).
mappings([map(-1000,[ev(-1000,'C0311392','Physical exam findings','Physical findings',[physical,exam,findings],[fndg],[[[1,1],[1,1],0],[[2,2],[2,2],0],[[3,3],[3,3],0]],yes,no,['CST','MTH','NLMSubSyn','SNOMEDCT_US'],[842/22],0,0)]),map(-1000,[ev(-1000,'C0944980','Physical exam findings','Physical findings:Finding:Point in time:^Patient:Nominal:Observed',[physical,exam,findings],[clna],[[[1,1],[1,1],0],[[2,2],[2,2],0],[[3,3],[3,3],0]],yes,no,['LNC','NLMSubSyn'],[842/22],0,0)]),map(-1000,[ev(-1000,'C1509143','physical exam findings','Physical assessment findings',[physical,exam,findings],[fndg],[[[1,1],[1,1],0],[[2,2],[2,2],0],[[3,3],[3,3],0]],yes,no,['LNC','MTH','NLMSubSyn'],[842/22],0,0)])]).
phrase(include,[verb([lexmatch([include]),inputmatch([include]),tag(verb),tokens([include])])],865/7,[]).
candidates(3,0,0,3,[]).
mappings([map(-1000,[ev(-1000,'C0332257',include,'Including (qualifier)',[include],[ftcn],[[[1,1],[1,1],0]],yes,no,['CHV','MTH','SNOMEDCT_US'],[865/7],0,0)]),map(-1000,[ev(-1000,'C1552866',include,'include - SetOperator',[include],[idcn],[[[1,1],[1,1],0]],yes,no,['HL7V3.0','MTH'],[865/7],0,0)]),map(-1000,[ev(-1000,'C2700399','Include','Include (action)',[include],[acty],[[[1,1],[1,1],0]],yes,no,['MTH','NCI'],[865/7],0,0)])]).
phrase('conjunctivitis,',[head([lexmatch([conjunctivitis]),inputmatch([conjunctivitis]),tag(noun),tokens([conjunctivitis])]),punc([inputmatch([',']),tokens([])])],873/15,[]).
candidates(1,0,0,1,[]).
mappings([map(-1000,[ev(-1000,'C0009763','Conjunctivitis','Conjunctivitis',[conjunctivitis],[dsyn],[[[1,1],[1,1],0]],yes,no,['CHV','ICD10CM','MSH','NLMSubSyn','SNOMEDCT_US','SNOMEDCT_VET'],[873/14],0,0)])]).
phrase('strawberry tongue,',[head([lexmatch(['strawberry tongue']),inputmatch([strawberry,tongue]),tag(noun),tokens([strawberry,tongue])]),punc([inputmatch([',']),tokens([])])],889/18,[]).
candidates(9,3,0,6,[]).
mappings([map(-1000,[ev(-1000,'C0241262','Strawberry tongue','Strawberry tongue',[strawberry,tongue],[dsyn],[[[1,2],[1,2],0]],yes,no,['MTH','QMR'],[889/17],0,0)])]).
phrase(and,[conj([lexmatch([and]),inputmatch([and]),tag(conj),tokens([and])])],908/3,[]).
candidates(0,0,0,0,[]).
mappings([]).
phrase('desquamation of the fingers',[head([lexmatch([desquamation]),inputmatch([desquamation]),tag(noun),tokens([desquamation])]),prep([lexmatch([of]),inputmatch([of]),tag(prep),tokens([of])]),det([lexmatch([the]),inputmatch([the]),tag(det),tokens([the])]),mod([lexmatch([fingers]),inputmatch([fingers]),tag(noun),tokens([fingers])])],912/27,[]).
candidates(9,6,0,3,[]).
mappings([map(-708,[ev(-770,'C0237849','Desquamation','Peeling of skin',[desquamation],[fndg],[[[1,1],[1,1],0]],yes,no,['CHV','CST','DXP','ICD10CM','MTH','SNOMEDCT_US'],[912/12],0,0),ev(-604,'C0016129','Fingers','Fingers',[fingers],[blor],[[[4,4],[1,1],0]],no,no,['CHV','FMA','MTH','SNMI','SNOMEDCT_US'],[932/7],0,0)]),map(-708,[ev(-770,'C0237849','Desquamation','Peeling of skin',[desquamation],[fndg],[[[1,1],[1,1],0]],yes,no,['CHV','CST','DXP','ICD10CM','MTH','SNOMEDCT_US'],[912/12],0,0),ev(-604,'C0549188',fingers,'Fingers, unit of measurement',[fingers],[qnco],[[[4,4],[1,1],0]],no,no,['CHV','MTH','SNOMEDCT_US'],[932/7],0,0)])]).
phrase(and,[conj([lexmatch([and]),inputmatch([and]),tag(conj),tokens([and])])],940/3,[]).
candidates(0,0,0,0,[]).
mappings([]).
phrase('toes.',[head([lexmatch([toes]),inputmatch([toes]),tag(noun),tokens([toes])]),punc([inputmatch(['.']),tokens([])])],944/5,[]).
candidates(2,1,0,1,[]).
mappings([map(-1000,[ev(-1000,'C0040357','Toes','Toes',[toes],[bpoc],[[[1,1],[1,1],0]],yes,no,['FMA','MTH','SNMI','SNOMEDCT_US'],[944/4],0,0)])]).
'EOU'.
utterance('00000000.tx.9',"Lab results include low albumin, elevated white blood cell count and C-reactive protein, and urine leukocytes. ",950/111,[]).
phrase('Lab results',[mod([lexmatch([lab]),inputmatch(['Lab']),tag(noun),tokens([lab])]),head([lexmatch([results]),inputmatch([results]),tag(noun),tokens([results])])],950/11,[]).
candidates(7,2,0,5,[]).
mappings([map(-1000,[ev(-1000,'C3244125','lab results','lab results',[lab,results],[inpr],[[[1,1],[1,1],0],[[2,2],[2,2],0]],yes,no,['HL7V3.0'],[950/11],0,0)])]).
phrase(include,[verb([lexmatch([include]),inputmatch([include]),tag(verb),tokens([include])])],962/7,[]).
candidates(3,0,0,3,[]).
mappings([map(-1000,[ev(-1000,'C0332257',include,'Including (qualifier)',[include],[ftcn],[[[1,1],[1,1],0]],yes,no,['CHV','MTH','SNOMEDCT_US'],[962/7],0,0)]),map(-1000,[ev(-1000,'C1552866',include,'include - SetOperator',[include],[idcn],[[[1,1],[1,1],0]],yes,no,['HL7V3.0','MTH'],[962/7],0,0)]),map(-1000,[ev(-1000,'C2700399','Include','Include (action)',[include],[acty],[[[1,1],[1,1],0]],yes,no,['MTH','NCI'],[962/7],0,0)])]).
phrase('low albumin,',[mod([lexmatch([low]),inputmatch([low]),tag(adj),tokens([low])]),head([lexmatch([albumin]),inputmatch([albumin]),tag(noun),tokens([albumin])]),punc([inputmatch([',']),tokens([])])],970/12,[]).
candidates(5,0,0,5,[]).
mappings([map(-1000,[ev(-1000,'C0860864','low albumin','Decreased albumin',[low,albumin],[fndg],[[[1,1],[1,1],0],[[2,2],[2,2],0]],yes,no,['CHV','NLMSubSyn','SNOMEDCT_US'],[970/11],0,0)])]).
phrase(elevated,[verb([lexmatch([elevated]),inputmatch([elevated]),tag(verb),tokens([elevated])])],983/8,[]).
candidates(2,0,0,2,[]).
mappings([map(-1000,[ev(-1000,'C0205250','Elevated','High',[elevated],[qlco],[[[1,1],[1,1],0]],yes,no,['CHV','MTH','NCI','SNOMEDCT_US'],[983/8],0,0)]),map(-1000,[ev(-1000,'C3163633','Elevated','Elevated',[elevated],[qlco],[[[1,1],[1,1],0]],yes,no,['MTH'],[983/8],0,0)])]).
phrase('white blood cell count',[head([lexmatch(['white blood cell count']),inputmatch([white,blood,cell,count]),tag(noun),tokens([white,blood,cell,count])])],992/22,[]).
candidates(31,9,0,22,[]).
mappings([map(-1000,[ev(-1000,'C0023508','Blood Cell Count, White','White Blood Cell Count procedure',[white,blood,cell,count],[lbpr],[[[1,4],[1,4],0]],yes,no,['MSH','MTH','NCI','NLMSubSyn','SNOMEDCT_US'],[992/22],0,0)]),map(-1000,[ev(-1000,'C0427512','white blood cell count','White blood cell count laboratory result',[white,blood,cell,count],[lbtr],[[[1,4],[1,4],0]],yes,no,['CHV','MTH','NLMSubSyn','SNOMEDCT_US'],[992/22],0,0)])]).
phrase(and,[conj([lexmatch([and]),inputmatch([and]),tag(conj),tokens([and])])],1015/3,[]).
candidates(0,0,0,0,[]).
mappings([]).
phrase('C-reactive protein,',[head([lexmatch(['c-reactive protein']),inputmatch(['C',-,reactive,protein]),tag(noun),tokens([c,reactive,protein])]),punc([inputmatch([',']),tokens([])])],1019/19,[]).
candidates(4,0,0,4,[]).
mappings([map(-1000,[ev(-1000,'C0006560','C-reactive protein','C-reactive protein',[c,reactive,protein],[aapp,imft],[[[1,3],[1,3],0]],yes,no,['CHV','MTH','NLMSubSyn','SNOMEDCT_US'],[1019/18],0,0)]),map(-1000,[ev(-1000,'C1879974','C-Reactive Protein','CRP wt Allele',[c,reactive,protein],[gngm],[[[1,3],[1,3],0]],yes,no,['MTH','NCI'],[1019/18],0,0)])]).
phrase(and,[conj([lexmatch([and]),inputmatch([and]),tag(conj),tokens([and])])],1039/3,[]).
candidates(0,0,0,0,[]).
mappings([]).
phrase('urine leukocytes.',[mod([lexmatch([urine]),inputmatch([urine]),tag(noun),tokens([urine])]),head([lexmatch([leukocytes]),inputmatch([leukocytes]),tag(noun),tokens([leukocytes])]),punc([inputmatch(['.']),tokens([])])],1043/17,[]).
candidates(5,0,0,5,[]).
mappings([map(-1000,[ev(-1000,'C0555120','URINE LEUKOCYTES','Urine microscopy leukocytes present finding',[urine,leukocytes],[fndg],[[[1,1],[1,1],0],[[2,2],[2,2],0]],yes,no,['CHV','DXP','MTH','SNOMEDCT_US'],[1043/16],0,0)])]).
'EOU'.
utterance('00000000.tx.10',"Echo shows moderate dilation of the coronary arteries.",1061/54,[]).
phrase('Echo',[head([lexmatch([echo]),inputmatch(['Echo']),tag(noun),tokens([echo])])],1061/4,[]).
candidates(2,0,0,2,[]).
mappings([map(-1000,[ev(-1000,'C0058928','ECHO','ECHO protocol',[echo],[topp],[[[1,1],[1,1],0]],yes,no,['CHV','MTH','NCI','PDQ'],[1061/4],0,0)]),map(-1000,[ev(-1000,'C1655045','Echo','Echo (insect)',[echo],[euka],[[[1,1],[1,1],0]],yes,no,['MTH','NCBI'],[1061/4],0,0)])]).
phrase(shows,[verb([lexmatch([shows]),inputmatch([shows]),tag(verb),tokens([shows])])],1066/5,[]).
candidates(1,0,0,1,[]).
mappings([map(-1000,[ev(-1000,'C1547282','Show','Show',[show],[inpr],[[[1,1],[1,1],0]],yes,no,['HL7V3.0'],[1066/5],0,0)])]).
phrase('moderate dilation of the coronary arteries.',[mod([lexmatch([moderate]),inputmatch([moderate]),tag(adj),tokens([moderate])]),head([lexmatch([dilation]),inputmatch([dilation]),tag(noun),tokens([dilation])]),prep([lexmatch([of]),inputmatch([of]),tag(prep),tokens([of])]),det([lexmatch([the]),inputmatch([the]),tag(det),tokens([the])]),mod([lexmatch(['coronary arteries']),inputmatch([coronary,arteries]),tag(noun),tokens([coronary,arteries])]),punc([inputmatch(['.']),tokens([])])],1072/43,[]).
candidates(12,3,0,9,[]).
mappings([map(-719,[ev(-586,'C0205081','Moderate','Moderate (severity modifier)',[moderate],[qlco],[[[1,1],[1,1],0]],no,no,['SNOMEDCT_US'],[1072/8],0,0),ev(-753,'C0012359','Dilation','Pathological Dilatation',[dilation],[patf],[[[2,2],[1,1],0]],yes,no,['CHV','MSH','MTH','SNM','SNOMEDCT_US'],[1081/8],0,0),ev(-623,'C0205042','Coronary Arteries','Coronary artery',[coronary,arteries],[bpoc],[[[5,6],[1,2],0]],no,no,['FMA','MSH','MTH','NLMSubSyn','SNOMEDCT_US'],[1097/17],0,0)]),map(-719,[ev(-586,'C0205081','Moderate','Moderate (severity modifier)',[moderate],[qlco],[[[1,1],[1,1],0]],no,no,['SNOMEDCT_US'],[1072/8],0,0),ev(-753,'C0393293','Dilation','Endoscopic dilatation',[dilation],[topp],[[[2,2],[1,1],0]],yes,no,['MTH','MTHMST','SNOMEDCT_US'],[1081/8],0,0),ev(-623,'C0205042','Coronary Arteries','Coronary artery',[coronary,arteries],[bpoc],[[[5,6],[1,2],0]],no,no,['FMA','MSH','MTH','NLMSubSyn','SNOMEDCT_US'],[1097/17],0,0)]),map(-719,[ev(-586,'C0205081','Moderate','Moderate (severity modifier)',[moderate],[qlco],[[[1,1],[1,1],0]],no,no,['SNOMEDCT_US'],[1072/8],0,0),ev(-753,'C0700124','Dilation','Dilated',[dilation],[ftcn],[[[2,2],[1,1],0]],yes,no,['CHV','MTH','NCI','SNMI','SNOMEDCT_US'],[1081/8],0,0),ev(-623,'C0205042','Coronary Arteries','Coronary artery',[coronary,arteries],[bpoc],[[[5,6],[1,2],0]],no,no,['FMA','MSH','MTH','NLMSubSyn','SNOMEDCT_US'],[1097/17],0,0)]),map(-719,[ev(-586,'C1881878','Moderate','Moderation',[moderate],[qlco],[[[1,1],[1,1],0]],no,no,['MTH','NCI'],[1072/8],0,0),ev(-753,'C0012359','Dilation','Pathological Dilatation',[dilation],[patf],[[[2,2],[1,1],0]],yes,no,['CHV','MSH','MTH','SNM','SNOMEDCT_US'],[1081/8],0,0),ev(-623,'C0205042','Coronary Arteries','Coronary artery',[coronary,arteries],[bpoc],[[[5,6],[1,2],0]],no,no,['FMA','MSH','MTH','NLMSubSyn','SNOMEDCT_US'],[1097/17],0,0)]),map(-719,[ev(-586,'C1881878','Moderate','Moderation',[moderate],[qlco],[[[1,1],[1,1],0]],no,no,['MTH','NCI'],[1072/8],0,0),ev(-753,'C0393293','Dilation','Endoscopic dilatation',[dilation],[topp],[[[2,2],[1,1],0]],yes,no,['MTH','MTHMST','SNOMEDCT_US'],[1081/8],0,0),ev(-623,'C0205042','Coronary Arteries','Coronary artery',[coronary,arteries],[bpoc],[[[5,6],[1,2],0]],no,no,['FMA','MSH','MTH','NLMSubSyn','SNOMEDCT_US'],[1097/17],0,0)]),map(-719,[ev(-586,'C1881878','Moderate','Moderation',[moderate],[qlco],[[[1,1],[1,1],0]],no,no,['MTH','NCI'],[1072/8],0,0),ev(-753,'C0700124','Dilation','Dilated',[dilation],[ftcn],[[[2,2],[1,1],0]],yes,no,['CHV','MTH','NCI','SNMI','SNOMEDCT_US'],[1081/8],0,0),ev(-623,'C0205042','Coronary Arteries','Coronary artery',[coronary,arteries],[bpoc],[[[5,6],[1,2],0]],no,no,['FMA','MSH','MTH','NLMSubSyn','SNOMEDCT_US'],[1097/17],0,0)])]).
'EOU'.
'EOT'.
