args('metamap14.BINARY.Darwin --lexicon db -Z 2014AA -qE -Q 4 ../../TREC-CDS/2014-original/8.txt ../../TREC-CDS/results/8.txt.out',[lexicon-db,mm_data_year-'2014AA',machine_output-[],indicate_citation_end-[],composite_phrases-4,infile-'../../TREC-CDS/2014-original/8.txt',outfile-'../../TREC-CDS/results/8.txt.out']).
aas([]).
neg_list([negation(nega,no,[433/2],['C0302158':'Inflammatory infiltration'],[436/25])]).
utterance('00000000.tx.1',"diagnosis. ",0/11,[10]).
phrase('diagnosis.',[head([lexmatch([diagnosis]),inputmatch([diagnosis]),tag(noun),tokens([diagnosis])]),punc([inputmatch(['.']),tokens([])])],0/10,[]).
candidates(3,0,0,3,[]).
mappings([map(-1000,[ev(-1000,'C0011900','Diagnosis','Diagnosis',[diagnosis],[fndg],[[[1,1],[1,1],0]],yes,no,['CCS','CHV','LNC','MTH','NCI'],[0/9],0,0)]),map(-1000,[ev(-1000,'C1704338',diagnosis,'diagnosis aspect',[diagnosis],[qlco],[[[1,1],[1,1],0]],yes,no,['MSH','MTH','NLMSubSyn'],[0/9],0,0)]),map(-1000,[ev(-1000,'C1704656','DIAGNOSIS','Diagnosis Study',[diagnosis],[resa],[[[1,1],[1,1],0]],yes,no,['MTH','NCI'],[0/9],0,0)])]).
'EOU'.
utterance('00000000.tx.2',"A 62-year-old man sees a neurologist for progressive memory loss and jerking movements of the lower extremities. ",11/113,[]).
phrase('A 62-year-old man',[det([lexmatch([a]),inputmatch(['A']),tag(det),tokens([a])]),shapes([inputmatch(['62']),features([integer]),tokens(['62'])]),punc([inputmatch([-]),tokens([])]),mod([lexmatch([year]),inputmatch([year]),tag(noun),tokens([year])]),punc([inputmatch([-]),tokens([])]),mod([lexmatch([old]),inputmatch([old]),tag(noun),tokens([old])]),head([lexmatch([man]),inputmatch([man]),tag(noun),tokens([man])])],11/17,[]).
candidates(6,0,0,6,[]).
mappings([map(-775,[ev(-645,'C0439234',year,year,[year],[tmco],[[[2,2],[1,1],0]],no,no,['MTH','NCI','SNOMEDCT_US'],[16/4],0,0),ev(-645,'C0580836','Old','Old',[old],[tmco],[[[3,3],[1,1],0]],no,no,['MTH'],[21/3],0,0),ev(-812,'C0024554','MAN','Male gender',[man],[orga],[[[4,4],[1,1],0]],yes,no,['CHV','DXP','MSH','MTH','NCI','NLMSubSyn','QMR','SNOMEDCT_US'],[25/3],0,0)]),map(-775,[ev(-645,'C0439234',year,year,[year],[tmco],[[[2,2],[1,1],0]],no,no,['MTH','NCI','SNOMEDCT_US'],[16/4],0,0),ev(-645,'C0580836','Old','Old',[old],[tmco],[[[3,3],[1,1],0]],no,no,['MTH'],[21/3],0,0),ev(-812,'C0025266','Man','Male population group',[man],[popg],[[[4,4],[1,1],0]],yes,no,['MSH','MTH','NCI','NLMSubSyn','SNOMEDCT_US'],[25/3],0,0)]),map(-775,[ev(-645,'C0439234',year,year,[year],[tmco],[[[2,2],[1,1],0]],no,no,['MTH','NCI','SNOMEDCT_US'],[16/4],0,0),ev(-645,'C0580836','Old','Old',[old],[tmco],[[[3,3],[1,1],0]],no,no,['MTH'],[21/3],0,0),ev(-812,'C0086418','Man','Homo sapiens',[man],[humn],[[[4,4],[1,1],0]],yes,no,['MSH','MTH','NCI','SNMI','SNOMEDCT_US','SNOMEDCT_VET'],[25/3],0,0)]),map(-775,[ev(-645,'C0439508','/year','per year',[year],[tmco],[[[2,2],[1,1],0]],no,no,['CHV','MTH','NCI','SNOMEDCT_US'],[16/4],0,0),ev(-645,'C0580836','Old','Old',[old],[tmco],[[[3,3],[1,1],0]],no,no,['MTH'],[21/3],0,0),ev(-812,'C0024554','MAN','Male gender',[man],[orga],[[[4,4],[1,1],0]],yes,no,['CHV','DXP','MSH','MTH','NCI','NLMSubSyn','QMR','SNOMEDCT_US'],[25/3],0,0)]),map(-775,[ev(-645,'C0439508','/year','per year',[year],[tmco],[[[2,2],[1,1],0]],no,no,['CHV','MTH','NCI','SNOMEDCT_US'],[16/4],0,0),ev(-645,'C0580836','Old','Old',[old],[tmco],[[[3,3],[1,1],0]],no,no,['MTH'],[21/3],0,0),ev(-812,'C0025266','Man','Male population group',[man],[popg],[[[4,4],[1,1],0]],yes,no,['MSH','MTH','NCI','NLMSubSyn','SNOMEDCT_US'],[25/3],0,0)]),map(-775,[ev(-645,'C0439508','/year','per year',[year],[tmco],[[[2,2],[1,1],0]],no,no,['CHV','MTH','NCI','SNOMEDCT_US'],[16/4],0,0),ev(-645,'C0580836','Old','Old',[old],[tmco],[[[3,3],[1,1],0]],no,no,['MTH'],[21/3],0,0),ev(-812,'C0086418','Man','Homo sapiens',[man],[humn],[[[4,4],[1,1],0]],yes,no,['MSH','MTH','NCI','SNMI','SNOMEDCT_US','SNOMEDCT_VET'],[25/3],0,0)])]).
phrase(sees,[verb([lexmatch([sees]),inputmatch([sees]),tag(verb),tokens([sees])])],29/4,[]).
candidates(2,0,0,2,[]).
mappings([map(-1000,[ev(-1000,'C0042789',see,'Vision',[see],[orgf],[[[1,1],[1,1],0]],yes,no,['AOD','CHV','GO','ICF','MSH','MTH','NCI','NLMSubSyn','SNOMEDCT_US'],[29/4],0,0)]),map(-1000,[ev(-1000,'C1947903','See','See',[see],[acty],[[[1,1],[1,1],0]],yes,no,['MTH','NCI'],[29/4],0,0)])]).
phrase('a neurologist for progressive memory loss',[det([lexmatch([a]),inputmatch([a]),tag(det),tokens([a])]),head([lexmatch([neurologist]),inputmatch([neurologist]),tag(noun),tokens([neurologist])]),prep([lexmatch([for]),inputmatch([for]),tag(prep),tokens([for])]),mod([lexmatch([progressive]),inputmatch([progressive]),tag(adj),tokens([progressive])]),mod([lexmatch([memory]),inputmatch([memory]),tag(noun),tokens([memory])]),mod([lexmatch([loss]),inputmatch([loss]),tag(noun),tokens([loss])])],34/41,[]).
candidates(9,1,0,8,[]).
mappings([map(-725,[ev(-753,'C0237426','Neurologist','Neurologist',[neurologist],[prog],[[[2,2],[1,1],0]],yes,no,['LCH','SNOMEDCT_US'],[36/11],0,0),ev(-586,'C0205329','Progressive','Progressive',[progressive],[ftcn],[[[4,4],[1,1],0]],no,no,['CHV','MTH','SNOMEDCT_US'],[52/11],0,0),ev(-623,'C0002622','Memory loss','Amnesia',[memory,loss],[mobd],[[[5,5],[1,1],0],[[6,6],[2,2],0]],no,no,['MSH','MTH','SNOMEDCT_US'],[64/11],0,0)]),map(-725,[ev(-753,'C0237426','Neurologist','Neurologist',[neurologist],[prog],[[[2,2],[1,1],0]],yes,no,['LCH','SNOMEDCT_US'],[36/11],0,0),ev(-586,'C0205329','Progressive','Progressive',[progressive],[ftcn],[[[4,4],[1,1],0]],no,no,['CHV','MTH','SNOMEDCT_US'],[52/11],0,0),ev(-623,'C0751295','Memory Loss','Memory Loss',[memory,loss],[sosy],[[[5,5],[1,1],0],[[6,6],[2,2],0]],no,no,['COSTAR','MSH','MTH'],[64/11],0,0)])]).
phrase(and,[conj([lexmatch([and]),inputmatch([and]),tag(conj),tokens([and])])],76/3,[]).
candidates(0,0,0,0,[]).
mappings([]).
phrase('jerking movements of the lower extremities.',[mod([lexmatch([jerking]),inputmatch([jerking]),tag(adj),tokens([jerking])]),head([lexmatch([movements]),inputmatch([movements]),tag(noun),tokens([movements])]),prep([lexmatch([of]),inputmatch([of]),tag(prep),tokens([of])]),det([lexmatch([the]),inputmatch([the]),tag(det),tokens([the])]),mod([lexmatch(['lower extremities']),inputmatch([lower,extremities]),tag(noun),tokens([lower,extremities])]),punc([inputmatch(['.']),tokens([])])],80/43,[]).
candidates(17,6,0,11,[]).
mappings([map(-746,[ev(-790,'C2674421','Jerking movements','Jerking movements',[jerking,movements],[fndg],[[[1,1],[1,1],0],[[2,2],[2,2],0]],yes,no,['NLMSubSyn','OMIM'],[80/17],0,0),ev(-623,'C0023216','LOWER EXTREMITIES','Lower Extremity',[lower,extremities],[blor],[[[5,6],[1,2],0]],no,no,['FMA','ICF','MSH','MTH','SNMI','SNOMEDCT_US','SNOMEDCT_VET'],[105/17],0,0)])]).
'EOU'.
utterance('00000000.tx.3',"Neurologic examination confirms severe cognitive deficits and memory dysfunction. ",124/82,[]).
phrase('Neurologic examination',[mod([lexmatch([neurologic]),inputmatch(['Neurologic']),tag(adj),tokens([neurologic])]),head([lexmatch([examination]),inputmatch([examination]),tag(noun),tokens([examination])])],124/22,[]).
candidates(7,5,0,2,[]).
mappings([map(-1000,[ev(-1000,'C0027853','Neurologic Examination','Neurologic Examination',[neurologic,examination],[diap],[[[1,1],[1,1],0],[[2,2],[2,2],0]],yes,no,['AOD','MSH','MTH','NCI','NLMSubSyn','SNOMEDCT_US'],[124/22],0,0)])]).
phrase(confirms,[verb([lexmatch([confirms]),inputmatch([confirms]),tag(verb),tokens([confirms])])],147/8,[]).
candidates(3,0,0,3,[]).
mappings([map(-1000,[ev(-1000,'C0521093',confirm,'Confirmed by',[confirm],[qlco],[[[1,1],[1,1],0]],yes,no,['CHV','SNMI'],[147/8],0,0)]),map(-1000,[ev(-1000,'C0750484',confirm,'Confirmation',[confirm],[idcn],[[[1,1],[1,1],0]],yes,no,['CHV','MTH','NCI'],[147/8],0,0)]),map(-1000,[ev(-1000,'C1456348','Confirm','Confirm',[confirm],[qlco],[[[1,1],[1,1],0]],yes,no,['MTH'],[147/8],0,0)])]).
phrase('severe cognitive deficits',[mod([lexmatch([severe]),inputmatch([severe]),tag(adj),tokens([severe])]),mod([lexmatch([cognitive]),inputmatch([cognitive]),tag(adj),tokens([cognitive])]),head([lexmatch([deficits]),inputmatch([deficits]),tag(noun),tokens([deficits])])],156/25,[]).
candidates(5,1,0,4,[]).
mappings([map(-901,[ev(-660,'C0205082','Severe','Severe (severity modifier)',[severe],[qlco],[[[1,1],[1,1],0]],no,no,['CHV','NLMSubSyn','SNOMEDCT_US'],[156/6],0,0),ev(-901,'C0679466','Cognitive deficits','Cognitive deficits',[cognitive,deficits],[mobd],[[[2,2],[1,1],0],[[3,3],[2,2],0]],yes,no,['AOD','CHV','NLMSubSyn','OMIM'],[163/18],0,0)])]).
phrase(and,[conj([lexmatch([and]),inputmatch([and]),tag(conj),tokens([and])])],182/3,[]).
candidates(0,0,0,0,[]).
mappings([]).
phrase('memory dysfunction.',[mod([lexmatch([memory]),inputmatch([memory]),tag(noun),tokens([memory])]),head([lexmatch([dysfunction]),inputmatch([dysfunction]),tag(noun),tokens([dysfunction])]),punc([inputmatch(['.']),tokens([])])],186/19,[]).
candidates(9,3,0,6,[]).
mappings([map(-1000,[ev(-1000,'C0233794','Memory dysfunction','Memory impairment',[memory,dysfunction],[mobd],[[[1,1],[1,1],0],[[2,2],[2,2],0]],yes,no,['CHV','CST','ICPC','MSH','MTH','NLMSubSyn','SNMI','SNOMEDCT_US'],[186/18],0,0)])]).
'EOU'.
utterance('00000000.tx.4',"An electroencephalogram shows generalized periodic sharp waves. ",206/64,[]).
phrase('An electroencephalogram',[det([lexmatch([an]),inputmatch(['An']),tag(det),tokens([an])]),head([lexmatch([electroencephalogram]),inputmatch([electroencephalogram]),tag(noun),tokens([electroencephalogram])])],206/23,[]).
candidates(3,0,0,3,[]).
mappings([map(-1000,[ev(-1000,'C0013819','Electroencephalogram','Electroencephalography',[electroencephalogram],[diap],[[[1,1],[1,1],0]],yes,no,['CHV','MTH','SNMI','SNOMEDCT_US'],[209/20],0,0)]),map(-1000,[ev(-1000,'C1527380','Electroencephalogram','Electroencephalogram',[electroencephalogram],[lbtr],[[[1,1],[1,1],0]],yes,no,['MSH','MTH'],[209/20],0,0)]),map(-1000,[ev(-1000,'C1547121','Electro-Encephalogram','Electro-Encephalogram',[electro,encephalogram],[spco],[[[1,1],[1,2],0]],yes,no,['HL7V2.5'],[209/20],0,0)])]).
phrase(shows,[verb([lexmatch([shows]),inputmatch([shows]),tag(verb),tokens([shows])])],230/5,[]).
candidates(1,0,0,1,[]).
mappings([map(-1000,[ev(-1000,'C1547282','Show','Show',[show],[inpr],[[[1,1],[1,1],0]],yes,no,['HL7V3.0'],[230/5],0,0)])]).
phrase('generalized periodic sharp waves.',[mod([lexmatch([generalized]),inputmatch([generalized]),tag(adj),tokens([generalized])]),head([lexmatch(['periodic sharp waves']),inputmatch([periodic,sharp,waves]),tag(noun),tokens([periodic,sharp,waves])]),punc([inputmatch(['.']),tokens([])])],236/33,[]).
candidates(10,4,0,6,[]).
mappings([map(-833,[ev(-645,'C0205246','Generalized','Generalized',[generalized],[spco],[[[1,1],[1,1],0]],no,no,['HL7V3.0','MTH','SNOMEDCT_US'],[236/11],0,0),ev(-812,'C0332182','Periodic','Periodic',[periodic],[tmco],[[[2,2],[1,1],0]],yes,no,['MTH','SNOMEDCT_US'],[248/8],0,0),ev(-812,'C1444775','Sharp','Sharp sensation quality',[sharp],[fndg],[[[3,3],[1,1],0]],yes,no,['MTH','NLMSubSyn','SNOMEDCT_US'],[257/5],0,0),ev(-812,'C0678544',waves,'wave - physical agent',[waves],[npop],[[[4,4],[1,1],0]],yes,no,['AOD','CHV','MTH'],[263/5],0,0)]),map(-833,[ev(-645,'C0205246','Generalized','Generalized',[generalized],[spco],[[[1,1],[1,1],0]],no,no,['HL7V3.0','MTH','SNOMEDCT_US'],[236/11],0,0),ev(-812,'C0332182','Periodic','Periodic',[periodic],[tmco],[[[2,2],[1,1],0]],yes,no,['MTH','SNOMEDCT_US'],[248/8],0,0),ev(-812,'C1539835','SHARP','SPEN gene',[sharp],[gngm],[[[3,3],[1,1],0]],yes,no,['HGNC','MTH','OMIM'],[257/5],0,0),ev(-812,'C0678544',waves,'wave - physical agent',[waves],[npop],[[[4,4],[1,1],0]],yes,no,['AOD','CHV','MTH'],[263/5],0,0)]),map(-833,[ev(-645,'C0205246','Generalized','Generalized',[generalized],[spco],[[[1,1],[1,1],0]],no,no,['HL7V3.0','MTH','SNOMEDCT_US'],[236/11],0,0),ev(-812,'C1706381','PERIODIC','Periodic Report',[periodic],[inpr],[[[2,2],[1,1],0]],yes,no,['MTH','NCI'],[248/8],0,0),ev(-812,'C1444775','Sharp','Sharp sensation quality',[sharp],[fndg],[[[3,3],[1,1],0]],yes,no,['MTH','NLMSubSyn','SNOMEDCT_US'],[257/5],0,0),ev(-812,'C0678544',waves,'wave - physical agent',[waves],[npop],[[[4,4],[1,1],0]],yes,no,['AOD','CHV','MTH'],[263/5],0,0)]),map(-833,[ev(-645,'C0205246','Generalized','Generalized',[generalized],[spco],[[[1,1],[1,1],0]],no,no,['HL7V3.0','MTH','SNOMEDCT_US'],[236/11],0,0),ev(-812,'C1706381','PERIODIC','Periodic Report',[periodic],[inpr],[[[2,2],[1,1],0]],yes,no,['MTH','NCI'],[248/8],0,0),ev(-812,'C1539835','SHARP','SPEN gene',[sharp],[gngm],[[[3,3],[1,1],0]],yes,no,['HGNC','MTH','OMIM'],[257/5],0,0),ev(-812,'C0678544',waves,'wave - physical agent',[waves],[npop],[[[4,4],[1,1],0]],yes,no,['AOD','CHV','MTH'],[263/5],0,0)])]).
'EOU'.
utterance('00000000.tx.5',"Neuroimaging studies show moderately advanced cerebral atrophy. ",270/64,[]).
phrase('Neuroimaging studies',[head([lexmatch(['neuroimaging studies']),inputmatch(['Neuroimaging',studies]),tag(noun),tokens([neuroimaging,studies])])],270/20,[]).
candidates(4,2,0,2,[]).
mappings([map(-888,[ev(-861,'C0679575','Neuroimaging','Neuroimaging',[neuroimaging],[diap],[[[1,1],[1,1],0]],yes,no,['MSH'],[270/12],0,0),ev(-861,'C0947630',studies,'Scientific Study',[studies],[lbpr],[[[2,2],[1,1],0]],yes,no,['CHV','MTH'],[283/7],0,0)])]).
phrase(show,[verb([lexmatch([show]),inputmatch([show]),tag(verb),tokens([show])])],291/4,[]).
candidates(1,0,0,1,[]).
mappings([map(-1000,[ev(-1000,'C1547282','Show','Show',[show],[inpr],[[[1,1],[1,1],0]],yes,no,['HL7V3.0'],[291/4],0,0)])]).
phrase(moderately,[adv([lexmatch([moderately]),inputmatch([moderately]),tag(adv),tokens([moderately])])],296/10,[]).
candidates(1,0,0,1,[]).
mappings([map(-1000,[ev(-1000,'C1881878','Moderately','Moderation',[moderately],[qlco],[[[1,1],[1,1],0]],yes,no,['MTH','NCI'],[296/10],0,0)])]).
phrase(advanced,[verb([lexmatch([advanced]),inputmatch([advanced]),tag(verb),tokens([advanced])])],307/8,[]).
candidates(2,1,0,1,[]).
mappings([map(-1000,[ev(-1000,'C0205179','Advanced','Advanced phase',[advanced],[qlco],[[[1,1],[1,1],0]],yes,no,['MTH','NLMSubSyn','SNOMEDCT_US'],[307/8],0,0)])]).
phrase('cerebral atrophy.',[head([lexmatch(['cerebral atrophy']),inputmatch([cerebral,atrophy]),tag(noun),tokens([cerebral,atrophy])]),punc([inputmatch(['.']),tokens([])])],316/17,[]).
candidates(3,1,0,2,[]).
mappings([map(-1000,[ev(-1000,'C0235946','Cerebral atrophy','Cerebral atrophy',[cerebral,atrophy],[dsyn],[[[1,2],[1,2],0]],yes,no,['CHV','NLMSubSyn','OMIM','SNOMEDCT_US'],[316/16],0,0)])]).
'EOU'.
utterance('00000000.tx.6',"A cortical biopsy shows diffuse vacuolar changes of the gray matter with reactive astrocytosis but no inflammatory infiltration. ",334/129,[462]).
phrase('A cortical biopsy',[det([lexmatch([a]),inputmatch(['A']),tag(det),tokens([a])]),mod([lexmatch([cortical]),inputmatch([cortical]),tag(adj),tokens([cortical])]),head([lexmatch([biopsy]),inputmatch([biopsy]),tag(noun),tokens([biopsy])])],334/17,[]).
candidates(9,4,0,5,[]).
mappings([map(-888,[ev(-694,'C0001613','Cortical','Adrenal Cortex',[cortical],[bpoc],[[[1,1],[1,1],0]],no,no,['FMA','MTH','NCI','NLMSubSyn','SNOMEDCT_US'],[336/8],0,0),ev(-861,'C0005558','Biopsy','Biopsy',[biopsy],[diap],[[[2,2],[1,1],0]],yes,no,['CHV','MTH','NCI','PDQ','SNOMEDCT_US'],[345/6],0,0)]),map(-888,[ev(-694,'C0001613','Cortical','Adrenal Cortex',[cortical],[bpoc],[[[1,1],[1,1],0]],no,no,['FMA','MTH','NCI','NLMSubSyn','SNOMEDCT_US'],[336/8],0,0),ev(-861,'C0220797',biopsy,'biopsy characteristics',[biopsy],[ftcn],[[[2,2],[1,1],0]],yes,no,['MSH','MTH'],[345/6],0,0)]),map(-888,[ev(-694,'C0007776','Cortical','Cerebral cortex',[cortical],[bpoc],[[[1,1],[1,1],0]],no,no,['FMA','MSH','MTH','NCI','NLMSubSyn','SNOMEDCT_US'],[336/8],0,0),ev(-861,'C0005558','Biopsy','Biopsy',[biopsy],[diap],[[[2,2],[1,1],0]],yes,no,['CHV','MTH','NCI','PDQ','SNOMEDCT_US'],[345/6],0,0)]),map(-888,[ev(-694,'C0007776','Cortical','Cerebral cortex',[cortical],[bpoc],[[[1,1],[1,1],0]],no,no,['FMA','MSH','MTH','NCI','NLMSubSyn','SNOMEDCT_US'],[336/8],0,0),ev(-861,'C0220797',biopsy,'biopsy characteristics',[biopsy],[ftcn],[[[2,2],[1,1],0]],yes,no,['MSH','MTH'],[345/6],0,0)]),map(-888,[ev(-694,'C0022655','Cortical','Structure of cortex of kidney',[cortical],[bpoc],[[[1,1],[1,1],0]],no,no,['CHV','FMA','MSH','MTH','NCI','NLMSubSyn','SNOMEDCT_US'],[336/8],0,0),ev(-861,'C0005558','Biopsy','Biopsy',[biopsy],[diap],[[[2,2],[1,1],0]],yes,no,['CHV','MTH','NCI','PDQ','SNOMEDCT_US'],[345/6],0,0)]),map(-888,[ev(-694,'C0022655','Cortical','Structure of cortex of kidney',[cortical],[bpoc],[[[1,1],[1,1],0]],no,no,['CHV','FMA','MSH','MTH','NCI','NLMSubSyn','SNOMEDCT_US'],[336/8],0,0),ev(-861,'C0220797',biopsy,'biopsy characteristics',[biopsy],[ftcn],[[[2,2],[1,1],0]],yes,no,['MSH','MTH'],[345/6],0,0)])]).
phrase(shows,[verb([lexmatch([shows]),inputmatch([shows]),tag(verb),tokens([shows])])],352/5,[]).
candidates(1,0,0,1,[]).
mappings([map(-1000,[ev(-1000,'C1547282','Show','Show',[show],[inpr],[[[1,1],[1,1],0]],yes,no,['HL7V3.0'],[352/5],0,0)])]).
phrase('diffuse vacuolar changes of the gray matter',[mod([lexmatch([diffuse]),inputmatch([diffuse]),tag(adj),tokens([diffuse])]),mod([lexmatch([vacuolar]),inputmatch([vacuolar]),tag(adj),tokens([vacuolar])]),head([lexmatch([changes]),inputmatch([changes]),tag(noun),tokens([changes])]),prep([lexmatch([of]),inputmatch([of]),tag(prep),tokens([of])]),det([lexmatch([the]),inputmatch([the]),tag(det),tokens([the])]),mod([lexmatch(['gray matter']),inputmatch([gray,matter]),tag(noun),tokens([gray,matter])])],358/43,[]).
candidates(9,1,0,8,[]).
mappings([map(-720,[ev(-581,'C0205219','Diffuse','Diffuse',[diffuse],[qlco],[[[1,1],[1,1],0]],no,no,['CHV','SNOMEDCT_US'],[358/7],0,0),ev(-762,'C0010840','Vacuolar change','Vacuolation',[vacuolar,change],[fndg],[[[2,2],[1,1],0],[[3,3],[2,2],1]],yes,no,['SNM','SNOMEDCT_US','SNOMEDCT_VET'],[366/16],0,0),ev(-612,'C0018220','Gray matter','Gray matter',[gray,matter],[tisu],[[[6,7],[1,2],0]],no,no,['FMA','SNOMEDCT_US'],[390/11],0,0)])]).
phrase('with reactive astrocytosis',[prep([lexmatch([with]),inputmatch([with]),tag(prep),tokens([with])]),mod([lexmatch([reactive]),inputmatch([reactive]),tag(adj),tokens([reactive])]),head([lexmatch([astrocytosis]),inputmatch([astrocytosis]),tag(noun),tokens([astrocytosis])])],402/26,[]).
candidates(3,0,0,3,[]).
mappings([map(-1000,[ev(-1000,'C3550269','reactive astrocytosis','Reactive gliosis',[reactive,astrocytosis],[fndg],[[[1,1],[1,1],0],[[2,2],[2,2],0]],yes,no,['NLMSubSyn','OMIM'],[407/21],0,0)])]).
phrase(but,[conj([lexmatch([but]),inputmatch([but]),tag(conj),tokens([but])])],429/3,[]).
candidates(0,0,0,0,[]).
mappings([]).
phrase('no inflammatory infiltration.',[det([lexmatch([no]),inputmatch([no]),tag(det),tokens([no])]),head([lexmatch(['inflammatory infiltration']),inputmatch([inflammatory,infiltration]),tag(noun),tokens([inflammatory,infiltration])]),punc([inputmatch(['.']),tokens([])])],433/29,[]).
candidates(6,0,0,6,[]).
mappings([map(-1000,[ev(-1000,'C0302158','Inflammatory infiltration','Leucocytic infiltrate',[inflammatory,infiltration],[patf],[[[1,2],[1,2],0]],yes,no,['MTH','NLMSubSyn','SNOMEDCT_US'],[436/25],0,1)])]).
'EOU'.
utterance('00000000.tx.7',"62-year-old man with progressive memory loss and involuntary leg movements. ",463/76,[]).
phrase('62-year-old man with progressive memory loss',[shapes([inputmatch(['62']),features([integer]),tokens(['62'])]),punc([inputmatch([-]),tokens([])]),mod([lexmatch([year]),inputmatch([year]),tag(noun),tokens([year])]),punc([inputmatch([-]),tokens([])]),mod([lexmatch([old]),inputmatch([old]),tag(noun),tokens([old])]),head([lexmatch([man]),inputmatch([man]),tag(noun),tokens([man])]),prep([lexmatch([with]),inputmatch([with]),tag(prep),tokens([with])]),mod([lexmatch([progressive]),inputmatch([progressive]),tag(adj),tokens([progressive])]),mod([lexmatch([memory]),inputmatch([memory]),tag(noun),tokens([memory])]),mod([lexmatch([loss]),inputmatch([loss]),tag(noun),tokens([loss])])],463/44,[]).
candidates(14,1,0,13,[]).
mappings([map(-705,[ev(-578,'C0439234',year,year,[year],[tmco],[[[2,2],[1,1],0]],no,no,['MTH','NCI','SNOMEDCT_US'],[466/4],0,0),ev(-578,'C0580836','Old','Old',[old],[tmco],[[[3,3],[1,1],0]],no,no,['MTH'],[471/3],0,0),ev(-744,'C0024554','MAN','Male gender',[man],[orga],[[[4,4],[1,1],0]],yes,no,['CHV','DXP','MSH','MTH','NCI','NLMSubSyn','QMR','SNOMEDCT_US'],[475/3],0,0),ev(-578,'C0205329','Progressive','Progressive',[progressive],[ftcn],[[[6,6],[1,1],0]],no,no,['CHV','MTH','SNOMEDCT_US'],[484/11],0,0),ev(-604,'C0002622','Memory loss','Amnesia',[memory,loss],[mobd],[[[7,7],[1,1],0],[[8,8],[2,2],0]],no,no,['MSH','MTH','SNOMEDCT_US'],[496/11],0,0)]),map(-705,[ev(-578,'C0439234',year,year,[year],[tmco],[[[2,2],[1,1],0]],no,no,['MTH','NCI','SNOMEDCT_US'],[466/4],0,0),ev(-578,'C0580836','Old','Old',[old],[tmco],[[[3,3],[1,1],0]],no,no,['MTH'],[471/3],0,0),ev(-744,'C0024554','MAN','Male gender',[man],[orga],[[[4,4],[1,1],0]],yes,no,['CHV','DXP','MSH','MTH','NCI','NLMSubSyn','QMR','SNOMEDCT_US'],[475/3],0,0),ev(-578,'C0205329','Progressive','Progressive',[progressive],[ftcn],[[[6,6],[1,1],0]],no,no,['CHV','MTH','SNOMEDCT_US'],[484/11],0,0),ev(-604,'C0751295','Memory Loss','Memory Loss',[memory,loss],[sosy],[[[7,7],[1,1],0],[[8,8],[2,2],0]],no,no,['COSTAR','MSH','MTH'],[496/11],0,0)]),map(-705,[ev(-578,'C0439234',year,year,[year],[tmco],[[[2,2],[1,1],0]],no,no,['MTH','NCI','SNOMEDCT_US'],[466/4],0,0),ev(-578,'C0580836','Old','Old',[old],[tmco],[[[3,3],[1,1],0]],no,no,['MTH'],[471/3],0,0),ev(-744,'C0025266','Man','Male population group',[man],[popg],[[[4,4],[1,1],0]],yes,no,['MSH','MTH','NCI','NLMSubSyn','SNOMEDCT_US'],[475/3],0,0),ev(-578,'C0205329','Progressive','Progressive',[progressive],[ftcn],[[[6,6],[1,1],0]],no,no,['CHV','MTH','SNOMEDCT_US'],[484/11],0,0),ev(-604,'C0002622','Memory loss','Amnesia',[memory,loss],[mobd],[[[7,7],[1,1],0],[[8,8],[2,2],0]],no,no,['MSH','MTH','SNOMEDCT_US'],[496/11],0,0)]),map(-705,[ev(-578,'C0439234',year,year,[year],[tmco],[[[2,2],[1,1],0]],no,no,['MTH','NCI','SNOMEDCT_US'],[466/4],0,0),ev(-578,'C0580836','Old','Old',[old],[tmco],[[[3,3],[1,1],0]],no,no,['MTH'],[471/3],0,0),ev(-744,'C0025266','Man','Male population group',[man],[popg],[[[4,4],[1,1],0]],yes,no,['MSH','MTH','NCI','NLMSubSyn','SNOMEDCT_US'],[475/3],0,0),ev(-578,'C0205329','Progressive','Progressive',[progressive],[ftcn],[[[6,6],[1,1],0]],no,no,['CHV','MTH','SNOMEDCT_US'],[484/11],0,0),ev(-604,'C0751295','Memory Loss','Memory Loss',[memory,loss],[sosy],[[[7,7],[1,1],0],[[8,8],[2,2],0]],no,no,['COSTAR','MSH','MTH'],[496/11],0,0)]),map(-705,[ev(-578,'C0439234',year,year,[year],[tmco],[[[2,2],[1,1],0]],no,no,['MTH','NCI','SNOMEDCT_US'],[466/4],0,0),ev(-578,'C0580836','Old','Old',[old],[tmco],[[[3,3],[1,1],0]],no,no,['MTH'],[471/3],0,0),ev(-744,'C0086418','Man','Homo sapiens',[man],[humn],[[[4,4],[1,1],0]],yes,no,['MSH','MTH','NCI','SNMI','SNOMEDCT_US','SNOMEDCT_VET'],[475/3],0,0),ev(-578,'C0205329','Progressive','Progressive',[progressive],[ftcn],[[[6,6],[1,1],0]],no,no,['CHV','MTH','SNOMEDCT_US'],[484/11],0,0),ev(-604,'C0002622','Memory loss','Amnesia',[memory,loss],[mobd],[[[7,7],[1,1],0],[[8,8],[2,2],0]],no,no,['MSH','MTH','SNOMEDCT_US'],[496/11],0,0)]),map(-705,[ev(-578,'C0439234',year,year,[year],[tmco],[[[2,2],[1,1],0]],no,no,['MTH','NCI','SNOMEDCT_US'],[466/4],0,0),ev(-578,'C0580836','Old','Old',[old],[tmco],[[[3,3],[1,1],0]],no,no,['MTH'],[471/3],0,0),ev(-744,'C0086418','Man','Homo sapiens',[man],[humn],[[[4,4],[1,1],0]],yes,no,['MSH','MTH','NCI','SNMI','SNOMEDCT_US','SNOMEDCT_VET'],[475/3],0,0),ev(-578,'C0205329','Progressive','Progressive',[progressive],[ftcn],[[[6,6],[1,1],0]],no,no,['CHV','MTH','SNOMEDCT_US'],[484/11],0,0),ev(-604,'C0751295','Memory Loss','Memory Loss',[memory,loss],[sosy],[[[7,7],[1,1],0],[[8,8],[2,2],0]],no,no,['COSTAR','MSH','MTH'],[496/11],0,0)]),map(-705,[ev(-578,'C0439508','/year','per year',[year],[tmco],[[[2,2],[1,1],0]],no,no,['CHV','MTH','NCI','SNOMEDCT_US'],[466/4],0,0),ev(-578,'C0580836','Old','Old',[old],[tmco],[[[3,3],[1,1],0]],no,no,['MTH'],[471/3],0,0),ev(-744,'C0024554','MAN','Male gender',[man],[orga],[[[4,4],[1,1],0]],yes,no,['CHV','DXP','MSH','MTH','NCI','NLMSubSyn','QMR','SNOMEDCT_US'],[475/3],0,0),ev(-578,'C0205329','Progressive','Progressive',[progressive],[ftcn],[[[6,6],[1,1],0]],no,no,['CHV','MTH','SNOMEDCT_US'],[484/11],0,0),ev(-604,'C0002622','Memory loss','Amnesia',[memory,loss],[mobd],[[[7,7],[1,1],0],[[8,8],[2,2],0]],no,no,['MSH','MTH','SNOMEDCT_US'],[496/11],0,0)]),map(-705,[ev(-578,'C0439508','/year','per year',[year],[tmco],[[[2,2],[1,1],0]],no,no,['CHV','MTH','NCI','SNOMEDCT_US'],[466/4],0,0),ev(-578,'C0580836','Old','Old',[old],[tmco],[[[3,3],[1,1],0]],no,no,['MTH'],[471/3],0,0),ev(-744,'C0024554','MAN','Male gender',[man],[orga],[[[4,4],[1,1],0]],yes,no,['CHV','DXP','MSH','MTH','NCI','NLMSubSyn','QMR','SNOMEDCT_US'],[475/3],0,0),ev(-578,'C0205329','Progressive','Progressive',[progressive],[ftcn],[[[6,6],[1,1],0]],no,no,['CHV','MTH','SNOMEDCT_US'],[484/11],0,0),ev(-604,'C0751295','Memory Loss','Memory Loss',[memory,loss],[sosy],[[[7,7],[1,1],0],[[8,8],[2,2],0]],no,no,['COSTAR','MSH','MTH'],[496/11],0,0)]),map(-705,[ev(-578,'C0439508','/year','per year',[year],[tmco],[[[2,2],[1,1],0]],no,no,['CHV','MTH','NCI','SNOMEDCT_US'],[466/4],0,0),ev(-578,'C0580836','Old','Old',[old],[tmco],[[[3,3],[1,1],0]],no,no,['MTH'],[471/3],0,0),ev(-744,'C0025266','Man','Male population group',[man],[popg],[[[4,4],[1,1],0]],yes,no,['MSH','MTH','NCI','NLMSubSyn','SNOMEDCT_US'],[475/3],0,0),ev(-578,'C0205329','Progressive','Progressive',[progressive],[ftcn],[[[6,6],[1,1],0]],no,no,['CHV','MTH','SNOMEDCT_US'],[484/11],0,0),ev(-604,'C0002622','Memory loss','Amnesia',[memory,loss],[mobd],[[[7,7],[1,1],0],[[8,8],[2,2],0]],no,no,['MSH','MTH','SNOMEDCT_US'],[496/11],0,0)]),map(-705,[ev(-578,'C0439508','/year','per year',[year],[tmco],[[[2,2],[1,1],0]],no,no,['CHV','MTH','NCI','SNOMEDCT_US'],[466/4],0,0),ev(-578,'C0580836','Old','Old',[old],[tmco],[[[3,3],[1,1],0]],no,no,['MTH'],[471/3],0,0),ev(-744,'C0025266','Man','Male population group',[man],[popg],[[[4,4],[1,1],0]],yes,no,['MSH','MTH','NCI','NLMSubSyn','SNOMEDCT_US'],[475/3],0,0),ev(-578,'C0205329','Progressive','Progressive',[progressive],[ftcn],[[[6,6],[1,1],0]],no,no,['CHV','MTH','SNOMEDCT_US'],[484/11],0,0),ev(-604,'C0751295','Memory Loss','Memory Loss',[memory,loss],[sosy],[[[7,7],[1,1],0],[[8,8],[2,2],0]],no,no,['COSTAR','MSH','MTH'],[496/11],0,0)]),map(-705,[ev(-578,'C0439508','/year','per year',[year],[tmco],[[[2,2],[1,1],0]],no,no,['CHV','MTH','NCI','SNOMEDCT_US'],[466/4],0,0),ev(-578,'C0580836','Old','Old',[old],[tmco],[[[3,3],[1,1],0]],no,no,['MTH'],[471/3],0,0),ev(-744,'C0086418','Man','Homo sapiens',[man],[humn],[[[4,4],[1,1],0]],yes,no,['MSH','MTH','NCI','SNMI','SNOMEDCT_US','SNOMEDCT_VET'],[475/3],0,0),ev(-578,'C0205329','Progressive','Progressive',[progressive],[ftcn],[[[6,6],[1,1],0]],no,no,['CHV','MTH','SNOMEDCT_US'],[484/11],0,0),ev(-604,'C0002622','Memory loss','Amnesia',[memory,loss],[mobd],[[[7,7],[1,1],0],[[8,8],[2,2],0]],no,no,['MSH','MTH','SNOMEDCT_US'],[496/11],0,0)]),map(-705,[ev(-578,'C0439508','/year','per year',[year],[tmco],[[[2,2],[1,1],0]],no,no,['CHV','MTH','NCI','SNOMEDCT_US'],[466/4],0,0),ev(-578,'C0580836','Old','Old',[old],[tmco],[[[3,3],[1,1],0]],no,no,['MTH'],[471/3],0,0),ev(-744,'C0086418','Man','Homo sapiens',[man],[humn],[[[4,4],[1,1],0]],yes,no,['MSH','MTH','NCI','SNMI','SNOMEDCT_US','SNOMEDCT_VET'],[475/3],0,0),ev(-578,'C0205329','Progressive','Progressive',[progressive],[ftcn],[[[6,6],[1,1],0]],no,no,['CHV','MTH','SNOMEDCT_US'],[484/11],0,0),ev(-604,'C0751295','Memory Loss','Memory Loss',[memory,loss],[sosy],[[[7,7],[1,1],0],[[8,8],[2,2],0]],no,no,['COSTAR','MSH','MTH'],[496/11],0,0)])]).
phrase(and,[conj([lexmatch([and]),inputmatch([and]),tag(conj),tokens([and])])],508/3,[]).
candidates(0,0,0,0,[]).
mappings([]).
phrase('involuntary leg movements.',[mod([lexmatch([involuntary]),inputmatch([involuntary]),tag(adj),tokens([involuntary])]),mod([lexmatch([leg]),inputmatch([leg]),tag(noun),tokens([leg])]),head([lexmatch([movements]),inputmatch([movements]),tag(noun),tokens([movements])]),punc([inputmatch(['.']),tokens([])])],512/26,[]).
candidates(6,0,0,6,[]).
mappings([map(-901,[ev(-913,'C0427086','Involuntary Movements','Involuntary Movements',[involuntary,movements],[sosy],[[[1,1],[1,1],0],[[3,3],[2,2],0]],yes,no,['MSH','SNOMEDCT_US'],[512/11,528/9],0,0),ev(-660,'C0023216','Leg','Lower Extremity',[leg],[blor],[[[2,2],[1,1],0]],no,no,['FMA','ICF','MSH','MTH','SNMI','SNOMEDCT_US','SNOMEDCT_VET'],[524/3],0,0)]),map(-901,[ev(-913,'C0427086','Involuntary Movements','Involuntary Movements',[involuntary,movements],[sosy],[[[1,1],[1,1],0],[[3,3],[2,2],0]],yes,no,['MSH','SNOMEDCT_US'],[512/11,528/9],0,0),ev(-660,'C1140621','Leg','Leg',[leg],[blor],[[[2,2],[1,1],0]],no,no,['FMA','ICF','MSH','MTH','NLMSubSyn','SNOMEDCT_US','SNOMEDCT_VET'],[524/3],0,0)]),map(-901,[ev(-913,'C0427086','Involuntary Movements','Involuntary Movements',[involuntary,movements],[sosy],[[[1,1],[1,1],0],[[3,3],[2,2],0]],yes,no,['MSH','SNOMEDCT_US'],[512/11,528/9],0,0),ev(-660,'C1285009','Leg','Entire lower leg, from knee to ankle',[leg],[blor],[[[2,2],[1,1],0]],no,no,['MTH','SNOMEDCT_US'],[524/3],0,0)])]).
'EOU'.
utterance('00000000.tx.8',"Brain MRI reveals cortical atrophy, and cortical biopsy shows vacuolar gray matter changes with reactive astrocytosis.",539/118,[]).
phrase('Brain MRI',[mod([lexmatch([brain]),inputmatch(['Brain']),tag(noun),tokens([brain])]),head([lexmatch([mri]),inputmatch(['MRI']),tag(noun),tokens([mri])])],539/9,[]).
candidates(6,0,0,6,[]).
mappings([map(-1000,[ev(-1000,'C0412675','brain MRI','MRI brain procedure',[brain,mri],[diap],[[[1,1],[1,1],0],[[2,2],[2,2],0]],yes,no,['CHV','MTH','NLMSubSyn','SNOMEDCT_US'],[539/9],0,0)]),map(-1000,[ev(-1000,'C0881827','Brain MRI','Multisection:Finding:Point in time:Brain:Narrative:MRI',[brain,mri],[clna],[[[1,1],[1,1],0],[[2,2],[2,2],0]],yes,no,['LNC','MTH','NLMSubSyn'],[539/9],0,0)])]).
phrase(reveals,[verb([lexmatch([reveals]),inputmatch([reveals]),tag(verb),tokens([reveals])])],549/7,[]).
candidates(1,0,0,1,[]).
mappings([map(-1000,[ev(-1000,'C0443289',reveal,'Revealed',[reveal],[qlco],[[[1,1],[1,1],0]],yes,no,['CHV','SNOMEDCT_US'],[549/7],0,0)])]).
phrase('cortical atrophy,',[mod([lexmatch([cortical]),inputmatch([cortical]),tag(adj),tokens([cortical])]),head([lexmatch([atrophy]),inputmatch([atrophy]),tag(noun),tokens([atrophy])]),punc([inputmatch([',']),tokens([])])],557/17,[]).
candidates(10,5,0,5,[]).
mappings([map(-1000,[ev(-1000,'C0235946','Cortical atrophy','Cerebral atrophy',[cortical,atrophy],[dsyn],[[[1,1],[1,1],0],[[2,2],[2,2],0]],yes,no,['CHV','NLMSubSyn','OMIM','SNOMEDCT_US'],[557/16],0,0)])]).
phrase(and,[conj([lexmatch([and]),inputmatch([and]),tag(conj),tokens([and])])],575/3,[]).
candidates(0,0,0,0,[]).
mappings([]).
phrase('cortical biopsy',[mod([lexmatch([cortical]),inputmatch([cortical]),tag(adj),tokens([cortical])]),head([lexmatch([biopsy]),inputmatch([biopsy]),tag(noun),tokens([biopsy])])],579/15,[]).
candidates(9,4,0,5,[]).
mappings([map(-888,[ev(-694,'C0001613','Cortical','Adrenal Cortex',[cortical],[bpoc],[[[1,1],[1,1],0]],no,no,['FMA','MTH','NCI','NLMSubSyn','SNOMEDCT_US'],[579/8],0,0),ev(-861,'C0005558','Biopsy','Biopsy',[biopsy],[diap],[[[2,2],[1,1],0]],yes,no,['CHV','MTH','NCI','PDQ','SNOMEDCT_US'],[588/6],0,0)]),map(-888,[ev(-694,'C0001613','Cortical','Adrenal Cortex',[cortical],[bpoc],[[[1,1],[1,1],0]],no,no,['FMA','MTH','NCI','NLMSubSyn','SNOMEDCT_US'],[579/8],0,0),ev(-861,'C0220797',biopsy,'biopsy characteristics',[biopsy],[ftcn],[[[2,2],[1,1],0]],yes,no,['MSH','MTH'],[588/6],0,0)]),map(-888,[ev(-694,'C0007776','Cortical','Cerebral cortex',[cortical],[bpoc],[[[1,1],[1,1],0]],no,no,['FMA','MSH','MTH','NCI','NLMSubSyn','SNOMEDCT_US'],[579/8],0,0),ev(-861,'C0005558','Biopsy','Biopsy',[biopsy],[diap],[[[2,2],[1,1],0]],yes,no,['CHV','MTH','NCI','PDQ','SNOMEDCT_US'],[588/6],0,0)]),map(-888,[ev(-694,'C0007776','Cortical','Cerebral cortex',[cortical],[bpoc],[[[1,1],[1,1],0]],no,no,['FMA','MSH','MTH','NCI','NLMSubSyn','SNOMEDCT_US'],[579/8],0,0),ev(-861,'C0220797',biopsy,'biopsy characteristics',[biopsy],[ftcn],[[[2,2],[1,1],0]],yes,no,['MSH','MTH'],[588/6],0,0)]),map(-888,[ev(-694,'C0022655','Cortical','Structure of cortex of kidney',[cortical],[bpoc],[[[1,1],[1,1],0]],no,no,['CHV','FMA','MSH','MTH','NCI','NLMSubSyn','SNOMEDCT_US'],[579/8],0,0),ev(-861,'C0005558','Biopsy','Biopsy',[biopsy],[diap],[[[2,2],[1,1],0]],yes,no,['CHV','MTH','NCI','PDQ','SNOMEDCT_US'],[588/6],0,0)]),map(-888,[ev(-694,'C0022655','Cortical','Structure of cortex of kidney',[cortical],[bpoc],[[[1,1],[1,1],0]],no,no,['CHV','FMA','MSH','MTH','NCI','NLMSubSyn','SNOMEDCT_US'],[579/8],0,0),ev(-861,'C0220797',biopsy,'biopsy characteristics',[biopsy],[ftcn],[[[2,2],[1,1],0]],yes,no,['MSH','MTH'],[588/6],0,0)])]).
phrase(shows,[verb([lexmatch([shows]),inputmatch([shows]),tag(verb),tokens([shows])])],595/5,[]).
candidates(1,0,0,1,[]).
mappings([map(-1000,[ev(-1000,'C1547282','Show','Show',[show],[inpr],[[[1,1],[1,1],0]],yes,no,['HL7V3.0'],[595/5],0,0)])]).
phrase('vacuolar gray matter',[mod([lexmatch([vacuolar]),inputmatch([vacuolar]),tag(adj),tokens([vacuolar])]),head([lexmatch(['gray matter']),inputmatch([gray,matter]),tag(noun),tokens([gray,matter])])],601/20,[]).
candidates(4,0,0,4,[]).
mappings([map(-901,[ev(-660,'C0042219','Vacuolar','Vacuole',[vacuolar],[celc],[[[1,1],[1,1],0]],no,no,['AOD','MSH','MTH','NCI'],[601/8],0,0),ev(-901,'C0018220','Gray matter','Gray matter',[gray,matter],[tisu],[[[2,3],[1,2],0]],yes,no,['FMA','SNOMEDCT_US'],[610/11],0,0)])]).
phrase('changes with reactive astrocytosis.',[verb([lexmatch([changes]),inputmatch([changes]),tag(verb),tokens([changes])]),prep([lexmatch([with]),inputmatch([with]),tag(prep),tokens([with])]),mod([lexmatch([reactive]),inputmatch([reactive]),tag(adj),tokens([reactive])]),mod([lexmatch([astrocytosis]),inputmatch([astrocytosis]),tag(noun),tokens([astrocytosis])]),punc([inputmatch(['.']),tokens([])])],622/35,[]).
candidates(6,0,0,6,[]).
mappings([map(-783,[ev(-770,'C0392747','Change','Changing',[change],[ftcn],[[[1,1],[1,1],0]],yes,no,['CHV','HL7V3.0','MTH','NCI','SNMI','SNOMEDCT_US'],[622/7],0,0),ev(-833,'C3550269','reactive astrocytosis','Reactive gliosis',[reactive,astrocytosis],[fndg],[[[3,3],[1,1],0],[[4,4],[2,2],0]],yes,no,['NLMSubSyn','OMIM'],[635/21],0,0)]),map(-783,[ev(-770,'C0443172',change,'Changed status',[change],[qnco],[[[1,1],[1,1],0]],yes,no,['CHV','MTH','NLMSubSyn','SNOMEDCT_US'],[622/7],0,0),ev(-833,'C3550269','reactive astrocytosis','Reactive gliosis',[reactive,astrocytosis],[fndg],[[[3,3],[1,1],0],[[4,4],[2,2],0]],yes,no,['NLMSubSyn','OMIM'],[635/21],0,0)]),map(-783,[ev(-770,'C1705241','Change','Delta (difference)',[change],[qnco],[[[1,1],[1,1],0]],yes,no,['HL7V2.5','MTH','NCI'],[622/7],0,0),ev(-833,'C3550269','reactive astrocytosis','Reactive gliosis',[reactive,astrocytosis],[fndg],[[[3,3],[1,1],0],[[4,4],[2,2],0]],yes,no,['NLMSubSyn','OMIM'],[635/21],0,0)])]).
'EOU'.
'EOT'.
