args('metamap14.BINARY.Darwin --lexicon db -Z 2014AA -qE -Q 4 ../../TREC-CDS/2015-original/1.txt ../../TREC-CDS/2015-original-MMed/1.txt.out',[lexicon-db,mm_data_year-'2014AA',machine_output-[],indicate_citation_end-[],composite_phrases-4,infile-'../../TREC-CDS/2015-original/1.txt',outfile-'../../TREC-CDS/2015-original-MMed/1.txt.out']).
aas([]).
neg_list([]).
utterance('00000000.tx.1',"diagnosis. ",0/11,[10]).
phrase('diagnosis.',[head([lexmatch([diagnosis]),inputmatch([diagnosis]),tag(noun),tokens([diagnosis])]),punc([inputmatch(['.']),tokens([])])],0/10,[]).
candidates(3,0,0,3,[]).
mappings([map(-1000,[ev(-1000,'C0011900','Diagnosis','Diagnosis',[diagnosis],[fndg],[[[1,1],[1,1],0]],yes,no,['CCS','CHV','LNC','MTH','NCI'],[0/9],0,0)]),map(-1000,[ev(-1000,'C1704338',diagnosis,'diagnosis aspect',[diagnosis],[qlco],[[[1,1],[1,1],0]],yes,no,['MSH','MTH','NLMSubSyn'],[0/9],0,0)]),map(-1000,[ev(-1000,'C1704656','DIAGNOSIS','Diagnosis Study',[diagnosis],[resa],[[[1,1],[1,1],0]],yes,no,['MTH','NCI'],[0/9],0,0)])]).
'EOU'.
utterance('00000000.tx.2',"A 44 yo male is brought to the emergency room after multiple bouts of vomiting that has a ""coffee ground"" appearance. ",11/118,[]).
phrase('A 44 yo male',[det([lexmatch([a]),inputmatch(['A']),tag(det),tokens([a])]),shapes([inputmatch(['44']),features([integer]),tokens(['44'])]),mod([lexmatch([yo]),inputmatch([yo]),tag(noun),tokens([yo])]),head([lexmatch([male]),inputmatch([male]),tag(noun),tokens([male])])],11/12,[]).
candidates(6,0,0,6,[]).
mappings([map(-790,[ev(-660,'C1413296','Yo','CDR2 gene',[yo],[gngm],[[[2,2],[1,1],0]],no,no,['HGNC','MTH','OMIM'],[16/2],0,0),ev(-827,'C0024554','Male','Male gender',[male],[orga],[[[3,3],[1,1],0]],yes,no,['CHV','DXP','MSH','MTH','NCI','NLMSubSyn','QMR','SNOMEDCT_US'],[19/4],0,0)]),map(-790,[ev(-660,'C1413296','Yo','CDR2 gene',[yo],[gngm],[[[2,2],[1,1],0]],no,no,['HGNC','MTH','OMIM'],[16/2],0,0),ev(-827,'C0086582',male,'Males',[male],[popg],[[[3,3],[1,1],0]],yes,no,['CHV','MTH'],[19/4],0,0)]),map(-790,[ev(-660,'C1413296','Yo','CDR2 gene',[yo],[gngm],[[[2,2],[1,1],0]],no,no,['HGNC','MTH','OMIM'],[16/2],0,0),ev(-827,'C1706180','Male','Male Gender, Self Report',[male],[qlco],[[[3,3],[1,1],0]],yes,no,['MTH','NCI'],[19/4],0,0)]),map(-790,[ev(-660,'C1413296','Yo','CDR2 gene',[yo],[gngm],[[[2,2],[1,1],0]],no,no,['HGNC','MTH','OMIM'],[16/2],0,0),ev(-827,'C1706428','Male','Male Phenotype',[male],[qlco],[[[3,3],[1,1],0]],yes,no,['MTH','NCI'],[19/4],0,0)]),map(-790,[ev(-660,'C1413296','Yo','CDR2 gene',[yo],[gngm],[[[2,2],[1,1],0]],no,no,['HGNC','MTH','OMIM'],[16/2],0,0),ev(-827,'C1706429','Male','Male, Self-Reported',[male],[orga],[[[3,3],[1,1],0]],yes,no,['MTH','NCI'],[19/4],0,0)])]).
phrase(is,[aux([lexmatch([is]),inputmatch([is]),tag(aux),tokens([is])])],24/2,[]).
candidates(0,0,0,0,[]).
mappings([]).
phrase('brought to the emergency room',[verb([lexmatch([brought]),inputmatch([brought]),tag(verb),tokens([brought])]),prep([lexmatch([to]),inputmatch([to]),tag(prep),tokens([to])]),det([lexmatch([the]),inputmatch([the]),tag(det),tokens([the])]),mod([lexmatch(['emergency room']),inputmatch([emergency,room]),tag(noun),tokens([emergency,room])])],27/29,[]).
candidates(6,0,0,6,[]).
mappings([map(-745,[ev(-760,'C0332302',brought,'Brought on by',[brought],[ftcn],[[[1,1],[1,1],0]],yes,no,['CHV','SNMI'],[27/7],0,0),ev(-806,'C0562508','Emergency Room','Accident and Emergency department',[emergency,room],[hcro],[[[4,5],[1,2],0]],yes,no,['CHV','MSH','MTH','NCI','NLMSubSyn','SNOMEDCT_US'],[42/14],0,0)])]).
phrase('after multiple bouts of vomiting',[prep([lexmatch([after]),inputmatch([after]),tag(prep),tokens([after])]),mod([lexmatch([multiple]),inputmatch([multiple]),tag(adj),tokens([multiple])]),head([lexmatch([bouts]),inputmatch([bouts]),tag(noun),tokens([bouts])]),prep([lexmatch([of]),inputmatch([of]),tag(prep),tokens([of])]),mod([lexmatch([vomiting]),inputmatch([vomiting]),tag(noun),tokens([vomiting])])],57/32,[]).
candidates(6,0,0,6,[]).
mappings([map(-733,[ev(-593,'C0231290','After','Status post',[after],[tmco],[[[1,1],[1,1],0]],no,no,['MTH','SNOMEDCT_US'],[57/5],0,0),ev(-593,'C0439064','Multiple','Numerous',[multiple],[qnco],[[[2,2],[1,1],0]],no,no,['CHV','MTH','NCI','SNOMEDCT_US'],[63/8],0,0),ev(-760,'C0741605',bouts,bout,[bouts],[tmco],[[[3,3],[1,1],0]],yes,no,['CHV'],[72/5],0,0),ev(-593,'C0042963','Vomiting','Vomiting',[vomiting],[sosy],[[[5,5],[1,1],0]],no,no,['CHV','ICD10CM','MSH','MTH','NCI','NLMSubSyn','SNOMEDCT_US'],[81/8],0,0)]),map(-733,[ev(-593,'C0231290','After','Status post',[after],[tmco],[[[1,1],[1,1],0]],no,no,['MTH','SNOMEDCT_US'],[57/5],0,0),ev(-593,'C0439064','Multiple','Numerous',[multiple],[qnco],[[[2,2],[1,1],0]],no,no,['CHV','MTH','NCI','SNOMEDCT_US'],[63/8],0,0),ev(-760,'C0741605',bouts,bout,[bouts],[tmco],[[[3,3],[1,1],0]],yes,no,['CHV'],[72/5],0,0),ev(-593,'C1963281','Vomiting','Vomiting Adverse Event',[vomiting],[fndg],[[[5,5],[1,1],0]],no,no,['MTH','NCI'],[81/8],0,0)]),map(-733,[ev(-593,'C0687676','After','Post',[after],[tmco],[[[1,1],[1,1],0]],no,no,['MTH','NCI','SNOMEDCT_US'],[57/5],0,0),ev(-593,'C0439064','Multiple','Numerous',[multiple],[qnco],[[[2,2],[1,1],0]],no,no,['CHV','MTH','NCI','SNOMEDCT_US'],[63/8],0,0),ev(-760,'C0741605',bouts,bout,[bouts],[tmco],[[[3,3],[1,1],0]],yes,no,['CHV'],[72/5],0,0),ev(-593,'C0042963','Vomiting','Vomiting',[vomiting],[sosy],[[[5,5],[1,1],0]],no,no,['CHV','ICD10CM','MSH','MTH','NCI','NLMSubSyn','SNOMEDCT_US'],[81/8],0,0)]),map(-733,[ev(-593,'C0687676','After','Post',[after],[tmco],[[[1,1],[1,1],0]],no,no,['MTH','NCI','SNOMEDCT_US'],[57/5],0,0),ev(-593,'C0439064','Multiple','Numerous',[multiple],[qnco],[[[2,2],[1,1],0]],no,no,['CHV','MTH','NCI','SNOMEDCT_US'],[63/8],0,0),ev(-760,'C0741605',bouts,bout,[bouts],[tmco],[[[3,3],[1,1],0]],yes,no,['CHV'],[72/5],0,0),ev(-593,'C1963281','Vomiting','Vomiting Adverse Event',[vomiting],[fndg],[[[5,5],[1,1],0]],no,no,['MTH','NCI'],[81/8],0,0)])]).
phrase(that,[compl([lexmatch([that]),inputmatch([that]),tag(compl),tokens([that])])],90/4,[]).
candidates(0,0,0,0,[]).
mappings([]).
phrase(has,[aux([lexmatch([has]),inputmatch([has]),tag(aux),tokens([has])])],95/3,[]).
candidates(0,0,0,0,[]).
mappings([]).
phrase('a "coffee ground" appearance.',[det([lexmatch([a]),inputmatch([a]),tag(det),tokens([a])]),punc([inputmatch(['"']),tokens([])]),mod([lexmatch(['coffee ground']),inputmatch([coffee,ground]),tag(noun),tokens([coffee,ground])]),punc([inputmatch(['"']),tokens([])]),head([lexmatch([appearance]),inputmatch([appearance]),tag(noun),tokens([appearance])]),punc([inputmatch(['.']),tokens([])])],99/29,[]).
candidates(5,0,0,5,[]).
mappings([map(-840,[ev(-660,'C0009237','Coffee','Coffee',[coffee],[food],[[[1,1],[1,1],0]],no,no,['CHV','MTH'],[102/6],0,0),ev(-627,'C0185051',grind,'Removal by grinding',[grind],[topp],[[[2,2],[1,1],1]],no,no,['CHV','MTH','SNOMEDCT_US'],[109/6],0,0),ev(-827,'C0233426','Appearance','Personal appearance',[appearance],[orga],[[[3,3],[1,1],0]],yes,no,['CHV','MTH','SNMI','SNOMEDCT_US'],[117/10],0,0)]),map(-840,[ev(-660,'C0009237','Coffee','Coffee',[coffee],[food],[[[1,1],[1,1],0]],no,no,['CHV','MTH'],[102/6],0,0),ev(-627,'C0185051',grind,'Removal by grinding',[grind],[topp],[[[2,2],[1,1],1]],no,no,['CHV','MTH','SNOMEDCT_US'],[109/6],0,0),ev(-827,'C0700364','Appearance','Appearance',[appearance],[qlco],[[[3,3],[1,1],0]],yes,no,['CHV','MTH','NCI','SNOMEDCT_US'],[117/10],0,0)]),map(-840,[ev(-660,'C1365948','COFFEE','Coffee Flavor',[coffee],[food],[[[1,1],[1,1],0]],no,no,['MTH','NCI'],[102/6],0,0),ev(-627,'C0185051',grind,'Removal by grinding',[grind],[topp],[[[2,2],[1,1],1]],no,no,['CHV','MTH','SNOMEDCT_US'],[109/6],0,0),ev(-827,'C0233426','Appearance','Personal appearance',[appearance],[orga],[[[3,3],[1,1],0]],yes,no,['CHV','MTH','SNMI','SNOMEDCT_US'],[117/10],0,0)]),map(-840,[ev(-660,'C1365948','COFFEE','Coffee Flavor',[coffee],[food],[[[1,1],[1,1],0]],no,no,['MTH','NCI'],[102/6],0,0),ev(-627,'C0185051',grind,'Removal by grinding',[grind],[topp],[[[2,2],[1,1],1]],no,no,['CHV','MTH','SNOMEDCT_US'],[109/6],0,0),ev(-827,'C0700364','Appearance','Appearance',[appearance],[qlco],[[[3,3],[1,1],0]],yes,no,['CHV','MTH','NCI','SNOMEDCT_US'],[117/10],0,0)])]).
'EOU'.
utterance('00000000.tx.3',"His heart rate is 135 bpm and blood pressure is 70/40 mmHg. ",129/60,[]).
phrase('His heart rate',[pron([lexmatch([his]),inputmatch(['His']),tag(pron),tokens([his])]),head([lexmatch(['heart rate']),inputmatch([heart,rate]),tag(noun),tokens([heart,rate])])],129/14,[]).
candidates(5,0,0,5,[]).
mappings([map(-1000,[ev(-1000,'C0018810','heart rate','heart rate',[heart,rate],[clna],[[[1,2],[1,2],0]],yes,no,['CHV','MSH','MTH','NLMSubSyn','SNOMEDCT_US'],[133/10],0,0)])]).
phrase(is,[aux([lexmatch([is]),inputmatch([is]),tag(aux),tokens([is])])],144/2,[]).
candidates(0,0,0,0,[]).
mappings([]).
phrase('135 bpm',[shapes([inputmatch(['135']),features([integer]),tokens(['135'])]),head([lexmatch([bpm]),inputmatch([bpm]),tag(noun),tokens([bpm])])],147/7,[]).
candidates(0,0,0,0,[]).
mappings([]).
phrase(and,[conj([lexmatch([and]),inputmatch([and]),tag(conj),tokens([and])])],155/3,[]).
candidates(0,0,0,0,[]).
mappings([]).
phrase('blood pressure',[head([lexmatch(['blood pressure']),inputmatch([blood,pressure]),tag(noun),tokens([blood,pressure])])],159/14,[]).
candidates(16,7,0,9,[]).
mappings([map(-1000,[ev(-1000,'C0005823','Blood Pressure','Blood Pressure',[blood,pressure],[orgf],[[[1,2],[1,2],0]],yes,no,['MTH','NLMSubSyn','SNOMEDCT_US'],[159/14],0,0)]),map(-1000,[ev(-1000,'C1271104','Blood Pressure','Blood pressure finding',[blood,pressure],[fndg],[[[1,2],[1,2],0]],yes,no,['MTH','NCI','NLMSubSyn'],[159/14],0,0)]),map(-1000,[ev(-1000,'C1272641','Blood pressure','Systemic arterial pressure',[blood,pressure],[fndg],[[[1,2],[1,2],0]],yes,no,['CHV','MSH','MTH','NLMSubSyn','SNOMEDCT_US'],[159/14],0,0)])]).
phrase(is,[aux([lexmatch([is]),inputmatch([is]),tag(aux),tokens([is])])],174/2,[]).
candidates(0,0,0,0,[]).
mappings([]).
phrase('70/40 mmHg.',[shapes([inputmatch(['70',/,'40']),features([fraction]),tokens(['70','40'])]),head([lexmatch([mmhg]),inputmatch([mmHg]),tag(noun),tokens([mmhg])]),punc([inputmatch(['.']),tokens([])])],177/11,[]).
candidates(2,0,0,2,[]).
mappings([map(-790,[ev(-660,'C0439509','/40','/40',['40'],[tmco],[[[2,2],[1,1],0]],no,no,['SNOMEDCT_US'],[180/2],0,0),ev(-827,'C0439475',mmHg,mmHg,[mmhg],[qnco],[[[3,3],[1,1],0]],yes,no,['SNOMEDCT_US'],[183/4],0,0)])]).
'EOU'.
utterance('00000000.tx.4',"Physical exam findings include decreased mental status and cool extremities. ",189/77,[]).
phrase('Physical exam findings',[mod([lexmatch([physical]),inputmatch(['Physical']),tag(adj),tokens([physical])]),mod([lexmatch([exam]),inputmatch([exam]),tag(noun),tokens([exam])]),head([lexmatch([findings]),inputmatch([findings]),tag(noun),tokens([findings])])],189/22,[]).
candidates(17,3,0,14,[]).
mappings([map(-1000,[ev(-1000,'C0311392','Physical exam findings','Physical findings',[physical,exam,findings],[fndg],[[[1,1],[1,1],0],[[2,2],[2,2],0],[[3,3],[3,3],0]],yes,no,['CST','MTH','NLMSubSyn','SNOMEDCT_US'],[189/22],0,0)]),map(-1000,[ev(-1000,'C0944980','Physical exam findings','Physical findings:Finding:Point in time:^Patient:Nominal:Observed',[physical,exam,findings],[clna],[[[1,1],[1,1],0],[[2,2],[2,2],0],[[3,3],[3,3],0]],yes,no,['LNC','NLMSubSyn'],[189/22],0,0)]),map(-1000,[ev(-1000,'C1509143','physical exam findings','Physical assessment findings',[physical,exam,findings],[fndg],[[[1,1],[1,1],0],[[2,2],[2,2],0],[[3,3],[3,3],0]],yes,no,['LNC','MTH','NLMSubSyn'],[189/22],0,0)])]).
phrase(include,[verb([lexmatch([include]),inputmatch([include]),tag(verb),tokens([include])])],212/7,[]).
candidates(3,0,0,3,[]).
mappings([map(-1000,[ev(-1000,'C0332257',include,'Including (qualifier)',[include],[ftcn],[[[1,1],[1,1],0]],yes,no,['CHV','MTH','SNOMEDCT_US'],[212/7],0,0)]),map(-1000,[ev(-1000,'C1552866',include,'include - SetOperator',[include],[idcn],[[[1,1],[1,1],0]],yes,no,['HL7V3.0','MTH'],[212/7],0,0)]),map(-1000,[ev(-1000,'C2700399','Include','Include (action)',[include],[acty],[[[1,1],[1,1],0]],yes,no,['MTH','NCI'],[212/7],0,0)])]).
phrase('decreased mental status',[mod([lexmatch([decreased]),inputmatch([decreased]),tag(adj),tokens([decreased])]),mod([lexmatch([mental]),inputmatch([mental]),tag(adj),tokens([mental])]),head([lexmatch([status]),inputmatch([status]),tag(noun),tokens([status])])],220/23,[]).
candidates(14,8,0,6,[]).
mappings([map(-901,[ev(-660,'C0205216','Decreased','Decreased',[decreased],[qnco],[[[1,1],[1,1],0]],no,no,['CHV','MTH','SNOMEDCT_US'],[220/9],0,0),ev(-901,'C0278060','Mental status','Mental state (observable entity)',[mental,status],[fndg],[[[2,2],[1,1],0],[[3,3],[2,2],0]],yes,no,['CHV','NLMSubSyn','SNMI','SNOMEDCT_US'],[230/13],0,0)]),map(-901,[ev(-660,'C0392756','Decreased','Reduced',[decreased],[qlco],[[[1,1],[1,1],0]],no,no,['LNC','MTH','NCI'],[220/9],0,0),ev(-901,'C0278060','Mental status','Mental state (observable entity)',[mental,status],[fndg],[[[2,2],[1,1],0],[[3,3],[2,2],0]],yes,no,['CHV','NLMSubSyn','SNMI','SNOMEDCT_US'],[230/13],0,0)]),map(-901,[ev(-660,'C0442797',decreased,'Decreasing',[decreased],[qlco],[[[1,1],[1,1],0]],no,no,['CHV','MTH'],[220/9],0,0),ev(-901,'C0278060','Mental status','Mental state (observable entity)',[mental,status],[fndg],[[[2,2],[1,1],0],[[3,3],[2,2],0]],yes,no,['CHV','NLMSubSyn','SNMI','SNOMEDCT_US'],[230/13],0,0)])]).
phrase(and,[conj([lexmatch([and]),inputmatch([and]),tag(conj),tokens([and])])],244/3,[]).
candidates(0,0,0,0,[]).
mappings([]).
phrase('cool extremities.',[mod([lexmatch([cool]),inputmatch([cool]),tag(noun),tokens([cool])]),head([lexmatch([extremities]),inputmatch([extremities]),tag(noun),tokens([extremities])]),punc([inputmatch(['.']),tokens([])])],248/17,[]).
candidates(6,3,0,3,[]).
mappings([map(-888,[ev(-694,'C1548792','Cool','Cool',[cool],[qlco],[[[1,1],[1,1],0]],no,no,['HL7V2.5'],[248/4],0,0),ev(-861,'C0015385','Extremities','Limb structure',[extremities],[bpoc],[[[2,2],[1,1],0]],yes,no,['MSH','MTH','SNOMEDCT_US'],[253/11],0,0)]),map(-888,[ev(-694,'C1548792','Cool','Cool',[cool],[qlco],[[[1,1],[1,1],0]],no,no,['HL7V2.5'],[248/4],0,0),ev(-861,'C0278454',extremities,'All extremities',[extremities],[bpoc],[[[2,2],[1,1],0]],yes,no,['CHV','MTH'],[253/11],0,0)])]).
'EOU'.
utterance('00000000.tx.5',"He receives a rapid infusion of crystalloid solution followed by packed red blood cell transfusion and is admitted to the ICU for further care. ",266/144,[409]).
phrase('He',[pron([lexmatch([he]),inputmatch(['He']),tag(pron),tokens([he])])],266/2,[]).
candidates(0,0,0,0,[]).
mappings([]).
phrase(receives,[verb([lexmatch([receives]),inputmatch([receives]),tag(verb),tokens([receives])])],269/8,[]).
candidates(1,0,0,1,[]).
mappings([map(-1000,[ev(-1000,'C1514756','Receive','Receive',[receive],[qlco],[[[1,1],[1,1],0]],yes,no,['NCI'],[269/8],0,0)])]).
phrase('a rapid infusion of crystalloid solution',[det([lexmatch([a]),inputmatch([a]),tag(det),tokens([a])]),mod([lexmatch([rapid]),inputmatch([rapid]),tag(adj),tokens([rapid])]),head([lexmatch([infusion]),inputmatch([infusion]),tag(noun),tokens([infusion])]),prep([lexmatch([of]),inputmatch([of]),tag(prep),tokens([of])]),mod([lexmatch([crystalloid]),inputmatch([crystalloid]),tag(adj),tokens([crystalloid])]),mod([lexmatch([solution]),inputmatch([solution]),tag(noun),tokens([solution])])],278/40,[]).
candidates(8,0,0,8,[]).
mappings([map(-719,[ev(-586,'C0439831','Rapid','Rapid',[rapid],[qlco],[[[2,2],[1,1],0]],no,no,['AOD','SNOMEDCT_US'],[280/5],0,0),ev(-783,'C1272893','Infusion solution','Infusion solution',[infusion,solution],[bodm],[[[3,3],[1,1],0],[[6,6],[2,2],0]],yes,no,['SNOMEDCT_US'],[286/8,310/8],0,0),ev(-586,'C0056562',crystalloid,'crystalloid solutions',[crystalloid],[phsu],[[[5,5],[1,1],0]],no,no,['CHV','MSH','MTH'],[298/11],0,0)]),map(-719,[ev(-586,'C0439831','Rapid','Rapid',[rapid],[qlco],[[[2,2],[1,1],0]],no,no,['AOD','SNOMEDCT_US'],[280/5],0,0),ev(-783,'C1272893','Infusion solution','Infusion solution',[infusion,solution],[bodm],[[[3,3],[1,1],0],[[6,6],[2,2],0]],yes,no,['SNOMEDCT_US'],[286/8,310/8],0,0),ev(-586,'C2752561',crystalloid,crystalloid,[crystalloid],[celc],[[[5,5],[1,1],0]],no,no,['MTH'],[298/11],0,0)])]).
phrase('followed by packed red blood cell transfusion',[verb([lexmatch([followed]),inputmatch([followed]),tag(verb),tokens([followed])]),prep([lexmatch([by]),inputmatch([by]),tag(prep),tokens([by])]),mod([lexmatch(['packed red blood cell transfusion']),inputmatch([packed,red,blood,cell,transfusion]),tag(noun),tokens([packed,red,blood,cell,transfusion])])],319/45,[]).
candidates(45,13,0,32,[]).
mappings([map(-909,[ev(-778,'C0332283','Followed by','Followed by',[followed,by],[tmco],[[[1,1],[1,1],0],[[2,2],[2,2],0]],yes,no,['CHV','SNMI'],[319/11],0,0),ev(-897,'C0199962','packed red blood cell transfusion','Transfusion of packed red blood cells',[packed,red,blood,cell,transfusion],[topp],[[[3,7],[1,5],0]],yes,no,['CHV','MTH','NCI','NLMSubSyn','PDQ','SNM','SNOMEDCT_US'],[331/33],0,0)])]).
phrase(and,[conj([lexmatch([and]),inputmatch([and]),tag(conj),tokens([and])])],365/3,[]).
candidates(0,0,0,0,[]).
mappings([]).
phrase(is,[aux([lexmatch([is]),inputmatch([is]),tag(aux),tokens([is])])],369/2,[]).
candidates(0,0,0,0,[]).
mappings([]).
phrase('admitted to the ICU',[verb([lexmatch([admitted]),inputmatch([admitted]),tag(verb),tokens([admitted])]),prep([lexmatch([to]),inputmatch([to]),tag(prep),tokens([to])]),det([lexmatch([the]),inputmatch([the]),tag(det),tokens([the])]),mod([lexmatch([icu]),inputmatch(['ICU']),tag(noun),tokens([icu])])],372/19,[]).
candidates(2,0,0,2,[]).
mappings([map(-708,[ev(-770,'C0184666',admitted,'Hospital admission',[admitted],[hlca],[[[1,1],[1,1],0]],yes,no,['CHV','MTH','SNMI','SNOMEDCT_US'],[372/8],0,0),ev(-770,'C0021708','ICU','intensive care unit',[icu],[hcro,mnob],[[[4,4],[1,1],0]],yes,no,['CHV','MSH','MTH','NCI','SNOMEDCT_US'],[388/3],0,0)])]).
phrase('for further care.',[prep([lexmatch([for]),inputmatch([for]),tag(prep),tokens([for])]),mod([lexmatch([further]),inputmatch([further]),tag(adj),tokens([further])]),head([lexmatch([care]),inputmatch([care]),tag(noun),tokens([care])]),punc([inputmatch(['.']),tokens([])])],392/17,[]).
candidates(3,1,0,2,[]).
mappings([map(-888,[ev(-694,'C1517331','Further','Further',[further],[spco],[[[1,1],[1,1],0]],no,no,['NCI'],[396/7],0,0),ev(-861,'C1947933','Care','care activity',[care],[acty],[[[2,2],[1,1],0]],yes,no,['MTH','NCI'],[404/4],0,0)])]).
'EOU'.
utterance('00000000.tx.6',"A 44-year-old man with coffee-ground emesis, tachycardia, hypoxia,  hypotension and  cool, clammy extremities.",410/110,[]).
phrase('A 44-year-old man with coffee-ground emesis,',[det([lexmatch([a]),inputmatch(['A']),tag(det),tokens([a])]),shapes([inputmatch(['44']),features([integer]),tokens(['44'])]),punc([inputmatch([-]),tokens([])]),mod([lexmatch([year]),inputmatch([year]),tag(noun),tokens([year])]),punc([inputmatch([-]),tokens([])]),mod([lexmatch([old]),inputmatch([old]),tag(noun),tokens([old])]),head([lexmatch([man]),inputmatch([man]),tag(noun),tokens([man])]),prep([lexmatch([with]),inputmatch([with]),tag(prep),tokens([with])]),mod([lexmatch(['coffee-ground emesis']),inputmatch([coffee,-,ground,emesis]),tag(noun),tokens([coffee,ground,emesis])]),punc([inputmatch([',']),tokens([])])],410/44,[]).
candidates(16,1,0,15,[]).
mappings([map(-709,[ev(-575,'C0439234',year,year,[year],[tmco],[[[3,3],[1,1],0]],no,no,['MTH','NCI','SNOMEDCT_US'],[415/4],0,0),ev(-575,'C0580836','Old','Old',[old],[tmco],[[[4,4],[1,1],0]],no,no,['MTH'],[420/3],0,0),ev(-742,'C0024554','MAN','Male gender',[man],[orga],[[[5,5],[1,1],0]],yes,no,['CHV','DXP','MSH','MTH','NCI','NLMSubSyn','QMR','SNOMEDCT_US'],[424/3],0,0),ev(-623,'C0278002','coffee ground emesis','Vomit contains coffee grounds finding',[coffee,ground,emesis],[fndg],[[[7,9],[1,3],0]],no,no,['CHV','MTH','NLMSubSyn','SNOMEDCT_US'],[433/20],0,0)]),map(-709,[ev(-575,'C0439234',year,year,[year],[tmco],[[[3,3],[1,1],0]],no,no,['MTH','NCI','SNOMEDCT_US'],[415/4],0,0),ev(-575,'C0580836','Old','Old',[old],[tmco],[[[4,4],[1,1],0]],no,no,['MTH'],[420/3],0,0),ev(-742,'C0024554','MAN','Male gender',[man],[orga],[[[5,5],[1,1],0]],yes,no,['CHV','DXP','MSH','MTH','NCI','NLMSubSyn','QMR','SNOMEDCT_US'],[424/3],0,0),ev(-623,'C1510416','Coffee ground emesis','Coffee ground vomiting',[coffee,ground,emesis],[sosy],[[[7,9],[1,3],0]],no,no,['MTH','NLMSubSyn','SNOMEDCT_US'],[433/20],0,0)]),map(-709,[ev(-575,'C0439234',year,year,[year],[tmco],[[[3,3],[1,1],0]],no,no,['MTH','NCI','SNOMEDCT_US'],[415/4],0,0),ev(-575,'C0580836','Old','Old',[old],[tmco],[[[4,4],[1,1],0]],no,no,['MTH'],[420/3],0,0),ev(-742,'C0025266','Man','Male population group',[man],[popg],[[[5,5],[1,1],0]],yes,no,['MSH','MTH','NCI','NLMSubSyn','SNOMEDCT_US'],[424/3],0,0),ev(-623,'C0278002','coffee ground emesis','Vomit contains coffee grounds finding',[coffee,ground,emesis],[fndg],[[[7,9],[1,3],0]],no,no,['CHV','MTH','NLMSubSyn','SNOMEDCT_US'],[433/20],0,0)]),map(-709,[ev(-575,'C0439234',year,year,[year],[tmco],[[[3,3],[1,1],0]],no,no,['MTH','NCI','SNOMEDCT_US'],[415/4],0,0),ev(-575,'C0580836','Old','Old',[old],[tmco],[[[4,4],[1,1],0]],no,no,['MTH'],[420/3],0,0),ev(-742,'C0025266','Man','Male population group',[man],[popg],[[[5,5],[1,1],0]],yes,no,['MSH','MTH','NCI','NLMSubSyn','SNOMEDCT_US'],[424/3],0,0),ev(-623,'C1510416','Coffee ground emesis','Coffee ground vomiting',[coffee,ground,emesis],[sosy],[[[7,9],[1,3],0]],no,no,['MTH','NLMSubSyn','SNOMEDCT_US'],[433/20],0,0)]),map(-709,[ev(-575,'C0439234',year,year,[year],[tmco],[[[3,3],[1,1],0]],no,no,['MTH','NCI','SNOMEDCT_US'],[415/4],0,0),ev(-575,'C0580836','Old','Old',[old],[tmco],[[[4,4],[1,1],0]],no,no,['MTH'],[420/3],0,0),ev(-742,'C0086418','Man','Homo sapiens',[man],[humn],[[[5,5],[1,1],0]],yes,no,['MSH','MTH','NCI','SNMI','SNOMEDCT_US','SNOMEDCT_VET'],[424/3],0,0),ev(-623,'C0278002','coffee ground emesis','Vomit contains coffee grounds finding',[coffee,ground,emesis],[fndg],[[[7,9],[1,3],0]],no,no,['CHV','MTH','NLMSubSyn','SNOMEDCT_US'],[433/20],0,0)]),map(-709,[ev(-575,'C0439234',year,year,[year],[tmco],[[[3,3],[1,1],0]],no,no,['MTH','NCI','SNOMEDCT_US'],[415/4],0,0),ev(-575,'C0580836','Old','Old',[old],[tmco],[[[4,4],[1,1],0]],no,no,['MTH'],[420/3],0,0),ev(-742,'C0086418','Man','Homo sapiens',[man],[humn],[[[5,5],[1,1],0]],yes,no,['MSH','MTH','NCI','SNMI','SNOMEDCT_US','SNOMEDCT_VET'],[424/3],0,0),ev(-623,'C1510416','Coffee ground emesis','Coffee ground vomiting',[coffee,ground,emesis],[sosy],[[[7,9],[1,3],0]],no,no,['MTH','NLMSubSyn','SNOMEDCT_US'],[433/20],0,0)]),map(-709,[ev(-575,'C0439508','/year','per year',[year],[tmco],[[[3,3],[1,1],0]],no,no,['CHV','MTH','NCI','SNOMEDCT_US'],[415/4],0,0),ev(-575,'C0580836','Old','Old',[old],[tmco],[[[4,4],[1,1],0]],no,no,['MTH'],[420/3],0,0),ev(-742,'C0024554','MAN','Male gender',[man],[orga],[[[5,5],[1,1],0]],yes,no,['CHV','DXP','MSH','MTH','NCI','NLMSubSyn','QMR','SNOMEDCT_US'],[424/3],0,0),ev(-623,'C0278002','coffee ground emesis','Vomit contains coffee grounds finding',[coffee,ground,emesis],[fndg],[[[7,9],[1,3],0]],no,no,['CHV','MTH','NLMSubSyn','SNOMEDCT_US'],[433/20],0,0)]),map(-709,[ev(-575,'C0439508','/year','per year',[year],[tmco],[[[3,3],[1,1],0]],no,no,['CHV','MTH','NCI','SNOMEDCT_US'],[415/4],0,0),ev(-575,'C0580836','Old','Old',[old],[tmco],[[[4,4],[1,1],0]],no,no,['MTH'],[420/3],0,0),ev(-742,'C0024554','MAN','Male gender',[man],[orga],[[[5,5],[1,1],0]],yes,no,['CHV','DXP','MSH','MTH','NCI','NLMSubSyn','QMR','SNOMEDCT_US'],[424/3],0,0),ev(-623,'C1510416','Coffee ground emesis','Coffee ground vomiting',[coffee,ground,emesis],[sosy],[[[7,9],[1,3],0]],no,no,['MTH','NLMSubSyn','SNOMEDCT_US'],[433/20],0,0)]),map(-709,[ev(-575,'C0439508','/year','per year',[year],[tmco],[[[3,3],[1,1],0]],no,no,['CHV','MTH','NCI','SNOMEDCT_US'],[415/4],0,0),ev(-575,'C0580836','Old','Old',[old],[tmco],[[[4,4],[1,1],0]],no,no,['MTH'],[420/3],0,0),ev(-742,'C0025266','Man','Male population group',[man],[popg],[[[5,5],[1,1],0]],yes,no,['MSH','MTH','NCI','NLMSubSyn','SNOMEDCT_US'],[424/3],0,0),ev(-623,'C0278002','coffee ground emesis','Vomit contains coffee grounds finding',[coffee,ground,emesis],[fndg],[[[7,9],[1,3],0]],no,no,['CHV','MTH','NLMSubSyn','SNOMEDCT_US'],[433/20],0,0)]),map(-709,[ev(-575,'C0439508','/year','per year',[year],[tmco],[[[3,3],[1,1],0]],no,no,['CHV','MTH','NCI','SNOMEDCT_US'],[415/4],0,0),ev(-575,'C0580836','Old','Old',[old],[tmco],[[[4,4],[1,1],0]],no,no,['MTH'],[420/3],0,0),ev(-742,'C0025266','Man','Male population group',[man],[popg],[[[5,5],[1,1],0]],yes,no,['MSH','MTH','NCI','NLMSubSyn','SNOMEDCT_US'],[424/3],0,0),ev(-623,'C1510416','Coffee ground emesis','Coffee ground vomiting',[coffee,ground,emesis],[sosy],[[[7,9],[1,3],0]],no,no,['MTH','NLMSubSyn','SNOMEDCT_US'],[433/20],0,0)]),map(-709,[ev(-575,'C0439508','/year','per year',[year],[tmco],[[[3,3],[1,1],0]],no,no,['CHV','MTH','NCI','SNOMEDCT_US'],[415/4],0,0),ev(-575,'C0580836','Old','Old',[old],[tmco],[[[4,4],[1,1],0]],no,no,['MTH'],[420/3],0,0),ev(-742,'C0086418','Man','Homo sapiens',[man],[humn],[[[5,5],[1,1],0]],yes,no,['MSH','MTH','NCI','SNMI','SNOMEDCT_US','SNOMEDCT_VET'],[424/3],0,0),ev(-623,'C0278002','coffee ground emesis','Vomit contains coffee grounds finding',[coffee,ground,emesis],[fndg],[[[7,9],[1,3],0]],no,no,['CHV','MTH','NLMSubSyn','SNOMEDCT_US'],[433/20],0,0)]),map(-709,[ev(-575,'C0439508','/year','per year',[year],[tmco],[[[3,3],[1,1],0]],no,no,['CHV','MTH','NCI','SNOMEDCT_US'],[415/4],0,0),ev(-575,'C0580836','Old','Old',[old],[tmco],[[[4,4],[1,1],0]],no,no,['MTH'],[420/3],0,0),ev(-742,'C0086418','Man','Homo sapiens',[man],[humn],[[[5,5],[1,1],0]],yes,no,['MSH','MTH','NCI','SNMI','SNOMEDCT_US','SNOMEDCT_VET'],[424/3],0,0),ev(-623,'C1510416','Coffee ground emesis','Coffee ground vomiting',[coffee,ground,emesis],[sosy],[[[7,9],[1,3],0]],no,no,['MTH','NLMSubSyn','SNOMEDCT_US'],[433/20],0,0)])]).
phrase('tachycardia,',[head([lexmatch([tachycardia]),inputmatch([tachycardia]),tag(noun),tokens([tachycardia])]),punc([inputmatch([',']),tokens([])])],455/12,[]).
candidates(1,0,0,1,[]).
mappings([map(-1000,[ev(-1000,'C0039231','Tachycardia','Tachycardia',[tachycardia],[fndg],[[[1,1],[1,1],0]],yes,no,['CHV','CST','DXP','ICD10CM','MSH','MTH','NCI','NLMSubSyn','SNMI','SNOMEDCT_US'],[455/11],0,0)])]).
phrase('hypoxia,',[head([lexmatch([hypoxia]),inputmatch([hypoxia]),tag(noun),tokens([hypoxia])]),punc([inputmatch([',']),tokens([])])],468/8,[]).
candidates(2,0,0,2,[]).
mappings([map(-1000,[ev(-1000,'C0242184','Hypoxia','Hypoxia',[hypoxia],[patf],[[[1,1],[1,1],0]],yes,no,['MSH','MTH','NLMSubSyn','SNM','SNOMEDCT_US'],[468/7],0,0)]),map(-1000,[ev(-1000,'C1963140','HYPOXIA','Hypoxia Adverse Event',[hypoxia],[fndg],[[[1,1],[1,1],0]],yes,no,['CST','MTH'],[468/7],0,0)])]).
phrase(hypotension,[head([lexmatch([hypotension]),inputmatch([hypotension]),tag(noun),tokens([hypotension])])],478/11,[]).
candidates(2,0,0,2,[]).
mappings([map(-1000,[ev(-1000,'C0020649','Hypotension','Hypotension',[hypotension],[fndg],[[[1,1],[1,1],0]],yes,no,['CHV','CST','DXP','ICD10CM','MSH','MTH','NCI','NLMSubSyn','SNMI','SNOMEDCT_US'],[478/11],0,0)]),map(-1000,[ev(-1000,'C3163620','Hypotension','Hypotension Adverse Event',[hypotension],[patf],[[[1,1],[1,1],0]],yes,no,['MTH','NCI'],[478/11],0,0)])]).
phrase(and,[conj([lexmatch([and]),inputmatch([and]),tag(conj),tokens([and])])],490/3,[]).
candidates(0,0,0,0,[]).
mappings([]).
phrase('cool,',[head([lexmatch([cool]),inputmatch([cool]),tag(noun),tokens([cool])]),punc([inputmatch([',']),tokens([])])],495/5,[]).
candidates(1,0,0,1,[]).
mappings([map(-1000,[ev(-1000,'C1548792','Cool','Cool',[cool],[qlco],[[[1,1],[1,1],0]],yes,no,['HL7V2.5'],[495/4],0,0)])]).
phrase('clammy extremities.',[mod([lexmatch([clammy]),inputmatch([clammy]),tag(adj),tokens([clammy])]),head([lexmatch([extremities]),inputmatch([extremities]),tag(noun),tokens([extremities])]),punc([inputmatch(['.']),tokens([])])],501/19,[]).
candidates(6,3,0,3,[]).
mappings([map(-888,[ev(-694,'C0392162',clammy,'Clammy skin',[clammy],[sosy],[[[1,1],[1,1],0]],no,no,['CHV','MTH','SNMI','SNOMEDCT_US'],[501/6],0,0),ev(-861,'C0015385','Extremities','Limb structure',[extremities],[bpoc],[[[2,2],[1,1],0]],yes,no,['MSH','MTH','SNOMEDCT_US'],[508/11],0,0)]),map(-888,[ev(-694,'C0392162',clammy,'Clammy skin',[clammy],[sosy],[[[1,1],[1,1],0]],no,no,['CHV','MTH','SNMI','SNOMEDCT_US'],[501/6],0,0),ev(-861,'C0278454',extremities,'All extremities',[extremities],[bpoc],[[[2,2],[1,1],0]],yes,no,['CHV','MTH'],[508/11],0,0)])]).
'EOU'.
'EOT'.
