args('metamap14.BINARY.Darwin --lexicon db -Z 2014AA -qE -Q 4 ../../TREC-CDS/2015-original/10.txt ../../TREC-CDS/2015-original-MMed/10.txt.out',[lexicon-db,mm_data_year-'2014AA',machine_output-[],indicate_citation_end-[],composite_phrases-4,infile-'../../TREC-CDS/2015-original/10.txt',outfile-'../../TREC-CDS/2015-original-MMed/10.txt.out']).
aas([]).
neg_list([]).
utterance('00000000.tx.1',"diagnosis. ",0/11,[10]).
phrase('diagnosis.',[head([lexmatch([diagnosis]),inputmatch([diagnosis]),tag(noun),tokens([diagnosis])]),punc([inputmatch(['.']),tokens([])])],0/10,[]).
candidates(3,0,0,3,[]).
mappings([map(-1000,[ev(-1000,'C0011900','Diagnosis','Diagnosis',[diagnosis],[fndg],[[[1,1],[1,1],0]],yes,no,['CCS','CHV','LNC','MTH','NCI'],[0/9],0,0)]),map(-1000,[ev(-1000,'C1704338',diagnosis,'diagnosis aspect',[diagnosis],[qlco],[[[1,1],[1,1],0]],yes,no,['MSH','MTH','NLMSubSyn'],[0/9],0,0)]),map(-1000,[ev(-1000,'C1704656','DIAGNOSIS','Diagnosis Study',[diagnosis],[resa],[[[1,1],[1,1],0]],yes,no,['MTH','NCI'],[0/9],0,0)])]).
'EOU'.
utterance('00000000.tx.2',"A 38 year old woman complains of severe premenstrual and menstrual pelvic pain, heavy, irregular periods and occasional spotting between periods. ",11/146,[]).
phrase('A 38 year old woman',[det([lexmatch([a]),inputmatch(['A']),tag(det),tokens([a])]),shapes([inputmatch(['38']),features([integer]),tokens(['38'])]),mod([lexmatch([year]),inputmatch([year]),tag(noun),tokens([year])]),mod([lexmatch([old]),inputmatch([old]),tag(noun),tokens([old])]),head([lexmatch([woman]),inputmatch([woman]),tag(noun),tokens([woman])])],11/19,[]).
candidates(4,0,0,4,[]).
mappings([map(-775,[ev(-645,'C0439234',year,year,[year],[tmco],[[[2,2],[1,1],0]],no,no,['MTH','NCI','SNOMEDCT_US'],[16/4],0,0),ev(-645,'C0580836','Old','Old',[old],[tmco],[[[3,3],[1,1],0]],no,no,['MTH'],[21/3],0,0),ev(-812,'C0043210','Woman','Woman',[woman],[popg],[[[4,4],[1,1],0]],yes,no,['CHV','MSH','MTH','NCI','NLMSubSyn'],[25/5],0,0)]),map(-775,[ev(-645,'C0439508','/year','per year',[year],[tmco],[[[2,2],[1,1],0]],no,no,['CHV','MTH','NCI','SNOMEDCT_US'],[16/4],0,0),ev(-645,'C0580836','Old','Old',[old],[tmco],[[[3,3],[1,1],0]],no,no,['MTH'],[21/3],0,0),ev(-812,'C0043210','Woman','Woman',[woman],[popg],[[[4,4],[1,1],0]],yes,no,['CHV','MSH','MTH','NCI','NLMSubSyn'],[25/5],0,0)])]).
phrase('complains of severe premenstrual',[verb([lexmatch([complains]),inputmatch([complains]),tag(verb),tokens([complains])]),prep([lexmatch([of]),inputmatch([of]),tag(prep),tokens([of])]),mod([lexmatch([severe]),inputmatch([severe]),tag(adj),tokens([severe])]),mod([lexmatch([premenstrual]),inputmatch([premenstrual]),tag(adj),tokens([premenstrual])])],31/32,[]).
candidates(2,0,0,2,[]).
mappings([map(-722,[ev(-770,'C0205082','Severe','Severe (severity modifier)',[severe],[qlco],[[[3,3],[1,1],0]],yes,no,['CHV','NLMSubSyn','SNOMEDCT_US'],[44/6],0,0),ev(-770,'C0443282','Premenstrual','Premenstrual',[premenstrual],[tmco],[[[4,4],[1,1],0]],yes,no,['SNOMEDCT_US'],[51/12],0,0)])]).
phrase(and,[conj([lexmatch([and]),inputmatch([and]),tag(conj),tokens([and])])],64/3,[]).
candidates(0,0,0,0,[]).
mappings([]).
phrase('menstrual pelvic pain,',[mod([lexmatch([menstrual]),inputmatch([menstrual]),tag(adj),tokens([menstrual])]),head([lexmatch(['pelvic pain']),inputmatch([pelvic,pain]),tag(noun),tokens([pelvic,pain])]),punc([inputmatch([',']),tokens([])])],68/22,[]).
candidates(8,0,0,8,[]).
mappings([map(-901,[ev(-913,'C0013390','Pain, Menstrual','Dysmenorrhea',[menstrual,pain],[patf],[[[1,1],[1,1],0],[[3,3],[2,2],0]],yes,no,['CHV','COSTAR','ICD10CM','MSH','MTH','SNOMEDCT_US'],[68/9,85/4],0,0),ev(-827,'C0030797','Pelvic','Pelvis',[pelvic],[blor],[[[2,2],[1,1],0]],yes,no,['FMA','MSH','MTH','SNOMEDCT_US'],[78/6],0,0)]),map(-901,[ev(-913,'C0013390','Pain, Menstrual','Dysmenorrhea',[menstrual,pain],[patf],[[[1,1],[1,1],0],[[3,3],[2,2],0]],yes,no,['CHV','COSTAR','ICD10CM','MSH','MTH','SNOMEDCT_US'],[68/9,85/4],0,0),ev(-827,'C0559769','Pelvic','Pelvic cavity structure',[pelvic],[bsoj],[[[2,2],[1,1],0]],yes,no,['FMA','MTH','NCI','NLMSubSyn','SNMI','SNOMEDCT_US'],[78/6],0,0)]),map(-901,[ev(-660,'C0025344','Menstrual','Menstruation',[menstrual],[orgf],[[[1,1],[1,1],0]],no,no,['ICF','MSH','MTH','NCI','SNM','SNMI','SNOMEDCT_US'],[68/9],0,0),ev(-901,'C0030794','Pelvic Pain','Pelvic Pain',[pelvic,pain],[sosy],[[[2,3],[1,2],0]],yes,no,['CHV','MSH','MTH','NLMSubSyn','SNOMEDCT_US'],[78/11],0,0)]),map(-901,[ev(-660,'C0025344','Menstrual','Menstruation',[menstrual],[orgf],[[[1,1],[1,1],0]],no,no,['ICF','MSH','MTH','NCI','SNM','SNMI','SNOMEDCT_US'],[68/9],0,0),ev(-901,'C0850758','Pelvic pain, NOS','Pelvic pain female',[pelvic,pain],[sosy],[[[2,3],[1,2],0]],yes,no,['MTH','SNMI'],[78/11],0,0)])]).
phrase('heavy,',[head([lexmatch([heavy]),inputmatch([heavy]),tag(adj),tokens([heavy])]),punc([inputmatch([',']),tokens([])])],91/6,[]).
candidates(1,0,0,1,[]).
mappings([map(-1000,[ev(-1000,'C0439539','Heavy','Heavy sensation quality',[heavy],[qlco],[[[1,1],[1,1],0]],yes,no,['CHV','NLMSubSyn','SNOMEDCT_US'],[91/5],0,0)])]).
phrase('irregular periods',[mod([lexmatch([irregular]),inputmatch([irregular]),tag(adj),tokens([irregular])]),head([lexmatch([periods]),inputmatch([periods]),tag(noun),tokens([periods])])],98/17,[]).
candidates(7,3,0,4,[]).
mappings([map(-1000,[ev(-1000,'C0156404','Irregular periods','Irregular periods',[irregular,periods],[patf],[[[1,1],[1,1],0],[[2,2],[2,2],0]],yes,no,['CHV','DXP','ICD10CM','NLMSubSyn','OMIM','SNMI','SNOMEDCT_US'],[98/17],0,0)])]).
phrase(and,[conj([lexmatch([and]),inputmatch([and]),tag(conj),tokens([and])])],116/3,[]).
candidates(0,0,0,0,[]).
mappings([]).
phrase('occasional spotting between periods.',[mod([lexmatch([occasional]),inputmatch([occasional]),tag(adj),tokens([occasional])]),head([lexmatch([spotting]),inputmatch([spotting]),tag(noun),tokens([spotting])]),prep([lexmatch([between]),inputmatch([between]),tag(prep),tokens([between])]),mod([lexmatch([periods]),inputmatch([periods]),tag(noun),tokens([periods])]),punc([inputmatch(['.']),tokens([])])],120/36,[]).
candidates(12,3,0,9,[]).
mappings([map(-916,[ev(-604,'C0521114','Occasional','Infrequent',[occasional],[tmco],[[[1,1],[1,1],0]],no,no,['MTH','NCI','SNMI','SNOMEDCT_US'],[120/10],0,0),ev(-909,'C0025874','Spotting between periods','Metrorrhagia',[spotting,between,periods],[patf],[[[2,2],[1,1],0],[[3,3],[2,2],0],[[4,4],[3,3],0]],yes,no,['CHV','CST','MSH','MTH','NLMSubSyn','SNOMEDCT_US'],[131/24],0,0)])]).
'EOU'.
utterance('00000000.tx.3',"Past medical history remarkable for  two years of infertility treatment and an ectopic pregnancy at age 26. ",157/108,[264]).
phrase('Past medical history',[mod([lexmatch([past]),inputmatch(['Past']),tag(adj),tokens([past])]),head([lexmatch(['medical history']),inputmatch([medical,history]),tag(noun),tokens([medical,history])])],157/20,[]).
candidates(15,2,0,13,[]).
mappings([map(-1000,[ev(-1000,'C0262926','Past Medical History','Medical History',[past,medical,history],[fndg],[[[1,1],[1,1],0],[[2,3],[2,3],0]],yes,no,['LNC','MTH','NCI','NLMSubSyn','SNOMEDCT_US'],[157/20],0,0)]),map(-1000,[ev(-1000,'C0455458','Past medical history','PMH - past medical history',[past,medical,history],[fndg],[[[1,1],[1,1],0],[[2,3],[2,3],0]],yes,no,['CHV','MTH','NLMSubSyn','SNOMEDCT_US'],[157/20],0,0)])]).
phrase('remarkable for  two years of infertility treatment',[head([lexmatch([remarkable]),inputmatch([remarkable]),tag(adj),tokens([remarkable])]),prep([lexmatch([for]),inputmatch([for]),tag(prep),tokens([for])]),mod([lexmatch([two]),inputmatch([two]),tag(adj),tokens([two])]),mod([lexmatch([years]),inputmatch([years]),tag(noun),tokens([years])]),prep([lexmatch([of]),inputmatch([of]),tag(prep),tokens([of])]),mod([lexmatch([infertility]),inputmatch([infertility]),tag(noun),tokens([infertility])]),mod([lexmatch([treatment]),inputmatch([treatment]),tag(noun),tokens([treatment])])],178/50,[]).
candidates(13,2,0,11,[]).
mappings([map(-579,[ev(-581,'C0205448','Two','Two',[two],[qnco],[[[3,3],[1,1],0]],no,no,['MTH','SNOMEDCT_US'],[194/3],0,0),ev(-581,'C0439234',years,year,[years],[tmco],[[[4,4],[1,1],0]],no,no,['MTH','NCI','SNOMEDCT_US'],[198/5],0,0),ev(-633,'C0200070','Treatment for infertility NOS','Infertility therapy',[treatment,for,infertility],[topp],[[[7,7],[1,1],0],[[2,2],[2,2],0],[[6,6],[3,3],0]],no,no,['CHV','NLMSubSyn','SNOMEDCT_US'],[189/3,207/21],0,0)])]).
phrase(and,[conj([lexmatch([and]),inputmatch([and]),tag(conj),tokens([and])])],229/3,[]).
candidates(0,0,0,0,[]).
mappings([]).
phrase('an ectopic pregnancy at age 26.',[det([lexmatch([an]),inputmatch([an]),tag(det),tokens([an])]),head([lexmatch(['ectopic pregnancy']),inputmatch([ectopic,pregnancy]),tag(noun),tokens([ectopic,pregnancy])]),prep([lexmatch([at]),inputmatch([at]),tag(prep),tokens([at])]),mod([lexmatch([age]),inputmatch([age]),tag(noun),tokens([age])]),shapes([inputmatch(['26']),features([integer]),tokens(['26'])]),punc([inputmatch(['.']),tokens([])])],233/31,[]).
candidates(11,4,0,7,[]).
mappings([map(-799,[ev(-753,'C0574895','Ectopic','Ectopic (qualifier value)',[ectopic],[spco],[[[2,2],[1,1],0]],yes,no,['NCI','SNOMEDCT_US'],[236/7],0,0),ev(-833,'C0024915','pregnancy at age','Maternal Age',[pregnancy,at,age],[tmco],[[[3,3],[1,1],0],[[4,4],[2,2],0],[[5,5],[3,3],0]],yes,no,['CHV','CSP','MSH','NLMSubSyn'],[244/16],0,0)])]).
'EOU'.
utterance('00000000.tx.4',"A 38 year old woman with severe dysmenorrhea, menorrhagia, and menometrorrhagia. ",265/81,[]).
phrase('A 38 year old woman with severe dysmenorrhea,',[det([lexmatch([a]),inputmatch(['A']),tag(det),tokens([a])]),shapes([inputmatch(['38']),features([integer]),tokens(['38'])]),mod([lexmatch([year]),inputmatch([year]),tag(noun),tokens([year])]),mod([lexmatch([old]),inputmatch([old]),tag(noun),tokens([old])]),head([lexmatch([woman]),inputmatch([woman]),tag(noun),tokens([woman])]),prep([lexmatch([with]),inputmatch([with]),tag(prep),tokens([with])]),mod([lexmatch([severe]),inputmatch([severe]),tag(adj),tokens([severe])]),mod([lexmatch([dysmenorrhea]),inputmatch([dysmenorrhea]),tag(noun),tokens([dysmenorrhea])]),punc([inputmatch([',']),tokens([])])],265/45,[]).
candidates(7,0,0,7,[]).
mappings([map(-688,[ev(-578,'C0439234',year,year,[year],[tmco],[[[3,3],[1,1],0]],no,no,['MTH','NCI','SNOMEDCT_US'],[270/4],0,0),ev(-578,'C0580836','Old','Old',[old],[tmco],[[[4,4],[1,1],0]],no,no,['MTH'],[275/3],0,0),ev(-744,'C0043210','Woman','Woman',[woman],[popg],[[[5,5],[1,1],0]],yes,no,['CHV','MSH','MTH','NCI','NLMSubSyn'],[279/5],0,0),ev(-604,'C1851651','Dysmenorrhea, severe','Dysmenorrhea, severe',[severe,dysmenorrhea],[fndg],[[[7,7],[1,1],0],[[8,8],[2,2],0]],no,no,['OMIM'],[290/19],0,0)]),map(-688,[ev(-578,'C0439508','/year','per year',[year],[tmco],[[[3,3],[1,1],0]],no,no,['CHV','MTH','NCI','SNOMEDCT_US'],[270/4],0,0),ev(-578,'C0580836','Old','Old',[old],[tmco],[[[4,4],[1,1],0]],no,no,['MTH'],[275/3],0,0),ev(-744,'C0043210','Woman','Woman',[woman],[popg],[[[5,5],[1,1],0]],yes,no,['CHV','MSH','MTH','NCI','NLMSubSyn'],[279/5],0,0),ev(-604,'C1851651','Dysmenorrhea, severe','Dysmenorrhea, severe',[severe,dysmenorrhea],[fndg],[[[7,7],[1,1],0],[[8,8],[2,2],0]],no,no,['OMIM'],[290/19],0,0)])]).
phrase('menorrhagia,',[head([lexmatch([menorrhagia]),inputmatch([menorrhagia]),tag(noun),tokens([menorrhagia])]),punc([inputmatch([',']),tokens([])])],311/12,[]).
candidates(1,0,0,1,[]).
mappings([map(-1000,[ev(-1000,'C0025323','Menorrhagia','Menorrhagia',[menorrhagia],[patf],[[[1,1],[1,1],0]],yes,no,['CHV','COSTAR','CST','MSH','MTH','NLMSubSyn','SNOMEDCT_US'],[311/11],0,0)])]).
phrase(and,[conj([lexmatch([and]),inputmatch([and]),tag(conj),tokens([and])])],324/3,[]).
candidates(0,0,0,0,[]).
mappings([]).
phrase('menometrorrhagia.',[head([lexmatch([menometrorrhagia]),inputmatch([menometrorrhagia]),tag(noun),tokens([menometrorrhagia])]),punc([inputmatch(['.']),tokens([])])],328/17,[]).
candidates(1,0,0,1,[]).
mappings([map(-1000,[ev(-1000,'C0232943','Menometrorrhagia','Intermenstrual heavy bleeding',[menometrorrhagia],[sosy],[[[1,1],[1,1],0]],yes,no,['SNOMEDCT_US'],[328/16],0,0)])]).
'EOU'.
utterance('00000000.tx.5',"PMH of infertility treatment and ectopic pregnancy",346/50,[]).
phrase('PMH of infertility treatment',[head([lexmatch([pmh]),inputmatch(['PMH']),tag(noun),tokens([pmh])]),prep([lexmatch([of]),inputmatch([of]),tag(prep),tokens([of])]),mod([lexmatch([infertility]),inputmatch([infertility]),tag(noun),tokens([infertility])]),mod([lexmatch([treatment]),inputmatch([treatment]),tag(noun),tokens([treatment])])],346/28,[]).
candidates(10,1,0,9,[]).
mappings([map(-783,[ev(-770,'C0262926','PMH','Medical History',[pmh],[fndg],[[[1,1],[1,1],0]],yes,no,['LNC','MTH','NCI','NLMSubSyn','SNOMEDCT_US'],[346/3],0,0),ev(-666,'C0200070','Infertility treatment','Infertility therapy',[infertility,treatment],[topp],[[[3,3],[1,1],0],[[4,4],[2,2],0]],no,no,['CHV','NLMSubSyn','SNOMEDCT_US'],[353/21],0,0)])]).
phrase(and,[conj([lexmatch([and]),inputmatch([and]),tag(conj),tokens([and])])],375/3,[]).
candidates(0,0,0,0,[]).
mappings([]).
phrase('ectopic pregnancy',[head([lexmatch(['ectopic pregnancy']),inputmatch([ectopic,pregnancy]),tag(noun),tokens([ectopic,pregnancy])])],379/17,[]).
candidates(8,4,0,4,[]).
mappings([map(-1000,[ev(-1000,'C0032987','Ectopic Pregnancy','Ectopic Pregnancy',[ectopic,pregnancy],[dsyn],[[[1,2],[1,2],0]],yes,no,['ICD10CM','MTH','NCI','NLMSubSyn','SNMI','SNOMEDCT_US'],[379/17],0,0)])]).
'EOU'.
'EOT'.
