args('metamap14.BINARY.Darwin --lexicon db -Z 2014AA -qE -Q 4 ../../TREC-CDS/2015-original/12.txt ../../TREC-CDS/2015-original-MMed/12.txt.out',[lexicon-db,mm_data_year-'2014AA',machine_output-[],indicate_citation_end-[],composite_phrases-4,infile-'../../TREC-CDS/2015-original/12.txt',outfile-'../../TREC-CDS/2015-original-MMed/12.txt.out']).
aas([]).
neg_list([]).
utterance('00000000.tx.1',"test. ",0/6,[5]).
phrase('test.',[head([lexmatch([test]),inputmatch([test]),tag(noun),tokens([test])]),punc([inputmatch(['.']),tokens([])])],0/5,[]).
candidates(3,0,0,3,[]).
mappings([map(-1000,[ev(-1000,'C0022885','Test','Laboratory Procedures',[test],[lbpr],[[[1,1],[1,1],0]],yes,no,['CHV','MEDLINEPLUS','MTH','NCI','NLMSubSyn','SNM','SNMI','SNOMEDCT_US'],[0/4],0,0)]),map(-1000,[ev(-1000,'C0039593','Test','Testing',[test],[ftcn],[[[1,1],[1,1],0]],yes,no,['CHV','MTH','NCI','NLMSubSyn'],[0/4],0,0)]),map(-1000,[ev(-1000,'C0392366',test,'Tests (qualifier value)',[test],[inpr],[[[1,1],[1,1],0]],yes,no,['CHV','SNOMEDCT_US'],[0/4],0,0)])]).
'EOU'.
utterance('00000000.tx.2',"A 44-year-old man was recently in an automobile accident where he sustained a skull fracture. ",6/94,[]).
phrase('A 44-year-old man',[det([lexmatch([a]),inputmatch(['A']),tag(det),tokens([a])]),shapes([inputmatch(['44']),features([integer]),tokens(['44'])]),punc([inputmatch([-]),tokens([])]),mod([lexmatch([year]),inputmatch([year]),tag(noun),tokens([year])]),punc([inputmatch([-]),tokens([])]),mod([lexmatch([old]),inputmatch([old]),tag(noun),tokens([old])]),head([lexmatch([man]),inputmatch([man]),tag(noun),tokens([man])])],6/17,[]).
candidates(6,0,0,6,[]).
mappings([map(-775,[ev(-645,'C0439234',year,year,[year],[tmco],[[[2,2],[1,1],0]],no,no,['MTH','NCI','SNOMEDCT_US'],[11/4],0,0),ev(-645,'C0580836','Old','Old',[old],[tmco],[[[3,3],[1,1],0]],no,no,['MTH'],[16/3],0,0),ev(-812,'C0024554','MAN','Male gender',[man],[orga],[[[4,4],[1,1],0]],yes,no,['CHV','DXP','MSH','MTH','NCI','NLMSubSyn','QMR','SNOMEDCT_US'],[20/3],0,0)]),map(-775,[ev(-645,'C0439234',year,year,[year],[tmco],[[[2,2],[1,1],0]],no,no,['MTH','NCI','SNOMEDCT_US'],[11/4],0,0),ev(-645,'C0580836','Old','Old',[old],[tmco],[[[3,3],[1,1],0]],no,no,['MTH'],[16/3],0,0),ev(-812,'C0025266','Man','Male population group',[man],[popg],[[[4,4],[1,1],0]],yes,no,['MSH','MTH','NCI','NLMSubSyn','SNOMEDCT_US'],[20/3],0,0)]),map(-775,[ev(-645,'C0439234',year,year,[year],[tmco],[[[2,2],[1,1],0]],no,no,['MTH','NCI','SNOMEDCT_US'],[11/4],0,0),ev(-645,'C0580836','Old','Old',[old],[tmco],[[[3,3],[1,1],0]],no,no,['MTH'],[16/3],0,0),ev(-812,'C0086418','Man','Homo sapiens',[man],[humn],[[[4,4],[1,1],0]],yes,no,['MSH','MTH','NCI','SNMI','SNOMEDCT_US','SNOMEDCT_VET'],[20/3],0,0)]),map(-775,[ev(-645,'C0439508','/year','per year',[year],[tmco],[[[2,2],[1,1],0]],no,no,['CHV','MTH','NCI','SNOMEDCT_US'],[11/4],0,0),ev(-645,'C0580836','Old','Old',[old],[tmco],[[[3,3],[1,1],0]],no,no,['MTH'],[16/3],0,0),ev(-812,'C0024554','MAN','Male gender',[man],[orga],[[[4,4],[1,1],0]],yes,no,['CHV','DXP','MSH','MTH','NCI','NLMSubSyn','QMR','SNOMEDCT_US'],[20/3],0,0)]),map(-775,[ev(-645,'C0439508','/year','per year',[year],[tmco],[[[2,2],[1,1],0]],no,no,['CHV','MTH','NCI','SNOMEDCT_US'],[11/4],0,0),ev(-645,'C0580836','Old','Old',[old],[tmco],[[[3,3],[1,1],0]],no,no,['MTH'],[16/3],0,0),ev(-812,'C0025266','Man','Male population group',[man],[popg],[[[4,4],[1,1],0]],yes,no,['MSH','MTH','NCI','NLMSubSyn','SNOMEDCT_US'],[20/3],0,0)]),map(-775,[ev(-645,'C0439508','/year','per year',[year],[tmco],[[[2,2],[1,1],0]],no,no,['CHV','MTH','NCI','SNOMEDCT_US'],[11/4],0,0),ev(-645,'C0580836','Old','Old',[old],[tmco],[[[3,3],[1,1],0]],no,no,['MTH'],[16/3],0,0),ev(-812,'C0086418','Man','Homo sapiens',[man],[humn],[[[4,4],[1,1],0]],yes,no,['MSH','MTH','NCI','SNMI','SNOMEDCT_US','SNOMEDCT_VET'],[20/3],0,0)])]).
phrase(was,[aux([lexmatch([was]),inputmatch([was]),tag(aux),tokens([was])])],24/3,[]).
candidates(0,0,0,0,[]).
mappings([]).
phrase('recently in an automobile accident where',[adv([lexmatch([recently]),inputmatch([recently]),tag(adv),tokens([recently])]),prep([lexmatch([in]),inputmatch([in]),tag(prep),tokens([in])]),det([lexmatch([an]),inputmatch([an]),tag(det),tokens([an])]),mod([lexmatch([automobile]),inputmatch([automobile]),tag(noun),tokens([automobile])]),mod([lexmatch([accident]),inputmatch([accident]),tag(noun),tokens([accident])]),adv([lexmatch([where]),inputmatch([where]),tag(adv),tokens([where])])],28/40,[]).
candidates(8,1,0,7,[]).
mappings([map(-722,[ev(-753,'C0332185','Recently','Recent',[recently],[tmco],[[[1,1],[1,1],0]],yes,no,['MTH','SNOMEDCT_US'],[28/8],0,0),ev(-790,'C0000932','automobile accident','Traffic accidents',[automobile,accident],[inpo],[[[4,4],[1,1],0],[[5,5],[2,2],0]],yes,no,['AOD','CHV','MTH'],[43/19],0,0)]),map(-722,[ev(-753,'C0332185','Recently','Recent',[recently],[tmco],[[[1,1],[1,1],0]],yes,no,['MTH','SNOMEDCT_US'],[28/8],0,0),ev(-790,'C1367973','Automobile accident','Automobile accident',[automobile,accident],[phpr],[[[4,4],[1,1],0],[[5,5],[2,2],0]],yes,no,['CST','MTH'],[43/19],0,0)])]).
phrase(he,[pron([lexmatch([he]),inputmatch([he]),tag(pron),tokens([he])])],69/2,[]).
candidates(0,0,0,0,[]).
mappings([]).
phrase(sustained,[verb([lexmatch([sustained]),inputmatch([sustained]),tag(verb),tokens([sustained])])],72/9,[]).
candidates(2,1,0,1,[]).
mappings([map(-1000,[ev(-1000,'C0443318','Sustained','Sustained',[sustained],[ftcn],[[[1,1],[1,1],0]],yes,no,['CHV','MTH'],[72/9],0,0)])]).
phrase('a skull fracture.',[det([lexmatch([a]),inputmatch([a]),tag(det),tokens([a])]),mod([lexmatch([skull]),inputmatch([skull]),tag(noun),tokens([skull])]),head([lexmatch([fracture]),inputmatch([fracture]),tag(noun),tokens([fracture])]),punc([inputmatch(['.']),tokens([])])],82/17,[]).
candidates(3,0,0,3,[]).
mappings([map(-1000,[ev(-1000,'C0037304','Skull Fracture','Skull Fractures',[skull,fracture],[inpo],[[[1,1],[1,1],0],[[2,2],[2,2],0]],yes,no,['MSH','NCI','NLMSubSyn','SNMI','SNOMEDCT_US'],[84/14],0,0)])]).
'EOU'.
utterance('00000000.tx.3',"In the emergency room, he noted clear fluid dripping from his nose. ",100/68,[]).
phrase('In the emergency room,',[prep([lexmatch([in]),inputmatch(['In']),tag(prep),tokens([in])]),det([lexmatch([the]),inputmatch([the]),tag(det),tokens([the])]),head([lexmatch(['emergency room']),inputmatch([emergency,room]),tag(noun),tokens([emergency,room])]),punc([inputmatch([',']),tokens([])])],100/22,[]).
candidates(5,0,0,5,[]).
mappings([map(-1000,[ev(-1000,'C0562508','Emergency Room','Accident and Emergency department',[emergency,room],[hcro],[[[1,2],[1,2],0]],yes,no,['CHV','MSH','MTH','NCI','NLMSubSyn','SNOMEDCT_US'],[107/14],0,0)])]).
phrase(he,[pron([lexmatch([he]),inputmatch([he]),tag(pron),tokens([he])])],123/2,[]).
candidates(0,0,0,0,[]).
mappings([]).
phrase(noted,[verb([lexmatch([noted]),inputmatch([noted]),tag(verb),tokens([noted])])],126/5,[]).
candidates(3,0,0,3,[]).
mappings([map(-966,[ev(-966,'C1316572','Note','Evaluation and management note:Finding:Point in time:{Setting}:Document:{Provider}',[note],[clna],[[[1,1],[1,1],1]],yes,no,['LNC','MTH'],[126/5],0,0)]),map(-966,[ev(-966,'C1317574','Note','Note (document)',[note],[inpr],[[[1,1],[1,1],1]],yes,no,['LNC','MTH','NCI'],[126/5],0,0)]),map(-966,[ev(-966,'C1369612','Note','Note:Finding:Point in time:{Setting}:Document:Nursing',[note],[clna],[[[1,1],[1,1],1]],yes,no,['LNC'],[126/5],0,0)])]).
phrase('clear fluid dripping from his nose.',[mod([lexmatch([clear]),inputmatch([clear]),tag(adj),tokens([clear])]),mod([lexmatch([fluid]),inputmatch([fluid]),tag(noun),tokens([fluid])]),head([lexmatch([dripping]),inputmatch([dripping]),tag(noun),tokens([dripping])]),prep([lexmatch([from]),inputmatch([from]),tag(prep),tokens([from])]),pron([lexmatch([his]),inputmatch([his]),tag(pron),tokens([his])]),mod([lexmatch([nose]),inputmatch([nose]),tag(noun),tokens([nose])]),punc([inputmatch(['.']),tokens([])])],132/35,[]).
candidates(14,1,0,13,[]).
mappings([map(-759,[ev(-623,'C0453847','Clear fluid','Clear fluid',[clear,fluid],[food],[[[1,1],[1,1],0],[[2,2],[2,2],0]],no,no,['CHV','NLMSubSyn','SNOMEDCT_US'],[132/11],0,0),ev(-586,'C0019602','His','Histidine',[his],[aapp,bacs,phsu],[[[5,5],[1,1],0]],no,no,['MSH','MTH','NCI'],[158/3],0,0),ev(-783,'C1260880','Nose dripping','Rhinorrhea',[nose,dripping],[sosy],[[[6,6],[1,1],0],[[3,3],[2,2],0]],yes,no,['CHV','DXP','MTH','NLMSubSyn','SNMI','SNOMEDCT_US','SNOMEDCT_VET'],[144/8,162/4],0,0)]),map(-759,[ev(-623,'C0453847','Clear fluid','Clear fluid',[clear,fluid],[food],[[[1,1],[1,1],0],[[2,2],[2,2],0]],no,no,['CHV','NLMSubSyn','SNOMEDCT_US'],[132/11],0,0),ev(-586,'C1412323','HIS','AKR1B10 gene',[his],[gngm],[[[5,5],[1,1],0]],no,no,['HGNC','MTH','OMIM'],[158/3],0,0),ev(-783,'C1260880','Nose dripping','Rhinorrhea',[nose,dripping],[sosy],[[[6,6],[1,1],0],[[3,3],[2,2],0]],yes,no,['CHV','DXP','MTH','NLMSubSyn','SNMI','SNOMEDCT_US','SNOMEDCT_VET'],[144/8,162/4],0,0)])]).
'EOU'.
utterance('00000000.tx.4',"The following day he started complaining of severe headache and fever. ",168/71,[]).
phrase('The following day',[det([lexmatch([the]),inputmatch(['The']),tag(det),tokens([the])]),mod([lexmatch([following]),inputmatch([following]),tag(adj),tokens([following])]),head([lexmatch([day]),inputmatch([day]),tag(noun),tokens([day])])],168/17,[]).
candidates(6,2,0,4,[]).
mappings([map(-888,[ev(-694,'C0332282','Following','Following',[following],[tmco],[[[1,1],[1,1],0]],no,no,['MTH','NCI'],[172/9],0,0),ev(-861,'C0332173','/day','Daily',[day],[tmco],[[[2,2],[1,1],0]],yes,no,['CHV','MTH','NCI','SNOMEDCT_US'],[182/3],0,0)]),map(-888,[ev(-694,'C0332282','Following','Following',[following],[tmco],[[[1,1],[1,1],0]],no,no,['MTH','NCI'],[172/9],0,0),ev(-861,'C0439228',day,day,[day],[tmco],[[[2,2],[1,1],0]],yes,no,['MTH','SNOMEDCT_US'],[182/3],0,0)]),map(-888,[ev(-694,'C0332282','Following','Following',[following],[tmco],[[[1,1],[1,1],0]],no,no,['MTH','NCI'],[172/9],0,0),ev(-861,'C0439505','/day','per day',[day],[tmco],[[[2,2],[1,1],0]],yes,no,['MTH','NCI','SNOMEDCT_US'],[182/3],0,0)])]).
phrase(he,[pron([lexmatch([he]),inputmatch([he]),tag(pron),tokens([he])])],186/2,[]).
candidates(0,0,0,0,[]).
mappings([]).
phrase(started,[verb([lexmatch([started]),inputmatch([started]),tag(verb),tokens([started])])],189/7,[]).
candidates(2,1,0,1,[]).
mappings([map(-1000,[ev(-1000,'C1272689','Started','Started',[started],[qlco],[[[1,1],[1,1],0]],yes,no,['MTH'],[189/7],0,0)])]).
phrase('complaining of severe headache',[head([lexmatch([complaining]),inputmatch([complaining]),tag(noun),tokens([complaining])]),prep([lexmatch([of]),inputmatch([of]),tag(prep),tokens([of])]),mod([lexmatch([severe]),inputmatch([severe]),tag(adj),tokens([severe])]),mod([lexmatch([headache]),inputmatch([headache]),tag(noun),tokens([headache])])],197/30,[]).
candidates(3,0,0,3,[]).
mappings([map(-666,[ev(-666,'C2957106','HEADACHE, SEVERE','Headache Severe',[severe,headache],[sosy],[[[3,3],[1,1],0],[[4,4],[2,2],0]],no,no,['DXP','NLMSubSyn','QMR'],[212/15],0,0)])]).
phrase(and,[conj([lexmatch([and]),inputmatch([and]),tag(conj),tokens([and])])],228/3,[]).
candidates(0,0,0,0,[]).
mappings([]).
phrase('fever.',[head([lexmatch([fever]),inputmatch([fever]),tag(noun),tokens([fever])]),punc([inputmatch(['.']),tokens([])])],232/6,[]).
candidates(1,0,0,1,[]).
mappings([map(-1000,[ev(-1000,'C0015967','Fever','Fever',[fever],[fndg],[[[1,1],[1,1],0]],yes,no,['CHV','CSP','CST','DXP','ICD10CM','MSH','MTH','NCI','NLMSubSyn','SNMI','SNOMEDCT_US'],[232/5],0,0)])]).
'EOU'.
utterance('00000000.tx.5',"Nuchal rigidity was found on physical examination. ",239/51,[289]).
phrase('Nuchal rigidity',[mod([lexmatch([nuchal]),inputmatch(['Nuchal']),tag(adj),tokens([nuchal])]),head([lexmatch([rigidity]),inputmatch([rigidity]),tag(noun),tokens([rigidity])])],239/15,[]).
candidates(7,3,0,4,[]).
mappings([map(-1000,[ev(-1000,'C1320474','Nuchal Rigidity','Nuchal Rigidity',[nuchal,rigidity],[sosy],[[[1,1],[1,1],0],[[2,2],[2,2],0]],yes,no,['MTH'],[239/15],0,0)])]).
phrase(was,[aux([lexmatch([was]),inputmatch([was]),tag(aux),tokens([was])])],255/3,[]).
candidates(0,0,0,0,[]).
mappings([]).
phrase('found on physical examination.',[verb([lexmatch([found]),inputmatch([found]),tag(verb),tokens([found])]),prep([lexmatch([on]),inputmatch([on]),tag(prep),tokens([on])]),mod([lexmatch(['physical examination']),inputmatch([physical,examination]),tag(noun),tokens([physical,examination])]),punc([inputmatch(['.']),tokens([])])],259/30,[]).
candidates(6,1,0,5,[]).
mappings([map(-783,[ev(-770,'C0150312','Found','Present',[found],[qnco],[[[1,1],[1,1],0]],yes,no,['CHV','MTH','NCI'],[259/5],0,0),ev(-833,'C0031809','Physical Examination','Physical Examination',[physical,examination],[hlca],[[[3,4],[1,2],0]],yes,no,['AIR','CHV','ICD9CM','MSH','MTH','NCI','NLMSubSyn','SNMI','SNOMEDCT_US'],[268/20],0,0)])]).
'EOU'.
utterance('00000000.tx.6',"A 44-year-old man complains of severe headache and fever. ",290/58,[]).
phrase('A 44-year-old man',[det([lexmatch([a]),inputmatch(['A']),tag(det),tokens([a])]),shapes([inputmatch(['44']),features([integer]),tokens(['44'])]),punc([inputmatch([-]),tokens([])]),mod([lexmatch([year]),inputmatch([year]),tag(noun),tokens([year])]),punc([inputmatch([-]),tokens([])]),mod([lexmatch([old]),inputmatch([old]),tag(noun),tokens([old])]),head([lexmatch([man]),inputmatch([man]),tag(noun),tokens([man])])],290/17,[]).
candidates(6,0,0,6,[]).
mappings([map(-775,[ev(-645,'C0439234',year,year,[year],[tmco],[[[2,2],[1,1],0]],no,no,['MTH','NCI','SNOMEDCT_US'],[295/4],0,0),ev(-645,'C0580836','Old','Old',[old],[tmco],[[[3,3],[1,1],0]],no,no,['MTH'],[300/3],0,0),ev(-812,'C0024554','MAN','Male gender',[man],[orga],[[[4,4],[1,1],0]],yes,no,['CHV','DXP','MSH','MTH','NCI','NLMSubSyn','QMR','SNOMEDCT_US'],[304/3],0,0)]),map(-775,[ev(-645,'C0439234',year,year,[year],[tmco],[[[2,2],[1,1],0]],no,no,['MTH','NCI','SNOMEDCT_US'],[295/4],0,0),ev(-645,'C0580836','Old','Old',[old],[tmco],[[[3,3],[1,1],0]],no,no,['MTH'],[300/3],0,0),ev(-812,'C0025266','Man','Male population group',[man],[popg],[[[4,4],[1,1],0]],yes,no,['MSH','MTH','NCI','NLMSubSyn','SNOMEDCT_US'],[304/3],0,0)]),map(-775,[ev(-645,'C0439234',year,year,[year],[tmco],[[[2,2],[1,1],0]],no,no,['MTH','NCI','SNOMEDCT_US'],[295/4],0,0),ev(-645,'C0580836','Old','Old',[old],[tmco],[[[3,3],[1,1],0]],no,no,['MTH'],[300/3],0,0),ev(-812,'C0086418','Man','Homo sapiens',[man],[humn],[[[4,4],[1,1],0]],yes,no,['MSH','MTH','NCI','SNMI','SNOMEDCT_US','SNOMEDCT_VET'],[304/3],0,0)]),map(-775,[ev(-645,'C0439508','/year','per year',[year],[tmco],[[[2,2],[1,1],0]],no,no,['CHV','MTH','NCI','SNOMEDCT_US'],[295/4],0,0),ev(-645,'C0580836','Old','Old',[old],[tmco],[[[3,3],[1,1],0]],no,no,['MTH'],[300/3],0,0),ev(-812,'C0024554','MAN','Male gender',[man],[orga],[[[4,4],[1,1],0]],yes,no,['CHV','DXP','MSH','MTH','NCI','NLMSubSyn','QMR','SNOMEDCT_US'],[304/3],0,0)]),map(-775,[ev(-645,'C0439508','/year','per year',[year],[tmco],[[[2,2],[1,1],0]],no,no,['CHV','MTH','NCI','SNOMEDCT_US'],[295/4],0,0),ev(-645,'C0580836','Old','Old',[old],[tmco],[[[3,3],[1,1],0]],no,no,['MTH'],[300/3],0,0),ev(-812,'C0025266','Man','Male population group',[man],[popg],[[[4,4],[1,1],0]],yes,no,['MSH','MTH','NCI','NLMSubSyn','SNOMEDCT_US'],[304/3],0,0)]),map(-775,[ev(-645,'C0439508','/year','per year',[year],[tmco],[[[2,2],[1,1],0]],no,no,['CHV','MTH','NCI','SNOMEDCT_US'],[295/4],0,0),ev(-645,'C0580836','Old','Old',[old],[tmco],[[[3,3],[1,1],0]],no,no,['MTH'],[300/3],0,0),ev(-812,'C0086418','Man','Homo sapiens',[man],[humn],[[[4,4],[1,1],0]],yes,no,['MSH','MTH','NCI','SNMI','SNOMEDCT_US','SNOMEDCT_VET'],[304/3],0,0)])]).
phrase('complains of severe headache',[verb([lexmatch([complains]),inputmatch([complains]),tag(verb),tokens([complains])]),prep([lexmatch([of]),inputmatch([of]),tag(prep),tokens([of])]),mod([lexmatch([severe]),inputmatch([severe]),tag(adj),tokens([severe])]),mod([lexmatch([headache]),inputmatch([headache]),tag(noun),tokens([headache])])],308/28,[]).
candidates(3,0,0,3,[]).
mappings([map(-833,[ev(-833,'C2957106','HEADACHE, SEVERE','Headache Severe',[severe,headache],[sosy],[[[3,3],[1,1],0],[[4,4],[2,2],0]],yes,no,['DXP','NLMSubSyn','QMR'],[321/15],0,0)])]).
phrase(and,[conj([lexmatch([and]),inputmatch([and]),tag(conj),tokens([and])])],337/3,[]).
candidates(0,0,0,0,[]).
mappings([]).
phrase('fever.',[head([lexmatch([fever]),inputmatch([fever]),tag(noun),tokens([fever])]),punc([inputmatch(['.']),tokens([])])],341/6,[]).
candidates(1,0,0,1,[]).
mappings([map(-1000,[ev(-1000,'C0015967','Fever','Fever',[fever],[fndg],[[[1,1],[1,1],0]],yes,no,['CHV','CSP','CST','DXP','ICD10CM','MSH','MTH','NCI','NLMSubSyn','SNMI','SNOMEDCT_US'],[341/5],0,0)])]).
'EOU'.
utterance('00000000.tx.7',"Nuchal rigidity was found on physical examination.",348/50,[]).
phrase('Nuchal rigidity',[mod([lexmatch([nuchal]),inputmatch(['Nuchal']),tag(adj),tokens([nuchal])]),head([lexmatch([rigidity]),inputmatch([rigidity]),tag(noun),tokens([rigidity])])],348/15,[]).
candidates(7,3,0,4,[]).
mappings([map(-1000,[ev(-1000,'C1320474','Nuchal Rigidity','Nuchal Rigidity',[nuchal,rigidity],[sosy],[[[1,1],[1,1],0],[[2,2],[2,2],0]],yes,no,['MTH'],[348/15],0,0)])]).
phrase(was,[aux([lexmatch([was]),inputmatch([was]),tag(aux),tokens([was])])],364/3,[]).
candidates(0,0,0,0,[]).
mappings([]).
phrase('found on physical examination.',[verb([lexmatch([found]),inputmatch([found]),tag(verb),tokens([found])]),prep([lexmatch([on]),inputmatch([on]),tag(prep),tokens([on])]),mod([lexmatch(['physical examination']),inputmatch([physical,examination]),tag(noun),tokens([physical,examination])]),punc([inputmatch(['.']),tokens([])])],368/30,[]).
candidates(6,1,0,5,[]).
mappings([map(-783,[ev(-770,'C0150312','Found','Present',[found],[qnco],[[[1,1],[1,1],0]],yes,no,['CHV','MTH','NCI'],[368/5],0,0),ev(-833,'C0031809','Physical Examination','Physical Examination',[physical,examination],[hlca],[[[3,4],[1,2],0]],yes,no,['AIR','CHV','ICD9CM','MSH','MTH','NCI','NLMSubSyn','SNMI','SNOMEDCT_US'],[377/20],0,0)])]).
'EOU'.
'EOT'.
