args('metamap14.BINARY.Darwin --lexicon db -Z 2014AA -qE -Q 4 ../../TREC-CDS/2015-original/13.txt ../../TREC-CDS/2015-original-MMed/13.txt.out',[lexicon-db,mm_data_year-'2014AA',machine_output-[],indicate_citation_end-[],composite_phrases-4,infile-'../../TREC-CDS/2015-original/13.txt',outfile-'../../TREC-CDS/2015-original-MMed/13.txt.out']).
aas([]).
neg_list([negation(nega,deny,[298/4],['C1510467':trauma,'C0043250':trauma,'C3263723':'Trauma','C0043251':'Trauma'],[348/6]),negation(nega,deny,[298/4],['C0520753':'foreign body ingestion'],[322/22])]).
utterance('00000000.tx.1',"test. ",0/6,[5]).
phrase('test.',[head([lexmatch([test]),inputmatch([test]),tag(noun),tokens([test])]),punc([inputmatch(['.']),tokens([])])],0/5,[]).
candidates(3,0,0,3,[]).
mappings([map(-1000,[ev(-1000,'C0022885','Test','Laboratory Procedures',[test],[lbpr],[[[1,1],[1,1],0]],yes,no,['CHV','MEDLINEPLUS','MTH','NCI','NLMSubSyn','SNM','SNMI','SNOMEDCT_US'],[0/4],0,0)]),map(-1000,[ev(-1000,'C0039593','Test','Testing',[test],[ftcn],[[[1,1],[1,1],0]],yes,no,['CHV','MTH','NCI','NLMSubSyn'],[0/4],0,0)]),map(-1000,[ev(-1000,'C0392366',test,'Tests (qualifier value)',[test],[inpr],[[[1,1],[1,1],0]],yes,no,['CHV','SNOMEDCT_US'],[0/4],0,0)])]).
'EOU'.
utterance('00000000.tx.2',"A 5-year-old boy presents to the emergency department with complaints of progressively worsening dysphagia, drooling, fever and vocal changes. ",6/143,[]).
phrase('A 5-year-old boy',[det([lexmatch([a]),inputmatch(['A']),tag(det),tokens([a])]),shapes([inputmatch(['5']),features([integer]),tokens(['5'])]),punc([inputmatch([-]),tokens([])]),mod([lexmatch([year]),inputmatch([year]),tag(noun),tokens([year])]),punc([inputmatch([-]),tokens([])]),mod([lexmatch([old]),inputmatch([old]),tag(noun),tokens([old])]),head([lexmatch([boy]),inputmatch([boy]),tag(noun),tokens([boy])])],6/16,[]).
candidates(6,0,0,6,[]).
mappings([map(-833,[ev(-645,'C0439084','>5','>5',['5'],[qnco],[[[1,1],[1,1],0]],no,no,['SNOMEDCT_US'],[8/1],0,0),ev(-645,'C0439234',year,year,[year],[tmco],[[[2,2],[1,1],0]],no,no,['MTH','NCI','SNOMEDCT_US'],[10/4],0,0),ev(-645,'C0580836','Old','Old',[old],[tmco],[[[3,3],[1,1],0]],no,no,['MTH'],[15/3],0,0),ev(-812,'C0870221','Boy','Male child',[boy],[aggp],[[[4,4],[1,1],0]],yes,no,['CHV','NLMSubSyn','SNOMEDCT_US'],[19/3],0,0)]),map(-833,[ev(-645,'C0439084','>5','>5',['5'],[qnco],[[[1,1],[1,1],0]],no,no,['SNOMEDCT_US'],[8/1],0,0),ev(-645,'C0439508','/year','per year',[year],[tmco],[[[2,2],[1,1],0]],no,no,['CHV','MTH','NCI','SNOMEDCT_US'],[10/4],0,0),ev(-645,'C0580836','Old','Old',[old],[tmco],[[[3,3],[1,1],0]],no,no,['MTH'],[15/3],0,0),ev(-812,'C0870221','Boy','Male child',[boy],[aggp],[[[4,4],[1,1],0]],yes,no,['CHV','NLMSubSyn','SNOMEDCT_US'],[19/3],0,0)]),map(-833,[ev(-645,'C0728893','+5','Integer +5',['5'],[qnco],[[[1,1],[1,1],0]],no,no,['SNOMEDCT_US'],[8/1],0,0),ev(-645,'C0439234',year,year,[year],[tmco],[[[2,2],[1,1],0]],no,no,['MTH','NCI','SNOMEDCT_US'],[10/4],0,0),ev(-645,'C0580836','Old','Old',[old],[tmco],[[[3,3],[1,1],0]],no,no,['MTH'],[15/3],0,0),ev(-812,'C0870221','Boy','Male child',[boy],[aggp],[[[4,4],[1,1],0]],yes,no,['CHV','NLMSubSyn','SNOMEDCT_US'],[19/3],0,0)]),map(-833,[ev(-645,'C0728893','+5','Integer +5',['5'],[qnco],[[[1,1],[1,1],0]],no,no,['SNOMEDCT_US'],[8/1],0,0),ev(-645,'C0439508','/year','per year',[year],[tmco],[[[2,2],[1,1],0]],no,no,['CHV','MTH','NCI','SNOMEDCT_US'],[10/4],0,0),ev(-645,'C0580836','Old','Old',[old],[tmco],[[[3,3],[1,1],0]],no,no,['MTH'],[15/3],0,0),ev(-812,'C0870221','Boy','Male child',[boy],[aggp],[[[4,4],[1,1],0]],yes,no,['CHV','NLMSubSyn','SNOMEDCT_US'],[19/3],0,0)])]).
phrase('presents to the emergency department',[verb([lexmatch([presents]),inputmatch([presents]),tag(verb),tokens([presents])]),prep([lexmatch([to]),inputmatch([to]),tag(prep),tokens([to])]),det([lexmatch([the]),inputmatch([the]),tag(det),tokens([the])]),mod([lexmatch(['emergency department']),inputmatch([emergency,department]),tag(noun),tokens([emergency,department])])],23/36,[]).
candidates(7,0,0,7,[]).
mappings([map(-745,[ev(-760,'C0150312','Present','Present',[present],[qnco],[[[1,1],[1,1],0]],yes,no,['CHV','MTH','NCI'],[23/8],0,0),ev(-806,'C0562508','Emergency Department','Accident and Emergency department',[emergency,department],[hcro],[[[4,5],[1,2],0]],yes,no,['CHV','MSH','MTH','NCI','NLMSubSyn','SNOMEDCT_US'],[39/20],0,0)]),map(-745,[ev(-760,'C0449450','Present','Presentation',[present],[idcn],[[[1,1],[1,1],0]],yes,no,['CHV','MTH','NCI'],[23/8],0,0),ev(-806,'C0562508','Emergency Department','Accident and Emergency department',[emergency,department],[hcro],[[[4,5],[1,2],0]],yes,no,['CHV','MSH','MTH','NCI','NLMSubSyn','SNOMEDCT_US'],[39/20],0,0)])]).
phrase('with complaints of progressively',[prep([lexmatch([with]),inputmatch([with]),tag(prep),tokens([with])]),head([lexmatch([complaints]),inputmatch([complaints]),tag(noun),tokens([complaints])]),prep([lexmatch([of]),inputmatch([of]),tag(prep),tokens([of])]),adv([lexmatch([progressively]),inputmatch([progressively]),tag(adv),tokens([progressively])])],60/32,[]).
candidates(3,0,0,3,[]).
mappings([map(-722,[ev(-604,'C0332287','With','In addition to',[with],[qlco],[[[1,1],[1,1],0]],no,no,['MTH','NCI','SNOMEDCT_US'],[60/4],0,0),ev(-770,'C0277786',complaints,'Chief complaint (finding)',[complaints],[fndg],[[[2,2],[1,1],0]],yes,no,['CHV','LNC','SNOMEDCT_US'],[65/10],0,0)]),map(-722,[ev(-604,'C1705690','With','With - dosing instruction fragment',[with],[inpr],[[[1,1],[1,1],0]],no,no,['MTH','SNOMEDCT_US'],[60/4],0,0),ev(-770,'C0277786',complaints,'Chief complaint (finding)',[complaints],[fndg],[[[2,2],[1,1],0]],yes,no,['CHV','LNC','SNOMEDCT_US'],[65/10],0,0)])]).
phrase(worsening,[verb([lexmatch([worsening]),inputmatch([worsening]),tag(verb),tokens([worsening])])],93/9,[]).
candidates(4,1,0,3,[]).
mappings([map(-1000,[ev(-1000,'C0332271','Worsening','Worsening pattern',[worsening],[qlco],[[[1,1],[1,1],0]],yes,no,['CHV','MTH','NLMSubSyn','SNOMEDCT_US','SNOMEDCT_VET'],[93/9],0,0)]),map(-1000,[ev(-1000,'C1457868','Worsening','Worse',[worsening],[fndg],[[[1,1],[1,1],0]],yes,no,['CHV','MTH','NCI','SNOMEDCT_US','SNOMEDCT_VET'],[93/9],0,0)]),map(-1000,[ev(-1000,'C1546960','Worsening','Patient Outcome - Worsening',[worsening],[idcn],[[[1,1],[1,1],0]],yes,no,['HL7V2.5','MTH'],[93/9],0,0)])]).
phrase('dysphagia,',[head([lexmatch([dysphagia]),inputmatch([dysphagia]),tag(noun),tokens([dysphagia])]),punc([inputmatch([',']),tokens([])])],103/10,[]).
candidates(1,0,0,1,[]).
mappings([map(-1000,[ev(-1000,'C0011168','Dysphagia','Deglutition Disorders',[dysphagia],[dsyn],[[[1,1],[1,1],0]],yes,no,['CHV','CST','DXP','ICD10CM','LNC','MSH','MTH','NLMSubSyn','OMIM','SNOMEDCT_US'],[103/9],0,0)])]).
phrase('drooling,',[head([lexmatch([drooling]),inputmatch([drooling]),tag(noun),tokens([drooling])]),punc([inputmatch([',']),tokens([])])],114/9,[]).
candidates(1,0,0,1,[]).
mappings([map(-1000,[ev(-1000,'C0013132','Drooling','Drooling',[drooling],[sosy],[[[1,1],[1,1],0]],yes,no,['CHV','MTH','SNMI','SNOMEDCT_US','SNOMEDCT_VET'],[114/8],0,0)])]).
phrase(fever,[head([lexmatch([fever]),inputmatch([fever]),tag(noun),tokens([fever])])],124/5,[]).
candidates(1,0,0,1,[]).
mappings([map(-1000,[ev(-1000,'C0015967','Fever','Fever',[fever],[fndg],[[[1,1],[1,1],0]],yes,no,['CHV','CSP','CST','DXP','ICD10CM','MSH','MTH','NCI','NLMSubSyn','SNMI','SNOMEDCT_US'],[124/5],0,0)])]).
phrase(and,[conj([lexmatch([and]),inputmatch([and]),tag(conj),tokens([and])])],130/3,[]).
candidates(0,0,0,0,[]).
mappings([]).
phrase('vocal changes.',[mod([lexmatch([vocal]),inputmatch([vocal]),tag(adj),tokens([vocal])]),head([lexmatch([changes]),inputmatch([changes]),tag(noun),tokens([changes])]),punc([inputmatch(['.']),tokens([])])],134/14,[]).
candidates(4,1,0,3,[]).
mappings([map(-888,[ev(-694,'C0205382','Vocal','Vocal',[vocal],[ftcn],[[[1,1],[1,1],0]],no,no,['SNMI'],[134/5],0,0),ev(-861,'C0392747',changes,'Changing',[changes],[ftcn],[[[2,2],[1,1],0]],yes,no,['CHV','HL7V3.0','MTH','NCI','SNMI','SNOMEDCT_US'],[140/7],0,0)]),map(-888,[ev(-694,'C0205382','Vocal','Vocal',[vocal],[ftcn],[[[1,1],[1,1],0]],no,no,['SNMI'],[134/5],0,0),ev(-861,'C0443172',changes,'Changed status',[changes],[qnco],[[[2,2],[1,1],0]],yes,no,['CHV','MTH','NLMSubSyn','SNOMEDCT_US'],[140/7],0,0)])]).
'EOU'.
utterance('00000000.tx.3',"He is toxic-appearing, and leans forward while sitting on his mother's lap. ",149/76,[]).
phrase('He',[pron([lexmatch([he]),inputmatch(['He']),tag(pron),tokens([he])])],149/2,[]).
candidates(0,0,0,0,[]).
mappings([]).
phrase(is,[aux([lexmatch([is]),inputmatch([is]),tag(aux),tokens([is])])],152/2,[]).
candidates(0,0,0,0,[]).
mappings([]).
phrase('toxic-appearing,',[mod([lexmatch([toxic]),inputmatch([toxic]),tag(adj),tokens([toxic])]),punc([inputmatch([-]),tokens([])]),head([lexmatch([appearing]),inputmatch([appearing]),tag(noun),tokens([appearing])]),punc([inputmatch([',']),tokens([])])],155/16,[]).
candidates(3,0,0,3,[]).
mappings([map(-872,[ev(-694,'C0600688',toxic,'Toxic effect',[toxic],[inpo],[[[1,1],[1,1],0]],no,no,['CHV','MTH','NCI','SNOMEDCT_US'],[155/5],0,0),ev(-827,'C0700364','APPEAR','Appearance',[appear],[qlco],[[[2,2],[1,1],1]],yes,no,['CHV','MTH','NCI','SNOMEDCT_US'],[161/9],0,0)]),map(-872,[ev(-694,'C1407029','Toxic','Toxic',[toxic],[qlco],[[[1,1],[1,1],0]],no,no,['MTH'],[155/5],0,0),ev(-827,'C0700364','APPEAR','Appearance',[appear],[qlco],[[[2,2],[1,1],1]],yes,no,['CHV','MTH','NCI','SNOMEDCT_US'],[161/9],0,0)])]).
phrase(and,[conj([lexmatch([and]),inputmatch([and]),tag(conj),tokens([and])])],172/3,[]).
candidates(0,0,0,0,[]).
mappings([]).
phrase(leans,[head([lexmatch([leans]),inputmatch([leans]),tag(noun),tokens([leans])])],176/5,[]).
candidates(0,0,0,0,[]).
mappings([]).
phrase(forward,[verb([lexmatch([forward]),inputmatch([forward]),tag(verb),tokens([forward])])],182/7,[]).
candidates(1,0,0,1,[]).
mappings([map(-1000,[ev(-1000,'C0439780','Forward','Forward',[forward],[spco],[[[1,1],[1,1],0]],yes,no,['CHV','MTH'],[182/7],0,0)])]).
phrase(while,[conj([lexmatch([while]),inputmatch([while]),tag(conj),tokens([while])])],190/5,[]).
candidates(0,0,0,0,[]).
mappings([]).
phrase('sitting on his mother\'s lap.',[verb([lexmatch([sitting]),inputmatch([sitting]),tag(verb),tokens([sitting])]),prep([lexmatch([on]),inputmatch([on]),tag(prep),tokens([on])]),pron([lexmatch([his]),inputmatch([his]),tag(pron),tokens([his])]),mod([lexmatch([mother]),inputmatch(['mother\'s']),tag(noun),tokens([mother])]),mod([lexmatch([lap]),inputmatch([lap]),tag(noun),tokens([lap])]),punc([inputmatch(['.']),tokens([])])],196/28,[]).
candidates(9,3,0,6,[]).
mappings([map(-733,[ev(-760,'C0277814','Sitting','Sitting position',[sitting],[fndg],[[[1,1],[1,1],0]],yes,no,['MTH','NCI','SNOMEDCT_US'],[196/7],0,0),ev(-760,'C0019602','His','Histidine',[his],[aapp,bacs,phsu],[[[3,3],[1,1],0]],yes,no,['MSH','MTH','NCI'],[207/3],0,0),ev(-760,'C0026591','Mother','Mother (person)',[mother],[famg],[[[4,4],[1,1],0]],yes,no,['AOD','CHV','MSH','SNOMEDCT_US'],[211/8],0,0),ev(-760,'C3540509','LAP','CEBPB wt Allele',[lap],[gngm],[[[5,5],[1,1],0]],yes,no,['MTH','NCI'],[220/3],0,0)]),map(-733,[ev(-760,'C0277814','Sitting','Sitting position',[sitting],[fndg],[[[1,1],[1,1],0]],yes,no,['MTH','NCI','SNOMEDCT_US'],[196/7],0,0),ev(-760,'C1412323','HIS','AKR1B10 gene',[his],[gngm],[[[3,3],[1,1],0]],yes,no,['HGNC','MTH','OMIM'],[207/3],0,0),ev(-760,'C0026591','Mother','Mother (person)',[mother],[famg],[[[4,4],[1,1],0]],yes,no,['AOD','CHV','MSH','SNOMEDCT_US'],[211/8],0,0),ev(-760,'C3540509','LAP','CEBPB wt Allele',[lap],[gngm],[[[5,5],[1,1],0]],yes,no,['MTH','NCI'],[220/3],0,0)]),map(-733,[ev(-760,'C2584297','Sitting','Sitting Function',[sitting],[phsf],[[[1,1],[1,1],0]],yes,no,['ICF','MTH'],[196/7],0,0),ev(-760,'C0019602','His','Histidine',[his],[aapp,bacs,phsu],[[[3,3],[1,1],0]],yes,no,['MSH','MTH','NCI'],[207/3],0,0),ev(-760,'C0026591','Mother','Mother (person)',[mother],[famg],[[[4,4],[1,1],0]],yes,no,['AOD','CHV','MSH','SNOMEDCT_US'],[211/8],0,0),ev(-760,'C3540509','LAP','CEBPB wt Allele',[lap],[gngm],[[[5,5],[1,1],0]],yes,no,['MTH','NCI'],[220/3],0,0)]),map(-733,[ev(-760,'C2584297','Sitting','Sitting Function',[sitting],[phsf],[[[1,1],[1,1],0]],yes,no,['ICF','MTH'],[196/7],0,0),ev(-760,'C1412323','HIS','AKR1B10 gene',[his],[gngm],[[[3,3],[1,1],0]],yes,no,['HGNC','MTH','OMIM'],[207/3],0,0),ev(-760,'C0026591','Mother','Mother (person)',[mother],[famg],[[[4,4],[1,1],0]],yes,no,['AOD','CHV','MSH','SNOMEDCT_US'],[211/8],0,0),ev(-760,'C3540509','LAP','CEBPB wt Allele',[lap],[gngm],[[[5,5],[1,1],0]],yes,no,['MTH','NCI'],[220/3],0,0)])]).
'EOU'.
utterance('00000000.tx.4',"He is drooling and speaks with a muffled ""hot potato"" voice. ",225/61,[]).
phrase('He',[pron([lexmatch([he]),inputmatch(['He']),tag(pron),tokens([he])])],225/2,[]).
candidates(0,0,0,0,[]).
mappings([]).
phrase(is,[aux([lexmatch([is]),inputmatch([is]),tag(aux),tokens([is])])],228/2,[]).
candidates(0,0,0,0,[]).
mappings([]).
phrase(drooling,[head([lexmatch([drooling]),inputmatch([drooling]),tag(noun),tokens([drooling])])],231/8,[]).
candidates(1,0,0,1,[]).
mappings([map(-1000,[ev(-1000,'C0013132','Drooling','Drooling',[drooling],[sosy],[[[1,1],[1,1],0]],yes,no,['CHV','MTH','SNMI','SNOMEDCT_US','SNOMEDCT_VET'],[231/8],0,0)])]).
phrase(and,[conj([lexmatch([and]),inputmatch([and]),tag(conj),tokens([and])])],240/3,[]).
candidates(0,0,0,0,[]).
mappings([]).
phrase('speaks with a muffled "hot potato" voice.',[verb([lexmatch([speaks]),inputmatch([speaks]),tag(verb),tokens([speaks])]),prep([lexmatch([with]),inputmatch([with]),tag(prep),tokens([with])]),det([lexmatch([a]),inputmatch([a]),tag(det),tokens([a])]),mod([lexmatch([muffled]),inputmatch([muffled]),tag(adj),tokens([muffled])]),punc([inputmatch(['"']),tokens([])]),mod([lexmatch([hot]),inputmatch([hot]),tag(adj),tokens([hot])]),mod([lexmatch([potato]),inputmatch([potato]),tag(noun),tokens([potato])]),punc([inputmatch(['"']),tokens([])]),mod([lexmatch([voice]),inputmatch([voice]),tag(noun),tokens([voice])]),punc([inputmatch(['.']),tokens([])])],244/41,[]).
candidates(14,4,0,10,[]).
mappings([map(-719,[ev(-748,'C0234856','Speak','Speaking (activity)',[speak],[dora],[[[1,1],[1,1],0]],yes,no,['CHV','MTH','NCI','SNOMEDCT_US'],[244/6],0,0),ev(-774,'C1846018','Muffled voice','Muffled voice',[muffled,voice],[fndg],[[[4,4],[1,1],0],[[7,7],[2,2],0]],yes,no,['OMIM'],[258/7,279/5],0,0),ev(-748,'C0444519','Hot','Hot sensation quality',[hot],[qlco],[[[5,5],[1,1],0]],yes,no,['MTH','NLMSubSyn','SNOMEDCT_US'],[267/3],0,0),ev(-748,'C0032846','Potato','Potato',[potato],[food],[[[6,6],[1,1],0]],yes,no,['CHV','MSH','MTH','SNOMEDCT_US'],[271/6],0,0)]),map(-719,[ev(-748,'C0234856','Speak','Speaking (activity)',[speak],[dora],[[[1,1],[1,1],0]],yes,no,['CHV','MTH','NCI','SNOMEDCT_US'],[244/6],0,0),ev(-774,'C1846018','Muffled voice','Muffled voice',[muffled,voice],[fndg],[[[4,4],[1,1],0],[[7,7],[2,2],0]],yes,no,['OMIM'],[258/7,279/5],0,0),ev(-748,'C0444519','Hot','Hot sensation quality',[hot],[qlco],[[[5,5],[1,1],0]],yes,no,['MTH','NLMSubSyn','SNOMEDCT_US'],[267/3],0,0),ev(-748,'C1145678','Potato','Solanum tuberosum',[potato],[plnt],[[[6,6],[1,1],0]],yes,no,['AOD','CHV','MTH','NCBI','SNOMEDCT_US'],[271/6],0,0)]),map(-719,[ev(-748,'C0234856','Speak','Speaking (activity)',[speak],[dora],[[[1,1],[1,1],0]],yes,no,['CHV','MTH','NCI','SNOMEDCT_US'],[244/6],0,0),ev(-774,'C1846018','Muffled voice','Muffled voice',[muffled,voice],[fndg],[[[4,4],[1,1],0],[[7,7],[2,2],0]],yes,no,['OMIM'],[258/7,279/5],0,0),ev(-748,'C2350229','Hot','Hot Temperature',[hot],[npop],[[[5,5],[1,1],0]],yes,no,['MSH','MTH','NCI'],[267/3],0,0),ev(-748,'C0032846','Potato','Potato',[potato],[food],[[[6,6],[1,1],0]],yes,no,['CHV','MSH','MTH','SNOMEDCT_US'],[271/6],0,0)]),map(-719,[ev(-748,'C0234856','Speak','Speaking (activity)',[speak],[dora],[[[1,1],[1,1],0]],yes,no,['CHV','MTH','NCI','SNOMEDCT_US'],[244/6],0,0),ev(-774,'C1846018','Muffled voice','Muffled voice',[muffled,voice],[fndg],[[[4,4],[1,1],0],[[7,7],[2,2],0]],yes,no,['OMIM'],[258/7,279/5],0,0),ev(-748,'C2350229','Hot','Hot Temperature',[hot],[npop],[[[5,5],[1,1],0]],yes,no,['MSH','MTH','NCI'],[267/3],0,0),ev(-748,'C1145678','Potato','Solanum tuberosum',[potato],[plnt],[[[6,6],[1,1],0]],yes,no,['AOD','CHV','MTH','NCBI','SNOMEDCT_US'],[271/6],0,0)]),map(-719,[ev(-748,'C0600116','Speaks','Does speak',[speaks],[fndg],[[[1,1],[1,1],0]],yes,no,['CHV','SNOMEDCT_US'],[244/6],0,0),ev(-774,'C1846018','Muffled voice','Muffled voice',[muffled,voice],[fndg],[[[4,4],[1,1],0],[[7,7],[2,2],0]],yes,no,['OMIM'],[258/7,279/5],0,0),ev(-748,'C0444519','Hot','Hot sensation quality',[hot],[qlco],[[[5,5],[1,1],0]],yes,no,['MTH','NLMSubSyn','SNOMEDCT_US'],[267/3],0,0),ev(-748,'C0032846','Potato','Potato',[potato],[food],[[[6,6],[1,1],0]],yes,no,['CHV','MSH','MTH','SNOMEDCT_US'],[271/6],0,0)]),map(-719,[ev(-748,'C0600116','Speaks','Does speak',[speaks],[fndg],[[[1,1],[1,1],0]],yes,no,['CHV','SNOMEDCT_US'],[244/6],0,0),ev(-774,'C1846018','Muffled voice','Muffled voice',[muffled,voice],[fndg],[[[4,4],[1,1],0],[[7,7],[2,2],0]],yes,no,['OMIM'],[258/7,279/5],0,0),ev(-748,'C0444519','Hot','Hot sensation quality',[hot],[qlco],[[[5,5],[1,1],0]],yes,no,['MTH','NLMSubSyn','SNOMEDCT_US'],[267/3],0,0),ev(-748,'C1145678','Potato','Solanum tuberosum',[potato],[plnt],[[[6,6],[1,1],0]],yes,no,['AOD','CHV','MTH','NCBI','SNOMEDCT_US'],[271/6],0,0)]),map(-719,[ev(-748,'C0600116','Speaks','Does speak',[speaks],[fndg],[[[1,1],[1,1],0]],yes,no,['CHV','SNOMEDCT_US'],[244/6],0,0),ev(-774,'C1846018','Muffled voice','Muffled voice',[muffled,voice],[fndg],[[[4,4],[1,1],0],[[7,7],[2,2],0]],yes,no,['OMIM'],[258/7,279/5],0,0),ev(-748,'C2350229','Hot','Hot Temperature',[hot],[npop],[[[5,5],[1,1],0]],yes,no,['MSH','MTH','NCI'],[267/3],0,0),ev(-748,'C0032846','Potato','Potato',[potato],[food],[[[6,6],[1,1],0]],yes,no,['CHV','MSH','MTH','SNOMEDCT_US'],[271/6],0,0)]),map(-719,[ev(-748,'C0600116','Speaks','Does speak',[speaks],[fndg],[[[1,1],[1,1],0]],yes,no,['CHV','SNOMEDCT_US'],[244/6],0,0),ev(-774,'C1846018','Muffled voice','Muffled voice',[muffled,voice],[fndg],[[[4,4],[1,1],0],[[7,7],[2,2],0]],yes,no,['OMIM'],[258/7,279/5],0,0),ev(-748,'C2350229','Hot','Hot Temperature',[hot],[npop],[[[5,5],[1,1],0]],yes,no,['MSH','MTH','NCI'],[267/3],0,0),ev(-748,'C1145678','Potato','Solanum tuberosum',[potato],[plnt],[[[6,6],[1,1],0]],yes,no,['AOD','CHV','MTH','NCBI','SNOMEDCT_US'],[271/6],0,0)]),map(-719,[ev(-748,'C1547187','Speak','Speak - language ability',[speak],[idcn],[[[1,1],[1,1],0]],yes,no,['HL7V2.5','MTH'],[244/6],0,0),ev(-774,'C1846018','Muffled voice','Muffled voice',[muffled,voice],[fndg],[[[4,4],[1,1],0],[[7,7],[2,2],0]],yes,no,['OMIM'],[258/7,279/5],0,0),ev(-748,'C0444519','Hot','Hot sensation quality',[hot],[qlco],[[[5,5],[1,1],0]],yes,no,['MTH','NLMSubSyn','SNOMEDCT_US'],[267/3],0,0),ev(-748,'C0032846','Potato','Potato',[potato],[food],[[[6,6],[1,1],0]],yes,no,['CHV','MSH','MTH','SNOMEDCT_US'],[271/6],0,0)]),map(-719,[ev(-748,'C1547187','Speak','Speak - language ability',[speak],[idcn],[[[1,1],[1,1],0]],yes,no,['HL7V2.5','MTH'],[244/6],0,0),ev(-774,'C1846018','Muffled voice','Muffled voice',[muffled,voice],[fndg],[[[4,4],[1,1],0],[[7,7],[2,2],0]],yes,no,['OMIM'],[258/7,279/5],0,0),ev(-748,'C0444519','Hot','Hot sensation quality',[hot],[qlco],[[[5,5],[1,1],0]],yes,no,['MTH','NLMSubSyn','SNOMEDCT_US'],[267/3],0,0),ev(-748,'C1145678','Potato','Solanum tuberosum',[potato],[plnt],[[[6,6],[1,1],0]],yes,no,['AOD','CHV','MTH','NCBI','SNOMEDCT_US'],[271/6],0,0)]),map(-719,[ev(-748,'C1547187','Speak','Speak - language ability',[speak],[idcn],[[[1,1],[1,1],0]],yes,no,['HL7V2.5','MTH'],[244/6],0,0),ev(-774,'C1846018','Muffled voice','Muffled voice',[muffled,voice],[fndg],[[[4,4],[1,1],0],[[7,7],[2,2],0]],yes,no,['OMIM'],[258/7,279/5],0,0),ev(-748,'C2350229','Hot','Hot Temperature',[hot],[npop],[[[5,5],[1,1],0]],yes,no,['MSH','MTH','NCI'],[267/3],0,0),ev(-748,'C0032846','Potato','Potato',[potato],[food],[[[6,6],[1,1],0]],yes,no,['CHV','MSH','MTH','SNOMEDCT_US'],[271/6],0,0)]),map(-719,[ev(-748,'C1547187','Speak','Speak - language ability',[speak],[idcn],[[[1,1],[1,1],0]],yes,no,['HL7V2.5','MTH'],[244/6],0,0),ev(-774,'C1846018','Muffled voice','Muffled voice',[muffled,voice],[fndg],[[[4,4],[1,1],0],[[7,7],[2,2],0]],yes,no,['OMIM'],[258/7,279/5],0,0),ev(-748,'C2350229','Hot','Hot Temperature',[hot],[npop],[[[5,5],[1,1],0]],yes,no,['MSH','MTH','NCI'],[267/3],0,0),ev(-748,'C1145678','Potato','Solanum tuberosum',[potato],[plnt],[[[6,6],[1,1],0]],yes,no,['AOD','CHV','MTH','NCBI','SNOMEDCT_US'],[271/6],0,0)])]).
'EOU'.
utterance('00000000.tx.5',"The parents deny the possibility of foreign body ingestion or trauma, and they report that they are delaying some of his vaccines. ",286/131,[416]).
phrase('The parents',[det([lexmatch([the]),inputmatch(['The']),tag(det),tokens([the])]),head([lexmatch([parents]),inputmatch([parents]),tag(noun),tokens([parents])])],286/11,[]).
candidates(2,1,0,1,[]).
mappings([map(-1000,[ev(-1000,'C0030551','Parents',parent,[parents],[famg],[[[1,1],[1,1],0]],yes,no,['CHV','MSH','MTH','NCI'],[290/7],0,0)])]).
phrase(deny,[verb([lexmatch([deny]),inputmatch([deny]),tag(verb),tokens([deny])])],298/4,[]).
candidates(1,0,0,1,[]).
mappings([map(-1000,[ev(-1000,'C2700401','Deny','Deny (action)',[deny],[acty],[[[1,1],[1,1],0]],yes,no,['MTH','NCI'],[298/4],0,0)])]).
phrase('the possibility of foreign body ingestion',[det([lexmatch([the]),inputmatch([the]),tag(det),tokens([the])]),head([lexmatch([possibility]),inputmatch([possibility]),tag(noun),tokens([possibility])]),prep([lexmatch([of]),inputmatch([of]),tag(prep),tokens([of])]),mod([lexmatch(['foreign body']),inputmatch([foreign,body]),tag(noun),tokens([foreign,body])]),mod([lexmatch([ingestion]),inputmatch([ingestion]),tag(noun),tokens([ingestion])])],303/41,[]).
candidates(13,2,0,11,[]).
mappings([map(-757,[ev(-681,'C0332149','Possible','Possible',[possible],[qlco],[[[2,2],[1,1],3]],yes,no,['MTH'],[307/11],0,0),ev(-666,'C0520753','foreign body ingestion','Swallowed Foreign Body in Digestive System',[foreign,body,ingestion],[fndg],[[[4,5],[1,2],0],[[6,6],[3,3],0]],no,no,['CHV','ICPC','MTH','NLMSubSyn','SNMI','SNOMEDCT_US'],[322/22],0,1)]),map(-757,[ev(-681,'C1705910','Possible','Possibly Related to Intervention',[possible],[qlco],[[[2,2],[1,1],3]],yes,no,['MTH','NCI'],[307/11],0,0),ev(-666,'C0520753','foreign body ingestion','Swallowed Foreign Body in Digestive System',[foreign,body,ingestion],[fndg],[[[4,5],[1,2],0],[[6,6],[3,3],0]],no,no,['CHV','ICPC','MTH','NLMSubSyn','SNMI','SNOMEDCT_US'],[322/22],0,1)]),map(-757,[ev(-681,'C2362652','Possible','Possible diagnosis',[possible],[qlco],[[[2,2],[1,1],3]],yes,no,['MTH','SNOMEDCT_US'],[307/11],0,0),ev(-666,'C0520753','foreign body ingestion','Swallowed Foreign Body in Digestive System',[foreign,body,ingestion],[fndg],[[[4,5],[1,2],0],[[6,6],[3,3],0]],no,no,['CHV','ICPC','MTH','NLMSubSyn','SNMI','SNOMEDCT_US'],[322/22],0,1)])]).
phrase(or,[conj([lexmatch([or]),inputmatch([or]),tag(conj),tokens([or])])],345/2,[]).
candidates(0,0,0,0,[]).
mappings([]).
phrase('trauma,',[head([lexmatch([trauma]),inputmatch([trauma]),tag(noun),tokens([trauma])]),punc([inputmatch([',']),tokens([])])],348/7,[]).
candidates(4,0,0,4,[]).
mappings([map(-1000,[ev(-1000,'C0043250',trauma,'Injury wounds',[trauma],[inpo],[[[1,1],[1,1],0]],yes,no,['CHV','MSH','MTH','NCI','NLMSubSyn','SNOMEDCT_US'],[348/6],0,1)]),map(-1000,[ev(-1000,'C0043251','Trauma','Wounds and Injuries',[trauma],[inpo],[[[1,1],[1,1],0]],yes,no,['AOD','CHV','MSH','NLMSubSyn'],[348/6],0,1)]),map(-1000,[ev(-1000,'C1510467',trauma,'trauma qualifier',[trauma],[inpo],[[[1,1],[1,1],0]],yes,no,['MSH','MTH'],[348/6],0,1)]),map(-1000,[ev(-1000,'C3263723','Trauma','Traumatic injury',[trauma],[inpo],[[[1,1],[1,1],0]],yes,no,['CHV','ICD10CM','MEDLINEPLUS','MSH','MTH','NLMSubSyn','SNOMEDCT_US'],[348/6],0,1)])]).
phrase(and,[conj([lexmatch([and]),inputmatch([and]),tag(conj),tokens([and])])],356/3,[]).
candidates(0,0,0,0,[]).
mappings([]).
phrase(they,[pron([lexmatch([they]),inputmatch([they]),tag(pron),tokens([they])])],360/4,[]).
candidates(0,0,0,0,[]).
mappings([]).
phrase(report,[verb([lexmatch([report]),inputmatch([report]),tag(verb),tokens([report])])],365/6,[]).
candidates(3,0,0,3,[]).
mappings([map(-1000,[ev(-1000,'C0684224','Report','Report (document)',[report],[inpr],[[[1,1],[1,1],0]],yes,no,['CHV','MSH','MTH','NCI'],[365/6],0,0)]),map(-1000,[ev(-1000,'C0700287','Report','Reporting',[report],[hlca],[[[1,1],[1,1],0]],yes,no,['CHV','LNC','MTH','SNOMEDCT_US'],[365/6],0,0)]),map(-1000,[ev(-1000,'C3273238','Report','Regulatory Report',[report],[inpr],[[[1,1],[1,1],0]],yes,no,['MTH','NCI'],[365/6],0,0)])]).
phrase(that,[compl([lexmatch([that]),inputmatch([that]),tag(compl),tokens([that])])],372/4,[]).
candidates(0,0,0,0,[]).
mappings([]).
phrase(they,[pron([lexmatch([they]),inputmatch([they]),tag(pron),tokens([they])])],377/4,[]).
candidates(0,0,0,0,[]).
mappings([]).
phrase(are,[aux([lexmatch([are]),inputmatch([are]),tag(aux),tokens([are])])],382/3,[]).
candidates(0,0,0,0,[]).
mappings([]).
phrase(delaying,[verb([lexmatch([delaying]),inputmatch([delaying]),tag(verb),tokens([delaying])])],386/8,[]).
candidates(1,0,0,1,[]).
mappings([map(-966,[ev(-966,'C0205421','Delay','Deferred',[delay],[tmco],[[[1,1],[1,1],1]],yes,no,['MTH','NCI','SNMI'],[386/8],0,0)])]).
phrase('some of his vaccines.',[pron([lexmatch([some]),inputmatch([some]),tag(pron),tokens([some])]),prep([lexmatch([of]),inputmatch([of]),tag(prep),tokens([of])]),pron([lexmatch([his]),inputmatch([his]),tag(pron),tokens([his])]),mod([lexmatch([vaccines]),inputmatch([vaccines]),tag(noun),tokens([vaccines])]),punc([inputmatch(['.']),tokens([])])],395/21,[]).
candidates(6,1,0,5,[]).
mappings([map(-733,[ev(-770,'C0205392','Some','Some (qualifier value)',[some],[qnco],[[[1,1],[1,1],0]],yes,no,['CHV','SNOMEDCT_US'],[395/4],0,0),ev(-770,'C0019602','His','Histidine',[his],[aapp,bacs,phsu],[[[3,3],[1,1],0]],yes,no,['MSH','MTH','NCI'],[403/3],0,0),ev(-770,'C0042210','Vaccines','Vaccines',[vaccines],[imft,phsu],[[[4,4],[1,1],0]],yes,no,['CHV','MTH','SNOMEDCT_US'],[407/8],0,0)]),map(-733,[ev(-770,'C0205392','Some','Some (qualifier value)',[some],[qnco],[[[1,1],[1,1],0]],yes,no,['CHV','SNOMEDCT_US'],[395/4],0,0),ev(-770,'C1412323','HIS','AKR1B10 gene',[his],[gngm],[[[3,3],[1,1],0]],yes,no,['HGNC','MTH','OMIM'],[403/3],0,0),ev(-770,'C0042210','Vaccines','Vaccines',[vaccines],[imft,phsu],[[[4,4],[1,1],0]],yes,no,['CHV','MTH','SNOMEDCT_US'],[407/8],0,0)]),map(-733,[ev(-770,'C3540770','Some','Existential restriction modifier (core metadata concept)',[some],[inpr],[[[1,1],[1,1],0]],yes,no,['SNOMEDCT_US'],[395/4],0,0),ev(-770,'C0019602','His','Histidine',[his],[aapp,bacs,phsu],[[[3,3],[1,1],0]],yes,no,['MSH','MTH','NCI'],[403/3],0,0),ev(-770,'C0042210','Vaccines','Vaccines',[vaccines],[imft,phsu],[[[4,4],[1,1],0]],yes,no,['CHV','MTH','SNOMEDCT_US'],[407/8],0,0)]),map(-733,[ev(-770,'C3540770','Some','Existential restriction modifier (core metadata concept)',[some],[inpr],[[[1,1],[1,1],0]],yes,no,['SNOMEDCT_US'],[395/4],0,0),ev(-770,'C1412323','HIS','AKR1B10 gene',[his],[gngm],[[[3,3],[1,1],0]],yes,no,['HGNC','MTH','OMIM'],[403/3],0,0),ev(-770,'C0042210','Vaccines','Vaccines',[vaccines],[imft,phsu],[[[4,4],[1,1],0]],yes,no,['CHV','MTH','SNOMEDCT_US'],[407/8],0,0)])]).
'EOU'.
utterance('00000000.tx.6',"A 5-year-old boy presents with difficulty in breathing, stridor, drooling, fever, dysphagia and voice change.",417/109,[]).
phrase('A 5-year-old boy',[det([lexmatch([a]),inputmatch(['A']),tag(det),tokens([a])]),shapes([inputmatch(['5']),features([integer]),tokens(['5'])]),punc([inputmatch([-]),tokens([])]),mod([lexmatch([year]),inputmatch([year]),tag(noun),tokens([year])]),punc([inputmatch([-]),tokens([])]),mod([lexmatch([old]),inputmatch([old]),tag(noun),tokens([old])]),head([lexmatch([boy]),inputmatch([boy]),tag(noun),tokens([boy])])],417/16,[]).
candidates(6,0,0,6,[]).
mappings([map(-833,[ev(-645,'C0439084','>5','>5',['5'],[qnco],[[[1,1],[1,1],0]],no,no,['SNOMEDCT_US'],[419/1],0,0),ev(-645,'C0439234',year,year,[year],[tmco],[[[2,2],[1,1],0]],no,no,['MTH','NCI','SNOMEDCT_US'],[421/4],0,0),ev(-645,'C0580836','Old','Old',[old],[tmco],[[[3,3],[1,1],0]],no,no,['MTH'],[426/3],0,0),ev(-812,'C0870221','Boy','Male child',[boy],[aggp],[[[4,4],[1,1],0]],yes,no,['CHV','NLMSubSyn','SNOMEDCT_US'],[430/3],0,0)]),map(-833,[ev(-645,'C0439084','>5','>5',['5'],[qnco],[[[1,1],[1,1],0]],no,no,['SNOMEDCT_US'],[419/1],0,0),ev(-645,'C0439508','/year','per year',[year],[tmco],[[[2,2],[1,1],0]],no,no,['CHV','MTH','NCI','SNOMEDCT_US'],[421/4],0,0),ev(-645,'C0580836','Old','Old',[old],[tmco],[[[3,3],[1,1],0]],no,no,['MTH'],[426/3],0,0),ev(-812,'C0870221','Boy','Male child',[boy],[aggp],[[[4,4],[1,1],0]],yes,no,['CHV','NLMSubSyn','SNOMEDCT_US'],[430/3],0,0)]),map(-833,[ev(-645,'C0728893','+5','Integer +5',['5'],[qnco],[[[1,1],[1,1],0]],no,no,['SNOMEDCT_US'],[419/1],0,0),ev(-645,'C0439234',year,year,[year],[tmco],[[[2,2],[1,1],0]],no,no,['MTH','NCI','SNOMEDCT_US'],[421/4],0,0),ev(-645,'C0580836','Old','Old',[old],[tmco],[[[3,3],[1,1],0]],no,no,['MTH'],[426/3],0,0),ev(-812,'C0870221','Boy','Male child',[boy],[aggp],[[[4,4],[1,1],0]],yes,no,['CHV','NLMSubSyn','SNOMEDCT_US'],[430/3],0,0)]),map(-833,[ev(-645,'C0728893','+5','Integer +5',['5'],[qnco],[[[1,1],[1,1],0]],no,no,['SNOMEDCT_US'],[419/1],0,0),ev(-645,'C0439508','/year','per year',[year],[tmco],[[[2,2],[1,1],0]],no,no,['CHV','MTH','NCI','SNOMEDCT_US'],[421/4],0,0),ev(-645,'C0580836','Old','Old',[old],[tmco],[[[3,3],[1,1],0]],no,no,['MTH'],[426/3],0,0),ev(-812,'C0870221','Boy','Male child',[boy],[aggp],[[[4,4],[1,1],0]],yes,no,['CHV','NLMSubSyn','SNOMEDCT_US'],[430/3],0,0)])]).
phrase('presents with difficulty',[verb([lexmatch([presents]),inputmatch([presents]),tag(verb),tokens([presents])]),prep([lexmatch([with]),inputmatch([with]),tag(prep),tokens([with])]),mod([lexmatch([difficulty]),inputmatch([difficulty]),tag(noun),tokens([difficulty])])],434/24,[]).
candidates(4,1,0,3,[]).
mappings([map(-746,[ev(-790,'C0150312','Present','Present',[present],[qnco],[[[1,1],[1,1],0]],yes,no,['CHV','MTH','NCI'],[434/8],0,0),ev(-790,'C1299586','Difficulty','Difficulty',[difficulty],[fndg],[[[3,3],[1,1],0]],yes,no,['CHV','SNOMEDCT_US'],[448/10],0,0)]),map(-746,[ev(-790,'C0449450','Present','Presentation',[present],[idcn],[[[1,1],[1,1],0]],yes,no,['CHV','MTH','NCI'],[434/8],0,0),ev(-790,'C1299586','Difficulty','Difficulty',[difficulty],[fndg],[[[3,3],[1,1],0]],yes,no,['CHV','SNOMEDCT_US'],[448/10],0,0)])]).
phrase('in breathing,',[prep([lexmatch([in]),inputmatch([in]),tag(prep),tokens([in])]),head([lexmatch([breathing]),inputmatch([breathing]),tag(noun),tokens([breathing])]),punc([inputmatch([',']),tokens([])])],459/13,[]).
candidates(3,0,0,3,[]).
mappings([map(-1000,[ev(-1000,'C0004048',breathing,'Inspiration function',[breathing],[orgf],[[[1,1],[1,1],0]],yes,no,['CHV','MSH','MTH','NCI','NLMSubSyn','SNMI','SNOMEDCT_US'],[462/9],0,0)]),map(-1000,[ev(-1000,'C0035203','Breathing','Respiration',[breathing],[phsf],[[[1,1],[1,1],0]],yes,no,['CHV','MSH','MTH','SNOMEDCT_US'],[462/9],0,0)]),map(-1000,[ev(-1000,'C1160636',breathing,'respiratory gaseous exchange in organisms',[breathing],[biof],[[[1,1],[1,1],0]],yes,no,['AOD','GO','MTH'],[462/9],0,0)])]).
phrase('stridor,',[head([lexmatch([stridor]),inputmatch([stridor]),tag(noun),tokens([stridor])]),punc([inputmatch([',']),tokens([])])],473/8,[]).
candidates(1,0,0,1,[]).
mappings([map(-1000,[ev(-1000,'C0038450','Stridor','Stridor',[stridor],[sosy],[[[1,1],[1,1],0]],yes,no,['MSH','SNOMEDCT_US'],[473/7],0,0)])]).
phrase('drooling,',[head([lexmatch([drooling]),inputmatch([drooling]),tag(noun),tokens([drooling])]),punc([inputmatch([',']),tokens([])])],482/9,[]).
candidates(1,0,0,1,[]).
mappings([map(-1000,[ev(-1000,'C0013132','Drooling','Drooling',[drooling],[sosy],[[[1,1],[1,1],0]],yes,no,['CHV','MTH','SNMI','SNOMEDCT_US','SNOMEDCT_VET'],[482/8],0,0)])]).
phrase('fever,',[head([lexmatch([fever]),inputmatch([fever]),tag(noun),tokens([fever])]),punc([inputmatch([',']),tokens([])])],492/6,[]).
candidates(1,0,0,1,[]).
mappings([map(-1000,[ev(-1000,'C0015967','Fever','Fever',[fever],[fndg],[[[1,1],[1,1],0]],yes,no,['CHV','CSP','CST','DXP','ICD10CM','MSH','MTH','NCI','NLMSubSyn','SNMI','SNOMEDCT_US'],[492/5],0,0)])]).
phrase(dysphagia,[head([lexmatch([dysphagia]),inputmatch([dysphagia]),tag(noun),tokens([dysphagia])])],499/9,[]).
candidates(1,0,0,1,[]).
mappings([map(-1000,[ev(-1000,'C0011168','Dysphagia','Deglutition Disorders',[dysphagia],[dsyn],[[[1,1],[1,1],0]],yes,no,['CHV','CST','DXP','ICD10CM','LNC','MSH','MTH','NLMSubSyn','OMIM','SNOMEDCT_US'],[499/9],0,0)])]).
phrase(and,[conj([lexmatch([and]),inputmatch([and]),tag(conj),tokens([and])])],509/3,[]).
candidates(0,0,0,0,[]).
mappings([]).
phrase('voice change.',[mod([lexmatch([voice]),inputmatch([voice]),tag(noun),tokens([voice])]),head([lexmatch([change]),inputmatch([change]),tag(noun),tokens([change])]),punc([inputmatch(['.']),tokens([])])],513/13,[]).
candidates(10,4,0,6,[]).
mappings([map(-1000,[ev(-1000,'C0518179','voice change','Change in voice (finding)',[voice,change],[sosy],[[[1,1],[1,1],0],[[2,2],[2,2],0]],yes,no,['CHV','NCI','NLMSubSyn','SNOMEDCT_US'],[513/12],0,0)])]).
'EOU'.
'EOT'.
