args('metamap14.BINARY.Darwin --lexicon db -Z 2014AA -qE -Q 4 ../../TREC-CDS/2015-original/14.txt ../../TREC-CDS/2015-original-MMed/14.txt.out',[lexicon-db,mm_data_year-'2014AA',machine_output-[],indicate_citation_end-[],composite_phrases-4,infile-'../../TREC-CDS/2015-original/14.txt',outfile-'../../TREC-CDS/2015-original-MMed/14.txt.out']).
aas(["Hb"*"hemoglobin"*(1,2,1,10)*[]]).
neg_list([negation(nega,no,[827/2],['C0333942':'Polychromasia'],[845/13])]).
utterance('00000000.tx.1',"test. ",0/6,[5]).
phrase('test.',[head([lexmatch([test]),inputmatch([test]),tag(noun),tokens([test])]),punc([inputmatch(['.']),tokens([])])],0/5,[]).
candidates(3,0,0,3,[]).
mappings([map(-1000,[ev(-1000,'C0022885','Test','Laboratory Procedures',[test],[lbpr],[[[1,1],[1,1],0]],yes,no,['CHV','MEDLINEPLUS','MTH','NCI','NLMSubSyn','SNM','SNMI','SNOMEDCT_US'],[0/4],0,0)]),map(-1000,[ev(-1000,'C0039593','Test','Testing',[test],[ftcn],[[[1,1],[1,1],0]],yes,no,['CHV','MTH','NCI','NLMSubSyn'],[0/4],0,0)]),map(-1000,[ev(-1000,'C0392366',test,'Tests (qualifier value)',[test],[inpr],[[[1,1],[1,1],0]],yes,no,['CHV','SNOMEDCT_US'],[0/4],0,0)])]).
'EOU'.
utterance('00000000.tx.2',"A 27-year-old woman at 11 weeks gestation in her second pregnancy is found to have a hemoglobin (Hb) of 9.0 g/dL, white blood cell count 6.3 x 109/L, platelet count 119 x 109/L, mean corpuscular volume 109 fL. ",6/210,[]).
phrase('A 27-year-old woman at 11 weeks gestation',[det([lexmatch([a]),inputmatch(['A']),tag(det),tokens([a])]),shapes([inputmatch(['27']),features([integer]),tokens(['27'])]),punc([inputmatch([-]),tokens([])]),mod([lexmatch([year]),inputmatch([year]),tag(noun),tokens([year])]),punc([inputmatch([-]),tokens([])]),mod([lexmatch([old]),inputmatch([old]),tag(noun),tokens([old])]),head([lexmatch([woman]),inputmatch([woman]),tag(noun),tokens([woman])]),prep([lexmatch([at]),inputmatch([at]),tag(prep),tokens([at])]),shapes([inputmatch(['11']),features([integer]),tokens(['11'])]),mod([lexmatch([weeks]),inputmatch([weeks]),tag(noun),tokens([weeks])]),mod([lexmatch([gestation]),inputmatch([gestation]),tag(noun),tokens([gestation])])],6/41,[]).
candidates(11,3,0,8,[]).
mappings([map(-672,[ev(-575,'C0439234',year,year,[year],[tmco],[[[3,3],[1,1],0]],no,no,['MTH','NCI','SNOMEDCT_US'],[11/4],0,0),ev(-575,'C0580836','Old','Old',[old],[tmco],[[[4,4],[1,1],0]],no,no,['MTH'],[16/3],0,0),ev(-742,'C0043210','Woman','Woman',[woman],[popg],[[[5,5],[1,1],0]],yes,no,['CHV','MSH','MTH','NCI','NLMSubSyn'],[20/5],0,0),ev(-598,'C1135241','weeks gestation','Weeks pregnant',[weeks,gestation],[fndg],[[[8,8],[1,1],0],[[9,9],[2,2],0]],no,no,['CHV','ICD10CM','ICD9CM','NLMSubSyn','SNOMEDCT_US'],[32/15],0,0)]),map(-672,[ev(-575,'C0439508','/year','per year',[year],[tmco],[[[3,3],[1,1],0]],no,no,['CHV','MTH','NCI','SNOMEDCT_US'],[11/4],0,0),ev(-575,'C0580836','Old','Old',[old],[tmco],[[[4,4],[1,1],0]],no,no,['MTH'],[16/3],0,0),ev(-742,'C0043210','Woman','Woman',[woman],[popg],[[[5,5],[1,1],0]],yes,no,['CHV','MSH','MTH','NCI','NLMSubSyn'],[20/5],0,0),ev(-598,'C1135241','weeks gestation','Weeks pregnant',[weeks,gestation],[fndg],[[[8,8],[1,1],0],[[9,9],[2,2],0]],no,no,['CHV','ICD10CM','ICD9CM','NLMSubSyn','SNOMEDCT_US'],[32/15],0,0)]),map(-672,[ev(-575,'C0580836','Old','Old',[old],[tmco],[[[4,4],[1,1],0]],no,no,['MTH'],[16/3],0,0),ev(-742,'C0043210','Woman','Woman',[woman],[popg],[[[5,5],[1,1],0]],yes,no,['CHV','MSH','MTH','NCI','NLMSubSyn'],[20/5],0,0),ev(-595,'C0557840','weeks/year','weeks/year',[weeks,year],[tmco],[[[8,8],[1,1],0],[[3,3],[2,2],0]],no,no,['SNOMEDCT_US'],[11/4,32/5],0,0),ev(-575,'C0032961','Gestation','Pregnancy',[gestation],[orgf],[[[9,9],[1,1],0]],no,no,['AOD','GO','LNC','MSH','MTH','NLMSubSyn','SNOMEDCT_US'],[38/9],0,0)])]).
phrase('in her second pregnancy',[prep([lexmatch([in]),inputmatch([in]),tag(prep),tokens([in])]),pron([lexmatch([her]),inputmatch([her]),tag(pron),tokens([her])]),mod([lexmatch([second]),inputmatch([second]),tag(adj),tokens([second])]),head([lexmatch([pregnancy]),inputmatch([pregnancy]),tag(noun),tokens([pregnancy])])],48/23,[]).
candidates(14,6,0,8,[]).
mappings([map(-1000,[ev(-1000,'C0232997','Second pregnancy','Previous pregnancies 2',[second,pregnancy],[fndg],[[[1,1],[1,1],0],[[2,2],[2,2],0]],yes,no,['NLMSubSyn','SNOMEDCT_US'],[55/16],0,0)])]).
phrase(is,[aux([lexmatch([is]),inputmatch([is]),tag(aux),tokens([is])])],72/2,[]).
candidates(0,0,0,0,[]).
mappings([]).
phrase(found,[verb([lexmatch([found]),inputmatch([found]),tag(verb),tokens([found])])],75/5,[]).
candidates(2,1,0,1,[]).
mappings([map(-1000,[ev(-1000,'C0150312','Found','Present',[found],[qnco],[[[1,1],[1,1],0]],yes,no,['CHV','MTH','NCI'],[75/5],0,0)])]).
phrase(to,[adv([lexmatch([to]),inputmatch([to]),tag(adv),tokens([to])])],81/2,[]).
candidates(1,0,0,1,[]).
mappings([map(-1000,[ev(-1000,'C1883351','To','To',[to],[qlco],[[[1,1],[1,1],0]],yes,no,['MTH'],[81/2],0,0)])]).
phrase(have,[aux([lexmatch([have]),inputmatch([have]),tag(aux),tokens([have])])],84/4,[]).
candidates(0,0,0,0,[]).
mappings([]).
phrase('a hemoglobin (Hb) of 9.0 g/dL,',[det([lexmatch([a]),inputmatch([a]),tag(det),tokens([a])]),head([lexmatch([hemoglobin]),inputmatch([hemoglobin]),tag(noun),tokens([hemoglobin])]),prep([lexmatch([of]),inputmatch([of]),tag(prep),tokens([of])]),shapes([inputmatch(['9','.','0']),features([real_number]),tokens(['9','0'])]),mod([lexmatch([g]),inputmatch([g,/]),tag(noun),tokens([g])]),mod([lexmatch([dl]),inputmatch([dL]),tag(noun),tokens([dl])]),punc([inputmatch([',']),tokens([])])],89/30,[]).
candidates(8,1,0,7,[]).
mappings([map(-764,[ev(-800,'C0062233','hemoglobin A(0)','hemoglobin A(0)',[hemoglobin,a,'0'],[aapp],[[[2,2],[1,1],0],[[1,1],[2,2],0],[[5,5],[3,3],0]],yes,no,['MSH'],[89/12,112/1],0,0),ev(-612,'C0439267','g/dL','Gram per Deciliter',[g,dl],[qnco],[[[6,6],[1,1],0],[[7,7],[2,2],0]],no,no,['MTH','NCI','SNOMEDCT_US'],[114/4],0,0)])]).
phrase('white blood cell count 6.3 x 109/L,',[mod([lexmatch(['white blood cell count']),inputmatch([white,blood,cell,count]),tag(noun),tokens([white,blood,cell,count])]),shapes([inputmatch(['6','.','3']),features([real_number]),tokens(['6','3'])]),mod([lexmatch([x]),inputmatch([x]),tag(noun),tokens([x])]),shapes([inputmatch(['109']),features([integer]),tokens(['109'])]),punc([inputmatch([/]),tokens([])]),head([lexmatch([l]),inputmatch(['L']),tag(noun),tokens([l])]),punc([inputmatch([',']),tokens([])])],120/35,[]).
candidates(32,9,0,23,[]).
mappings([map(-752,[ev(-624,'C0007457','White','Caucasoid Race',[white],[popg],[[[1,1],[1,1],0]],no,no,['CSP','MSH','MTH','NCI','NLMSubSyn','SNOMEDCT_US'],[120/5],0,0),ev(-624,'C0005767','Blood','Blood',[blood],[tisu],[[[2,2],[1,1],0]],no,no,['FMA','LNC','MTH'],[126/5],0,0),ev(-866,'C0022827','cell l','L Cells (Cell Line)',[cell,l],[cell],[[[3,3],[1,1],0],[[9,9],[2,2],0]],yes,no,['CHV','CSP','MSH'],[132/4,153/1],0,0),ev(-624,'C0750480','Count','Count',[count],[acty],[[[4,4],[1,1],0]],no,no,['MTH'],[137/5],0,0)]),map(-752,[ev(-624,'C0007457','White','Caucasoid Race',[white],[popg],[[[1,1],[1,1],0]],no,no,['CSP','MSH','MTH','NCI','NLMSubSyn','SNOMEDCT_US'],[120/5],0,0),ev(-624,'C0005767','Blood','Blood',[blood],[tisu],[[[2,2],[1,1],0]],no,no,['FMA','LNC','MTH'],[126/5],0,0),ev(-866,'C0022827','cell l','L Cells (Cell Line)',[cell,l],[cell],[[[3,3],[1,1],0],[[9,9],[2,2],0]],yes,no,['CHV','CSP','MSH'],[132/4,153/1],0,0),ev(-624,'C1705566','Count','Count Dosing Unit',[count],[qnco],[[[4,4],[1,1],0]],no,no,['MTH','NCI'],[137/5],0,0)]),map(-752,[ev(-624,'C0007457','White','Caucasoid Race',[white],[popg],[[[1,1],[1,1],0]],no,no,['CSP','MSH','MTH','NCI','NLMSubSyn','SNOMEDCT_US'],[120/5],0,0),ev(-624,'C0005768',blood,'In Blood',[blood],[bdsu],[[[2,2],[1,1],0]],no,no,['MSH','MTH'],[126/5],0,0),ev(-866,'C0022827','cell l','L Cells (Cell Line)',[cell,l],[cell],[[[3,3],[1,1],0],[[9,9],[2,2],0]],yes,no,['CHV','CSP','MSH'],[132/4,153/1],0,0),ev(-624,'C0750480','Count','Count',[count],[acty],[[[4,4],[1,1],0]],no,no,['MTH'],[137/5],0,0)]),map(-752,[ev(-624,'C0007457','White','Caucasoid Race',[white],[popg],[[[1,1],[1,1],0]],no,no,['CSP','MSH','MTH','NCI','NLMSubSyn','SNOMEDCT_US'],[120/5],0,0),ev(-624,'C0005768',blood,'In Blood',[blood],[bdsu],[[[2,2],[1,1],0]],no,no,['MSH','MTH'],[126/5],0,0),ev(-866,'C0022827','cell l','L Cells (Cell Line)',[cell,l],[cell],[[[3,3],[1,1],0],[[9,9],[2,2],0]],yes,no,['CHV','CSP','MSH'],[132/4,153/1],0,0),ev(-624,'C1705566','Count','Count Dosing Unit',[count],[qnco],[[[4,4],[1,1],0]],no,no,['MTH','NCI'],[137/5],0,0)]),map(-752,[ev(-624,'C0007457','White','Caucasoid Race',[white],[popg],[[[1,1],[1,1],0]],no,no,['CSP','MSH','MTH','NCI','NLMSubSyn','SNOMEDCT_US'],[120/5],0,0),ev(-624,'C0229664','Blood','peripheral blood',[blood],[bdsu],[[[2,2],[1,1],0]],no,no,['MTH','NCI'],[126/5],0,0),ev(-866,'C0022827','cell l','L Cells (Cell Line)',[cell,l],[cell],[[[3,3],[1,1],0],[[9,9],[2,2],0]],yes,no,['CHV','CSP','MSH'],[132/4,153/1],0,0),ev(-624,'C0750480','Count','Count',[count],[acty],[[[4,4],[1,1],0]],no,no,['MTH'],[137/5],0,0)]),map(-752,[ev(-624,'C0007457','White','Caucasoid Race',[white],[popg],[[[1,1],[1,1],0]],no,no,['CSP','MSH','MTH','NCI','NLMSubSyn','SNOMEDCT_US'],[120/5],0,0),ev(-624,'C0229664','Blood','peripheral blood',[blood],[bdsu],[[[2,2],[1,1],0]],no,no,['MTH','NCI'],[126/5],0,0),ev(-866,'C0022827','cell l','L Cells (Cell Line)',[cell,l],[cell],[[[3,3],[1,1],0],[[9,9],[2,2],0]],yes,no,['CHV','CSP','MSH'],[132/4,153/1],0,0),ev(-624,'C1705566','Count','Count Dosing Unit',[count],[qnco],[[[4,4],[1,1],0]],no,no,['MTH','NCI'],[137/5],0,0)]),map(-752,[ev(-624,'C0043157','White','Caucasians',[white],[popg],[[[1,1],[1,1],0]],no,no,['CHV','HL7V3.0','MSH','MTH','NLMSubSyn','SNOMEDCT_US'],[120/5],0,0),ev(-624,'C0005767','Blood','Blood',[blood],[tisu],[[[2,2],[1,1],0]],no,no,['FMA','LNC','MTH'],[126/5],0,0),ev(-866,'C0022827','cell l','L Cells (Cell Line)',[cell,l],[cell],[[[3,3],[1,1],0],[[9,9],[2,2],0]],yes,no,['CHV','CSP','MSH'],[132/4,153/1],0,0),ev(-624,'C0750480','Count','Count',[count],[acty],[[[4,4],[1,1],0]],no,no,['MTH'],[137/5],0,0)]),map(-752,[ev(-624,'C0043157','White','Caucasians',[white],[popg],[[[1,1],[1,1],0]],no,no,['CHV','HL7V3.0','MSH','MTH','NLMSubSyn','SNOMEDCT_US'],[120/5],0,0),ev(-624,'C0005767','Blood','Blood',[blood],[tisu],[[[2,2],[1,1],0]],no,no,['FMA','LNC','MTH'],[126/5],0,0),ev(-866,'C0022827','cell l','L Cells (Cell Line)',[cell,l],[cell],[[[3,3],[1,1],0],[[9,9],[2,2],0]],yes,no,['CHV','CSP','MSH'],[132/4,153/1],0,0),ev(-624,'C1705566','Count','Count Dosing Unit',[count],[qnco],[[[4,4],[1,1],0]],no,no,['MTH','NCI'],[137/5],0,0)]),map(-752,[ev(-624,'C0043157','White','Caucasians',[white],[popg],[[[1,1],[1,1],0]],no,no,['CHV','HL7V3.0','MSH','MTH','NLMSubSyn','SNOMEDCT_US'],[120/5],0,0),ev(-624,'C0005768',blood,'In Blood',[blood],[bdsu],[[[2,2],[1,1],0]],no,no,['MSH','MTH'],[126/5],0,0),ev(-866,'C0022827','cell l','L Cells (Cell Line)',[cell,l],[cell],[[[3,3],[1,1],0],[[9,9],[2,2],0]],yes,no,['CHV','CSP','MSH'],[132/4,153/1],0,0),ev(-624,'C0750480','Count','Count',[count],[acty],[[[4,4],[1,1],0]],no,no,['MTH'],[137/5],0,0)]),map(-752,[ev(-624,'C0043157','White','Caucasians',[white],[popg],[[[1,1],[1,1],0]],no,no,['CHV','HL7V3.0','MSH','MTH','NLMSubSyn','SNOMEDCT_US'],[120/5],0,0),ev(-624,'C0005768',blood,'In Blood',[blood],[bdsu],[[[2,2],[1,1],0]],no,no,['MSH','MTH'],[126/5],0,0),ev(-866,'C0022827','cell l','L Cells (Cell Line)',[cell,l],[cell],[[[3,3],[1,1],0],[[9,9],[2,2],0]],yes,no,['CHV','CSP','MSH'],[132/4,153/1],0,0),ev(-624,'C1705566','Count','Count Dosing Unit',[count],[qnco],[[[4,4],[1,1],0]],no,no,['MTH','NCI'],[137/5],0,0)]),map(-752,[ev(-624,'C0043157','White','Caucasians',[white],[popg],[[[1,1],[1,1],0]],no,no,['CHV','HL7V3.0','MSH','MTH','NLMSubSyn','SNOMEDCT_US'],[120/5],0,0),ev(-624,'C0229664','Blood','peripheral blood',[blood],[bdsu],[[[2,2],[1,1],0]],no,no,['MTH','NCI'],[126/5],0,0),ev(-866,'C0022827','cell l','L Cells (Cell Line)',[cell,l],[cell],[[[3,3],[1,1],0],[[9,9],[2,2],0]],yes,no,['CHV','CSP','MSH'],[132/4,153/1],0,0),ev(-624,'C0750480','Count','Count',[count],[acty],[[[4,4],[1,1],0]],no,no,['MTH'],[137/5],0,0)]),map(-752,[ev(-624,'C0043157','White','Caucasians',[white],[popg],[[[1,1],[1,1],0]],no,no,['CHV','HL7V3.0','MSH','MTH','NLMSubSyn','SNOMEDCT_US'],[120/5],0,0),ev(-624,'C0229664','Blood','peripheral blood',[blood],[bdsu],[[[2,2],[1,1],0]],no,no,['MTH','NCI'],[126/5],0,0),ev(-866,'C0022827','cell l','L Cells (Cell Line)',[cell,l],[cell],[[[3,3],[1,1],0],[[9,9],[2,2],0]],yes,no,['CHV','CSP','MSH'],[132/4,153/1],0,0),ev(-624,'C1705566','Count','Count Dosing Unit',[count],[qnco],[[[4,4],[1,1],0]],no,no,['MTH','NCI'],[137/5],0,0)]),map(-752,[ev(-624,'C0220938','White','White color',[white],[qlco],[[[1,1],[1,1],0]],no,no,['CHV','MTH','SNOMEDCT_US'],[120/5],0,0),ev(-624,'C0005767','Blood','Blood',[blood],[tisu],[[[2,2],[1,1],0]],no,no,['FMA','LNC','MTH'],[126/5],0,0),ev(-866,'C0022827','cell l','L Cells (Cell Line)',[cell,l],[cell],[[[3,3],[1,1],0],[[9,9],[2,2],0]],yes,no,['CHV','CSP','MSH'],[132/4,153/1],0,0),ev(-624,'C0750480','Count','Count',[count],[acty],[[[4,4],[1,1],0]],no,no,['MTH'],[137/5],0,0)]),map(-752,[ev(-624,'C0220938','White','White color',[white],[qlco],[[[1,1],[1,1],0]],no,no,['CHV','MTH','SNOMEDCT_US'],[120/5],0,0),ev(-624,'C0005767','Blood','Blood',[blood],[tisu],[[[2,2],[1,1],0]],no,no,['FMA','LNC','MTH'],[126/5],0,0),ev(-866,'C0022827','cell l','L Cells (Cell Line)',[cell,l],[cell],[[[3,3],[1,1],0],[[9,9],[2,2],0]],yes,no,['CHV','CSP','MSH'],[132/4,153/1],0,0),ev(-624,'C1705566','Count','Count Dosing Unit',[count],[qnco],[[[4,4],[1,1],0]],no,no,['MTH','NCI'],[137/5],0,0)]),map(-752,[ev(-624,'C0220938','White','White color',[white],[qlco],[[[1,1],[1,1],0]],no,no,['CHV','MTH','SNOMEDCT_US'],[120/5],0,0),ev(-624,'C0005768',blood,'In Blood',[blood],[bdsu],[[[2,2],[1,1],0]],no,no,['MSH','MTH'],[126/5],0,0),ev(-866,'C0022827','cell l','L Cells (Cell Line)',[cell,l],[cell],[[[3,3],[1,1],0],[[9,9],[2,2],0]],yes,no,['CHV','CSP','MSH'],[132/4,153/1],0,0),ev(-624,'C0750480','Count','Count',[count],[acty],[[[4,4],[1,1],0]],no,no,['MTH'],[137/5],0,0)]),map(-752,[ev(-624,'C0220938','White','White color',[white],[qlco],[[[1,1],[1,1],0]],no,no,['CHV','MTH','SNOMEDCT_US'],[120/5],0,0),ev(-624,'C0005768',blood,'In Blood',[blood],[bdsu],[[[2,2],[1,1],0]],no,no,['MSH','MTH'],[126/5],0,0),ev(-866,'C0022827','cell l','L Cells (Cell Line)',[cell,l],[cell],[[[3,3],[1,1],0],[[9,9],[2,2],0]],yes,no,['CHV','CSP','MSH'],[132/4,153/1],0,0),ev(-624,'C1705566','Count','Count Dosing Unit',[count],[qnco],[[[4,4],[1,1],0]],no,no,['MTH','NCI'],[137/5],0,0)]),map(-752,[ev(-624,'C0220938','White','White color',[white],[qlco],[[[1,1],[1,1],0]],no,no,['CHV','MTH','SNOMEDCT_US'],[120/5],0,0),ev(-624,'C0229664','Blood','peripheral blood',[blood],[bdsu],[[[2,2],[1,1],0]],no,no,['MTH','NCI'],[126/5],0,0),ev(-866,'C0022827','cell l','L Cells (Cell Line)',[cell,l],[cell],[[[3,3],[1,1],0],[[9,9],[2,2],0]],yes,no,['CHV','CSP','MSH'],[132/4,153/1],0,0),ev(-624,'C0750480','Count','Count',[count],[acty],[[[4,4],[1,1],0]],no,no,['MTH'],[137/5],0,0)]),map(-752,[ev(-624,'C0220938','White','White color',[white],[qlco],[[[1,1],[1,1],0]],no,no,['CHV','MTH','SNOMEDCT_US'],[120/5],0,0),ev(-624,'C0229664','Blood','peripheral blood',[blood],[bdsu],[[[2,2],[1,1],0]],no,no,['MTH','NCI'],[126/5],0,0),ev(-866,'C0022827','cell l','L Cells (Cell Line)',[cell,l],[cell],[[[3,3],[1,1],0],[[9,9],[2,2],0]],yes,no,['CHV','CSP','MSH'],[132/4,153/1],0,0),ev(-624,'C1705566','Count','Count Dosing Unit',[count],[qnco],[[[4,4],[1,1],0]],no,no,['MTH','NCI'],[137/5],0,0)])]).
phrase('platelet count 119 x 109/L,',[mod([lexmatch(['platelet count']),inputmatch([platelet,count]),tag(noun),tokens([platelet,count])]),shapes([inputmatch(['119']),features([integer]),tokens(['119'])]),mod([lexmatch([x]),inputmatch([x]),tag(noun),tokens([x])]),shapes([inputmatch(['109']),features([integer]),tokens(['109'])]),punc([inputmatch([/]),tokens([])]),head([lexmatch([l]),inputmatch(['L']),tag(noun),tokens([l])]),punc([inputmatch([',']),tokens([])])],156/27,[]).
candidates(7,1,0,6,[]).
mappings([map(-777,[ev(-853,'C0456525','platelets/L','platelets/L',[platelets,l],[qnco],[[[1,1],[1,1],4],[[6,6],[2,2],0]],yes,no,['SNOMEDCT_US'],[156/8,181/1],0,0),ev(-632,'C0750480','Count','Count',[count],[acty],[[[2,2],[1,1],0]],no,no,['MTH'],[165/5],0,0)]),map(-777,[ev(-853,'C0456525','platelets/L','platelets/L',[platelets,l],[qnco],[[[1,1],[1,1],4],[[6,6],[2,2],0]],yes,no,['SNOMEDCT_US'],[156/8,181/1],0,0),ev(-632,'C1705566','Count','Count Dosing Unit',[count],[qnco],[[[2,2],[1,1],0]],no,no,['MTH','NCI'],[165/5],0,0)])]).
phrase('mean corpuscular volume 109 fL.',[mod([lexmatch(['mean corpuscular volume']),inputmatch([mean,corpuscular,volume]),tag(noun),tokens([mean,corpuscular,volume])]),shapes([inputmatch(['109']),features([integer]),tokens(['109'])]),head([lexmatch([fl]),inputmatch([fL]),tag(noun),tokens([fl])]),punc([inputmatch(['.']),tokens([])])],184/31,[]).
candidates(11,0,0,11,[]).
mappings([map(-717,[ev(-717,'C0524587','Mean Corpuscular Volume','Mean Corpuscular Volume (result)',[mean,corpuscular,volume],[lbtr],[[[1,3],[1,3],0]],no,no,['CHV','MSH','MTH','NLMSubSyn','SNMI','SNOMEDCT_US'],[184/23],0,0)]),map(-717,[ev(-717,'C0863148','Mean corpuscular volume - NOS','Mean corpuscular volume analyses',[mean,corpuscular,volume],[lbpr],[[[1,3],[1,3],0]],no,no,['CHV','MTH','NLMSubSyn','SNOMEDCT_US'],[184/23],0,0)]),map(-717,[ev(-717,'C1948043','mean corpuscular volume','Erythrocyte Mean Corpuscular Volume Measurement',[mean,corpuscular,volume],[lbpr],[[[1,3],[1,3],0]],no,no,['AOD','MTH','NCI','NLMSubSyn'],[184/23],0,0)])]).
'EOU'.
utterance('00000000.tx.3',"Further investigations reveal mild iron deficiency. ",216/52,[]).
phrase('Further investigations',[mod([lexmatch([further]),inputmatch(['Further']),tag(adj),tokens([further])]),head([lexmatch([investigations]),inputmatch([investigations]),tag(noun),tokens([investigations])])],216/22,[]).
candidates(6,4,0,2,[]).
mappings([map(-888,[ev(-694,'C1517331','Further','Further',[further],[spco],[[[1,1],[1,1],0]],no,no,['NCI'],[216/7],0,0),ev(-861,'C1261322','Investigations','Evaluation procedure',[investigations],[hlca],[[[2,2],[1,1],0]],yes,no,['CHV','MTH','NCI','NLMSubSyn','SNOMEDCT_US'],[224/14],0,0)])]).
phrase(reveal,[verb([lexmatch([reveal]),inputmatch([reveal]),tag(verb),tokens([reveal])])],239/6,[]).
candidates(1,0,0,1,[]).
mappings([map(-1000,[ev(-1000,'C0443289',reveal,'Revealed',[reveal],[qlco],[[[1,1],[1,1],0]],yes,no,['CHV','SNOMEDCT_US'],[239/6],0,0)])]).
phrase('mild iron deficiency.',[mod([lexmatch([mild]),inputmatch([mild]),tag(adj),tokens([mild])]),head([lexmatch(['iron deficiency']),inputmatch([iron,deficiency]),tag(noun),tokens([iron,deficiency])]),punc([inputmatch(['.']),tokens([])])],246/21,[]).
candidates(9,1,0,8,[]).
mappings([map(-901,[ev(-660,'C2945599','Mild','Mild (qualifier value)',[mild],[qlco],[[[1,1],[1,1],0]],no,no,['NCI','SNMI','SNOMEDCT_US'],[246/4],0,0),ev(-901,'C0240066','Iron deficiency','Iron deficiency',[iron,deficiency],[dsyn],[[[2,3],[1,2],0]],yes,no,['CHV','MTH','NLMSubSyn'],[251/15],0,0)])]).
'EOU'.
utterance('00000000.tx.4',"She already receives iron supplementation. ",268/43,[]).
phrase('She already',[pron([lexmatch([she]),inputmatch(['She']),tag(pron),tokens([she])]),adv([lexmatch([already]),inputmatch([already]),tag(adv),tokens([already])])],268/11,[]).
candidates(0,0,0,0,[]).
mappings([]).
phrase(receives,[verb([lexmatch([receives]),inputmatch([receives]),tag(verb),tokens([receives])])],280/8,[]).
candidates(1,0,0,1,[]).
mappings([map(-1000,[ev(-1000,'C1514756','Receive','Receive',[receive],[qlco],[[[1,1],[1,1],0]],yes,no,['NCI'],[280/8],0,0)])]).
phrase('iron supplementation.',[mod([lexmatch([iron]),inputmatch([iron]),tag(noun),tokens([iron])]),head([lexmatch([supplementation]),inputmatch([supplementation]),tag(noun),tokens([supplementation])]),punc([inputmatch(['.']),tokens([])])],289/21,[]).
candidates(4,0,0,4,[]).
mappings([map(-888,[ev(-694,'C0302583','Iron','Iron',[iron],[bacs,elii,phsu],[[[1,1],[1,1],0]],no,no,['CHV','CSP','MTH','NLMSubSyn','SNM','SNOMEDCT_US'],[289/4],0,0),ev(-861,'C0242297','Supplementation','Dietary Supplementation',[supplementation],[topp],[[[2,2],[1,1],0]],yes,no,['MSH','MTH','NCI','NLMSubSyn','PDQ'],[294/15],0,0)]),map(-888,[ev(-694,'C0376520','Iron','Dietary Iron',[iron],[inch],[[[1,1],[1,1],0]],no,no,['MTH','NCI'],[289/4],0,0),ev(-861,'C0242297','Supplementation','Dietary Supplementation',[supplementation],[topp],[[[2,2],[1,1],0]],yes,no,['MSH','MTH','NCI','NLMSubSyn','PDQ'],[294/15],0,0)]),map(-888,[ev(-694,'C1166521',iron,'Ferrum metallicum, Homeopathic preparation',[iron],[phsu],[[[1,1],[1,1],0]],no,no,['CHV','MTH'],[289/4],0,0),ev(-861,'C0242297','Supplementation','Dietary Supplementation',[supplementation],[topp],[[[2,2],[1,1],0]],yes,no,['MSH','MTH','NCI','NLMSubSyn','PDQ'],[294/15],0,0)])]).
'EOU'.
utterance('00000000.tx.5',"The obstetrician repeats the complete blood cell count 2 weeks later. ",311/70,[]).
phrase('The obstetrician',[det([lexmatch([the]),inputmatch(['The']),tag(det),tokens([the])]),head([lexmatch([obstetrician]),inputmatch([obstetrician]),tag(noun),tokens([obstetrician])])],311/16,[]).
candidates(1,0,0,1,[]).
mappings([map(-1000,[ev(-1000,'C0334897','Obstetrician','Obstetrician',[obstetrician],[prog],[[[1,1],[1,1],0]],yes,no,['CHV','MTH'],[315/12],0,0)])]).
phrase(repeats,[verb([lexmatch([repeats]),inputmatch([repeats]),tag(verb),tokens([repeats])])],328/7,[]).
candidates(3,0,0,3,[]).
mappings([map(-1000,[ev(-1000,'C0205341','Repeat','Repeat',[repeat],[ftcn],[[[1,1],[1,1],0]],yes,no,['CHV','MTH','NCI','SNOMEDCT_US'],[328/7],0,0)]),map(-1000,[ev(-1000,'C1547730','Repeat','Repeat Pattern',[repeat],[tmco],[[[1,1],[1,1],0]],yes,no,['MTH','NCI'],[328/7],0,0)]),map(-1000,[ev(-1000,'C1705914','Repeat','Repeat Object',[repeat],[cnce],[[[1,1],[1,1],0]],yes,no,['LNC','MTH','NCI'],[328/7],0,0)])]).
phrase('the complete blood cell count 2 weeks later.',[det([lexmatch([the]),inputmatch([the]),tag(det),tokens([the])]),mod([lexmatch([complete]),inputmatch([complete]),tag(adj),tokens([complete])]),mod([lexmatch(['blood cell count']),inputmatch([blood,cell,count]),tag(noun),tokens([blood,cell,count])]),shapes([inputmatch(['2']),features([integer]),tokens(['2'])]),head([lexmatch([weeks]),inputmatch([weeks]),tag(noun),tokens([weeks])]),adv([lexmatch([later]),inputmatch([later]),tag(adv),tokens([later])]),punc([inputmatch(['.']),tokens([])])],336/44,[]).
candidates(28,10,0,18,[]).
mappings([map(-840,[ev(-710,'C0009555','complete blood cell count','Complete Blood Count',[complete,blood,cell,count],[lbpr],[[[1,1],[1,1],0],[[2,4],[2,4],0]],no,no,['CHV','MSH','MTH','NCI','NLMSubSyn','SNOMEDCT_US'],[340/25],0,0),ev(-795,'C0439230',weeks,week,[weeks],[tmco],[[[6,6],[1,1],0]],yes,no,['MTH','SNOMEDCT_US'],[368/5],0,0)])]).
'EOU'.
utterance('00000000.tx.6',"The Hb is 8.9 g/dL, WBC count 7.1 x 109/L, and platelets 108 x 109/L. ",381/70,[]).
phrase('The Hb',[det([lexmatch([the]),inputmatch(['The']),tag(det),tokens([the])]),head([lexmatch([hemoglobin]),inputmatch([hemoglobin]),tag(noun),tokens([hemoglobin])])],381/6,[]).
candidates(1,0,0,1,[]).
mappings([map(-1000,[ev(-1000,'C0019046','Haemoglobin','Hemoglobin',[haemoglobin],[aapp,bacs],[[[1,1],[1,1],0]],yes,no,['MSH','MTH','SNOMEDCT_US'],[385/2],0,0)])]).
phrase(is,[aux([lexmatch([is]),inputmatch([is]),tag(aux),tokens([is])])],388/2,[]).
candidates(0,0,0,0,[]).
mappings([]).
phrase('8.9 g/dL,',[shapes([inputmatch(['8','.','9']),features([real_number]),tokens(['8','9'])]),mod([lexmatch([g]),inputmatch([g,/]),tag(noun),tokens([g])]),head([lexmatch([dl]),inputmatch([dL]),tag(noun),tokens([dl])]),punc([inputmatch([',']),tokens([])])],391/9,[]).
candidates(3,0,0,3,[]).
mappings([map(-861,[ev(-861,'C0439267','g/dL','Gram per Deciliter',[g,dl],[qnco],[[[3,3],[1,1],0],[[4,4],[2,2],0]],yes,no,['MTH','NCI','SNOMEDCT_US'],[395/4],0,0)])]).
phrase('WBC count 7.1 x 109/L,',[mod([lexmatch([wbc]),inputmatch(['WBC']),tag(noun),tokens([wbc])]),mod([lexmatch([count]),inputmatch([count]),tag(noun),tokens([count])]),shapes([inputmatch(['7','.','1']),features([real_number]),tokens(['7','1'])]),mod([lexmatch([x]),inputmatch([x]),tag(noun),tokens([x])]),shapes([inputmatch(['109']),features([integer]),tokens(['109'])]),punc([inputmatch([/]),tokens([])]),head([lexmatch([l]),inputmatch(['L']),tag(noun),tokens([l])]),punc([inputmatch([',']),tokens([])])],401/22,[]).
candidates(5,0,0,5,[]).
mappings([map(-651,[ev(-651,'C0023508','WBC count','White Blood Cell Count procedure',[wbc,count],[lbpr],[[[1,1],[1,1],0],[[2,2],[2,2],0]],no,no,['MSH','MTH','NCI','NLMSubSyn','SNOMEDCT_US'],[401/9],0,0)])]).
phrase(and,[conj([lexmatch([and]),inputmatch([and]),tag(conj),tokens([and])])],424/3,[]).
candidates(0,0,0,0,[]).
mappings([]).
phrase('platelets 108 x 109/L.',[mod([lexmatch([platelets]),inputmatch([platelets]),tag(noun),tokens([platelets])]),shapes([inputmatch(['108']),features([integer]),tokens(['108'])]),mod([lexmatch([x]),inputmatch([x]),tag(noun),tokens([x])]),shapes([inputmatch(['109']),features([integer]),tokens(['109'])]),punc([inputmatch([/]),tokens([])]),head([lexmatch([l]),inputmatch(['L']),tag(noun),tokens([l])]),punc([inputmatch(['.']),tokens([])])],428/22,[]).
candidates(3,0,0,3,[]).
mappings([map(-897,[ev(-897,'C0456525','platelets/L','platelets/L',[platelets,l],[qnco],[[[1,1],[1,1],0],[[5,5],[2,2],0]],yes,no,['SNOMEDCT_US'],[428/9,448/1],0,0)])]).
'EOU'.
utterance('00000000.tx.7',"She describes difficulty swallowing. ",451/37,[]).
phrase('She',[pron([lexmatch([she]),inputmatch(['She']),tag(pron),tokens([she])])],451/3,[]).
candidates(0,0,0,0,[]).
mappings([]).
phrase(describes,[verb([lexmatch([describes]),inputmatch([describes]),tag(verb),tokens([describes])])],455/9,[]).
candidates(0,0,0,0,[]).
mappings([]).
phrase('difficulty swallowing.',[mod([lexmatch([difficulty]),inputmatch([difficulty]),tag(noun),tokens([difficulty])]),head([lexmatch([swallowing]),inputmatch([swallowing]),tag(noun),tokens([swallowing])]),punc([inputmatch(['.']),tokens([])])],465/22,[]).
candidates(8,3,0,5,[]).
mappings([map(-1000,[ev(-1000,'C0011168','Difficulty swallowing','Deglutition Disorders',[difficulty,swallowing],[dsyn],[[[1,1],[1,1],0],[[2,2],[2,2],0]],yes,no,['CHV','CST','DXP','ICD10CM','LNC','MSH','MTH','NLMSubSyn','OMIM','SNOMEDCT_US'],[465/21],0,0)])]).
'EOU'.
utterance('00000000.tx.8',"A reticulocyte count is performed and found elevated at 180 x 109/L. ",488/69,[]).
phrase('A reticulocyte count',[det([lexmatch([a]),inputmatch(['A']),tag(det),tokens([a])]),mod([lexmatch([reticulocyte]),inputmatch([reticulocyte]),tag(noun),tokens([reticulocyte])]),head([lexmatch([count]),inputmatch([count]),tag(noun),tokens([count])])],488/20,[]).
candidates(5,0,0,5,[]).
mappings([map(-1000,[ev(-1000,'C0206161','Reticulocyte Count','Reticulocyte count (procedure)',[reticulocyte,count],[lbpr],[[[1,1],[1,1],0],[[2,2],[2,2],0]],yes,no,['CHV','MSH','NCI','NLMSubSyn','SNOMEDCT_US'],[490/18],0,0)]),map(-1000,[ev(-1000,'C1318442','reticulocyte count','Reticulocyte count result',[reticulocyte,count],[lbtr],[[[1,1],[1,1],0],[[2,2],[2,2],0]],yes,no,['CHV','MTH','NLMSubSyn'],[490/18],0,0)])]).
phrase(is,[aux([lexmatch([is]),inputmatch([is]),tag(aux),tokens([is])])],509/2,[]).
candidates(0,0,0,0,[]).
mappings([]).
phrase(performed,[verb([lexmatch([performed]),inputmatch([performed]),tag(verb),tokens([performed])])],512/9,[]).
candidates(2,1,0,1,[]).
mappings([map(-1000,[ev(-1000,'C0884358','Performed','Performed',[performed],[ftcn],[[[1,1],[1,1],0]],yes,no,['MTH','NCI'],[512/9],0,0)])]).
phrase(and,[conj([lexmatch([and]),inputmatch([and]),tag(conj),tokens([and])])],522/3,[]).
candidates(0,0,0,0,[]).
mappings([]).
phrase(found,[verb([lexmatch([found]),inputmatch([found]),tag(verb),tokens([found])])],526/5,[]).
candidates(2,1,0,1,[]).
mappings([map(-1000,[ev(-1000,'C0150312','Found','Present',[found],[qnco],[[[1,1],[1,1],0]],yes,no,['CHV','MTH','NCI'],[526/5],0,0)])]).
phrase('elevated at 180 x 109/L.',[verb([lexmatch([elevated]),inputmatch([elevated]),tag(verb),tokens([elevated])]),prep([lexmatch([at]),inputmatch([at]),tag(prep),tokens([at])]),shapes([inputmatch(['180']),features([integer]),tokens(['180'])]),mod([lexmatch([x]),inputmatch([x]),tag(noun),tokens([x])]),shapes([inputmatch(['109']),features([integer]),tokens(['109'])]),punc([inputmatch([/]),tokens([])]),mod([lexmatch([l]),inputmatch(['L']),tag(noun),tokens([l])]),punc([inputmatch(['.']),tokens([])])],532/24,[]).
candidates(2,0,0,2,[]).
mappings([map(-753,[ev(-753,'C0205250','Elevated','High',[elevated],[qlco],[[[1,1],[1,1],0]],yes,no,['CHV','MTH','NCI','SNOMEDCT_US'],[532/8],0,0)]),map(-753,[ev(-753,'C3163633','Elevated','Elevated',[elevated],[qlco],[[[1,1],[1,1],0]],yes,no,['MTH'],[532/8],0,0)])]).
'EOU'.
utterance('00000000.tx.9',"The obstetrician requests a hematology consult. ",557/48,[]).
phrase('The obstetrician',[det([lexmatch([the]),inputmatch(['The']),tag(det),tokens([the])]),head([lexmatch([obstetrician]),inputmatch([obstetrician]),tag(noun),tokens([obstetrician])])],557/16,[]).
candidates(1,0,0,1,[]).
mappings([map(-1000,[ev(-1000,'C0334897','Obstetrician','Obstetrician',[obstetrician],[prog],[[[1,1],[1,1],0]],yes,no,['CHV','MTH'],[561/12],0,0)])]).
phrase(requests,[verb([lexmatch([requests]),inputmatch([requests]),tag(verb),tokens([requests])])],574/8,[]).
candidates(3,0,0,3,[]).
mappings([map(-1000,[ev(-1000,'C0686900',request,'Request for',[request],[ftcn],[[[1,1],[1,1],0]],yes,no,['CHV','SNMI'],[574/8],0,0)]),map(-1000,[ev(-1000,'C1272683','Request','Request - action',[request],[ftcn],[[[1,1],[1,1],0]],yes,no,['MTH','NCI','SNOMEDCT_US'],[574/8],0,0)]),map(-1000,[ev(-1000,'C1522634','Request','Question (inquiry)',[request],[inpr],[[[1,1],[1,1],0]],yes,no,['MTH','NCI'],[574/8],0,0)])]).
phrase('a hematology',[det([lexmatch([a]),inputmatch([a]),tag(det),tokens([a])]),head([lexmatch([hematology]),inputmatch([hematology]),tag(noun),tokens([hematology])])],583/12,[]).
candidates(3,1,0,2,[]).
mappings([map(-1000,[ev(-1000,'C0018943','Haematology NOS','Hematology (discipline)',[haematology],[bmod],[[[1,1],[1,1],0]],yes,no,['MSH','MTH','NCI','SNOMEDCT_US'],[585/10],0,0)]),map(-1000,[ev(-1000,'C0200627','HEMATOLOGY','Hematology procedure',[hematology],[lbpr],[[[1,1],[1,1],0]],yes,no,['CHV','LNC','MTH','NLMSubSyn','OMIM','SNM','SNMI','SNOMEDCT_US'],[585/10],0,0)])]).
phrase('consult.',[verb([lexmatch([consult]),inputmatch([consult]),tag(verb),tokens([consult])]),punc([inputmatch(['.']),tokens([])])],596/8,[]).
candidates(1,0,0,1,[]).
mappings([map(-1000,[ev(-1000,'C0009818','Consult','Consultation',[consult],[hlca],[[[1,1],[1,1],0]],yes,no,['CHV','MTH','NCI','SNM','SNOMEDCT_US'],[596/7],0,0)])]).
'EOU'.
utterance('00000000.tx.10',"The following additional results were found: Negative DAT, normal clotting screen, elevated LDH (2000 IU/L), normal urea and electrolytes, normal alanine aminotransferase (ALT), anisocytosis, poikilocytosis, no fragments, no agglutination, polychromasia and presence of hemosiderin in the urine. ",605/296,[900]).
phrase('The following additional results',[det([lexmatch([the]),inputmatch(['The']),tag(det),tokens([the])]),mod([lexmatch([following]),inputmatch([following]),tag(adj),tokens([following])]),mod([lexmatch([additional]),inputmatch([additional]),tag(adj),tokens([additional])]),head([lexmatch([results]),inputmatch([results]),tag(noun),tokens([results])])],605/32,[]).
candidates(8,3,0,5,[]).
mappings([map(-840,[ev(-660,'C0332282','Following','Following',[following],[tmco],[[[1,1],[1,1],0]],no,no,['MTH','NCI'],[609/9],0,0),ev(-660,'C1524062','Additional','Additional',[additional],[ftcn],[[[2,2],[1,1],0]],no,no,['MTH','NCI'],[619/10],0,0),ev(-793,'C1274040','Result','Result',[result],[ftcn],[[[3,3],[1,1],1]],yes,no,['MTH','NCI'],[630/7],0,0)]),map(-840,[ev(-660,'C0332282','Following','Following',[following],[tmco],[[[1,1],[1,1],0]],no,no,['MTH','NCI'],[609/9],0,0),ev(-660,'C1524062','Additional','Additional',[additional],[ftcn],[[[2,2],[1,1],0]],no,no,['MTH','NCI'],[619/10],0,0),ev(-793,'C1546471','Result','What subject filter - Result',[result],[idcn],[[[3,3],[1,1],1]],yes,no,['HL7V2.5','MTH'],[630/7],0,0)]),map(-840,[ev(-660,'C0332282','Following','Following',[following],[tmco],[[[1,1],[1,1],0]],no,no,['MTH','NCI'],[609/9],0,0),ev(-660,'C1524062','Additional','Additional',[additional],[ftcn],[[[2,2],[1,1],0]],no,no,['MTH','NCI'],[619/10],0,0),ev(-793,'C2825142','Result','Experimental Result',[result],[fndg],[[[3,3],[1,1],1]],yes,no,['MTH','NCI','NLMSubSyn'],[630/7],0,0)])]).
phrase(were,[aux([lexmatch([were]),inputmatch([were]),tag(aux),tokens([were])])],638/4,[]).
candidates(0,0,0,0,[]).
mappings([]).
phrase(found,[verb([lexmatch([found]),inputmatch([found]),tag(verb),tokens([found])])],643/5,[]).
candidates(2,1,0,1,[]).
mappings([map(-1000,[ev(-1000,'C0150312','Found','Present',[found],[qnco],[[[1,1],[1,1],0]],yes,no,['CHV','MTH','NCI'],[643/5],0,0)])]).
phrase(:,[punc([inputmatch([:]),tokens([])])],648/1,[]).
candidates(0,0,0,0,[]).
mappings([]).
phrase('Negative DAT,',[mod([lexmatch([negative]),inputmatch(['Negative']),tag(adj),tokens([negative])]),head([lexmatch([dat]),inputmatch(['DAT']),tag(noun),tokens([dat])]),punc([inputmatch([',']),tokens([])])],650/13,[]).
candidates(4,0,0,4,[]).
mappings([map(-694,[ev(-694,'C0205160','Negative','Negative',[negative],[qlco],[[[1,1],[1,1],0]],no,no,['CHV','MTH','NCI','SNOMEDCT_US'],[650/8],0,0)]),map(-694,[ev(-694,'C1513916','Negative','Negative Finding',[negative],[fndg],[[[1,1],[1,1],0]],no,no,['MTH','NCI','NLMSubSyn'],[650/8],0,0)]),map(-694,[ev(-694,'C2825415','Negative','Negative Number',[negative],[cnce],[[[1,1],[1,1],0]],no,no,['MTH','NCI','NLMSubSyn'],[650/8],0,0)]),map(-694,[ev(-694,'C2825491','Negative','Negative Charge',[negative],[qlco],[[[1,1],[1,1],0]],no,no,['MTH','NCI'],[650/8],0,0)])]).
phrase('normal clotting screen,',[mod([lexmatch([normal]),inputmatch([normal]),tag(adj),tokens([normal])]),mod([lexmatch([clotting]),inputmatch([clotting]),tag(adj),tokens([clotting])]),head([lexmatch([screen]),inputmatch([screen]),tag(noun),tokens([screen])]),punc([inputmatch([',']),tokens([])])],664/23,[]).
candidates(12,2,0,10,[]).
mappings([map(-901,[ev(-734,'C0312856','normal clotting','Normal hemostatic function',[normal,clotting],[ortf],[[[1,1],[1,1],0],[[2,2],[2,2],0]],no,no,['NLMSubSyn','SNMI','SNOMEDCT_US'],[664/15],0,0),ev(-827,'C0220908',screen,'Screening procedure',[screen],[hlca],[[[3,3],[1,1],0]],yes,no,['CHV','MSH','MTH','NLMSubSyn','SNMI','SNOMEDCT_US'],[680/6],0,0)]),map(-901,[ev(-734,'C0312856','normal clotting','Normal hemostatic function',[normal,clotting],[ortf],[[[1,1],[1,1],0],[[2,2],[2,2],0]],no,no,['NLMSubSyn','SNMI','SNOMEDCT_US'],[664/15],0,0),ev(-827,'C1305399',screen,'Screening - procedure intent',[screen],[ftcn],[[[3,3],[1,1],0]],yes,no,['CHV','NLMSubSyn','SNOMEDCT_US'],[680/6],0,0)]),map(-901,[ev(-734,'C0312856','normal clotting','Normal hemostatic function',[normal,clotting],[ortf],[[[1,1],[1,1],0],[[2,2],[2,2],0]],no,no,['NLMSubSyn','SNMI','SNOMEDCT_US'],[664/15],0,0),ev(-827,'C1705053','Screen','Screen Device Component',[screen],[medd],[[[3,3],[1,1],0]],yes,no,['MTH','NCI'],[680/6],0,0)]),map(-901,[ev(-660,'C0205307','Normal','Normal',[normal],[qlco],[[[1,1],[1,1],0]],no,no,['MTH','SNOMEDCT_US'],[664/6],0,0),ev(-901,'C0005790','Clotting screen','Blood coagulation tests',[clotting,screen],[lbpr],[[[2,2],[1,1],0],[[3,3],[2,2],0]],yes,no,['AOD','CHV','LNC','MTH','NCI','NLMSubSyn','PDQ','SNM','SNMI','SNOMEDCT_US'],[671/15],0,0)]),map(-901,[ev(-660,'C0439166','% normal','Percent normal',[normal],[qnco],[[[1,1],[1,1],0]],no,no,['CHV','MTH','SNOMEDCT_US'],[664/6],0,0),ev(-901,'C0005790','Clotting screen','Blood coagulation tests',[clotting,screen],[lbpr],[[[2,2],[1,1],0],[[3,3],[2,2],0]],yes,no,['AOD','CHV','LNC','MTH','NCI','NLMSubSyn','PDQ','SNM','SNMI','SNOMEDCT_US'],[671/15],0,0)]),map(-901,[ev(-660,'C2347086','% Normal','Mean Percent of Normal',[normal],[qnco],[[[1,1],[1,1],0]],no,no,['MTH','NCI'],[664/6],0,0),ev(-901,'C0005790','Clotting screen','Blood coagulation tests',[clotting,screen],[lbpr],[[[2,2],[1,1],0],[[3,3],[2,2],0]],yes,no,['AOD','CHV','LNC','MTH','NCI','NLMSubSyn','PDQ','SNM','SNMI','SNOMEDCT_US'],[671/15],0,0)])]).
phrase('elevated LDH',[mod([lexmatch([elevated]),inputmatch([elevated]),tag(adj),tokens([elevated])]),head([lexmatch([ldh]),inputmatch(['LDH']),tag(noun),tokens([ldh])])],688/12,[]).
candidates(4,0,0,4,[]).
mappings([map(-1000,[ev(-1000,'C0151754','elevated ldh','LACTIC DEHYDROGENASE INCREASED',[elevated,ldh],[fndg],[[[1,1],[1,1],0],[[2,2],[2,2],0]],yes,no,['CHV','CST','DXP','NCI','OMIM','SNOMEDCT_US'],[688/12],0,0)])]).
phrase('(2000 IU/L',[punc([inputmatch(['(']),tokens([])]),shapes([inputmatch(['2000']),features([integer]),tokens(['2000'])]),mod([lexmatch([iu]),inputmatch(['IU']),tag(noun),tokens([iu])]),punc([inputmatch([/]),tokens([])]),head([lexmatch([l]),inputmatch(['L']),tag(noun),tokens([l])])],701/10,[]).
candidates(3,0,0,3,[]).
mappings([map(-890,[ev(-627,'C0681760','2000s','2000s',['2000s'],[tmco],[[[1,1],[1,1],1]],no,no,['AOD'],[702/4],0,0),ev(-901,'C0439457','IU/L','International Unit per Liter',[iu,l],[qnco],[[[2,2],[1,1],0],[[3,3],[2,2],0]],yes,no,['MTH','NCI','SNOMEDCT_US'],[707/4],0,0)])]).
phrase(')',[punc([inputmatch([')']),tokens([])])],711/1,[]).
candidates(0,0,0,0,[]).
mappings([]).
phrase(',',[punc([inputmatch([',']),tokens([])])],712/1,[]).
candidates(0,0,0,0,[]).
mappings([]).
phrase('normal urea',[mod([lexmatch([normal]),inputmatch([normal]),tag(adj),tokens([normal])]),head([lexmatch([urea]),inputmatch([urea]),tag(noun),tokens([urea])])],714/11,[]).
candidates(5,1,0,4,[]).
mappings([map(-888,[ev(-694,'C0205307','Normal','Normal',[normal],[qlco],[[[1,1],[1,1],0]],no,no,['MTH','SNOMEDCT_US'],[714/6],0,0),ev(-861,'C0041942','Urea','Urea',[urea],[bacs,orch,phsu],[[[2,2],[1,1],0]],yes,no,['MSH','MTH','SNOMEDCT_US'],[721/4],0,0)]),map(-888,[ev(-694,'C0439166','% normal','Percent normal',[normal],[qnco],[[[1,1],[1,1],0]],no,no,['CHV','MTH','SNOMEDCT_US'],[714/6],0,0),ev(-861,'C0041942','Urea','Urea',[urea],[bacs,orch,phsu],[[[2,2],[1,1],0]],yes,no,['MSH','MTH','SNOMEDCT_US'],[721/4],0,0)]),map(-888,[ev(-694,'C2347086','% Normal','Mean Percent of Normal',[normal],[qnco],[[[1,1],[1,1],0]],no,no,['MTH','NCI'],[714/6],0,0),ev(-861,'C0041942','Urea','Urea',[urea],[bacs,orch,phsu],[[[2,2],[1,1],0]],yes,no,['MSH','MTH','SNOMEDCT_US'],[721/4],0,0)])]).
phrase(and,[conj([lexmatch([and]),inputmatch([and]),tag(conj),tokens([and])])],726/3,[]).
candidates(0,0,0,0,[]).
mappings([]).
phrase('electrolytes,',[head([lexmatch([electrolytes]),inputmatch([electrolytes]),tag(noun),tokens([electrolytes])]),punc([inputmatch([',']),tokens([])])],730/13,[]).
candidates(2,0,0,2,[]).
mappings([map(-1000,[ev(-1000,'C0013832','Electrolytes','Electrolytes',[electrolytes],[inch,phsu],[[[1,1],[1,1],0]],yes,no,['MTH','SNOMEDCT_US'],[730/12],0,0)]),map(-1000,[ev(-1000,'C3536863','Electrolytes','Electrolyte [EPC]',[electrolytes],[phsu],[[[1,1],[1,1],0]],yes,no,['NDFRT'],[730/12],0,0)])]).
phrase('normal alanine aminotransferase',[mod([lexmatch([normal]),inputmatch([normal]),tag(adj),tokens([normal])]),head([lexmatch(['alanine aminotransferase']),inputmatch([alanine,aminotransferase]),tag(noun),tokens([alanine,aminotransferase])])],744/31,[]).
candidates(7,0,0,7,[]).
mappings([map(-901,[ev(-660,'C0205307','Normal','Normal',[normal],[qlco],[[[1,1],[1,1],0]],no,no,['MTH','SNOMEDCT_US'],[744/6],0,0),ev(-901,'C0001899','Alanine Aminotransferase','Alanine Transaminase',[alanine,aminotransferase],[aapp,enzy],[[[2,3],[1,2],0]],yes,no,['CHV','MSH','MTH','NCI','NLMSubSyn','SNOMEDCT_US'],[751/24],0,0)]),map(-901,[ev(-660,'C0205307','Normal','Normal',[normal],[qlco],[[[1,1],[1,1],0]],no,no,['MTH','SNOMEDCT_US'],[744/6],0,0),ev(-901,'C0057041','Alanine amino transferase','D-Alanine Transaminase',[alanine,amino,transferase],[aapp,enzy],[[[2,3],[1,3],0]],yes,no,['CHV','MSH','SNM','SNOMEDCT_US'],[751/24],0,0)]),map(-901,[ev(-660,'C0439166','% normal','Percent normal',[normal],[qnco],[[[1,1],[1,1],0]],no,no,['CHV','MTH','SNOMEDCT_US'],[744/6],0,0),ev(-901,'C0001899','Alanine Aminotransferase','Alanine Transaminase',[alanine,aminotransferase],[aapp,enzy],[[[2,3],[1,2],0]],yes,no,['CHV','MSH','MTH','NCI','NLMSubSyn','SNOMEDCT_US'],[751/24],0,0)]),map(-901,[ev(-660,'C0439166','% normal','Percent normal',[normal],[qnco],[[[1,1],[1,1],0]],no,no,['CHV','MTH','SNOMEDCT_US'],[744/6],0,0),ev(-901,'C0057041','Alanine amino transferase','D-Alanine Transaminase',[alanine,amino,transferase],[aapp,enzy],[[[2,3],[1,3],0]],yes,no,['CHV','MSH','SNM','SNOMEDCT_US'],[751/24],0,0)]),map(-901,[ev(-660,'C2347086','% Normal','Mean Percent of Normal',[normal],[qnco],[[[1,1],[1,1],0]],no,no,['MTH','NCI'],[744/6],0,0),ev(-901,'C0001899','Alanine Aminotransferase','Alanine Transaminase',[alanine,aminotransferase],[aapp,enzy],[[[2,3],[1,2],0]],yes,no,['CHV','MSH','MTH','NCI','NLMSubSyn','SNOMEDCT_US'],[751/24],0,0)]),map(-901,[ev(-660,'C2347086','% Normal','Mean Percent of Normal',[normal],[qnco],[[[1,1],[1,1],0]],no,no,['MTH','NCI'],[744/6],0,0),ev(-901,'C0057041','Alanine amino transferase','D-Alanine Transaminase',[alanine,amino,transferase],[aapp,enzy],[[[2,3],[1,3],0]],yes,no,['CHV','MSH','SNM','SNOMEDCT_US'],[751/24],0,0)])]).
phrase('(ALT',[punc([inputmatch(['(']),tokens([])]),head([lexmatch([alt]),inputmatch(['ALT']),tag(noun),tokens([alt])])],776/4,[]).
candidates(0,0,0,0,[]).
mappings([]).
phrase(')',[punc([inputmatch([')']),tokens([])])],780/1,[]).
candidates(0,0,0,0,[]).
mappings([]).
phrase(',',[punc([inputmatch([',']),tokens([])])],781/1,[]).
candidates(0,0,0,0,[]).
mappings([]).
phrase('anisocytosis,',[head([lexmatch([anisocytosis]),inputmatch([anisocytosis]),tag(noun),tokens([anisocytosis])]),punc([inputmatch([',']),tokens([])])],783/13,[]).
candidates(1,0,0,1,[]).
mappings([map(-1000,[ev(-1000,'C0221278','Anisocytosis','Anisocytosis',[anisocytosis],[fndg],[[[1,1],[1,1],0]],yes,no,['SNOMEDCT_US','SNOMEDCT_VET'],[783/12],0,0)])]).
phrase('poikilocytosis,',[head([lexmatch([poikilocytosis]),inputmatch([poikilocytosis]),tag(noun),tokens([poikilocytosis])]),punc([inputmatch([',']),tokens([])])],797/15,[]).
candidates(1,0,0,1,[]).
mappings([map(-1000,[ev(-1000,'C0221281','Poikilocytosis','Poikilocytosis',[poikilocytosis],[fndg],[[[1,1],[1,1],0]],yes,no,['MTH'],[797/14],0,0)])]).
phrase('no fragments,',[det([lexmatch([no]),inputmatch([no]),tag(det),tokens([no])]),head([lexmatch([fragments]),inputmatch([fragments]),tag(noun),tokens([fragments])]),punc([inputmatch([',']),tokens([])])],813/13,[]).
candidates(3,1,0,2,[]).
mappings([map(-1000,[ev(-1000,'C0332255',fragments,'Fragment of (qualifier value)',[fragments],[ftcn],[[[1,1],[1,1],0]],yes,no,['CHV','SNOMEDCT_US'],[816/9],0,0)]),map(-1000,[ev(-1000,'C0486805','Fragments','Fragments',[fragments],[bdsu],[[[1,1],[1,1],0]],yes,no,['MTH'],[816/9],0,0)])]).
phrase('no agglutination,',[det([lexmatch([no]),inputmatch([no]),tag(det),tokens([no])]),head([lexmatch([agglutination]),inputmatch([agglutination]),tag(noun),tokens([agglutination])]),punc([inputmatch([',']),tokens([])])],827/17,[]).
candidates(3,0,0,3,[]).
mappings([map(-1000,[ev(-1000,'C0001801',agglutination,agglutination,[agglutination],[moft],[[[1,1],[1,1],0]],yes,no,['CHV','MTH','SNOMEDCT_US'],[830/13],0,0)]),map(-1000,[ev(-1000,'C1551405','Agglutination','Observation Method - Agglutination',[agglutination],[lbpr],[[[1,1],[1,1],0]],yes,no,['HL7V3.0','MTH'],[830/13],0,0)]),map(-1000,[ev(-1000,'C2984759','AGGLUTINATION','Device Agglutination Evaluation Result',[agglutination],[ftcn],[[[1,1],[1,1],0]],yes,no,['MTH','NCI'],[830/13],0,0)])]).
phrase(polychromasia,[head([lexmatch([polychromasia]),inputmatch([polychromasia]),tag(noun),tokens([polychromasia])])],845/13,[]).
candidates(1,0,0,1,[]).
mappings([map(-1000,[ev(-1000,'C0333942','Polychromasia','Polychromatophilic stain reaction',[polychromasia],[fndg],[[[1,1],[1,1],0]],yes,no,['NCI','SNOMEDCT_US'],[845/13],0,1)])]).
phrase(and,[conj([lexmatch([and]),inputmatch([and]),tag(conj),tokens([and])])],859/3,[]).
candidates(0,0,0,0,[]).
mappings([]).
phrase('presence of hemosiderin',[head([lexmatch([presence]),inputmatch([presence]),tag(noun),tokens([presence])]),prep([lexmatch([of]),inputmatch([of]),tag(prep),tokens([of])]),mod([lexmatch([hemosiderin]),inputmatch([hemosiderin]),tag(noun),tokens([hemosiderin])])],863/23,[]).
candidates(5,2,0,3,[]).
mappings([map(-746,[ev(-790,'C0392148','Presence','Presence',[presence],[topp],[[[1,1],[1,1],0]],yes,no,['CHV','SNOMEDCT_US'],[863/8],0,0),ev(-623,'C0019113','Haemosiderin','Hemosiderin',[haemosiderin],[aapp,bacs],[[[3,3],[1,1],0]],no,no,['MSH','MTH','SNOMEDCT_US'],[875/11],0,0)]),map(-746,[ev(-790,'C0392148','Presence','Presence',[presence],[topp],[[[1,1],[1,1],0]],yes,no,['CHV','SNOMEDCT_US'],[863/8],0,0),ev(-623,'C3272939','Hemosiderin','Hemosiderin Measurement',[hemosiderin],[lbpr],[[[3,3],[1,1],0]],no,no,['MTH','NCI'],[875/11],0,0)])]).
phrase('in the urine.',[prep([lexmatch([in]),inputmatch([in]),tag(prep),tokens([in])]),det([lexmatch([the]),inputmatch([the]),tag(det),tokens([the])]),head([lexmatch([urine]),inputmatch([urine]),tag(noun),tokens([urine])]),punc([inputmatch(['.']),tokens([])])],887/13,[]).
candidates(3,0,0,3,[]).
mappings([map(-1000,[ev(-1000,'C0042036','Urine','Urine',[urine],[bdsu],[[[1,1],[1,1],0]],yes,no,['CHV','MTH','NCI'],[894/5],0,0)]),map(-1000,[ev(-1000,'C0042037',urine,'In Urine',[urine],[ftcn],[[[1,1],[1,1],0]],yes,no,['MSH','MTH'],[894/5],0,0)]),map(-1000,[ev(-1000,'C2963137','Urine','Portion of urine',[urine],[bdsu],[[[1,1],[1,1],0]],yes,no,['FMA','MTH'],[894/5],0,0)])]).
'EOU'.
utterance('00000000.tx.11',"A young woman in her second gestation presenting with anemia resistant to improvement by iron supplementation, elevated LDH, anisocytosis, poikilocytosis, hemosiderinuria and normal clotting screen.",901/198,[]).
phrase('A young woman in her second gestation presenting',[det([lexmatch([a]),inputmatch(['A']),tag(det),tokens([a])]),head([lexmatch(['young woman']),inputmatch([young,woman]),tag(noun),tokens([young,woman])]),prep([lexmatch([in]),inputmatch([in]),tag(prep),tokens([in])]),pron([lexmatch([her]),inputmatch([her]),tag(pron),tokens([her])]),mod([lexmatch([second]),inputmatch([second]),tag(adj),tokens([second])]),mod([lexmatch([gestation]),inputmatch([gestation]),tag(noun),tokens([gestation])]),mod([lexmatch([presenting]),inputmatch([presenting]),tag(noun),tokens([presenting])])],901/48,[]).
candidates(14,4,0,10,[]).
mappings([map(-688,[ev(-744,'C0332239','Young','Young',[young],[tmco],[[[2,2],[1,1],0]],yes,no,['CHV','SNOMEDCT_US'],[903/5],0,0),ev(-744,'C0043210','Woman','Woman',[woman],[popg],[[[3,3],[1,1],0]],yes,no,['CHV','MSH','MTH','NCI','NLMSubSyn'],[909/5],0,0),ev(-604,'C0232997','second gestation','Previous pregnancies 2',[second,gestation],[fndg],[[[6,6],[1,1],0],[[7,7],[2,2],0]],no,no,['NLMSubSyn','SNOMEDCT_US'],[922/16],0,0),ev(-578,'C0449450','Presenting','Presentation',[presenting],[idcn],[[[8,8],[1,1],0]],no,no,['CHV','MTH','NCI'],[939/10],0,0)])]).
phrase('with anemia',[prep([lexmatch([with]),inputmatch([with]),tag(prep),tokens([with])]),head([lexmatch([anemia]),inputmatch([anemia]),tag(noun),tokens([anemia])])],950/11,[]).
candidates(3,1,0,2,[]).
mappings([map(-1000,[ev(-1000,'C0002871','Anaemia','Anemia',[anaemia],[dsyn],[[[1,1],[1,1],0]],yes,no,['CHV','ICD10CM','MSH','MTH','SNOMEDCT_US'],[955/6],0,0)]),map(-1000,[ev(-1000,'C1000483','Anemia','Genus Anemia',[anemia],[plnt],[[[1,1],[1,1],0]],yes,no,['MTH','NCBI'],[955/6],0,0)])]).
phrase('resistant to improvement',[head([lexmatch([resistant]),inputmatch([resistant]),tag(adj),tokens([resistant])]),prep([lexmatch([to]),inputmatch([to]),tag(prep),tokens([to])]),mod([lexmatch([improvement]),inputmatch([improvement]),tag(noun),tokens([improvement])])],962/24,[]).
candidates(4,0,0,4,[]).
mappings([map(-901,[ev(-882,'C0332325','Resistant to','Resistant (qualifier value)',[resistant,to],[ftcn],[[[1,1],[1,1],0],[[2,2],[2,2],0]],yes,no,['SNOMEDCT_US'],[962/12],0,0),ev(-623,'C2986411','Improvement','Improvement',[improvement],[cnce],[[[3,3],[1,1],0]],no,no,['NCI'],[975/11],0,0)])]).
phrase('by iron supplementation,',[prep([lexmatch([by]),inputmatch([by]),tag(prep),tokens([by])]),mod([lexmatch([iron]),inputmatch([iron]),tag(noun),tokens([iron])]),head([lexmatch([supplementation]),inputmatch([supplementation]),tag(noun),tokens([supplementation])]),punc([inputmatch([',']),tokens([])])],987/24,[]).
candidates(4,0,0,4,[]).
mappings([map(-888,[ev(-694,'C0302583','Iron','Iron',[iron],[bacs,elii,phsu],[[[1,1],[1,1],0]],no,no,['CHV','CSP','MTH','NLMSubSyn','SNM','SNOMEDCT_US'],[990/4],0,0),ev(-861,'C0242297','Supplementation','Dietary Supplementation',[supplementation],[topp],[[[2,2],[1,1],0]],yes,no,['MSH','MTH','NCI','NLMSubSyn','PDQ'],[995/15],0,0)]),map(-888,[ev(-694,'C0376520','Iron','Dietary Iron',[iron],[inch],[[[1,1],[1,1],0]],no,no,['MTH','NCI'],[990/4],0,0),ev(-861,'C0242297','Supplementation','Dietary Supplementation',[supplementation],[topp],[[[2,2],[1,1],0]],yes,no,['MSH','MTH','NCI','NLMSubSyn','PDQ'],[995/15],0,0)]),map(-888,[ev(-694,'C1166521',iron,'Ferrum metallicum, Homeopathic preparation',[iron],[phsu],[[[1,1],[1,1],0]],no,no,['CHV','MTH'],[990/4],0,0),ev(-861,'C0242297','Supplementation','Dietary Supplementation',[supplementation],[topp],[[[2,2],[1,1],0]],yes,no,['MSH','MTH','NCI','NLMSubSyn','PDQ'],[995/15],0,0)])]).
phrase('elevated LDH,',[mod([lexmatch([elevated]),inputmatch([elevated]),tag(adj),tokens([elevated])]),head([lexmatch([ldh]),inputmatch(['LDH']),tag(noun),tokens([ldh])]),punc([inputmatch([',']),tokens([])])],1012/13,[]).
candidates(4,0,0,4,[]).
mappings([map(-1000,[ev(-1000,'C0151754','elevated ldh','LACTIC DEHYDROGENASE INCREASED',[elevated,ldh],[fndg],[[[1,1],[1,1],0],[[2,2],[2,2],0]],yes,no,['CHV','CST','DXP','NCI','OMIM','SNOMEDCT_US'],[1012/12],0,0)])]).
phrase('anisocytosis,',[head([lexmatch([anisocytosis]),inputmatch([anisocytosis]),tag(noun),tokens([anisocytosis])]),punc([inputmatch([',']),tokens([])])],1026/13,[]).
candidates(1,0,0,1,[]).
mappings([map(-1000,[ev(-1000,'C0221278','Anisocytosis','Anisocytosis',[anisocytosis],[fndg],[[[1,1],[1,1],0]],yes,no,['SNOMEDCT_US','SNOMEDCT_VET'],[1026/12],0,0)])]).
phrase('poikilocytosis,',[head([lexmatch([poikilocytosis]),inputmatch([poikilocytosis]),tag(noun),tokens([poikilocytosis])]),punc([inputmatch([',']),tokens([])])],1040/15,[]).
candidates(1,0,0,1,[]).
mappings([map(-1000,[ev(-1000,'C0221281','Poikilocytosis','Poikilocytosis',[poikilocytosis],[fndg],[[[1,1],[1,1],0]],yes,no,['MTH'],[1040/14],0,0)])]).
phrase(hemosiderinuria,[head([lexmatch([hemosiderinuria]),inputmatch([hemosiderinuria]),tag(noun),tokens([hemosiderinuria])])],1056/15,[]).
candidates(0,0,0,0,[]).
mappings([]).
phrase(and,[conj([lexmatch([and]),inputmatch([and]),tag(conj),tokens([and])])],1072/3,[]).
candidates(0,0,0,0,[]).
mappings([]).
phrase('normal clotting screen.',[mod([lexmatch([normal]),inputmatch([normal]),tag(adj),tokens([normal])]),mod([lexmatch([clotting]),inputmatch([clotting]),tag(adj),tokens([clotting])]),head([lexmatch([screen]),inputmatch([screen]),tag(noun),tokens([screen])]),punc([inputmatch(['.']),tokens([])])],1076/23,[]).
candidates(12,2,0,10,[]).
mappings([map(-901,[ev(-734,'C0312856','normal clotting','Normal hemostatic function',[normal,clotting],[ortf],[[[1,1],[1,1],0],[[2,2],[2,2],0]],no,no,['NLMSubSyn','SNMI','SNOMEDCT_US'],[1076/15],0,0),ev(-827,'C0220908',screen,'Screening procedure',[screen],[hlca],[[[3,3],[1,1],0]],yes,no,['CHV','MSH','MTH','NLMSubSyn','SNMI','SNOMEDCT_US'],[1092/6],0,0)]),map(-901,[ev(-734,'C0312856','normal clotting','Normal hemostatic function',[normal,clotting],[ortf],[[[1,1],[1,1],0],[[2,2],[2,2],0]],no,no,['NLMSubSyn','SNMI','SNOMEDCT_US'],[1076/15],0,0),ev(-827,'C1305399',screen,'Screening - procedure intent',[screen],[ftcn],[[[3,3],[1,1],0]],yes,no,['CHV','NLMSubSyn','SNOMEDCT_US'],[1092/6],0,0)]),map(-901,[ev(-734,'C0312856','normal clotting','Normal hemostatic function',[normal,clotting],[ortf],[[[1,1],[1,1],0],[[2,2],[2,2],0]],no,no,['NLMSubSyn','SNMI','SNOMEDCT_US'],[1076/15],0,0),ev(-827,'C1705053','Screen','Screen Device Component',[screen],[medd],[[[3,3],[1,1],0]],yes,no,['MTH','NCI'],[1092/6],0,0)]),map(-901,[ev(-660,'C0205307','Normal','Normal',[normal],[qlco],[[[1,1],[1,1],0]],no,no,['MTH','SNOMEDCT_US'],[1076/6],0,0),ev(-901,'C0005790','Clotting screen','Blood coagulation tests',[clotting,screen],[lbpr],[[[2,2],[1,1],0],[[3,3],[2,2],0]],yes,no,['AOD','CHV','LNC','MTH','NCI','NLMSubSyn','PDQ','SNM','SNMI','SNOMEDCT_US'],[1083/15],0,0)]),map(-901,[ev(-660,'C0439166','% normal','Percent normal',[normal],[qnco],[[[1,1],[1,1],0]],no,no,['CHV','MTH','SNOMEDCT_US'],[1076/6],0,0),ev(-901,'C0005790','Clotting screen','Blood coagulation tests',[clotting,screen],[lbpr],[[[2,2],[1,1],0],[[3,3],[2,2],0]],yes,no,['AOD','CHV','LNC','MTH','NCI','NLMSubSyn','PDQ','SNM','SNMI','SNOMEDCT_US'],[1083/15],0,0)]),map(-901,[ev(-660,'C2347086','% Normal','Mean Percent of Normal',[normal],[qnco],[[[1,1],[1,1],0]],no,no,['MTH','NCI'],[1076/6],0,0),ev(-901,'C0005790','Clotting screen','Blood coagulation tests',[clotting,screen],[lbpr],[[[2,2],[1,1],0],[[3,3],[2,2],0]],yes,no,['AOD','CHV','LNC','MTH','NCI','NLMSubSyn','PDQ','SNM','SNMI','SNOMEDCT_US'],[1083/15],0,0)])]).
'EOU'.
'EOT'.
