args('metamap14.BINARY.Darwin --lexicon db -Z 2014AA -qE -Q 4 ../../TREC-CDS/2015-original/15.txt ../../TREC-CDS/2015-original-MMed/15.txt.out',[lexicon-db,mm_data_year-'2014AA',machine_output-[],indicate_citation_end-[],composite_phrases-4,infile-'../../TREC-CDS/2015-original/15.txt',outfile-'../../TREC-CDS/2015-original-MMed/15.txt.out']).
aas([]).
neg_list([negation(nega,'negative for',[170/12],['C2937358':'brain haemorrhage','C0553692':'Brain haemorrhage'],[183/16]),negation(nega,'negative for',[170/12],['C1513916':'Negative'],[170/8]),negation(nega,'negative for',[170/12],['C1457887':'Symptoms'],[262/8]),negation(nega,'no evidence',[369/11],['C0000768':'Abnormalities'],[384/13])]).
utterance('00000000.tx.1',"test. ",0/6,[5]).
phrase('test.',[head([lexmatch([test]),inputmatch([test]),tag(noun),tokens([test])]),punc([inputmatch(['.']),tokens([])])],0/5,[]).
candidates(3,0,0,3,[]).
mappings([map(-1000,[ev(-1000,'C0022885','Test','Laboratory Procedures',[test],[lbpr],[[[1,1],[1,1],0]],yes,no,['CHV','MEDLINEPLUS','MTH','NCI','NLMSubSyn','SNM','SNMI','SNOMEDCT_US'],[0/4],0,0)]),map(-1000,[ev(-1000,'C0039593','Test','Testing',[test],[ftcn],[[[1,1],[1,1],0]],yes,no,['CHV','MTH','NCI','NLMSubSyn'],[0/4],0,0)]),map(-1000,[ev(-1000,'C0392366',test,'Tests (qualifier value)',[test],[inpr],[[[1,1],[1,1],0]],yes,no,['CHV','SNOMEDCT_US'],[0/4],0,0)])]).
'EOU'.
utterance('00000000.tx.2',"Karen is a 72-year-old woman with hypertension and type 2 diabetes, who was hospitalized for cryptogenic stroke two weeks ago. ",6/127,[]).
phrase('Karen',[head([lexmatch([karen]),inputmatch(['Karen']),tag(noun),tokens([karen])])],6/5,[]).
candidates(0,0,0,0,[]).
mappings([]).
phrase(is,[aux([lexmatch([is]),inputmatch([is]),tag(aux),tokens([is])])],12/2,[]).
candidates(0,0,0,0,[]).
mappings([]).
phrase('a 72-year-old woman with hypertension',[det([lexmatch([a]),inputmatch([a]),tag(det),tokens([a])]),shapes([inputmatch(['72']),features([integer]),tokens(['72'])]),punc([inputmatch([-]),tokens([])]),mod([lexmatch([year]),inputmatch([year]),tag(noun),tokens([year])]),punc([inputmatch([-]),tokens([])]),mod([lexmatch([old]),inputmatch([old]),tag(noun),tokens([old])]),head([lexmatch([woman]),inputmatch([woman]),tag(noun),tokens([woman])]),prep([lexmatch([with]),inputmatch([with]),tag(prep),tokens([with])]),mod([lexmatch([hypertension]),inputmatch([hypertension]),tag(noun),tokens([hypertension])])],15/37,[]).
candidates(6,0,0,6,[]).
mappings([map(-673,[ev(-581,'C0439234',year,year,[year],[tmco],[[[3,3],[1,1],0]],no,no,['MTH','NCI','SNOMEDCT_US'],[20/4],0,0),ev(-581,'C0580836','Old','Old',[old],[tmco],[[[4,4],[1,1],0]],no,no,['MTH'],[25/3],0,0),ev(-748,'C0043210','Woman','Woman',[woman],[popg],[[[5,5],[1,1],0]],yes,no,['CHV','MSH','MTH','NCI','NLMSubSyn'],[29/5],0,0),ev(-581,'C0020538','Hypertension','Hypertensive disease',[hypertension],[dsyn],[[[7,7],[1,1],0]],no,no,['AOD','MSH','MTH','NCI','NLMSubSyn','OMIM','SNM','SNMI','SNOMEDCT_US'],[40/12],0,0)]),map(-673,[ev(-581,'C0439234',year,year,[year],[tmco],[[[3,3],[1,1],0]],no,no,['MTH','NCI','SNOMEDCT_US'],[20/4],0,0),ev(-581,'C0580836','Old','Old',[old],[tmco],[[[4,4],[1,1],0]],no,no,['MTH'],[25/3],0,0),ev(-748,'C0043210','Woman','Woman',[woman],[popg],[[[5,5],[1,1],0]],yes,no,['CHV','MSH','MTH','NCI','NLMSubSyn'],[29/5],0,0),ev(-581,'C1963138','Hypertension','Hypertension Adverse Event',[hypertension],[fndg],[[[7,7],[1,1],0]],no,no,['MTH','NCI'],[40/12],0,0)]),map(-673,[ev(-581,'C0439508','/year','per year',[year],[tmco],[[[3,3],[1,1],0]],no,no,['CHV','MTH','NCI','SNOMEDCT_US'],[20/4],0,0),ev(-581,'C0580836','Old','Old',[old],[tmco],[[[4,4],[1,1],0]],no,no,['MTH'],[25/3],0,0),ev(-748,'C0043210','Woman','Woman',[woman],[popg],[[[5,5],[1,1],0]],yes,no,['CHV','MSH','MTH','NCI','NLMSubSyn'],[29/5],0,0),ev(-581,'C0020538','Hypertension','Hypertensive disease',[hypertension],[dsyn],[[[7,7],[1,1],0]],no,no,['AOD','MSH','MTH','NCI','NLMSubSyn','OMIM','SNM','SNMI','SNOMEDCT_US'],[40/12],0,0)]),map(-673,[ev(-581,'C0439508','/year','per year',[year],[tmco],[[[3,3],[1,1],0]],no,no,['CHV','MTH','NCI','SNOMEDCT_US'],[20/4],0,0),ev(-581,'C0580836','Old','Old',[old],[tmco],[[[4,4],[1,1],0]],no,no,['MTH'],[25/3],0,0),ev(-748,'C0043210','Woman','Woman',[woman],[popg],[[[5,5],[1,1],0]],yes,no,['CHV','MSH','MTH','NCI','NLMSubSyn'],[29/5],0,0),ev(-581,'C1963138','Hypertension','Hypertension Adverse Event',[hypertension],[fndg],[[[7,7],[1,1],0]],no,no,['MTH','NCI'],[40/12],0,0)])]).
phrase(and,[conj([lexmatch([and]),inputmatch([and]),tag(conj),tokens([and])])],53/3,[]).
candidates(0,0,0,0,[]).
mappings([]).
phrase('type 2 diabetes,',[head([lexmatch(['type 2 diabetes']),inputmatch([type,'2',diabetes]),tag(noun),tokens([type,'2',diabetes])]),punc([inputmatch([',']),tokens([])])],57/16,[]).
candidates(7,0,0,7,[]).
mappings([map(-1000,[ev(-1000,'C0011860','Type 2 Diabetes','Diabetes Mellitus, Non-Insulin-Dependent',[type,'2',diabetes],[dsyn],[[[1,3],[1,3],0]],yes,no,['CHV','DXP','MEDLINEPLUS','MSH','MTH','NCI','NLMSubSyn','OMIM','SNM','SNMI','SNOMEDCT_US'],[57/15],0,0)])]).
phrase(who,[pron([lexmatch([who]),inputmatch([who]),tag(pron),tokens([who])])],74/3,[]).
candidates(0,0,0,0,[]).
mappings([]).
phrase(was,[aux([lexmatch([was]),inputmatch([was]),tag(aux),tokens([was])])],78/3,[]).
candidates(0,0,0,0,[]).
mappings([]).
phrase('hospitalized for cryptogenic stroke two weeks ago.',[verb([lexmatch([hospitalized]),inputmatch([hospitalized]),tag(verb),tokens([hospitalized])]),prep([lexmatch([for]),inputmatch([for]),tag(prep),tokens([for])]),mod([lexmatch([cryptogenic]),inputmatch([cryptogenic]),tag(adj),tokens([cryptogenic])]),mod([lexmatch([stroke]),inputmatch([stroke]),tag(noun),tokens([stroke])]),mod([lexmatch([two]),inputmatch([two]),tag(noun),tokens([two])]),mod([lexmatch([weeks]),inputmatch([weeks]),tag(noun),tokens([weeks])]),adv([lexmatch([ago]),inputmatch([ago]),tag(adv),tokens([ago])]),punc([inputmatch(['.']),tokens([])])],82/50,[]).
candidates(6,1,0,5,[]).
mappings([map(-702,[ev(-748,'C0701159','HOSPITALIZED','Patient in hospital',[hospitalized],[fndg],[[[1,1],[1,1],0]],yes,no,['CHV','DXP','SNOMEDCT_US'],[82/12],0,0),ev(-748,'C0332240','Cryptogenic','Unknown (origin) (qualifier value)',[cryptogenic],[ftcn],[[[3,3],[1,1],0]],yes,no,['CHV','NLMSubSyn','SNOMEDCT_US'],[99/11],0,0),ev(-748,'C0038454','Stroke','Cerebrovascular accident',[stroke],[dsyn],[[[4,4],[1,1],0]],yes,no,['AOD','CHV','ICPC','MEDLINEPLUS','MSH','MTH','NCI','OMIM','SNM','SNMI','SNOMEDCT_US'],[111/6],0,0),ev(-748,'C0205448','Two','Two',[two],[qnco],[[[5,5],[1,1],0]],yes,no,['MTH','SNOMEDCT_US'],[118/3],0,0),ev(-748,'C0439230',weeks,week,[weeks],[tmco],[[[6,6],[1,1],0]],yes,no,['MTH','SNOMEDCT_US'],[122/5],0,0)])]).
'EOU'.
utterance('00000000.tx.3',"At the time, computed tomography was negative for brain hemorrhage and she was given thrombolytic therapy with resolution of her symptoms. ",133/139,[]).
phrase('At the time,',[prep([lexmatch([at]),inputmatch(['At']),tag(prep),tokens([at])]),det([lexmatch([the]),inputmatch([the]),tag(det),tokens([the])]),head([lexmatch([time]),inputmatch([time]),tag(noun),tokens([time])]),punc([inputmatch([',']),tokens([])])],133/12,[]).
candidates(5,3,0,2,[]).
mappings([map(-1000,[ev(-1000,'C0040223','Time','Time',[time],[tmco],[[[1,1],[1,1],0]],yes,no,['CHV','MTH','NCI'],[140/4],0,0)]),map(-1000,[ev(-1000,'C3541383','Time','Time (foundation metadata concept)',[time],[tmco],[[[1,1],[1,1],0]],yes,no,['SNOMEDCT_US'],[140/4],0,0)])]).
phrase('computed tomography',[head([lexmatch(['computed tomography']),inputmatch([computed,tomography]),tag(noun),tokens([computed,tomography])])],146/19,[]).
candidates(6,0,0,6,[]).
mappings([map(-1000,[ev(-1000,'C0040405','computed tomography','X-Ray Computed Tomography',[computed,tomography],[diap],[[[1,2],[1,2],0]],yes,no,['AOD','CHV','CSP','MEDLINEPLUS','MSH','MTH','MTHICD9','NCI','NLMSubSyn','PDQ','SNM','SNMI','SNOMEDCT_US'],[146/19],0,0)]),map(-1000,[ev(-1000,'C1552357','Computed Tomography','Radiologic Technologist - Computed Tomography',[computed,tomography],[prog],[[[1,2],[1,2],0]],yes,no,['HL7V3.0','MTH','NLMSubSyn'],[146/19],0,0)])]).
phrase(was,[aux([lexmatch([was]),inputmatch([was]),tag(aux),tokens([was])])],166/3,[]).
candidates(0,0,0,0,[]).
mappings([]).
phrase('negative for brain hemorrhage',[head([lexmatch([negative]),inputmatch([negative]),tag(adj),tokens([negative])]),prep([lexmatch([for]),inputmatch([for]),tag(prep),tokens([for])]),mod([lexmatch(['brain hemorrhage']),inputmatch([brain,hemorrhage]),tag(noun),tokens([brain,hemorrhage])])],170/29,[]).
candidates(9,0,0,9,[]).
mappings([map(-783,[ev(-770,'C0205160','Negative','Negative',[negative],[qlco],[[[1,1],[1,1],0]],yes,no,['CHV','MTH','NCI','SNOMEDCT_US'],[170/8],0,0),ev(-666,'C0553692','Brain haemorrhage','Brain hemorrhage',[brain,haemorrhage],[patf],[[[3,3],[1,1],0],[[4,4],[2,2],0]],no,no,['CHV','DXP','MSH','MTH','NCI','NLMSubSyn','SNOMEDCT_US'],[183/16],0,1)]),map(-783,[ev(-770,'C0205160','Negative','Negative',[negative],[qlco],[[[1,1],[1,1],0]],yes,no,['CHV','MTH','NCI','SNOMEDCT_US'],[170/8],0,0),ev(-666,'C2937358','brain haemorrhage','Cerebral Hemorrhage',[brain,haemorrhage],[patf],[[[3,3],[1,1],0],[[4,4],[2,2],0]],no,no,['CHV','MSH','MTH','MTHICD9','NCI','NLMSubSyn','OMIM','SNMI','SNOMEDCT_US'],[183/16],0,1)]),map(-783,[ev(-770,'C1513916','Negative','Negative Finding',[negative],[fndg],[[[1,1],[1,1],0]],yes,no,['MTH','NCI','NLMSubSyn'],[170/8],0,1),ev(-666,'C0553692','Brain haemorrhage','Brain hemorrhage',[brain,haemorrhage],[patf],[[[3,3],[1,1],0],[[4,4],[2,2],0]],no,no,['CHV','DXP','MSH','MTH','NCI','NLMSubSyn','SNOMEDCT_US'],[183/16],0,1)]),map(-783,[ev(-770,'C1513916','Negative','Negative Finding',[negative],[fndg],[[[1,1],[1,1],0]],yes,no,['MTH','NCI','NLMSubSyn'],[170/8],0,1),ev(-666,'C2937358','brain haemorrhage','Cerebral Hemorrhage',[brain,haemorrhage],[patf],[[[3,3],[1,1],0],[[4,4],[2,2],0]],no,no,['CHV','MSH','MTH','MTHICD9','NCI','NLMSubSyn','OMIM','SNMI','SNOMEDCT_US'],[183/16],0,1)]),map(-783,[ev(-770,'C2825415','Negative','Negative Number',[negative],[cnce],[[[1,1],[1,1],0]],yes,no,['MTH','NCI','NLMSubSyn'],[170/8],0,0),ev(-666,'C0553692','Brain haemorrhage','Brain hemorrhage',[brain,haemorrhage],[patf],[[[3,3],[1,1],0],[[4,4],[2,2],0]],no,no,['CHV','DXP','MSH','MTH','NCI','NLMSubSyn','SNOMEDCT_US'],[183/16],0,1)]),map(-783,[ev(-770,'C2825415','Negative','Negative Number',[negative],[cnce],[[[1,1],[1,1],0]],yes,no,['MTH','NCI','NLMSubSyn'],[170/8],0,0),ev(-666,'C2937358','brain haemorrhage','Cerebral Hemorrhage',[brain,haemorrhage],[patf],[[[3,3],[1,1],0],[[4,4],[2,2],0]],no,no,['CHV','MSH','MTH','MTHICD9','NCI','NLMSubSyn','OMIM','SNMI','SNOMEDCT_US'],[183/16],0,1)]),map(-783,[ev(-770,'C2825491','Negative','Negative Charge',[negative],[qlco],[[[1,1],[1,1],0]],yes,no,['MTH','NCI'],[170/8],0,0),ev(-666,'C0553692','Brain haemorrhage','Brain hemorrhage',[brain,haemorrhage],[patf],[[[3,3],[1,1],0],[[4,4],[2,2],0]],no,no,['CHV','DXP','MSH','MTH','NCI','NLMSubSyn','SNOMEDCT_US'],[183/16],0,1)]),map(-783,[ev(-770,'C2825491','Negative','Negative Charge',[negative],[qlco],[[[1,1],[1,1],0]],yes,no,['MTH','NCI'],[170/8],0,0),ev(-666,'C2937358','brain haemorrhage','Cerebral Hemorrhage',[brain,haemorrhage],[patf],[[[3,3],[1,1],0],[[4,4],[2,2],0]],no,no,['CHV','MSH','MTH','MTHICD9','NCI','NLMSubSyn','OMIM','SNMI','SNOMEDCT_US'],[183/16],0,1)])]).
phrase(and,[conj([lexmatch([and]),inputmatch([and]),tag(conj),tokens([and])])],200/3,[]).
candidates(0,0,0,0,[]).
mappings([]).
phrase(she,[pron([lexmatch([she]),inputmatch([she]),tag(pron),tokens([she])])],204/3,[]).
candidates(0,0,0,0,[]).
mappings([]).
phrase(was,[aux([lexmatch([was]),inputmatch([was]),tag(aux),tokens([was])])],208/3,[]).
candidates(0,0,0,0,[]).
mappings([]).
phrase(given,[verb([lexmatch([given]),inputmatch([given]),tag(verb),tokens([given])])],212/5,[]).
candidates(4,1,0,3,[]).
mappings([map(-1000,[ev(-1000,'C1442162','GIVEN','GIVEN',[given],[cnce],[[[1,1],[1,1],0]],yes,no,['MTH'],[212/5],0,0)]),map(-1000,[ev(-1000,'C1550718',given,'Entity Name Part Type - given',[given],[idcn],[[[1,1],[1,1],0]],yes,no,['HL7V3.0','MTH'],[212/5],0,0)]),map(-1000,[ev(-1000,'C3244317',given,'Given name',[given],[inpr],[[[1,1],[1,1],0]],yes,no,['HL7V3.0','MTH'],[212/5],0,0)])]).
phrase('thrombolytic therapy with resolution of her symptoms.',[head([lexmatch(['thrombolytic therapy']),inputmatch([thrombolytic,therapy]),tag(noun),tokens([thrombolytic,therapy])]),prep([lexmatch([with]),inputmatch([with]),tag(prep),tokens([with])]),mod([lexmatch([resolution]),inputmatch([resolution]),tag(noun),tokens([resolution])]),prep([lexmatch([of]),inputmatch([of]),tag(prep),tokens([of])]),pron([lexmatch([her]),inputmatch([her]),tag(pron),tokens([her])]),mod([lexmatch([symptoms]),inputmatch([symptoms]),tag(noun),tokens([symptoms])]),punc([inputmatch(['.']),tokens([])])],218/53,[]).
candidates(11,0,0,11,[]).
mappings([map(-692,[ev(-778,'C0040044','Thrombolytic Therapy','Thrombolytic Therapy',[thrombolytic,therapy],[topp],[[[1,2],[1,2],0]],yes,no,['CHV','MSH','NLMSubSyn','SNMI'],[218/20],0,0),ev(-581,'C1514893','Resolution','physiologic resolution',[resolution],[idcn],[[[4,4],[1,1],0]],no,no,['CHV','MTH','NCI'],[244/10],0,0),ev(-581,'C0683368',symptoms,'Symptoms aspect',[symptoms],[ftcn],[[[7,7],[1,1],0]],no,no,['MSH','MTH'],[262/8],0,0)]),map(-692,[ev(-778,'C0040044','Thrombolytic Therapy','Thrombolytic Therapy',[thrombolytic,therapy],[topp],[[[1,2],[1,2],0]],yes,no,['CHV','MSH','NLMSubSyn','SNMI'],[218/20],0,0),ev(-581,'C1514893','Resolution','physiologic resolution',[resolution],[idcn],[[[4,4],[1,1],0]],no,no,['CHV','MTH','NCI'],[244/10],0,0),ev(-581,'C1457887','Symptoms','Symptoms',[symptoms],[sosy],[[[7,7],[1,1],0]],no,no,['AOD','MTH','SNMI'],[262/8],0,1)]),map(-692,[ev(-778,'C0040044','Thrombolytic Therapy','Thrombolytic Therapy',[thrombolytic,therapy],[topp],[[[1,2],[1,2],0]],yes,no,['CHV','MSH','NLMSubSyn','SNMI'],[218/20],0,0),ev(-581,'C1706463','Resolution','Resolution Property',[resolution],[qnco],[[[4,4],[1,1],0]],no,no,['MTH','NCI'],[244/10],0,0),ev(-581,'C0683368',symptoms,'Symptoms aspect',[symptoms],[ftcn],[[[7,7],[1,1],0]],no,no,['MSH','MTH'],[262/8],0,0)]),map(-692,[ev(-778,'C0040044','Thrombolytic Therapy','Thrombolytic Therapy',[thrombolytic,therapy],[topp],[[[1,2],[1,2],0]],yes,no,['CHV','MSH','NLMSubSyn','SNMI'],[218/20],0,0),ev(-581,'C1706463','Resolution','Resolution Property',[resolution],[qnco],[[[4,4],[1,1],0]],no,no,['MTH','NCI'],[244/10],0,0),ev(-581,'C1457887','Symptoms','Symptoms',[symptoms],[sosy],[[[7,7],[1,1],0]],no,no,['AOD','MTH','SNMI'],[262/8],0,1)]),map(-692,[ev(-778,'C0040044','Thrombolytic Therapy','Thrombolytic Therapy',[thrombolytic,therapy],[topp],[[[1,2],[1,2],0]],yes,no,['CHV','MSH','NLMSubSyn','SNMI'],[218/20],0,0),ev(-581,'C2699488','Resolution','Resolution',[resolution],[cnce],[[[4,4],[1,1],0]],no,no,['MTH','NCI'],[244/10],0,0),ev(-581,'C0683368',symptoms,'Symptoms aspect',[symptoms],[ftcn],[[[7,7],[1,1],0]],no,no,['MSH','MTH'],[262/8],0,0)]),map(-692,[ev(-778,'C0040044','Thrombolytic Therapy','Thrombolytic Therapy',[thrombolytic,therapy],[topp],[[[1,2],[1,2],0]],yes,no,['CHV','MSH','NLMSubSyn','SNMI'],[218/20],0,0),ev(-581,'C2699488','Resolution','Resolution',[resolution],[cnce],[[[4,4],[1,1],0]],no,no,['MTH','NCI'],[244/10],0,0),ev(-581,'C1457887','Symptoms','Symptoms',[symptoms],[sosy],[[[7,7],[1,1],0]],no,no,['AOD','MTH','SNMI'],[262/8],0,1)])]).
'EOU'.
utterance('00000000.tx.4',"Transesophageal echocardiogram and magnetic resonance angiogram of brain and great vessels found no evidence of abnormalities. ",272/127,[]).
phrase('Transesophageal echocardiogram',[head([lexmatch(['transesophageal echocardiogram']),inputmatch(['Transesophageal',echocardiogram]),tag(noun),tokens([transesophageal,echocardiogram])])],272/30,[]).
candidates(4,0,0,4,[]).
mappings([map(-1000,[ev(-1000,'C0206054','Transesophageal echocardiogram','Echocardiography, Transesophageal',[transesophageal,echocardiogram],[diap],[[[1,2],[1,2],0]],yes,no,['MTH','NLMSubSyn','SNOMEDCT_US'],[272/30],0,0)])]).
phrase(and,[conj([lexmatch([and]),inputmatch([and]),tag(conj),tokens([and])])],303/3,[]).
candidates(0,0,0,0,[]).
mappings([]).
phrase('magnetic resonance angiogram of brain',[mod([lexmatch(['magnetic resonance']),inputmatch([magnetic,resonance]),tag(noun),tokens([magnetic,resonance])]),head([lexmatch([angiogram]),inputmatch([angiogram]),tag(noun),tokens([angiogram])]),prep([lexmatch([of]),inputmatch([of]),tag(prep),tokens([of])]),mod([lexmatch([brain]),inputmatch([brain]),tag(noun),tokens([brain])])],307/37,[]).
candidates(17,4,0,13,[]).
mappings([map(-761,[ev(-640,'C0028580','Magnetic Resonance','Nuclear Magnetic Resonance',[magnetic,resonance],[npop],[[[1,2],[1,2],0]],no,no,['MTH','NCI'],[307/18],0,0),ev(-760,'C0002978',angiogram,angiogram,[angiogram],[diap],[[[3,3],[1,1],0]],yes,no,['CHV','MSH','MTH','NLMSubSyn','SNOMEDCT_US'],[326/9],0,0),ev(-593,'C0006104','Brain','Brain',[brain],[bpoc],[[[5,5],[1,1],0]],no,no,['ICF','MSH','MTH','NCI','NLMSubSyn','SNOMEDCT_US'],[339/5],0,0)]),map(-761,[ev(-640,'C0028580','Magnetic Resonance','Nuclear Magnetic Resonance',[magnetic,resonance],[npop],[[[1,2],[1,2],0]],no,no,['MTH','NCI'],[307/18],0,0),ev(-760,'C0002978',angiogram,angiogram,[angiogram],[diap],[[[3,3],[1,1],0]],yes,no,['CHV','MSH','MTH','NLMSubSyn','SNOMEDCT_US'],[326/9],0,0),ev(-593,'C1269537','Brain','Entire brain',[brain],[bpoc],[[[5,5],[1,1],0]],no,no,['MTH','NLMSubSyn','SNOMEDCT_US'],[339/5],0,0)]),map(-761,[ev(-640,'C0028580','Magnetic Resonance','Nuclear Magnetic Resonance',[magnetic,resonance],[npop],[[[1,2],[1,2],0]],no,no,['MTH','NCI'],[307/18],0,0),ev(-760,'C0024219','ANGIOGRAM','Lymphangiography',[angiogram],[diap],[[[3,3],[1,1],0]],yes,no,['CHV','MSH','MTH','NCI','SNOMEDCT_US'],[326/9],0,0),ev(-593,'C0006104','Brain','Brain',[brain],[bpoc],[[[5,5],[1,1],0]],no,no,['ICF','MSH','MTH','NCI','NLMSubSyn','SNOMEDCT_US'],[339/5],0,0)]),map(-761,[ev(-640,'C0028580','Magnetic Resonance','Nuclear Magnetic Resonance',[magnetic,resonance],[npop],[[[1,2],[1,2],0]],no,no,['MTH','NCI'],[307/18],0,0),ev(-760,'C0024219','ANGIOGRAM','Lymphangiography',[angiogram],[diap],[[[3,3],[1,1],0]],yes,no,['CHV','MSH','MTH','NCI','SNOMEDCT_US'],[326/9],0,0),ev(-593,'C1269537','Brain','Entire brain',[brain],[bpoc],[[[5,5],[1,1],0]],no,no,['MTH','NLMSubSyn','SNOMEDCT_US'],[339/5],0,0)]),map(-761,[ev(-640,'C0028580','Magnetic Resonance','Nuclear Magnetic Resonance',[magnetic,resonance],[npop],[[[1,2],[1,2],0]],no,no,['MTH','NCI'],[307/18],0,0),ev(-760,'C1548816','Angiogram','Angiogram - Consent Type',[angiogram],[hlca],[[[3,3],[1,1],0]],yes,no,['HL7V2.5','MTH'],[326/9],0,0),ev(-593,'C0006104','Brain','Brain',[brain],[bpoc],[[[5,5],[1,1],0]],no,no,['ICF','MSH','MTH','NCI','NLMSubSyn','SNOMEDCT_US'],[339/5],0,0)]),map(-761,[ev(-640,'C0028580','Magnetic Resonance','Nuclear Magnetic Resonance',[magnetic,resonance],[npop],[[[1,2],[1,2],0]],no,no,['MTH','NCI'],[307/18],0,0),ev(-760,'C1548816','Angiogram','Angiogram - Consent Type',[angiogram],[hlca],[[[3,3],[1,1],0]],yes,no,['HL7V2.5','MTH'],[326/9],0,0),ev(-593,'C1269537','Brain','Entire brain',[brain],[bpoc],[[[5,5],[1,1],0]],no,no,['MTH','NLMSubSyn','SNOMEDCT_US'],[339/5],0,0)]),map(-761,[ev(-640,'C0917874','Magnetic Resonance','Magnetic Resonance',[magnetic,resonance],[npop],[[[1,2],[1,2],0]],no,no,['MTH'],[307/18],0,0),ev(-760,'C0002978',angiogram,angiogram,[angiogram],[diap],[[[3,3],[1,1],0]],yes,no,['CHV','MSH','MTH','NLMSubSyn','SNOMEDCT_US'],[326/9],0,0),ev(-593,'C0006104','Brain','Brain',[brain],[bpoc],[[[5,5],[1,1],0]],no,no,['ICF','MSH','MTH','NCI','NLMSubSyn','SNOMEDCT_US'],[339/5],0,0)]),map(-761,[ev(-640,'C0917874','Magnetic Resonance','Magnetic Resonance',[magnetic,resonance],[npop],[[[1,2],[1,2],0]],no,no,['MTH'],[307/18],0,0),ev(-760,'C0002978',angiogram,angiogram,[angiogram],[diap],[[[3,3],[1,1],0]],yes,no,['CHV','MSH','MTH','NLMSubSyn','SNOMEDCT_US'],[326/9],0,0),ev(-593,'C1269537','Brain','Entire brain',[brain],[bpoc],[[[5,5],[1,1],0]],no,no,['MTH','NLMSubSyn','SNOMEDCT_US'],[339/5],0,0)]),map(-761,[ev(-640,'C0917874','Magnetic Resonance','Magnetic Resonance',[magnetic,resonance],[npop],[[[1,2],[1,2],0]],no,no,['MTH'],[307/18],0,0),ev(-760,'C0024219','ANGIOGRAM','Lymphangiography',[angiogram],[diap],[[[3,3],[1,1],0]],yes,no,['CHV','MSH','MTH','NCI','SNOMEDCT_US'],[326/9],0,0),ev(-593,'C0006104','Brain','Brain',[brain],[bpoc],[[[5,5],[1,1],0]],no,no,['ICF','MSH','MTH','NCI','NLMSubSyn','SNOMEDCT_US'],[339/5],0,0)]),map(-761,[ev(-640,'C0917874','Magnetic Resonance','Magnetic Resonance',[magnetic,resonance],[npop],[[[1,2],[1,2],0]],no,no,['MTH'],[307/18],0,0),ev(-760,'C0024219','ANGIOGRAM','Lymphangiography',[angiogram],[diap],[[[3,3],[1,1],0]],yes,no,['CHV','MSH','MTH','NCI','SNOMEDCT_US'],[326/9],0,0),ev(-593,'C1269537','Brain','Entire brain',[brain],[bpoc],[[[5,5],[1,1],0]],no,no,['MTH','NLMSubSyn','SNOMEDCT_US'],[339/5],0,0)]),map(-761,[ev(-640,'C0917874','Magnetic Resonance','Magnetic Resonance',[magnetic,resonance],[npop],[[[1,2],[1,2],0]],no,no,['MTH'],[307/18],0,0),ev(-760,'C1548816','Angiogram','Angiogram - Consent Type',[angiogram],[hlca],[[[3,3],[1,1],0]],yes,no,['HL7V2.5','MTH'],[326/9],0,0),ev(-593,'C0006104','Brain','Brain',[brain],[bpoc],[[[5,5],[1,1],0]],no,no,['ICF','MSH','MTH','NCI','NLMSubSyn','SNOMEDCT_US'],[339/5],0,0)]),map(-761,[ev(-640,'C0917874','Magnetic Resonance','Magnetic Resonance',[magnetic,resonance],[npop],[[[1,2],[1,2],0]],no,no,['MTH'],[307/18],0,0),ev(-760,'C1548816','Angiogram','Angiogram - Consent Type',[angiogram],[hlca],[[[3,3],[1,1],0]],yes,no,['HL7V2.5','MTH'],[326/9],0,0),ev(-593,'C1269537','Brain','Entire brain',[brain],[bpoc],[[[5,5],[1,1],0]],no,no,['MTH','NLMSubSyn','SNOMEDCT_US'],[339/5],0,0)]),map(-761,[ev(-640,'C1551403','Magnetic resonance','Observation Method - Magnetic resonance',[magnetic,resonance],[lbpr],[[[1,2],[1,2],0]],no,no,['HL7V3.0','MTH'],[307/18],0,0),ev(-760,'C0002978',angiogram,angiogram,[angiogram],[diap],[[[3,3],[1,1],0]],yes,no,['CHV','MSH','MTH','NLMSubSyn','SNOMEDCT_US'],[326/9],0,0),ev(-593,'C0006104','Brain','Brain',[brain],[bpoc],[[[5,5],[1,1],0]],no,no,['ICF','MSH','MTH','NCI','NLMSubSyn','SNOMEDCT_US'],[339/5],0,0)]),map(-761,[ev(-640,'C1551403','Magnetic resonance','Observation Method - Magnetic resonance',[magnetic,resonance],[lbpr],[[[1,2],[1,2],0]],no,no,['HL7V3.0','MTH'],[307/18],0,0),ev(-760,'C0002978',angiogram,angiogram,[angiogram],[diap],[[[3,3],[1,1],0]],yes,no,['CHV','MSH','MTH','NLMSubSyn','SNOMEDCT_US'],[326/9],0,0),ev(-593,'C1269537','Brain','Entire brain',[brain],[bpoc],[[[5,5],[1,1],0]],no,no,['MTH','NLMSubSyn','SNOMEDCT_US'],[339/5],0,0)]),map(-761,[ev(-640,'C1551403','Magnetic resonance','Observation Method - Magnetic resonance',[magnetic,resonance],[lbpr],[[[1,2],[1,2],0]],no,no,['HL7V3.0','MTH'],[307/18],0,0),ev(-760,'C0024219','ANGIOGRAM','Lymphangiography',[angiogram],[diap],[[[3,3],[1,1],0]],yes,no,['CHV','MSH','MTH','NCI','SNOMEDCT_US'],[326/9],0,0),ev(-593,'C0006104','Brain','Brain',[brain],[bpoc],[[[5,5],[1,1],0]],no,no,['ICF','MSH','MTH','NCI','NLMSubSyn','SNOMEDCT_US'],[339/5],0,0)]),map(-761,[ev(-640,'C1551403','Magnetic resonance','Observation Method - Magnetic resonance',[magnetic,resonance],[lbpr],[[[1,2],[1,2],0]],no,no,['HL7V3.0','MTH'],[307/18],0,0),ev(-760,'C0024219','ANGIOGRAM','Lymphangiography',[angiogram],[diap],[[[3,3],[1,1],0]],yes,no,['CHV','MSH','MTH','NCI','SNOMEDCT_US'],[326/9],0,0),ev(-593,'C1269537','Brain','Entire brain',[brain],[bpoc],[[[5,5],[1,1],0]],no,no,['MTH','NLMSubSyn','SNOMEDCT_US'],[339/5],0,0)]),map(-761,[ev(-640,'C1551403','Magnetic resonance','Observation Method - Magnetic resonance',[magnetic,resonance],[lbpr],[[[1,2],[1,2],0]],no,no,['HL7V3.0','MTH'],[307/18],0,0),ev(-760,'C1548816','Angiogram','Angiogram - Consent Type',[angiogram],[hlca],[[[3,3],[1,1],0]],yes,no,['HL7V2.5','MTH'],[326/9],0,0),ev(-593,'C0006104','Brain','Brain',[brain],[bpoc],[[[5,5],[1,1],0]],no,no,['ICF','MSH','MTH','NCI','NLMSubSyn','SNOMEDCT_US'],[339/5],0,0)]),map(-761,[ev(-640,'C1551403','Magnetic resonance','Observation Method - Magnetic resonance',[magnetic,resonance],[lbpr],[[[1,2],[1,2],0]],no,no,['HL7V3.0','MTH'],[307/18],0,0),ev(-760,'C1548816','Angiogram','Angiogram - Consent Type',[angiogram],[hlca],[[[3,3],[1,1],0]],yes,no,['HL7V2.5','MTH'],[326/9],0,0),ev(-593,'C1269537','Brain','Entire brain',[brain],[bpoc],[[[5,5],[1,1],0]],no,no,['MTH','NLMSubSyn','SNOMEDCT_US'],[339/5],0,0)])]).
phrase(and,[conj([lexmatch([and]),inputmatch([and]),tag(conj),tokens([and])])],345/3,[]).
candidates(0,0,0,0,[]).
mappings([]).
phrase('great vessels',[head([lexmatch(['great vessels']),inputmatch([great,vessels]),tag(noun),tokens([great,vessels])])],349/13,[]).
candidates(7,2,0,5,[]).
mappings([map(-1000,[ev(-1000,'C0225991','Great vessels, NOS','Structure of great blood vessel (organ)',[great,vessels],[bpoc],[[[1,2],[1,2],0]],yes,no,['LNC','NLMSubSyn','SNMI','SNOMEDCT_US'],[349/13],0,0)]),map(-1000,[ev(-1000,'C1282845','Great vessels','Entire great blood vessel (organ)',[great,vessels],[bpoc],[[[1,2],[1,2],0]],yes,no,['NLMSubSyn','SNOMEDCT_US'],[349/13],0,0)])]).
phrase(found,[verb([lexmatch([found]),inputmatch([found]),tag(verb),tokens([found])])],363/5,[]).
candidates(2,1,0,1,[]).
mappings([map(-1000,[ev(-1000,'C0150312','Found','Present',[found],[qnco],[[[1,1],[1,1],0]],yes,no,['CHV','MTH','NCI'],[363/5],0,0)])]).
phrase('no evidence of abnormalities.',[det([lexmatch([no]),inputmatch([no]),tag(det),tokens([no])]),head([lexmatch([evidence]),inputmatch([evidence]),tag(noun),tokens([evidence])]),prep([lexmatch([of]),inputmatch([of]),tag(prep),tokens([of])]),mod([lexmatch([abnormalities]),inputmatch([abnormalities]),tag(noun),tokens([abnormalities])]),punc([inputmatch(['.']),tokens([])])],369/29,[]).
candidates(12,4,0,8,[]).
mappings([map(-916,[ev(-909,'C0332125','No evidence of','No evidence of',[no,evidence,of],[qlco],[[[1,1],[1,1],0],[[2,2],[2,2],0],[[3,3],[3,3],0]],yes,no,['NLMSubSyn','SNMI'],[369/14],0,0),ev(-604,'C0000768','Abnormalities','Congenital Abnormality',[abnormalities],[cgab],[[[4,4],[1,1],0]],no,no,['AOD','CHV','CST','ICD10CM','ICD9CM','MEDLINEPLUS','MSH','MTH','NCI','NLMSubSyn','SNM','SNMI','SNOMEDCT_US','SNOMEDCT_VET'],[384/13],0,1)]),map(-916,[ev(-909,'C0332125','No evidence of','No evidence of',[no,evidence,of],[qlco],[[[1,1],[1,1],0],[[2,2],[2,2],0],[[3,3],[3,3],0]],yes,no,['NLMSubSyn','SNMI'],[369/14],0,0),ev(-604,'C0000769',abnormalities,teratologic,[abnormalities],[ftcn],[[[4,4],[1,1],0]],no,no,['MSH','MTH'],[384/13],0,0)])]).
'EOU'.
utterance('00000000.tx.5',"She presents currently with a blood pressure of 120/70 mm Hg, normal glucose, and normal sinus rhythm on a 12-lead electrocardiogram. ",399/134,[]).
phrase('She',[pron([lexmatch([she]),inputmatch(['She']),tag(pron),tokens([she])])],399/3,[]).
candidates(0,0,0,0,[]).
mappings([]).
phrase(presents,[verb([lexmatch([presents]),inputmatch([presents]),tag(verb),tokens([presents])])],403/8,[]).
candidates(2,0,0,2,[]).
mappings([map(-1000,[ev(-1000,'C0150312','Present','Present',[present],[qnco],[[[1,1],[1,1],0]],yes,no,['CHV','MTH','NCI'],[403/8],0,0)]),map(-1000,[ev(-1000,'C0449450','Present','Presentation',[present],[idcn],[[[1,1],[1,1],0]],yes,no,['CHV','MTH','NCI'],[403/8],0,0)])]).
phrase('currently with a blood pressure of 120/70 mm Hg,',[adv([lexmatch([currently]),inputmatch([currently]),tag(adv),tokens([currently])]),prep([lexmatch([with]),inputmatch([with]),tag(prep),tokens([with])]),det([lexmatch([a]),inputmatch([a]),tag(det),tokens([a])]),mod([lexmatch(['blood pressure']),inputmatch([blood,pressure]),tag(noun),tokens([blood,pressure])]),prep([lexmatch([of]),inputmatch([of]),tag(prep),tokens([of])]),shapes([inputmatch(['120',/,'70']),features([fraction]),tokens(['120','70'])]),mod([lexmatch(['mm hg']),inputmatch([mm,'Hg']),tag(noun),tokens([mm,hg])]),punc([inputmatch([',']),tokens([])])],412/48,[]).
candidates(22,7,0,15,[]).
mappings([map(-676,[ev(-739,'C0521116','Currently','Current (present time)',[currently],[tmco],[[[1,1],[1,1],0]],yes,no,['CHV','MTH','SNOMEDCT_US'],[412/9],0,0),ev(-760,'C0005823','Blood Pressure','Blood Pressure',[blood,pressure],[orgf],[[[4,5],[1,2],0]],yes,no,['MTH','NLMSubSyn','SNOMEDCT_US'],[429/14],0,0),ev(-760,'C0439475',mmHg,mmHg,[mmhg],[qnco],[[[9,10],[1,1],0]],yes,no,['SNOMEDCT_US'],[454/5],0,0)]),map(-676,[ev(-739,'C0521116','Currently','Current (present time)',[currently],[tmco],[[[1,1],[1,1],0]],yes,no,['CHV','MTH','SNOMEDCT_US'],[412/9],0,0),ev(-760,'C1271104','Blood Pressure','Blood pressure finding',[blood,pressure],[fndg],[[[4,5],[1,2],0]],yes,no,['MTH','NCI','NLMSubSyn'],[429/14],0,0),ev(-760,'C0439475',mmHg,mmHg,[mmhg],[qnco],[[[9,10],[1,1],0]],yes,no,['SNOMEDCT_US'],[454/5],0,0)]),map(-676,[ev(-739,'C0521116','Currently','Current (present time)',[currently],[tmco],[[[1,1],[1,1],0]],yes,no,['CHV','MTH','SNOMEDCT_US'],[412/9],0,0),ev(-760,'C1272641','Blood pressure','Systemic arterial pressure',[blood,pressure],[fndg],[[[4,5],[1,2],0]],yes,no,['CHV','MSH','MTH','NLMSubSyn','SNOMEDCT_US'],[429/14],0,0),ev(-760,'C0439475',mmHg,mmHg,[mmhg],[qnco],[[[9,10],[1,1],0]],yes,no,['SNOMEDCT_US'],[454/5],0,0)])]).
phrase('normal glucose,',[head([lexmatch(['normal glucose']),inputmatch([normal,glucose]),tag(noun),tokens([normal,glucose])]),punc([inputmatch([',']),tokens([])])],461/15,[]).
candidates(5,0,0,5,[]).
mappings([map(-1000,[ev(-1000,'C0860800','normal glucose','glucose normal',[normal,glucose],[fndg],[[[1,2],[1,2],0]],yes,no,['CHV'],[461/14],0,0)])]).
phrase(and,[conj([lexmatch([and]),inputmatch([and]),tag(conj),tokens([and])])],477/3,[]).
candidates(0,0,0,0,[]).
mappings([]).
phrase('normal sinus rhythm on a 12-lead electrocardiogram.',[head([lexmatch(['normal sinus rhythm']),inputmatch([normal,sinus,rhythm]),tag(noun),tokens([normal,sinus,rhythm])]),prep([lexmatch([on]),inputmatch([on]),tag(prep),tokens([on])]),det([lexmatch([a]),inputmatch([a]),tag(det),tokens([a])]),mod([lexmatch(['12-lead electrocardiogram']),inputmatch(['12',-,lead,electrocardiogram]),tag(noun),tokens(['12',lead,electrocardiogram])]),punc([inputmatch(['.']),tokens([])])],481/51,[]).
candidates(25,2,0,23,[]).
mappings([map(-767,[ev(-800,'C0232202','Normal sinus rhythm','Normal sinus rhythm',[normal,sinus,rhythm],[fndg],[[[1,3],[1,3],0]],yes,no,['CHV','MTH','NLMSubSyn','SNOMEDCT_US'],[481/19],0,0),ev(-633,'C0430456','12 lead electrocardiogram','12 lead ECG',['12',lead,electrocardiogram],[diap],[[[6,8],[1,3],0]],no,no,['CHV','SNOMEDCT_US'],[506/25],0,0)])]).
'EOU'.
utterance('00000000.tx.6',"She reports history of occasional palpitations, shortness of breath and chest pain lasting for a few minutes and then stopping on their own. ",533/141,[673]).
phrase('She',[pron([lexmatch([she]),inputmatch(['She']),tag(pron),tokens([she])])],533/3,[]).
candidates(0,0,0,0,[]).
mappings([]).
phrase(reports,[verb([lexmatch([reports]),inputmatch([reports]),tag(verb),tokens([reports])])],537/7,[]).
candidates(3,0,0,3,[]).
mappings([map(-1000,[ev(-1000,'C0684224','Report','Report (document)',[report],[inpr],[[[1,1],[1,1],0]],yes,no,['CHV','MSH','MTH','NCI'],[537/7],0,0)]),map(-1000,[ev(-1000,'C0700287','Report','Reporting',[report],[hlca],[[[1,1],[1,1],0]],yes,no,['CHV','LNC','MTH','SNOMEDCT_US'],[537/7],0,0)]),map(-1000,[ev(-1000,'C3273238','Report','Regulatory Report',[report],[inpr],[[[1,1],[1,1],0]],yes,no,['MTH','NCI'],[537/7],0,0)])]).
phrase('history of occasional palpitations,',[head([lexmatch([history]),inputmatch([history]),tag(noun),tokens([history])]),prep([lexmatch([of]),inputmatch([of]),tag(prep),tokens([of])]),mod([lexmatch([occasional]),inputmatch([occasional]),tag(adj),tokens([occasional])]),mod([lexmatch([palpitations]),inputmatch([palpitations]),tag(noun),tokens([palpitations])]),punc([inputmatch([',']),tokens([])])],545/35,[]).
candidates(12,2,0,10,[]).
mappings([map(-916,[ev(-881,'C3532616','History of palpitations','History of palpitations',[history,of,palpitations],[fndg],[[[1,1],[1,1],0],[[2,2],[2,2],0],[[4,4],[3,3],0]],yes,no,['SNOMEDCT_US'],[545/10,567/12],0,0),ev(-604,'C0521114','Occasional','Infrequent',[occasional],[tmco],[[[3,3],[1,1],0]],no,no,['MTH','NCI','SNMI','SNOMEDCT_US'],[556/10],0,0)])]).
phrase('shortness of breath',[head([lexmatch([shortness]),inputmatch([shortness]),tag(noun),tokens([shortness])]),prep([lexmatch([of]),inputmatch([of]),tag(prep),tokens([of])]),mod([lexmatch([breath]),inputmatch([breath]),tag(noun),tokens([breath])])],581/19,[]).
candidates(8,1,0,7,[]).
mappings([map(-1000,[ev(-1000,'C0013404','Shortness of Breath','Dyspnea',[shortness,of,breath],[sosy],[[[1,1],[1,1],0],[[2,2],[2,2],0],[[3,3],[3,3],0]],yes,no,['CHV','CSP','CST','DXP','ICD10CM','ICPC','MSH','MTH','NCI','NLMSubSyn','OMIM','SNOMEDCT_US'],[581/19],0,0)]),map(-1000,[ev(-1000,'C2707305','Shortness of breath','Shortness of breath:-:Point in time:^Patient:-',[shortness,of,breath],[clna],[[[1,1],[1,1],0],[[2,2],[2,2],0],[[3,3],[3,3],0]],yes,no,['LNC'],[581/19],0,0)])]).
phrase(and,[conj([lexmatch([and]),inputmatch([and]),tag(conj),tokens([and])])],601/3,[]).
candidates(0,0,0,0,[]).
mappings([]).
phrase('chest pain lasting for a few minutes',[mod([lexmatch(['chest pain']),inputmatch([chest,pain]),tag(noun),tokens([chest,pain])]),head([lexmatch([lasting]),inputmatch([lasting]),tag(noun),tokens([lasting])]),prep([lexmatch([for]),inputmatch([for]),tag(prep),tokens([for])]),det([lexmatch([a]),inputmatch([a]),tag(det),tokens([a])]),mod([lexmatch([few]),inputmatch([few]),tag(adj),tokens([few])]),mod([lexmatch([minutes]),inputmatch([minutes]),tag(noun),tokens([minutes])])],605/36,[]).
candidates(17,6,0,11,[]).
mappings([map(-539,[ev(-612,'C0008031','Chest Pain','Chest Pain',[chest,pain],[sosy],[[[1,2],[1,2],0]],no,no,['CCS','CHV','CST','ICD10CM','MSH','MTH','NCI','NLMSubSyn','OMIM'],[605/10],0,0),ev(-581,'C0439232',minute,'Minute of time',[minute],[tmco],[[[7,7],[1,1],0]],no,no,['MTH','NCI','SNOMEDCT_US'],[634/7],0,0)]),map(-539,[ev(-612,'C0008031','Chest Pain','Chest Pain',[chest,pain],[sosy],[[[1,2],[1,2],0]],no,no,['CCS','CHV','CST','ICD10CM','MSH','MTH','NCI','NLMSubSyn','OMIM'],[605/10],0,0),ev(-581,'C0700321',minute,'Small',[minute],[qnco],[[[7,7],[1,1],0]],no,no,['CHV','MTH','SNMI','SNOMEDCT_US'],[634/7],0,0)]),map(-539,[ev(-612,'C0008031','Chest Pain','Chest Pain',[chest,pain],[sosy],[[[1,2],[1,2],0]],no,no,['CCS','CHV','CST','ICD10CM','MSH','MTH','NCI','NLMSubSyn','OMIM'],[605/10],0,0),ev(-581,'C0702093','/minute','/minute',[minute],[tmco],[[[7,7],[1,1],0]],no,no,['NCI','NLMSubSyn','SNOMEDCT_US'],[634/7],0,0)]),map(-539,[ev(-612,'C0008031','Chest Pain','Chest Pain',[chest,pain],[sosy],[[[1,2],[1,2],0]],no,no,['CCS','CHV','CST','ICD10CM','MSH','MTH','NCI','NLMSubSyn','OMIM'],[605/10],0,0),ev(-581,'C1282918','Minute','Minute (diminutive)',[minute],[qnco],[[[7,7],[1,1],0]],no,no,['CHV','MTH','SNOMEDCT_US'],[634/7],0,0)]),map(-539,[ev(-612,'C0008031','Chest Pain','Chest Pain',[chest,pain],[sosy],[[[1,2],[1,2],0]],no,no,['CCS','CHV','CST','ICD10CM','MSH','MTH','NCI','NLMSubSyn','OMIM'],[605/10],0,0),ev(-581,'C2347166','Minute','Minute Unit of Plane Angle',[minute],[qnco],[[[7,7],[1,1],0]],no,no,['MTH','NCI'],[634/7],0,0)]),map(-539,[ev(-612,'C2926613','Chest pain','Chest pain:Finding:Point in time:^Patient:Ordinal',[chest,pain],[clna],[[[1,2],[1,2],0]],no,no,['LNC','NLMSubSyn'],[605/10],0,0),ev(-581,'C0439232',minute,'Minute of time',[minute],[tmco],[[[7,7],[1,1],0]],no,no,['MTH','NCI','SNOMEDCT_US'],[634/7],0,0)]),map(-539,[ev(-612,'C2926613','Chest pain','Chest pain:Finding:Point in time:^Patient:Ordinal',[chest,pain],[clna],[[[1,2],[1,2],0]],no,no,['LNC','NLMSubSyn'],[605/10],0,0),ev(-581,'C0700321',minute,'Small',[minute],[qnco],[[[7,7],[1,1],0]],no,no,['CHV','MTH','SNMI','SNOMEDCT_US'],[634/7],0,0)]),map(-539,[ev(-612,'C2926613','Chest pain','Chest pain:Finding:Point in time:^Patient:Ordinal',[chest,pain],[clna],[[[1,2],[1,2],0]],no,no,['LNC','NLMSubSyn'],[605/10],0,0),ev(-581,'C0702093','/minute','/minute',[minute],[tmco],[[[7,7],[1,1],0]],no,no,['NCI','NLMSubSyn','SNOMEDCT_US'],[634/7],0,0)]),map(-539,[ev(-612,'C2926613','Chest pain','Chest pain:Finding:Point in time:^Patient:Ordinal',[chest,pain],[clna],[[[1,2],[1,2],0]],no,no,['LNC','NLMSubSyn'],[605/10],0,0),ev(-581,'C1282918','Minute','Minute (diminutive)',[minute],[qnco],[[[7,7],[1,1],0]],no,no,['CHV','MTH','SNOMEDCT_US'],[634/7],0,0)]),map(-539,[ev(-612,'C2926613','Chest pain','Chest pain:Finding:Point in time:^Patient:Ordinal',[chest,pain],[clna],[[[1,2],[1,2],0]],no,no,['LNC','NLMSubSyn'],[605/10],0,0),ev(-581,'C2347166','Minute','Minute Unit of Plane Angle',[minute],[qnco],[[[7,7],[1,1],0]],no,no,['MTH','NCI'],[634/7],0,0)])]).
phrase(and,[conj([lexmatch([and]),inputmatch([and]),tag(conj),tokens([and])])],642/3,[]).
candidates(0,0,0,0,[]).
mappings([]).
phrase(then,[adv([lexmatch([then]),inputmatch([then]),tag(adv),tokens([then])])],646/4,[]).
candidates(1,0,0,1,[]).
mappings([map(-1000,[ev(-1000,'C1883708','Then','Then',[then],[tmco],[[[1,1],[1,1],0]],yes,no,['MTH','NCI'],[646/4],0,0)])]).
phrase('stopping on their own.',[verb([lexmatch([stopping]),inputmatch([stopping]),tag(verb),tokens([stopping])]),prep([lexmatch([on]),inputmatch([on]),tag(prep),tokens([on])]),pron([lexmatch([their]),inputmatch([their]),tag(pron),tokens([their])]),mod([lexmatch([own]),inputmatch([own]),tag(adj),tokens([own])]),punc([inputmatch(['.']),tokens([])])],651/22,[]).
candidates(3,2,0,1,[]).
mappings([map(-770,[ev(-770,'C0723457',stopping,'Stop brand of fluoride',[stopping],[inch,phsu],[[[1,1],[1,1],0]],yes,no,['CHV','MSH','MTH'],[651/8],0,0)])]).
'EOU'.
utterance('00000000.tx.7',"A 72-year-old woman with history of hypertension, type 2 diabetes, cryptogenic stroke, normal EKG, normal echocardiogram, normal angiograms, and complaints of occasional shortness of breath and palpitations.",674/207,[]).
phrase('A 72-year-old woman with history of hypertension,',[det([lexmatch([a]),inputmatch(['A']),tag(det),tokens([a])]),shapes([inputmatch(['72']),features([integer]),tokens(['72'])]),punc([inputmatch([-]),tokens([])]),mod([lexmatch([year]),inputmatch([year]),tag(noun),tokens([year])]),punc([inputmatch([-]),tokens([])]),mod([lexmatch([old]),inputmatch([old]),tag(noun),tokens([old])]),head([lexmatch([woman]),inputmatch([woman]),tag(noun),tokens([woman])]),prep([lexmatch([with]),inputmatch([with]),tag(prep),tokens([with])]),mod([lexmatch([history]),inputmatch([history]),tag(noun),tokens([history])]),prep([lexmatch([of]),inputmatch([of]),tag(prep),tokens([of])]),mod([lexmatch([hypertension]),inputmatch([hypertension]),tag(noun),tokens([hypertension])]),punc([inputmatch([',']),tokens([])])],674/49,[]).
candidates(16,2,0,14,[]).
mappings([map(-709,[ev(-575,'C0439234',year,year,[year],[tmco],[[[3,3],[1,1],0]],no,no,['MTH','NCI','SNOMEDCT_US'],[679/4],0,0),ev(-575,'C0580836','Old','Old',[old],[tmco],[[[4,4],[1,1],0]],no,no,['MTH'],[684/3],0,0),ev(-742,'C0043210','Woman','Woman',[woman],[popg],[[[5,5],[1,1],0]],yes,no,['CHV','MSH','MTH','NCI','NLMSubSyn'],[688/5],0,0),ev(-623,'C0455527','History of hypertension','H/O: hypertension',[history,of,hypertension],[fndg],[[[7,7],[1,1],0],[[8,8],[2,2],0],[[9,9],[3,3],0]],no,no,['NLMSubSyn','SNOMEDCT_US'],[699/23],0,0)]),map(-709,[ev(-575,'C0439508','/year','per year',[year],[tmco],[[[3,3],[1,1],0]],no,no,['CHV','MTH','NCI','SNOMEDCT_US'],[679/4],0,0),ev(-575,'C0580836','Old','Old',[old],[tmco],[[[4,4],[1,1],0]],no,no,['MTH'],[684/3],0,0),ev(-742,'C0043210','Woman','Woman',[woman],[popg],[[[5,5],[1,1],0]],yes,no,['CHV','MSH','MTH','NCI','NLMSubSyn'],[688/5],0,0),ev(-623,'C0455527','History of hypertension','H/O: hypertension',[history,of,hypertension],[fndg],[[[7,7],[1,1],0],[[8,8],[2,2],0],[[9,9],[3,3],0]],no,no,['NLMSubSyn','SNOMEDCT_US'],[699/23],0,0)])]).
phrase('type 2 diabetes,',[head([lexmatch(['type 2 diabetes']),inputmatch([type,'2',diabetes]),tag(noun),tokens([type,'2',diabetes])]),punc([inputmatch([',']),tokens([])])],724/16,[]).
candidates(7,0,0,7,[]).
mappings([map(-1000,[ev(-1000,'C0011860','Type 2 Diabetes','Diabetes Mellitus, Non-Insulin-Dependent',[type,'2',diabetes],[dsyn],[[[1,3],[1,3],0]],yes,no,['CHV','DXP','MEDLINEPLUS','MSH','MTH','NCI','NLMSubSyn','OMIM','SNM','SNMI','SNOMEDCT_US'],[724/15],0,0)])]).
phrase('cryptogenic stroke,',[mod([lexmatch([cryptogenic]),inputmatch([cryptogenic]),tag(adj),tokens([cryptogenic])]),head([lexmatch([stroke]),inputmatch([stroke]),tag(noun),tokens([stroke])]),punc([inputmatch([',']),tokens([])])],741/19,[]).
candidates(2,0,0,2,[]).
mappings([map(-888,[ev(-694,'C0332240','Cryptogenic','Unknown (origin) (qualifier value)',[cryptogenic],[ftcn],[[[1,1],[1,1],0]],no,no,['CHV','NLMSubSyn','SNOMEDCT_US'],[741/11],0,0),ev(-861,'C0038454','Stroke','Cerebrovascular accident',[stroke],[dsyn],[[[2,2],[1,1],0]],yes,no,['AOD','CHV','ICPC','MEDLINEPLUS','MSH','MTH','NCI','OMIM','SNM','SNMI','SNOMEDCT_US'],[753/6],0,0)])]).
phrase('normal EKG,',[mod([lexmatch([normal]),inputmatch([normal]),tag(adj),tokens([normal])]),head([lexmatch([ekg]),inputmatch(['EKG']),tag(noun),tokens([ekg])]),punc([inputmatch([',']),tokens([])])],761/11,[]).
candidates(6,0,0,6,[]).
mappings([map(-1000,[ev(-1000,'C0522054','normal ekg','ECG normal',[normal,ekg],[fndg],[[[1,1],[1,1],0],[[2,2],[2,2],0]],yes,no,['CHV','SNMI','SNOMEDCT_US'],[761/10],0,0)])]).
phrase('normal echocardiogram,',[mod([lexmatch([normal]),inputmatch([normal]),tag(adj),tokens([normal])]),head([lexmatch([echocardiogram]),inputmatch([echocardiogram]),tag(noun),tokens([echocardiogram])]),punc([inputmatch([',']),tokens([])])],773/22,[]).
candidates(6,0,0,6,[]).
mappings([map(-1000,[ev(-1000,'C0436484','normal echocardiogram','Echocardiogram normal',[normal,echocardiogram],[fndg],[[[1,1],[1,1],0],[[2,2],[2,2],0]],yes,no,['CHV','NLMSubSyn','SNOMEDCT_US'],[773/21],0,0)])]).
phrase('normal angiograms,',[mod([lexmatch([normal]),inputmatch([normal]),tag(adj),tokens([normal])]),head([lexmatch([angiograms]),inputmatch([angiograms]),tag(noun),tokens([angiograms])]),punc([inputmatch([',']),tokens([])])],796/18,[]).
candidates(7,2,0,5,[]).
mappings([map(-983,[ev(-983,'C0853502','normal angiogram','angiogram normal',[normal,angiogram],[fndg],[[[1,1],[1,1],0],[[2,2],[2,2],1]],yes,no,['CHV','NLMSubSyn'],[796/17],0,0)])]).
phrase(and,[conj([lexmatch([and]),inputmatch([and]),tag(conj),tokens([and])])],815/3,[]).
candidates(0,0,0,0,[]).
mappings([]).
phrase('complaints of occasional shortness of breath',[head([lexmatch([complaints]),inputmatch([complaints]),tag(noun),tokens([complaints])]),prep([lexmatch([of]),inputmatch([of]),tag(prep),tokens([of])]),mod([lexmatch([occasional]),inputmatch([occasional]),tag(adj),tokens([occasional])]),mod([lexmatch([shortness]),inputmatch([shortness]),tag(noun),tokens([shortness])]),prep([lexmatch([of]),inputmatch([of]),tag(prep),tokens([of])]),mod([lexmatch([breath]),inputmatch([breath]),tag(noun),tokens([breath])])],819/44,[]).
candidates(10,1,0,9,[]).
mappings([map(-789,[ev(-753,'C0277786',complaints,'Chief complaint (finding)',[complaints],[fndg],[[[1,1],[1,1],0]],yes,no,['CHV','LNC','SNOMEDCT_US'],[819/10],0,0),ev(-586,'C0521114','Occasional','Infrequent',[occasional],[tmco],[[[3,3],[1,1],0]],no,no,['MTH','NCI','SNMI','SNOMEDCT_US'],[833/10],0,0),ev(-648,'C0013404','Shortness of Breath','Dyspnea',[shortness,of,breath],[sosy],[[[4,4],[1,1],0],[[2,2],[2,2],0],[[6,6],[3,3],0]],no,no,['CHV','CSP','CST','DXP','ICD10CM','ICPC','MSH','MTH','NCI','NLMSubSyn','OMIM','SNOMEDCT_US'],[830/2,844/9,857/6],0,0)]),map(-789,[ev(-753,'C0277786',complaints,'Chief complaint (finding)',[complaints],[fndg],[[[1,1],[1,1],0]],yes,no,['CHV','LNC','SNOMEDCT_US'],[819/10],0,0),ev(-586,'C0521114','Occasional','Infrequent',[occasional],[tmco],[[[3,3],[1,1],0]],no,no,['MTH','NCI','SNMI','SNOMEDCT_US'],[833/10],0,0),ev(-648,'C2707305','Shortness of breath','Shortness of breath:-:Point in time:^Patient:-',[shortness,of,breath],[clna],[[[4,4],[1,1],0],[[2,2],[2,2],0],[[6,6],[3,3],0]],no,no,['LNC'],[830/2,844/9,857/6],0,0)])]).
phrase(and,[conj([lexmatch([and]),inputmatch([and]),tag(conj),tokens([and])])],864/3,[]).
candidates(0,0,0,0,[]).
mappings([]).
phrase('palpitations.',[head([lexmatch([palpitations]),inputmatch([palpitations]),tag(noun),tokens([palpitations])]),punc([inputmatch(['.']),tokens([])])],868/13,[]).
candidates(2,0,0,2,[]).
mappings([map(-1000,[ev(-1000,'C0030252','Palpitations','Palpitations',[palpitations],[fndg],[[[1,1],[1,1],0]],yes,no,['CHV','CST','MTH','NLMSubSyn'],[868/12],0,0)]),map(-1000,[ev(-1000,'C3160712','Palpitations','Palpitations Adverse Event',[palpitations],[fndg],[[[1,1],[1,1],0]],yes,no,['MTH','NCI'],[868/12],0,0)])]).
'EOU'.
'EOT'.
