args('metamap14.BINARY.Darwin --lexicon db -Z 2014AA -qE -Q 4 ../../TREC-CDS/2015-original/18.txt ../../TREC-CDS/2015-original-MMed/18.txt.out',[lexicon-db,mm_data_year-'2014AA',machine_output-[],indicate_citation_end-[],composite_phrases-4,infile-'../../TREC-CDS/2015-original/18.txt',outfile-'../../TREC-CDS/2015-original-MMed/18.txt.out']).
aas([]).
neg_list([]).
utterance('00000000.tx.1',"test. ",0/6,[5]).
phrase('test.',[head([lexmatch([test]),inputmatch([test]),tag(noun),tokens([test])]),punc([inputmatch(['.']),tokens([])])],0/5,[]).
candidates(3,0,0,3,[]).
mappings([map(-1000,[ev(-1000,'C0022885','Test','Laboratory Procedures',[test],[lbpr],[[[1,1],[1,1],0]],yes,no,['CHV','MEDLINEPLUS','MTH','NCI','NLMSubSyn','SNM','SNMI','SNOMEDCT_US'],[0/4],0,0)]),map(-1000,[ev(-1000,'C0039593','Test','Testing',[test],[ftcn],[[[1,1],[1,1],0]],yes,no,['CHV','MTH','NCI','NLMSubSyn'],[0/4],0,0)]),map(-1000,[ev(-1000,'C0392366',test,'Tests (qualifier value)',[test],[inpr],[[[1,1],[1,1],0]],yes,no,['CHV','SNOMEDCT_US'],[0/4],0,0)])]).
'EOU'.
utterance('00000000.tx.2',"A 65 yo African-American male with shortness of breath related to exertion that has been worsening over the past three weeks. ",6/126,[]).
phrase('A 65 yo African-American male with shortness of breath',[det([lexmatch([a]),inputmatch(['A']),tag(det),tokens([a])]),shapes([inputmatch(['65']),features([integer]),tokens(['65'])]),mod([lexmatch([yo]),inputmatch([yo]),tag(noun),tokens([yo])]),mod([lexmatch(['african-american']),inputmatch(['African',-,'American']),tag(adj),tokens([african,american])]),head([lexmatch([male]),inputmatch([male]),tag(noun),tokens([male])]),prep([lexmatch([with]),inputmatch([with]),tag(prep),tokens([with])]),mod([lexmatch([shortness]),inputmatch([shortness]),tag(noun),tokens([shortness])]),prep([lexmatch([of]),inputmatch([of]),tag(prep),tokens([of])]),mod([lexmatch([breath]),inputmatch([breath]),tag(noun),tokens([breath])])],6/54,[]).
candidates(19,1,0,18,[]).
mappings([map(-752,[ev(-593,'C1510673','A-65','A-65',[a,'65'],[aapp,phsu],[[[1,1],[1,1],0],[[2,2],[2,2],0]],no,no,['NCI'],[6/4],0,0),ev(-573,'C1413296','Yo','CDR2 gene',[yo],[gngm],[[[3,3],[1,1],0]],no,no,['HGNC','MTH','OMIM'],[11/2],0,0),ev(-593,'C0085756','African American','African American',[african,american],[popg],[[[4,5],[1,2],0]],no,no,['AOD','DXP','HL7V3.0','MSH','MTH','NCI','NLMSubSyn','SNMI'],[14/16],0,0),ev(-739,'C0024554','Male','Male gender',[male],[orga],[[[6,6],[1,1],0]],yes,no,['CHV','DXP','MSH','MTH','NCI','NLMSubSyn','QMR','SNOMEDCT_US'],[31/4],0,0),ev(-615,'C0013404','Shortness of Breath','Dyspnea',[shortness,of,breath],[sosy],[[[8,8],[1,1],0],[[9,9],[2,2],0],[[10,10],[3,3],0]],no,no,['CHV','CSP','CST','DXP','ICD10CM','ICPC','MSH','MTH','NCI','NLMSubSyn','OMIM','SNOMEDCT_US'],[41/19],0,0)]),map(-752,[ev(-593,'C1510673','A-65','A-65',[a,'65'],[aapp,phsu],[[[1,1],[1,1],0],[[2,2],[2,2],0]],no,no,['NCI'],[6/4],0,0),ev(-573,'C1413296','Yo','CDR2 gene',[yo],[gngm],[[[3,3],[1,1],0]],no,no,['HGNC','MTH','OMIM'],[11/2],0,0),ev(-593,'C0085756','African American','African American',[african,american],[popg],[[[4,5],[1,2],0]],no,no,['AOD','DXP','HL7V3.0','MSH','MTH','NCI','NLMSubSyn','SNMI'],[14/16],0,0),ev(-739,'C0024554','Male','Male gender',[male],[orga],[[[6,6],[1,1],0]],yes,no,['CHV','DXP','MSH','MTH','NCI','NLMSubSyn','QMR','SNOMEDCT_US'],[31/4],0,0),ev(-615,'C2707305','Shortness of breath','Shortness of breath:-:Point in time:^Patient:-',[shortness,of,breath],[clna],[[[8,8],[1,1],0],[[9,9],[2,2],0],[[10,10],[3,3],0]],no,no,['LNC'],[41/19],0,0)]),map(-752,[ev(-593,'C1510673','A-65','A-65',[a,'65'],[aapp,phsu],[[[1,1],[1,1],0],[[2,2],[2,2],0]],no,no,['NCI'],[6/4],0,0),ev(-573,'C1413296','Yo','CDR2 gene',[yo],[gngm],[[[3,3],[1,1],0]],no,no,['HGNC','MTH','OMIM'],[11/2],0,0),ev(-593,'C0085756','African American','African American',[african,american],[popg],[[[4,5],[1,2],0]],no,no,['AOD','DXP','HL7V3.0','MSH','MTH','NCI','NLMSubSyn','SNMI'],[14/16],0,0),ev(-739,'C0086582',male,'Males',[male],[popg],[[[6,6],[1,1],0]],yes,no,['CHV','MTH'],[31/4],0,0),ev(-615,'C0013404','Shortness of Breath','Dyspnea',[shortness,of,breath],[sosy],[[[8,8],[1,1],0],[[9,9],[2,2],0],[[10,10],[3,3],0]],no,no,['CHV','CSP','CST','DXP','ICD10CM','ICPC','MSH','MTH','NCI','NLMSubSyn','OMIM','SNOMEDCT_US'],[41/19],0,0)]),map(-752,[ev(-593,'C1510673','A-65','A-65',[a,'65'],[aapp,phsu],[[[1,1],[1,1],0],[[2,2],[2,2],0]],no,no,['NCI'],[6/4],0,0),ev(-573,'C1413296','Yo','CDR2 gene',[yo],[gngm],[[[3,3],[1,1],0]],no,no,['HGNC','MTH','OMIM'],[11/2],0,0),ev(-593,'C0085756','African American','African American',[african,american],[popg],[[[4,5],[1,2],0]],no,no,['AOD','DXP','HL7V3.0','MSH','MTH','NCI','NLMSubSyn','SNMI'],[14/16],0,0),ev(-739,'C0086582',male,'Males',[male],[popg],[[[6,6],[1,1],0]],yes,no,['CHV','MTH'],[31/4],0,0),ev(-615,'C2707305','Shortness of breath','Shortness of breath:-:Point in time:^Patient:-',[shortness,of,breath],[clna],[[[8,8],[1,1],0],[[9,9],[2,2],0],[[10,10],[3,3],0]],no,no,['LNC'],[41/19],0,0)]),map(-752,[ev(-593,'C1510673','A-65','A-65',[a,'65'],[aapp,phsu],[[[1,1],[1,1],0],[[2,2],[2,2],0]],no,no,['NCI'],[6/4],0,0),ev(-573,'C1413296','Yo','CDR2 gene',[yo],[gngm],[[[3,3],[1,1],0]],no,no,['HGNC','MTH','OMIM'],[11/2],0,0),ev(-593,'C0085756','African American','African American',[african,american],[popg],[[[4,5],[1,2],0]],no,no,['AOD','DXP','HL7V3.0','MSH','MTH','NCI','NLMSubSyn','SNMI'],[14/16],0,0),ev(-739,'C1706180','Male','Male Gender, Self Report',[male],[qlco],[[[6,6],[1,1],0]],yes,no,['MTH','NCI'],[31/4],0,0),ev(-615,'C0013404','Shortness of Breath','Dyspnea',[shortness,of,breath],[sosy],[[[8,8],[1,1],0],[[9,9],[2,2],0],[[10,10],[3,3],0]],no,no,['CHV','CSP','CST','DXP','ICD10CM','ICPC','MSH','MTH','NCI','NLMSubSyn','OMIM','SNOMEDCT_US'],[41/19],0,0)]),map(-752,[ev(-593,'C1510673','A-65','A-65',[a,'65'],[aapp,phsu],[[[1,1],[1,1],0],[[2,2],[2,2],0]],no,no,['NCI'],[6/4],0,0),ev(-573,'C1413296','Yo','CDR2 gene',[yo],[gngm],[[[3,3],[1,1],0]],no,no,['HGNC','MTH','OMIM'],[11/2],0,0),ev(-593,'C0085756','African American','African American',[african,american],[popg],[[[4,5],[1,2],0]],no,no,['AOD','DXP','HL7V3.0','MSH','MTH','NCI','NLMSubSyn','SNMI'],[14/16],0,0),ev(-739,'C1706180','Male','Male Gender, Self Report',[male],[qlco],[[[6,6],[1,1],0]],yes,no,['MTH','NCI'],[31/4],0,0),ev(-615,'C2707305','Shortness of breath','Shortness of breath:-:Point in time:^Patient:-',[shortness,of,breath],[clna],[[[8,8],[1,1],0],[[9,9],[2,2],0],[[10,10],[3,3],0]],no,no,['LNC'],[41/19],0,0)]),map(-752,[ev(-593,'C1510673','A-65','A-65',[a,'65'],[aapp,phsu],[[[1,1],[1,1],0],[[2,2],[2,2],0]],no,no,['NCI'],[6/4],0,0),ev(-573,'C1413296','Yo','CDR2 gene',[yo],[gngm],[[[3,3],[1,1],0]],no,no,['HGNC','MTH','OMIM'],[11/2],0,0),ev(-593,'C0085756','African American','African American',[african,american],[popg],[[[4,5],[1,2],0]],no,no,['AOD','DXP','HL7V3.0','MSH','MTH','NCI','NLMSubSyn','SNMI'],[14/16],0,0),ev(-739,'C1706428','Male','Male Phenotype',[male],[qlco],[[[6,6],[1,1],0]],yes,no,['MTH','NCI'],[31/4],0,0),ev(-615,'C0013404','Shortness of Breath','Dyspnea',[shortness,of,breath],[sosy],[[[8,8],[1,1],0],[[9,9],[2,2],0],[[10,10],[3,3],0]],no,no,['CHV','CSP','CST','DXP','ICD10CM','ICPC','MSH','MTH','NCI','NLMSubSyn','OMIM','SNOMEDCT_US'],[41/19],0,0)]),map(-752,[ev(-593,'C1510673','A-65','A-65',[a,'65'],[aapp,phsu],[[[1,1],[1,1],0],[[2,2],[2,2],0]],no,no,['NCI'],[6/4],0,0),ev(-573,'C1413296','Yo','CDR2 gene',[yo],[gngm],[[[3,3],[1,1],0]],no,no,['HGNC','MTH','OMIM'],[11/2],0,0),ev(-593,'C0085756','African American','African American',[african,american],[popg],[[[4,5],[1,2],0]],no,no,['AOD','DXP','HL7V3.0','MSH','MTH','NCI','NLMSubSyn','SNMI'],[14/16],0,0),ev(-739,'C1706428','Male','Male Phenotype',[male],[qlco],[[[6,6],[1,1],0]],yes,no,['MTH','NCI'],[31/4],0,0),ev(-615,'C2707305','Shortness of breath','Shortness of breath:-:Point in time:^Patient:-',[shortness,of,breath],[clna],[[[8,8],[1,1],0],[[9,9],[2,2],0],[[10,10],[3,3],0]],no,no,['LNC'],[41/19],0,0)]),map(-752,[ev(-593,'C1510673','A-65','A-65',[a,'65'],[aapp,phsu],[[[1,1],[1,1],0],[[2,2],[2,2],0]],no,no,['NCI'],[6/4],0,0),ev(-573,'C1413296','Yo','CDR2 gene',[yo],[gngm],[[[3,3],[1,1],0]],no,no,['HGNC','MTH','OMIM'],[11/2],0,0),ev(-593,'C0085756','African American','African American',[african,american],[popg],[[[4,5],[1,2],0]],no,no,['AOD','DXP','HL7V3.0','MSH','MTH','NCI','NLMSubSyn','SNMI'],[14/16],0,0),ev(-739,'C1706429','Male','Male, Self-Reported',[male],[orga],[[[6,6],[1,1],0]],yes,no,['MTH','NCI'],[31/4],0,0),ev(-615,'C0013404','Shortness of Breath','Dyspnea',[shortness,of,breath],[sosy],[[[8,8],[1,1],0],[[9,9],[2,2],0],[[10,10],[3,3],0]],no,no,['CHV','CSP','CST','DXP','ICD10CM','ICPC','MSH','MTH','NCI','NLMSubSyn','OMIM','SNOMEDCT_US'],[41/19],0,0)]),map(-752,[ev(-593,'C1510673','A-65','A-65',[a,'65'],[aapp,phsu],[[[1,1],[1,1],0],[[2,2],[2,2],0]],no,no,['NCI'],[6/4],0,0),ev(-573,'C1413296','Yo','CDR2 gene',[yo],[gngm],[[[3,3],[1,1],0]],no,no,['HGNC','MTH','OMIM'],[11/2],0,0),ev(-593,'C0085756','African American','African American',[african,american],[popg],[[[4,5],[1,2],0]],no,no,['AOD','DXP','HL7V3.0','MSH','MTH','NCI','NLMSubSyn','SNMI'],[14/16],0,0),ev(-739,'C1706429','Male','Male, Self-Reported',[male],[orga],[[[6,6],[1,1],0]],yes,no,['MTH','NCI'],[31/4],0,0),ev(-615,'C2707305','Shortness of breath','Shortness of breath:-:Point in time:^Patient:-',[shortness,of,breath],[clna],[[[8,8],[1,1],0],[[9,9],[2,2],0],[[10,10],[3,3],0]],no,no,['LNC'],[41/19],0,0)])]).
phrase(related,[verb([lexmatch([related]),inputmatch([related]),tag(verb),tokens([related])])],61/7,[]).
candidates(3,1,0,2,[]).
mappings([map(-1000,[ev(-1000,'C0439849','Related','Relationships',[related],[qlco],[[[1,1],[1,1],0]],yes,no,['MTH','NCI','SNOMEDCT_US'],[61/7],0,0)]),map(-1000,[ev(-1000,'C0445223','Related','Related personal status',[related],[fndg],[[[1,1],[1,1],0]],yes,no,['CHV','MTH','SNOMEDCT_US'],[61/7],0,0)])]).
phrase('to exertion',[adv([lexmatch([to]),inputmatch([to]),tag(adv),tokens([to])]),head([lexmatch([exertion]),inputmatch([exertion]),tag(noun),tokens([exertion])])],69/11,[]).
candidates(3,1,0,2,[]).
mappings([map(-888,[ev(-694,'C1883351','To','To',[to],[qlco],[[[1,1],[1,1],0]],no,no,['MTH'],[69/2],0,0),ev(-861,'C0015264','Exertion','Exertion',[exertion],[orgf],[[[2,2],[1,1],0]],yes,no,['CHV','NCI','SNMI','SNOMEDCT_US'],[72/8],0,0)])]).
phrase(that,[compl([lexmatch([that]),inputmatch([that]),tag(compl),tokens([that])])],81/4,[]).
candidates(0,0,0,0,[]).
mappings([]).
phrase(has,[aux([lexmatch([has]),inputmatch([has]),tag(aux),tokens([has])])],86/3,[]).
candidates(0,0,0,0,[]).
mappings([]).
phrase(been,[aux([lexmatch([been]),inputmatch([been]),tag(aux),tokens([been])])],90/4,[]).
candidates(0,0,0,0,[]).
mappings([]).
phrase('worsening over the past three weeks.',[verb([lexmatch([worsening]),inputmatch([worsening]),tag(verb),tokens([worsening])]),prep([lexmatch([over]),inputmatch([over]),tag(prep),tokens([over])]),det([lexmatch([the]),inputmatch([the]),tag(det),tokens([the])]),mod([lexmatch([past]),inputmatch([past]),tag(adj),tokens([past])]),shapes([inputmatch([three]),features([word_numeral]),tokens([three])]),mod([lexmatch([weeks]),inputmatch([weeks]),tag(noun),tokens([weeks])]),punc([inputmatch(['.']),tokens([])])],95/36,[]).
candidates(9,2,0,7,[]).
mappings([map(-716,[ev(-753,'C0332271','Worsening','Worsening pattern',[worsening],[qlco],[[[1,1],[1,1],0]],yes,no,['CHV','MTH','NLMSubSyn','SNOMEDCT_US','SNOMEDCT_VET'],[95/9],0,0),ev(-767,'C2987125','Past Week','Past Week',[past,week],[tmco],[[[4,4],[1,1],0],[[6,6],[2,2],1]],yes,no,['NCI'],[114/4,125/5],0,0),ev(-753,'C0205449','Three','Three',[three],[qnco],[[[5,5],[1,1],0]],yes,no,['MTH','SNOMEDCT_US'],[119/5],0,0)]),map(-716,[ev(-753,'C1457868','Worsening','Worse',[worsening],[fndg],[[[1,1],[1,1],0]],yes,no,['CHV','MTH','NCI','SNOMEDCT_US','SNOMEDCT_VET'],[95/9],0,0),ev(-767,'C2987125','Past Week','Past Week',[past,week],[tmco],[[[4,4],[1,1],0],[[6,6],[2,2],1]],yes,no,['NCI'],[114/4,125/5],0,0),ev(-753,'C0205449','Three','Three',[three],[qnco],[[[5,5],[1,1],0]],yes,no,['MTH','SNOMEDCT_US'],[119/5],0,0)]),map(-716,[ev(-753,'C1546960','Worsening','Patient Outcome - Worsening',[worsening],[idcn],[[[1,1],[1,1],0]],yes,no,['HL7V2.5','MTH'],[95/9],0,0),ev(-767,'C2987125','Past Week','Past Week',[past,week],[tmco],[[[4,4],[1,1],0],[[6,6],[2,2],1]],yes,no,['NCI'],[114/4,125/5],0,0),ev(-753,'C0205449','Three','Three',[three],[qnco],[[[5,5],[1,1],0]],yes,no,['MTH','SNOMEDCT_US'],[119/5],0,0)])]).
'EOU'.
utterance('00000000.tx.3',"He also has difficulty breathing when lying flat and has started using two to three extra pillows at night. ",132/108,[]).
phrase('He also',[pron([lexmatch([he]),inputmatch(['He']),tag(pron),tokens([he])]),adv([lexmatch([also]),inputmatch([also]),tag(adv),tokens([also])])],132/7,[]).
candidates(0,0,0,0,[]).
mappings([]).
phrase(has,[aux([lexmatch([has]),inputmatch([has]),tag(aux),tokens([has])])],140/3,[]).
candidates(0,0,0,0,[]).
mappings([]).
phrase('difficulty breathing',[mod([lexmatch([difficulty]),inputmatch([difficulty]),tag(noun),tokens([difficulty])]),head([lexmatch([breathing]),inputmatch([breathing]),tag(noun),tokens([breathing])])],144/20,[]).
candidates(6,1,0,5,[]).
mappings([map(-1000,[ev(-1000,'C0013404','Difficulty breathing','Dyspnea',[difficulty,breathing],[sosy],[[[1,1],[1,1],0],[[2,2],[2,2],0]],yes,no,['CHV','CSP','CST','DXP','ICD10CM','ICPC','MSH','MTH','NCI','NLMSubSyn','OMIM','SNOMEDCT_US'],[144/20],0,0)])]).
phrase(when,[conj([lexmatch([when]),inputmatch([when]),tag(conj),tokens([when])])],165/4,[]).
candidates(0,0,0,0,[]).
mappings([]).
phrase(lying,[verb([lexmatch([lying]),inputmatch([lying]),tag(verb),tokens([lying])])],170/5,[]).
candidates(2,0,0,2,[]).
mappings([map(-1000,[ev(-1000,'C0038846','Lying','Supine Position',[lying],[spco],[[[1,1],[1,1],0]],yes,no,['CHV','MSH','MTH','NCI','NLMSubSyn','SNM','SNOMEDCT_US'],[170/5],0,0)]),map(-1000,[ev(-1000,'C0600261','Lying','Telling untruths',[lying],[inbe],[[[1,1],[1,1],0]],yes,no,['MSH','MTH'],[170/5],0,0)])]).
phrase(flat,[head([lexmatch([flat]),inputmatch([flat]),tag(adj),tokens([flat])])],176/4,[]).
candidates(2,0,0,2,[]).
mappings([map(-1000,[ev(-1000,'C0205324','Flat','Flat shape',[flat],[spco],[[[1,1],[1,1],0]],yes,no,['MTH','NLMSubSyn','SNOMEDCT_US'],[176/4],0,0)]),map(-1000,[ev(-1000,'C0457933','Flat','Residential flat',[flat],[mnob],[[[1,1],[1,1],0]],yes,no,['CHV','MTH','SNOMEDCT_US'],[176/4],0,0)])]).
phrase(and,[conj([lexmatch([and]),inputmatch([and]),tag(conj),tokens([and])])],181/3,[]).
candidates(0,0,0,0,[]).
mappings([]).
phrase(has,[aux([lexmatch([has]),inputmatch([has]),tag(aux),tokens([has])])],185/3,[]).
candidates(0,0,0,0,[]).
mappings([]).
phrase(started,[verb([lexmatch([started]),inputmatch([started]),tag(verb),tokens([started])])],189/7,[]).
candidates(2,1,0,1,[]).
mappings([map(-1000,[ev(-1000,'C1272689','Started','Started',[started],[qlco],[[[1,1],[1,1],0]],yes,no,['MTH'],[189/7],0,0)])]).
phrase(using,[verb([lexmatch([using]),inputmatch([using]),tag(verb),tokens([using])])],197/5,[]).
candidates(4,3,0,1,[]).
mappings([map(-1000,[ev(-1000,'C1524063','Using','Use of',[using],[ftcn],[[[1,1],[1,1],0]],yes,no,['SNOMEDCT_US'],[197/5],0,0)])]).
phrase('two to three extra pillows',[head([lexmatch([two]),inputmatch([two]),tag(noun),tokens([two])]),prep([lexmatch([to]),inputmatch([to]),tag(prep),tokens([to])]),shapes([inputmatch([three]),features([word_numeral]),tokens([three])]),mod([lexmatch([extra]),inputmatch([extra]),tag(adj),tokens([extra])]),mod([lexmatch([pillows]),inputmatch([pillows]),tag(noun),tokens([pillows])])],203/26,[]).
candidates(3,0,0,3,[]).
mappings([map(-687,[ev(-760,'C0205448','Two','Two',[two],[qnco],[[[1,1],[1,1],0]],yes,no,['MTH','SNOMEDCT_US'],[203/3],0,0),ev(-593,'C0205449','Three','Three',[three],[qnco],[[[3,3],[1,1],0]],no,no,['MTH','SNOMEDCT_US'],[210/5],0,0),ev(-593,'C0182291',pillows,'Pillow',[pillows],[mnob],[[[5,5],[1,1],0]],no,no,['CHV','SNOMEDCT_US'],[222/7],0,0)])]).
phrase('at night.',[prep([lexmatch([at]),inputmatch([at]),tag(prep),tokens([at])]),head([lexmatch([night]),inputmatch([night]),tag(noun),tokens([night])]),punc([inputmatch(['.']),tokens([])])],230/9,[]).
candidates(1,0,0,1,[]).
mappings([map(-1000,[ev(-1000,'C0240526','Night','Night time',[night],[tmco],[[[1,1],[1,1],0]],yes,no,['CHV','MTH','NCI','SNOMEDCT_US'],[233/5],0,0)])]).
'EOU'.
utterance('00000000.tx.4',"Significant physical exam findings include bibasilar lung crackles, pitting ankle edema and jugular venous distension. ",240/119,[358]).
phrase('Significant physical exam findings',[mod([lexmatch([significant]),inputmatch(['Significant']),tag(adj),tokens([significant])]),mod([lexmatch([physical]),inputmatch([physical]),tag(adj),tokens([physical])]),mod([lexmatch([exam]),inputmatch([exam]),tag(noun),tokens([exam])]),head([lexmatch([findings]),inputmatch([findings]),tag(noun),tokens([findings])])],240/34,[]).
candidates(20,3,0,17,[]).
mappings([map(-916,[ev(-645,'C0237881',significant,'Statistical Significance',[significant],[qnco],[[[1,1],[1,1],0]],no,no,['MTH','NCI'],[240/11],0,0),ev(-923,'C0311392','Physical exam findings','Physical findings',[physical,exam,findings],[fndg],[[[2,2],[1,1],0],[[3,3],[2,2],0],[[4,4],[3,3],0]],yes,no,['CST','MTH','NLMSubSyn','SNOMEDCT_US'],[252/22],0,0)]),map(-916,[ev(-645,'C0237881',significant,'Statistical Significance',[significant],[qnco],[[[1,1],[1,1],0]],no,no,['MTH','NCI'],[240/11],0,0),ev(-923,'C0944980','Physical exam findings','Physical findings:Finding:Point in time:^Patient:Nominal:Observed',[physical,exam,findings],[clna],[[[2,2],[1,1],0],[[3,3],[2,2],0],[[4,4],[3,3],0]],yes,no,['LNC','NLMSubSyn'],[252/22],0,0)]),map(-916,[ev(-645,'C0237881',significant,'Statistical Significance',[significant],[qnco],[[[1,1],[1,1],0]],no,no,['MTH','NCI'],[240/11],0,0),ev(-923,'C1509143','physical exam findings','Physical assessment findings',[physical,exam,findings],[fndg],[[[2,2],[1,1],0],[[3,3],[2,2],0],[[4,4],[3,3],0]],yes,no,['LNC','MTH','NLMSubSyn'],[252/22],0,0)]),map(-916,[ev(-645,'C0750502','Significant','Significant',[significant],[idcn],[[[1,1],[1,1],0]],no,no,['MTH','NCI'],[240/11],0,0),ev(-923,'C0311392','Physical exam findings','Physical findings',[physical,exam,findings],[fndg],[[[2,2],[1,1],0],[[3,3],[2,2],0],[[4,4],[3,3],0]],yes,no,['CST','MTH','NLMSubSyn','SNOMEDCT_US'],[252/22],0,0)]),map(-916,[ev(-645,'C0750502','Significant','Significant',[significant],[idcn],[[[1,1],[1,1],0]],no,no,['MTH','NCI'],[240/11],0,0),ev(-923,'C0944980','Physical exam findings','Physical findings:Finding:Point in time:^Patient:Nominal:Observed',[physical,exam,findings],[clna],[[[2,2],[1,1],0],[[3,3],[2,2],0],[[4,4],[3,3],0]],yes,no,['LNC','NLMSubSyn'],[252/22],0,0)]),map(-916,[ev(-645,'C0750502','Significant','Significant',[significant],[idcn],[[[1,1],[1,1],0]],no,no,['MTH','NCI'],[240/11],0,0),ev(-923,'C1509143','physical exam findings','Physical assessment findings',[physical,exam,findings],[fndg],[[[2,2],[1,1],0],[[3,3],[2,2],0],[[4,4],[3,3],0]],yes,no,['LNC','MTH','NLMSubSyn'],[252/22],0,0)]),map(-916,[ev(-645,'C1546944','Significant','Event Seriousness - Significant',[significant],[qlco],[[[1,1],[1,1],0]],no,no,['HL7V2.5','MTH'],[240/11],0,0),ev(-923,'C0311392','Physical exam findings','Physical findings',[physical,exam,findings],[fndg],[[[2,2],[1,1],0],[[3,3],[2,2],0],[[4,4],[3,3],0]],yes,no,['CST','MTH','NLMSubSyn','SNOMEDCT_US'],[252/22],0,0)]),map(-916,[ev(-645,'C1546944','Significant','Event Seriousness - Significant',[significant],[qlco],[[[1,1],[1,1],0]],no,no,['HL7V2.5','MTH'],[240/11],0,0),ev(-923,'C0944980','Physical exam findings','Physical findings:Finding:Point in time:^Patient:Nominal:Observed',[physical,exam,findings],[clna],[[[2,2],[1,1],0],[[3,3],[2,2],0],[[4,4],[3,3],0]],yes,no,['LNC','NLMSubSyn'],[252/22],0,0)]),map(-916,[ev(-645,'C1546944','Significant','Event Seriousness - Significant',[significant],[qlco],[[[1,1],[1,1],0]],no,no,['HL7V2.5','MTH'],[240/11],0,0),ev(-923,'C1509143','physical exam findings','Physical assessment findings',[physical,exam,findings],[fndg],[[[2,2],[1,1],0],[[3,3],[2,2],0],[[4,4],[3,3],0]],yes,no,['LNC','MTH','NLMSubSyn'],[252/22],0,0)])]).
phrase(include,[verb([lexmatch([include]),inputmatch([include]),tag(verb),tokens([include])])],275/7,[]).
candidates(3,0,0,3,[]).
mappings([map(-1000,[ev(-1000,'C0332257',include,'Including (qualifier)',[include],[ftcn],[[[1,1],[1,1],0]],yes,no,['CHV','MTH','SNOMEDCT_US'],[275/7],0,0)]),map(-1000,[ev(-1000,'C1552866',include,'include - SetOperator',[include],[idcn],[[[1,1],[1,1],0]],yes,no,['HL7V3.0','MTH'],[275/7],0,0)]),map(-1000,[ev(-1000,'C2700399','Include','Include (action)',[include],[acty],[[[1,1],[1,1],0]],yes,no,['MTH','NCI'],[275/7],0,0)])]).
phrase('bibasilar lung crackles,',[mod([lexmatch([bibasilar]),inputmatch([bibasilar]),tag(adj),tokens([bibasilar])]),mod([lexmatch([lung]),inputmatch([lung]),tag(noun),tokens([lung])]),head([lexmatch([crackles]),inputmatch([crackles]),tag(noun),tokens([crackles])]),punc([inputmatch([',']),tokens([])])],283/24,[]).
candidates(8,3,0,5,[]).
mappings([map(-790,[ev(-660,'C0024109','Lung','Lung',[lung],[bpoc],[[[2,2],[1,1],0]],no,no,['CHV','CSP','FMA','MTH','NCI','SNMI','SNOMEDCT_US'],[293/4],0,0),ev(-827,'C0034642','Crackle','Rales',[crackle],[sosy],[[[3,3],[1,1],0]],yes,no,['CHV','DXP','MSH','MTH','NLMSubSyn','SNMI','SNOMEDCT_US','SNOMEDCT_VET'],[298/8],0,0)]),map(-790,[ev(-660,'C0024109','Lung','Lung',[lung],[bpoc],[[[2,2],[1,1],0]],no,no,['CHV','CSP','FMA','MTH','NCI','SNMI','SNOMEDCT_US'],[293/4],0,0),ev(-827,'C0240859','Crackles','Basilar Rales',[crackles],[fndg],[[[3,3],[1,1],0]],yes,no,['CHV','MTH','NCI','NLMSubSyn','SNOMEDCT_US'],[298/8],0,0)]),map(-790,[ev(-660,'C0819757','LUNG','Structure of parenchyma of lung',[lung],[tisu],[[[2,2],[1,1],0]],no,no,['CHV','FMA','LNC','MTH','NCI','NLMSubSyn','SNOMEDCT_US'],[293/4],0,0),ev(-827,'C0034642','Crackle','Rales',[crackle],[sosy],[[[3,3],[1,1],0]],yes,no,['CHV','DXP','MSH','MTH','NLMSubSyn','SNMI','SNOMEDCT_US','SNOMEDCT_VET'],[298/8],0,0)]),map(-790,[ev(-660,'C0819757','LUNG','Structure of parenchyma of lung',[lung],[tisu],[[[2,2],[1,1],0]],no,no,['CHV','FMA','LNC','MTH','NCI','NLMSubSyn','SNOMEDCT_US'],[293/4],0,0),ev(-827,'C0240859','Crackles','Basilar Rales',[crackles],[fndg],[[[3,3],[1,1],0]],yes,no,['CHV','MTH','NCI','NLMSubSyn','SNOMEDCT_US'],[298/8],0,0)]),map(-790,[ev(-660,'C1278908','Lung','Entire lung',[lung],[bpoc],[[[2,2],[1,1],0]],no,no,['MTH','NLMSubSyn','SNOMEDCT_US'],[293/4],0,0),ev(-827,'C0034642','Crackle','Rales',[crackle],[sosy],[[[3,3],[1,1],0]],yes,no,['CHV','DXP','MSH','MTH','NLMSubSyn','SNMI','SNOMEDCT_US','SNOMEDCT_VET'],[298/8],0,0)]),map(-790,[ev(-660,'C1278908','Lung','Entire lung',[lung],[bpoc],[[[2,2],[1,1],0]],no,no,['MTH','NLMSubSyn','SNOMEDCT_US'],[293/4],0,0),ev(-827,'C0240859','Crackles','Basilar Rales',[crackles],[fndg],[[[3,3],[1,1],0]],yes,no,['CHV','MTH','NCI','NLMSubSyn','SNOMEDCT_US'],[298/8],0,0)])]).
phrase(pitting,[verb([lexmatch([pitting]),inputmatch([pitting]),tag(verb),tokens([pitting])])],308/7,[]).
candidates(5,3,0,2,[]).
mappings([map(-1000,[ev(-1000,'C0205323','Pitting','Pitting',[pitting],[ftcn],[[[1,1],[1,1],0]],yes,no,['MTH'],[308/7],0,0)]),map(-1000,[ev(-1000,'C1882401','PITTING','Pitted Medical Device Material',[pitting],[evnt],[[[1,1],[1,1],0]],yes,no,['MTH','NCI'],[308/7],0,0)])]).
phrase('ankle edema',[mod([lexmatch([ankle]),inputmatch([ankle]),tag(noun),tokens([ankle])]),head([lexmatch([edema]),inputmatch([edema]),tag(noun),tokens([edema])])],316/11,[]).
candidates(7,0,0,7,[]).
mappings([map(-1000,[ev(-1000,'C0235439','Ankle edema','Ankle edema (finding)',[ankle,edema],[fndg],[[[1,1],[1,1],0],[[2,2],[2,2],0]],yes,no,['CHV','CST','ICPC','NLMSubSyn','SNOMEDCT_US'],[316/11],0,0)])]).
phrase(and,[conj([lexmatch([and]),inputmatch([and]),tag(conj),tokens([and])])],328/3,[]).
candidates(0,0,0,0,[]).
mappings([]).
phrase('jugular venous distension.',[mod([lexmatch([jugular]),inputmatch([jugular]),tag(noun),tokens([jugular])]),mod([lexmatch([venous]),inputmatch([venous]),tag(adj),tokens([venous])]),head([lexmatch([distension]),inputmatch([distension]),tag(noun),tokens([distension])]),punc([inputmatch(['.']),tokens([])])],332/26,[]).
candidates(6,0,0,6,[]).
mappings([map(-1000,[ev(-1000,'C0425687','JUGULAR VENOUS DISTENTION','Jugular venous engorgement',[jugular,venous,distention],[fndg],[[[1,1],[1,1],0],[[2,2],[2,2],0],[[3,3],[3,3],0]],yes,no,['DXP','NLMSubSyn','SNOMEDCT_US','SNOMEDCT_VET'],[332/25],0,0)])]).
'EOU'.
utterance('00000000.tx.5',"A 65-year-old African-American male with progressive dyspnea on exertion and while lying flat; ",359/95,[]).
phrase('A 65-year-old African-American male with progressive dyspnea',[det([lexmatch([a]),inputmatch(['A']),tag(det),tokens([a])]),shapes([inputmatch(['65']),features([integer]),tokens(['65'])]),punc([inputmatch([-]),tokens([])]),mod([lexmatch([year]),inputmatch([year]),tag(noun),tokens([year])]),punc([inputmatch([-]),tokens([])]),mod([lexmatch([old]),inputmatch([old]),tag(adj),tokens([old])]),mod([lexmatch(['african-american']),inputmatch(['African',-,'American']),tag(adj),tokens([african,american])]),head([lexmatch([male]),inputmatch([male]),tag(noun),tokens([male])]),prep([lexmatch([with]),inputmatch([with]),tag(prep),tokens([with])]),mod([lexmatch([progressive]),inputmatch([progressive]),tag(adj),tokens([progressive])]),mod([lexmatch([dyspnea]),inputmatch([dyspnea]),tag(noun),tokens([dyspnea])])],359/60,[]).
candidates(17,0,0,17,[]).
mappings([map(-750,[ev(-593,'C1510673','A-65','A-65',[a,'65'],[aapp,phsu],[[[1,1],[1,1],0],[[2,2],[2,2],0]],no,no,['NCI'],[359/4],0,0),ev(-573,'C0439234',year,year,[year],[tmco],[[[3,3],[1,1],0]],no,no,['MTH','NCI','SNOMEDCT_US'],[364/4],0,0),ev(-573,'C0580836','Old','Old',[old],[tmco],[[[4,4],[1,1],0]],no,no,['MTH'],[369/3],0,0),ev(-593,'C0085756','African American','African American',[african,american],[popg],[[[5,6],[1,2],0]],no,no,['AOD','DXP','HL7V3.0','MSH','MTH','NCI','NLMSubSyn','SNMI'],[373/16],0,0),ev(-739,'C0024554','Male','Male gender',[male],[orga],[[[7,7],[1,1],0]],yes,no,['CHV','DXP','MSH','MTH','NCI','NLMSubSyn','QMR','SNOMEDCT_US'],[390/4],0,0),ev(-593,'C0239202','Dyspnea, progressive','Dyspnea, progressive',[progressive,dyspnea],[fndg],[[[9,9],[1,1],0],[[10,10],[2,2],0]],no,no,['NLMSubSyn','OMIM'],[400/19],0,0)]),map(-750,[ev(-593,'C1510673','A-65','A-65',[a,'65'],[aapp,phsu],[[[1,1],[1,1],0],[[2,2],[2,2],0]],no,no,['NCI'],[359/4],0,0),ev(-573,'C0439234',year,year,[year],[tmco],[[[3,3],[1,1],0]],no,no,['MTH','NCI','SNOMEDCT_US'],[364/4],0,0),ev(-573,'C0580836','Old','Old',[old],[tmco],[[[4,4],[1,1],0]],no,no,['MTH'],[369/3],0,0),ev(-593,'C0085756','African American','African American',[african,american],[popg],[[[5,6],[1,2],0]],no,no,['AOD','DXP','HL7V3.0','MSH','MTH','NCI','NLMSubSyn','SNMI'],[373/16],0,0),ev(-739,'C0086582',male,'Males',[male],[popg],[[[7,7],[1,1],0]],yes,no,['CHV','MTH'],[390/4],0,0),ev(-593,'C0239202','Dyspnea, progressive','Dyspnea, progressive',[progressive,dyspnea],[fndg],[[[9,9],[1,1],0],[[10,10],[2,2],0]],no,no,['NLMSubSyn','OMIM'],[400/19],0,0)]),map(-750,[ev(-593,'C1510673','A-65','A-65',[a,'65'],[aapp,phsu],[[[1,1],[1,1],0],[[2,2],[2,2],0]],no,no,['NCI'],[359/4],0,0),ev(-573,'C0439234',year,year,[year],[tmco],[[[3,3],[1,1],0]],no,no,['MTH','NCI','SNOMEDCT_US'],[364/4],0,0),ev(-573,'C0580836','Old','Old',[old],[tmco],[[[4,4],[1,1],0]],no,no,['MTH'],[369/3],0,0),ev(-593,'C0085756','African American','African American',[african,american],[popg],[[[5,6],[1,2],0]],no,no,['AOD','DXP','HL7V3.0','MSH','MTH','NCI','NLMSubSyn','SNMI'],[373/16],0,0),ev(-739,'C1706180','Male','Male Gender, Self Report',[male],[qlco],[[[7,7],[1,1],0]],yes,no,['MTH','NCI'],[390/4],0,0),ev(-593,'C0239202','Dyspnea, progressive','Dyspnea, progressive',[progressive,dyspnea],[fndg],[[[9,9],[1,1],0],[[10,10],[2,2],0]],no,no,['NLMSubSyn','OMIM'],[400/19],0,0)]),map(-750,[ev(-593,'C1510673','A-65','A-65',[a,'65'],[aapp,phsu],[[[1,1],[1,1],0],[[2,2],[2,2],0]],no,no,['NCI'],[359/4],0,0),ev(-573,'C0439234',year,year,[year],[tmco],[[[3,3],[1,1],0]],no,no,['MTH','NCI','SNOMEDCT_US'],[364/4],0,0),ev(-573,'C0580836','Old','Old',[old],[tmco],[[[4,4],[1,1],0]],no,no,['MTH'],[369/3],0,0),ev(-593,'C0085756','African American','African American',[african,american],[popg],[[[5,6],[1,2],0]],no,no,['AOD','DXP','HL7V3.0','MSH','MTH','NCI','NLMSubSyn','SNMI'],[373/16],0,0),ev(-739,'C1706428','Male','Male Phenotype',[male],[qlco],[[[7,7],[1,1],0]],yes,no,['MTH','NCI'],[390/4],0,0),ev(-593,'C0239202','Dyspnea, progressive','Dyspnea, progressive',[progressive,dyspnea],[fndg],[[[9,9],[1,1],0],[[10,10],[2,2],0]],no,no,['NLMSubSyn','OMIM'],[400/19],0,0)]),map(-750,[ev(-593,'C1510673','A-65','A-65',[a,'65'],[aapp,phsu],[[[1,1],[1,1],0],[[2,2],[2,2],0]],no,no,['NCI'],[359/4],0,0),ev(-573,'C0439234',year,year,[year],[tmco],[[[3,3],[1,1],0]],no,no,['MTH','NCI','SNOMEDCT_US'],[364/4],0,0),ev(-573,'C0580836','Old','Old',[old],[tmco],[[[4,4],[1,1],0]],no,no,['MTH'],[369/3],0,0),ev(-593,'C0085756','African American','African American',[african,american],[popg],[[[5,6],[1,2],0]],no,no,['AOD','DXP','HL7V3.0','MSH','MTH','NCI','NLMSubSyn','SNMI'],[373/16],0,0),ev(-739,'C1706429','Male','Male, Self-Reported',[male],[orga],[[[7,7],[1,1],0]],yes,no,['MTH','NCI'],[390/4],0,0),ev(-593,'C0239202','Dyspnea, progressive','Dyspnea, progressive',[progressive,dyspnea],[fndg],[[[9,9],[1,1],0],[[10,10],[2,2],0]],no,no,['NLMSubSyn','OMIM'],[400/19],0,0)]),map(-750,[ev(-593,'C1510673','A-65','A-65',[a,'65'],[aapp,phsu],[[[1,1],[1,1],0],[[2,2],[2,2],0]],no,no,['NCI'],[359/4],0,0),ev(-573,'C0439508','/year','per year',[year],[tmco],[[[3,3],[1,1],0]],no,no,['CHV','MTH','NCI','SNOMEDCT_US'],[364/4],0,0),ev(-573,'C0580836','Old','Old',[old],[tmco],[[[4,4],[1,1],0]],no,no,['MTH'],[369/3],0,0),ev(-593,'C0085756','African American','African American',[african,american],[popg],[[[5,6],[1,2],0]],no,no,['AOD','DXP','HL7V3.0','MSH','MTH','NCI','NLMSubSyn','SNMI'],[373/16],0,0),ev(-739,'C0024554','Male','Male gender',[male],[orga],[[[7,7],[1,1],0]],yes,no,['CHV','DXP','MSH','MTH','NCI','NLMSubSyn','QMR','SNOMEDCT_US'],[390/4],0,0),ev(-593,'C0239202','Dyspnea, progressive','Dyspnea, progressive',[progressive,dyspnea],[fndg],[[[9,9],[1,1],0],[[10,10],[2,2],0]],no,no,['NLMSubSyn','OMIM'],[400/19],0,0)]),map(-750,[ev(-593,'C1510673','A-65','A-65',[a,'65'],[aapp,phsu],[[[1,1],[1,1],0],[[2,2],[2,2],0]],no,no,['NCI'],[359/4],0,0),ev(-573,'C0439508','/year','per year',[year],[tmco],[[[3,3],[1,1],0]],no,no,['CHV','MTH','NCI','SNOMEDCT_US'],[364/4],0,0),ev(-573,'C0580836','Old','Old',[old],[tmco],[[[4,4],[1,1],0]],no,no,['MTH'],[369/3],0,0),ev(-593,'C0085756','African American','African American',[african,american],[popg],[[[5,6],[1,2],0]],no,no,['AOD','DXP','HL7V3.0','MSH','MTH','NCI','NLMSubSyn','SNMI'],[373/16],0,0),ev(-739,'C0086582',male,'Males',[male],[popg],[[[7,7],[1,1],0]],yes,no,['CHV','MTH'],[390/4],0,0),ev(-593,'C0239202','Dyspnea, progressive','Dyspnea, progressive',[progressive,dyspnea],[fndg],[[[9,9],[1,1],0],[[10,10],[2,2],0]],no,no,['NLMSubSyn','OMIM'],[400/19],0,0)]),map(-750,[ev(-593,'C1510673','A-65','A-65',[a,'65'],[aapp,phsu],[[[1,1],[1,1],0],[[2,2],[2,2],0]],no,no,['NCI'],[359/4],0,0),ev(-573,'C0439508','/year','per year',[year],[tmco],[[[3,3],[1,1],0]],no,no,['CHV','MTH','NCI','SNOMEDCT_US'],[364/4],0,0),ev(-573,'C0580836','Old','Old',[old],[tmco],[[[4,4],[1,1],0]],no,no,['MTH'],[369/3],0,0),ev(-593,'C0085756','African American','African American',[african,american],[popg],[[[5,6],[1,2],0]],no,no,['AOD','DXP','HL7V3.0','MSH','MTH','NCI','NLMSubSyn','SNMI'],[373/16],0,0),ev(-739,'C1706180','Male','Male Gender, Self Report',[male],[qlco],[[[7,7],[1,1],0]],yes,no,['MTH','NCI'],[390/4],0,0),ev(-593,'C0239202','Dyspnea, progressive','Dyspnea, progressive',[progressive,dyspnea],[fndg],[[[9,9],[1,1],0],[[10,10],[2,2],0]],no,no,['NLMSubSyn','OMIM'],[400/19],0,0)]),map(-750,[ev(-593,'C1510673','A-65','A-65',[a,'65'],[aapp,phsu],[[[1,1],[1,1],0],[[2,2],[2,2],0]],no,no,['NCI'],[359/4],0,0),ev(-573,'C0439508','/year','per year',[year],[tmco],[[[3,3],[1,1],0]],no,no,['CHV','MTH','NCI','SNOMEDCT_US'],[364/4],0,0),ev(-573,'C0580836','Old','Old',[old],[tmco],[[[4,4],[1,1],0]],no,no,['MTH'],[369/3],0,0),ev(-593,'C0085756','African American','African American',[african,american],[popg],[[[5,6],[1,2],0]],no,no,['AOD','DXP','HL7V3.0','MSH','MTH','NCI','NLMSubSyn','SNMI'],[373/16],0,0),ev(-739,'C1706428','Male','Male Phenotype',[male],[qlco],[[[7,7],[1,1],0]],yes,no,['MTH','NCI'],[390/4],0,0),ev(-593,'C0239202','Dyspnea, progressive','Dyspnea, progressive',[progressive,dyspnea],[fndg],[[[9,9],[1,1],0],[[10,10],[2,2],0]],no,no,['NLMSubSyn','OMIM'],[400/19],0,0)]),map(-750,[ev(-593,'C1510673','A-65','A-65',[a,'65'],[aapp,phsu],[[[1,1],[1,1],0],[[2,2],[2,2],0]],no,no,['NCI'],[359/4],0,0),ev(-573,'C0439508','/year','per year',[year],[tmco],[[[3,3],[1,1],0]],no,no,['CHV','MTH','NCI','SNOMEDCT_US'],[364/4],0,0),ev(-573,'C0580836','Old','Old',[old],[tmco],[[[4,4],[1,1],0]],no,no,['MTH'],[369/3],0,0),ev(-593,'C0085756','African American','African American',[african,american],[popg],[[[5,6],[1,2],0]],no,no,['AOD','DXP','HL7V3.0','MSH','MTH','NCI','NLMSubSyn','SNMI'],[373/16],0,0),ev(-739,'C1706429','Male','Male, Self-Reported',[male],[orga],[[[7,7],[1,1],0]],yes,no,['MTH','NCI'],[390/4],0,0),ev(-593,'C0239202','Dyspnea, progressive','Dyspnea, progressive',[progressive,dyspnea],[fndg],[[[9,9],[1,1],0],[[10,10],[2,2],0]],no,no,['NLMSubSyn','OMIM'],[400/19],0,0)])]).
phrase('on exertion',[prep([lexmatch([on]),inputmatch([on]),tag(prep),tokens([on])]),head([lexmatch([exertion]),inputmatch([exertion]),tag(noun),tokens([exertion])])],420/11,[]).
candidates(2,1,0,1,[]).
mappings([map(-1000,[ev(-1000,'C0015264','Exertion','Exertion',[exertion],[orgf],[[[1,1],[1,1],0]],yes,no,['CHV','NCI','SNMI','SNOMEDCT_US'],[423/8],0,0)])]).
phrase(and,[conj([lexmatch([and]),inputmatch([and]),tag(conj),tokens([and])])],432/3,[]).
candidates(0,0,0,0,[]).
mappings([]).
phrase(while,[conj([lexmatch([while]),inputmatch([while]),tag(conj),tokens([while])])],436/5,[]).
candidates(0,0,0,0,[]).
mappings([]).
phrase(lying,[verb([lexmatch([lying]),inputmatch([lying]),tag(verb),tokens([lying])])],442/5,[]).
candidates(2,0,0,2,[]).
mappings([map(-1000,[ev(-1000,'C0038846','Lying','Supine Position',[lying],[spco],[[[1,1],[1,1],0]],yes,no,['CHV','MSH','MTH','NCI','NLMSubSyn','SNM','SNOMEDCT_US'],[442/5],0,0)]),map(-1000,[ev(-1000,'C0600261','Lying','Telling untruths',[lying],[inbe],[[[1,1],[1,1],0]],yes,no,['MSH','MTH'],[442/5],0,0)])]).
phrase(flat,[head([lexmatch([flat]),inputmatch([flat]),tag(adj),tokens([flat])])],448/4,[]).
candidates(2,0,0,2,[]).
mappings([map(-1000,[ev(-1000,'C0205324','Flat','Flat shape',[flat],[spco],[[[1,1],[1,1],0]],yes,no,['MTH','NLMSubSyn','SNOMEDCT_US'],[448/4],0,0)]),map(-1000,[ev(-1000,'C0457933','Flat','Residential flat',[flat],[mnob],[[[1,1],[1,1],0]],yes,no,['CHV','MTH','SNOMEDCT_US'],[448/4],0,0)])]).
phrase(;,[punc([inputmatch([;]),tokens([])])],452/1,[]).
candidates(0,0,0,0,[]).
mappings([]).
'EOU'.
utterance('00000000.tx.6',"bilateral pitting lower-extremity edema. ",454/41,[]).
phrase('bilateral pitting lower-extremity edema.',[mod([lexmatch([bilateral]),inputmatch([bilateral]),tag(adj),tokens([bilateral])]),mod([lexmatch([pitting]),inputmatch([pitting]),tag(noun),tokens([pitting])]),mod([lexmatch(['lower-extremity']),inputmatch([lower,-,extremity]),tag(noun),tokens([lower,extremity])]),head([lexmatch([edema]),inputmatch([edema]),tag(noun),tokens([edema])]),punc([inputmatch(['.']),tokens([])])],454/40,[]).
candidates(25,10,0,15,[]).
mappings([map(-875,[ev(-637,'C0238767','Bilateral','Bilateral',[bilateral],[spco],[[[1,1],[1,1],0]],no,no,['MTH','SNOMEDCT_US'],[454/9],0,0),ev(-637,'C0205323','Pitting','Pitting',[pitting],[ftcn],[[[2,2],[1,1],0]],no,no,['MTH'],[464/7],0,0),ev(-884,'C0239340','EXTREMITY EDEMA, LOWER','Edema of lower extremity',[lower,extremity,edema],[sosy],[[[3,4],[1,2],0],[[5,5],[3,3],0]],yes,no,['CHV','DXP','NLMSubSyn','OMIM','SNOMEDCT_US','SNOMEDCT_VET'],[472/21],0,0)]),map(-875,[ev(-637,'C0238767','Bilateral','Bilateral',[bilateral],[spco],[[[1,1],[1,1],0]],no,no,['MTH','SNOMEDCT_US'],[454/9],0,0),ev(-637,'C0205323','Pitting','Pitting',[pitting],[ftcn],[[[2,2],[1,1],0]],no,no,['MTH'],[464/7],0,0),ev(-884,'C0581394','lower extremity oedema','Swollen legs',[lower,extremity,oedema],[sosy],[[[3,4],[1,2],0],[[5,5],[3,3],0]],yes,no,['CHV','NLMSubSyn','SNOMEDCT_US','SNOMEDCT_VET'],[472/21],0,0)]),map(-875,[ev(-637,'C0238767','Bilateral','Bilateral',[bilateral],[spco],[[[1,1],[1,1],0]],no,no,['MTH','SNOMEDCT_US'],[454/9],0,0),ev(-637,'C1882401','PITTING','Pitted Medical Device Material',[pitting],[evnt],[[[2,2],[1,1],0]],no,no,['MTH','NCI'],[464/7],0,0),ev(-884,'C0239340','EXTREMITY EDEMA, LOWER','Edema of lower extremity',[lower,extremity,edema],[sosy],[[[3,4],[1,2],0],[[5,5],[3,3],0]],yes,no,['CHV','DXP','NLMSubSyn','OMIM','SNOMEDCT_US','SNOMEDCT_VET'],[472/21],0,0)]),map(-875,[ev(-637,'C0238767','Bilateral','Bilateral',[bilateral],[spco],[[[1,1],[1,1],0]],no,no,['MTH','SNOMEDCT_US'],[454/9],0,0),ev(-637,'C1882401','PITTING','Pitted Medical Device Material',[pitting],[evnt],[[[2,2],[1,1],0]],no,no,['MTH','NCI'],[464/7],0,0),ev(-884,'C0581394','lower extremity oedema','Swollen legs',[lower,extremity,oedema],[sosy],[[[3,4],[1,2],0],[[5,5],[3,3],0]],yes,no,['CHV','NLMSubSyn','SNOMEDCT_US','SNOMEDCT_VET'],[472/21],0,0)])]).
'EOU'.
utterance('00000000.tx.7',"The lungs revealed bilateral basilar crackles.",495/46,[]).
phrase('The lungs',[det([lexmatch([the]),inputmatch(['The']),tag(det),tokens([the])]),head([lexmatch([lungs]),inputmatch([lungs]),tag(noun),tokens([lungs])])],495/9,[]).
candidates(6,5,0,1,[]).
mappings([map(-1000,[ev(-1000,'C0024109','LUNGS','Lung',[lungs],[bpoc],[[[1,1],[1,1],0]],yes,no,['CHV','CSP','FMA','MTH','NCI','SNMI','SNOMEDCT_US'],[499/5],0,0)])]).
phrase(revealed,[verb([lexmatch([revealed]),inputmatch([revealed]),tag(verb),tokens([revealed])])],505/8,[]).
candidates(1,0,0,1,[]).
mappings([map(-1000,[ev(-1000,'C0443289','Revealed','Revealed',[revealed],[qlco],[[[1,1],[1,1],0]],yes,no,['CHV','SNOMEDCT_US'],[505/8],0,0)])]).
phrase('bilateral basilar crackles.',[mod([lexmatch([bilateral]),inputmatch([bilateral]),tag(adj),tokens([bilateral])]),mod([lexmatch([basilar]),inputmatch([basilar]),tag(adj),tokens([basilar])]),head([lexmatch([crackles]),inputmatch([crackles]),tag(noun),tokens([crackles])]),punc([inputmatch(['.']),tokens([])])],514/27,[]).
candidates(4,0,0,4,[]).
mappings([map(-851,[ev(-660,'C0238767','Bilateral','Bilateral',[bilateral],[spco],[[[1,1],[1,1],0]],no,no,['MTH','SNOMEDCT_US'],[514/9],0,0),ev(-660,'C1184146','Basilar','Basilar',[basilar],[spco],[[[2,2],[1,1],0]],no,no,['FMA'],[524/7],0,0),ev(-827,'C0034642','Crackle','Rales',[crackle],[sosy],[[[3,3],[1,1],0]],yes,no,['CHV','DXP','MSH','MTH','NLMSubSyn','SNMI','SNOMEDCT_US','SNOMEDCT_VET'],[532/8],0,0)]),map(-851,[ev(-660,'C0238767','Bilateral','Bilateral',[bilateral],[spco],[[[1,1],[1,1],0]],no,no,['MTH','SNOMEDCT_US'],[514/9],0,0),ev(-660,'C1184146','Basilar','Basilar',[basilar],[spco],[[[2,2],[1,1],0]],no,no,['FMA'],[524/7],0,0),ev(-827,'C0240859','Crackles','Basilar Rales',[crackles],[fndg],[[[3,3],[1,1],0]],yes,no,['CHV','MTH','NCI','NLMSubSyn','SNOMEDCT_US'],[532/8],0,0)])]).
'EOU'.
'EOT'.
