args('metamap14.BINARY.Darwin --lexicon db -Z 2014AA -qE -Q 4 ../../TREC-CDS/2015-original/2.txt ../../TREC-CDS/2015-original-MMed/2.txt.out',[lexicon-db,mm_data_year-'2014AA',machine_output-[],indicate_citation_end-[],composite_phrases-4,infile-'../../TREC-CDS/2015-original/2.txt',outfile-'../../TREC-CDS/2015-original-MMed/2.txt.out']).
aas(["BAL"*"bronchoalveolar lavage"*(1,3,3,22)*[]]).
neg_list([]).
utterance('00000000.tx.1',"diagnosis. ",0/11,[10]).
phrase('diagnosis.',[head([lexmatch([diagnosis]),inputmatch([diagnosis]),tag(noun),tokens([diagnosis])]),punc([inputmatch(['.']),tokens([])])],0/10,[]).
candidates(3,0,0,3,[]).
mappings([map(-1000,[ev(-1000,'C0011900','Diagnosis','Diagnosis',[diagnosis],[fndg],[[[1,1],[1,1],0]],yes,no,['CCS','CHV','LNC','MTH','NCI'],[0/9],0,0)]),map(-1000,[ev(-1000,'C1704338',diagnosis,'diagnosis aspect',[diagnosis],[qlco],[[[1,1],[1,1],0]],yes,no,['MSH','MTH','NLMSubSyn'],[0/9],0,0)]),map(-1000,[ev(-1000,'C1704656','DIAGNOSIS','Diagnosis Study',[diagnosis],[resa],[[[1,1],[1,1],0]],yes,no,['MTH','NCI'],[0/9],0,0)])]).
'EOU'.
utterance('00000000.tx.2',"A 62 yo male presents with four days of non-productive cough and one day of fever. ",11/83,[]).
phrase('A 62 yo male',[det([lexmatch([a]),inputmatch(['A']),tag(det),tokens([a])]),shapes([inputmatch(['62']),features([integer]),tokens(['62'])]),mod([lexmatch([yo]),inputmatch([yo]),tag(noun),tokens([yo])]),head([lexmatch([male]),inputmatch([male]),tag(noun),tokens([male])])],11/12,[]).
candidates(6,0,0,6,[]).
mappings([map(-790,[ev(-660,'C1413296','Yo','CDR2 gene',[yo],[gngm],[[[2,2],[1,1],0]],no,no,['HGNC','MTH','OMIM'],[16/2],0,0),ev(-827,'C0024554','Male','Male gender',[male],[orga],[[[3,3],[1,1],0]],yes,no,['CHV','DXP','MSH','MTH','NCI','NLMSubSyn','QMR','SNOMEDCT_US'],[19/4],0,0)]),map(-790,[ev(-660,'C1413296','Yo','CDR2 gene',[yo],[gngm],[[[2,2],[1,1],0]],no,no,['HGNC','MTH','OMIM'],[16/2],0,0),ev(-827,'C0086582',male,'Males',[male],[popg],[[[3,3],[1,1],0]],yes,no,['CHV','MTH'],[19/4],0,0)]),map(-790,[ev(-660,'C1413296','Yo','CDR2 gene',[yo],[gngm],[[[2,2],[1,1],0]],no,no,['HGNC','MTH','OMIM'],[16/2],0,0),ev(-827,'C1706180','Male','Male Gender, Self Report',[male],[qlco],[[[3,3],[1,1],0]],yes,no,['MTH','NCI'],[19/4],0,0)]),map(-790,[ev(-660,'C1413296','Yo','CDR2 gene',[yo],[gngm],[[[2,2],[1,1],0]],no,no,['HGNC','MTH','OMIM'],[16/2],0,0),ev(-827,'C1706428','Male','Male Phenotype',[male],[qlco],[[[3,3],[1,1],0]],yes,no,['MTH','NCI'],[19/4],0,0)]),map(-790,[ev(-660,'C1413296','Yo','CDR2 gene',[yo],[gngm],[[[2,2],[1,1],0]],no,no,['HGNC','MTH','OMIM'],[16/2],0,0),ev(-827,'C1706429','Male','Male, Self-Reported',[male],[orga],[[[3,3],[1,1],0]],yes,no,['MTH','NCI'],[19/4],0,0)])]).
phrase('presents with four days of non-productive cough',[verb([lexmatch([presents]),inputmatch([presents]),tag(verb),tokens([presents])]),prep([lexmatch([with]),inputmatch([with]),tag(prep),tokens([with])]),shapes([inputmatch([four]),features([word_numeral]),tokens([four])]),mod([lexmatch([days]),inputmatch([days]),tag(noun),tokens([days])]),prep([lexmatch([of]),inputmatch([of]),tag(prep),tokens([of])]),mod([lexmatch(['non-productive']),inputmatch([non,-,productive]),tag(adj),tokens([non,productive])]),mod([lexmatch([cough]),inputmatch([cough]),tag(noun),tokens([cough])])],24/47,[]).
candidates(13,3,0,10,[]).
mappings([map(-723,[ev(-744,'C0150312','Present','Present',[present],[qnco],[[[1,1],[1,1],0]],yes,no,['CHV','MTH','NCI'],[24/8],0,0),ev(-744,'C0205450','Four','Four',[four],[qnco],[[[3,3],[1,1],0]],yes,no,['MTH','SNOMEDCT_US'],[38/4],0,0),ev(-744,'C0439228',days,day,[days],[tmco],[[[4,4],[1,1],0]],yes,no,['MTH','SNOMEDCT_US'],[43/4],0,0),ev(-800,'C0850149','Non-productive cough','Dry cough',[non,productive,cough],[sosy],[[[6,6],[1,1],0],[[7,8],[2,3],0]],yes,no,['CHV','MTH','OMIM','SNOMEDCT_US'],[51/20],0,0)]),map(-723,[ev(-744,'C0449450','Present','Presentation',[present],[idcn],[[[1,1],[1,1],0]],yes,no,['CHV','MTH','NCI'],[24/8],0,0),ev(-744,'C0205450','Four','Four',[four],[qnco],[[[3,3],[1,1],0]],yes,no,['MTH','SNOMEDCT_US'],[38/4],0,0),ev(-744,'C0439228',days,day,[days],[tmco],[[[4,4],[1,1],0]],yes,no,['MTH','SNOMEDCT_US'],[43/4],0,0),ev(-800,'C0850149','Non-productive cough','Dry cough',[non,productive,cough],[sosy],[[[6,6],[1,1],0],[[7,8],[2,3],0]],yes,no,['CHV','MTH','OMIM','SNOMEDCT_US'],[51/20],0,0)])]).
phrase(and,[conj([lexmatch([and]),inputmatch([and]),tag(conj),tokens([and])])],72/3,[]).
candidates(0,0,0,0,[]).
mappings([]).
phrase('one day of fever.',[mod([lexmatch([one]),inputmatch([one]),tag(noun),tokens([one])]),head([lexmatch([day]),inputmatch([day]),tag(noun),tokens([day])]),prep([lexmatch([of]),inputmatch([of]),tag(prep),tokens([of])]),mod([lexmatch([fever]),inputmatch([fever]),tag(noun),tokens([fever])]),punc([inputmatch(['.']),tokens([])])],76/17,[]).
candidates(5,0,0,5,[]).
mappings([map(-733,[ev(-604,'C0205447','One','One',[one],[qnco],[[[1,1],[1,1],0]],no,no,['MTH','SNOMEDCT_US'],[76/3],0,0),ev(-770,'C0332173','/day','Daily',[day],[tmco],[[[2,2],[1,1],0]],yes,no,['CHV','MTH','NCI','SNOMEDCT_US'],[80/3],0,0),ev(-604,'C0015967','Fever','Fever',[fever],[fndg],[[[4,4],[1,1],0]],no,no,['CHV','CSP','CST','DXP','ICD10CM','MSH','MTH','NCI','NLMSubSyn','SNMI','SNOMEDCT_US'],[87/5],0,0)]),map(-733,[ev(-604,'C0205447','One','One',[one],[qnco],[[[1,1],[1,1],0]],no,no,['MTH','SNOMEDCT_US'],[76/3],0,0),ev(-770,'C0439228',day,day,[day],[tmco],[[[2,2],[1,1],0]],yes,no,['MTH','SNOMEDCT_US'],[80/3],0,0),ev(-604,'C0015967','Fever','Fever',[fever],[fndg],[[[4,4],[1,1],0]],no,no,['CHV','CSP','CST','DXP','ICD10CM','MSH','MTH','NCI','NLMSubSyn','SNMI','SNOMEDCT_US'],[87/5],0,0)]),map(-733,[ev(-604,'C0205447','One','One',[one],[qnco],[[[1,1],[1,1],0]],no,no,['MTH','SNOMEDCT_US'],[76/3],0,0),ev(-770,'C0439505','/day','per day',[day],[tmco],[[[2,2],[1,1],0]],yes,no,['MTH','NCI','SNOMEDCT_US'],[80/3],0,0),ev(-604,'C0015967','Fever','Fever',[fever],[fndg],[[[4,4],[1,1],0]],no,no,['CHV','CSP','CST','DXP','ICD10CM','MSH','MTH','NCI','NLMSubSyn','SNMI','SNOMEDCT_US'],[87/5],0,0)])]).
'EOU'.
utterance('00000000.tx.3',"He is on immunosuppressive medications, including prednisone. ",94/62,[]).
phrase('He',[pron([lexmatch([he]),inputmatch(['He']),tag(pron),tokens([he])])],94/2,[]).
candidates(0,0,0,0,[]).
mappings([]).
phrase('is on immunosuppressive medications,',[aux([lexmatch([is]),inputmatch([is]),tag(aux),tokens([is])]),prep([lexmatch([on]),inputmatch([on]),tag(prep),tokens([on])]),mod([lexmatch([immunosuppressive]),inputmatch([immunosuppressive]),tag(adj),tokens([immunosuppressive])]),mod([lexmatch([medications]),inputmatch([medications]),tag(noun),tokens([medications])]),punc([inputmatch([',']),tokens([])])],97/36,[]).
candidates(6,1,0,5,[]).
mappings([map(-833,[ev(-833,'C2359945','immunosuppressive medications','Immunosuppressive drugs attachment:Find:Pt:^Patient:Doc',[immunosuppressive,medications],[clna],[[[3,3],[1,1],0],[[4,4],[2,2],0]],yes,no,['LNC','NLMSubSyn'],[103/29],0,0)])]).
phrase(including,[verb([lexmatch([including]),inputmatch([including]),tag(verb),tokens([including])])],134/9,[]).
candidates(3,2,0,1,[]).
mappings([map(-1000,[ev(-1000,'C0332257','Including','Including (qualifier)',[including],[ftcn],[[[1,1],[1,1],0]],yes,no,['CHV','MTH','SNOMEDCT_US'],[134/9],0,0)])]).
phrase('prednisone.',[head([lexmatch([prednisone]),inputmatch([prednisone]),tag(noun),tokens([prednisone])]),punc([inputmatch(['.']),tokens([])])],144/11,[]).
candidates(5,4,0,1,[]).
mappings([map(-1000,[ev(-1000,'C0032952','Prednisone','Prednisone',[prednisone],[horm,phsu,strd],[[[1,1],[1,1],0]],yes,no,['MSH','MTH','NCI','PDQ','SNOMEDCT_US'],[144/10],0,0)])]).
'EOU'.
utterance('00000000.tx.4',"He is admitted to the hospital, and his work-up includes bronchoscopy with bronchoalveolar lavage (BAL). ",156/105,[]).
phrase('He',[pron([lexmatch([he]),inputmatch(['He']),tag(pron),tokens([he])])],156/2,[]).
candidates(0,0,0,0,[]).
mappings([]).
phrase(is,[aux([lexmatch([is]),inputmatch([is]),tag(aux),tokens([is])])],159/2,[]).
candidates(0,0,0,0,[]).
mappings([]).
phrase('admitted to the hospital,',[verb([lexmatch([admitted]),inputmatch([admitted]),tag(verb),tokens([admitted])]),prep([lexmatch([to]),inputmatch([to]),tag(prep),tokens([to])]),det([lexmatch([the]),inputmatch([the]),tag(det),tokens([the])]),mod([lexmatch([hospital]),inputmatch([hospital]),tag(noun),tokens([hospital])]),punc([inputmatch([',']),tokens([])])],162/25,[]).
candidates(5,1,0,4,[]).
mappings([map(-819,[ev(-819,'C0184666','admitted hospital','Hospital admission',[admitted,hospital],[hlca],[[[1,1],[1,1],0],[[4,4],[2,2],0]],yes,no,['CHV','MTH','SNMI','SNOMEDCT_US'],[162/8,178/8],0,0)])]).
phrase(and,[conj([lexmatch([and]),inputmatch([and]),tag(conj),tokens([and])])],188/3,[]).
candidates(0,0,0,0,[]).
mappings([]).
phrase('his work-up',[pron([lexmatch([his]),inputmatch([his]),tag(pron),tokens([his])]),head([lexmatch(['work-up']),inputmatch([work,-,up]),tag(noun),tokens([work,up])])],192/11,[]).
candidates(2,0,0,2,[]).
mappings([map(-1000,[ev(-1000,'C0750430','Work-up','Work-up',[work,up],[diap],[[[1,2],[1,2],0]],yes,no,['CHV','NCI'],[196/7],0,0)])]).
phrase(includes,[verb([lexmatch([includes]),inputmatch([includes]),tag(verb),tokens([includes])])],204/8,[]).
candidates(3,0,0,3,[]).
mappings([map(-1000,[ev(-1000,'C0332257','Includes','Including (qualifier)',[includes],[ftcn],[[[1,1],[1,1],0]],yes,no,['CHV','MTH','SNOMEDCT_US'],[204/8],0,0)]),map(-1000,[ev(-1000,'C1552866',include,'include - SetOperator',[include],[idcn],[[[1,1],[1,1],0]],yes,no,['HL7V3.0','MTH'],[204/8],0,0)]),map(-1000,[ev(-1000,'C2700399','Include','Include (action)',[include],[acty],[[[1,1],[1,1],0]],yes,no,['MTH','NCI'],[204/8],0,0)])]).
phrase('bronchoscopy with bronchoalveolar lavage (BAL).',[head([lexmatch([bronchoscopy]),inputmatch([bronchoscopy]),tag(noun),tokens([bronchoscopy])]),prep([lexmatch([with]),inputmatch([with]),tag(prep),tokens([with])]),mod([lexmatch(['bronchoalveolar lavage']),inputmatch([bronchoalveolar,lavage]),tag(noun),tokens([bronchoalveolar,lavage])]),punc([inputmatch(['.']),tokens([])])],213/47,[]).
candidates(9,1,0,8,[]).
mappings([map(-1000,[ev(-1000,'C0396473','Bronchoscopy with Bronchoalveolar Lavage','Bronchoscopic irrigation',[bronchoscopy,with,bronchoalveolar,lavage],[diap],[[[1,1],[1,1],0],[[2,2],[2,2],0],[[3,4],[3,4],0]],yes,no,['CHV','MTH','NCI','SNOMEDCT_US'],[213/40],0,0)])]).
'EOU'.
utterance('00000000.tx.5',"BAL fluid examination reveals owl's eye inclusion bodies in the nuclei of infection cells. ",261/91,[351]).
phrase('BAL fluid examination',[mod([lexmatch(['bronchoalveolar lavage fluid']),inputmatch([bronchoalveolar,lavage,fluid]),tag(noun),tokens([bronchoalveolar,lavage,fluid])]),head([lexmatch([examination]),inputmatch([examination]),tag(noun),tokens([examination])])],261/21,[]).
candidates(11,0,0,11,[]).
mappings([map(-756,[ev(-756,'C0006279','Bronchoalveolar Lavage Fluid','Bronchoalveolar Lavage Fluid',[bronchoalveolar,lavage,fluid],[bdsu],[[[1,3],[1,3],0]],no,no,['MSH','MTH','NCI','NLMSubSyn','SNOMEDCT_US'],[261/9],0,0)])]).
phrase(reveals,[verb([lexmatch([reveals]),inputmatch([reveals]),tag(verb),tokens([reveals])])],283/7,[]).
candidates(1,0,0,1,[]).
mappings([map(-1000,[ev(-1000,'C0443289',reveal,'Revealed',[reveal],[qlco],[[[1,1],[1,1],0]],yes,no,['CHV','SNOMEDCT_US'],[283/7],0,0)])]).
phrase('owl\'s eye inclusion bodies in the nuclei of infection cells.',[mod([lexmatch([owl]),inputmatch(['owl\'s']),tag(noun),tokens([owl])]),mod([lexmatch([eye]),inputmatch([eye]),tag(noun),tokens([eye])]),head([lexmatch(['inclusion bodies']),inputmatch([inclusion,bodies]),tag(noun),tokens([inclusion,bodies])]),prep([lexmatch([in]),inputmatch([in]),tag(prep),tokens([in])]),det([lexmatch([the]),inputmatch([the]),tag(det),tokens([the])]),mod([lexmatch([nuclei]),inputmatch([nuclei]),tag(noun),tokens([nuclei])]),prep([lexmatch([of]),inputmatch([of]),tag(prep),tokens([of])]),mod([lexmatch([infection]),inputmatch([infection]),tag(noun),tokens([infection])]),mod([lexmatch([cells]),inputmatch([cells]),tag(noun),tokens([cells])]),punc([inputmatch(['.']),tokens([])])],291/60,[]).
candidates(31,13,0,18,[]).
mappings([map(-714,[ev(-573,'C0326066','Owl','Family Strigidae',[owl],[bird],[[[1,1],[1,1],0]],no,no,['MTH','SNOMEDCT_US','SNOMEDCT_VET'],[291/5],0,0),ev(-573,'C0015392','Eye','Eye',[eye],[bpoc],[[[2,2],[1,1],0]],no,no,['CHV','FMA','ICF','MTH','NCI','OMIM','SNOMEDCT_US','SNOMEDCT_VET'],[297/3],0,0),ev(-760,'C0007637','Inclusion Bodies','Inclusion Bodies',[inclusion,bodies],[celc],[[[3,4],[1,2],0]],yes,no,['CHV','GO','MSH'],[301/16],0,0),ev(-588,'C0007610','Nucleus of cell','Cell Nucleus',[nucleus,of,cell],[celc],[[[7,7],[1,1],1],[[8,8],[2,2],0],[[10,10],[3,3],1]],no,no,['FMA','MSH','MTH','NCI','SNOMEDCT_US'],[325/9,345/5],0,0),ev(-573,'C0009450','Infection, NOS','Communicable Diseases',[infection],[dsyn],[[[9,9],[1,1],0]],no,no,['AOD','CHV','LNC','MSH','MTH','NCI','NLMSubSyn','SNMI','SNOMEDCT_US'],[335/9],0,0)]),map(-714,[ev(-573,'C0326066','Owl','Family Strigidae',[owl],[bird],[[[1,1],[1,1],0]],no,no,['MTH','SNOMEDCT_US','SNOMEDCT_VET'],[291/5],0,0),ev(-573,'C1280202','Eye','Entire eye',[eye],[bpoc],[[[2,2],[1,1],0]],no,no,['MTH','NLMSubSyn','SNOMEDCT_US'],[297/3],0,0),ev(-760,'C0007637','Inclusion Bodies','Inclusion Bodies',[inclusion,bodies],[celc],[[[3,4],[1,2],0]],yes,no,['CHV','GO','MSH'],[301/16],0,0),ev(-588,'C0007610','Nucleus of cell','Cell Nucleus',[nucleus,of,cell],[celc],[[[7,7],[1,1],1],[[8,8],[2,2],0],[[10,10],[3,3],1]],no,no,['FMA','MSH','MTH','NCI','SNOMEDCT_US'],[325/9,345/5],0,0),ev(-573,'C0009450','Infection, NOS','Communicable Diseases',[infection],[dsyn],[[[9,9],[1,1],0]],no,no,['AOD','CHV','LNC','MSH','MTH','NCI','NLMSubSyn','SNMI','SNOMEDCT_US'],[335/9],0,0)]),map(-714,[ev(-573,'C0326067','Owl','Strigiformes',[owl],[bird],[[[1,1],[1,1],0]],no,no,['MSH','MTH','SNOMEDCT_US','SNOMEDCT_VET'],[291/5],0,0),ev(-573,'C0015392','Eye','Eye',[eye],[bpoc],[[[2,2],[1,1],0]],no,no,['CHV','FMA','ICF','MTH','NCI','OMIM','SNOMEDCT_US','SNOMEDCT_VET'],[297/3],0,0),ev(-760,'C0007637','Inclusion Bodies','Inclusion Bodies',[inclusion,bodies],[celc],[[[3,4],[1,2],0]],yes,no,['CHV','GO','MSH'],[301/16],0,0),ev(-588,'C0007610','Nucleus of cell','Cell Nucleus',[nucleus,of,cell],[celc],[[[7,7],[1,1],1],[[8,8],[2,2],0],[[10,10],[3,3],1]],no,no,['FMA','MSH','MTH','NCI','SNOMEDCT_US'],[325/9,345/5],0,0),ev(-573,'C0009450','Infection, NOS','Communicable Diseases',[infection],[dsyn],[[[9,9],[1,1],0]],no,no,['AOD','CHV','LNC','MSH','MTH','NCI','NLMSubSyn','SNMI','SNOMEDCT_US'],[335/9],0,0)]),map(-714,[ev(-573,'C0326067','Owl','Strigiformes',[owl],[bird],[[[1,1],[1,1],0]],no,no,['MSH','MTH','SNOMEDCT_US','SNOMEDCT_VET'],[291/5],0,0),ev(-573,'C1280202','Eye','Entire eye',[eye],[bpoc],[[[2,2],[1,1],0]],no,no,['MTH','NLMSubSyn','SNOMEDCT_US'],[297/3],0,0),ev(-760,'C0007637','Inclusion Bodies','Inclusion Bodies',[inclusion,bodies],[celc],[[[3,4],[1,2],0]],yes,no,['CHV','GO','MSH'],[301/16],0,0),ev(-588,'C0007610','Nucleus of cell','Cell Nucleus',[nucleus,of,cell],[celc],[[[7,7],[1,1],1],[[8,8],[2,2],0],[[10,10],[3,3],1]],no,no,['FMA','MSH','MTH','NCI','SNOMEDCT_US'],[325/9,345/5],0,0),ev(-573,'C0009450','Infection, NOS','Communicable Diseases',[infection],[dsyn],[[[9,9],[1,1],0]],no,no,['AOD','CHV','LNC','MSH','MTH','NCI','NLMSubSyn','SNMI','SNOMEDCT_US'],[335/9],0,0)])]).
'EOU'.
utterance('00000000.tx.6',"A 62-year-old immunosuppressed male with fever, cough and intranuclear inclusion bodies in bronchoalveolar lavage",352/113,[]).
phrase('A 62-year-old immunosuppressed male with fever,',[det([lexmatch([a]),inputmatch(['A']),tag(det),tokens([a])]),shapes([inputmatch(['62']),features([integer]),tokens(['62'])]),punc([inputmatch([-]),tokens([])]),mod([lexmatch([year]),inputmatch([year]),tag(noun),tokens([year])]),punc([inputmatch([-]),tokens([])]),mod([lexmatch([old]),inputmatch([old]),tag(noun),tokens([old])]),mod([lexmatch([immunosuppressed]),inputmatch([immunosuppressed]),tag(adj),tokens([immunosuppressed])]),head([lexmatch([male]),inputmatch([male]),tag(noun),tokens([male])]),prep([lexmatch([with]),inputmatch([with]),tag(prep),tokens([with])]),mod([lexmatch([fever]),inputmatch([fever]),tag(noun),tokens([fever])]),punc([inputmatch([',']),tokens([])])],352/47,[]).
candidates(9,0,0,9,[]).
mappings([map(-649,[ev(-578,'C0439234',year,year,[year],[tmco],[[[3,3],[1,1],0]],no,no,['MTH','NCI','SNOMEDCT_US'],[357/4],0,0),ev(-578,'C0580836','Old','Old',[old],[tmco],[[[4,4],[1,1],0]],no,no,['MTH'],[362/3],0,0),ev(-744,'C0024554','Male','Male gender',[male],[orga],[[[6,6],[1,1],0]],yes,no,['CHV','DXP','MSH','MTH','NCI','NLMSubSyn','QMR','SNOMEDCT_US'],[383/4],0,0),ev(-578,'C0015967','Fever','Fever',[fever],[fndg],[[[8,8],[1,1],0]],no,no,['CHV','CSP','CST','DXP','ICD10CM','MSH','MTH','NCI','NLMSubSyn','SNMI','SNOMEDCT_US'],[393/5],0,0)]),map(-649,[ev(-578,'C0439234',year,year,[year],[tmco],[[[3,3],[1,1],0]],no,no,['MTH','NCI','SNOMEDCT_US'],[357/4],0,0),ev(-578,'C0580836','Old','Old',[old],[tmco],[[[4,4],[1,1],0]],no,no,['MTH'],[362/3],0,0),ev(-744,'C0086582',male,'Males',[male],[popg],[[[6,6],[1,1],0]],yes,no,['CHV','MTH'],[383/4],0,0),ev(-578,'C0015967','Fever','Fever',[fever],[fndg],[[[8,8],[1,1],0]],no,no,['CHV','CSP','CST','DXP','ICD10CM','MSH','MTH','NCI','NLMSubSyn','SNMI','SNOMEDCT_US'],[393/5],0,0)]),map(-649,[ev(-578,'C0439234',year,year,[year],[tmco],[[[3,3],[1,1],0]],no,no,['MTH','NCI','SNOMEDCT_US'],[357/4],0,0),ev(-578,'C0580836','Old','Old',[old],[tmco],[[[4,4],[1,1],0]],no,no,['MTH'],[362/3],0,0),ev(-744,'C1706180','Male','Male Gender, Self Report',[male],[qlco],[[[6,6],[1,1],0]],yes,no,['MTH','NCI'],[383/4],0,0),ev(-578,'C0015967','Fever','Fever',[fever],[fndg],[[[8,8],[1,1],0]],no,no,['CHV','CSP','CST','DXP','ICD10CM','MSH','MTH','NCI','NLMSubSyn','SNMI','SNOMEDCT_US'],[393/5],0,0)]),map(-649,[ev(-578,'C0439234',year,year,[year],[tmco],[[[3,3],[1,1],0]],no,no,['MTH','NCI','SNOMEDCT_US'],[357/4],0,0),ev(-578,'C0580836','Old','Old',[old],[tmco],[[[4,4],[1,1],0]],no,no,['MTH'],[362/3],0,0),ev(-744,'C1706428','Male','Male Phenotype',[male],[qlco],[[[6,6],[1,1],0]],yes,no,['MTH','NCI'],[383/4],0,0),ev(-578,'C0015967','Fever','Fever',[fever],[fndg],[[[8,8],[1,1],0]],no,no,['CHV','CSP','CST','DXP','ICD10CM','MSH','MTH','NCI','NLMSubSyn','SNMI','SNOMEDCT_US'],[393/5],0,0)]),map(-649,[ev(-578,'C0439234',year,year,[year],[tmco],[[[3,3],[1,1],0]],no,no,['MTH','NCI','SNOMEDCT_US'],[357/4],0,0),ev(-578,'C0580836','Old','Old',[old],[tmco],[[[4,4],[1,1],0]],no,no,['MTH'],[362/3],0,0),ev(-744,'C1706429','Male','Male, Self-Reported',[male],[orga],[[[6,6],[1,1],0]],yes,no,['MTH','NCI'],[383/4],0,0),ev(-578,'C0015967','Fever','Fever',[fever],[fndg],[[[8,8],[1,1],0]],no,no,['CHV','CSP','CST','DXP','ICD10CM','MSH','MTH','NCI','NLMSubSyn','SNMI','SNOMEDCT_US'],[393/5],0,0)]),map(-649,[ev(-578,'C0439508','/year','per year',[year],[tmco],[[[3,3],[1,1],0]],no,no,['CHV','MTH','NCI','SNOMEDCT_US'],[357/4],0,0),ev(-578,'C0580836','Old','Old',[old],[tmco],[[[4,4],[1,1],0]],no,no,['MTH'],[362/3],0,0),ev(-744,'C0024554','Male','Male gender',[male],[orga],[[[6,6],[1,1],0]],yes,no,['CHV','DXP','MSH','MTH','NCI','NLMSubSyn','QMR','SNOMEDCT_US'],[383/4],0,0),ev(-578,'C0015967','Fever','Fever',[fever],[fndg],[[[8,8],[1,1],0]],no,no,['CHV','CSP','CST','DXP','ICD10CM','MSH','MTH','NCI','NLMSubSyn','SNMI','SNOMEDCT_US'],[393/5],0,0)]),map(-649,[ev(-578,'C0439508','/year','per year',[year],[tmco],[[[3,3],[1,1],0]],no,no,['CHV','MTH','NCI','SNOMEDCT_US'],[357/4],0,0),ev(-578,'C0580836','Old','Old',[old],[tmco],[[[4,4],[1,1],0]],no,no,['MTH'],[362/3],0,0),ev(-744,'C0086582',male,'Males',[male],[popg],[[[6,6],[1,1],0]],yes,no,['CHV','MTH'],[383/4],0,0),ev(-578,'C0015967','Fever','Fever',[fever],[fndg],[[[8,8],[1,1],0]],no,no,['CHV','CSP','CST','DXP','ICD10CM','MSH','MTH','NCI','NLMSubSyn','SNMI','SNOMEDCT_US'],[393/5],0,0)]),map(-649,[ev(-578,'C0439508','/year','per year',[year],[tmco],[[[3,3],[1,1],0]],no,no,['CHV','MTH','NCI','SNOMEDCT_US'],[357/4],0,0),ev(-578,'C0580836','Old','Old',[old],[tmco],[[[4,4],[1,1],0]],no,no,['MTH'],[362/3],0,0),ev(-744,'C1706180','Male','Male Gender, Self Report',[male],[qlco],[[[6,6],[1,1],0]],yes,no,['MTH','NCI'],[383/4],0,0),ev(-578,'C0015967','Fever','Fever',[fever],[fndg],[[[8,8],[1,1],0]],no,no,['CHV','CSP','CST','DXP','ICD10CM','MSH','MTH','NCI','NLMSubSyn','SNMI','SNOMEDCT_US'],[393/5],0,0)]),map(-649,[ev(-578,'C0439508','/year','per year',[year],[tmco],[[[3,3],[1,1],0]],no,no,['CHV','MTH','NCI','SNOMEDCT_US'],[357/4],0,0),ev(-578,'C0580836','Old','Old',[old],[tmco],[[[4,4],[1,1],0]],no,no,['MTH'],[362/3],0,0),ev(-744,'C1706428','Male','Male Phenotype',[male],[qlco],[[[6,6],[1,1],0]],yes,no,['MTH','NCI'],[383/4],0,0),ev(-578,'C0015967','Fever','Fever',[fever],[fndg],[[[8,8],[1,1],0]],no,no,['CHV','CSP','CST','DXP','ICD10CM','MSH','MTH','NCI','NLMSubSyn','SNMI','SNOMEDCT_US'],[393/5],0,0)]),map(-649,[ev(-578,'C0439508','/year','per year',[year],[tmco],[[[3,3],[1,1],0]],no,no,['CHV','MTH','NCI','SNOMEDCT_US'],[357/4],0,0),ev(-578,'C0580836','Old','Old',[old],[tmco],[[[4,4],[1,1],0]],no,no,['MTH'],[362/3],0,0),ev(-744,'C1706429','Male','Male, Self-Reported',[male],[orga],[[[6,6],[1,1],0]],yes,no,['MTH','NCI'],[383/4],0,0),ev(-578,'C0015967','Fever','Fever',[fever],[fndg],[[[8,8],[1,1],0]],no,no,['CHV','CSP','CST','DXP','ICD10CM','MSH','MTH','NCI','NLMSubSyn','SNMI','SNOMEDCT_US'],[393/5],0,0)])]).
phrase(cough,[head([lexmatch([cough]),inputmatch([cough]),tag(noun),tokens([cough])])],400/5,[]).
candidates(3,1,0,2,[]).
mappings([map(-1000,[ev(-1000,'C0010200','Cough','Coughing',[cough],[sosy],[[[1,1],[1,1],0]],yes,no,['CHV','MSH','MTH','SNMI','SNOMEDCT_US'],[400/5],0,0)]),map(-1000,[ev(-1000,'C1961131','Cough','Cough Adverse Event',[cough],[fndg],[[[1,1],[1,1],0]],yes,no,['MTH','NCI'],[400/5],0,0)])]).
phrase(and,[conj([lexmatch([and]),inputmatch([and]),tag(conj),tokens([and])])],406/3,[]).
candidates(0,0,0,0,[]).
mappings([]).
phrase('intranuclear inclusion bodies in bronchoalveolar lavage',[mod([lexmatch(['intranuclear inclusion']),inputmatch([intranuclear,inclusion]),tag(noun),tokens([intranuclear,inclusion])]),head([lexmatch([bodies]),inputmatch([bodies]),tag(noun),tokens([bodies])]),prep([lexmatch([in]),inputmatch([in]),tag(prep),tokens([in])]),mod([lexmatch(['bronchoalveolar lavage']),inputmatch([bronchoalveolar,lavage]),tag(noun),tokens([bronchoalveolar,lavage])])],410/55,[]).
candidates(14,2,0,12,[]).
mappings([map(-794,[ev(-833,'C1366904','Intranuclear Inclusion Bodies','Nuclear Inclusion',[intranuclear,inclusion,bodies],[celc],[[[1,2],[1,2],0],[[3,3],[3,3],0]],yes,no,['MSH','MTH','SNM','SNOMEDCT_US'],[410/29],0,0),ev(-623,'C0189381','bronchoalveolar lavage','Bronchial Lavage',[bronchoalveolar,lavage],[diap,topp],[[[5,6],[1,2],0]],no,no,['CHV','MSH','MTH','NLMSubSyn','SNOMEDCT_US'],[443/22],0,0)]),map(-794,[ev(-833,'C1366904','Intranuclear Inclusion Bodies','Nuclear Inclusion',[intranuclear,inclusion,bodies],[celc],[[[1,2],[1,2],0],[[3,3],[3,3],0]],yes,no,['MSH','MTH','SNM','SNOMEDCT_US'],[410/29],0,0),ev(-623,'C0396473','broncho-alveolar lavage','Bronchoscopic irrigation',[broncho,alveolar,lavage],[diap],[[[5,6],[1,3],0]],no,no,['CHV','MTH','NCI','SNOMEDCT_US'],[443/22],0,0)]),map(-794,[ev(-833,'C1366904','Intranuclear Inclusion Bodies','Nuclear Inclusion',[intranuclear,inclusion,bodies],[celc],[[[1,2],[1,2],0],[[3,3],[3,3],0]],yes,no,['MSH','MTH','SNM','SNOMEDCT_US'],[410/29],0,0),ev(-623,'C1535502','Bronchoalveolar Lavage','Bronchoalveolar Lavage',[bronchoalveolar,lavage],[diap,topp],[[[5,6],[1,2],0]],no,no,['CSP','MSH','MTH','NLMSubSyn','SNOMEDCT_US'],[443/22],0,0)])]).
'EOU'.
'EOT'.
