args('metamap14.BINARY.Darwin --lexicon db -Z 2014AA -qE -Q 4 ../../TREC-CDS/2015-original/20.txt ../../TREC-CDS/2015-original-MMed/20.txt.out',[lexicon-db,mm_data_year-'2014AA',machine_output-[],indicate_citation_end-[],composite_phrases-4,infile-'../../TREC-CDS/2015-original/20.txt',outfile-'../../TREC-CDS/2015-original-MMed/20.txt.out']).
aas([]).
neg_list([negation(nega,not,[790/3],['C0302539':spell],[794/5]),negation(nega,not,[833/3],['C2370909':'Simple calculation'],[904/19]),negation(nega,not,[833/3],['C1299582':'Unable'],[886/6])]).
utterance('00000000.tx.1',"test. ",0/6,[5]).
phrase('test.',[head([lexmatch([test]),inputmatch([test]),tag(noun),tokens([test])]),punc([inputmatch(['.']),tokens([])])],0/5,[]).
candidates(3,0,0,3,[]).
mappings([map(-1000,[ev(-1000,'C0022885','Test','Laboratory Procedures',[test],[lbpr],[[[1,1],[1,1],0]],yes,no,['CHV','MEDLINEPLUS','MTH','NCI','NLMSubSyn','SNM','SNMI','SNOMEDCT_US'],[0/4],0,0)]),map(-1000,[ev(-1000,'C0039593','Test','Testing',[test],[ftcn],[[[1,1],[1,1],0]],yes,no,['CHV','MTH','NCI','NLMSubSyn'],[0/4],0,0)]),map(-1000,[ev(-1000,'C0392366',test,'Tests (qualifier value)',[test],[inpr],[[[1,1],[1,1],0]],yes,no,['CHV','SNOMEDCT_US'],[0/4],0,0)])]).
'EOU'.
utterance('00000000.tx.2',"An 89-year-old man was brought to the emergency department by his wife and son after six months of progressive changes in cognition and personality. ",6/149,[]).
phrase('An 89-year-old man',[det([lexmatch([an]),inputmatch(['An']),tag(det),tokens([an])]),shapes([inputmatch(['89']),features([integer]),tokens(['89'])]),punc([inputmatch([-]),tokens([])]),mod([lexmatch([year]),inputmatch([year]),tag(noun),tokens([year])]),punc([inputmatch([-]),tokens([])]),mod([lexmatch([old]),inputmatch([old]),tag(noun),tokens([old])]),head([lexmatch([man]),inputmatch([man]),tag(noun),tokens([man])])],6/18,[]).
candidates(6,0,0,6,[]).
mappings([map(-775,[ev(-645,'C0439234',year,year,[year],[tmco],[[[2,2],[1,1],0]],no,no,['MTH','NCI','SNOMEDCT_US'],[12/4],0,0),ev(-645,'C0580836','Old','Old',[old],[tmco],[[[3,3],[1,1],0]],no,no,['MTH'],[17/3],0,0),ev(-812,'C0024554','MAN','Male gender',[man],[orga],[[[4,4],[1,1],0]],yes,no,['CHV','DXP','MSH','MTH','NCI','NLMSubSyn','QMR','SNOMEDCT_US'],[21/3],0,0)]),map(-775,[ev(-645,'C0439234',year,year,[year],[tmco],[[[2,2],[1,1],0]],no,no,['MTH','NCI','SNOMEDCT_US'],[12/4],0,0),ev(-645,'C0580836','Old','Old',[old],[tmco],[[[3,3],[1,1],0]],no,no,['MTH'],[17/3],0,0),ev(-812,'C0025266','Man','Male population group',[man],[popg],[[[4,4],[1,1],0]],yes,no,['MSH','MTH','NCI','NLMSubSyn','SNOMEDCT_US'],[21/3],0,0)]),map(-775,[ev(-645,'C0439234',year,year,[year],[tmco],[[[2,2],[1,1],0]],no,no,['MTH','NCI','SNOMEDCT_US'],[12/4],0,0),ev(-645,'C0580836','Old','Old',[old],[tmco],[[[3,3],[1,1],0]],no,no,['MTH'],[17/3],0,0),ev(-812,'C0086418','Man','Homo sapiens',[man],[humn],[[[4,4],[1,1],0]],yes,no,['MSH','MTH','NCI','SNMI','SNOMEDCT_US','SNOMEDCT_VET'],[21/3],0,0)]),map(-775,[ev(-645,'C0439508','/year','per year',[year],[tmco],[[[2,2],[1,1],0]],no,no,['CHV','MTH','NCI','SNOMEDCT_US'],[12/4],0,0),ev(-645,'C0580836','Old','Old',[old],[tmco],[[[3,3],[1,1],0]],no,no,['MTH'],[17/3],0,0),ev(-812,'C0024554','MAN','Male gender',[man],[orga],[[[4,4],[1,1],0]],yes,no,['CHV','DXP','MSH','MTH','NCI','NLMSubSyn','QMR','SNOMEDCT_US'],[21/3],0,0)]),map(-775,[ev(-645,'C0439508','/year','per year',[year],[tmco],[[[2,2],[1,1],0]],no,no,['CHV','MTH','NCI','SNOMEDCT_US'],[12/4],0,0),ev(-645,'C0580836','Old','Old',[old],[tmco],[[[3,3],[1,1],0]],no,no,['MTH'],[17/3],0,0),ev(-812,'C0025266','Man','Male population group',[man],[popg],[[[4,4],[1,1],0]],yes,no,['MSH','MTH','NCI','NLMSubSyn','SNOMEDCT_US'],[21/3],0,0)]),map(-775,[ev(-645,'C0439508','/year','per year',[year],[tmco],[[[2,2],[1,1],0]],no,no,['CHV','MTH','NCI','SNOMEDCT_US'],[12/4],0,0),ev(-645,'C0580836','Old','Old',[old],[tmco],[[[3,3],[1,1],0]],no,no,['MTH'],[17/3],0,0),ev(-812,'C0086418','Man','Homo sapiens',[man],[humn],[[[4,4],[1,1],0]],yes,no,['MSH','MTH','NCI','SNMI','SNOMEDCT_US','SNOMEDCT_VET'],[21/3],0,0)])]).
phrase(was,[aux([lexmatch([was]),inputmatch([was]),tag(aux),tokens([was])])],25/3,[]).
candidates(0,0,0,0,[]).
mappings([]).
phrase('brought to the emergency department',[verb([lexmatch([brought]),inputmatch([brought]),tag(verb),tokens([brought])]),prep([lexmatch([to]),inputmatch([to]),tag(prep),tokens([to])]),det([lexmatch([the]),inputmatch([the]),tag(det),tokens([the])]),mod([lexmatch(['emergency department']),inputmatch([emergency,department]),tag(noun),tokens([emergency,department])])],29/35,[]).
candidates(6,0,0,6,[]).
mappings([map(-745,[ev(-760,'C0332302',brought,'Brought on by',[brought],[ftcn],[[[1,1],[1,1],0]],yes,no,['CHV','SNMI'],[29/7],0,0),ev(-806,'C0562508','Emergency Department','Accident and Emergency department',[emergency,department],[hcro],[[[4,5],[1,2],0]],yes,no,['CHV','MSH','MTH','NCI','NLMSubSyn','SNOMEDCT_US'],[44/20],0,0)])]).
phrase('by his wife',[prep([lexmatch([by]),inputmatch([by]),tag(prep),tokens([by])]),pron([lexmatch([his]),inputmatch([his]),tag(pron),tokens([his])]),head([lexmatch([wife]),inputmatch([wife]),tag(noun),tokens([wife])])],65/11,[]).
candidates(2,0,0,2,[]).
mappings([map(-1000,[ev(-1000,'C0242665',wife,wife,[wife],[famg],[[[1,1],[1,1],0]],yes,no,['MSH','MTH'],[72/4],0,0)]),map(-1000,[ev(-1000,'C1556153',wife,'wife - RoleCode',[wife],[inpr],[[[1,1],[1,1],0]],yes,no,['HL7V3.0','MTH'],[72/4],0,0)])]).
phrase(and,[conj([lexmatch([and]),inputmatch([and]),tag(conj),tokens([and])])],77/3,[]).
candidates(0,0,0,0,[]).
mappings([]).
phrase('son after six months of progressive changes',[head([lexmatch([son]),inputmatch([son]),tag(noun),tokens([son])]),prep([lexmatch([after]),inputmatch([after]),tag(prep),tokens([after])]),shapes([inputmatch([six]),features([word_numeral]),tokens([six])]),mod([lexmatch([months]),inputmatch([months]),tag(noun),tokens([months])]),prep([lexmatch([of]),inputmatch([of]),tag(prep),tokens([of])]),mod([lexmatch([progressive]),inputmatch([progressive]),tag(adj),tokens([progressive])]),mod([lexmatch([changes]),inputmatch([changes]),tag(noun),tokens([changes])])],81/43,[]).
candidates(8,2,0,6,[]).
mappings([map(-683,[ev(-748,'C0037683','Son','Son (person)',[son],[famg],[[[1,1],[1,1],0]],yes,no,['MSH','SNOMEDCT_US'],[81/3],0,0),ev(-581,'C0205452','Six','Six',[six],[qnco],[[[3,3],[1,1],0]],no,no,['MTH','SNOMEDCT_US'],[91/3],0,0),ev(-581,'C0439231',months,month,[months],[tmco],[[[4,4],[1,1],0]],no,no,['MTH','SNOMEDCT_US'],[95/6],0,0),ev(-581,'C0205329','Progressive','Progressive',[progressive],[ftcn],[[[6,6],[1,1],0]],no,no,['CHV','MTH','SNOMEDCT_US'],[105/11],0,0),ev(-581,'C0392747',changes,'Changing',[changes],[ftcn],[[[7,7],[1,1],0]],no,no,['CHV','HL7V3.0','MTH','NCI','SNMI','SNOMEDCT_US'],[117/7],0,0)]),map(-683,[ev(-748,'C0037683','Son','Son (person)',[son],[famg],[[[1,1],[1,1],0]],yes,no,['MSH','SNOMEDCT_US'],[81/3],0,0),ev(-581,'C0205452','Six','Six',[six],[qnco],[[[3,3],[1,1],0]],no,no,['MTH','SNOMEDCT_US'],[91/3],0,0),ev(-581,'C0439231',months,month,[months],[tmco],[[[4,4],[1,1],0]],no,no,['MTH','SNOMEDCT_US'],[95/6],0,0),ev(-581,'C0205329','Progressive','Progressive',[progressive],[ftcn],[[[6,6],[1,1],0]],no,no,['CHV','MTH','SNOMEDCT_US'],[105/11],0,0),ev(-581,'C0443172',changes,'Changed status',[changes],[qnco],[[[7,7],[1,1],0]],no,no,['CHV','MTH','NLMSubSyn','SNOMEDCT_US'],[117/7],0,0)])]).
phrase('in cognition',[prep([lexmatch([in]),inputmatch([in]),tag(prep),tokens([in])]),head([lexmatch([cognition]),inputmatch([cognition]),tag(noun),tokens([cognition])])],125/12,[]).
candidates(3,2,0,1,[]).
mappings([map(-1000,[ev(-1000,'C0009240','Cognition','Cognition',[cognition],[menp],[[[1,1],[1,1],0]],yes,no,['AOD','CHV','MTH'],[128/9],0,0)])]).
phrase(and,[conj([lexmatch([and]),inputmatch([and]),tag(conj),tokens([and])])],138/3,[]).
candidates(0,0,0,0,[]).
mappings([]).
phrase('personality.',[head([lexmatch([personality]),inputmatch([personality]),tag(noun),tokens([personality])]),punc([inputmatch(['.']),tokens([])])],142/12,[]).
candidates(2,0,0,2,[]).
mappings([map(-1000,[ev(-1000,'C0003944',personality,'As If Personality',[personality],[mobd],[[[1,1],[1,1],0]],yes,no,['CHV','MTH'],[142/11],0,0)]),map(-1000,[ev(-1000,'C0031208','Personality','Personality',[personality],[menp],[[[1,1],[1,1],0]],yes,no,['MSH','MTH','SNOMEDCT_US'],[142/11],0,0)])]).
'EOU'.
utterance('00000000.tx.3',"He began to have poor memory, difficulty expressing himself, and exhibited unusual behaviors, such as pouring milk onto the table and undressing immediately after getting dressed. ",155/180,[]).
phrase('He',[pron([lexmatch([he]),inputmatch(['He']),tag(pron),tokens([he])])],155/2,[]).
candidates(0,0,0,0,[]).
mappings([]).
phrase(began,[verb([lexmatch([began]),inputmatch([began]),tag(verb),tokens([began])])],158/5,[]).
candidates(1,0,0,1,[]).
mappings([map(-966,[ev(-966,'C0439659','Begin','Beginning',[begin],[tmco],[[[1,1],[1,1],1]],yes,no,['CHV','MTH','NCI','SNOMEDCT_US'],[158/5],0,0)])]).
phrase(to,[adv([lexmatch([to]),inputmatch([to]),tag(adv),tokens([to])])],164/2,[]).
candidates(1,0,0,1,[]).
mappings([map(-1000,[ev(-1000,'C1883351','To','To',[to],[qlco],[[[1,1],[1,1],0]],yes,no,['MTH'],[164/2],0,0)])]).
phrase(have,[aux([lexmatch([have]),inputmatch([have]),tag(aux),tokens([have])])],167/4,[]).
candidates(0,0,0,0,[]).
mappings([]).
phrase('poor memory,',[mod([lexmatch([poor]),inputmatch([poor]),tag(adj),tokens([poor])]),head([lexmatch([memory]),inputmatch([memory]),tag(noun),tokens([memory])]),punc([inputmatch([',']),tokens([])])],172/12,[]).
candidates(8,1,0,7,[]).
mappings([map(-1000,[ev(-1000,'C0233794','Poor memory','Memory impairment',[poor,memory],[mobd],[[[1,1],[1,1],0],[[2,2],[2,2],0]],yes,no,['CHV','CST','ICPC','MSH','MTH','NLMSubSyn','SNMI','SNOMEDCT_US'],[172/11],0,0)])]).
phrase(difficulty,[head([lexmatch([difficulty]),inputmatch([difficulty]),tag(noun),tokens([difficulty])])],185/10,[]).
candidates(2,1,0,1,[]).
mappings([map(-1000,[ev(-1000,'C1299586','Difficulty','Difficulty',[difficulty],[fndg],[[[1,1],[1,1],0]],yes,no,['CHV','SNOMEDCT_US'],[185/10],0,0)])]).
phrase(expressing,[verb([lexmatch([expressing]),inputmatch([expressing]),tag(verb),tokens([expressing])])],196/10,[]).
candidates(0,0,0,0,[]).
mappings([]).
phrase('himself,',[pron([lexmatch([himself]),inputmatch([himself]),tag(pron),tokens([himself])]),punc([inputmatch([',']),tokens([])])],207/8,[]).
candidates(0,0,0,0,[]).
mappings([]).
phrase(and,[conj([lexmatch([and]),inputmatch([and]),tag(conj),tokens([and])])],216/3,[]).
candidates(0,0,0,0,[]).
mappings([]).
phrase('exhibited unusual behaviors,',[mod([lexmatch([exhibited]),inputmatch([exhibited]),tag(adj),tokens([exhibited])]),mod([lexmatch([unusual]),inputmatch([unusual]),tag(adj),tokens([unusual])]),head([lexmatch([behaviors]),inputmatch([behaviors]),tag(noun),tokens([behaviors])]),punc([inputmatch([',']),tokens([])])],220/28,[]).
candidates(6,2,0,4,[]).
mappings([map(-840,[ev(-627,'C0015272','Exhibit','Exhibits as Topic',[exhibit],[inpr],[[[1,1],[1,1],1]],no,no,['CHV','MSH','MTH','NCI'],[220/9],0,0),ev(-660,'C2700116','Unusual','Unusual',[unusual],[qlco],[[[2,2],[1,1],0]],no,no,['NCI'],[230/7],0,0),ev(-827,'C0004927','Behaviors','Behavior',[behaviors],[inbe],[[[3,3],[1,1],0]],yes,no,['AOD','CHV','GO','MSH','MTH','NCI','SNMI','SNOMEDCT_US'],[238/9],0,0)]),map(-840,[ev(-627,'C0015272','Exhibit','Exhibits as Topic',[exhibit],[inpr],[[[1,1],[1,1],1]],no,no,['CHV','MSH','MTH','NCI'],[220/9],0,0),ev(-660,'C2700116','Unusual','Unusual',[unusual],[qlco],[[[2,2],[1,1],0]],no,no,['NCI'],[230/7],0,0),ev(-827,'C0677505',behaviors,'Behaviors and observations relating to behavior',[behaviors],[fndg],[[[3,3],[1,1],0]],yes,no,['CHV','MTH'],[238/9],0,0)])]).
phrase('such as pouring milk onto the table',[prep([lexmatch(['such as']),inputmatch([such,as]),tag(prep),tokens([such,as])]),mod([lexmatch([pouring]),inputmatch([pouring]),tag(noun),tokens([pouring])]),head([lexmatch([milk]),inputmatch([milk]),tag(noun),tokens([milk])]),prep([lexmatch([onto]),inputmatch([onto]),tag(prep),tokens([onto])]),det([lexmatch([the]),inputmatch([the]),tag(det),tokens([the])]),mod([lexmatch([table]),inputmatch([table]),tag(noun),tokens([table])])],249/35,[]).
candidates(10,3,0,7,[]).
mappings([map(-663,[ev(-748,'C0026131','Milk','Milk (body substance)',[milk],[bdsu],[[[4,4],[1,1],0]],yes,no,['CHV','MSH','MTH','NCI','NLMSubSyn'],[265/4],0,0),ev(-581,'C0039224','Table','Table - furniture',[table],[mnob],[[[7,7],[1,1],0]],no,no,['CHV','MTH','SNOMEDCT_US'],[279/5],0,0)]),map(-663,[ev(-748,'C0026131','Milk','Milk (body substance)',[milk],[bdsu],[[[4,4],[1,1],0]],yes,no,['CHV','MSH','MTH','NCI','NLMSubSyn'],[265/4],0,0),ev(-581,'C1706073','Table','Table Device Component',[table],[medd],[[[7,7],[1,1],0]],no,no,['MTH','NCI'],[279/5],0,0)]),map(-663,[ev(-748,'C0026131','Milk','Milk (body substance)',[milk],[bdsu],[[[4,4],[1,1],0]],yes,no,['CHV','MSH','MTH','NCI','NLMSubSyn'],[265/4],0,0),ev(-581,'C1706074','Table','Data Table',[table],[inpr],[[[7,7],[1,1],0]],no,no,['MSH','MTH','NCI'],[279/5],0,0)]),map(-663,[ev(-748,'C0349374','Milk','Cow\'s milk',[milk],[food],[[[4,4],[1,1],0]],yes,no,['CHV','MTH','NCI'],[265/4],0,0),ev(-581,'C0039224','Table','Table - furniture',[table],[mnob],[[[7,7],[1,1],0]],no,no,['CHV','MTH','SNOMEDCT_US'],[279/5],0,0)]),map(-663,[ev(-748,'C0349374','Milk','Cow\'s milk',[milk],[food],[[[4,4],[1,1],0]],yes,no,['CHV','MTH','NCI'],[265/4],0,0),ev(-581,'C1706073','Table','Table Device Component',[table],[medd],[[[7,7],[1,1],0]],no,no,['MTH','NCI'],[279/5],0,0)]),map(-663,[ev(-748,'C0349374','Milk','Cow\'s milk',[milk],[food],[[[4,4],[1,1],0]],yes,no,['CHV','MTH','NCI'],[265/4],0,0),ev(-581,'C1706074','Table','Data Table',[table],[inpr],[[[7,7],[1,1],0]],no,no,['MSH','MTH','NCI'],[279/5],0,0)]),map(-663,[ev(-748,'C0444318','Milk','Milk Specimen',[milk],[sbst],[[[4,4],[1,1],0]],yes,no,['HL7V3.0','MTH','NLMSubSyn','SNOMEDCT_US'],[265/4],0,0),ev(-581,'C0039224','Table','Table - furniture',[table],[mnob],[[[7,7],[1,1],0]],no,no,['CHV','MTH','SNOMEDCT_US'],[279/5],0,0)]),map(-663,[ev(-748,'C0444318','Milk','Milk Specimen',[milk],[sbst],[[[4,4],[1,1],0]],yes,no,['HL7V3.0','MTH','NLMSubSyn','SNOMEDCT_US'],[265/4],0,0),ev(-581,'C1706073','Table','Table Device Component',[table],[medd],[[[7,7],[1,1],0]],no,no,['MTH','NCI'],[279/5],0,0)]),map(-663,[ev(-748,'C0444318','Milk','Milk Specimen',[milk],[sbst],[[[4,4],[1,1],0]],yes,no,['HL7V3.0','MTH','NLMSubSyn','SNOMEDCT_US'],[265/4],0,0),ev(-581,'C1706074','Table','Data Table',[table],[inpr],[[[7,7],[1,1],0]],no,no,['MSH','MTH','NCI'],[279/5],0,0)]),map(-663,[ev(-748,'C2825079','Milk','Milk - dietary',[milk],[food],[[[4,4],[1,1],0]],yes,no,['SNOMEDCT_US'],[265/4],0,0),ev(-581,'C0039224','Table','Table - furniture',[table],[mnob],[[[7,7],[1,1],0]],no,no,['CHV','MTH','SNOMEDCT_US'],[279/5],0,0)]),map(-663,[ev(-748,'C2825079','Milk','Milk - dietary',[milk],[food],[[[4,4],[1,1],0]],yes,no,['SNOMEDCT_US'],[265/4],0,0),ev(-581,'C1706073','Table','Table Device Component',[table],[medd],[[[7,7],[1,1],0]],no,no,['MTH','NCI'],[279/5],0,0)]),map(-663,[ev(-748,'C2825079','Milk','Milk - dietary',[milk],[food],[[[4,4],[1,1],0]],yes,no,['SNOMEDCT_US'],[265/4],0,0),ev(-581,'C1706074','Table','Data Table',[table],[inpr],[[[7,7],[1,1],0]],no,no,['MSH','MTH','NCI'],[279/5],0,0)])]).
phrase(and,[conj([lexmatch([and]),inputmatch([and]),tag(conj),tokens([and])])],285/3,[]).
candidates(0,0,0,0,[]).
mappings([]).
phrase(undressing,[verb([lexmatch([undressing]),inputmatch([undressing]),tag(verb),tokens([undressing])])],289/10,[]).
candidates(1,0,0,1,[]).
mappings([map(-966,[ev(-966,'C0424470',undress,'Undressed',[undress],[fndg],[[[1,1],[1,1],1]],yes,no,['CHV','SNOMEDCT_US'],[289/10],0,0)])]).
phrase(immediately,[adv([lexmatch([immediately]),inputmatch([immediately]),tag(adv),tokens([immediately])])],300/11,[]).
candidates(1,0,0,1,[]).
mappings([map(-1000,[ev(-1000,'C0205548','Immediately','Stat (do immediately)',[immediately],[tmco],[[[1,1],[1,1],0]],yes,no,['HL7V2.5','NCI','SNOMEDCT_US'],[300/11],0,0)])]).
phrase(after,[conj([lexmatch([after]),inputmatch([after]),tag(conj),tokens([after])])],312/5,[]).
candidates(0,0,0,0,[]).
mappings([]).
phrase(getting,[head([lexmatch([getting]),inputmatch([getting]),tag(noun),tokens([getting])])],318/7,[]).
candidates(0,0,0,0,[]).
mappings([]).
phrase('dressed.',[verb([lexmatch([dressed]),inputmatch([dressed]),tag(verb),tokens([dressed])]),punc([inputmatch(['.']),tokens([])])],326/8,[]).
candidates(1,0,0,1,[]).
mappings([map(-966,[ev(-966,'C0453926','Dress','dress garment',[dress],[mnob],[[[1,1],[1,1],1]],yes,no,['CHV','MTH','SNOMEDCT_US'],[326/7],0,0)])]).
'EOU'.
utterance('00000000.tx.4',"He is unable to dress, bathe, use the toilet, or walk independently. ",335/69,[]).
phrase('He',[pron([lexmatch([he]),inputmatch(['He']),tag(pron),tokens([he])])],335/2,[]).
candidates(0,0,0,0,[]).
mappings([]).
phrase(is,[aux([lexmatch([is]),inputmatch([is]),tag(aux),tokens([is])])],338/2,[]).
candidates(0,0,0,0,[]).
mappings([]).
phrase('unable to',[mod([lexmatch([unable]),inputmatch([unable]),tag(adj),tokens([unable])]),adv([lexmatch([to]),inputmatch([to]),tag(adv),tokens([to])])],341/9,[]).
candidates(1,0,0,1,[]).
mappings([map(-861,[ev(-861,'C1299582','Unable','Unable',[unable],[fndg],[[[1,1],[1,1],0]],yes,no,['SNOMEDCT_US'],[341/6],0,0)])]).
phrase(dress,[verb([lexmatch([dress]),inputmatch([dress]),tag(verb),tokens([dress])])],351/5,[]).
candidates(1,0,0,1,[]).
mappings([map(-1000,[ev(-1000,'C0453926','Dress','dress garment',[dress],[mnob],[[[1,1],[1,1],0]],yes,no,['CHV','MTH','SNOMEDCT_US'],[351/5],0,0)])]).
phrase(',',[punc([inputmatch([',']),tokens([])])],356/1,[]).
candidates(0,0,0,0,[]).
mappings([]).
phrase('bathe,',[head([lexmatch([bathe]),inputmatch([bathe]),tag(noun),tokens([bathe])]),punc([inputmatch([',']),tokens([])])],358/6,[]).
candidates(1,0,0,1,[]).
mappings([map(-1000,[ev(-1000,'C0150141','Bathe','Bathing',[bathe],[topp],[[[1,1],[1,1],0]],yes,no,['CHV','MSH','MTH','NCI'],[358/5],0,0)])]).
phrase(use,[verb([lexmatch([use]),inputmatch([use]),tag(verb),tokens([use])])],365/3,[]).
candidates(3,0,0,3,[]).
mappings([map(-1000,[ev(-1000,'C0042153',use,'utilization qualifier',[use],[ftcn],[[[1,1],[1,1],0]],yes,no,['MSH','MTH'],[365/3],0,0)]),map(-1000,[ev(-1000,'C0457083','Use','Usage',[use],[ftcn],[[[1,1],[1,1],0]],yes,no,['CHV','HL7V3.0','MTH','NCI'],[365/3],0,0)]),map(-1000,[ev(-1000,'C1947944','Use','Use - dosing instruction imperative',[use],[inpr],[[[1,1],[1,1],0]],yes,no,['SNOMEDCT_US'],[365/3],0,0)])]).
phrase('the toilet,',[det([lexmatch([the]),inputmatch([the]),tag(det),tokens([the])]),head([lexmatch([toilet]),inputmatch([toilet]),tag(noun),tokens([toilet])]),punc([inputmatch([',']),tokens([])])],369/11,[]).
candidates(1,0,0,1,[]).
mappings([map(-1000,[ev(-1000,'C0184958','Toilet','Toilet procedure',[toilet],[topp],[[[1,1],[1,1],0]],yes,no,['MTH','SNOMEDCT_US'],[373/6],0,0)])]).
phrase(or,[conj([lexmatch([or]),inputmatch([or]),tag(conj),tokens([or])])],381/2,[]).
candidates(0,0,0,0,[]).
mappings([]).
phrase(walk,[verb([lexmatch([walk]),inputmatch([walk]),tag(verb),tokens([walk])])],384/4,[]).
candidates(1,0,0,1,[]).
mappings([map(-1000,[ev(-1000,'C0080331','Walk','Walking (activity)',[walk],[dora],[[[1,1],[1,1],0]],yes,no,['MSH','MTH','NCI'],[384/4],0,0)])]).
phrase('independently.',[adv([lexmatch([independently]),inputmatch([independently]),tag(adv),tokens([independently])]),punc([inputmatch(['.']),tokens([])])],389/14,[]).
candidates(0,0,0,0,[]).
mappings([]).
'EOU'.
utterance('00000000.tx.5',"On examination the patient's temperature was 36.5 C (97.7 F), the heart rate 61 bpm in an irregular rhythm, the blood pressure 144/78 mm Hg, and the respiratory rate 18 bpm. ",404/174,[]).
phrase('On examination',[prep([lexmatch([on]),inputmatch(['On']),tag(prep),tokens([on])]),head([lexmatch([examination]),inputmatch([examination]),tag(noun),tokens([examination])])],404/14,[]).
candidates(0,0,0,0,[]).
mappings([]).
phrase('the patient\'s temperature',[det([lexmatch([the]),inputmatch([the]),tag(det),tokens([the])]),mod([lexmatch([patient]),inputmatch(['patient\'s']),tag(noun),tokens([patient])]),head([lexmatch([temperature]),inputmatch([temperature]),tag(noun),tokens([temperature])])],419/25,[]).
candidates(3,0,0,3,[]).
mappings([map(-888,[ev(-694,'C0030705','*^patient','Patients',[patient],[podg],[[[1,1],[1,1],0]],no,no,['LNC','MTH','NCI','SNOMEDCT_US'],[423/9],0,0),ev(-861,'C0005903',temperature,'Body Temperature',[temperature],[orga],[[[2,2],[1,1],0]],yes,no,['CHV','MSH','MTH','SNOMEDCT_US'],[433/11],0,0)]),map(-888,[ev(-694,'C0030705','*^patient','Patients',[patient],[podg],[[[1,1],[1,1],0]],no,no,['LNC','MTH','NCI','SNOMEDCT_US'],[423/9],0,0),ev(-861,'C0039476','*Temperature','Temperature',[temperature],[qnco],[[[2,2],[1,1],0]],yes,no,['HL7V2.5','MSH','MTH','NCI'],[433/11],0,0)])]).
phrase(was,[aux([lexmatch([was]),inputmatch([was]),tag(aux),tokens([was])])],445/3,[]).
candidates(0,0,0,0,[]).
mappings([]).
phrase('36.5 C',[shapes([inputmatch(['36','.','5']),features([real_number]),tokens(['36','5'])]),head([lexmatch([c]),inputmatch(['C']),tag(noun),tokens([c])])],449/6,[]).
candidates(0,0,0,0,[]).
mappings([]).
phrase('(97.7 F',[punc([inputmatch(['(']),tokens([])]),shapes([inputmatch(['97','.','7']),features([real_number]),tokens(['97','7'])]),head([lexmatch([f]),inputmatch(['F']),tag(noun),tokens([f])])],456/7,[]).
candidates(3,0,0,3,[]).
mappings([map(-802,[ev(-660,'C0439073','97','Arabic numeral 97',['97'],[inpr],[[[1,1],[1,1],0]],no,no,['SNOMEDCT_US'],[457/2],0,0),ev(-827,'C0016327','F-','Fluorides',[f],[inch,phsu],[[[3,3],[1,1],0]],yes,no,['CHV','MSH','MTH','NCI','SNOMEDCT_US'],[462/1],0,0)]),map(-802,[ev(-660,'C0439082','>97','>97',['97'],[qnco],[[[1,1],[1,1],0]],no,no,['SNOMEDCT_US'],[457/2],0,0),ev(-827,'C0016327','F-','Fluorides',[f],[inch,phsu],[[[3,3],[1,1],0]],yes,no,['CHV','MSH','MTH','NCI','SNOMEDCT_US'],[462/1],0,0)])]).
phrase(')',[punc([inputmatch([')']),tokens([])])],463/1,[]).
candidates(0,0,0,0,[]).
mappings([]).
phrase(',',[punc([inputmatch([',']),tokens([])])],464/1,[]).
candidates(0,0,0,0,[]).
mappings([]).
phrase('the heart rate 61 bpm in an irregular rhythm,',[det([lexmatch([the]),inputmatch([the]),tag(det),tokens([the])]),mod([lexmatch(['heart rate']),inputmatch([heart,rate]),tag(noun),tokens([heart,rate])]),shapes([inputmatch(['61']),features([integer]),tokens(['61'])]),head([lexmatch([bpm]),inputmatch([bpm]),tag(noun),tokens([bpm])]),prep([lexmatch([in]),inputmatch([in]),tag(prep),tokens([in])]),det([lexmatch([an]),inputmatch([an]),tag(det),tokens([an])]),mod([lexmatch([irregular]),inputmatch([irregular]),tag(adj),tokens([irregular])]),mod([lexmatch([rhythm]),inputmatch([rhythm]),tag(noun),tokens([rhythm])]),punc([inputmatch([',']),tokens([])])],466/45,[]).
candidates(14,1,0,13,[]).
mappings([map(-557,[ev(-617,'C0237314','Irregular heart rate','Irregular heart beat',[irregular,heart,rate],[fndg],[[[8,8],[1,1],0],[[2,3],[2,3],0]],no,no,['CHV','MTH','NLMSubSyn','OMIM','SNOMEDCT_US'],[470/10,494/9],0,0),ev(-575,'C0871269','Rhythm','Rhythm',[rhythm],[fndg],[[[9,9],[1,1],0]],no,no,['CHV','MTH'],[504/6],0,0)]),map(-557,[ev(-617,'C0237314','Irregular heart rate','Irregular heart beat',[irregular,heart,rate],[fndg],[[[8,8],[1,1],0],[[2,3],[2,3],0]],no,no,['CHV','MTH','NLMSubSyn','OMIM','SNOMEDCT_US'],[470/10,494/9],0,0),ev(-575,'C1523018',rhythm,'rhythmic process (biological)',[rhythm],[phsf],[[[9,9],[1,1],0]],no,no,['GO','MTH'],[504/6],0,0)]),map(-557,[ev(-617,'C0488795','Heart rate rhythm','Heart beat rhythm:Type:Point in time:To be specified in another part of the message:Nominal',[heart,rate,rhythm],[clna],[[[2,3],[1,2],0],[[9,9],[3,3],0]],no,no,['LNC','MTH'],[470/10,504/6],0,0),ev(-575,'C0205271','Irregular','Irregular',[irregular],[qlco],[[[8,8],[1,1],0]],no,no,['SNOMEDCT_US'],[494/9],0,0)]),map(-557,[ev(-617,'C0489522','Heart rate rhythm','Heart rate rhythm',[heart,rate,rhythm],[orga],[[[2,3],[1,2],0],[[9,9],[3,3],0]],no,no,['MTH'],[470/10,504/6],0,0),ev(-575,'C0205271','Irregular','Irregular',[irregular],[qlco],[[[8,8],[1,1],0]],no,no,['SNOMEDCT_US'],[494/9],0,0)]),map(-557,[ev(-617,'C0744683','heart irregular rhythm','heart rhythm irregular',[heart,irregular,rhythm],[fndg],[[[2,2],[1,1],0],[[8,8],[2,2],0],[[9,9],[3,3],0]],no,no,['CHV','NLMSubSyn'],[470/5,494/16],0,0),ev(-575,'C0871208','Rate','Rating (action)',[rate],[acty],[[[3,3],[1,1],0]],no,no,['MTH','NCI'],[476/4],0,0)]),map(-557,[ev(-617,'C0744683','heart irregular rhythm','heart rhythm irregular',[heart,irregular,rhythm],[fndg],[[[2,2],[1,1],0],[[8,8],[2,2],0],[[9,9],[3,3],0]],no,no,['CHV','NLMSubSyn'],[470/5,494/16],0,0),ev(-575,'C1521828','Rate','Rate',[rate],[qnco],[[[3,3],[1,1],0]],no,no,['MTH'],[476/4],0,0)])]).
phrase('the blood pressure 144/78 mm Hg,',[det([lexmatch([the]),inputmatch([the]),tag(det),tokens([the])]),mod([lexmatch(['blood pressure']),inputmatch([blood,pressure]),tag(noun),tokens([blood,pressure])]),shapes([inputmatch(['144',/,'78']),features([fraction]),tokens(['144','78'])]),head([lexmatch(['mm hg']),inputmatch([mm,'Hg']),tag(noun),tokens([mm,hg])]),punc([inputmatch([',']),tokens([])])],512/32,[]).
candidates(21,7,0,14,[]).
mappings([map(-814,[ev(-660,'C0005823','Blood Pressure','Blood Pressure',[blood,pressure],[orgf],[[[1,2],[1,2],0]],no,no,['MTH','NLMSubSyn','SNOMEDCT_US'],[516/14],0,0),ev(-827,'C0439475',mmHg,mmHg,[mmhg],[qnco],[[[5,6],[1,1],0]],yes,no,['SNOMEDCT_US'],[538/5],0,0)]),map(-814,[ev(-660,'C1271104','Blood Pressure','Blood pressure finding',[blood,pressure],[fndg],[[[1,2],[1,2],0]],no,no,['MTH','NCI','NLMSubSyn'],[516/14],0,0),ev(-827,'C0439475',mmHg,mmHg,[mmhg],[qnco],[[[5,6],[1,1],0]],yes,no,['SNOMEDCT_US'],[538/5],0,0)]),map(-814,[ev(-660,'C1272641','Blood pressure','Systemic arterial pressure',[blood,pressure],[fndg],[[[1,2],[1,2],0]],no,no,['CHV','MSH','MTH','NLMSubSyn','SNOMEDCT_US'],[516/14],0,0),ev(-827,'C0439475',mmHg,mmHg,[mmhg],[qnco],[[[5,6],[1,1],0]],yes,no,['SNOMEDCT_US'],[538/5],0,0)])]).
phrase(and,[conj([lexmatch([and]),inputmatch([and]),tag(conj),tokens([and])])],545/3,[]).
candidates(0,0,0,0,[]).
mappings([]).
phrase('the respiratory rate 18 bpm.',[det([lexmatch([the]),inputmatch([the]),tag(det),tokens([the])]),mod([lexmatch(['respiratory rate']),inputmatch([respiratory,rate]),tag(noun),tokens([respiratory,rate])]),shapes([inputmatch(['18']),features([integer]),tokens(['18'])]),head([lexmatch([bpm]),inputmatch([bpm]),tag(noun),tokens([bpm])]),punc([inputmatch(['.']),tokens([])])],549/28,[]).
candidates(6,0,0,6,[]).
mappings([map(-694,[ev(-694,'C0231832','Respiratory rate','Respiratory rate',[respiratory,rate],[clna],[[[1,2],[1,2],0]],no,no,['CHV','LNC','MSH','MTH','NCI','NLMSubSyn','SNMI','SNOMEDCT_US'],[553/16],0,0)]),map(-694,[ev(-694,'C0489258','Respiratory rate','Breaths:Number = Count/Time:Point in time:Respiratory system:Quantitative',[respiratory,rate],[clna],[[[1,2],[1,2],0]],no,no,['LNC'],[553/16],0,0)])]).
'EOU'.
utterance('00000000.tx.6',"The patient was alert and oriented to self and city but not year. ",578/66,[]).
phrase('The patient',[det([lexmatch([the]),inputmatch(['The']),tag(det),tokens([the])]),head([lexmatch([patient]),inputmatch([patient]),tag(noun),tokens([patient])])],578/11,[]).
candidates(1,0,0,1,[]).
mappings([map(-1000,[ev(-1000,'C0030705','*^patient','Patients',[patient],[podg],[[[1,1],[1,1],0]],yes,no,['LNC','MTH','NCI','SNOMEDCT_US'],[582/7],0,0)])]).
phrase(was,[aux([lexmatch([was]),inputmatch([was]),tag(aux),tokens([was])])],590/3,[]).
candidates(0,0,0,0,[]).
mappings([]).
phrase(alert,[head([lexmatch([alert]),inputmatch([alert]),tag(adj),tokens([alert])])],594/5,[]).
candidates(3,0,0,3,[]).
mappings([map(-1000,[ev(-1000,'C0239110','ALERT','Consciousness clear',[alert],[fndg],[[[1,1],[1,1],0]],yes,no,['CHV','DXP','SNOMEDCT_US'],[594/5],0,0)]),map(-1000,[ev(-1000,'C3665546','Alert','Alert',[alert],[ftcn],[[[1,1],[1,1],0]],yes,no,['NCI'],[594/5],0,0)]),map(-1000,[ev(-1000,'C3669039','Alert','Alert:Type:Point in time:^Patient:Nominal',[alert],[clna],[[[1,1],[1,1],0]],yes,no,['LNC'],[594/5],0,0)])]).
phrase(and,[conj([lexmatch([and]),inputmatch([and]),tag(conj),tokens([and])])],600/3,[]).
candidates(0,0,0,0,[]).
mappings([]).
phrase('oriented to self',[verb([lexmatch([oriented]),inputmatch([oriented]),tag(verb),tokens([oriented])]),prep([lexmatch([to]),inputmatch([to]),tag(prep),tokens([to])]),mod([lexmatch([self]),inputmatch([self]),tag(noun),tokens([self])])],604/16,[]).
candidates(4,0,0,4,[]).
mappings([map(-746,[ev(-790,'C1704322','Oriented','Orientation (spatial)',[oriented],[spco],[[[1,1],[1,1],0]],yes,no,['CSP','MTH','NCI','NLMSubSyn','SNOMEDCT_US'],[604/8],0,0),ev(-790,'C0036588','Self','Self',[self],[idcn],[[[3,3],[1,1],0]],yes,no,['MTH'],[616/4],0,0)]),map(-746,[ev(-790,'C1704322','Oriented','Orientation (spatial)',[oriented],[spco],[[[1,1],[1,1],0]],yes,no,['CSP','MTH','NCI','NLMSubSyn','SNOMEDCT_US'],[604/8],0,0),ev(-790,'C1551994',self,'subscriber - self',[self],[inpr],[[[3,3],[1,1],0]],yes,no,['HL7V3.0','MTH'],[616/4],0,0)]),map(-746,[ev(-790,'C1704322','Oriented','Orientation (spatial)',[oriented],[spco],[[[1,1],[1,1],0]],yes,no,['CSP','MTH','NCI','NLMSubSyn','SNOMEDCT_US'],[604/8],0,0),ev(-790,'C3244295','Self','RoleCode <Self>',[self],[inpr],[[[3,3],[1,1],0]],yes,no,['HL7V3.0','MTH'],[616/4],0,0)])]).
phrase(and,[conj([lexmatch([and]),inputmatch([and]),tag(conj),tokens([and])])],621/3,[]).
candidates(0,0,0,0,[]).
mappings([]).
phrase(city,[head([lexmatch([city]),inputmatch([city]),tag(noun),tokens([city])])],625/4,[]).
candidates(2,0,0,2,[]).
mappings([map(-1000,[ev(-1000,'C0008848','City','Cities',[city],[geoa],[[[1,1],[1,1],0]],yes,no,['MTH','SNOMEDCT_US'],[625/4],0,0)]),map(-1000,[ev(-1000,'C3262831','City','City:Location:Point in time:^Patient:Nominal',[city],[clna],[[[1,1],[1,1],0]],yes,no,['LNC'],[625/4],0,0)])]).
phrase(but,[conj([lexmatch([but]),inputmatch([but]),tag(conj),tokens([but])])],630/3,[]).
candidates(0,0,0,0,[]).
mappings([]).
phrase('not year.',[adv([lexmatch([not]),inputmatch([not]),tag(adv),tokens([not])]),head([lexmatch([year]),inputmatch([year]),tag(noun),tokens([year])]),punc([inputmatch(['.']),tokens([])])],634/9,[]).
candidates(3,0,0,3,[]).
mappings([map(-888,[ev(-694,'C1518422','Not','Negation',[not],[ftcn],[[[1,1],[1,1],0]],no,no,['MTH','NCI'],[634/3],0,0),ev(-861,'C0439234',year,year,[year],[tmco],[[[2,2],[1,1],0]],yes,no,['MTH','NCI','SNOMEDCT_US'],[638/4],0,0)]),map(-888,[ev(-694,'C1518422','Not','Negation',[not],[ftcn],[[[1,1],[1,1],0]],no,no,['MTH','NCI'],[634/3],0,0),ev(-861,'C0439508','/year','per year',[year],[tmco],[[[2,2],[1,1],0]],yes,no,['CHV','MTH','NCI','SNOMEDCT_US'],[638/4],0,0)])]).
'EOU'.
utterance('00000000.tx.7',"He frequently interrupted the examiner. ",644/40,[]).
phrase('He frequently',[pron([lexmatch([he]),inputmatch(['He']),tag(pron),tokens([he])]),adv([lexmatch([frequently]),inputmatch([frequently]),tag(adv),tokens([frequently])])],644/13,[]).
candidates(1,0,0,1,[]).
mappings([map(-1000,[ev(-1000,'C0332183','Frequently','Frequent',[frequently],[tmco],[[[1,1],[1,1],0]],yes,no,['SNOMEDCT_US'],[647/10],0,0)])]).
phrase(interrupted,[verb([lexmatch([interrupted]),inputmatch([interrupted]),tag(verb),tokens([interrupted])])],658/11,[]).
candidates(2,0,0,2,[]).
mappings([map(-1000,[ev(-1000,'C0443239','Interrupted','Interrupted',[interrupted],[qlco],[[[1,1],[1,1],0]],yes,no,['CHV','MTH'],[658/11],0,0)]),map(-1000,[ev(-1000,'C1512900','Interrupted','Interruption',[interrupted],[tmco],[[[1,1],[1,1],0]],yes,no,['MTH','NCI'],[658/11],0,0)])]).
phrase('the examiner.',[det([lexmatch([the]),inputmatch([the]),tag(det),tokens([the])]),head([lexmatch([examiner]),inputmatch([examiner]),tag(noun),tokens([examiner])]),punc([inputmatch(['.']),tokens([])])],670/13,[]).
candidates(0,0,0,0,[]).
mappings([]).
'EOU'.
utterance('00000000.tx.8',"He repeatedly reached out to grab things in front of him, including the examiner's tie and face. ",684/97,[]).
phrase('He repeatedly',[pron([lexmatch([he]),inputmatch(['He']),tag(pron),tokens([he])]),adv([lexmatch([repeatedly]),inputmatch([repeatedly]),tag(adv),tokens([repeatedly])])],684/13,[]).
candidates(1,0,0,1,[]).
mappings([map(-1000,[ev(-1000,'C0205341','Repeatedly','Repeat',[repeatedly],[ftcn],[[[1,1],[1,1],0]],yes,no,['CHV','MTH','NCI','SNOMEDCT_US'],[687/10],0,0)])]).
phrase(reached,[verb([lexmatch([reached]),inputmatch([reached]),tag(verb),tokens([reached])])],698/7,[]).
candidates(1,0,0,1,[]).
mappings([map(-966,[ev(-966,'C2584321','Reach','Reaching',[reach],[orgf],[[[1,1],[1,1],1]],yes,no,['NCI'],[698/7],0,0)])]).
phrase('out to',[adv([lexmatch([out]),inputmatch([out]),tag(adv),tokens([out])]),prep([lexmatch([to]),inputmatch([to]),tag(prep),tokens([to])])],706/6,[]).
candidates(2,0,0,2,[]).
mappings([map(-833,[ev(-833,'C0439787','Out','Out (direction)',[out],[spco],[[[1,1],[1,1],0]],yes,no,['MTH','SNOMEDCT_US'],[706/3],0,0)]),map(-833,[ev(-833,'C0849355','Out','Removed',[out],[qlco],[[[1,1],[1,1],0]],yes,no,['CHV','MTH','NCI'],[706/3],0,0)])]).
phrase(grab,[verb([lexmatch([grab]),inputmatch([grab]),tag(verb),tokens([grab])])],713/4,[]).
candidates(0,0,0,0,[]).
mappings([]).
phrase('things in front of him,',[head([lexmatch([things]),inputmatch([things]),tag(noun),tokens([things])]),prep([lexmatch(['in front of']),inputmatch([in,front,of]),tag(prep),tokens([in,front,of])]),pron([lexmatch([him]),inputmatch([him]),tag(pron),tokens([him])]),punc([inputmatch([',']),tokens([])])],718/23,[]).
candidates(4,2,0,2,[]).
mappings([map(-669,[ev(-726,'C1551338','Thing','Entity',[thing],[enty],[[[1,1],[1,1],1]],yes,no,['NCI'],[718/6],0,0),ev(-593,'C0205094','Front','Anterior',[front],[ftcn],[[[3,3],[1,1],0]],no,no,['CHV','MTH','SNOMEDCT_US','SNOMEDCT_VET'],[728/5],0,0)])]).
phrase(including,[verb([lexmatch([including]),inputmatch([including]),tag(verb),tokens([including])])],742/9,[]).
candidates(3,2,0,1,[]).
mappings([map(-1000,[ev(-1000,'C0332257','Including','Including (qualifier)',[including],[ftcn],[[[1,1],[1,1],0]],yes,no,['CHV','MTH','SNOMEDCT_US'],[742/9],0,0)])]).
phrase('the examiner\'s tie',[det([lexmatch([the]),inputmatch([the]),tag(det),tokens([the])]),mod([lexmatch([examiner]),inputmatch(['examiner\'s']),tag(noun),tokens([examiner])]),head([lexmatch([tie]),inputmatch([tie]),tag(noun),tokens([tie])])],752/18,[]).
candidates(2,0,0,2,[]).
mappings([map(-861,[ev(-861,'C0453920','Tie','Tie (garment)',[tie],[mnob],[[[2,2],[1,1],0]],yes,no,['CHV','MTH','SNOMEDCT_US'],[767/3],0,0)]),map(-861,[ev(-861,'C3472712','Tie','Tie Container Closure',[tie],[mnob],[[[2,2],[1,1],0]],yes,no,['MTH','NCI'],[767/3],0,0)])]).
phrase(and,[conj([lexmatch([and]),inputmatch([and]),tag(conj),tokens([and])])],771/3,[]).
candidates(0,0,0,0,[]).
mappings([]).
phrase('face.',[head([lexmatch([face]),inputmatch([face]),tag(noun),tokens([face])]),punc([inputmatch(['.']),tokens([])])],775/5,[]).
candidates(2,0,0,2,[]).
mappings([map(-1000,[ev(-1000,'C0015450','Face','Face',[face],[blor],[[[1,1],[1,1],0]],yes,no,['FMA','MSH','MTH','NCI','SNOMEDCT_US'],[775/4],0,0)]),map(-1000,[ev(-1000,'C1281591','Face','Entire face',[face],[bpoc],[[[1,1],[1,1],0]],yes,no,['MTH','NLMSubSyn','SNOMEDCT_US'],[775/4],0,0)])]).
'EOU'.
utterance('00000000.tx.9',"He could not spell the word ""world"" backward, could not follow commands involving multiple steps and was unable to perform simple calculations. ",781/144,[]).
phrase('He',[pron([lexmatch([he]),inputmatch(['He']),tag(pron),tokens([he])])],781/2,[]).
candidates(0,0,0,0,[]).
mappings([]).
phrase(could,[modal([lexmatch([could]),inputmatch([could]),tag(modal),tokens([could])])],784/5,[]).
candidates(0,0,0,0,[]).
mappings([]).
phrase(not,[adv([lexmatch([not]),inputmatch([not]),tag(adv),tokens([not])])],790/3,[]).
candidates(1,0,0,1,[]).
mappings([map(-1000,[ev(-1000,'C1518422','Not','Negation',[not],[ftcn],[[[1,1],[1,1],0]],yes,no,['MTH','NCI'],[790/3],0,0)])]).
phrase(spell,[verb([lexmatch([spell]),inputmatch([spell]),tag(verb),tokens([spell])])],794/5,[]).
candidates(1,0,0,1,[]).
mappings([map(-1000,[ev(-1000,'C0302539',spell,'spells (neurological symptom)',[spell],[sosy],[[[1,1],[1,1],0]],yes,no,['CHV','MTH'],[794/5],0,1)])]).
phrase('the word "world" backward,',[det([lexmatch([the]),inputmatch([the]),tag(det),tokens([the])]),mod([lexmatch([word]),inputmatch([word]),tag(noun),tokens([word])]),punc([inputmatch(['"']),tokens([])]),mod([lexmatch([world]),inputmatch([world]),tag(noun),tokens([world])]),punc([inputmatch(['"']),tokens([])]),head([lexmatch([backward]),inputmatch([backward]),tag(adj),tokens([backward])]),punc([inputmatch([',']),tokens([])])],800/26,[]).
candidates(6,2,0,4,[]).
mappings([map(-851,[ev(-660,'C1705313','Word','Term (lexical)',[word],[idcn],[[[1,1],[1,1],0]],no,no,['MTH','NCI'],[804/4],0,0),ev(-660,'C2700280','World','World',[world],[popg],[[[2,2],[1,1],0]],no,no,['NCI'],[810/5],0,0),ev(-827,'C0439781','Backward','Backward (qualifier value)',[backward],[spco],[[[3,3],[1,1],0]],yes,no,['CHV','SNOMEDCT_US'],[817/8],0,0)]),map(-851,[ev(-660,'C1705313','Word','Term (lexical)',[word],[idcn],[[[1,1],[1,1],0]],no,no,['MTH','NCI'],[804/4],0,0),ev(-660,'C2700280','World','World',[world],[popg],[[[2,2],[1,1],0]],no,no,['NCI'],[810/5],0,0),ev(-827,'C0439784','Backward','Retrograde direction',[backward],[spco],[[[3,3],[1,1],0]],yes,no,['MTH','NCI','SNOMEDCT_US'],[817/8],0,0)])]).
phrase(could,[modal([lexmatch([could]),inputmatch([could]),tag(modal),tokens([could])])],827/5,[]).
candidates(0,0,0,0,[]).
mappings([]).
phrase(not,[adv([lexmatch([not]),inputmatch([not]),tag(adv),tokens([not])])],833/3,[]).
candidates(1,0,0,1,[]).
mappings([map(-1000,[ev(-1000,'C1518422','Not','Negation',[not],[ftcn],[[[1,1],[1,1],0]],yes,no,['MTH','NCI'],[833/3],0,0)])]).
phrase(follow,[verb([lexmatch([follow]),inputmatch([follow]),tag(verb),tokens([follow])])],837/6,[]).
candidates(2,0,0,2,[]).
mappings([map(-1000,[ev(-1000,'C0332283',follow,'Followed by',[follow],[tmco],[[[1,1],[1,1],0]],yes,no,['CHV','SNMI'],[837/6],0,0)]),map(-1000,[ev(-1000,'C1719822','Follow','Follow',[follow],[inpr],[[[1,1],[1,1],0]],yes,no,['MTH'],[837/6],0,0)])]).
phrase(commands,[head([lexmatch([commands]),inputmatch([commands]),tag(noun),tokens([commands])])],844/8,[]).
candidates(1,0,0,1,[]).
mappings([map(-1000,[ev(-1000,'C3639196','Commands','CDISC ADAS-Cog - Commands Summary Score',[commands],[inpr],[[[1,1],[1,1],0]],yes,no,['NCI'],[844/8],0,0)])]).
phrase(involving,[verb([lexmatch([involving]),inputmatch([involving]),tag(verb),tokens([involving])])],853/9,[]).
candidates(1,0,0,1,[]).
mappings([map(-1000,[ev(-1000,'C1314939','Involving','Involvement with',[involving],[ftcn],[[[1,1],[1,1],0]],yes,no,['SNMI','SNOMEDCT_US'],[853/9],0,0)])]).
phrase('multiple steps',[mod([lexmatch([multiple]),inputmatch([multiple]),tag(adj),tokens([multiple])]),head([lexmatch([steps]),inputmatch([steps]),tag(noun),tokens([steps])])],863/14,[]).
candidates(5,3,0,2,[]).
mappings([map(-888,[ev(-694,'C0439064','Multiple','Numerous',[multiple],[qnco],[[[1,1],[1,1],0]],no,no,['CHV','MTH','NCI','SNOMEDCT_US'],[863/8],0,0),ev(-861,'C1261552',steps,'Step (specific stage)',[steps],[cnce],[[[2,2],[1,1],0]],yes,no,['CHV','MTH','SNOMEDCT_US'],[872/5],0,0)])]).
phrase(and,[conj([lexmatch([and]),inputmatch([and]),tag(conj),tokens([and])])],878/3,[]).
candidates(0,0,0,0,[]).
mappings([]).
phrase(was,[aux([lexmatch([was]),inputmatch([was]),tag(aux),tokens([was])])],882/3,[]).
candidates(0,0,0,0,[]).
mappings([]).
phrase('unable to',[mod([lexmatch([unable]),inputmatch([unable]),tag(adj),tokens([unable])]),adv([lexmatch([to]),inputmatch([to]),tag(adv),tokens([to])])],886/9,[]).
candidates(1,0,0,1,[]).
mappings([map(-861,[ev(-861,'C1299582','Unable','Unable',[unable],[fndg],[[[1,1],[1,1],0]],yes,no,['SNOMEDCT_US'],[886/6],0,1)])]).
phrase(perform,[verb([lexmatch([perform]),inputmatch([perform]),tag(verb),tokens([perform])])],896/7,[]).
candidates(2,0,0,2,[]).
mappings([map(-1000,[ev(-1000,'C0884358','Perform','Performed',[perform],[ftcn],[[[1,1],[1,1],0]],yes,no,['MTH','NCI'],[896/7],0,0)]),map(-1000,[ev(-1000,'C2947996','Perform','Perform',[perform],[phsu],[[[1,1],[1,1],0]],yes,no,['MTH'],[896/7],0,0)])]).
phrase('simple calculations.',[mod([lexmatch([simple]),inputmatch([simple]),tag(adj),tokens([simple])]),head([lexmatch([calculations]),inputmatch([calculations]),tag(noun),tokens([calculations])]),punc([inputmatch(['.']),tokens([])])],904/20,[]).
candidates(3,0,0,3,[]).
mappings([map(-983,[ev(-983,'C2370909','Simple calculation','Simple calculation',[simple,calculation],[menp],[[[1,1],[1,1],0],[[2,2],[2,2],1]],yes,no,['ICF'],[904/19],0,1)])]).
'EOU'.
utterance('00000000.tx.10',"His speech was fluent, but he often used similar-sounding word substitutions. ",925/78,[]).
phrase('His speech',[pron([lexmatch([his]),inputmatch(['His']),tag(pron),tokens([his])]),head([lexmatch([speech]),inputmatch([speech]),tag(noun),tokens([speech])])],925/10,[]).
candidates(1,0,0,1,[]).
mappings([map(-1000,[ev(-1000,'C0037817','Speech','Speech',[speech],[orgf],[[[1,1],[1,1],0]],yes,no,['MTH','NCI','NLMSubSyn','SNOMEDCT_US'],[929/6],0,0)])]).
phrase(was,[aux([lexmatch([was]),inputmatch([was]),tag(aux),tokens([was])])],936/3,[]).
candidates(0,0,0,0,[]).
mappings([]).
phrase('fluent,',[head([lexmatch([fluent]),inputmatch([fluent]),tag(adj),tokens([fluent])]),punc([inputmatch([',']),tokens([])])],940/7,[]).
candidates(1,0,0,1,[]).
mappings([map(-928,[ev(-928,'C0870569',fluency,fluency,[fluency],[qlco],[[[1,1],[1,1],3]],yes,no,['CHV'],[940/6],0,0)])]).
phrase(but,[conj([lexmatch([but]),inputmatch([but]),tag(conj),tokens([but])])],948/3,[]).
candidates(0,0,0,0,[]).
mappings([]).
phrase('he often',[pron([lexmatch([he]),inputmatch([he]),tag(pron),tokens([he])]),adv([lexmatch([often]),inputmatch([often]),tag(adv),tokens([often])])],952/8,[]).
candidates(1,0,0,1,[]).
mappings([map(-1000,[ev(-1000,'C0332183','Often','Frequent',[often],[tmco],[[[1,1],[1,1],0]],yes,no,['SNOMEDCT_US'],[955/5],0,0)])]).
phrase(used,[verb([lexmatch([used]),inputmatch([used]),tag(verb),tokens([used])])],961/4,[]).
candidates(4,3,0,1,[]).
mappings([map(-1000,[ev(-1000,'C1273517',used,'Used by',[used],[fndg],[[[1,1],[1,1],0]],yes,no,['CHV','SNOMEDCT_US'],[961/4],0,0)])]).
phrase('similar-sounding word substitutions.',[mod([lexmatch([similar]),inputmatch([similar]),tag(adj),tokens([similar])]),punc([inputmatch([-]),tokens([])]),mod([lexmatch([sounding]),inputmatch([sounding]),tag(adj),tokens([sounding])]),mod([lexmatch([word]),inputmatch([word]),tag(noun),tokens([word])]),head([lexmatch([substitutions]),inputmatch([substitutions]),tag(noun),tokens([substitutions])]),punc([inputmatch(['.']),tokens([])])],966/36,[]).
candidates(9,4,0,5,[]).
mappings([map(-825,[ev(-645,'C2348205','Similar','Similarity',[similar],[qlco],[[[1,1],[1,1],0]],no,no,['NCI'],[966/7],0,0),ev(-645,'C1293120','Sounding','Sounding',[sounding],[lbpr],[[[2,2],[1,1],0]],no,no,['CHV','NLMSubSyn','SNOMEDCT_US'],[974/8],0,0),ev(-645,'C1705313','Word','Term (lexical)',[word],[idcn],[[[3,3],[1,1],0]],no,no,['MTH','NCI'],[983/4],0,0),ev(-779,'C1555721','Substitution','Substitution - ActClass',[substitution],[idcn],[[[4,4],[1,1],1]],yes,no,['HL7V3.0','MTH'],[988/13],0,0)]),map(-825,[ev(-645,'C2348205','Similar','Similarity',[similar],[qlco],[[[1,1],[1,1],0]],no,no,['NCI'],[966/7],0,0),ev(-645,'C1293120','Sounding','Sounding',[sounding],[lbpr],[[[2,2],[1,1],0]],no,no,['CHV','NLMSubSyn','SNOMEDCT_US'],[974/8],0,0),ev(-645,'C1705313','Word','Term (lexical)',[word],[idcn],[[[3,3],[1,1],0]],no,no,['MTH','NCI'],[983/4],0,0),ev(-779,'C1706204','Substitution','Substitution - change',[substitution],[acty],[[[4,4],[1,1],1]],yes,no,['MTH','NCI'],[988/13],0,0)])]).
'EOU'.
utterance('00000000.tx.11',"He could immediately recall three out of three words but recalled none of them after 5 minutes. ",1003/96,[]).
phrase('He',[pron([lexmatch([he]),inputmatch(['He']),tag(pron),tokens([he])])],1003/2,[]).
candidates(0,0,0,0,[]).
mappings([]).
phrase(could,[modal([lexmatch([could]),inputmatch([could]),tag(modal),tokens([could])])],1006/5,[]).
candidates(0,0,0,0,[]).
mappings([]).
phrase(immediately,[adv([lexmatch([immediately]),inputmatch([immediately]),tag(adv),tokens([immediately])])],1012/11,[]).
candidates(1,0,0,1,[]).
mappings([map(-1000,[ev(-1000,'C0205548','Immediately','Stat (do immediately)',[immediately],[tmco],[[[1,1],[1,1],0]],yes,no,['HL7V2.5','NCI','SNOMEDCT_US'],[1012/11],0,0)])]).
phrase(recall,[verb([lexmatch([recall]),inputmatch([recall]),tag(verb),tokens([recall])])],1024/6,[]).
candidates(3,0,0,3,[]).
mappings([map(-1000,[ev(-1000,'C0034770','Recall','Mental Recall',[recall],[menp],[[[1,1],[1,1],0]],yes,no,['CHV','LCH','MTH'],[1024/6],0,0)]),map(-1000,[ev(-1000,'C1705180','Recall','Recall (activity)',[recall],[gora],[[[1,1],[1,1],0]],yes,no,['MTH','NCI'],[1024/6],0,0)]),map(-1000,[ev(-1000,'C2361119','Recall','Recall:-:Point in time:^Patient:-',[recall],[clna],[[[1,1],[1,1],0]],yes,no,['LNC'],[1024/6],0,0)])]).
phrase('three out of three words',[shapes([inputmatch([three]),features([word_numeral]),tokens([three])]),prep([lexmatch(['out of']),inputmatch([out,of]),tag(prep),tokens([out,of])]),shapes([inputmatch([three]),features([word_numeral]),tokens([three])]),mod([lexmatch([words]),inputmatch([words]),tag(noun),tokens([words])])],1031/24,[]).
candidates(6,2,0,4,[]).
mappings([map(-685,[ev(-760,'C0205449','Three','Three',[three],[qnco],[[[1,1],[1,1],0]],yes,no,['MTH','SNOMEDCT_US'],[1031/5],0,0),ev(-760,'C0439787','Out','Out (direction)',[out],[spco],[[[2,2],[1,1],0]],yes,no,['MTH','SNOMEDCT_US'],[1037/3],0,0),ev(-726,'C1705313','Word','Term (lexical)',[word],[idcn],[[[5,5],[1,1],1]],yes,no,['MTH','NCI'],[1050/5],0,0)]),map(-685,[ev(-760,'C0205449','Three','Three',[three],[qnco],[[[1,1],[1,1],0]],yes,no,['MTH','SNOMEDCT_US'],[1031/5],0,0),ev(-760,'C0849355','Out','Removed',[out],[qlco],[[[2,2],[1,1],0]],yes,no,['CHV','MTH','NCI'],[1037/3],0,0),ev(-726,'C1705313','Word','Term (lexical)',[word],[idcn],[[[5,5],[1,1],1]],yes,no,['MTH','NCI'],[1050/5],0,0)])]).
phrase(but,[conj([lexmatch([but]),inputmatch([but]),tag(conj),tokens([but])])],1056/3,[]).
candidates(0,0,0,0,[]).
mappings([]).
phrase(recalled,[head([lexmatch([recalled]),inputmatch([recalled]),tag(adj),tokens([recalled])])],1060/8,[]).
candidates(3,0,0,3,[]).
mappings([map(-966,[ev(-966,'C0034770','Recall','Mental Recall',[recall],[menp],[[[1,1],[1,1],1]],yes,no,['CHV','LCH','MTH'],[1060/8],0,0)]),map(-966,[ev(-966,'C1705180','Recall','Recall (activity)',[recall],[gora],[[[1,1],[1,1],1]],yes,no,['MTH','NCI'],[1060/8],0,0)]),map(-966,[ev(-966,'C2361119','Recall','Recall:-:Point in time:^Patient:-',[recall],[clna],[[[1,1],[1,1],1]],yes,no,['LNC'],[1060/8],0,0)])]).
phrase('none of them',[pron([lexmatch([none]),inputmatch([none]),tag(pron),tokens([none])]),prep([lexmatch([of]),inputmatch([of]),tag(prep),tokens([of])]),pron([lexmatch([them]),inputmatch([them]),tag(pron),tokens([them])])],1069/12,[]).
candidates(2,0,0,2,[]).
mappings([map(-790,[ev(-790,'C0456148','None','Null Value',[none],[qnco],[[[1,1],[1,1],0]],yes,no,['MTH','NCI','SNOMEDCT_US'],[1069/4],0,0)]),map(-790,[ev(-790,'C0549184','None','None',[none],[qnco],[[[1,1],[1,1],0]],yes,no,['MTH'],[1069/4],0,0)])]).
phrase('after 5 minutes.',[prep([lexmatch([after]),inputmatch([after]),tag(prep),tokens([after])]),shapes([inputmatch(['5']),features([integer]),tokens(['5'])]),head([lexmatch([minutes]),inputmatch([minutes]),tag(noun),tokens([minutes])]),punc([inputmatch(['.']),tokens([])])],1082/16,[]).
candidates(9,0,0,9,[]).
mappings([map(-1000,[ev(-1000,'C0886384','5 minute','5 minutes Office visit',['5',minute],[topp],[[[1,1],[1,1],0],[[2,2],[2,2],0]],yes,no,['CHV','MTH','NLMSubSyn'],[1088/9],0,0)]),map(-1000,[ev(-1000,'C1442468','5 Minutes','5 Minutes',['5',minutes],[tmco],[[[1,1],[1,1],0],[[2,2],[2,2],0]],yes,no,['MTH','NLMSubSyn'],[1088/9],0,0)])]).
'EOU'.
utterance('00000000.tx.12',"Examination of the cranial nerves revealed clinically significant paratonic rigidity. ",1099/86,[]).
phrase('Examination of the cranial nerves',[head([lexmatch([examination]),inputmatch(['Examination']),tag(noun),tokens([examination])]),prep([lexmatch([of]),inputmatch([of]),tag(prep),tokens([of])]),det([lexmatch([the]),inputmatch([the]),tag(det),tokens([the])]),mod([lexmatch(['cranial nerves']),inputmatch([cranial,nerves]),tag(noun),tokens([cranial,nerves])])],1099/33,[]).
candidates(13,7,0,6,[]).
mappings([map(-891,[ev(-891,'C0558819','examination of cranial nerves','examination of cranial nerves',[examination,of,cranial,nerves],[hlca],[[[1,1],[1,1],0],[[2,2],[2,2],0],[[4,5],[3,4],0]],yes,no,['CHV','MTH','SNOMEDCT_US'],[1099/14,1118/14],0,0)])]).
phrase(revealed,[verb([lexmatch([revealed]),inputmatch([revealed]),tag(verb),tokens([revealed])])],1133/8,[]).
candidates(1,0,0,1,[]).
mappings([map(-1000,[ev(-1000,'C0443289','Revealed','Revealed',[revealed],[qlco],[[[1,1],[1,1],0]],yes,no,['CHV','SNOMEDCT_US'],[1133/8],0,0)])]).
phrase('clinically significant paratonic rigidity.',[adv([lexmatch([clinically]),inputmatch([clinically]),tag(adv),tokens([clinically])]),mod([lexmatch([significant]),inputmatch([significant]),tag(adj),tokens([significant])]),mod([lexmatch([paratonic]),inputmatch([paratonic]),tag(adj),tokens([paratonic])]),head([lexmatch([rigidity]),inputmatch([rigidity]),tag(noun),tokens([rigidity])]),punc([inputmatch(['.']),tokens([])])],1142/42,[]).
candidates(8,2,0,6,[]).
mappings([map(-751,[ev(-645,'C0237881',significant,'Statistical Significance',[significant],[qnco],[[[2,2],[1,1],0]],no,no,['MTH','NCI'],[1153/11],0,0),ev(-574,'C0231519','Paratonia','Gegenhalten',[paratonia],[fndg],[[[3,3],[1,1],3]],no,no,['MSH','MTH','NLMSubSyn','SNOMEDCT_US'],[1165/9],0,0),ev(-812,'C0026837','Rigidity, NOS','Muscle Rigidity',[rigidity],[sosy],[[[4,4],[1,1],0]],yes,no,['CHV','CST','MSH','MTH','SNMI','SNOMEDCT_US','SNOMEDCT_VET'],[1175/8],0,0)]),map(-751,[ev(-645,'C0237881',significant,'Statistical Significance',[significant],[qnco],[[[2,2],[1,1],0]],no,no,['MTH','NCI'],[1153/11],0,0),ev(-574,'C0231519','Paratonia','Gegenhalten',[paratonia],[fndg],[[[3,3],[1,1],3]],no,no,['MSH','MTH','NLMSubSyn','SNOMEDCT_US'],[1165/9],0,0),ev(-812,'C0700109',rigidity,'plastic property - rigidity',[rigidity],[npop],[[[4,4],[1,1],0]],yes,no,['AOD','MTH'],[1175/8],0,0)]),map(-751,[ev(-645,'C0750502','Significant','Significant',[significant],[idcn],[[[2,2],[1,1],0]],no,no,['MTH','NCI'],[1153/11],0,0),ev(-574,'C0231519','Paratonia','Gegenhalten',[paratonia],[fndg],[[[3,3],[1,1],3]],no,no,['MSH','MTH','NLMSubSyn','SNOMEDCT_US'],[1165/9],0,0),ev(-812,'C0026837','Rigidity, NOS','Muscle Rigidity',[rigidity],[sosy],[[[4,4],[1,1],0]],yes,no,['CHV','CST','MSH','MTH','SNMI','SNOMEDCT_US','SNOMEDCT_VET'],[1175/8],0,0)]),map(-751,[ev(-645,'C0750502','Significant','Significant',[significant],[idcn],[[[2,2],[1,1],0]],no,no,['MTH','NCI'],[1153/11],0,0),ev(-574,'C0231519','Paratonia','Gegenhalten',[paratonia],[fndg],[[[3,3],[1,1],3]],no,no,['MSH','MTH','NLMSubSyn','SNOMEDCT_US'],[1165/9],0,0),ev(-812,'C0700109',rigidity,'plastic property - rigidity',[rigidity],[npop],[[[4,4],[1,1],0]],yes,no,['AOD','MTH'],[1175/8],0,0)]),map(-751,[ev(-645,'C1546944','Significant','Event Seriousness - Significant',[significant],[qlco],[[[2,2],[1,1],0]],no,no,['HL7V2.5','MTH'],[1153/11],0,0),ev(-574,'C0231519','Paratonia','Gegenhalten',[paratonia],[fndg],[[[3,3],[1,1],3]],no,no,['MSH','MTH','NLMSubSyn','SNOMEDCT_US'],[1165/9],0,0),ev(-812,'C0026837','Rigidity, NOS','Muscle Rigidity',[rigidity],[sosy],[[[4,4],[1,1],0]],yes,no,['CHV','CST','MSH','MTH','SNMI','SNOMEDCT_US','SNOMEDCT_VET'],[1175/8],0,0)]),map(-751,[ev(-645,'C1546944','Significant','Event Seriousness - Significant',[significant],[qlco],[[[2,2],[1,1],0]],no,no,['HL7V2.5','MTH'],[1153/11],0,0),ev(-574,'C0231519','Paratonia','Gegenhalten',[paratonia],[fndg],[[[3,3],[1,1],3]],no,no,['MSH','MTH','NLMSubSyn','SNOMEDCT_US'],[1165/9],0,0),ev(-812,'C0700109',rigidity,'plastic property - rigidity',[rigidity],[npop],[[[4,4],[1,1],0]],yes,no,['AOD','MTH'],[1175/8],0,0)])]).
'EOU'.
utterance('00000000.tx.13',"Myoclonic jerks were seen in the arms, with symmetrically brisk reflexes. ",1185/74,[]).
phrase('Myoclonic jerks',[head([lexmatch(['myoclonic jerks']),inputmatch(['Myoclonic',jerks]),tag(noun),tokens([myoclonic,jerks])])],1185/15,[]).
candidates(2,0,0,2,[]).
mappings([map(-1000,[ev(-1000,'C0027066','Myoclonic jerks','Myoclonus',[myoclonic,jerks],[sosy],[[[1,2],[1,2],0]],yes,no,['CHV','MSH','NLMSubSyn','OMIM','SNOMEDCT_US'],[1185/15],0,0)])]).
phrase(were,[aux([lexmatch([were]),inputmatch([were]),tag(aux),tokens([were])])],1201/4,[]).
candidates(0,0,0,0,[]).
mappings([]).
phrase('seen in the arms,',[verb([lexmatch([seen]),inputmatch([seen]),tag(verb),tokens([seen])]),prep([lexmatch([in]),inputmatch([in]),tag(prep),tokens([in])]),det([lexmatch([the]),inputmatch([the]),tag(det),tokens([the])]),mod([lexmatch([arms]),inputmatch([arms]),tag(noun),tokens([arms])]),punc([inputmatch([',']),tokens([])])],1206/17,[]).
candidates(9,3,0,6,[]).
mappings([map(-708,[ev(-770,'C0205397','Seen','Seen',[seen],[qlco],[[[1,1],[1,1],0]],yes,no,['SNMI'],[1206/4],0,0),ev(-770,'C0206655','ARMS','Alveolar rhabdomyosarcoma',[arms],[neop],[[[4,4],[1,1],0]],yes,no,['MSH','MTH','NCI','OMIM'],[1218/4],0,0)]),map(-708,[ev(-770,'C0205397','Seen','Seen',[seen],[qlco],[[[1,1],[1,1],0]],yes,no,['SNMI'],[1206/4],0,0),ev(-770,'C0446516','Arm','Upper arm',[arm],[blor],[[[4,4],[1,1],0]],yes,no,['FMA','ICF','MSH','MTH','NLMSubSyn','SNOMEDCT_US','SNOMEDCT_VET'],[1218/4],0,0)]),map(-708,[ev(-770,'C0205397','Seen','Seen',[seen],[qlco],[[[1,1],[1,1],0]],yes,no,['SNMI'],[1206/4],0,0),ev(-770,'C1269078','Arm','Entire upper limb',[arm],[bpoc],[[[4,4],[1,1],0]],yes,no,['MTH','NLMSubSyn','SNOMEDCT_US'],[1218/4],0,0)]),map(-708,[ev(-770,'C0205397','Seen','Seen',[seen],[qlco],[[[1,1],[1,1],0]],yes,no,['SNMI'],[1206/4],0,0),ev(-770,'C1269612','Arm','Entire upper arm',[arm],[blor],[[[4,4],[1,1],0]],yes,no,['MTH','NLMSubSyn','SNOMEDCT_US'],[1218/4],0,0)]),map(-708,[ev(-770,'C0205397','Seen','Seen',[seen],[qlco],[[[1,1],[1,1],0]],yes,no,['SNMI'],[1206/4],0,0),ev(-770,'C2681631','ARMS','KIDINS220 gene',[arms],[gngm],[[[4,4],[1,1],0]],yes,no,['HGNC','MTH'],[1218/4],0,0)])]).
phrase('with symmetrically brisk reflexes.',[prep([lexmatch([with]),inputmatch([with]),tag(prep),tokens([with])]),adv([lexmatch([symmetrically]),inputmatch([symmetrically]),tag(adv),tokens([symmetrically])]),mod([lexmatch([brisk]),inputmatch([brisk]),tag(adj),tokens([brisk])]),head([lexmatch([reflexes]),inputmatch([reflexes]),tag(noun),tokens([reflexes])]),punc([inputmatch(['.']),tokens([])])],1224/34,[]).
candidates(5,1,0,4,[]).
mappings([map(-901,[ev(-901,'C2673700','Brisk reflexes','Brisk reflexes',[brisk,reflexes],[fndg],[[[2,2],[1,1],0],[[3,3],[2,2],0]],yes,no,['OMIM'],[1243/14],0,0)])]).
'EOU'.
utterance('00000000.tx.14',"The reflexes in the legs were normal. ",1259/38,[1296]).
phrase('The reflexes in the legs',[det([lexmatch([the]),inputmatch(['The']),tag(det),tokens([the])]),head([lexmatch([reflexes]),inputmatch([reflexes]),tag(noun),tokens([reflexes])]),prep([lexmatch([in]),inputmatch([in]),tag(prep),tokens([in])]),det([lexmatch([the]),inputmatch([the]),tag(det),tokens([the])]),mod([lexmatch([legs]),inputmatch([legs]),tag(noun),tokens([legs])])],1259/24,[]).
candidates(6,3,0,3,[]).
mappings([map(-686,[ev(-760,'C0034929',reflexes,'Reflex action',[reflexes],[ortf],[[[2,2],[1,1],0]],yes,no,['CHV','MSH','MTH','NCI'],[1263/8],0,0),ev(-593,'C1140621','Legs','Leg',[legs],[blor],[[[5,5],[1,1],0]],no,no,['FMA','ICF','MSH','MTH','NLMSubSyn','SNOMEDCT_US','SNOMEDCT_VET'],[1279/4],0,0)]),map(-686,[ev(-760,'C0596002','Reflexes','Observation of reflex',[reflexes],[fndg],[[[2,2],[1,1],0]],yes,no,['AOT','CHV','MTH','SNOMEDCT_US'],[1263/8],0,0),ev(-593,'C1140621','Legs','Leg',[legs],[blor],[[[5,5],[1,1],0]],no,no,['FMA','ICF','MSH','MTH','NLMSubSyn','SNOMEDCT_US','SNOMEDCT_VET'],[1279/4],0,0)])]).
phrase(were,[aux([lexmatch([were]),inputmatch([were]),tag(aux),tokens([were])])],1284/4,[]).
candidates(0,0,0,0,[]).
mappings([]).
phrase('normal.',[head([lexmatch([normal]),inputmatch([normal]),tag(adj),tokens([normal])]),punc([inputmatch(['.']),tokens([])])],1289/7,[]).
candidates(3,0,0,3,[]).
mappings([map(-1000,[ev(-1000,'C0205307','Normal','Normal',[normal],[qlco],[[[1,1],[1,1],0]],yes,no,['MTH','SNOMEDCT_US'],[1289/6],0,0)]),map(-1000,[ev(-1000,'C0439166','% normal','Percent normal',[normal],[qnco],[[[1,1],[1,1],0]],yes,no,['CHV','MTH','SNOMEDCT_US'],[1289/6],0,0)]),map(-1000,[ev(-1000,'C2347086','% Normal','Mean Percent of Normal',[normal],[qnco],[[[1,1],[1,1],0]],yes,no,['MTH','NCI'],[1289/6],0,0)])]).
'EOU'.
utterance('00000000.tx.15',"An 89-year-old man with progressive change in personality, poor memory, and myoclonic jerks.",1297/92,[]).
phrase('An 89-year-old man with progressive change',[det([lexmatch([an]),inputmatch(['An']),tag(det),tokens([an])]),shapes([inputmatch(['89']),features([integer]),tokens(['89'])]),punc([inputmatch([-]),tokens([])]),mod([lexmatch([year]),inputmatch([year]),tag(noun),tokens([year])]),punc([inputmatch([-]),tokens([])]),mod([lexmatch([old]),inputmatch([old]),tag(noun),tokens([old])]),head([lexmatch([man]),inputmatch([man]),tag(noun),tokens([man])]),prep([lexmatch([with]),inputmatch([with]),tag(prep),tokens([with])]),mod([lexmatch([progressive]),inputmatch([progressive]),tag(adj),tokens([progressive])]),mod([lexmatch([change]),inputmatch([change]),tag(noun),tokens([change])])],1297/42,[]).
candidates(10,0,0,10,[]).
mappings([map(-671,[ev(-578,'C0439234',year,year,[year],[tmco],[[[3,3],[1,1],0]],no,no,['MTH','NCI','SNOMEDCT_US'],[1303/4],0,0),ev(-578,'C0580836','Old','Old',[old],[tmco],[[[4,4],[1,1],0]],no,no,['MTH'],[1308/3],0,0),ev(-744,'C0024554','MAN','Male gender',[man],[orga],[[[5,5],[1,1],0]],yes,no,['CHV','DXP','MSH','MTH','NCI','NLMSubSyn','QMR','SNOMEDCT_US'],[1312/3],0,0),ev(-578,'C0205329','Progressive','Progressive',[progressive],[ftcn],[[[7,7],[1,1],0]],no,no,['CHV','MTH','SNOMEDCT_US'],[1321/11],0,0),ev(-578,'C0392747','Change','Changing',[change],[ftcn],[[[8,8],[1,1],0]],no,no,['CHV','HL7V3.0','MTH','NCI','SNMI','SNOMEDCT_US'],[1333/6],0,0)]),map(-671,[ev(-578,'C0439234',year,year,[year],[tmco],[[[3,3],[1,1],0]],no,no,['MTH','NCI','SNOMEDCT_US'],[1303/4],0,0),ev(-578,'C0580836','Old','Old',[old],[tmco],[[[4,4],[1,1],0]],no,no,['MTH'],[1308/3],0,0),ev(-744,'C0024554','MAN','Male gender',[man],[orga],[[[5,5],[1,1],0]],yes,no,['CHV','DXP','MSH','MTH','NCI','NLMSubSyn','QMR','SNOMEDCT_US'],[1312/3],0,0),ev(-578,'C0205329','Progressive','Progressive',[progressive],[ftcn],[[[7,7],[1,1],0]],no,no,['CHV','MTH','SNOMEDCT_US'],[1321/11],0,0),ev(-578,'C0443172',change,'Changed status',[change],[qnco],[[[8,8],[1,1],0]],no,no,['CHV','MTH','NLMSubSyn','SNOMEDCT_US'],[1333/6],0,0)]),map(-671,[ev(-578,'C0439234',year,year,[year],[tmco],[[[3,3],[1,1],0]],no,no,['MTH','NCI','SNOMEDCT_US'],[1303/4],0,0),ev(-578,'C0580836','Old','Old',[old],[tmco],[[[4,4],[1,1],0]],no,no,['MTH'],[1308/3],0,0),ev(-744,'C0024554','MAN','Male gender',[man],[orga],[[[5,5],[1,1],0]],yes,no,['CHV','DXP','MSH','MTH','NCI','NLMSubSyn','QMR','SNOMEDCT_US'],[1312/3],0,0),ev(-578,'C0205329','Progressive','Progressive',[progressive],[ftcn],[[[7,7],[1,1],0]],no,no,['CHV','MTH','SNOMEDCT_US'],[1321/11],0,0),ev(-578,'C1705241','Change','Delta (difference)',[change],[qnco],[[[8,8],[1,1],0]],no,no,['HL7V2.5','MTH','NCI'],[1333/6],0,0)]),map(-671,[ev(-578,'C0439234',year,year,[year],[tmco],[[[3,3],[1,1],0]],no,no,['MTH','NCI','SNOMEDCT_US'],[1303/4],0,0),ev(-578,'C0580836','Old','Old',[old],[tmco],[[[4,4],[1,1],0]],no,no,['MTH'],[1308/3],0,0),ev(-744,'C0025266','Man','Male population group',[man],[popg],[[[5,5],[1,1],0]],yes,no,['MSH','MTH','NCI','NLMSubSyn','SNOMEDCT_US'],[1312/3],0,0),ev(-578,'C0205329','Progressive','Progressive',[progressive],[ftcn],[[[7,7],[1,1],0]],no,no,['CHV','MTH','SNOMEDCT_US'],[1321/11],0,0),ev(-578,'C0392747','Change','Changing',[change],[ftcn],[[[8,8],[1,1],0]],no,no,['CHV','HL7V3.0','MTH','NCI','SNMI','SNOMEDCT_US'],[1333/6],0,0)]),map(-671,[ev(-578,'C0439234',year,year,[year],[tmco],[[[3,3],[1,1],0]],no,no,['MTH','NCI','SNOMEDCT_US'],[1303/4],0,0),ev(-578,'C0580836','Old','Old',[old],[tmco],[[[4,4],[1,1],0]],no,no,['MTH'],[1308/3],0,0),ev(-744,'C0025266','Man','Male population group',[man],[popg],[[[5,5],[1,1],0]],yes,no,['MSH','MTH','NCI','NLMSubSyn','SNOMEDCT_US'],[1312/3],0,0),ev(-578,'C0205329','Progressive','Progressive',[progressive],[ftcn],[[[7,7],[1,1],0]],no,no,['CHV','MTH','SNOMEDCT_US'],[1321/11],0,0),ev(-578,'C0443172',change,'Changed status',[change],[qnco],[[[8,8],[1,1],0]],no,no,['CHV','MTH','NLMSubSyn','SNOMEDCT_US'],[1333/6],0,0)]),map(-671,[ev(-578,'C0439234',year,year,[year],[tmco],[[[3,3],[1,1],0]],no,no,['MTH','NCI','SNOMEDCT_US'],[1303/4],0,0),ev(-578,'C0580836','Old','Old',[old],[tmco],[[[4,4],[1,1],0]],no,no,['MTH'],[1308/3],0,0),ev(-744,'C0025266','Man','Male population group',[man],[popg],[[[5,5],[1,1],0]],yes,no,['MSH','MTH','NCI','NLMSubSyn','SNOMEDCT_US'],[1312/3],0,0),ev(-578,'C0205329','Progressive','Progressive',[progressive],[ftcn],[[[7,7],[1,1],0]],no,no,['CHV','MTH','SNOMEDCT_US'],[1321/11],0,0),ev(-578,'C1705241','Change','Delta (difference)',[change],[qnco],[[[8,8],[1,1],0]],no,no,['HL7V2.5','MTH','NCI'],[1333/6],0,0)]),map(-671,[ev(-578,'C0439234',year,year,[year],[tmco],[[[3,3],[1,1],0]],no,no,['MTH','NCI','SNOMEDCT_US'],[1303/4],0,0),ev(-578,'C0580836','Old','Old',[old],[tmco],[[[4,4],[1,1],0]],no,no,['MTH'],[1308/3],0,0),ev(-744,'C0086418','Man','Homo sapiens',[man],[humn],[[[5,5],[1,1],0]],yes,no,['MSH','MTH','NCI','SNMI','SNOMEDCT_US','SNOMEDCT_VET'],[1312/3],0,0),ev(-578,'C0205329','Progressive','Progressive',[progressive],[ftcn],[[[7,7],[1,1],0]],no,no,['CHV','MTH','SNOMEDCT_US'],[1321/11],0,0),ev(-578,'C0392747','Change','Changing',[change],[ftcn],[[[8,8],[1,1],0]],no,no,['CHV','HL7V3.0','MTH','NCI','SNMI','SNOMEDCT_US'],[1333/6],0,0)]),map(-671,[ev(-578,'C0439234',year,year,[year],[tmco],[[[3,3],[1,1],0]],no,no,['MTH','NCI','SNOMEDCT_US'],[1303/4],0,0),ev(-578,'C0580836','Old','Old',[old],[tmco],[[[4,4],[1,1],0]],no,no,['MTH'],[1308/3],0,0),ev(-744,'C0086418','Man','Homo sapiens',[man],[humn],[[[5,5],[1,1],0]],yes,no,['MSH','MTH','NCI','SNMI','SNOMEDCT_US','SNOMEDCT_VET'],[1312/3],0,0),ev(-578,'C0205329','Progressive','Progressive',[progressive],[ftcn],[[[7,7],[1,1],0]],no,no,['CHV','MTH','SNOMEDCT_US'],[1321/11],0,0),ev(-578,'C0443172',change,'Changed status',[change],[qnco],[[[8,8],[1,1],0]],no,no,['CHV','MTH','NLMSubSyn','SNOMEDCT_US'],[1333/6],0,0)]),map(-671,[ev(-578,'C0439234',year,year,[year],[tmco],[[[3,3],[1,1],0]],no,no,['MTH','NCI','SNOMEDCT_US'],[1303/4],0,0),ev(-578,'C0580836','Old','Old',[old],[tmco],[[[4,4],[1,1],0]],no,no,['MTH'],[1308/3],0,0),ev(-744,'C0086418','Man','Homo sapiens',[man],[humn],[[[5,5],[1,1],0]],yes,no,['MSH','MTH','NCI','SNMI','SNOMEDCT_US','SNOMEDCT_VET'],[1312/3],0,0),ev(-578,'C0205329','Progressive','Progressive',[progressive],[ftcn],[[[7,7],[1,1],0]],no,no,['CHV','MTH','SNOMEDCT_US'],[1321/11],0,0),ev(-578,'C1705241','Change','Delta (difference)',[change],[qnco],[[[8,8],[1,1],0]],no,no,['HL7V2.5','MTH','NCI'],[1333/6],0,0)]),map(-671,[ev(-578,'C0439508','/year','per year',[year],[tmco],[[[3,3],[1,1],0]],no,no,['CHV','MTH','NCI','SNOMEDCT_US'],[1303/4],0,0),ev(-578,'C0580836','Old','Old',[old],[tmco],[[[4,4],[1,1],0]],no,no,['MTH'],[1308/3],0,0),ev(-744,'C0024554','MAN','Male gender',[man],[orga],[[[5,5],[1,1],0]],yes,no,['CHV','DXP','MSH','MTH','NCI','NLMSubSyn','QMR','SNOMEDCT_US'],[1312/3],0,0),ev(-578,'C0205329','Progressive','Progressive',[progressive],[ftcn],[[[7,7],[1,1],0]],no,no,['CHV','MTH','SNOMEDCT_US'],[1321/11],0,0),ev(-578,'C0392747','Change','Changing',[change],[ftcn],[[[8,8],[1,1],0]],no,no,['CHV','HL7V3.0','MTH','NCI','SNMI','SNOMEDCT_US'],[1333/6],0,0)]),map(-671,[ev(-578,'C0439508','/year','per year',[year],[tmco],[[[3,3],[1,1],0]],no,no,['CHV','MTH','NCI','SNOMEDCT_US'],[1303/4],0,0),ev(-578,'C0580836','Old','Old',[old],[tmco],[[[4,4],[1,1],0]],no,no,['MTH'],[1308/3],0,0),ev(-744,'C0024554','MAN','Male gender',[man],[orga],[[[5,5],[1,1],0]],yes,no,['CHV','DXP','MSH','MTH','NCI','NLMSubSyn','QMR','SNOMEDCT_US'],[1312/3],0,0),ev(-578,'C0205329','Progressive','Progressive',[progressive],[ftcn],[[[7,7],[1,1],0]],no,no,['CHV','MTH','SNOMEDCT_US'],[1321/11],0,0),ev(-578,'C0443172',change,'Changed status',[change],[qnco],[[[8,8],[1,1],0]],no,no,['CHV','MTH','NLMSubSyn','SNOMEDCT_US'],[1333/6],0,0)]),map(-671,[ev(-578,'C0439508','/year','per year',[year],[tmco],[[[3,3],[1,1],0]],no,no,['CHV','MTH','NCI','SNOMEDCT_US'],[1303/4],0,0),ev(-578,'C0580836','Old','Old',[old],[tmco],[[[4,4],[1,1],0]],no,no,['MTH'],[1308/3],0,0),ev(-744,'C0024554','MAN','Male gender',[man],[orga],[[[5,5],[1,1],0]],yes,no,['CHV','DXP','MSH','MTH','NCI','NLMSubSyn','QMR','SNOMEDCT_US'],[1312/3],0,0),ev(-578,'C0205329','Progressive','Progressive',[progressive],[ftcn],[[[7,7],[1,1],0]],no,no,['CHV','MTH','SNOMEDCT_US'],[1321/11],0,0),ev(-578,'C1705241','Change','Delta (difference)',[change],[qnco],[[[8,8],[1,1],0]],no,no,['HL7V2.5','MTH','NCI'],[1333/6],0,0)]),map(-671,[ev(-578,'C0439508','/year','per year',[year],[tmco],[[[3,3],[1,1],0]],no,no,['CHV','MTH','NCI','SNOMEDCT_US'],[1303/4],0,0),ev(-578,'C0580836','Old','Old',[old],[tmco],[[[4,4],[1,1],0]],no,no,['MTH'],[1308/3],0,0),ev(-744,'C0025266','Man','Male population group',[man],[popg],[[[5,5],[1,1],0]],yes,no,['MSH','MTH','NCI','NLMSubSyn','SNOMEDCT_US'],[1312/3],0,0),ev(-578,'C0205329','Progressive','Progressive',[progressive],[ftcn],[[[7,7],[1,1],0]],no,no,['CHV','MTH','SNOMEDCT_US'],[1321/11],0,0),ev(-578,'C0392747','Change','Changing',[change],[ftcn],[[[8,8],[1,1],0]],no,no,['CHV','HL7V3.0','MTH','NCI','SNMI','SNOMEDCT_US'],[1333/6],0,0)]),map(-671,[ev(-578,'C0439508','/year','per year',[year],[tmco],[[[3,3],[1,1],0]],no,no,['CHV','MTH','NCI','SNOMEDCT_US'],[1303/4],0,0),ev(-578,'C0580836','Old','Old',[old],[tmco],[[[4,4],[1,1],0]],no,no,['MTH'],[1308/3],0,0),ev(-744,'C0025266','Man','Male population group',[man],[popg],[[[5,5],[1,1],0]],yes,no,['MSH','MTH','NCI','NLMSubSyn','SNOMEDCT_US'],[1312/3],0,0),ev(-578,'C0205329','Progressive','Progressive',[progressive],[ftcn],[[[7,7],[1,1],0]],no,no,['CHV','MTH','SNOMEDCT_US'],[1321/11],0,0),ev(-578,'C0443172',change,'Changed status',[change],[qnco],[[[8,8],[1,1],0]],no,no,['CHV','MTH','NLMSubSyn','SNOMEDCT_US'],[1333/6],0,0)]),map(-671,[ev(-578,'C0439508','/year','per year',[year],[tmco],[[[3,3],[1,1],0]],no,no,['CHV','MTH','NCI','SNOMEDCT_US'],[1303/4],0,0),ev(-578,'C0580836','Old','Old',[old],[tmco],[[[4,4],[1,1],0]],no,no,['MTH'],[1308/3],0,0),ev(-744,'C0025266','Man','Male population group',[man],[popg],[[[5,5],[1,1],0]],yes,no,['MSH','MTH','NCI','NLMSubSyn','SNOMEDCT_US'],[1312/3],0,0),ev(-578,'C0205329','Progressive','Progressive',[progressive],[ftcn],[[[7,7],[1,1],0]],no,no,['CHV','MTH','SNOMEDCT_US'],[1321/11],0,0),ev(-578,'C1705241','Change','Delta (difference)',[change],[qnco],[[[8,8],[1,1],0]],no,no,['HL7V2.5','MTH','NCI'],[1333/6],0,0)]),map(-671,[ev(-578,'C0439508','/year','per year',[year],[tmco],[[[3,3],[1,1],0]],no,no,['CHV','MTH','NCI','SNOMEDCT_US'],[1303/4],0,0),ev(-578,'C0580836','Old','Old',[old],[tmco],[[[4,4],[1,1],0]],no,no,['MTH'],[1308/3],0,0),ev(-744,'C0086418','Man','Homo sapiens',[man],[humn],[[[5,5],[1,1],0]],yes,no,['MSH','MTH','NCI','SNMI','SNOMEDCT_US','SNOMEDCT_VET'],[1312/3],0,0),ev(-578,'C0205329','Progressive','Progressive',[progressive],[ftcn],[[[7,7],[1,1],0]],no,no,['CHV','MTH','SNOMEDCT_US'],[1321/11],0,0),ev(-578,'C0392747','Change','Changing',[change],[ftcn],[[[8,8],[1,1],0]],no,no,['CHV','HL7V3.0','MTH','NCI','SNMI','SNOMEDCT_US'],[1333/6],0,0)]),map(-671,[ev(-578,'C0439508','/year','per year',[year],[tmco],[[[3,3],[1,1],0]],no,no,['CHV','MTH','NCI','SNOMEDCT_US'],[1303/4],0,0),ev(-578,'C0580836','Old','Old',[old],[tmco],[[[4,4],[1,1],0]],no,no,['MTH'],[1308/3],0,0),ev(-744,'C0086418','Man','Homo sapiens',[man],[humn],[[[5,5],[1,1],0]],yes,no,['MSH','MTH','NCI','SNMI','SNOMEDCT_US','SNOMEDCT_VET'],[1312/3],0,0),ev(-578,'C0205329','Progressive','Progressive',[progressive],[ftcn],[[[7,7],[1,1],0]],no,no,['CHV','MTH','SNOMEDCT_US'],[1321/11],0,0),ev(-578,'C0443172',change,'Changed status',[change],[qnco],[[[8,8],[1,1],0]],no,no,['CHV','MTH','NLMSubSyn','SNOMEDCT_US'],[1333/6],0,0)]),map(-671,[ev(-578,'C0439508','/year','per year',[year],[tmco],[[[3,3],[1,1],0]],no,no,['CHV','MTH','NCI','SNOMEDCT_US'],[1303/4],0,0),ev(-578,'C0580836','Old','Old',[old],[tmco],[[[4,4],[1,1],0]],no,no,['MTH'],[1308/3],0,0),ev(-744,'C0086418','Man','Homo sapiens',[man],[humn],[[[5,5],[1,1],0]],yes,no,['MSH','MTH','NCI','SNMI','SNOMEDCT_US','SNOMEDCT_VET'],[1312/3],0,0),ev(-578,'C0205329','Progressive','Progressive',[progressive],[ftcn],[[[7,7],[1,1],0]],no,no,['CHV','MTH','SNOMEDCT_US'],[1321/11],0,0),ev(-578,'C1705241','Change','Delta (difference)',[change],[qnco],[[[8,8],[1,1],0]],no,no,['HL7V2.5','MTH','NCI'],[1333/6],0,0)])]).
phrase('in personality,',[prep([lexmatch([in]),inputmatch([in]),tag(prep),tokens([in])]),head([lexmatch([personality]),inputmatch([personality]),tag(noun),tokens([personality])]),punc([inputmatch([',']),tokens([])])],1340/15,[]).
candidates(2,0,0,2,[]).
mappings([map(-1000,[ev(-1000,'C0003944',personality,'As If Personality',[personality],[mobd],[[[1,1],[1,1],0]],yes,no,['CHV','MTH'],[1343/11],0,0)]),map(-1000,[ev(-1000,'C0031208','Personality','Personality',[personality],[menp],[[[1,1],[1,1],0]],yes,no,['MSH','MTH','SNOMEDCT_US'],[1343/11],0,0)])]).
phrase('poor memory,',[mod([lexmatch([poor]),inputmatch([poor]),tag(adj),tokens([poor])]),head([lexmatch([memory]),inputmatch([memory]),tag(noun),tokens([memory])]),punc([inputmatch([',']),tokens([])])],1356/12,[]).
candidates(8,1,0,7,[]).
mappings([map(-1000,[ev(-1000,'C0233794','Poor memory','Memory impairment',[poor,memory],[mobd],[[[1,1],[1,1],0],[[2,2],[2,2],0]],yes,no,['CHV','CST','ICPC','MSH','MTH','NLMSubSyn','SNMI','SNOMEDCT_US'],[1356/11],0,0)])]).
phrase(and,[conj([lexmatch([and]),inputmatch([and]),tag(conj),tokens([and])])],1369/3,[]).
candidates(0,0,0,0,[]).
mappings([]).
phrase('myoclonic jerks.',[head([lexmatch(['myoclonic jerks']),inputmatch([myoclonic,jerks]),tag(noun),tokens([myoclonic,jerks])]),punc([inputmatch(['.']),tokens([])])],1373/16,[]).
candidates(2,0,0,2,[]).
mappings([map(-1000,[ev(-1000,'C0027066','Myoclonic jerks','Myoclonus',[myoclonic,jerks],[sosy],[[[1,2],[1,2],0]],yes,no,['CHV','MSH','NLMSubSyn','OMIM','SNOMEDCT_US'],[1373/15],0,0)])]).
'EOU'.
'EOT'.
