args('metamap14.BINARY.Darwin --lexicon db -Z 2014AA -qE -Q 4 ../../TREC-CDS/2015-original/23.txt ../../TREC-CDS/2015-original-MMed/23.txt.out',[lexicon-db,mm_data_year-'2014AA',machine_output-[],indicate_citation_end-[],composite_phrases-4,infile-'../../TREC-CDS/2015-original/23.txt',outfile-'../../TREC-CDS/2015-original-MMed/23.txt.out']).
aas([]).
neg_list([]).
utterance('00000000.tx.1',"treatment. ",0/11,[10]).
phrase('treatment.',[head([lexmatch([treatment]),inputmatch([treatment]),tag(noun),tokens([treatment])]),punc([inputmatch(['.']),tokens([])])],0/10,[]).
candidates(6,0,0,6,[]).
mappings([map(-1000,[ev(-1000,'C0039798',treatment,'therapeutic aspects',[treatment],[ftcn],[[[1,1],[1,1],0]],yes,no,['MSH','MTH','NLMSubSyn'],[0/9],0,0)]),map(-1000,[ev(-1000,'C0087111','Treatment','Therapeutic procedure',[treatment],[topp],[[[1,1],[1,1],0]],yes,no,['AOD','CHV','LNC','MSH','MTH','MTHHH','NCI','NLMSubSyn','SNOMEDCT_US'],[0/9],0,0)]),map(-1000,[ev(-1000,'C1522326','Treatment','Treating',[treatment],[ftcn],[[[1,1],[1,1],0]],yes,no,['MTH','NCI'],[0/9],0,0)]),map(-1000,[ev(-1000,'C1533734','Treatment','Administration procedure',[treatment],[topp],[[[1,1],[1,1],0]],yes,no,['MTH','NCI','NLMSubSyn','SNOMEDCT_US'],[0/9],0,0)]),map(-1000,[ev(-1000,'C1705169','Treatment','Biomaterial Treatment',[treatment],[cnce],[[[1,1],[1,1],0]],yes,no,['MTH','NCI'],[0/9],0,0)]),map(-1000,[ev(-1000,'C3538994','TREATMENT','Treatment Epoch',[treatment],[resa],[[[1,1],[1,1],0]],yes,no,['MTH','NCI','NLMSubSyn'],[0/9],0,0)])]).
'EOU'.
utterance('00000000.tx.2',"An 18-year-old male returning from a recent vacation in Asia presents to the ER with a sudden onset of high fever, chills, facial flushing, epistaxis and severe headache and joint pain. ",11/186,[]).
phrase('An 18-year-old male',[det([lexmatch([an]),inputmatch(['An']),tag(det),tokens([an])]),shapes([inputmatch(['18']),features([integer]),tokens(['18'])]),punc([inputmatch([-]),tokens([])]),mod([lexmatch([year]),inputmatch([year]),tag(noun),tokens([year])]),punc([inputmatch([-]),tokens([])]),mod([lexmatch([old]),inputmatch([old]),tag(noun),tokens([old])]),head([lexmatch([male]),inputmatch([male]),tag(noun),tokens([male])])],11/19,[]).
candidates(8,0,0,8,[]).
mappings([map(-775,[ev(-645,'C0439234',year,year,[year],[tmco],[[[2,2],[1,1],0]],no,no,['MTH','NCI','SNOMEDCT_US'],[17/4],0,0),ev(-645,'C0580836','Old','Old',[old],[tmco],[[[3,3],[1,1],0]],no,no,['MTH'],[22/3],0,0),ev(-812,'C0024554','Male','Male gender',[male],[orga],[[[4,4],[1,1],0]],yes,no,['CHV','DXP','MSH','MTH','NCI','NLMSubSyn','QMR','SNOMEDCT_US'],[26/4],0,0)]),map(-775,[ev(-645,'C0439234',year,year,[year],[tmco],[[[2,2],[1,1],0]],no,no,['MTH','NCI','SNOMEDCT_US'],[17/4],0,0),ev(-645,'C0580836','Old','Old',[old],[tmco],[[[3,3],[1,1],0]],no,no,['MTH'],[22/3],0,0),ev(-812,'C0086582',male,'Males',[male],[popg],[[[4,4],[1,1],0]],yes,no,['CHV','MTH'],[26/4],0,0)]),map(-775,[ev(-645,'C0439234',year,year,[year],[tmco],[[[2,2],[1,1],0]],no,no,['MTH','NCI','SNOMEDCT_US'],[17/4],0,0),ev(-645,'C0580836','Old','Old',[old],[tmco],[[[3,3],[1,1],0]],no,no,['MTH'],[22/3],0,0),ev(-812,'C1706180','Male','Male Gender, Self Report',[male],[qlco],[[[4,4],[1,1],0]],yes,no,['MTH','NCI'],[26/4],0,0)]),map(-775,[ev(-645,'C0439234',year,year,[year],[tmco],[[[2,2],[1,1],0]],no,no,['MTH','NCI','SNOMEDCT_US'],[17/4],0,0),ev(-645,'C0580836','Old','Old',[old],[tmco],[[[3,3],[1,1],0]],no,no,['MTH'],[22/3],0,0),ev(-812,'C1706428','Male','Male Phenotype',[male],[qlco],[[[4,4],[1,1],0]],yes,no,['MTH','NCI'],[26/4],0,0)]),map(-775,[ev(-645,'C0439234',year,year,[year],[tmco],[[[2,2],[1,1],0]],no,no,['MTH','NCI','SNOMEDCT_US'],[17/4],0,0),ev(-645,'C0580836','Old','Old',[old],[tmco],[[[3,3],[1,1],0]],no,no,['MTH'],[22/3],0,0),ev(-812,'C1706429','Male','Male, Self-Reported',[male],[orga],[[[4,4],[1,1],0]],yes,no,['MTH','NCI'],[26/4],0,0)]),map(-775,[ev(-645,'C0439508','/year','per year',[year],[tmco],[[[2,2],[1,1],0]],no,no,['CHV','MTH','NCI','SNOMEDCT_US'],[17/4],0,0),ev(-645,'C0580836','Old','Old',[old],[tmco],[[[3,3],[1,1],0]],no,no,['MTH'],[22/3],0,0),ev(-812,'C0024554','Male','Male gender',[male],[orga],[[[4,4],[1,1],0]],yes,no,['CHV','DXP','MSH','MTH','NCI','NLMSubSyn','QMR','SNOMEDCT_US'],[26/4],0,0)]),map(-775,[ev(-645,'C0439508','/year','per year',[year],[tmco],[[[2,2],[1,1],0]],no,no,['CHV','MTH','NCI','SNOMEDCT_US'],[17/4],0,0),ev(-645,'C0580836','Old','Old',[old],[tmco],[[[3,3],[1,1],0]],no,no,['MTH'],[22/3],0,0),ev(-812,'C0086582',male,'Males',[male],[popg],[[[4,4],[1,1],0]],yes,no,['CHV','MTH'],[26/4],0,0)]),map(-775,[ev(-645,'C0439508','/year','per year',[year],[tmco],[[[2,2],[1,1],0]],no,no,['CHV','MTH','NCI','SNOMEDCT_US'],[17/4],0,0),ev(-645,'C0580836','Old','Old',[old],[tmco],[[[3,3],[1,1],0]],no,no,['MTH'],[22/3],0,0),ev(-812,'C1706180','Male','Male Gender, Self Report',[male],[qlco],[[[4,4],[1,1],0]],yes,no,['MTH','NCI'],[26/4],0,0)]),map(-775,[ev(-645,'C0439508','/year','per year',[year],[tmco],[[[2,2],[1,1],0]],no,no,['CHV','MTH','NCI','SNOMEDCT_US'],[17/4],0,0),ev(-645,'C0580836','Old','Old',[old],[tmco],[[[3,3],[1,1],0]],no,no,['MTH'],[22/3],0,0),ev(-812,'C1706428','Male','Male Phenotype',[male],[qlco],[[[4,4],[1,1],0]],yes,no,['MTH','NCI'],[26/4],0,0)]),map(-775,[ev(-645,'C0439508','/year','per year',[year],[tmco],[[[2,2],[1,1],0]],no,no,['CHV','MTH','NCI','SNOMEDCT_US'],[17/4],0,0),ev(-645,'C0580836','Old','Old',[old],[tmco],[[[3,3],[1,1],0]],no,no,['MTH'],[22/3],0,0),ev(-812,'C1706429','Male','Male, Self-Reported',[male],[orga],[[[4,4],[1,1],0]],yes,no,['MTH','NCI'],[26/4],0,0)])]).
phrase('returning from a recent vacation',[verb([lexmatch([returning]),inputmatch([returning]),tag(verb),tokens([returning])]),prep([lexmatch([from]),inputmatch([from]),tag(prep),tokens([from])]),det([lexmatch([a]),inputmatch([a]),tag(det),tokens([a])]),mod([lexmatch([recent]),inputmatch([recent]),tag(adj),tokens([recent])]),mod([lexmatch([vacation]),inputmatch([vacation]),tag(noun),tokens([vacation])])],31/32,[]).
candidates(3,0,0,3,[]).
mappings([map(-685,[ev(-726,'C0332156','Return','Return to',[return],[qlco],[[[1,1],[1,1],1]],yes,no,['NCI','SNOMEDCT_US'],[31/9],0,0),ev(-760,'C0332185','Recent','Recent',[recent],[tmco],[[[4,4],[1,1],0]],yes,no,['MTH','SNOMEDCT_US'],[48/6],0,0),ev(-760,'C0680199','Vacation','Vacation',[vacation],[tmco],[[[5,5],[1,1],0]],yes,no,['CHV','NCI'],[55/8],0,0)])]).
phrase('in Asia',[prep([lexmatch([in]),inputmatch([in]),tag(prep),tokens([in])]),head([lexmatch([asia]),inputmatch(['Asia']),tag(noun),tokens([asia])])],64/7,[]).
candidates(2,1,0,1,[]).
mappings([map(-1000,[ev(-1000,'C0003980','Asia','Asia',[asia],[geoa],[[[1,1],[1,1],0]],yes,no,['MSH'],[67/4],0,0)])]).
phrase('presents to the ER',[verb([lexmatch([presents]),inputmatch([presents]),tag(verb),tokens([presents])]),prep([lexmatch([to]),inputmatch([to]),tag(prep),tokens([to])]),det([lexmatch([the]),inputmatch([the]),tag(det),tokens([the])]),mod([lexmatch([er]),inputmatch(['ER']),tag(noun),tokens([er])])],72/18,[]).
candidates(2,0,0,2,[]).
mappings([map(-770,[ev(-770,'C0150312','Present','Present',[present],[qnco],[[[1,1],[1,1],0]],yes,no,['CHV','MTH','NCI'],[72/8],0,0)]),map(-770,[ev(-770,'C0449450','Present','Presentation',[present],[idcn],[[[1,1],[1,1],0]],yes,no,['CHV','MTH','NCI'],[72/8],0,0)])]).
phrase('with a sudden onset of high fever,',[prep([lexmatch([with]),inputmatch([with]),tag(prep),tokens([with])]),det([lexmatch([a]),inputmatch([a]),tag(det),tokens([a])]),mod([lexmatch([sudden]),inputmatch([sudden]),tag(adj),tokens([sudden])]),head([lexmatch([onset]),inputmatch([onset]),tag(noun),tokens([onset])]),prep([lexmatch([of]),inputmatch([of]),tag(prep),tokens([of])]),mod([lexmatch([high]),inputmatch([high]),tag(adj),tokens([high])]),mod([lexmatch([fever]),inputmatch([fever]),tag(noun),tokens([fever])]),punc([inputmatch([',']),tokens([])])],91/34,[]).
candidates(12,0,0,12,[]).
mappings([map(-719,[ev(-774,'C0332162','With onset','Onset of (contextual qualifier)',[with,onset],[qlco],[[[1,1],[1,1],0],[[4,4],[2,2],0]],yes,no,['NCI','SNOMEDCT_US'],[91/4,105/5],0,0),ev(-581,'C1276802','Sudden','Sudden onset (attribute)',[sudden],[qlco],[[[3,3],[1,1],0]],no,no,['SNMI','SNOMEDCT_US'],[98/6],0,0),ev(-612,'C0743973','high fever','FEVER HIGH (finding)',[high,fever],[fndg],[[[6,6],[1,1],0],[[7,7],[2,2],0]],no,no,['CHV','MTH','NLMSubSyn'],[114/10],0,0)]),map(-719,[ev(-581,'C0332287','With','In addition to',[with],[qlco],[[[1,1],[1,1],0]],no,no,['MTH','NCI','SNOMEDCT_US'],[91/4],0,0),ev(-778,'C1272517','Sudden onset','Sudden onset (contextual qualifier) (qualifier value)',[sudden,onset],[inpr],[[[3,3],[1,1],0],[[4,4],[2,2],0]],yes,no,['SNOMEDCT_US'],[98/12],0,0),ev(-612,'C0743973','high fever','FEVER HIGH (finding)',[high,fever],[fndg],[[[6,6],[1,1],0],[[7,7],[2,2],0]],no,no,['CHV','MTH','NLMSubSyn'],[114/10],0,0)]),map(-719,[ev(-581,'C0332287','With','In addition to',[with],[qlco],[[[1,1],[1,1],0]],no,no,['MTH','NCI','SNOMEDCT_US'],[91/4],0,0),ev(-778,'C1276802','Sudden onset','Sudden onset (attribute)',[sudden,onset],[qlco],[[[3,3],[1,1],0],[[4,4],[2,2],0]],yes,no,['SNMI','SNOMEDCT_US'],[98/12],0,0),ev(-612,'C0743973','high fever','FEVER HIGH (finding)',[high,fever],[fndg],[[[6,6],[1,1],0],[[7,7],[2,2],0]],no,no,['CHV','MTH','NLMSubSyn'],[114/10],0,0)]),map(-719,[ev(-581,'C1705690','With','With - dosing instruction fragment',[with],[inpr],[[[1,1],[1,1],0]],no,no,['MTH','SNOMEDCT_US'],[91/4],0,0),ev(-778,'C1272517','Sudden onset','Sudden onset (contextual qualifier) (qualifier value)',[sudden,onset],[inpr],[[[3,3],[1,1],0],[[4,4],[2,2],0]],yes,no,['SNOMEDCT_US'],[98/12],0,0),ev(-612,'C0743973','high fever','FEVER HIGH (finding)',[high,fever],[fndg],[[[6,6],[1,1],0],[[7,7],[2,2],0]],no,no,['CHV','MTH','NLMSubSyn'],[114/10],0,0)]),map(-719,[ev(-581,'C1705690','With','With - dosing instruction fragment',[with],[inpr],[[[1,1],[1,1],0]],no,no,['MTH','SNOMEDCT_US'],[91/4],0,0),ev(-778,'C1276802','Sudden onset','Sudden onset (attribute)',[sudden,onset],[qlco],[[[3,3],[1,1],0],[[4,4],[2,2],0]],yes,no,['SNMI','SNOMEDCT_US'],[98/12],0,0),ev(-612,'C0743973','high fever','FEVER HIGH (finding)',[high,fever],[fndg],[[[6,6],[1,1],0],[[7,7],[2,2],0]],no,no,['CHV','MTH','NLMSubSyn'],[114/10],0,0)])]).
phrase('chills,',[head([lexmatch([chills]),inputmatch([chills]),tag(noun),tokens([chills])]),punc([inputmatch([',']),tokens([])])],126/7,[]).
candidates(1,0,0,1,[]).
mappings([map(-1000,[ev(-1000,'C0085593','Chills','Chills',[chills],[sosy],[[[1,1],[1,1],0]],yes,no,['CHV','MTH','SNOMEDCT_US'],[126/6],0,0)])]).
phrase('facial flushing,',[mod([lexmatch([facial]),inputmatch([facial]),tag(adj),tokens([facial])]),head([lexmatch([flushing]),inputmatch([flushing]),tag(noun),tokens([flushing])]),punc([inputmatch([',']),tokens([])])],134/16,[]).
candidates(5,0,0,5,[]).
mappings([map(-1000,[ev(-1000,'C0016382','FACIAL FLUSHING','Flushing',[facial,flushing],[sosy],[[[1,1],[1,1],0],[[2,2],[2,2],0]],yes,no,['AOD','CHV','CST','DXP','MSH','MTH','NLMSubSyn','SNOMEDCT_US'],[134/15],0,0)])]).
phrase(epistaxis,[head([lexmatch([epistaxis]),inputmatch([epistaxis]),tag(noun),tokens([epistaxis])])],151/9,[]).
candidates(1,0,0,1,[]).
mappings([map(-1000,[ev(-1000,'C0014591','Epistaxis','Epistaxis',[epistaxis],[patf],[[[1,1],[1,1],0]],yes,no,['CHV','CST','ICD10CM','ICPC','MSH','MTH','NLMSubSyn','SNOMEDCT_US'],[151/9],0,0)])]).
phrase(and,[conj([lexmatch([and]),inputmatch([and]),tag(conj),tokens([and])])],161/3,[]).
candidates(0,0,0,0,[]).
mappings([]).
phrase('severe headache',[mod([lexmatch([severe]),inputmatch([severe]),tag(adj),tokens([severe])]),head([lexmatch([headache]),inputmatch([headache]),tag(noun),tokens([headache])])],165/15,[]).
candidates(3,0,0,3,[]).
mappings([map(-1000,[ev(-1000,'C2957106','HEADACHE, SEVERE','Headache Severe',[severe,headache],[sosy],[[[1,1],[1,1],0],[[2,2],[2,2],0]],yes,no,['DXP','NLMSubSyn','QMR'],[165/15],0,0)])]).
phrase(and,[conj([lexmatch([and]),inputmatch([and]),tag(conj),tokens([and])])],181/3,[]).
candidates(0,0,0,0,[]).
mappings([]).
phrase('joint pain.',[head([lexmatch(['joint pain']),inputmatch([joint,pain]),tag(noun),tokens([joint,pain])]),punc([inputmatch(['.']),tokens([])])],185/11,[]).
candidates(9,1,0,8,[]).
mappings([map(-1000,[ev(-1000,'C0003862','Joint Pain','Arthralgia',[joint,pain],[sosy],[[[1,2],[1,2],0]],yes,no,['CHV','CST','ICD10CM','ICF','MSH','MTH','NCI','NLMSubSyn','OMIM','SNOMEDCT_US'],[185/10],0,0)]),map(-1000,[ev(-1000,'C1963066','Joint pain','Joint Pain Adverse Event',[joint,pain],[fndg],[[[1,2],[1,2],0]],yes,no,['MTH','NCI'],[185/10],0,0)])]).
'EOU'.
utterance('00000000.tx.3',"His complete blood count reveals leukopenia, increased hematocrit concentration and thrombocytopenia. ",197/102,[298]).
phrase('His complete blood count',[pron([lexmatch([his]),inputmatch(['His']),tag(pron),tokens([his])]),head([lexmatch(['complete blood count']),inputmatch([complete,blood,count]),tag(noun),tokens([complete,blood,count])])],197/24,[]).
candidates(16,8,0,8,[]).
mappings([map(-1000,[ev(-1000,'C0009555','Complete Blood Count','Complete Blood Count',[complete,blood,count],[lbpr],[[[1,3],[1,3],0]],yes,no,['CHV','MSH','MTH','NCI','NLMSubSyn','SNOMEDCT_US'],[201/20],0,0)])]).
phrase(reveals,[verb([lexmatch([reveals]),inputmatch([reveals]),tag(verb),tokens([reveals])])],222/7,[]).
candidates(1,0,0,1,[]).
mappings([map(-1000,[ev(-1000,'C0443289',reveal,'Revealed',[reveal],[qlco],[[[1,1],[1,1],0]],yes,no,['CHV','SNOMEDCT_US'],[222/7],0,0)])]).
phrase('leukopenia,',[head([lexmatch([leukopenia]),inputmatch([leukopenia]),tag(noun),tokens([leukopenia])]),punc([inputmatch([',']),tokens([])])],230/11,[]).
candidates(2,0,0,2,[]).
mappings([map(-1000,[ev(-1000,'C0023530','Leucopenia','Leukopenia',[leucopenia],[dsyn],[[[1,1],[1,1],0]],yes,no,['ICD9CM','MSH','MTH','SNOMEDCT_US'],[230/10],0,0)]),map(-1000,[ev(-1000,'C0750394','Leucopenia','White blood cell count decreased',[leucopenia],[fndg],[[[1,1],[1,1],0]],yes,no,['CHV','CST','DXP','ICD10CM','MTH','NCI','NLMSubSyn','SNOMEDCT_US','SNOMEDCT_VET'],[230/10],0,0)])]).
phrase('increased hematocrit concentration',[mod([lexmatch([increased]),inputmatch([increased]),tag(adj),tokens([increased])]),mod([lexmatch([hematocrit]),inputmatch([hematocrit]),tag(noun),tokens([hematocrit])]),head([lexmatch([concentration]),inputmatch([concentration]),tag(noun),tokens([concentration])])],242/34,[]).
candidates(8,1,0,7,[]).
mappings([map(-901,[ev(-734,'C0239935','Increased hematocrit','Hematocrit increased',[increased,hematocrit],[fndg],[[[1,1],[1,1],0],[[2,2],[2,2],0]],no,no,['CHV','MTH','NLMSubSyn','OMIM'],[242/20],0,0),ev(-827,'C0086045','Concentration','Mental concentration',[concentration],[menp],[[[3,3],[1,1],0]],yes,no,['AOD','MSH','MTH','NCI','SNOMEDCT_US'],[263/13],0,0)]),map(-901,[ev(-734,'C0239935','Increased hematocrit','Hematocrit increased',[increased,hematocrit],[fndg],[[[1,1],[1,1],0],[[2,2],[2,2],0]],no,no,['CHV','MTH','NLMSubSyn','OMIM'],[242/20],0,0),ev(-827,'C1446561','Concentration','Concentration measurement',[concentration],[qnco],[[[3,3],[1,1],0]],yes,no,['MTH','NCI'],[263/13],0,0)])]).
phrase(and,[conj([lexmatch([and]),inputmatch([and]),tag(conj),tokens([and])])],277/3,[]).
candidates(0,0,0,0,[]).
mappings([]).
phrase('thrombocytopenia.',[head([lexmatch([thrombocytopenia]),inputmatch([thrombocytopenia]),tag(noun),tokens([thrombocytopenia])]),punc([inputmatch(['.']),tokens([])])],281/17,[]).
candidates(1,0,0,1,[]).
mappings([map(-1000,[ev(-1000,'C0040034','Thrombocytopenia','Thrombocytopenia',[thrombocytopenia],[fndg],[[[1,1],[1,1],0]],yes,no,['CHV','ICD10CM','MSH','MTH','NCI','NLMSubSyn','SNOMEDCT_US'],[281/16],0,0)])]).
'EOU'.
utterance('00000000.tx.4',"An 18-year-old male returned from Asia a week ago. ",299/51,[]).
phrase('An 18-year-old male',[det([lexmatch([an]),inputmatch(['An']),tag(det),tokens([an])]),shapes([inputmatch(['18']),features([integer]),tokens(['18'])]),punc([inputmatch([-]),tokens([])]),mod([lexmatch([year]),inputmatch([year]),tag(noun),tokens([year])]),punc([inputmatch([-]),tokens([])]),mod([lexmatch([old]),inputmatch([old]),tag(noun),tokens([old])]),head([lexmatch([male]),inputmatch([male]),tag(noun),tokens([male])])],299/19,[]).
candidates(8,0,0,8,[]).
mappings([map(-775,[ev(-645,'C0439234',year,year,[year],[tmco],[[[2,2],[1,1],0]],no,no,['MTH','NCI','SNOMEDCT_US'],[305/4],0,0),ev(-645,'C0580836','Old','Old',[old],[tmco],[[[3,3],[1,1],0]],no,no,['MTH'],[310/3],0,0),ev(-812,'C0024554','Male','Male gender',[male],[orga],[[[4,4],[1,1],0]],yes,no,['CHV','DXP','MSH','MTH','NCI','NLMSubSyn','QMR','SNOMEDCT_US'],[314/4],0,0)]),map(-775,[ev(-645,'C0439234',year,year,[year],[tmco],[[[2,2],[1,1],0]],no,no,['MTH','NCI','SNOMEDCT_US'],[305/4],0,0),ev(-645,'C0580836','Old','Old',[old],[tmco],[[[3,3],[1,1],0]],no,no,['MTH'],[310/3],0,0),ev(-812,'C0086582',male,'Males',[male],[popg],[[[4,4],[1,1],0]],yes,no,['CHV','MTH'],[314/4],0,0)]),map(-775,[ev(-645,'C0439234',year,year,[year],[tmco],[[[2,2],[1,1],0]],no,no,['MTH','NCI','SNOMEDCT_US'],[305/4],0,0),ev(-645,'C0580836','Old','Old',[old],[tmco],[[[3,3],[1,1],0]],no,no,['MTH'],[310/3],0,0),ev(-812,'C1706180','Male','Male Gender, Self Report',[male],[qlco],[[[4,4],[1,1],0]],yes,no,['MTH','NCI'],[314/4],0,0)]),map(-775,[ev(-645,'C0439234',year,year,[year],[tmco],[[[2,2],[1,1],0]],no,no,['MTH','NCI','SNOMEDCT_US'],[305/4],0,0),ev(-645,'C0580836','Old','Old',[old],[tmco],[[[3,3],[1,1],0]],no,no,['MTH'],[310/3],0,0),ev(-812,'C1706428','Male','Male Phenotype',[male],[qlco],[[[4,4],[1,1],0]],yes,no,['MTH','NCI'],[314/4],0,0)]),map(-775,[ev(-645,'C0439234',year,year,[year],[tmco],[[[2,2],[1,1],0]],no,no,['MTH','NCI','SNOMEDCT_US'],[305/4],0,0),ev(-645,'C0580836','Old','Old',[old],[tmco],[[[3,3],[1,1],0]],no,no,['MTH'],[310/3],0,0),ev(-812,'C1706429','Male','Male, Self-Reported',[male],[orga],[[[4,4],[1,1],0]],yes,no,['MTH','NCI'],[314/4],0,0)]),map(-775,[ev(-645,'C0439508','/year','per year',[year],[tmco],[[[2,2],[1,1],0]],no,no,['CHV','MTH','NCI','SNOMEDCT_US'],[305/4],0,0),ev(-645,'C0580836','Old','Old',[old],[tmco],[[[3,3],[1,1],0]],no,no,['MTH'],[310/3],0,0),ev(-812,'C0024554','Male','Male gender',[male],[orga],[[[4,4],[1,1],0]],yes,no,['CHV','DXP','MSH','MTH','NCI','NLMSubSyn','QMR','SNOMEDCT_US'],[314/4],0,0)]),map(-775,[ev(-645,'C0439508','/year','per year',[year],[tmco],[[[2,2],[1,1],0]],no,no,['CHV','MTH','NCI','SNOMEDCT_US'],[305/4],0,0),ev(-645,'C0580836','Old','Old',[old],[tmco],[[[3,3],[1,1],0]],no,no,['MTH'],[310/3],0,0),ev(-812,'C0086582',male,'Males',[male],[popg],[[[4,4],[1,1],0]],yes,no,['CHV','MTH'],[314/4],0,0)]),map(-775,[ev(-645,'C0439508','/year','per year',[year],[tmco],[[[2,2],[1,1],0]],no,no,['CHV','MTH','NCI','SNOMEDCT_US'],[305/4],0,0),ev(-645,'C0580836','Old','Old',[old],[tmco],[[[3,3],[1,1],0]],no,no,['MTH'],[310/3],0,0),ev(-812,'C1706180','Male','Male Gender, Self Report',[male],[qlco],[[[4,4],[1,1],0]],yes,no,['MTH','NCI'],[314/4],0,0)]),map(-775,[ev(-645,'C0439508','/year','per year',[year],[tmco],[[[2,2],[1,1],0]],no,no,['CHV','MTH','NCI','SNOMEDCT_US'],[305/4],0,0),ev(-645,'C0580836','Old','Old',[old],[tmco],[[[3,3],[1,1],0]],no,no,['MTH'],[310/3],0,0),ev(-812,'C1706428','Male','Male Phenotype',[male],[qlco],[[[4,4],[1,1],0]],yes,no,['MTH','NCI'],[314/4],0,0)]),map(-775,[ev(-645,'C0439508','/year','per year',[year],[tmco],[[[2,2],[1,1],0]],no,no,['CHV','MTH','NCI','SNOMEDCT_US'],[305/4],0,0),ev(-645,'C0580836','Old','Old',[old],[tmco],[[[3,3],[1,1],0]],no,no,['MTH'],[310/3],0,0),ev(-812,'C1706429','Male','Male, Self-Reported',[male],[orga],[[[4,4],[1,1],0]],yes,no,['MTH','NCI'],[314/4],0,0)])]).
phrase('returned from Asia a week ago.',[verb([lexmatch([returned]),inputmatch([returned]),tag(verb),tokens([returned])]),prep([lexmatch([from]),inputmatch([from]),tag(prep),tokens([from])]),mod([lexmatch(['asia a']),inputmatch(['Asia',a]),tag(noun),tokens([asia,a])]),mod([lexmatch([week]),inputmatch([week]),tag(noun),tokens([week])]),adv([lexmatch([ago]),inputmatch([ago]),tag(adv),tokens([ago])]),punc([inputmatch(['.']),tokens([])])],319/30,[]).
candidates(5,1,0,4,[]).
mappings([map(-655,[ev(-719,'C0332156','Return','Return to',[return],[qlco],[[[1,1],[1,1],1]],yes,no,['NCI','SNOMEDCT_US'],[319/8],0,0),ev(-753,'C0003980','Asia','Asia',[asia],[geoa],[[[3,3],[1,1],0]],yes,no,['MSH'],[333/4],0,0),ev(-753,'C0332174','/week','Weekly',[week],[tmco],[[[5,5],[1,1],0]],yes,no,['MTH','NCI','SNOMEDCT_US'],[340/4],0,0)]),map(-655,[ev(-719,'C0332156','Return','Return to',[return],[qlco],[[[1,1],[1,1],1]],yes,no,['NCI','SNOMEDCT_US'],[319/8],0,0),ev(-753,'C0003980','Asia','Asia',[asia],[geoa],[[[3,3],[1,1],0]],yes,no,['MSH'],[333/4],0,0),ev(-753,'C0439230',week,week,[week],[tmco],[[[5,5],[1,1],0]],yes,no,['MTH','SNOMEDCT_US'],[340/4],0,0)])]).
'EOU'.
utterance('00000000.tx.5',"He presents with high fever, severe headache and joint pain. ",350/61,[]).
phrase('He',[pron([lexmatch([he]),inputmatch(['He']),tag(pron),tokens([he])])],350/2,[]).
candidates(0,0,0,0,[]).
mappings([]).
phrase('presents with high fever,',[verb([lexmatch([presents]),inputmatch([presents]),tag(verb),tokens([presents])]),prep([lexmatch([with]),inputmatch([with]),tag(prep),tokens([with])]),mod([lexmatch([high]),inputmatch([high]),tag(adj),tokens([high])]),mod([lexmatch([fever]),inputmatch([fever]),tag(noun),tokens([fever])]),punc([inputmatch([',']),tokens([])])],353/25,[]).
candidates(7,0,0,7,[]).
mappings([map(-783,[ev(-770,'C0150312','Present','Present',[present],[qnco],[[[1,1],[1,1],0]],yes,no,['CHV','MTH','NCI'],[353/8],0,0),ev(-833,'C0743973','high fever','FEVER HIGH (finding)',[high,fever],[fndg],[[[3,3],[1,1],0],[[4,4],[2,2],0]],yes,no,['CHV','MTH','NLMSubSyn'],[367/10],0,0)]),map(-783,[ev(-770,'C0449450','Present','Presentation',[present],[idcn],[[[1,1],[1,1],0]],yes,no,['CHV','MTH','NCI'],[353/8],0,0),ev(-833,'C0743973','high fever','FEVER HIGH (finding)',[high,fever],[fndg],[[[3,3],[1,1],0],[[4,4],[2,2],0]],yes,no,['CHV','MTH','NLMSubSyn'],[367/10],0,0)])]).
phrase('severe headache',[mod([lexmatch([severe]),inputmatch([severe]),tag(adj),tokens([severe])]),head([lexmatch([headache]),inputmatch([headache]),tag(noun),tokens([headache])])],379/15,[]).
candidates(3,0,0,3,[]).
mappings([map(-1000,[ev(-1000,'C2957106','HEADACHE, SEVERE','Headache Severe',[severe,headache],[sosy],[[[1,1],[1,1],0],[[2,2],[2,2],0]],yes,no,['DXP','NLMSubSyn','QMR'],[379/15],0,0)])]).
phrase(and,[conj([lexmatch([and]),inputmatch([and]),tag(conj),tokens([and])])],395/3,[]).
candidates(0,0,0,0,[]).
mappings([]).
phrase('joint pain.',[head([lexmatch(['joint pain']),inputmatch([joint,pain]),tag(noun),tokens([joint,pain])]),punc([inputmatch(['.']),tokens([])])],399/11,[]).
candidates(9,1,0,8,[]).
mappings([map(-1000,[ev(-1000,'C0003862','Joint Pain','Arthralgia',[joint,pain],[sosy],[[[1,2],[1,2],0]],yes,no,['CHV','CST','ICD10CM','ICF','MSH','MTH','NCI','NLMSubSyn','OMIM','SNOMEDCT_US'],[399/10],0,0)]),map(-1000,[ev(-1000,'C1963066','Joint pain','Joint Pain Adverse Event',[joint,pain],[fndg],[[[1,2],[1,2],0]],yes,no,['MTH','NCI'],[399/10],0,0)])]).
'EOU'.
utterance('00000000.tx.6',"His blood analysis reveals leukopenia, increased hematocrit and thrombocytopenia.",411/81,[]).
phrase('His blood analysis',[pron([lexmatch([his]),inputmatch(['His']),tag(pron),tokens([his])]),mod([lexmatch([blood]),inputmatch([blood]),tag(noun),tokens([blood])]),head([lexmatch([analysis]),inputmatch([analysis]),tag(noun),tokens([analysis])])],411/18,[]).
candidates(13,7,0,6,[]).
mappings([map(-888,[ev(-694,'C0005767','Blood','Blood',[blood],[tisu],[[[1,1],[1,1],0]],no,no,['FMA','LNC','MTH'],[415/5],0,0),ev(-861,'C0002778','Analysis','Analysis of substances',[analysis],[lbpr],[[[2,2],[1,1],0]],yes,no,['MTH','SNOMEDCT_US'],[421/8],0,0)]),map(-888,[ev(-694,'C0005767','Blood','Blood',[blood],[tisu],[[[1,1],[1,1],0]],no,no,['FMA','LNC','MTH'],[415/5],0,0),ev(-861,'C0936012','Analysis','Analysis',[analysis],[resa],[[[2,2],[1,1],0]],yes,no,['MTH','NCI'],[421/8],0,0)]),map(-888,[ev(-694,'C0005767','Blood','Blood',[blood],[tisu],[[[1,1],[1,1],0]],no,no,['FMA','LNC','MTH'],[415/5],0,0),ev(-861,'C1524024',analysis,'analysis aspect',[analysis],[ftcn],[[[2,2],[1,1],0]],yes,no,['MSH','MTH'],[421/8],0,0)]),map(-888,[ev(-694,'C0005768',blood,'In Blood',[blood],[bdsu],[[[1,1],[1,1],0]],no,no,['MSH','MTH'],[415/5],0,0),ev(-861,'C0002778','Analysis','Analysis of substances',[analysis],[lbpr],[[[2,2],[1,1],0]],yes,no,['MTH','SNOMEDCT_US'],[421/8],0,0)]),map(-888,[ev(-694,'C0005768',blood,'In Blood',[blood],[bdsu],[[[1,1],[1,1],0]],no,no,['MSH','MTH'],[415/5],0,0),ev(-861,'C0936012','Analysis','Analysis',[analysis],[resa],[[[2,2],[1,1],0]],yes,no,['MTH','NCI'],[421/8],0,0)]),map(-888,[ev(-694,'C0005768',blood,'In Blood',[blood],[bdsu],[[[1,1],[1,1],0]],no,no,['MSH','MTH'],[415/5],0,0),ev(-861,'C1524024',analysis,'analysis aspect',[analysis],[ftcn],[[[2,2],[1,1],0]],yes,no,['MSH','MTH'],[421/8],0,0)]),map(-888,[ev(-694,'C0229664','Blood','peripheral blood',[blood],[bdsu],[[[1,1],[1,1],0]],no,no,['MTH','NCI'],[415/5],0,0),ev(-861,'C0002778','Analysis','Analysis of substances',[analysis],[lbpr],[[[2,2],[1,1],0]],yes,no,['MTH','SNOMEDCT_US'],[421/8],0,0)]),map(-888,[ev(-694,'C0229664','Blood','peripheral blood',[blood],[bdsu],[[[1,1],[1,1],0]],no,no,['MTH','NCI'],[415/5],0,0),ev(-861,'C0936012','Analysis','Analysis',[analysis],[resa],[[[2,2],[1,1],0]],yes,no,['MTH','NCI'],[421/8],0,0)]),map(-888,[ev(-694,'C0229664','Blood','peripheral blood',[blood],[bdsu],[[[1,1],[1,1],0]],no,no,['MTH','NCI'],[415/5],0,0),ev(-861,'C1524024',analysis,'analysis aspect',[analysis],[ftcn],[[[2,2],[1,1],0]],yes,no,['MSH','MTH'],[421/8],0,0)])]).
phrase(reveals,[verb([lexmatch([reveals]),inputmatch([reveals]),tag(verb),tokens([reveals])])],430/7,[]).
candidates(1,0,0,1,[]).
mappings([map(-1000,[ev(-1000,'C0443289',reveal,'Revealed',[reveal],[qlco],[[[1,1],[1,1],0]],yes,no,['CHV','SNOMEDCT_US'],[430/7],0,0)])]).
phrase('leukopenia,',[head([lexmatch([leukopenia]),inputmatch([leukopenia]),tag(noun),tokens([leukopenia])]),punc([inputmatch([',']),tokens([])])],438/11,[]).
candidates(2,0,0,2,[]).
mappings([map(-1000,[ev(-1000,'C0023530','Leucopenia','Leukopenia',[leucopenia],[dsyn],[[[1,1],[1,1],0]],yes,no,['ICD9CM','MSH','MTH','SNOMEDCT_US'],[438/10],0,0)]),map(-1000,[ev(-1000,'C0750394','Leucopenia','White blood cell count decreased',[leucopenia],[fndg],[[[1,1],[1,1],0]],yes,no,['CHV','CST','DXP','ICD10CM','MTH','NCI','NLMSubSyn','SNOMEDCT_US','SNOMEDCT_VET'],[438/10],0,0)])]).
phrase('increased hematocrit',[mod([lexmatch([increased]),inputmatch([increased]),tag(adj),tokens([increased])]),head([lexmatch([hematocrit]),inputmatch([hematocrit]),tag(noun),tokens([hematocrit])])],450/20,[]).
candidates(5,0,0,5,[]).
mappings([map(-1000,[ev(-1000,'C0239935','Increased hematocrit','Hematocrit increased',[increased,hematocrit],[fndg],[[[1,1],[1,1],0],[[2,2],[2,2],0]],yes,no,['CHV','MTH','NLMSubSyn','OMIM'],[450/20],0,0)])]).
phrase(and,[conj([lexmatch([and]),inputmatch([and]),tag(conj),tokens([and])])],471/3,[]).
candidates(0,0,0,0,[]).
mappings([]).
phrase('thrombocytopenia.',[head([lexmatch([thrombocytopenia]),inputmatch([thrombocytopenia]),tag(noun),tokens([thrombocytopenia])]),punc([inputmatch(['.']),tokens([])])],475/17,[]).
candidates(1,0,0,1,[]).
mappings([map(-1000,[ev(-1000,'C0040034','Thrombocytopenia','Thrombocytopenia',[thrombocytopenia],[fndg],[[[1,1],[1,1],0]],yes,no,['CHV','ICD10CM','MSH','MTH','NCI','NLMSubSyn','SNOMEDCT_US'],[475/16],0,0)])]).
'EOU'.
'EOT'.
