args('metamap14.BINARY.Darwin --lexicon db -Z 2014AA -qE -Q 4 ../../TREC-CDS/2015-original/25.txt ../../TREC-CDS/2015-original-MMed/25.txt.out',[lexicon-db,mm_data_year-'2014AA',machine_output-[],indicate_citation_end-[],composite_phrases-4,infile-'../../TREC-CDS/2015-original/25.txt',outfile-'../../TREC-CDS/2015-original-MMed/25.txt.out']).
aas([]).
neg_list([negation(nega,no,[244/2],['C1510467':trauma,'C0043250':trauma,'C3263723':'Trauma','C0043251':'Trauma'],[258/6]),negation(nega,no,[840/2],['C0015967':'Fever'],[862/5]),negation(nega,no,[840/2],['C0042024':'Urinary Incontinence','C1962973':'Incontinence, urinary'],[885/20]),negation(nega,no,[840/2],['C0039231':'Tachycardia'],[869/11]),negation(nega,no,[840/2],['C1510467':trauma,'C0043250':trauma,'C3263723':'Trauma','C0043251':'Trauma'],[854/6])]).
utterance('00000000.tx.1',"treatment. ",0/11,[10]).
phrase('treatment.',[head([lexmatch([treatment]),inputmatch([treatment]),tag(noun),tokens([treatment])]),punc([inputmatch(['.']),tokens([])])],0/10,[]).
candidates(6,0,0,6,[]).
mappings([map(-1000,[ev(-1000,'C0039798',treatment,'therapeutic aspects',[treatment],[ftcn],[[[1,1],[1,1],0]],yes,no,['MSH','MTH','NLMSubSyn'],[0/9],0,0)]),map(-1000,[ev(-1000,'C0087111','Treatment','Therapeutic procedure',[treatment],[topp],[[[1,1],[1,1],0]],yes,no,['AOD','CHV','LNC','MSH','MTH','MTHHH','NCI','NLMSubSyn','SNOMEDCT_US'],[0/9],0,0)]),map(-1000,[ev(-1000,'C1522326','Treatment','Treating',[treatment],[ftcn],[[[1,1],[1,1],0]],yes,no,['MTH','NCI'],[0/9],0,0)]),map(-1000,[ev(-1000,'C1533734','Treatment','Administration procedure',[treatment],[topp],[[[1,1],[1,1],0]],yes,no,['MTH','NCI','NLMSubSyn','SNOMEDCT_US'],[0/9],0,0)]),map(-1000,[ev(-1000,'C1705169','Treatment','Biomaterial Treatment',[treatment],[cnce],[[[1,1],[1,1],0]],yes,no,['MTH','NCI'],[0/9],0,0)]),map(-1000,[ev(-1000,'C3538994','TREATMENT','Treatment Epoch',[treatment],[resa],[[[1,1],[1,1],0]],yes,no,['MTH','NCI','NLMSubSyn'],[0/9],0,0)])]).
'EOU'.
utterance('00000000.tx.2',"A 10-year-old boy comes to the emergency department for evaluation of right knee pain. ",11/87,[]).
phrase('A 10-year-old boy',[mod([lexmatch(['a 10']),inputmatch(['A','10']),tag(noun),tokens([a,'10'])]),punc([inputmatch([-]),tokens([])]),mod([lexmatch([year]),inputmatch([year]),tag(noun),tokens([year])]),punc([inputmatch([-]),tokens([])]),mod([lexmatch([old]),inputmatch([old]),tag(noun),tokens([old])]),head([lexmatch([boy]),inputmatch([boy]),tag(noun),tokens([boy])])],11/17,[]).
candidates(5,0,0,5,[]).
mappings([map(-840,[ev(-673,'C0052080','A-10','antineoplaston A10',[a,'10'],[orch,phsu],[[[1,1],[1,1],0],[[2,2],[2,2],0]],no,no,['MSH','MTH','NCI'],[11/4],0,0),ev(-637,'C0439234',year,year,[year],[tmco],[[[3,3],[1,1],0]],no,no,['MTH','NCI','SNOMEDCT_US'],[16/4],0,0),ev(-637,'C0580836','Old','Old',[old],[tmco],[[[4,4],[1,1],0]],no,no,['MTH'],[21/3],0,0),ev(-804,'C0870221','Boy','Male child',[boy],[aggp],[[[5,5],[1,1],0]],yes,no,['CHV','NLMSubSyn','SNOMEDCT_US'],[25/3],0,0)]),map(-840,[ev(-673,'C0052080','A-10','antineoplaston A10',[a,'10'],[orch,phsu],[[[1,1],[1,1],0],[[2,2],[2,2],0]],no,no,['MSH','MTH','NCI'],[11/4],0,0),ev(-637,'C0439508','/year','per year',[year],[tmco],[[[3,3],[1,1],0]],no,no,['CHV','MTH','NCI','SNOMEDCT_US'],[16/4],0,0),ev(-637,'C0580836','Old','Old',[old],[tmco],[[[4,4],[1,1],0]],no,no,['MTH'],[21/3],0,0),ev(-804,'C0870221','Boy','Male child',[boy],[aggp],[[[5,5],[1,1],0]],yes,no,['CHV','NLMSubSyn','SNOMEDCT_US'],[25/3],0,0)])]).
phrase('comes to the emergency department',[verb([lexmatch([comes]),inputmatch([comes]),tag(verb),tokens([comes])]),prep([lexmatch([to]),inputmatch([to]),tag(prep),tokens([to])]),det([lexmatch([the]),inputmatch([the]),tag(det),tokens([the])]),mod([lexmatch(['emergency department']),inputmatch([emergency,department]),tag(noun),tokens([emergency,department])])],29/33,[]).
candidates(5,0,0,5,[]).
mappings([map(-806,[ev(-806,'C0562508','Emergency Department','Accident and Emergency department',[emergency,department],[hcro],[[[4,5],[1,2],0]],yes,no,['CHV','MSH','MTH','NCI','NLMSubSyn','SNOMEDCT_US'],[42/20],0,0)])]).
phrase('for evaluation of right knee pain.',[prep([lexmatch([for]),inputmatch([for]),tag(prep),tokens([for])]),head([lexmatch([evaluation]),inputmatch([evaluation]),tag(noun),tokens([evaluation])]),prep([lexmatch([of]),inputmatch([of]),tag(prep),tokens([of])]),mod([lexmatch(['right knee']),inputmatch([right,knee]),tag(noun),tokens([right,knee])]),mod([lexmatch([pain]),inputmatch([pain]),tag(noun),tokens([pain])]),punc([inputmatch(['.']),tokens([])])],63/34,[]).
candidates(14,0,0,14,[]).
mappings([map(-759,[ev(-586,'C0521125','For','Preposition For',[for],[qlco],[[[1,1],[1,1],0]],no,no,['MTH','SNOMEDCT_US'],[63/3],0,0),ev(-623,'C0230431','Right knee','Structure of right knee',[right,knee],[bpoc],[[[4,5],[1,2],0]],no,no,['LNC','MTH','SNOMEDCT_US'],[81/10],0,0),ev(-783,'C0030198','pain evaluation','Pain Measurement',[pain,evaluation],[diap],[[[6,6],[1,1],0],[[2,2],[2,2],0]],yes,no,['MSH','NLMSubSyn'],[67/10,92/4],0,0)]),map(-759,[ev(-586,'C0521125','For','Preposition For',[for],[qlco],[[[1,1],[1,1],0]],no,no,['MTH','SNOMEDCT_US'],[63/3],0,0),ev(-623,'C1279571','Right knee','Entire right knee',[right,knee],[bpoc],[[[4,5],[1,2],0]],no,no,['MTH','SNOMEDCT_US'],[81/10],0,0),ev(-783,'C0030198','pain evaluation','Pain Measurement',[pain,evaluation],[diap],[[[6,6],[1,1],0],[[2,2],[2,2],0]],yes,no,['MSH','NLMSubSyn'],[67/10,92/4],0,0)])]).
'EOU'.
utterance('00000000.tx.3',"The child's guardians stated that he had been complaining of knee pain for the past 4 days and it had been getting progressively worse. ",98/136,[]).
phrase('The child\'s guardians',[det([lexmatch([the]),inputmatch(['The']),tag(det),tokens([the])]),mod([lexmatch([child]),inputmatch(['child\'s']),tag(noun),tokens([child])]),head([lexmatch([guardians]),inputmatch([guardians]),tag(noun),tokens([guardians])])],98/21,[]).
candidates(4,1,0,3,[]).
mappings([map(-888,[ev(-694,'C0008059','Child','Child',[child],[aggp],[[[1,1],[1,1],0]],no,no,['MSH','MTH','SNOMEDCT_US'],[102/7],0,0),ev(-861,'C1274041',guardians,'Guardian',[guardians],[famg],[[[2,2],[1,1],0]],yes,no,['CHV','MTH'],[110/9],0,0)]),map(-888,[ev(-694,'C0680063','CHILD','Offspring',[child],[famg],[[[1,1],[1,1],0]],no,no,['AOD','CHV','MTH','NCI'],[102/7],0,0),ev(-861,'C1274041',guardians,'Guardian',[guardians],[famg],[[[2,2],[1,1],0]],yes,no,['CHV','MTH'],[110/9],0,0)])]).
phrase(stated,[verb([lexmatch([stated]),inputmatch([stated]),tag(verb),tokens([stated])])],120/6,[]).
candidates(3,1,0,2,[]).
mappings([map(-1000,[ev(-1000,'C1301808',stated,'Geographic state',[stated],[geoa],[[[1,1],[1,1],0]],yes,no,['CHV','MTH','NCI','SNOMEDCT_US'],[120/6],0,0)]),map(-1000,[ev(-1000,'C1442792','Stated','State',[stated],[ftcn],[[[1,1],[1,1],0]],yes,no,['LNC','MTH'],[120/6],0,0)])]).
phrase(that,[compl([lexmatch([that]),inputmatch([that]),tag(compl),tokens([that])])],127/4,[]).
candidates(0,0,0,0,[]).
mappings([]).
phrase(he,[pron([lexmatch([he]),inputmatch([he]),tag(pron),tokens([he])])],132/2,[]).
candidates(0,0,0,0,[]).
mappings([]).
phrase(had,[aux([lexmatch([had]),inputmatch([had]),tag(aux),tokens([had])])],135/3,[]).
candidates(0,0,0,0,[]).
mappings([]).
phrase(been,[aux([lexmatch([been]),inputmatch([been]),tag(aux),tokens([been])])],139/4,[]).
candidates(0,0,0,0,[]).
mappings([]).
phrase('complaining of knee pain',[verb([lexmatch([complaining]),inputmatch([complaining]),tag(verb),tokens([complaining])]),prep([lexmatch([of]),inputmatch([of]),tag(prep),tokens([of])]),mod([lexmatch(['knee pain']),inputmatch([knee,pain]),tag(noun),tokens([knee,pain])])],144/24,[]).
candidates(7,0,0,7,[]).
mappings([map(-833,[ev(-833,'C0231749','Knee pain','Knee pain',[knee,pain],[sosy],[[[3,4],[1,2],0]],yes,no,['CHV','CST','ICD10CM','MTH','NLMSubSyn','OMIM','SNOMEDCT_US'],[159/9],0,0)])]).
phrase('for the past 4 days',[prep([lexmatch([for]),inputmatch([for]),tag(prep),tokens([for])]),det([lexmatch([the]),inputmatch([the]),tag(det),tokens([the])]),mod([lexmatch([past]),inputmatch([past]),tag(noun),tokens([past])]),shapes([inputmatch(['4']),features([integer]),tokens(['4'])]),head([lexmatch([days]),inputmatch([days]),tag(noun),tokens([days])])],169/19,[]).
candidates(4,2,0,2,[]).
mappings([map(-802,[ev(-660,'C1444637','Past','Past',[past],[tmco],[[[1,1],[1,1],0]],no,no,['SNOMEDCT_US'],[177/4],0,0),ev(-827,'C0439228',days,day,[days],[tmco],[[[3,3],[1,1],0]],yes,no,['MTH','SNOMEDCT_US'],[184/4],0,0)])]).
phrase(and,[conj([lexmatch([and]),inputmatch([and]),tag(conj),tokens([and])])],189/3,[]).
candidates(0,0,0,0,[]).
mappings([]).
phrase(it,[pron([lexmatch([it]),inputmatch([it]),tag(pron),tokens([it])])],193/2,[]).
candidates(0,0,0,0,[]).
mappings([]).
phrase(had,[aux([lexmatch([had]),inputmatch([had]),tag(aux),tokens([had])])],196/3,[]).
candidates(0,0,0,0,[]).
mappings([]).
phrase(been,[aux([lexmatch([been]),inputmatch([been]),tag(aux),tokens([been])])],200/4,[]).
candidates(0,0,0,0,[]).
mappings([]).
phrase(getting,[verb([lexmatch([getting]),inputmatch([getting]),tag(verb),tokens([getting])])],205/7,[]).
candidates(0,0,0,0,[]).
mappings([]).
phrase('progressively worse.',[adv([lexmatch([progressively]),inputmatch([progressively]),tag(adv),tokens([progressively])]),head([lexmatch([worse]),inputmatch([worse]),tag(adj),tokens([worse])]),punc([inputmatch(['.']),tokens([])])],213/20,[]).
candidates(6,3,0,3,[]).
mappings([map(-861,[ev(-861,'C0332271',worse,'Worsening pattern',[worse],[qlco],[[[2,2],[1,1],0]],yes,no,['CHV','MTH','NLMSubSyn','SNOMEDCT_US','SNOMEDCT_VET'],[227/5],0,0)]),map(-861,[ev(-861,'C1279889','Worse','Deterioration of status',[worse],[fndg],[[[2,2],[1,1],0]],yes,no,['CHV','MTH','SNOMEDCT_US'],[227/5],0,0)]),map(-861,[ev(-861,'C1457868','Worse','Worse',[worse],[fndg],[[[2,2],[1,1],0]],yes,no,['CHV','MTH','NCI','SNOMEDCT_US','SNOMEDCT_VET'],[227/5],0,0)])]).
'EOU'.
utterance('00000000.tx.4',"There was no history of trauma. ",234/32,[]).
phrase('There',[adv([lexmatch([there]),inputmatch(['There']),tag(adv),tokens([there])])],234/5,[]).
candidates(0,0,0,0,[]).
mappings([]).
phrase(was,[aux([lexmatch([was]),inputmatch([was]),tag(aux),tokens([was])])],240/3,[]).
candidates(0,0,0,0,[]).
mappings([]).
phrase('no history of trauma.',[det([lexmatch([no]),inputmatch([no]),tag(det),tokens([no])]),head([lexmatch([history]),inputmatch([history]),tag(noun),tokens([history])]),prep([lexmatch([of]),inputmatch([of]),tag(prep),tokens([of])]),mod([lexmatch([trauma]),inputmatch([trauma]),tag(noun),tokens([trauma])]),punc([inputmatch(['.']),tokens([])])],244/21,[]).
candidates(18,2,0,16,[]).
mappings([map(-916,[ev(-909,'C0332122','No history of','No history of',[no,history,of],[qlco],[[[1,1],[1,1],0],[[2,2],[2,2],0],[[3,3],[3,3],0]],yes,no,['NLMSubSyn','SNMI','SNOMEDCT_US'],[244/13],0,0),ev(-604,'C0043250',trauma,'Injury wounds',[trauma],[inpo],[[[4,4],[1,1],0]],no,no,['CHV','MSH','MTH','NCI','NLMSubSyn','SNOMEDCT_US'],[258/6],0,1)]),map(-916,[ev(-909,'C0332122','No history of','No history of',[no,history,of],[qlco],[[[1,1],[1,1],0],[[2,2],[2,2],0],[[3,3],[3,3],0]],yes,no,['NLMSubSyn','SNMI','SNOMEDCT_US'],[244/13],0,0),ev(-604,'C0043251','Trauma','Wounds and Injuries',[trauma],[inpo],[[[4,4],[1,1],0]],no,no,['AOD','CHV','MSH','NLMSubSyn'],[258/6],0,1)]),map(-916,[ev(-909,'C0332122','No history of','No history of',[no,history,of],[qlco],[[[1,1],[1,1],0],[[2,2],[2,2],0],[[3,3],[3,3],0]],yes,no,['NLMSubSyn','SNMI','SNOMEDCT_US'],[244/13],0,0),ev(-604,'C1510467',trauma,'trauma qualifier',[trauma],[inpo],[[[4,4],[1,1],0]],no,no,['MSH','MTH'],[258/6],0,1)]),map(-916,[ev(-909,'C0332122','No history of','No history of',[no,history,of],[qlco],[[[1,1],[1,1],0],[[2,2],[2,2],0],[[3,3],[3,3],0]],yes,no,['NLMSubSyn','SNMI','SNOMEDCT_US'],[244/13],0,0),ev(-604,'C3263723','Trauma','Traumatic injury',[trauma],[inpo],[[[4,4],[1,1],0]],no,no,['CHV','ICD10CM','MEDLINEPLUS','MSH','MTH','NLMSubSyn','SNOMEDCT_US'],[258/6],0,1)])]).
'EOU'.
utterance('00000000.tx.5',"The day before the visit the boy developed a fever, and over the past day he has become increasingly lethargic. ",266/112,[]).
phrase('The day before the',[det([lexmatch([the]),inputmatch(['The']),tag(det),tokens([the])]),head([lexmatch([day]),inputmatch([day]),tag(noun),tokens([day])]),prep([lexmatch([before]),inputmatch([before]),tag(prep),tokens([before])]),det([lexmatch([the]),inputmatch([the]),tag(det),tokens([the])])],266/18,[]).
candidates(3,0,0,3,[]).
mappings([map(-770,[ev(-770,'C0332173','/day','Daily',[day],[tmco],[[[2,2],[1,1],0]],yes,no,['CHV','MTH','NCI','SNOMEDCT_US'],[270/3],0,0)]),map(-770,[ev(-770,'C0439228',day,day,[day],[tmco],[[[2,2],[1,1],0]],yes,no,['MTH','SNOMEDCT_US'],[270/3],0,0)]),map(-770,[ev(-770,'C0439505','/day','per day',[day],[tmco],[[[2,2],[1,1],0]],yes,no,['MTH','NCI','SNOMEDCT_US'],[270/3],0,0)])]).
phrase(visit,[verb([lexmatch([visit]),inputmatch([visit]),tag(verb),tokens([visit])])],285/5,[]).
candidates(3,0,0,3,[]).
mappings([map(-1000,[ev(-1000,'C0545082','Visit','Visit',[visit],[bhvr],[[[1,1],[1,1],0]],yes,no,['MTH','NCI','SNM'],[285/5],0,0)]),map(-1000,[ev(-1000,'C1512346',visit,'Patient Visit',[visit],[hlca],[[[1,1],[1,1],0]],yes,no,['HL7V3.0','MTH','NCI','NLMSubSyn'],[285/5],0,0)]),map(-1000,[ev(-1000,'C2826704','VISIT','Visit Name',[visit],[inpr],[[[1,1],[1,1],0]],yes,no,['MTH','NCI'],[285/5],0,0)])]).
phrase('the boy',[det([lexmatch([the]),inputmatch([the]),tag(det),tokens([the])]),head([lexmatch([boy]),inputmatch([boy]),tag(noun),tokens([boy])])],291/7,[]).
candidates(1,0,0,1,[]).
mappings([map(-1000,[ev(-1000,'C0870221','Boy','Male child',[boy],[aggp],[[[1,1],[1,1],0]],yes,no,['CHV','NLMSubSyn','SNOMEDCT_US'],[295/3],0,0)])]).
phrase(developed,[verb([lexmatch([developed]),inputmatch([developed]),tag(verb),tokens([developed])])],299/9,[]).
candidates(0,0,0,0,[]).
mappings([]).
phrase('a fever,',[det([lexmatch([a]),inputmatch([a]),tag(det),tokens([a])]),head([lexmatch([fever]),inputmatch([fever]),tag(noun),tokens([fever])]),punc([inputmatch([',']),tokens([])])],309/8,[]).
candidates(1,0,0,1,[]).
mappings([map(-1000,[ev(-1000,'C0015967','Fever','Fever',[fever],[fndg],[[[1,1],[1,1],0]],yes,no,['CHV','CSP','CST','DXP','ICD10CM','MSH','MTH','NCI','NLMSubSyn','SNMI','SNOMEDCT_US'],[311/5],0,0)])]).
phrase('and over the past day',[conj([lexmatch([and]),inputmatch([and]),tag(conj),tokens([and])]),prep([lexmatch([over]),inputmatch([over]),tag(prep),tokens([over])]),det([lexmatch([the]),inputmatch([the]),tag(det),tokens([the])]),mod([lexmatch([past]),inputmatch([past]),tag(adj),tokens([past])]),mod([lexmatch([day]),inputmatch([day]),tag(noun),tokens([day])])],318/21,[]).
candidates(5,0,0,5,[]).
mappings([map(-696,[ev(-760,'C1515981','And','And',[and],[idcn],[[[1,1],[1,1],0]],yes,no,['MTH'],[318/3],0,0),ev(-760,'C1444637','Past','Past',[past],[tmco],[[[4,4],[1,1],0]],yes,no,['SNOMEDCT_US'],[331/4],0,0),ev(-760,'C0332173','/day','Daily',[day],[tmco],[[[5,5],[1,1],0]],yes,no,['CHV','MTH','NCI','SNOMEDCT_US'],[336/3],0,0)]),map(-696,[ev(-760,'C1515981','And','And',[and],[idcn],[[[1,1],[1,1],0]],yes,no,['MTH'],[318/3],0,0),ev(-760,'C1444637','Past','Past',[past],[tmco],[[[4,4],[1,1],0]],yes,no,['SNOMEDCT_US'],[331/4],0,0),ev(-760,'C0439228',day,day,[day],[tmco],[[[5,5],[1,1],0]],yes,no,['MTH','SNOMEDCT_US'],[336/3],0,0)]),map(-696,[ev(-760,'C1515981','And','And',[and],[idcn],[[[1,1],[1,1],0]],yes,no,['MTH'],[318/3],0,0),ev(-760,'C1444637','Past','Past',[past],[tmco],[[[4,4],[1,1],0]],yes,no,['SNOMEDCT_US'],[331/4],0,0),ev(-760,'C0439505','/day','per day',[day],[tmco],[[[5,5],[1,1],0]],yes,no,['MTH','NCI','SNOMEDCT_US'],[336/3],0,0)])]).
phrase(he,[pron([lexmatch([he]),inputmatch([he]),tag(pron),tokens([he])])],340/2,[]).
candidates(0,0,0,0,[]).
mappings([]).
phrase(has,[aux([lexmatch([has]),inputmatch([has]),tag(aux),tokens([has])])],343/3,[]).
candidates(0,0,0,0,[]).
mappings([]).
phrase(become,[verb([lexmatch([become]),inputmatch([become]),tag(verb),tokens([become])])],347/6,[]).
candidates(0,0,0,0,[]).
mappings([]).
phrase('increasingly lethargic.',[adv([lexmatch([increasingly]),inputmatch([increasingly]),tag(adv),tokens([increasingly])]),head([lexmatch([lethargic]),inputmatch([lethargic]),tag(adj),tokens([lethargic])]),punc([inputmatch(['.']),tokens([])])],354/23,[]).
candidates(1,0,0,1,[]).
mappings([map(-861,[ev(-861,'C0023380','Lethargic','Lethargy',[lethargic],[sosy],[[[2,2],[1,1],0]],yes,no,['MSH','NCI','SNMI','SNOMEDCT_US'],[367/9],0,0)])]).
'EOU'.
utterance('00000000.tx.6',"On physical examination blood pressure was 117/75 mm Hg,  HR 138 bpm, temperature 38.1 C (100.5 F), respiration 28 bpm, oxygen saturation 97%. ",378/143,[]).
phrase('On physical examination blood pressure',[prep([lexmatch([on]),inputmatch(['On']),tag(prep),tokens([on])]),mod([lexmatch(['physical examination']),inputmatch([physical,examination]),tag(noun),tokens([physical,examination])]),head([lexmatch(['blood pressure']),inputmatch([blood,pressure]),tag(noun),tokens([blood,pressure])])],378/38,[]).
candidates(21,7,0,14,[]).
mappings([map(-888,[ev(-694,'C0031809','Physical Examination','Physical Examination',[physical,examination],[hlca],[[[1,2],[1,2],0]],no,no,['AIR','CHV','ICD9CM','MSH','MTH','NCI','NLMSubSyn','SNMI','SNOMEDCT_US'],[381/20],0,0),ev(-861,'C0005823','Blood Pressure','Blood Pressure',[blood,pressure],[orgf],[[[3,4],[1,2],0]],yes,no,['MTH','NLMSubSyn','SNOMEDCT_US'],[402/14],0,0)]),map(-888,[ev(-694,'C0031809','Physical Examination','Physical Examination',[physical,examination],[hlca],[[[1,2],[1,2],0]],no,no,['AIR','CHV','ICD9CM','MSH','MTH','NCI','NLMSubSyn','SNMI','SNOMEDCT_US'],[381/20],0,0),ev(-861,'C1271104','Blood Pressure','Blood pressure finding',[blood,pressure],[fndg],[[[3,4],[1,2],0]],yes,no,['MTH','NCI','NLMSubSyn'],[402/14],0,0)]),map(-888,[ev(-694,'C0031809','Physical Examination','Physical Examination',[physical,examination],[hlca],[[[1,2],[1,2],0]],no,no,['AIR','CHV','ICD9CM','MSH','MTH','NCI','NLMSubSyn','SNMI','SNOMEDCT_US'],[381/20],0,0),ev(-861,'C1272641','Blood pressure','Systemic arterial pressure',[blood,pressure],[fndg],[[[3,4],[1,2],0]],yes,no,['CHV','MSH','MTH','NLMSubSyn','SNOMEDCT_US'],[402/14],0,0)])]).
phrase(was,[aux([lexmatch([was]),inputmatch([was]),tag(aux),tokens([was])])],417/3,[]).
candidates(0,0,0,0,[]).
mappings([]).
phrase('117/75 mm Hg,',[shapes([inputmatch(['117',/,'75']),features([fraction]),tokens(['117','75'])]),head([lexmatch(['mm hg']),inputmatch([mm,'Hg']),tag(noun),tokens([mm,hg])]),punc([inputmatch([',']),tokens([])])],421/13,[]).
candidates(5,0,0,5,[]).
mappings([map(-861,[ev(-861,'C0439475',mmHg,mmHg,[mmhg],[qnco],[[[3,4],[1,1],0]],yes,no,['SNOMEDCT_US'],[428/5],0,0)])]).
phrase('HR 138 bpm,',[mod([lexmatch([hr]),inputmatch(['HR']),tag(noun),tokens([hr])]),shapes([inputmatch(['138']),features([integer]),tokens(['138'])]),head([lexmatch([bpm]),inputmatch([bpm]),tag(noun),tokens([bpm])]),punc([inputmatch([',']),tokens([])])],436/11,[]).
candidates(0,0,0,0,[]).
mappings([]).
phrase('temperature 38.1 C',[mod([lexmatch([temperature]),inputmatch([temperature]),tag(noun),tokens([temperature])]),shapes([inputmatch(['38','.','1']),features([real_number]),tokens(['38','1'])]),head([lexmatch([c]),inputmatch(['C']),tag(noun),tokens([c])])],448/18,[]).
candidates(2,0,0,2,[]).
mappings([map(-645,[ev(-645,'C0005903',temperature,'Body Temperature',[temperature],[orga],[[[1,1],[1,1],0]],no,no,['CHV','MSH','MTH','SNOMEDCT_US'],[448/11],0,0)]),map(-645,[ev(-645,'C0039476','*Temperature','Temperature',[temperature],[qnco],[[[1,1],[1,1],0]],no,no,['HL7V2.5','MSH','MTH','NCI'],[448/11],0,0)])]).
phrase('(100.5 F',[punc([inputmatch(['(']),tokens([])]),shapes([inputmatch(['100','.','5']),features([real_number]),tokens(['100','5'])]),head([lexmatch([f]),inputmatch(['F']),tag(noun),tokens([f])])],467/8,[]).
candidates(1,0,0,1,[]).
mappings([map(-827,[ev(-827,'C0016327','F-','Fluorides',[f],[inch,phsu],[[[3,3],[1,1],0]],yes,no,['CHV','MSH','MTH','NCI','SNOMEDCT_US'],[474/1],0,0)])]).
phrase(')',[punc([inputmatch([')']),tokens([])])],475/1,[]).
candidates(0,0,0,0,[]).
mappings([]).
phrase(',',[punc([inputmatch([',']),tokens([])])],476/1,[]).
candidates(0,0,0,0,[]).
mappings([]).
phrase('respiration 28 bpm,',[mod([lexmatch([respiration]),inputmatch([respiration]),tag(noun),tokens([respiration])]),shapes([inputmatch(['28']),features([integer]),tokens(['28'])]),head([lexmatch([bpm]),inputmatch([bpm]),tag(noun),tokens([bpm])]),punc([inputmatch([',']),tokens([])])],478/19,[]).
candidates(3,0,0,3,[]).
mappings([map(-660,[ev(-660,'C0035203','Respiration','Respiration',[respiration],[phsf],[[[1,1],[1,1],0]],no,no,['CHV','MSH','MTH','SNOMEDCT_US'],[478/11],0,0)]),map(-660,[ev(-660,'C0282636',respiration,'Cell Respiration',[respiration],[celf],[[[1,1],[1,1],0]],no,no,['AOD','GO','MSH','MTH','NCI','NLMSubSyn'],[478/11],0,0)]),map(-660,[ev(-660,'C1160636',respiration,'respiratory gaseous exchange in organisms',[respiration],[biof],[[[1,1],[1,1],0]],no,no,['AOD','GO','MTH'],[478/11],0,0)])]).
phrase('oxygen saturation 97%.',[mod([lexmatch(['oxygen saturation']),inputmatch([oxygen,saturation]),tag(noun),tokens([oxygen,saturation])]),shapes([inputmatch(['97','%']),features([percentage,integer]),tokens(['97'])]),punc([inputmatch(['.']),tokens([])])],498/22,[]).
candidates(7,1,0,6,[]).
mappings([map(-901,[ev(-901,'C0369768','Oxygen saturation','Molecular oxygen saturation',[oxygen,saturation],[moft],[[[1,2],[1,2],0]],yes,no,['CHV','MTH','SNM'],[498/17],0,0),ev(-827,'C0439073','97','Arabic numeral 97',['97'],[inpr],[[[3,3],[1,1],0]],yes,no,['SNOMEDCT_US'],[516/2],0,0)]),map(-901,[ev(-901,'C0369768','Oxygen saturation','Molecular oxygen saturation',[oxygen,saturation],[moft],[[[1,2],[1,2],0]],yes,no,['CHV','MTH','SNM'],[498/17],0,0),ev(-827,'C0439082','>97','>97',['97'],[qnco],[[[3,3],[1,1],0]],yes,no,['SNOMEDCT_US'],[516/2],0,0)]),map(-901,[ev(-901,'C0483415','Oxygen saturation','Oxygen saturation test result',[oxygen,saturation],[orga],[[[1,2],[1,2],0]],yes,no,['CHV','LNC','MTH','NLMSubSyn'],[498/17],0,0),ev(-827,'C0439073','97','Arabic numeral 97',['97'],[inpr],[[[3,3],[1,1],0]],yes,no,['SNOMEDCT_US'],[516/2],0,0)]),map(-901,[ev(-901,'C0483415','Oxygen saturation','Oxygen saturation test result',[oxygen,saturation],[orga],[[[1,2],[1,2],0]],yes,no,['CHV','LNC','MTH','NLMSubSyn'],[498/17],0,0),ev(-827,'C0439082','>97','>97',['97'],[qnco],[[[3,3],[1,1],0]],yes,no,['SNOMEDCT_US'],[516/2],0,0)])]).
'EOU'.
utterance('00000000.tx.7',"There was edema and tenderness of the right thigh and knee, as well as effusion and extremely limited range of motion. ",521/119,[]).
phrase('There',[adv([lexmatch([there]),inputmatch(['There']),tag(adv),tokens([there])])],521/5,[]).
candidates(0,0,0,0,[]).
mappings([]).
phrase(was,[aux([lexmatch([was]),inputmatch([was]),tag(aux),tokens([was])])],527/3,[]).
candidates(0,0,0,0,[]).
mappings([]).
phrase(edema,[head([lexmatch([edema]),inputmatch([edema]),tag(noun),tokens([edema])])],531/5,[]).
candidates(2,0,0,2,[]).
mappings([map(-1000,[ev(-1000,'C0013604','Edema','Edema',[edema],[patf],[[[1,1],[1,1],0]],yes,no,['CHV','CST','ICD10CM','MSH','MTH','NLMSubSyn','SNMI','SNOMEDCT_US','SNOMEDCT_VET'],[531/5],0,0)]),map(-1000,[ev(-1000,'C1717255','Edema','Edema:Finding:Point in time:^Patient:Ordinal',[edema],[clna],[[[1,1],[1,1],0]],yes,no,['LNC'],[531/5],0,0)])]).
phrase(and,[conj([lexmatch([and]),inputmatch([and]),tag(conj),tokens([and])])],537/3,[]).
candidates(0,0,0,0,[]).
mappings([]).
phrase('tenderness of the right thigh',[head([lexmatch([tenderness]),inputmatch([tenderness]),tag(noun),tokens([tenderness])]),prep([lexmatch([of]),inputmatch([of]),tag(prep),tokens([of])]),det([lexmatch([the]),inputmatch([the]),tag(det),tokens([the])]),mod([lexmatch([right]),inputmatch([right]),tag(adj),tokens([right])]),mod([lexmatch([thigh]),inputmatch([thigh]),tag(noun),tokens([thigh])])],541/29,[]).
candidates(9,2,0,7,[]).
mappings([map(-745,[ev(-760,'C0234233','Tenderness','Sore to touch',[tenderness],[sosy],[[[1,1],[1,1],0]],yes,no,['CHV','MTH','SNOMEDCT_US'],[541/10],0,0),ev(-640,'C0230425','Right thigh','Structure of right thigh',[right,thigh],[bpoc],[[[4,4],[1,1],0],[[5,5],[2,2],0]],no,no,['LNC','MTH','SNOMEDCT_US'],[559/11],0,0)]),map(-745,[ev(-760,'C0234233','Tenderness','Sore to touch',[tenderness],[sosy],[[[1,1],[1,1],0]],yes,no,['CHV','MTH','SNOMEDCT_US'],[541/10],0,0),ev(-640,'C1279548','Right thigh','Entire right thigh',[right,thigh],[bpoc],[[[4,4],[1,1],0],[[5,5],[2,2],0]],no,no,['MTH','SNOMEDCT_US'],[559/11],0,0)]),map(-745,[ev(-760,'C0684239',tenderness,'Emotional tenderness',[tenderness],[menp],[[[1,1],[1,1],0]],yes,no,['AOD','MTH'],[541/10],0,0),ev(-640,'C0230425','Right thigh','Structure of right thigh',[right,thigh],[bpoc],[[[4,4],[1,1],0],[[5,5],[2,2],0]],no,no,['LNC','MTH','SNOMEDCT_US'],[559/11],0,0)]),map(-745,[ev(-760,'C0684239',tenderness,'Emotional tenderness',[tenderness],[menp],[[[1,1],[1,1],0]],yes,no,['AOD','MTH'],[541/10],0,0),ev(-640,'C1279548','Right thigh','Entire right thigh',[right,thigh],[bpoc],[[[4,4],[1,1],0],[[5,5],[2,2],0]],no,no,['MTH','SNOMEDCT_US'],[559/11],0,0)])]).
phrase(and,[conj([lexmatch([and]),inputmatch([and]),tag(conj),tokens([and])])],571/3,[]).
candidates(0,0,0,0,[]).
mappings([]).
phrase('knee,',[head([lexmatch([knee]),inputmatch([knee]),tag(noun),tokens([knee])]),punc([inputmatch([',']),tokens([])])],575/5,[]).
candidates(4,0,0,4,[]).
mappings([map(-1000,[ev(-1000,'C0022742','Knee','Knee',[knee],[bpoc],[[[1,1],[1,1],0]],yes,no,['FMA','MSH','MTH','SNOMEDCT_US'],[575/4],0,0)]),map(-1000,[ev(-1000,'C0022745','Knee','Knee joint',[knee],[bsoj],[[[1,1],[1,1],0]],yes,no,['FMA','MSH','MTH','NCI','NLMSubSyn','SNMI','SNOMEDCT_US'],[575/4],0,0)]),map(-1000,[ev(-1000,'C1283838','Knee','Entire knee region',[knee],[blor],[[[1,1],[1,1],0]],yes,no,['MTH','SNOMEDCT_US'],[575/4],0,0)]),map(-1000,[ev(-1000,'C1963703','Knee','Knee region structure',[knee],[blor],[[[1,1],[1,1],0]],yes,no,['FMA','MTH','SNOMEDCT_US'],[575/4],0,0)])]).
phrase('as well as',[conj([lexmatch(['as well as']),inputmatch([as,well,as]),tag(conj),tokens([as,well,as])])],581/10,[]).
candidates(0,0,0,0,[]).
mappings([]).
phrase(effusion,[head([lexmatch([effusion]),inputmatch([effusion]),tag(noun),tokens([effusion])])],592/8,[]).
candidates(2,0,0,2,[]).
mappings([map(-1000,[ev(-1000,'C0013687',effusion,effusion,[effusion],[patf],[[[1,1],[1,1],0]],yes,no,['MTH','NLMSubSyn','SNMI','SNOMEDCT_US'],[592/8],0,0)]),map(-1000,[ev(-1000,'C2317432','Effusion','Effusion (substance)',[effusion],[bdsu],[[[1,1],[1,1],0]],yes,no,['SNOMEDCT_US'],[592/8],0,0)])]).
phrase(and,[conj([lexmatch([and]),inputmatch([and]),tag(conj),tokens([and])])],601/3,[]).
candidates(0,0,0,0,[]).
mappings([]).
phrase('extremely limited range of motion.',[adv([lexmatch([extremely]),inputmatch([extremely]),tag(adv),tokens([extremely])]),mod([lexmatch([limited]),inputmatch([limited]),tag(adj),tokens([limited])]),head([lexmatch(['range of motion']),inputmatch([range,of,motion]),tag(adj),tokens([range,of,motion])]),punc([inputmatch(['.']),tokens([])])],605/34,[]).
candidates(13,3,0,10,[]).
mappings([map(-937,[ev(-937,'C0231589','Limited range of motion','Limitation of joint movement',[limited,range,of,motion],[fndg],[[[2,2],[1,1],0],[[3,3],[2,2],0],[[4,4],[3,3],0],[[5,5],[4,4],0]],yes,no,['CHV','NLMSubSyn','SNMI','SNOMEDCT_US','SNOMEDCT_VET'],[615/23],0,0)])]).
'EOU'.
utterance('00000000.tx.8',"Sensation and motor tone were normal. ",640/38,[]).
phrase('Sensation',[head([lexmatch([sensation]),inputmatch(['Sensation']),tag(noun),tokens([sensation])])],640/9,[]).
candidates(5,2,0,3,[]).
mappings([map(-1000,[ev(-1000,'C0036658','Sensation','Esthesia',[sensation],[ortf],[[[1,1],[1,1],0]],yes,no,['AOD','CHV','MSH','MTH','NLMSubSyn','SNOMEDCT_US'],[640/9],0,0)]),map(-1000,[ev(-1000,'C0542538','Sensation, NOS','Observation of Sensation',[sensation],[fndg],[[[1,1],[1,1],0]],yes,no,['MTH','SNOMEDCT_US'],[640/9],0,0)]),map(-1000,[ev(-1000,'C1455667','Sensation','Sensation quality',[sensation],[qlco],[[[1,1],[1,1],0]],yes,no,['MTH','NLMSubSyn','SNOMEDCT_US'],[640/9],0,0)])]).
phrase(and,[conj([lexmatch([and]),inputmatch([and]),tag(conj),tokens([and])])],650/3,[]).
candidates(0,0,0,0,[]).
mappings([]).
phrase('motor tone',[mod([lexmatch([motor]),inputmatch([motor]),tag(noun),tokens([motor])]),head([lexmatch([tone]),inputmatch([tone]),tag(noun),tokens([tone])])],654/10,[]).
candidates(2,0,0,2,[]).
mappings([map(-694,[ev(-694,'C1513492','Motor','motor movement',[motor],[ftcn],[[[1,1],[1,1],0]],no,no,['CHV','MTH','NCI'],[654/5],0,0)]),map(-694,[ev(-694,'C1705994','Motor','Device Motor',[motor],[mnob],[[[1,1],[1,1],0]],no,no,['MTH','NCI'],[654/5],0,0)])]).
phrase(were,[aux([lexmatch([were]),inputmatch([were]),tag(aux),tokens([were])])],665/4,[]).
candidates(0,0,0,0,[]).
mappings([]).
phrase('normal.',[head([lexmatch([normal]),inputmatch([normal]),tag(adj),tokens([normal])]),punc([inputmatch(['.']),tokens([])])],670/7,[]).
candidates(3,0,0,3,[]).
mappings([map(-1000,[ev(-1000,'C0205307','Normal','Normal',[normal],[qlco],[[[1,1],[1,1],0]],yes,no,['MTH','SNOMEDCT_US'],[670/6],0,0)]),map(-1000,[ev(-1000,'C0439166','% normal','Percent normal',[normal],[qnco],[[[1,1],[1,1],0]],yes,no,['CHV','MTH','SNOMEDCT_US'],[670/6],0,0)]),map(-1000,[ev(-1000,'C2347086','% Normal','Mean Percent of Normal',[normal],[qnco],[[[1,1],[1,1],0]],yes,no,['MTH','NCI'],[670/6],0,0)])]).
'EOU'.
utterance('00000000.tx.9',"Plain radiography and CT showed an osteolytic lesion. ",678/54,[731]).
phrase('Plain radiography',[mod([lexmatch([plain]),inputmatch(['Plain']),tag(adj),tokens([plain])]),head([lexmatch([radiography]),inputmatch([radiography]),tag(noun),tokens([radiography])])],678/17,[]).
candidates(7,3,0,4,[]).
mappings([map(-1000,[ev(-1000,'C1306645','Plain radiography','Plain x-ray',[plain,radiography],[diap],[[[1,1],[1,1],0],[[2,2],[2,2],0]],yes,no,['CHV','MTH','NLMSubSyn','SNOMEDCT_US'],[678/17],0,0)])]).
phrase(and,[conj([lexmatch([and]),inputmatch([and]),tag(conj),tokens([and])])],696/3,[]).
candidates(0,0,0,0,[]).
mappings([]).
phrase('CT',[head([lexmatch([ct]),inputmatch(['CT']),tag(noun),tokens([ct])])],700/2,[]).
candidates(1,0,0,1,[]).
mappings([map(-1000,[ev(-1000,'C3540513','CT','PCYT1A wt Allele',[ct],[gngm],[[[1,1],[1,1],0]],yes,no,['MTH','NCI'],[700/2],0,0)])]).
phrase(showed,[verb([lexmatch([showed]),inputmatch([showed]),tag(verb),tokens([showed])])],703/6,[]).
candidates(1,0,0,1,[]).
mappings([map(-966,[ev(-966,'C1547282','Show','Show',[show],[inpr],[[[1,1],[1,1],1]],yes,no,['HL7V3.0'],[703/6],0,0)])]).
phrase('an osteolytic lesion.',[det([lexmatch([an]),inputmatch([an]),tag(det),tokens([an])]),mod([lexmatch([osteolytic]),inputmatch([osteolytic]),tag(adj),tokens([osteolytic])]),head([lexmatch([lesion]),inputmatch([lesion]),tag(noun),tokens([lesion])]),punc([inputmatch(['.']),tokens([])])],710/21,[]).
candidates(5,1,0,4,[]).
mappings([map(-1000,[ev(-1000,'C0302313','Osteolytic lesion','Osteolytic lesion',[osteolytic,lesion],[fndg],[[[1,1],[1,1],0],[[2,2],[2,2],0]],yes,no,['NCI','OMIM','SNOMEDCT_US'],[713/17],0,0)])]).
'EOU'.
utterance('00000000.tx.10',"10-year-old boy with progressive right knee and left leg pain and edema, lethargy and an osteolytic lesion. ",732/108,[]).
phrase('10-year-old boy with progressive right knee',[shapes([inputmatch(['10']),features([integer]),tokens(['10'])]),punc([inputmatch([-]),tokens([])]),mod([lexmatch([year]),inputmatch([year]),tag(noun),tokens([year])]),punc([inputmatch([-]),tokens([])]),mod([lexmatch([old]),inputmatch([old]),tag(noun),tokens([old])]),head([lexmatch([boy]),inputmatch([boy]),tag(noun),tokens([boy])]),prep([lexmatch([with]),inputmatch([with]),tag(prep),tokens([with])]),mod([lexmatch([progressive]),inputmatch([progressive]),tag(adj),tokens([progressive])]),mod([lexmatch(['right knee']),inputmatch([right,knee]),tag(noun),tokens([right,knee])])],732/43,[]).
candidates(12,0,0,12,[]).
mappings([map(-705,[ev(-578,'C0439234',year,year,[year],[tmco],[[[2,2],[1,1],0]],no,no,['MTH','NCI','SNOMEDCT_US'],[735/4],0,0),ev(-578,'C0580836','Old','Old',[old],[tmco],[[[3,3],[1,1],0]],no,no,['MTH'],[740/3],0,0),ev(-744,'C0870221','Boy','Male child',[boy],[aggp],[[[4,4],[1,1],0]],yes,no,['CHV','NLMSubSyn','SNOMEDCT_US'],[744/3],0,0),ev(-578,'C0205329','Progressive','Progressive',[progressive],[ftcn],[[[6,6],[1,1],0]],no,no,['CHV','MTH','SNOMEDCT_US'],[753/11],0,0),ev(-604,'C0230431','Right knee','Structure of right knee',[right,knee],[bpoc],[[[7,8],[1,2],0]],no,no,['LNC','MTH','SNOMEDCT_US'],[765/10],0,0)]),map(-705,[ev(-578,'C0439234',year,year,[year],[tmco],[[[2,2],[1,1],0]],no,no,['MTH','NCI','SNOMEDCT_US'],[735/4],0,0),ev(-578,'C0580836','Old','Old',[old],[tmco],[[[3,3],[1,1],0]],no,no,['MTH'],[740/3],0,0),ev(-744,'C0870221','Boy','Male child',[boy],[aggp],[[[4,4],[1,1],0]],yes,no,['CHV','NLMSubSyn','SNOMEDCT_US'],[744/3],0,0),ev(-578,'C0205329','Progressive','Progressive',[progressive],[ftcn],[[[6,6],[1,1],0]],no,no,['CHV','MTH','SNOMEDCT_US'],[753/11],0,0),ev(-604,'C1279571','Right knee','Entire right knee',[right,knee],[bpoc],[[[7,8],[1,2],0]],no,no,['MTH','SNOMEDCT_US'],[765/10],0,0)]),map(-705,[ev(-578,'C0439508','/year','per year',[year],[tmco],[[[2,2],[1,1],0]],no,no,['CHV','MTH','NCI','SNOMEDCT_US'],[735/4],0,0),ev(-578,'C0580836','Old','Old',[old],[tmco],[[[3,3],[1,1],0]],no,no,['MTH'],[740/3],0,0),ev(-744,'C0870221','Boy','Male child',[boy],[aggp],[[[4,4],[1,1],0]],yes,no,['CHV','NLMSubSyn','SNOMEDCT_US'],[744/3],0,0),ev(-578,'C0205329','Progressive','Progressive',[progressive],[ftcn],[[[6,6],[1,1],0]],no,no,['CHV','MTH','SNOMEDCT_US'],[753/11],0,0),ev(-604,'C0230431','Right knee','Structure of right knee',[right,knee],[bpoc],[[[7,8],[1,2],0]],no,no,['LNC','MTH','SNOMEDCT_US'],[765/10],0,0)]),map(-705,[ev(-578,'C0439508','/year','per year',[year],[tmco],[[[2,2],[1,1],0]],no,no,['CHV','MTH','NCI','SNOMEDCT_US'],[735/4],0,0),ev(-578,'C0580836','Old','Old',[old],[tmco],[[[3,3],[1,1],0]],no,no,['MTH'],[740/3],0,0),ev(-744,'C0870221','Boy','Male child',[boy],[aggp],[[[4,4],[1,1],0]],yes,no,['CHV','NLMSubSyn','SNOMEDCT_US'],[744/3],0,0),ev(-578,'C0205329','Progressive','Progressive',[progressive],[ftcn],[[[6,6],[1,1],0]],no,no,['CHV','MTH','SNOMEDCT_US'],[753/11],0,0),ev(-604,'C1279571','Right knee','Entire right knee',[right,knee],[bpoc],[[[7,8],[1,2],0]],no,no,['MTH','SNOMEDCT_US'],[765/10],0,0)])]).
phrase(and,[conj([lexmatch([and]),inputmatch([and]),tag(conj),tokens([and])])],776/3,[]).
candidates(0,0,0,0,[]).
mappings([]).
phrase('left leg pain',[mod([lexmatch(['left leg']),inputmatch([left,leg]),tag(noun),tokens([left,leg])]),head([lexmatch([pain]),inputmatch([pain]),tag(noun),tokens([pain])])],780/13,[]).
candidates(11,0,0,11,[]).
mappings([map(-1000,[ev(-1000,'C0564822','left leg pain','Pain in left leg',[left,leg,pain],[sosy],[[[1,2],[1,2],0],[[3,3],[3,3],0]],yes,no,['CHV','NLMSubSyn','SNOMEDCT_US'],[780/13],0,0)])]).
phrase(and,[conj([lexmatch([and]),inputmatch([and]),tag(conj),tokens([and])])],794/3,[]).
candidates(0,0,0,0,[]).
mappings([]).
phrase('edema,',[head([lexmatch([edema]),inputmatch([edema]),tag(noun),tokens([edema])]),punc([inputmatch([',']),tokens([])])],798/6,[]).
candidates(2,0,0,2,[]).
mappings([map(-1000,[ev(-1000,'C0013604','Edema','Edema',[edema],[patf],[[[1,1],[1,1],0]],yes,no,['CHV','CST','ICD10CM','MSH','MTH','NLMSubSyn','SNMI','SNOMEDCT_US','SNOMEDCT_VET'],[798/5],0,0)]),map(-1000,[ev(-1000,'C1717255','Edema','Edema:Finding:Point in time:^Patient:Ordinal',[edema],[clna],[[[1,1],[1,1],0]],yes,no,['LNC'],[798/5],0,0)])]).
phrase(lethargy,[head([lexmatch([lethargy]),inputmatch([lethargy]),tag(noun),tokens([lethargy])])],805/8,[]).
candidates(1,0,0,1,[]).
mappings([map(-1000,[ev(-1000,'C0023380','Lethargy','Lethargy',[lethargy],[sosy],[[[1,1],[1,1],0]],yes,no,['MSH','NCI','SNMI','SNOMEDCT_US'],[805/8],0,0)])]).
phrase(and,[conj([lexmatch([and]),inputmatch([and]),tag(conj),tokens([and])])],814/3,[]).
candidates(0,0,0,0,[]).
mappings([]).
phrase('an osteolytic lesion.',[det([lexmatch([an]),inputmatch([an]),tag(det),tokens([an])]),mod([lexmatch([osteolytic]),inputmatch([osteolytic]),tag(adj),tokens([osteolytic])]),head([lexmatch([lesion]),inputmatch([lesion]),tag(noun),tokens([lesion])]),punc([inputmatch(['.']),tokens([])])],818/21,[]).
candidates(5,1,0,4,[]).
mappings([map(-1000,[ev(-1000,'C0302313','Osteolytic lesion','Osteolytic lesion',[osteolytic,lesion],[fndg],[[[1,1],[1,1],0],[[2,2],[2,2],0]],yes,no,['NCI','OMIM','SNOMEDCT_US'],[821/17],0,0)])]).
'EOU'.
utterance('00000000.tx.11',"No history of trauma, fever, tachycardia, or urinary incontinence.",840/66,[]).
phrase('No history of trauma,',[det([lexmatch([no]),inputmatch(['No']),tag(det),tokens([no])]),head([lexmatch([history]),inputmatch([history]),tag(noun),tokens([history])]),prep([lexmatch([of]),inputmatch([of]),tag(prep),tokens([of])]),mod([lexmatch([trauma]),inputmatch([trauma]),tag(noun),tokens([trauma])]),punc([inputmatch([',']),tokens([])])],840/21,[]).
candidates(18,2,0,16,[]).
mappings([map(-916,[ev(-909,'C0332122','No history of','No history of',[no,history,of],[qlco],[[[1,1],[1,1],0],[[2,2],[2,2],0],[[3,3],[3,3],0]],yes,no,['NLMSubSyn','SNMI','SNOMEDCT_US'],[840/13],0,0),ev(-604,'C0043250',trauma,'Injury wounds',[trauma],[inpo],[[[4,4],[1,1],0]],no,no,['CHV','MSH','MTH','NCI','NLMSubSyn','SNOMEDCT_US'],[854/6],0,1)]),map(-916,[ev(-909,'C0332122','No history of','No history of',[no,history,of],[qlco],[[[1,1],[1,1],0],[[2,2],[2,2],0],[[3,3],[3,3],0]],yes,no,['NLMSubSyn','SNMI','SNOMEDCT_US'],[840/13],0,0),ev(-604,'C0043251','Trauma','Wounds and Injuries',[trauma],[inpo],[[[4,4],[1,1],0]],no,no,['AOD','CHV','MSH','NLMSubSyn'],[854/6],0,1)]),map(-916,[ev(-909,'C0332122','No history of','No history of',[no,history,of],[qlco],[[[1,1],[1,1],0],[[2,2],[2,2],0],[[3,3],[3,3],0]],yes,no,['NLMSubSyn','SNMI','SNOMEDCT_US'],[840/13],0,0),ev(-604,'C1510467',trauma,'trauma qualifier',[trauma],[inpo],[[[4,4],[1,1],0]],no,no,['MSH','MTH'],[854/6],0,1)]),map(-916,[ev(-909,'C0332122','No history of','No history of',[no,history,of],[qlco],[[[1,1],[1,1],0],[[2,2],[2,2],0],[[3,3],[3,3],0]],yes,no,['NLMSubSyn','SNMI','SNOMEDCT_US'],[840/13],0,0),ev(-604,'C3263723','Trauma','Traumatic injury',[trauma],[inpo],[[[4,4],[1,1],0]],no,no,['CHV','ICD10CM','MEDLINEPLUS','MSH','MTH','NLMSubSyn','SNOMEDCT_US'],[854/6],0,1)])]).
phrase('fever,',[head([lexmatch([fever]),inputmatch([fever]),tag(noun),tokens([fever])]),punc([inputmatch([',']),tokens([])])],862/6,[]).
candidates(1,0,0,1,[]).
mappings([map(-1000,[ev(-1000,'C0015967','Fever','Fever',[fever],[fndg],[[[1,1],[1,1],0]],yes,no,['CHV','CSP','CST','DXP','ICD10CM','MSH','MTH','NCI','NLMSubSyn','SNMI','SNOMEDCT_US'],[862/5],0,1)])]).
phrase('tachycardia,',[head([lexmatch([tachycardia]),inputmatch([tachycardia]),tag(noun),tokens([tachycardia])]),punc([inputmatch([',']),tokens([])])],869/12,[]).
candidates(1,0,0,1,[]).
mappings([map(-1000,[ev(-1000,'C0039231','Tachycardia','Tachycardia',[tachycardia],[fndg],[[[1,1],[1,1],0]],yes,no,['CHV','CST','DXP','ICD10CM','MSH','MTH','NCI','NLMSubSyn','SNMI','SNOMEDCT_US'],[869/11],0,1)])]).
phrase(or,[conj([lexmatch([or]),inputmatch([or]),tag(conj),tokens([or])])],882/2,[]).
candidates(0,0,0,0,[]).
mappings([]).
phrase('urinary incontinence.',[head([lexmatch(['urinary incontinence']),inputmatch([urinary,incontinence]),tag(noun),tokens([urinary,incontinence])]),punc([inputmatch(['.']),tokens([])])],885/21,[]).
candidates(6,1,0,5,[]).
mappings([map(-1000,[ev(-1000,'C0042024','Urinary Incontinence','Urinary Incontinence',[urinary,incontinence],[patf],[[[1,2],[1,2],0]],yes,no,['CHV','DXP','ICD10CM','MTH','NLMSubSyn','SNM','SNOMEDCT_US'],[885/20],0,1)]),map(-1000,[ev(-1000,'C1962973','Incontinence, urinary','Urinary Incontinence Adverse Event',[urinary,incontinence],[fndg],[[[1,2],[1,2],0]],yes,no,['MTH','NCI'],[885/20],0,1)])]).
'EOU'.
'EOT'.
