args('metamap14.BINARY.Darwin --lexicon db -Z 2014AA -qE -Q 4 ../../TREC-CDS/2015-original/26.txt ../../TREC-CDS/2015-original-MMed/26.txt.out',[lexicon-db,mm_data_year-'2014AA',machine_output-[],indicate_citation_end-[],composite_phrases-4,infile-'../../TREC-CDS/2015-original/26.txt',outfile-'../../TREC-CDS/2015-original-MMed/26.txt.out']).
aas([]).
neg_list([]).
utterance('00000000.tx.1',"treatment. ",0/11,[10]).
phrase('treatment.',[head([lexmatch([treatment]),inputmatch([treatment]),tag(noun),tokens([treatment])]),punc([inputmatch(['.']),tokens([])])],0/10,[]).
candidates(6,0,0,6,[]).
mappings([map(-1000,[ev(-1000,'C0039798',treatment,'therapeutic aspects',[treatment],[ftcn],[[[1,1],[1,1],0]],yes,no,['MSH','MTH','NLMSubSyn'],[0/9],0,0)]),map(-1000,[ev(-1000,'C0087111','Treatment','Therapeutic procedure',[treatment],[topp],[[[1,1],[1,1],0]],yes,no,['AOD','CHV','LNC','MSH','MTH','MTHHH','NCI','NLMSubSyn','SNOMEDCT_US'],[0/9],0,0)]),map(-1000,[ev(-1000,'C1522326','Treatment','Treating',[treatment],[ftcn],[[[1,1],[1,1],0]],yes,no,['MTH','NCI'],[0/9],0,0)]),map(-1000,[ev(-1000,'C1533734','Treatment','Administration procedure',[treatment],[topp],[[[1,1],[1,1],0]],yes,no,['MTH','NCI','NLMSubSyn','SNOMEDCT_US'],[0/9],0,0)]),map(-1000,[ev(-1000,'C1705169','Treatment','Biomaterial Treatment',[treatment],[cnce],[[[1,1],[1,1],0]],yes,no,['MTH','NCI'],[0/9],0,0)]),map(-1000,[ev(-1000,'C3538994','TREATMENT','Treatment Epoch',[treatment],[resa],[[[1,1],[1,1],0]],yes,no,['MTH','NCI','NLMSubSyn'],[0/9],0,0)])]).
'EOU'.
utterance('00000000.tx.2',"A 28 yo female G1P0A0 is admitted to the Ob/Gyn service for non-ruptured ectopic pregnancy. ",11/92,[]).
phrase('A 28 yo female G1P0A0',[det([lexmatch([a]),inputmatch(['A']),tag(det),tokens([a])]),shapes([inputmatch(['28']),features([integer]),tokens(['28'])]),mod([lexmatch([yo]),inputmatch([yo]),tag(noun),tokens([yo])]),mod([lexmatch([female]),inputmatch([female]),tag(noun),tokens([female])]),head([inputmatch(['G1P0A0']),tag(noun),tokens([g1p0a0])])],11/21,[]).
candidates(6,0,0,6,[]).
mappings([map(-583,[ev(-645,'C1413296','Yo','CDR2 gene',[yo],[gngm],[[[2,2],[1,1],0]],no,no,['HGNC','MTH','OMIM'],[16/2],0,0),ev(-645,'C0015780','Female','Female',[female],[orga],[[[3,3],[1,1],0]],no,no,['DXP','MSH','MTH','NCI','NDFRT','NLMSubSyn','QMR','SNOMEDCT_US'],[19/6],0,0)]),map(-583,[ev(-645,'C1413296','Yo','CDR2 gene',[yo],[gngm],[[[2,2],[1,1],0]],no,no,['HGNC','MTH','OMIM'],[16/2],0,0),ev(-645,'C0043210',female,'Woman',[female],[popg],[[[3,3],[1,1],0]],no,no,['CHV','MSH','MTH','NCI','NLMSubSyn'],[19/6],0,0)]),map(-583,[ev(-645,'C1413296','Yo','CDR2 gene',[yo],[gngm],[[[2,2],[1,1],0]],no,no,['HGNC','MTH','OMIM'],[16/2],0,0),ev(-645,'C0086287',female,'Females',[female],[popg],[[[3,3],[1,1],0]],no,no,['CHV','MTH'],[19/6],0,0)]),map(-583,[ev(-645,'C1413296','Yo','CDR2 gene',[yo],[gngm],[[[2,2],[1,1],0]],no,no,['HGNC','MTH','OMIM'],[16/2],0,0),ev(-645,'C1705497','Female','Female, Self-Report',[female],[qlco],[[[3,3],[1,1],0]],no,no,['MTH','NCI'],[19/6],0,0)]),map(-583,[ev(-645,'C1413296','Yo','CDR2 gene',[yo],[gngm],[[[2,2],[1,1],0]],no,no,['HGNC','MTH','OMIM'],[16/2],0,0),ev(-645,'C1705498','Female','Female Phenotype',[female],[qlco],[[[3,3],[1,1],0]],no,no,['MTH','NCI'],[19/6],0,0)])]).
phrase(is,[aux([lexmatch([is]),inputmatch([is]),tag(aux),tokens([is])])],33/2,[]).
candidates(0,0,0,0,[]).
mappings([]).
phrase('admitted to the Ob/Gyn service',[verb([lexmatch([admitted]),inputmatch([admitted]),tag(verb),tokens([admitted])]),prep([lexmatch([to]),inputmatch([to]),tag(prep),tokens([to])]),det([lexmatch([the]),inputmatch([the]),tag(det),tokens([the])]),mod([lexmatch(['ob/gyn']),inputmatch(['Ob',/,'Gyn']),tag(noun),tokens([ob,gyn])]),mod([lexmatch([service]),inputmatch([service]),tag(noun),tokens([service])])],36/30,[]).
candidates(7,0,0,7,[]).
mappings([map(-725,[ev(-753,'C0184666',admitted,'Hospital admission',[admitted],[hlca],[[[1,1],[1,1],0]],yes,no,['CHV','MTH','SNMI','SNOMEDCT_US'],[36/8],0,0),ev(-790,'C0746963','OB/GYN','obstetrics and gynecology (field)',[ob,gyn],[bmod],[[[4,4],[1,1],0],[[5,5],[2,2],0]],yes,no,['AOD','CHV'],[52/6],0,0),ev(-753,'C0557854','Service','Services',[service],[ocac],[[[6,6],[1,1],0]],yes,no,['MTH','NCI'],[59/7],0,0)]),map(-725,[ev(-753,'C0184666',admitted,'Hospital admission',[admitted],[hlca],[[[1,1],[1,1],0]],yes,no,['CHV','MTH','SNMI','SNOMEDCT_US'],[36/8],0,0),ev(-790,'C0746963','OB/GYN','obstetrics and gynecology (field)',[ob,gyn],[bmod],[[[4,4],[1,1],0],[[5,5],[2,2],0]],yes,no,['AOD','CHV'],[52/6],0,0),ev(-753,'C2825316','Service','Software Service',[service],[mnob],[[[6,6],[1,1],0]],yes,no,['MTH','NCI'],[59/7],0,0)]),map(-725,[ev(-753,'C0184666',admitted,'Hospital admission',[admitted],[hlca],[[[1,1],[1,1],0]],yes,no,['CHV','MTH','SNMI','SNOMEDCT_US'],[36/8],0,0),ev(-790,'C0746963','OB/GYN','obstetrics and gynecology (field)',[ob,gyn],[bmod],[[[4,4],[1,1],0],[[5,5],[2,2],0]],yes,no,['AOD','CHV'],[52/6],0,0),ev(-753,'C3245478',service,'ActInformationPrivacyReason <service>',[service],[idcn],[[[6,6],[1,1],0]],yes,no,['HL7V3.0','MTH'],[59/7],0,0)])]).
phrase('for non-ruptured ectopic pregnancy.',[prep([lexmatch([for]),inputmatch([for]),tag(prep),tokens([for])]),mod([lexmatch(['non-ruptured']),inputmatch([non,-,ruptured]),tag(adj),tokens([non,ruptured])]),head([lexmatch(['ectopic pregnancy']),inputmatch([ectopic,pregnancy]),tag(noun),tokens([ectopic,pregnancy])]),punc([inputmatch(['.']),tokens([])])],67/35,[]).
candidates(14,5,0,9,[]).
mappings([map(-916,[ev(-645,'C1518422','Non','Negation',[non],[ftcn],[[[1,1],[1,1],0]],no,no,['MTH','NCI'],[71/3],0,0),ev(-923,'C0392534','Ruptured ectopic pregnancy','Ruptured ectopic pregnancy',[ruptured,ectopic,pregnancy],[dsyn],[[[2,2],[1,1],0],[[3,4],[2,3],0]],yes,no,['CHV','NLMSubSyn','SNOMEDCT_US'],[75/26],0,0)])]).
'EOU'.
utterance('00000000.tx.3',"Past medical history is remarkable for obesity, a non-complicated appendectomy at age 8, infertility treatment for the past 3 years, and pelvic laparoscopy during which minor right Fallopian tube adhesions were cauterized. ",103/223,[]).
phrase('Past medical history',[mod([lexmatch([past]),inputmatch(['Past']),tag(adj),tokens([past])]),head([lexmatch(['medical history']),inputmatch([medical,history]),tag(noun),tokens([medical,history])])],103/20,[]).
candidates(15,2,0,13,[]).
mappings([map(-1000,[ev(-1000,'C0262926','Past Medical History','Medical History',[past,medical,history],[fndg],[[[1,1],[1,1],0],[[2,3],[2,3],0]],yes,no,['LNC','MTH','NCI','NLMSubSyn','SNOMEDCT_US'],[103/20],0,0)]),map(-1000,[ev(-1000,'C0455458','Past medical history','PMH - past medical history',[past,medical,history],[fndg],[[[1,1],[1,1],0],[[2,3],[2,3],0]],yes,no,['CHV','MTH','NLMSubSyn','SNOMEDCT_US'],[103/20],0,0)])]).
phrase(is,[aux([lexmatch([is]),inputmatch([is]),tag(aux),tokens([is])])],124/2,[]).
candidates(0,0,0,0,[]).
mappings([]).
phrase('remarkable for obesity,',[head([lexmatch([remarkable]),inputmatch([remarkable]),tag(adj),tokens([remarkable])]),prep([lexmatch([for]),inputmatch([for]),tag(prep),tokens([for])]),mod([lexmatch([obesity]),inputmatch([obesity]),tag(noun),tokens([obesity])]),punc([inputmatch([',']),tokens([])])],127/23,[]).
candidates(2,0,0,2,[]).
mappings([map(-623,[ev(-623,'C0028754','Obesity','Obesity',[obesity],[dsyn],[[[3,3],[1,1],0]],no,no,['ICD10CM','MTH','SNM','SNMI','SNOMEDCT_US'],[142/7],0,0)]),map(-623,[ev(-623,'C1963185','Obesity','Obesity Adverse Event',[obesity],[fndg],[[[3,3],[1,1],0]],no,no,['MTH','NCI'],[142/7],0,0)])]).
phrase('a non-complicated appendectomy at age 8,',[det([lexmatch([a]),inputmatch([a]),tag(det),tokens([a])]),mod([lexmatch(['non-complicated']),inputmatch([non,-,complicated]),tag(adj),tokens([non,complicated])]),head([lexmatch([appendectomy]),inputmatch([appendectomy]),tag(noun),tokens([appendectomy])]),prep([lexmatch([at]),inputmatch([at]),tag(prep),tokens([at])]),mod([lexmatch([age]),inputmatch([age]),tag(noun),tokens([age])]),shapes([inputmatch(['8']),features([integer]),tokens(['8'])]),punc([inputmatch([',']),tokens([])])],151/40,[]).
candidates(7,3,0,4,[]).
mappings([map(-673,[ev(-581,'C1518422','Non','Negation',[non],[ftcn],[[[2,2],[1,1],0]],no,no,['MTH','NCI'],[153/3],0,0),ev(-581,'C0231242','Complicated','Complicated',[complicated],[ftcn],[[[3,3],[1,1],0]],no,no,['CHV','MTH'],[157/11],0,0),ev(-748,'C0003611','Appendectomy','Appendectomy',[appendectomy],[topp],[[[4,4],[1,1],0]],yes,no,['CHV','MSH','MTH','NLMSubSyn','SNMI','SNOMEDCT_US'],[169/12],0,0),ev(-581,'C0001779','Age','Age',[age],[orga],[[[6,6],[1,1],0]],no,no,['MTH','NCI','SNOMEDCT_US'],[185/3],0,0)])]).
phrase('infertility treatment for the past 3 years,',[mod([lexmatch([infertility]),inputmatch([infertility]),tag(noun),tokens([infertility])]),head([lexmatch([treatment]),inputmatch([treatment]),tag(noun),tokens([treatment])]),prep([lexmatch([for]),inputmatch([for]),tag(prep),tokens([for])]),det([lexmatch([the]),inputmatch([the]),tag(det),tokens([the])]),mod([lexmatch([past]),inputmatch([past]),tag(noun),tokens([past])]),shapes([inputmatch(['3']),features([integer]),tokens(['3'])]),mod([lexmatch([years]),inputmatch([years]),tag(noun),tokens([years])]),punc([inputmatch([',']),tokens([])])],192/43,[]).
candidates(14,2,0,12,[]).
mappings([map(-741,[ev(-804,'C0200070','Treatment for infertility NOS','Infertility therapy',[treatment,for,infertility],[topp],[[[2,2],[1,1],0],[[3,3],[2,2],0],[[1,1],[3,3],0]],yes,no,['CHV','NLMSubSyn','SNOMEDCT_US'],[192/25],0,0),ev(-581,'C1444637','Past','Past',[past],[tmco],[[[5,5],[1,1],0]],no,no,['SNOMEDCT_US'],[222/4],0,0),ev(-581,'C0439234',years,year,[years],[tmco],[[[7,7],[1,1],0]],no,no,['MTH','NCI','SNOMEDCT_US'],[229/5],0,0)])]).
phrase(and,[conj([lexmatch([and]),inputmatch([and]),tag(conj),tokens([and])])],236/3,[]).
candidates(0,0,0,0,[]).
mappings([]).
phrase('pelvic laparoscopy during which minor right Fallopian tube adhesions',[mod([lexmatch([pelvic]),inputmatch([pelvic]),tag(adj),tokens([pelvic])]),head([lexmatch([laparoscopy]),inputmatch([laparoscopy]),tag(noun),tokens([laparoscopy])]),prep([lexmatch([during]),inputmatch([during]),tag(prep),tokens([during])]),pron([lexmatch([which]),inputmatch([which]),tag(pron),tokens([which])]),mod([lexmatch([minor]),inputmatch([minor]),tag(adj),tokens([minor])]),mod([lexmatch([right]),inputmatch([right]),tag(adj),tokens([right])]),mod([lexmatch(['fallopian tube']),inputmatch(['Fallopian',tube]),tag(noun),tokens([fallopian,tube])]),mod([lexmatch([adhesions]),inputmatch([adhesions]),tag(noun),tokens([adhesions])])],240/68,[]).
candidates(18,2,0,16,[]).
mappings([map(-737,[ev(-595,'C0262591','Pelvic adhesions','Pelvic adhesions',[pelvic,adhesions],[dsyn],[[[1,1],[1,1],0],[[9,9],[2,2],0]],no,no,['CHV','MTH','NLMSubSyn'],[240/6,299/9],0,0),ev(-742,'C0031150','Laparoscopy','Laparoscopy',[laparoscopy],[diap],[[[2,2],[1,1],0]],yes,no,['CHV','MSH','MTH','NCI','NLMSubSyn','SNMI','SNOMEDCT_US'],[247/11],0,0),ev(-575,'C0026193','Minor','Minor (person)',[minor],[popg],[[[5,5],[1,1],0]],no,no,['MSH','SNOMEDCT_US'],[272/5],0,0),ev(-623,'C0227900','Right fallopian tube','Right fallopian tube',[right,fallopian,tube],[bpoc],[[[6,6],[1,1],0],[[7,8],[2,3],0]],no,no,['FMA','LNC','MTH','NLMSubSyn','SNMI','SNOMEDCT_US'],[278/20],0,0)]),map(-737,[ev(-595,'C0262591','Pelvic adhesions','Pelvic adhesions',[pelvic,adhesions],[dsyn],[[[1,1],[1,1],0],[[9,9],[2,2],0]],no,no,['CHV','MTH','NLMSubSyn'],[240/6,299/9],0,0),ev(-742,'C0031150','Laparoscopy','Laparoscopy',[laparoscopy],[diap],[[[2,2],[1,1],0]],yes,no,['CHV','MSH','MTH','NCI','NLMSubSyn','SNMI','SNOMEDCT_US'],[247/11],0,0),ev(-575,'C0026193','Minor','Minor (person)',[minor],[popg],[[[5,5],[1,1],0]],no,no,['MSH','SNOMEDCT_US'],[272/5],0,0),ev(-623,'C1281194','Right Fallopian tube','Entire right fallopian tube',[right,fallopian,tube],[bpoc],[[[6,6],[1,1],0],[[7,8],[2,3],0]],no,no,['MTH','NLMSubSyn','SNOMEDCT_US'],[278/20],0,0)]),map(-737,[ev(-595,'C0262591','Pelvic adhesions','Pelvic adhesions',[pelvic,adhesions],[dsyn],[[[1,1],[1,1],0],[[9,9],[2,2],0]],no,no,['CHV','MTH','NLMSubSyn'],[240/6,299/9],0,0),ev(-742,'C0031150','Laparoscopy','Laparoscopy',[laparoscopy],[diap],[[[2,2],[1,1],0]],yes,no,['CHV','MSH','MTH','NCI','NLMSubSyn','SNMI','SNOMEDCT_US'],[247/11],0,0),ev(-575,'C0205165','Minor','Minor (value)',[minor],[qlco],[[[5,5],[1,1],0]],no,no,['CHV','MTH','NLMSubSyn','SNOMEDCT_US'],[272/5],0,0),ev(-623,'C0227900','Right fallopian tube','Right fallopian tube',[right,fallopian,tube],[bpoc],[[[6,6],[1,1],0],[[7,8],[2,3],0]],no,no,['FMA','LNC','MTH','NLMSubSyn','SNMI','SNOMEDCT_US'],[278/20],0,0)]),map(-737,[ev(-595,'C0262591','Pelvic adhesions','Pelvic adhesions',[pelvic,adhesions],[dsyn],[[[1,1],[1,1],0],[[9,9],[2,2],0]],no,no,['CHV','MTH','NLMSubSyn'],[240/6,299/9],0,0),ev(-742,'C0031150','Laparoscopy','Laparoscopy',[laparoscopy],[diap],[[[2,2],[1,1],0]],yes,no,['CHV','MSH','MTH','NCI','NLMSubSyn','SNMI','SNOMEDCT_US'],[247/11],0,0),ev(-575,'C0205165','Minor','Minor (value)',[minor],[qlco],[[[5,5],[1,1],0]],no,no,['CHV','MTH','NLMSubSyn','SNOMEDCT_US'],[272/5],0,0),ev(-623,'C1281194','Right Fallopian tube','Entire right fallopian tube',[right,fallopian,tube],[bpoc],[[[6,6],[1,1],0],[[7,8],[2,3],0]],no,no,['MTH','NLMSubSyn','SNOMEDCT_US'],[278/20],0,0)])]).
phrase(were,[aux([lexmatch([were]),inputmatch([were]),tag(aux),tokens([were])])],309/4,[]).
candidates(0,0,0,0,[]).
mappings([]).
phrase('cauterized.',[verb([lexmatch([cauterized]),inputmatch([cauterized]),tag(verb),tokens([cauterized])]),punc([inputmatch(['.']),tokens([])])],314/11,[]).
candidates(1,0,0,1,[]).
mappings([map(-1000,[ev(-1000,'C0007471',cauterized,'Cauterization - action',[cauterized],[topp],[[[1,1],[1,1],0]],yes,no,['CHV','MSH','MTH','NCI','SNOMEDCT_US'],[314/10],0,0)])]).
'EOU'.
utterance('00000000.tx.4',"Her LMP was 8 weeks prior to admission. ",326/40,[]).
phrase('Her LMP',[pron([lexmatch([her]),inputmatch(['Her']),tag(pron),tokens([her])]),head([lexmatch([lmp]),inputmatch(['LMP']),tag(noun),tokens([lmp])])],326/7,[]).
candidates(1,0,0,1,[]).
mappings([map(-1000,[ev(-1000,'C0425932','LMP','Date of last menstrual period',[lmp],[tmco],[[[1,1],[1,1],0]],yes,no,['LNC','MTH','NCI','NLMSubSyn','SNMI','SNOMEDCT_US'],[330/3],0,0)])]).
phrase(was,[aux([lexmatch([was]),inputmatch([was]),tag(aux),tokens([was])])],334/3,[]).
candidates(0,0,0,0,[]).
mappings([]).
phrase('8 weeks prior to admission.',[shapes([inputmatch(['8']),features([integer]),tokens(['8'])]),head([lexmatch([weeks]),inputmatch([weeks]),tag(noun),tokens([weeks])]),prep([lexmatch(['prior to']),inputmatch([prior,to]),tag(prep),tokens([prior,to])]),mod([lexmatch([admission]),inputmatch([admission]),tag(noun),tokens([admission])]),punc([inputmatch(['.']),tokens([])])],338/27,[]).
candidates(7,1,0,6,[]).
mappings([map(-787,[ev(-760,'C0439230',weeks,week,[weeks],[tmco],[[[2,2],[1,1],0]],yes,no,['MTH','SNOMEDCT_US'],[340/5],0,0),ev(-640,'C0332152','Prior to','Before',[prior,to],[tmco],[[[3,4],[1,2],0]],no,no,['CHV','MTH','NCI','NLMSubSyn','SNOMEDCT_US'],[346/8],0,0),ev(-593,'C0184666',admission,'Hospital admission',[admission],[hlca],[[[5,5],[1,1],0]],no,no,['CHV','MTH','SNMI','SNOMEDCT_US'],[355/9],0,0)]),map(-787,[ev(-760,'C0439230',weeks,week,[weeks],[tmco],[[[2,2],[1,1],0]],yes,no,['MTH','SNOMEDCT_US'],[340/5],0,0),ev(-640,'C0332152','Prior to','Before',[prior,to],[tmco],[[[3,4],[1,2],0]],no,no,['CHV','MTH','NCI','NLMSubSyn','SNOMEDCT_US'],[346/8],0,0),ev(-593,'C0809949','Admission','Admission activity',[admission],[hlca],[[[5,5],[1,1],0]],no,no,['MTH','NCI'],[355/9],0,0)])]).
'EOU'.
utterance('00000000.tx.5',"Beta HCG is 100 mIU. ",366/21,[]).
phrase('Beta HCG',[head([lexmatch(['beta hcg']),inputmatch(['Beta','HCG']),tag(noun),tokens([beta,hcg])])],366/8,[]).
candidates(5,0,0,5,[]).
mappings([map(-1000,[ev(-1000,'C0106132','beta-hCG','Chorionic Gonadotropin, beta Subunit, Human',[beta,hcg],[aapp,horm],[[[1,2],[1,2],0]],yes,no,['CHV','MSH','MTH','NCI','NLMSubSyn','SNOMEDCT_US'],[366/8],0,0)]),map(-1000,[ev(-1000,'C0813152','beta hcg','Beta HCG positive',[beta,hcg],[lbtr],[[[1,2],[1,2],0]],yes,no,['CHV','MTH'],[366/8],0,0)])]).
phrase(is,[aux([lexmatch([is]),inputmatch([is]),tag(aux),tokens([is])])],375/2,[]).
candidates(0,0,0,0,[]).
mappings([]).
phrase('100 mIU.',[shapes([inputmatch(['100']),features([integer]),tokens(['100'])]),head([lexmatch([miu]),inputmatch([mIU]),tag(noun),tokens([miu])]),punc([inputmatch(['.']),tokens([])])],378/8,[]).
candidates(2,0,0,2,[]).
mappings([map(-861,[ev(-861,'C0439455',mIU,'Milliinternational Unit',[miu],[qnco],[[[2,2],[1,1],0]],yes,no,['MTH','NCI','SNOMEDCT_US'],[382/3],0,0)]),map(-861,[ev(-861,'C1881843','MIU','Million International Units',[miu],[qnco],[[[2,2],[1,1],0]],yes,no,['MTH','NCI','NLMSubSyn'],[382/3],0,0)])]).
'EOU'.
utterance('00000000.tx.6',"The attending physician usually treats unruptured ecoptic pregnancies laparoscopically but is concerned about the patient's obesity and history of adhesions. ",387/158,[544]).
phrase('The attending physician usually',[det([lexmatch([the]),inputmatch(['The']),tag(det),tokens([the])]),head([lexmatch(['attending physician']),inputmatch([attending,physician]),tag(noun),tokens([attending,physician])]),adv([lexmatch([usually]),inputmatch([usually]),tag(adv),tokens([usually])])],387/31,[]).
candidates(5,0,0,5,[]).
mappings([map(-901,[ev(-901,'C1320929','Attending physician','Attending physician',[attending,physician],[prog],[[[1,2],[1,2],0]],yes,no,['LNC','NLMSubSyn','SNOMEDCT_US'],[391/19],0,0)])]).
phrase(treats,[verb([lexmatch([treats]),inputmatch([treats]),tag(verb),tokens([treats])])],419/6,[]).
candidates(2,0,0,2,[]).
mappings([map(-1000,[ev(-1000,'C1292734','TREAT','Treatment intent',[treat],[ftcn],[[[1,1],[1,1],0]],yes,no,['NCI','NLMSubSyn','SNOMEDCT_US'],[419/6],0,0)]),map(-1000,[ev(-1000,'C1522326','Treat','Treating',[treat],[ftcn],[[[1,1],[1,1],0]],yes,no,['MTH','NCI'],[419/6],0,0)])]).
phrase('unruptured ecoptic pregnancies laparoscopically',[mod([lexmatch([unruptured]),inputmatch([unruptured]),tag(adj),tokens([unruptured])]),mod([inputmatch([ecoptic]),tag(noun),tokens([ecoptic])]),head([lexmatch([pregnancies]),inputmatch([pregnancies]),tag(noun),tokens([pregnancies])]),adv([lexmatch([laparoscopically]),inputmatch([laparoscopically]),tag(adv),tokens([laparoscopically])])],426/47,[]).
candidates(6,4,0,2,[]).
mappings([map(-812,[ev(-812,'C0032961','Pregnancies','Pregnancy',[pregnancies],[orgf],[[[3,3],[1,1],0]],yes,no,['AOD','GO','LNC','MSH','MTH','NLMSubSyn','SNOMEDCT_US'],[445/11],0,0)]),map(-812,[ev(-812,'C0552112','Pregnancies','Pregnancies:Number:Point in time:^Patient:Quantitative:Reported',[pregnancies],[clna],[[[3,3],[1,1],0]],yes,no,['LNC'],[445/11],0,0)])]).
phrase(but,[conj([lexmatch([but]),inputmatch([but]),tag(conj),tokens([but])])],474/3,[]).
candidates(0,0,0,0,[]).
mappings([]).
phrase(is,[aux([lexmatch([is]),inputmatch([is]),tag(aux),tokens([is])])],478/2,[]).
candidates(0,0,0,0,[]).
mappings([]).
phrase('concerned about the patient\'s obesity',[verb([lexmatch([concerned]),inputmatch([concerned]),tag(verb),tokens([concerned])]),prep([lexmatch([about]),inputmatch([about]),tag(prep),tokens([about])]),det([lexmatch([the]),inputmatch([the]),tag(det),tokens([the])]),mod([lexmatch([patient]),inputmatch(['patient\'s']),tag(noun),tokens([patient])]),mod([lexmatch([obesity]),inputmatch([obesity]),tag(noun),tokens([obesity])])],481/37,[]).
candidates(5,0,0,5,[]).
mappings([map(-745,[ev(-797,'C0522474','Patient concerned','Patient concerned',[patient,concerned],[qlco],[[[4,4],[1,1],0],[[1,1],[2,2],0]],yes,no,['CHV','SNOMEDCT_US'],[481/9,501/9],0,0),ev(-760,'C0028754','Obesity','Obesity',[obesity],[dsyn],[[[5,5],[1,1],0]],yes,no,['ICD10CM','MTH','SNM','SNMI','SNOMEDCT_US'],[511/7],0,0)]),map(-745,[ev(-797,'C0522474','Patient concerned','Patient concerned',[patient,concerned],[qlco],[[[4,4],[1,1],0],[[1,1],[2,2],0]],yes,no,['CHV','SNOMEDCT_US'],[481/9,501/9],0,0),ev(-760,'C1963185','Obesity','Obesity Adverse Event',[obesity],[fndg],[[[5,5],[1,1],0]],yes,no,['MTH','NCI'],[511/7],0,0)])]).
phrase(and,[conj([lexmatch([and]),inputmatch([and]),tag(conj),tokens([and])])],519/3,[]).
candidates(0,0,0,0,[]).
mappings([]).
phrase('history of adhesions.',[head([lexmatch([history]),inputmatch([history]),tag(noun),tokens([history])]),prep([lexmatch([of]),inputmatch([of]),tag(prep),tokens([of])]),mod([lexmatch([adhesions]),inputmatch([adhesions]),tag(noun),tokens([adhesions])]),punc([inputmatch(['.']),tokens([])])],523/21,[]).
candidates(10,3,0,7,[]).
mappings([map(-746,[ev(-790,'C0019664','History','History',[history],[ocdi],[[[1,1],[1,1],0]],yes,no,['CHV','MSH','MTH'],[523/7],0,0),ev(-623,'C0001511','Adhesions','Tissue Adhesions',[adhesions],[patf],[[[3,3],[1,1],0]],no,no,['MTH','NCI','SNM','SNOMEDCT_US'],[534/9],0,0)]),map(-746,[ev(-790,'C0019665',history,'Historical aspects qualifier',[history],[inpr],[[[1,1],[1,1],0]],yes,no,['MSH','MTH'],[523/7],0,0),ev(-623,'C0001511','Adhesions','Tissue Adhesions',[adhesions],[patf],[[[3,3],[1,1],0]],no,no,['MTH','NCI','SNM','SNOMEDCT_US'],[534/9],0,0)]),map(-746,[ev(-790,'C0262512','History, NOS','History of present illness',[history],[orga],[[[1,1],[1,1],0]],yes,no,['MTH','SNMI'],[523/7],0,0),ev(-623,'C0001511','Adhesions','Tissue Adhesions',[adhesions],[patf],[[[3,3],[1,1],0]],no,no,['MTH','NCI','SNM','SNOMEDCT_US'],[534/9],0,0)]),map(-746,[ev(-790,'C0262926','History','Medical History',[history],[fndg],[[[1,1],[1,1],0]],yes,no,['LNC','MTH','NCI','NLMSubSyn','SNOMEDCT_US'],[523/7],0,0),ev(-623,'C0001511','Adhesions','Tissue Adhesions',[adhesions],[patf],[[[3,3],[1,1],0]],no,no,['MTH','NCI','SNM','SNOMEDCT_US'],[534/9],0,0)]),map(-746,[ev(-790,'C1705255','History','Concept History',[history],[cnce],[[[1,1],[1,1],0]],yes,no,['MTH','NCI'],[523/7],0,0),ev(-623,'C0001511','Adhesions','Tissue Adhesions',[adhesions],[patf],[[[3,3],[1,1],0]],no,no,['MTH','NCI','SNM','SNOMEDCT_US'],[534/9],0,0)]),map(-746,[ev(-790,'C2004062','History','History of previous events',[history],[fndg],[[[1,1],[1,1],0]],yes,no,['MTH','NCI'],[523/7],0,0),ev(-623,'C0001511','Adhesions','Tissue Adhesions',[adhesions],[patf],[[[3,3],[1,1],0]],no,no,['MTH','NCI','SNM','SNOMEDCT_US'],[534/9],0,0)])]).
'EOU'.
utterance('00000000.tx.7',"An obese 28 yo female with non-ruptured ectopic pregnancy and history of adhesions.",545/83,[]).
phrase('An obese 28 yo female with non-ruptured ectopic pregnancy',[det([lexmatch([an]),inputmatch(['An']),tag(det),tokens([an])]),mod([lexmatch([obese]),inputmatch([obese]),tag(adj),tokens([obese])]),shapes([inputmatch(['28']),features([integer]),tokens(['28'])]),mod([lexmatch([yo]),inputmatch([yo]),tag(noun),tokens([yo])]),head([lexmatch([female]),inputmatch([female]),tag(noun),tokens([female])]),prep([lexmatch([with]),inputmatch([with]),tag(prep),tokens([with])]),mod([lexmatch(['non-ruptured']),inputmatch([non,-,ruptured]),tag(adj),tokens([non,ruptured])]),mod([lexmatch(['ectopic pregnancy']),inputmatch([ectopic,pregnancy]),tag(noun),tokens([ectopic,pregnancy])])],545/57,[]).
candidates(23,6,0,17,[]).
mappings([map(-698,[ev(-573,'C0028754','Obese','Obesity',[obese],[dsyn],[[[2,2],[1,1],0]],no,no,['ICD10CM','MTH','SNM','SNMI','SNOMEDCT_US'],[548/5],0,0),ev(-573,'C1413296','Yo','CDR2 gene',[yo],[gngm],[[[4,4],[1,1],0]],no,no,['HGNC','MTH','OMIM'],[557/2],0,0),ev(-739,'C0015780','Female','Female',[female],[orga],[[[5,5],[1,1],0]],yes,no,['DXP','MSH','MTH','NCI','NDFRT','NLMSubSyn','QMR','SNOMEDCT_US'],[560/6],0,0),ev(-573,'C1518422','Non','Negation',[non],[ftcn],[[[7,7],[1,1],0]],no,no,['MTH','NCI'],[572/3],0,0),ev(-615,'C0392534','Ruptured ectopic pregnancy','Ruptured ectopic pregnancy',[ruptured,ectopic,pregnancy],[dsyn],[[[8,8],[1,1],0],[[9,10],[2,3],0]],no,no,['CHV','NLMSubSyn','SNOMEDCT_US'],[576/26],0,0)]),map(-698,[ev(-573,'C0028754','Obese','Obesity',[obese],[dsyn],[[[2,2],[1,1],0]],no,no,['ICD10CM','MTH','SNM','SNMI','SNOMEDCT_US'],[548/5],0,0),ev(-573,'C1413296','Yo','CDR2 gene',[yo],[gngm],[[[4,4],[1,1],0]],no,no,['HGNC','MTH','OMIM'],[557/2],0,0),ev(-739,'C0043210',female,'Woman',[female],[popg],[[[5,5],[1,1],0]],yes,no,['CHV','MSH','MTH','NCI','NLMSubSyn'],[560/6],0,0),ev(-573,'C1518422','Non','Negation',[non],[ftcn],[[[7,7],[1,1],0]],no,no,['MTH','NCI'],[572/3],0,0),ev(-615,'C0392534','Ruptured ectopic pregnancy','Ruptured ectopic pregnancy',[ruptured,ectopic,pregnancy],[dsyn],[[[8,8],[1,1],0],[[9,10],[2,3],0]],no,no,['CHV','NLMSubSyn','SNOMEDCT_US'],[576/26],0,0)]),map(-698,[ev(-573,'C0028754','Obese','Obesity',[obese],[dsyn],[[[2,2],[1,1],0]],no,no,['ICD10CM','MTH','SNM','SNMI','SNOMEDCT_US'],[548/5],0,0),ev(-573,'C1413296','Yo','CDR2 gene',[yo],[gngm],[[[4,4],[1,1],0]],no,no,['HGNC','MTH','OMIM'],[557/2],0,0),ev(-739,'C0086287',female,'Females',[female],[popg],[[[5,5],[1,1],0]],yes,no,['CHV','MTH'],[560/6],0,0),ev(-573,'C1518422','Non','Negation',[non],[ftcn],[[[7,7],[1,1],0]],no,no,['MTH','NCI'],[572/3],0,0),ev(-615,'C0392534','Ruptured ectopic pregnancy','Ruptured ectopic pregnancy',[ruptured,ectopic,pregnancy],[dsyn],[[[8,8],[1,1],0],[[9,10],[2,3],0]],no,no,['CHV','NLMSubSyn','SNOMEDCT_US'],[576/26],0,0)]),map(-698,[ev(-573,'C0028754','Obese','Obesity',[obese],[dsyn],[[[2,2],[1,1],0]],no,no,['ICD10CM','MTH','SNM','SNMI','SNOMEDCT_US'],[548/5],0,0),ev(-573,'C1413296','Yo','CDR2 gene',[yo],[gngm],[[[4,4],[1,1],0]],no,no,['HGNC','MTH','OMIM'],[557/2],0,0),ev(-739,'C1705497','Female','Female, Self-Report',[female],[qlco],[[[5,5],[1,1],0]],yes,no,['MTH','NCI'],[560/6],0,0),ev(-573,'C1518422','Non','Negation',[non],[ftcn],[[[7,7],[1,1],0]],no,no,['MTH','NCI'],[572/3],0,0),ev(-615,'C0392534','Ruptured ectopic pregnancy','Ruptured ectopic pregnancy',[ruptured,ectopic,pregnancy],[dsyn],[[[8,8],[1,1],0],[[9,10],[2,3],0]],no,no,['CHV','NLMSubSyn','SNOMEDCT_US'],[576/26],0,0)]),map(-698,[ev(-573,'C0028754','Obese','Obesity',[obese],[dsyn],[[[2,2],[1,1],0]],no,no,['ICD10CM','MTH','SNM','SNMI','SNOMEDCT_US'],[548/5],0,0),ev(-573,'C1413296','Yo','CDR2 gene',[yo],[gngm],[[[4,4],[1,1],0]],no,no,['HGNC','MTH','OMIM'],[557/2],0,0),ev(-739,'C1705498','Female','Female Phenotype',[female],[qlco],[[[5,5],[1,1],0]],yes,no,['MTH','NCI'],[560/6],0,0),ev(-573,'C1518422','Non','Negation',[non],[ftcn],[[[7,7],[1,1],0]],no,no,['MTH','NCI'],[572/3],0,0),ev(-615,'C0392534','Ruptured ectopic pregnancy','Ruptured ectopic pregnancy',[ruptured,ectopic,pregnancy],[dsyn],[[[8,8],[1,1],0],[[9,10],[2,3],0]],no,no,['CHV','NLMSubSyn','SNOMEDCT_US'],[576/26],0,0)])]).
phrase(and,[conj([lexmatch([and]),inputmatch([and]),tag(conj),tokens([and])])],603/3,[]).
candidates(0,0,0,0,[]).
mappings([]).
phrase('history of adhesions.',[head([lexmatch([history]),inputmatch([history]),tag(noun),tokens([history])]),prep([lexmatch([of]),inputmatch([of]),tag(prep),tokens([of])]),mod([lexmatch([adhesions]),inputmatch([adhesions]),tag(noun),tokens([adhesions])]),punc([inputmatch(['.']),tokens([])])],607/21,[]).
candidates(10,3,0,7,[]).
mappings([map(-746,[ev(-790,'C0019664','History','History',[history],[ocdi],[[[1,1],[1,1],0]],yes,no,['CHV','MSH','MTH'],[607/7],0,0),ev(-623,'C0001511','Adhesions','Tissue Adhesions',[adhesions],[patf],[[[3,3],[1,1],0]],no,no,['MTH','NCI','SNM','SNOMEDCT_US'],[618/9],0,0)]),map(-746,[ev(-790,'C0019665',history,'Historical aspects qualifier',[history],[inpr],[[[1,1],[1,1],0]],yes,no,['MSH','MTH'],[607/7],0,0),ev(-623,'C0001511','Adhesions','Tissue Adhesions',[adhesions],[patf],[[[3,3],[1,1],0]],no,no,['MTH','NCI','SNM','SNOMEDCT_US'],[618/9],0,0)]),map(-746,[ev(-790,'C0262512','History, NOS','History of present illness',[history],[orga],[[[1,1],[1,1],0]],yes,no,['MTH','SNMI'],[607/7],0,0),ev(-623,'C0001511','Adhesions','Tissue Adhesions',[adhesions],[patf],[[[3,3],[1,1],0]],no,no,['MTH','NCI','SNM','SNOMEDCT_US'],[618/9],0,0)]),map(-746,[ev(-790,'C0262926','History','Medical History',[history],[fndg],[[[1,1],[1,1],0]],yes,no,['LNC','MTH','NCI','NLMSubSyn','SNOMEDCT_US'],[607/7],0,0),ev(-623,'C0001511','Adhesions','Tissue Adhesions',[adhesions],[patf],[[[3,3],[1,1],0]],no,no,['MTH','NCI','SNM','SNOMEDCT_US'],[618/9],0,0)]),map(-746,[ev(-790,'C1705255','History','Concept History',[history],[cnce],[[[1,1],[1,1],0]],yes,no,['MTH','NCI'],[607/7],0,0),ev(-623,'C0001511','Adhesions','Tissue Adhesions',[adhesions],[patf],[[[3,3],[1,1],0]],no,no,['MTH','NCI','SNM','SNOMEDCT_US'],[618/9],0,0)]),map(-746,[ev(-790,'C2004062','History','History of previous events',[history],[fndg],[[[1,1],[1,1],0]],yes,no,['MTH','NCI'],[607/7],0,0),ev(-623,'C0001511','Adhesions','Tissue Adhesions',[adhesions],[patf],[[[3,3],[1,1],0]],no,no,['MTH','NCI','SNM','SNOMEDCT_US'],[618/9],0,0)])]).
'EOU'.
'EOT'.
