args('metamap14.BINARY.Darwin --lexicon db -Z 2014AA -qE -Q 4 ../../TREC-CDS/2015-original/28.txt ../../TREC-CDS/2015-original-MMed/28.txt.out',[lexicon-db,mm_data_year-'2014AA',machine_output-[],indicate_citation_end-[],composite_phrases-4,infile-'../../TREC-CDS/2015-original/28.txt',outfile-'../../TREC-CDS/2015-original-MMed/28.txt.out']).
aas([]).
neg_list([negation(nega,no,[175/2],['C1510467':trauma,'C0043250':trauma,'C3263723':'Trauma','C0043251':'Trauma'],[187/6]),negation(nega,not,[285/3],['C2936894':'Erythema migrans','C0017677':'Erythema migrans','C0014740':'Erythema migrans'],[308/16]),negation(nega,not,[285/3],['C0679062':remember],[289/8]),negation(nega,no,[537/2],['C1510467':trauma,'C0043250':trauma,'C3263723':'Trauma','C0043251':'Trauma'],[551/6])]).
utterance('00000000.tx.1',"treatment. ",0/11,[10]).
phrase('treatment.',[head([lexmatch([treatment]),inputmatch([treatment]),tag(noun),tokens([treatment])]),punc([inputmatch(['.']),tokens([])])],0/10,[]).
candidates(6,0,0,6,[]).
mappings([map(-1000,[ev(-1000,'C0039798',treatment,'therapeutic aspects',[treatment],[ftcn],[[[1,1],[1,1],0]],yes,no,['MSH','MTH','NLMSubSyn'],[0/9],0,0)]),map(-1000,[ev(-1000,'C0087111','Treatment','Therapeutic procedure',[treatment],[topp],[[[1,1],[1,1],0]],yes,no,['AOD','CHV','LNC','MSH','MTH','MTHHH','NCI','NLMSubSyn','SNOMEDCT_US'],[0/9],0,0)]),map(-1000,[ev(-1000,'C1522326','Treatment','Treating',[treatment],[ftcn],[[[1,1],[1,1],0]],yes,no,['MTH','NCI'],[0/9],0,0)]),map(-1000,[ev(-1000,'C1533734','Treatment','Administration procedure',[treatment],[topp],[[[1,1],[1,1],0]],yes,no,['MTH','NCI','NLMSubSyn','SNOMEDCT_US'],[0/9],0,0)]),map(-1000,[ev(-1000,'C1705169','Treatment','Biomaterial Treatment',[treatment],[cnce],[[[1,1],[1,1],0]],yes,no,['MTH','NCI'],[0/9],0,0)]),map(-1000,[ev(-1000,'C3538994','TREATMENT','Treatment Epoch',[treatment],[resa],[[[1,1],[1,1],0]],yes,no,['MTH','NCI','NLMSubSyn'],[0/9],0,0)])]).
'EOU'.
utterance('00000000.tx.2',"A previously healthy 8-year-old boy presents with a complaint of right lower extremity pain and fever. ",11/103,[]).
phrase('A previously healthy 8-year-old boy',[det([lexmatch([a]),inputmatch(['A']),tag(det),tokens([a])]),adv([lexmatch([previously]),inputmatch([previously]),tag(adv),tokens([previously])]),mod([lexmatch([healthy]),inputmatch([healthy]),tag(adj),tokens([healthy])]),shapes([inputmatch(['8']),features([integer]),tokens(['8'])]),punc([inputmatch([-]),tokens([])]),mod([lexmatch([year]),inputmatch([year]),tag(noun),tokens([year])]),punc([inputmatch([-]),tokens([])]),mod([lexmatch([old]),inputmatch([old]),tag(noun),tokens([old])]),head([lexmatch([boy]),inputmatch([boy]),tag(noun),tokens([boy])])],11/35,[]).
candidates(6,0,0,6,[]).
mappings([map(-716,[ev(-561,'C0018684','Health','Health',[health],[idcn],[[[2,2],[1,1],3]],no,no,['AOD','MTH','NCI'],[24/7],0,0),ev(-632,'C0439234',year,year,[year],[tmco],[[[4,4],[1,1],0]],no,no,['MTH','NCI','SNOMEDCT_US'],[34/4],0,0),ev(-632,'C0580836','Old','Old',[old],[tmco],[[[5,5],[1,1],0]],no,no,['MTH'],[39/3],0,0),ev(-799,'C0870221','Boy','Male child',[boy],[aggp],[[[6,6],[1,1],0]],yes,no,['CHV','NLMSubSyn','SNOMEDCT_US'],[43/3],0,0)]),map(-716,[ev(-561,'C0018684','Health','Health',[health],[idcn],[[[2,2],[1,1],3]],no,no,['AOD','MTH','NCI'],[24/7],0,0),ev(-632,'C0439508','/year','per year',[year],[tmco],[[[4,4],[1,1],0]],no,no,['CHV','MTH','NCI','SNOMEDCT_US'],[34/4],0,0),ev(-632,'C0580836','Old','Old',[old],[tmco],[[[5,5],[1,1],0]],no,no,['MTH'],[39/3],0,0),ev(-799,'C0870221','Boy','Male child',[boy],[aggp],[[[6,6],[1,1],0]],yes,no,['CHV','NLMSubSyn','SNOMEDCT_US'],[43/3],0,0)]),map(-716,[ev(-561,'C0031206',healthiness,'Personal Satisfaction',[healthiness],[fndg],[[[2,2],[1,1],3]],no,no,['AOD','MTH','NLMSubSyn','SNOMEDCT_US'],[24/7],0,0),ev(-632,'C0439234',year,year,[year],[tmco],[[[4,4],[1,1],0]],no,no,['MTH','NCI','SNOMEDCT_US'],[34/4],0,0),ev(-632,'C0580836','Old','Old',[old],[tmco],[[[5,5],[1,1],0]],no,no,['MTH'],[39/3],0,0),ev(-799,'C0870221','Boy','Male child',[boy],[aggp],[[[6,6],[1,1],0]],yes,no,['CHV','NLMSubSyn','SNOMEDCT_US'],[43/3],0,0)]),map(-716,[ev(-561,'C0031206',healthiness,'Personal Satisfaction',[healthiness],[fndg],[[[2,2],[1,1],3]],no,no,['AOD','MTH','NLMSubSyn','SNOMEDCT_US'],[24/7],0,0),ev(-632,'C0439508','/year','per year',[year],[tmco],[[[4,4],[1,1],0]],no,no,['CHV','MTH','NCI','SNOMEDCT_US'],[34/4],0,0),ev(-632,'C0580836','Old','Old',[old],[tmco],[[[5,5],[1,1],0]],no,no,['MTH'],[39/3],0,0),ev(-799,'C0870221','Boy','Male child',[boy],[aggp],[[[6,6],[1,1],0]],yes,no,['CHV','NLMSubSyn','SNOMEDCT_US'],[43/3],0,0)])]).
phrase('presents with a complaint of right lower extremity pain',[verb([lexmatch([presents]),inputmatch([presents]),tag(verb),tokens([presents])]),prep([lexmatch([with]),inputmatch([with]),tag(prep),tokens([with])]),det([lexmatch([a]),inputmatch([a]),tag(det),tokens([a])]),mod([lexmatch([complaint]),inputmatch([complaint]),tag(noun),tokens([complaint])]),prep([lexmatch([of]),inputmatch([of]),tag(prep),tokens([of])]),mod([lexmatch(['right lower extremity']),inputmatch([right,lower,extremity]),tag(noun),tokens([right,lower,extremity])]),mod([lexmatch([pain]),inputmatch([pain]),tag(noun),tokens([pain])])],47/55,[]).
candidates(24,9,0,15,[]).
mappings([map(-709,[ev(-742,'C0150312','Present','Present',[present],[qnco],[[[1,1],[1,1],0]],yes,no,['CHV','MTH','NCI'],[47/8],0,0),ev(-742,'C0277786','Complaint','Chief complaint (finding)',[complaint],[fndg],[[[4,4],[1,1],0]],yes,no,['CHV','LNC','SNOMEDCT_US'],[63/9],0,0),ev(-790,'C0230415','Right lower extremity','Right lower extremity',[right,lower,extremity],[bpoc],[[[6,8],[1,3],0]],yes,no,['FMA','LNC','MTH','NLMSubSyn','SNOMEDCT_US'],[76/21],0,0),ev(-742,'C0030193','Pain','Pain',[pain],[sosy],[[[9,9],[1,1],0]],yes,no,['AOD','CHV','LNC','MTH','NLMSubSyn','SNMI','SNOMEDCT_US'],[98/4],0,0)]),map(-709,[ev(-742,'C0150312','Present','Present',[present],[qnco],[[[1,1],[1,1],0]],yes,no,['CHV','MTH','NCI'],[47/8],0,0),ev(-742,'C0277786','Complaint','Chief complaint (finding)',[complaint],[fndg],[[[4,4],[1,1],0]],yes,no,['CHV','LNC','SNOMEDCT_US'],[63/9],0,0),ev(-790,'C0230415','Right lower extremity','Right lower extremity',[right,lower,extremity],[bpoc],[[[6,8],[1,3],0]],yes,no,['FMA','LNC','MTH','NLMSubSyn','SNOMEDCT_US'],[76/21],0,0),ev(-742,'C1962977','Pain NOS','Pain NOS Adverse Event',[pain],[fndg],[[[9,9],[1,1],0]],yes,no,['MTH','NCI'],[98/4],0,0)]),map(-709,[ev(-742,'C0150312','Present','Present',[present],[qnco],[[[1,1],[1,1],0]],yes,no,['CHV','MTH','NCI'],[47/8],0,0),ev(-742,'C0277786','Complaint','Chief complaint (finding)',[complaint],[fndg],[[[4,4],[1,1],0]],yes,no,['CHV','LNC','SNOMEDCT_US'],[63/9],0,0),ev(-742,'C0205090','Right','Right',[right],[spco],[[[6,6],[1,1],0]],yes,no,['CHV','LNC','MTH','SNOMEDCT_US'],[76/5],0,0),ev(-790,'C0239376','Lower extremity pain','Lower extremity pain',[lower,extremity,pain],[sosy],[[[7,8],[1,2],0],[[9,9],[3,3],0]],yes,no,['CHV','NLMSubSyn','OMIM'],[82/20],0,0)]),map(-709,[ev(-742,'C0449450','Present','Presentation',[present],[idcn],[[[1,1],[1,1],0]],yes,no,['CHV','MTH','NCI'],[47/8],0,0),ev(-742,'C0277786','Complaint','Chief complaint (finding)',[complaint],[fndg],[[[4,4],[1,1],0]],yes,no,['CHV','LNC','SNOMEDCT_US'],[63/9],0,0),ev(-790,'C0230415','Right lower extremity','Right lower extremity',[right,lower,extremity],[bpoc],[[[6,8],[1,3],0]],yes,no,['FMA','LNC','MTH','NLMSubSyn','SNOMEDCT_US'],[76/21],0,0),ev(-742,'C0030193','Pain','Pain',[pain],[sosy],[[[9,9],[1,1],0]],yes,no,['AOD','CHV','LNC','MTH','NLMSubSyn','SNMI','SNOMEDCT_US'],[98/4],0,0)]),map(-709,[ev(-742,'C0449450','Present','Presentation',[present],[idcn],[[[1,1],[1,1],0]],yes,no,['CHV','MTH','NCI'],[47/8],0,0),ev(-742,'C0277786','Complaint','Chief complaint (finding)',[complaint],[fndg],[[[4,4],[1,1],0]],yes,no,['CHV','LNC','SNOMEDCT_US'],[63/9],0,0),ev(-790,'C0230415','Right lower extremity','Right lower extremity',[right,lower,extremity],[bpoc],[[[6,8],[1,3],0]],yes,no,['FMA','LNC','MTH','NLMSubSyn','SNOMEDCT_US'],[76/21],0,0),ev(-742,'C1962977','Pain NOS','Pain NOS Adverse Event',[pain],[fndg],[[[9,9],[1,1],0]],yes,no,['MTH','NCI'],[98/4],0,0)]),map(-709,[ev(-742,'C0449450','Present','Presentation',[present],[idcn],[[[1,1],[1,1],0]],yes,no,['CHV','MTH','NCI'],[47/8],0,0),ev(-742,'C0277786','Complaint','Chief complaint (finding)',[complaint],[fndg],[[[4,4],[1,1],0]],yes,no,['CHV','LNC','SNOMEDCT_US'],[63/9],0,0),ev(-742,'C0205090','Right','Right',[right],[spco],[[[6,6],[1,1],0]],yes,no,['CHV','LNC','MTH','SNOMEDCT_US'],[76/5],0,0),ev(-790,'C0239376','Lower extremity pain','Lower extremity pain',[lower,extremity,pain],[sosy],[[[7,8],[1,2],0],[[9,9],[3,3],0]],yes,no,['CHV','NLMSubSyn','OMIM'],[82/20],0,0)])]).
phrase(and,[conj([lexmatch([and]),inputmatch([and]),tag(conj),tokens([and])])],103/3,[]).
candidates(0,0,0,0,[]).
mappings([]).
phrase('fever.',[head([lexmatch([fever]),inputmatch([fever]),tag(noun),tokens([fever])]),punc([inputmatch(['.']),tokens([])])],107/6,[]).
candidates(1,0,0,1,[]).
mappings([map(-1000,[ev(-1000,'C0015967','Fever','Fever',[fever],[fndg],[[[1,1],[1,1],0]],yes,no,['CHV','CSP','CST','DXP','ICD10CM','MSH','MTH','NCI','NLMSubSyn','SNMI','SNOMEDCT_US'],[107/5],0,0)])]).
'EOU'.
utterance('00000000.tx.3',"He reports limping for the past two days. ",114/42,[]).
phrase('He',[pron([lexmatch([he]),inputmatch(['He']),tag(pron),tokens([he])])],114/2,[]).
candidates(0,0,0,0,[]).
mappings([]).
phrase(reports,[verb([lexmatch([reports]),inputmatch([reports]),tag(verb),tokens([reports])])],117/7,[]).
candidates(3,0,0,3,[]).
mappings([map(-1000,[ev(-1000,'C0684224','Report','Report (document)',[report],[inpr],[[[1,1],[1,1],0]],yes,no,['CHV','MSH','MTH','NCI'],[117/7],0,0)]),map(-1000,[ev(-1000,'C0700287','Report','Reporting',[report],[hlca],[[[1,1],[1,1],0]],yes,no,['CHV','LNC','MTH','SNOMEDCT_US'],[117/7],0,0)]),map(-1000,[ev(-1000,'C3273238','Report','Regulatory Report',[report],[inpr],[[[1,1],[1,1],0]],yes,no,['MTH','NCI'],[117/7],0,0)])]).
phrase('limping for the past two days.',[head([lexmatch([limping]),inputmatch([limping]),tag(noun),tokens([limping])]),prep([lexmatch([for]),inputmatch([for]),tag(prep),tokens([for])]),det([lexmatch([the]),inputmatch([the]),tag(det),tokens([the])]),mod([lexmatch([past]),inputmatch([past]),tag(adj),tokens([past])]),mod([lexmatch([two]),inputmatch([two]),tag(noun),tokens([two])]),mod([lexmatch([days]),inputmatch([days]),tag(noun),tokens([days])]),punc([inputmatch(['.']),tokens([])])],125/30,[]).
candidates(8,2,0,6,[]).
mappings([map(-697,[ev(-753,'C0311395','Limping','Lameness',[limping],[fndg],[[[1,1],[1,1],0]],yes,no,['CHV','MTH','SNM','SNMI','SNOMEDCT_US'],[125/7],0,0),ev(-586,'C1444637','Past','Past',[past],[tmco],[[[4,4],[1,1],0]],no,no,['SNOMEDCT_US'],[141/4],0,0),ev(-586,'C0205448','Two','Two',[two],[qnco],[[[5,5],[1,1],0]],no,no,['MTH','SNOMEDCT_US'],[146/3],0,0),ev(-586,'C0439228',days,day,[days],[tmco],[[[6,6],[1,1],0]],no,no,['MTH','SNOMEDCT_US'],[150/4],0,0)]),map(-697,[ev(-753,'C1456822','Limping','Claudication (finding)',[limping],[dsyn],[[[1,1],[1,1],0]],yes,no,['DXP','NCI','SNOMEDCT_US'],[125/7],0,0),ev(-586,'C1444637','Past','Past',[past],[tmco],[[[4,4],[1,1],0]],no,no,['SNOMEDCT_US'],[141/4],0,0),ev(-586,'C0205448','Two','Two',[two],[qnco],[[[5,5],[1,1],0]],no,no,['MTH','SNOMEDCT_US'],[146/3],0,0),ev(-586,'C0439228',days,day,[days],[tmco],[[[6,6],[1,1],0]],no,no,['MTH','SNOMEDCT_US'],[150/4],0,0)]),map(-697,[ev(-753,'C3669029','Limping','Lameness of quadruped',[limping],[fndg],[[[1,1],[1,1],0]],yes,no,['MTH','SNOMEDCT_VET'],[125/7],0,0),ev(-586,'C1444637','Past','Past',[past],[tmco],[[[4,4],[1,1],0]],no,no,['SNOMEDCT_US'],[141/4],0,0),ev(-586,'C0205448','Two','Two',[two],[qnco],[[[5,5],[1,1],0]],no,no,['MTH','SNOMEDCT_US'],[146/3],0,0),ev(-586,'C0439228',days,day,[days],[tmco],[[[6,6],[1,1],0]],no,no,['MTH','SNOMEDCT_US'],[150/4],0,0)])]).
'EOU'.
utterance('00000000.tx.4',"The parents report no previous trauma, but do remember a tick bite during a summer visit to Maryland several months ago. ",156/121,[]).
phrase('The parents',[det([lexmatch([the]),inputmatch(['The']),tag(det),tokens([the])]),head([lexmatch([parents]),inputmatch([parents]),tag(noun),tokens([parents])])],156/11,[]).
candidates(2,1,0,1,[]).
mappings([map(-1000,[ev(-1000,'C0030551','Parents',parent,[parents],[famg],[[[1,1],[1,1],0]],yes,no,['CHV','MSH','MTH','NCI'],[160/7],0,0)])]).
phrase(report,[verb([lexmatch([report]),inputmatch([report]),tag(verb),tokens([report])])],168/6,[]).
candidates(3,0,0,3,[]).
mappings([map(-1000,[ev(-1000,'C0684224','Report','Report (document)',[report],[inpr],[[[1,1],[1,1],0]],yes,no,['CHV','MSH','MTH','NCI'],[168/6],0,0)]),map(-1000,[ev(-1000,'C0700287','Report','Reporting',[report],[hlca],[[[1,1],[1,1],0]],yes,no,['CHV','LNC','MTH','SNOMEDCT_US'],[168/6],0,0)]),map(-1000,[ev(-1000,'C3273238','Report','Regulatory Report',[report],[inpr],[[[1,1],[1,1],0]],yes,no,['MTH','NCI'],[168/6],0,0)])]).
phrase('no previous trauma,',[det([lexmatch([no]),inputmatch([no]),tag(det),tokens([no])]),mod([lexmatch([previous]),inputmatch([previous]),tag(adj),tokens([previous])]),head([lexmatch([trauma]),inputmatch([trauma]),tag(noun),tokens([trauma])]),punc([inputmatch([',']),tokens([])])],175/19,[]).
candidates(6,0,0,6,[]).
mappings([map(-888,[ev(-694,'C0205156','Previous','Previous',[previous],[tmco],[[[1,1],[1,1],0]],no,no,['MTH','NCI'],[178/8],0,0),ev(-861,'C0043250',trauma,'Injury wounds',[trauma],[inpo],[[[2,2],[1,1],0]],yes,no,['CHV','MSH','MTH','NCI','NLMSubSyn','SNOMEDCT_US'],[187/6],0,1)]),map(-888,[ev(-694,'C0205156','Previous','Previous',[previous],[tmco],[[[1,1],[1,1],0]],no,no,['MTH','NCI'],[178/8],0,0),ev(-861,'C0043251','Trauma','Wounds and Injuries',[trauma],[inpo],[[[2,2],[1,1],0]],yes,no,['AOD','CHV','MSH','NLMSubSyn'],[187/6],0,1)]),map(-888,[ev(-694,'C0205156','Previous','Previous',[previous],[tmco],[[[1,1],[1,1],0]],no,no,['MTH','NCI'],[178/8],0,0),ev(-861,'C1510467',trauma,'trauma qualifier',[trauma],[inpo],[[[2,2],[1,1],0]],yes,no,['MSH','MTH'],[187/6],0,1)]),map(-888,[ev(-694,'C0205156','Previous','Previous',[previous],[tmco],[[[1,1],[1,1],0]],no,no,['MTH','NCI'],[178/8],0,0),ev(-861,'C3263723','Trauma','Traumatic injury',[trauma],[inpo],[[[2,2],[1,1],0]],yes,no,['CHV','ICD10CM','MEDLINEPLUS','MSH','MTH','NLMSubSyn','SNOMEDCT_US'],[187/6],0,1)]),map(-888,[ev(-694,'C1552607',previous,'Act Relationship Subset - previous',[previous],[tmco],[[[1,1],[1,1],0]],no,no,['HL7V3.0','MTH'],[178/8],0,0),ev(-861,'C0043250',trauma,'Injury wounds',[trauma],[inpo],[[[2,2],[1,1],0]],yes,no,['CHV','MSH','MTH','NCI','NLMSubSyn','SNOMEDCT_US'],[187/6],0,1)]),map(-888,[ev(-694,'C1552607',previous,'Act Relationship Subset - previous',[previous],[tmco],[[[1,1],[1,1],0]],no,no,['HL7V3.0','MTH'],[178/8],0,0),ev(-861,'C0043251','Trauma','Wounds and Injuries',[trauma],[inpo],[[[2,2],[1,1],0]],yes,no,['AOD','CHV','MSH','NLMSubSyn'],[187/6],0,1)]),map(-888,[ev(-694,'C1552607',previous,'Act Relationship Subset - previous',[previous],[tmco],[[[1,1],[1,1],0]],no,no,['HL7V3.0','MTH'],[178/8],0,0),ev(-861,'C1510467',trauma,'trauma qualifier',[trauma],[inpo],[[[2,2],[1,1],0]],yes,no,['MSH','MTH'],[187/6],0,1)]),map(-888,[ev(-694,'C1552607',previous,'Act Relationship Subset - previous',[previous],[tmco],[[[1,1],[1,1],0]],no,no,['HL7V3.0','MTH'],[178/8],0,0),ev(-861,'C3263723','Trauma','Traumatic injury',[trauma],[inpo],[[[2,2],[1,1],0]],yes,no,['CHV','ICD10CM','MEDLINEPLUS','MSH','MTH','NLMSubSyn','SNOMEDCT_US'],[187/6],0,1)])]).
phrase(but,[conj([lexmatch([but]),inputmatch([but]),tag(conj),tokens([but])])],195/3,[]).
candidates(0,0,0,0,[]).
mappings([]).
phrase(do,[aux([lexmatch([do]),inputmatch([do]),tag(aux),tokens([do])])],199/2,[]).
candidates(0,0,0,0,[]).
mappings([]).
phrase(remember,[verb([lexmatch([remember]),inputmatch([remember]),tag(verb),tokens([remember])])],202/8,[]).
candidates(1,0,0,1,[]).
mappings([map(-1000,[ev(-1000,'C0679062',remember,remembering,[remember],[menp],[[[1,1],[1,1],0]],yes,no,['AOD','CHV'],[202/8],0,0)])]).
phrase('a tick bite during a summer visit',[det([lexmatch([a]),inputmatch([a]),tag(det),tokens([a])]),mod([lexmatch([tick]),inputmatch([tick]),tag(noun),tokens([tick])]),head([lexmatch([bite]),inputmatch([bite]),tag(noun),tokens([bite])]),prep([lexmatch([during]),inputmatch([during]),tag(prep),tokens([during])]),det([lexmatch([a]),inputmatch([a]),tag(det),tokens([a])]),mod([lexmatch([summer]),inputmatch([summer]),tag(noun),tokens([summer])]),mod([lexmatch([visit]),inputmatch([visit]),tag(noun),tokens([visit])])],211/33,[]).
candidates(8,0,0,8,[]).
mappings([map(-696,[ev(-778,'C0241407','Tick bite','Tick bite (disorder)',[tick,bite],[inpo],[[[2,2],[1,1],0],[[3,3],[2,2],0]],yes,no,['DXP','MSH','NLMSubSyn','SNOMEDCT_US'],[213/9],0,0),ev(-581,'C0241301','Summer','Summer',[summer],[tmco],[[[6,6],[1,1],0]],no,no,['NCI'],[232/6],0,0),ev(-581,'C0545082','Visit','Visit',[visit],[bhvr],[[[7,7],[1,1],0]],no,no,['MTH','NCI','SNM'],[239/5],0,0)]),map(-696,[ev(-778,'C0241407','Tick bite','Tick bite (disorder)',[tick,bite],[inpo],[[[2,2],[1,1],0],[[3,3],[2,2],0]],yes,no,['DXP','MSH','NLMSubSyn','SNOMEDCT_US'],[213/9],0,0),ev(-581,'C0241301','Summer','Summer',[summer],[tmco],[[[6,6],[1,1],0]],no,no,['NCI'],[232/6],0,0),ev(-581,'C1512346',visit,'Patient Visit',[visit],[hlca],[[[7,7],[1,1],0]],no,no,['HL7V3.0','MTH','NCI','NLMSubSyn'],[239/5],0,0)]),map(-696,[ev(-778,'C0241407','Tick bite','Tick bite (disorder)',[tick,bite],[inpo],[[[2,2],[1,1],0],[[3,3],[2,2],0]],yes,no,['DXP','MSH','NLMSubSyn','SNOMEDCT_US'],[213/9],0,0),ev(-581,'C0241301','Summer','Summer',[summer],[tmco],[[[6,6],[1,1],0]],no,no,['NCI'],[232/6],0,0),ev(-581,'C2826704','VISIT','Visit Name',[visit],[inpr],[[[7,7],[1,1],0]],no,no,['MTH','NCI'],[239/5],0,0)])]).
phrase('to Maryland several months ago.',[prep([lexmatch([to]),inputmatch([to]),tag(prep),tokens([to])]),mod([lexmatch([maryland]),inputmatch(['Maryland']),tag(noun),tokens([maryland])]),mod([lexmatch([several]),inputmatch([several]),tag(adj),tokens([several])]),head([lexmatch([months]),inputmatch([months]),tag(noun),tokens([months])]),adv([lexmatch([ago]),inputmatch([ago]),tag(adv),tokens([ago])]),punc([inputmatch(['.']),tokens([])])],245/31,[]).
candidates(3,1,0,2,[]).
mappings([map(-763,[ev(-645,'C0024858','Maryland','Maryland (geographic location)',[maryland],[geoa],[[[1,1],[1,1],0]],no,no,['MSH','SNOMEDCT_US'],[248/8],0,0),ev(-812,'C0439231',months,month,[months],[tmco],[[[3,3],[1,1],0]],yes,no,['MTH','SNOMEDCT_US'],[265/6],0,0)])]).
'EOU'.
utterance('00000000.tx.5',"They do not remember observing erythema migrans. ",277/49,[]).
phrase('They',[pron([lexmatch([they]),inputmatch(['They']),tag(pron),tokens([they])])],277/4,[]).
candidates(0,0,0,0,[]).
mappings([]).
phrase(do,[aux([lexmatch([do]),inputmatch([do]),tag(aux),tokens([do])])],282/2,[]).
candidates(0,0,0,0,[]).
mappings([]).
phrase(not,[adv([lexmatch([not]),inputmatch([not]),tag(adv),tokens([not])])],285/3,[]).
candidates(1,0,0,1,[]).
mappings([map(-1000,[ev(-1000,'C1518422','Not','Negation',[not],[ftcn],[[[1,1],[1,1],0]],yes,no,['MTH','NCI'],[285/3],0,0)])]).
phrase(remember,[verb([lexmatch([remember]),inputmatch([remember]),tag(verb),tokens([remember])])],289/8,[]).
candidates(1,0,0,1,[]).
mappings([map(-1000,[ev(-1000,'C0679062',remember,remembering,[remember],[menp],[[[1,1],[1,1],0]],yes,no,['AOD','CHV'],[289/8],0,1)])]).
phrase(observing,[verb([lexmatch([observing]),inputmatch([observing]),tag(verb),tokens([observing])])],298/9,[]).
candidates(0,0,0,0,[]).
mappings([]).
phrase('erythema migrans.',[head([lexmatch(['erythema migrans']),inputmatch([erythema,migrans]),tag(noun),tokens([erythema,migrans])]),punc([inputmatch(['.']),tokens([])])],308/17,[]).
candidates(4,0,0,4,[]).
mappings([map(-1000,[ev(-1000,'C0014740','Erythema migrans','Erythema Chronicum Migrans',[erythema,migrans],[dsyn],[[[1,2],[1,2],0]],yes,no,['MTH','SNOMEDCT_US'],[308/16],0,1)]),map(-1000,[ev(-1000,'C0017677','Erythema migrans','Glossitis, Benign Migratory',[erythema,migrans],[dsyn],[[[1,2],[1,2],0]],yes,no,['CHV','ICD10CM','MSH','MTH','SNM','SNOMEDCT_US'],[308/16],0,1)]),map(-1000,[ev(-1000,'C2936894','Erythema migrans','Erythema migrans',[erythema,migrans],[dsyn],[[[1,2],[1,2],0]],yes,no,['MTH'],[308/16],0,1)])]).
'EOU'.
utterance('00000000.tx.6',"On examination, the right knee is tender and swollen. ",326/54,[]).
phrase('On examination,',[prep([lexmatch([on]),inputmatch(['On']),tag(prep),tokens([on])]),head([lexmatch([examination]),inputmatch([examination]),tag(noun),tokens([examination])]),punc([inputmatch([',']),tokens([])])],326/15,[]).
candidates(0,0,0,0,[]).
mappings([]).
phrase('the right knee',[det([lexmatch([the]),inputmatch([the]),tag(det),tokens([the])]),head([lexmatch(['right knee']),inputmatch([right,knee]),tag(noun),tokens([right,knee])])],342/14,[]).
candidates(7,0,0,7,[]).
mappings([map(-1000,[ev(-1000,'C0230431','Right knee','Structure of right knee',[right,knee],[bpoc],[[[1,2],[1,2],0]],yes,no,['LNC','MTH','SNOMEDCT_US'],[346/10],0,0)]),map(-1000,[ev(-1000,'C1279571','Right knee','Entire right knee',[right,knee],[bpoc],[[[1,2],[1,2],0]],yes,no,['MTH','SNOMEDCT_US'],[346/10],0,0)])]).
phrase(is,[aux([lexmatch([is]),inputmatch([is]),tag(aux),tokens([is])])],357/2,[]).
candidates(0,0,0,0,[]).
mappings([]).
phrase(tender,[head([lexmatch([tender]),inputmatch([tender]),tag(noun),tokens([tender])])],360/6,[]).
candidates(1,0,0,1,[]).
mappings([map(-1000,[ev(-1000,'C0234234','Tender','Tender',[tender],[qlco],[[[1,1],[1,1],0]],yes,no,['SNOMEDCT_US'],[360/6],0,0)])]).
phrase(and,[conj([lexmatch([and]),inputmatch([and]),tag(conj),tokens([and])])],367/3,[]).
candidates(0,0,0,0,[]).
mappings([]).
phrase('swollen.',[head([lexmatch([swollen]),inputmatch([swollen]),tag(adj),tokens([swollen])]),punc([inputmatch(['.']),tokens([])])],371/8,[]).
candidates(1,0,0,1,[]).
mappings([map(-1000,[ev(-1000,'C0038999','Swollen','Swelling',[swollen],[fndg],[[[1,1],[1,1],0]],yes,no,['CHV','MTH','SNMI','SNOMEDCT_US'],[371/7],0,0)])]).
'EOU'.
utterance('00000000.tx.7',"Peripheral WBC count and SRP are slightly elevated. ",380/52,[431]).
phrase('Peripheral WBC count',[mod([lexmatch([peripheral]),inputmatch(['Peripheral']),tag(adj),tokens([peripheral])]),mod([lexmatch([wbc]),inputmatch(['WBC']),tag(noun),tokens([wbc])]),head([lexmatch([count]),inputmatch([count]),tag(noun),tokens([count])])],380/20,[]).
candidates(6,0,0,6,[]).
mappings([map(-901,[ev(-660,'C0205100','Peripheral','Peripheral',[peripheral],[spco],[[[1,1],[1,1],0]],no,no,['SNOMEDCT_US'],[380/10],0,0),ev(-901,'C0023508','WBC count','White Blood Cell Count procedure',[wbc,count],[lbpr],[[[2,2],[1,1],0],[[3,3],[2,2],0]],yes,no,['MSH','MTH','NCI','NLMSubSyn','SNOMEDCT_US'],[391/9],0,0)])]).
phrase(and,[conj([lexmatch([and]),inputmatch([and]),tag(conj),tokens([and])])],401/3,[]).
candidates(0,0,0,0,[]).
mappings([]).
phrase('SRP',[head([lexmatch([srp]),inputmatch(['SRP']),tag(noun),tokens([srp])])],405/3,[]).
candidates(3,0,0,3,[]).
mappings([map(-1000,[ev(-1000,'C0074512','SRP','Signal Recognition Particle',[srp],[aapp,bacs],[[[1,1],[1,1],0]],yes,no,['CSP','MTH'],[405/3],0,0)]),map(-1000,[ev(-1000,'C1166846','SRP','Signal recognition particle (sensu Eukaryota) location',[srp],[celc],[[[1,1],[1,1],0]],yes,no,['GO','MTH'],[405/3],0,0)]),map(-1000,[ev(-1000,'C1540159','SRP','UCN2 gene',[srp],[gngm],[[[1,1],[1,1],0]],yes,no,['HGNC','MTH','OMIM'],[405/3],0,0)])]).
phrase(are,[aux([lexmatch([are]),inputmatch([are]),tag(aux),tokens([are])])],409/3,[]).
candidates(0,0,0,0,[]).
mappings([]).
phrase(slightly,[adv([lexmatch([slightly]),inputmatch([slightly]),tag(adv),tokens([slightly])])],413/8,[]).
candidates(1,0,0,1,[]).
mappings([map(-1000,[ev(-1000,'C0750482','Slightly','Slightly',[slightly],[idcn],[[[1,1],[1,1],0]],yes,no,['SNOMEDCT_US'],[413/8],0,0)])]).
phrase('elevated.',[verb([lexmatch([elevated]),inputmatch([elevated]),tag(verb),tokens([elevated])]),punc([inputmatch(['.']),tokens([])])],422/9,[]).
candidates(2,0,0,2,[]).
mappings([map(-1000,[ev(-1000,'C0205250','Elevated','High',[elevated],[qlco],[[[1,1],[1,1],0]],yes,no,['CHV','MTH','NCI','SNOMEDCT_US'],[422/8],0,0)]),map(-1000,[ev(-1000,'C3163633','Elevated','Elevated',[elevated],[qlco],[[[1,1],[1,1],0]],yes,no,['MTH'],[422/8],0,0)])]).
'EOU'.
utterance('00000000.tx.8',"An 8-year-old boy presents with a swollen right knee, lower extremity pain and fever. ",432/86,[]).
phrase('An 8-year-old boy',[det([lexmatch([an]),inputmatch(['An']),tag(det),tokens([an])]),shapes([inputmatch(['8']),features([integer]),tokens(['8'])]),punc([inputmatch([-]),tokens([])]),mod([lexmatch([year]),inputmatch([year]),tag(noun),tokens([year])]),punc([inputmatch([-]),tokens([])]),mod([lexmatch([old]),inputmatch([old]),tag(noun),tokens([old])]),head([lexmatch([boy]),inputmatch([boy]),tag(noun),tokens([boy])])],432/17,[]).
candidates(4,0,0,4,[]).
mappings([map(-775,[ev(-645,'C0439234',year,year,[year],[tmco],[[[2,2],[1,1],0]],no,no,['MTH','NCI','SNOMEDCT_US'],[437/4],0,0),ev(-645,'C0580836','Old','Old',[old],[tmco],[[[3,3],[1,1],0]],no,no,['MTH'],[442/3],0,0),ev(-812,'C0870221','Boy','Male child',[boy],[aggp],[[[4,4],[1,1],0]],yes,no,['CHV','NLMSubSyn','SNOMEDCT_US'],[446/3],0,0)]),map(-775,[ev(-645,'C0439508','/year','per year',[year],[tmco],[[[2,2],[1,1],0]],no,no,['CHV','MTH','NCI','SNOMEDCT_US'],[437/4],0,0),ev(-645,'C0580836','Old','Old',[old],[tmco],[[[3,3],[1,1],0]],no,no,['MTH'],[442/3],0,0),ev(-812,'C0870221','Boy','Male child',[boy],[aggp],[[[4,4],[1,1],0]],yes,no,['CHV','NLMSubSyn','SNOMEDCT_US'],[446/3],0,0)])]).
phrase('presents with a swollen right knee,',[verb([lexmatch([presents]),inputmatch([presents]),tag(verb),tokens([presents])]),prep([lexmatch([with]),inputmatch([with]),tag(prep),tokens([with])]),det([lexmatch([a]),inputmatch([a]),tag(det),tokens([a])]),mod([lexmatch([swollen]),inputmatch([swollen]),tag(adj),tokens([swollen])]),mod([lexmatch(['right knee']),inputmatch([right,knee]),tag(noun),tokens([right,knee])]),punc([inputmatch([',']),tokens([])])],450/35,[]).
candidates(11,0,0,11,[]).
mappings([map(-725,[ev(-753,'C0150312','Present','Present',[present],[qnco],[[[1,1],[1,1],0]],yes,no,['CHV','MTH','NCI'],[450/8],0,0),ev(-783,'C0240130','Swollen knee','Swollen knee',[swollen,knee],[fndg],[[[4,4],[1,1],0],[[6,6],[2,2],0]],yes,no,['CHV','OMIM','SNOMEDCT_US'],[466/7,480/4],0,0),ev(-753,'C0205090','Right','Right',[right],[spco],[[[5,5],[1,1],0]],yes,no,['CHV','LNC','MTH','SNOMEDCT_US'],[474/5],0,0)]),map(-725,[ev(-753,'C0150312','Present','Present',[present],[qnco],[[[1,1],[1,1],0]],yes,no,['CHV','MTH','NCI'],[450/8],0,0),ev(-753,'C0038999','Swollen','Swelling',[swollen],[fndg],[[[4,4],[1,1],0]],yes,no,['CHV','MTH','SNMI','SNOMEDCT_US'],[466/7],0,0),ev(-790,'C0230431','Right knee','Structure of right knee',[right,knee],[bpoc],[[[5,6],[1,2],0]],yes,no,['LNC','MTH','SNOMEDCT_US'],[474/10],0,0)]),map(-725,[ev(-753,'C0150312','Present','Present',[present],[qnco],[[[1,1],[1,1],0]],yes,no,['CHV','MTH','NCI'],[450/8],0,0),ev(-753,'C0038999','Swollen','Swelling',[swollen],[fndg],[[[4,4],[1,1],0]],yes,no,['CHV','MTH','SNMI','SNOMEDCT_US'],[466/7],0,0),ev(-790,'C1279571','Right knee','Entire right knee',[right,knee],[bpoc],[[[5,6],[1,2],0]],yes,no,['MTH','SNOMEDCT_US'],[474/10],0,0)]),map(-725,[ev(-753,'C0449450','Present','Presentation',[present],[idcn],[[[1,1],[1,1],0]],yes,no,['CHV','MTH','NCI'],[450/8],0,0),ev(-783,'C0240130','Swollen knee','Swollen knee',[swollen,knee],[fndg],[[[4,4],[1,1],0],[[6,6],[2,2],0]],yes,no,['CHV','OMIM','SNOMEDCT_US'],[466/7,480/4],0,0),ev(-753,'C0205090','Right','Right',[right],[spco],[[[5,5],[1,1],0]],yes,no,['CHV','LNC','MTH','SNOMEDCT_US'],[474/5],0,0)]),map(-725,[ev(-753,'C0449450','Present','Presentation',[present],[idcn],[[[1,1],[1,1],0]],yes,no,['CHV','MTH','NCI'],[450/8],0,0),ev(-753,'C0038999','Swollen','Swelling',[swollen],[fndg],[[[4,4],[1,1],0]],yes,no,['CHV','MTH','SNMI','SNOMEDCT_US'],[466/7],0,0),ev(-790,'C0230431','Right knee','Structure of right knee',[right,knee],[bpoc],[[[5,6],[1,2],0]],yes,no,['LNC','MTH','SNOMEDCT_US'],[474/10],0,0)]),map(-725,[ev(-753,'C0449450','Present','Presentation',[present],[idcn],[[[1,1],[1,1],0]],yes,no,['CHV','MTH','NCI'],[450/8],0,0),ev(-753,'C0038999','Swollen','Swelling',[swollen],[fndg],[[[4,4],[1,1],0]],yes,no,['CHV','MTH','SNMI','SNOMEDCT_US'],[466/7],0,0),ev(-790,'C1279571','Right knee','Entire right knee',[right,knee],[bpoc],[[[5,6],[1,2],0]],yes,no,['MTH','SNOMEDCT_US'],[474/10],0,0)])]).
phrase('lower extremity pain',[mod([lexmatch(['lower extremity']),inputmatch([lower,extremity]),tag(noun),tokens([lower,extremity])]),head([lexmatch([pain]),inputmatch([pain]),tag(noun),tokens([pain])])],486/20,[]).
candidates(17,8,0,9,[]).
mappings([map(-1000,[ev(-1000,'C0239376','Lower extremity pain','Lower extremity pain',[lower,extremity,pain],[sosy],[[[1,2],[1,2],0],[[3,3],[3,3],0]],yes,no,['CHV','NLMSubSyn','OMIM'],[486/20],0,0)])]).
phrase(and,[conj([lexmatch([and]),inputmatch([and]),tag(conj),tokens([and])])],507/3,[]).
candidates(0,0,0,0,[]).
mappings([]).
phrase('fever.',[head([lexmatch([fever]),inputmatch([fever]),tag(noun),tokens([fever])]),punc([inputmatch(['.']),tokens([])])],511/6,[]).
candidates(1,0,0,1,[]).
mappings([map(-1000,[ev(-1000,'C0015967','Fever','Fever',[fever],[fndg],[[[1,1],[1,1],0]],yes,no,['CHV','CSP','CST','DXP','ICD10CM','MSH','MTH','NCI','NLMSubSyn','SNMI','SNOMEDCT_US'],[511/5],0,0)])]).
'EOU'.
utterance('00000000.tx.9',"The parents report no history of trauma. ",518/41,[]).
phrase('The parents',[det([lexmatch([the]),inputmatch(['The']),tag(det),tokens([the])]),head([lexmatch([parents]),inputmatch([parents]),tag(noun),tokens([parents])])],518/11,[]).
candidates(2,1,0,1,[]).
mappings([map(-1000,[ev(-1000,'C0030551','Parents',parent,[parents],[famg],[[[1,1],[1,1],0]],yes,no,['CHV','MSH','MTH','NCI'],[522/7],0,0)])]).
phrase(report,[verb([lexmatch([report]),inputmatch([report]),tag(verb),tokens([report])])],530/6,[]).
candidates(3,0,0,3,[]).
mappings([map(-1000,[ev(-1000,'C0684224','Report','Report (document)',[report],[inpr],[[[1,1],[1,1],0]],yes,no,['CHV','MSH','MTH','NCI'],[530/6],0,0)]),map(-1000,[ev(-1000,'C0700287','Report','Reporting',[report],[hlca],[[[1,1],[1,1],0]],yes,no,['CHV','LNC','MTH','SNOMEDCT_US'],[530/6],0,0)]),map(-1000,[ev(-1000,'C3273238','Report','Regulatory Report',[report],[inpr],[[[1,1],[1,1],0]],yes,no,['MTH','NCI'],[530/6],0,0)])]).
phrase('no history of trauma.',[det([lexmatch([no]),inputmatch([no]),tag(det),tokens([no])]),head([lexmatch([history]),inputmatch([history]),tag(noun),tokens([history])]),prep([lexmatch([of]),inputmatch([of]),tag(prep),tokens([of])]),mod([lexmatch([trauma]),inputmatch([trauma]),tag(noun),tokens([trauma])]),punc([inputmatch(['.']),tokens([])])],537/21,[]).
candidates(18,2,0,16,[]).
mappings([map(-916,[ev(-909,'C0332122','No history of','No history of',[no,history,of],[qlco],[[[1,1],[1,1],0],[[2,2],[2,2],0],[[3,3],[3,3],0]],yes,no,['NLMSubSyn','SNMI','SNOMEDCT_US'],[537/13],0,0),ev(-604,'C0043250',trauma,'Injury wounds',[trauma],[inpo],[[[4,4],[1,1],0]],no,no,['CHV','MSH','MTH','NCI','NLMSubSyn','SNOMEDCT_US'],[551/6],0,1)]),map(-916,[ev(-909,'C0332122','No history of','No history of',[no,history,of],[qlco],[[[1,1],[1,1],0],[[2,2],[2,2],0],[[3,3],[3,3],0]],yes,no,['NLMSubSyn','SNMI','SNOMEDCT_US'],[537/13],0,0),ev(-604,'C0043251','Trauma','Wounds and Injuries',[trauma],[inpo],[[[4,4],[1,1],0]],no,no,['AOD','CHV','MSH','NLMSubSyn'],[551/6],0,1)]),map(-916,[ev(-909,'C0332122','No history of','No history of',[no,history,of],[qlco],[[[1,1],[1,1],0],[[2,2],[2,2],0],[[3,3],[3,3],0]],yes,no,['NLMSubSyn','SNMI','SNOMEDCT_US'],[537/13],0,0),ev(-604,'C1510467',trauma,'trauma qualifier',[trauma],[inpo],[[[4,4],[1,1],0]],no,no,['MSH','MTH'],[551/6],0,1)]),map(-916,[ev(-909,'C0332122','No history of','No history of',[no,history,of],[qlco],[[[1,1],[1,1],0],[[2,2],[2,2],0],[[3,3],[3,3],0]],yes,no,['NLMSubSyn','SNMI','SNOMEDCT_US'],[537/13],0,0),ev(-604,'C3263723','Trauma','Traumatic injury',[trauma],[inpo],[[[4,4],[1,1],0]],no,no,['CHV','ICD10CM','MEDLINEPLUS','MSH','MTH','NLMSubSyn','SNOMEDCT_US'],[551/6],0,1)])]).
'EOU'.
utterance('00000000.tx.10',"The parents noticed a tick bite several months earlier.",559/55,[]).
phrase('The parents',[det([lexmatch([the]),inputmatch(['The']),tag(det),tokens([the])]),head([lexmatch([parents]),inputmatch([parents]),tag(noun),tokens([parents])])],559/11,[]).
candidates(2,1,0,1,[]).
mappings([map(-1000,[ev(-1000,'C0030551','Parents',parent,[parents],[famg],[[[1,1],[1,1],0]],yes,no,['CHV','MSH','MTH','NCI'],[563/7],0,0)])]).
phrase(noticed,[verb([lexmatch([noticed]),inputmatch([noticed]),tag(verb),tokens([noticed])])],571/7,[]).
candidates(0,0,0,0,[]).
mappings([]).
phrase('a tick',[det([lexmatch([a]),inputmatch([a]),tag(det),tokens([a])]),head([lexmatch([tick]),inputmatch([tick]),tag(noun),tokens([tick])])],579/6,[]).
candidates(1,0,0,1,[]).
mappings([map(-1000,[ev(-1000,'C0040203','Tick, NOS','Ticks',[tick],[euka],[[[1,1],[1,1],0]],yes,no,['CHV','MSH','MTH','SNMI'],[581/4],0,0)])]).
phrase(bite,[verb([lexmatch([bite]),inputmatch([bite]),tag(verb),tokens([bite])])],586/4,[]).
candidates(2,0,0,2,[]).
mappings([map(-1000,[ev(-1000,'C0005658','Bite','bite injury',[bite],[inpo],[[[1,1],[1,1],0]],yes,no,['CHV','MSH','MTH','NLMSubSyn','SNOMEDCT_US'],[586/4],0,0)]),map(-1000,[ev(-1000,'C0011382','Bite','Dental Occlusion',[bite],[ortf],[[[1,1],[1,1],0]],yes,no,['MSH','MTH','NCI','NLMSubSyn','SNOMEDCT_US'],[586/4],0,0)])]).
phrase('several months earlier.',[mod([lexmatch([several]),inputmatch([several]),tag(adj),tokens([several])]),head([lexmatch([months]),inputmatch([months]),tag(noun),tokens([months])]),adv([lexmatch([earlier]),inputmatch([earlier]),tag(adv),tokens([earlier])]),punc([inputmatch(['.']),tokens([])])],591/23,[]).
candidates(5,1,0,4,[]).
mappings([map(-840,[ev(-660,'C0439064','Several','Numerous',[several],[qnco],[[[1,1],[1,1],0]],no,no,['CHV','MTH','NCI','SNOMEDCT_US'],[591/7],0,0),ev(-827,'C0439231',months,month,[months],[tmco],[[[2,2],[1,1],0]],yes,no,['MTH','SNOMEDCT_US'],[599/6],0,0),ev(-627,'C1279919','Early','Early',[early],[tmco],[[[3,3],[1,1],1]],no,no,['CHV','MTH','NLMSubSyn'],[606/7],0,0)]),map(-840,[ev(-660,'C0443302','Several','Several',[several],[qnco],[[[1,1],[1,1],0]],no,no,['MTH'],[591/7],0,0),ev(-827,'C0439231',months,month,[months],[tmco],[[[2,2],[1,1],0]],yes,no,['MTH','SNOMEDCT_US'],[599/6],0,0),ev(-627,'C1279919','Early','Early',[early],[tmco],[[[3,3],[1,1],1]],no,no,['CHV','MTH','NLMSubSyn'],[606/7],0,0)])]).
'EOU'.
'EOT'.
