args('metamap14.BINARY.Darwin --lexicon db -Z 2014AA -qE -Q 4 ../../TREC-CDS/2015-original/29.txt ../../TREC-CDS/2015-original-MMed/29.txt.out',[lexicon-db,mm_data_year-'2014AA',machine_output-[],indicate_citation_end-[],composite_phrases-4,infile-'../../TREC-CDS/2015-original/29.txt',outfile-'../../TREC-CDS/2015-original-MMed/29.txt.out']).
aas([]).
neg_list([negation(nega,'with no',[354/7],['C0332575':'Red'],[350/3])]).
utterance('00000000.tx.1',"treatment. ",0/11,[10]).
phrase('treatment.',[head([lexmatch([treatment]),inputmatch([treatment]),tag(noun),tokens([treatment])]),punc([inputmatch(['.']),tokens([])])],0/10,[]).
candidates(6,0,0,6,[]).
mappings([map(-1000,[ev(-1000,'C0039798',treatment,'therapeutic aspects',[treatment],[ftcn],[[[1,1],[1,1],0]],yes,no,['MSH','MTH','NLMSubSyn'],[0/9],0,0)]),map(-1000,[ev(-1000,'C0087111','Treatment','Therapeutic procedure',[treatment],[topp],[[[1,1],[1,1],0]],yes,no,['AOD','CHV','LNC','MSH','MTH','MTHHH','NCI','NLMSubSyn','SNOMEDCT_US'],[0/9],0,0)]),map(-1000,[ev(-1000,'C1522326','Treatment','Treating',[treatment],[ftcn],[[[1,1],[1,1],0]],yes,no,['MTH','NCI'],[0/9],0,0)]),map(-1000,[ev(-1000,'C1533734','Treatment','Administration procedure',[treatment],[topp],[[[1,1],[1,1],0]],yes,no,['MTH','NCI','NLMSubSyn','SNOMEDCT_US'],[0/9],0,0)]),map(-1000,[ev(-1000,'C1705169','Treatment','Biomaterial Treatment',[treatment],[cnce],[[[1,1],[1,1],0]],yes,no,['MTH','NCI'],[0/9],0,0)]),map(-1000,[ev(-1000,'C3538994','TREATMENT','Treatment Epoch',[treatment],[resa],[[[1,1],[1,1],0]],yes,no,['MTH','NCI','NLMSubSyn'],[0/9],0,0)])]).
'EOU'.
utterance('00000000.tx.2',"A 4-year-old girl presents with persistent fever for the past week. ",11/68,[]).
phrase('A 4-year-old girl',[det([lexmatch([a]),inputmatch(['A']),tag(det),tokens([a])]),shapes([inputmatch(['4']),features([integer]),tokens(['4'])]),punc([inputmatch([-]),tokens([])]),mod([lexmatch([year]),inputmatch([year]),tag(noun),tokens([year])]),punc([inputmatch([-]),tokens([])]),mod([lexmatch([old]),inputmatch([old]),tag(noun),tokens([old])]),head([lexmatch([girl]),inputmatch([girl]),tag(noun),tokens([girl])])],11/17,[]).
candidates(4,0,0,4,[]).
mappings([map(-775,[ev(-645,'C0439234',year,year,[year],[tmco],[[[2,2],[1,1],0]],no,no,['MTH','NCI','SNOMEDCT_US'],[15/4],0,0),ev(-645,'C0580836','Old','Old',[old],[tmco],[[[3,3],[1,1],0]],no,no,['MTH'],[20/3],0,0),ev(-812,'C0870604','Girl','Female child',[girl],[aggp],[[[4,4],[1,1],0]],yes,no,['CHV','NLMSubSyn','SNOMEDCT_US'],[24/4],0,0)]),map(-775,[ev(-645,'C0439508','/year','per year',[year],[tmco],[[[2,2],[1,1],0]],no,no,['CHV','MTH','NCI','SNOMEDCT_US'],[15/4],0,0),ev(-645,'C0580836','Old','Old',[old],[tmco],[[[3,3],[1,1],0]],no,no,['MTH'],[20/3],0,0),ev(-812,'C0870604','Girl','Female child',[girl],[aggp],[[[4,4],[1,1],0]],yes,no,['CHV','NLMSubSyn','SNOMEDCT_US'],[24/4],0,0)])]).
phrase('presents with persistent fever',[verb([lexmatch([presents]),inputmatch([presents]),tag(verb),tokens([presents])]),prep([lexmatch([with]),inputmatch([with]),tag(prep),tokens([with])]),mod([lexmatch([persistent]),inputmatch([persistent]),tag(adj),tokens([persistent])]),mod([lexmatch([fever]),inputmatch([fever]),tag(noun),tokens([fever])])],29/30,[]).
candidates(6,1,0,5,[]).
mappings([map(-783,[ev(-770,'C0150312','Present','Present',[present],[qnco],[[[1,1],[1,1],0]],yes,no,['CHV','MTH','NCI'],[29/8],0,0),ev(-833,'C0476474','Persistent fever','Persistent fever',[persistent,fever],[patf],[[[3,3],[1,1],0],[[4,4],[2,2],0]],yes,no,['ICD10CM','NLMSubSyn'],[43/16],0,0)]),map(-783,[ev(-770,'C0449450','Present','Presentation',[present],[idcn],[[[1,1],[1,1],0]],yes,no,['CHV','MTH','NCI'],[29/8],0,0),ev(-833,'C0476474','Persistent fever','Persistent fever',[persistent,fever],[patf],[[[3,3],[1,1],0],[[4,4],[2,2],0]],yes,no,['ICD10CM','NLMSubSyn'],[43/16],0,0)])]).
phrase('for the past week.',[prep([lexmatch([for]),inputmatch([for]),tag(prep),tokens([for])]),det([lexmatch([the]),inputmatch([the]),tag(det),tokens([the])]),mod([lexmatch([past]),inputmatch([past]),tag(adj),tokens([past])]),head([lexmatch([week]),inputmatch([week]),tag(noun),tokens([week])]),punc([inputmatch(['.']),tokens([])])],60/18,[]).
candidates(4,0,0,4,[]).
mappings([map(-1000,[ev(-1000,'C2987125','Past Week','Past Week',[past,week],[tmco],[[[1,1],[1,1],0],[[2,2],[2,2],0]],yes,no,['NCI'],[68/9],0,0)])]).
'EOU'.
utterance('00000000.tx.3',"The parents report a spike at 104 F. ",79/37,[]).
phrase('The parents',[det([lexmatch([the]),inputmatch(['The']),tag(det),tokens([the])]),head([lexmatch([parents]),inputmatch([parents]),tag(noun),tokens([parents])])],79/11,[]).
candidates(2,1,0,1,[]).
mappings([map(-1000,[ev(-1000,'C0030551','Parents',parent,[parents],[famg],[[[1,1],[1,1],0]],yes,no,['CHV','MSH','MTH','NCI'],[83/7],0,0)])]).
phrase(report,[verb([lexmatch([report]),inputmatch([report]),tag(verb),tokens([report])])],91/6,[]).
candidates(3,0,0,3,[]).
mappings([map(-1000,[ev(-1000,'C0684224','Report','Report (document)',[report],[inpr],[[[1,1],[1,1],0]],yes,no,['CHV','MSH','MTH','NCI'],[91/6],0,0)]),map(-1000,[ev(-1000,'C0700287','Report','Reporting',[report],[hlca],[[[1,1],[1,1],0]],yes,no,['CHV','LNC','MTH','SNOMEDCT_US'],[91/6],0,0)]),map(-1000,[ev(-1000,'C3273238','Report','Regulatory Report',[report],[inpr],[[[1,1],[1,1],0]],yes,no,['MTH','NCI'],[91/6],0,0)])]).
phrase('a spike at 104 F.',[det([lexmatch([a]),inputmatch([a]),tag(det),tokens([a])]),head([lexmatch([spike]),inputmatch([spike]),tag(noun),tokens([spike])]),prep([lexmatch([at]),inputmatch([at]),tag(prep),tokens([at])]),shapes([inputmatch(['104']),features([integer]),tokens(['104'])]),mod([lexmatch([f]),inputmatch(['F']),tag(noun),tokens([f])]),punc([inputmatch(['.']),tokens([])])],98/17,[]).
candidates(1,0,0,1,[]).
mappings([map(-593,[ev(-593,'C0016327','F-','Fluorides',[f],[inch,phsu],[[[5,5],[1,1],0]],no,no,['CHV','MSH','MTH','NCI','SNOMEDCT_US'],[113/1],0,0)])]).
'EOU'.
utterance('00000000.tx.4',"The parents brought the child to the emergency room when they noticed erythematous rash on the girl's trunk. ",116/109,[]).
phrase('The parents',[det([lexmatch([the]),inputmatch(['The']),tag(det),tokens([the])]),head([lexmatch([parents]),inputmatch([parents]),tag(noun),tokens([parents])])],116/11,[]).
candidates(2,1,0,1,[]).
mappings([map(-1000,[ev(-1000,'C0030551','Parents',parent,[parents],[famg],[[[1,1],[1,1],0]],yes,no,['CHV','MSH','MTH','NCI'],[120/7],0,0)])]).
phrase(brought,[verb([lexmatch([brought]),inputmatch([brought]),tag(verb),tokens([brought])])],128/7,[]).
candidates(1,0,0,1,[]).
mappings([map(-1000,[ev(-1000,'C0332302',brought,'Brought on by',[brought],[ftcn],[[[1,1],[1,1],0]],yes,no,['CHV','SNMI'],[128/7],0,0)])]).
phrase('the child to the emergency room',[det([lexmatch([the]),inputmatch([the]),tag(det),tokens([the])]),head([lexmatch([child]),inputmatch([child]),tag(noun),tokens([child])]),prep([lexmatch([to]),inputmatch([to]),tag(prep),tokens([to])]),det([lexmatch([the]),inputmatch([the]),tag(det),tokens([the])]),mod([lexmatch(['emergency room']),inputmatch([emergency,room]),tag(noun),tokens([emergency,room])])],136/31,[]).
candidates(7,0,0,7,[]).
mappings([map(-722,[ev(-753,'C0008059','Child','Child',[child],[aggp],[[[2,2],[1,1],0]],yes,no,['MSH','MTH','SNOMEDCT_US'],[140/5],0,0),ev(-623,'C0562508','Emergency Room','Accident and Emergency department',[emergency,room],[hcro],[[[5,6],[1,2],0]],no,no,['CHV','MSH','MTH','NCI','NLMSubSyn','SNOMEDCT_US'],[153/14],0,0)]),map(-722,[ev(-753,'C0680063','CHILD','Offspring',[child],[famg],[[[2,2],[1,1],0]],yes,no,['AOD','CHV','MTH','NCI'],[140/5],0,0),ev(-623,'C0562508','Emergency Room','Accident and Emergency department',[emergency,room],[hcro],[[[5,6],[1,2],0]],no,no,['CHV','MSH','MTH','NCI','NLMSubSyn','SNOMEDCT_US'],[153/14],0,0)])]).
phrase(when,[conj([lexmatch([when]),inputmatch([when]),tag(conj),tokens([when])])],168/4,[]).
candidates(0,0,0,0,[]).
mappings([]).
phrase(they,[pron([lexmatch([they]),inputmatch([they]),tag(pron),tokens([they])])],173/4,[]).
candidates(0,0,0,0,[]).
mappings([]).
phrase(noticed,[verb([lexmatch([noticed]),inputmatch([noticed]),tag(verb),tokens([noticed])])],178/7,[]).
candidates(0,0,0,0,[]).
mappings([]).
phrase('erythematous rash on the girl\'s trunk.',[mod([lexmatch([erythematous]),inputmatch([erythematous]),tag(adj),tokens([erythematous])]),head([lexmatch([rash]),inputmatch([rash]),tag(noun),tokens([rash])]),prep([lexmatch([on]),inputmatch([on]),tag(prep),tokens([on])]),det([lexmatch([the]),inputmatch([the]),tag(det),tokens([the])]),mod([lexmatch([girl]),inputmatch(['girl\'s']),tag(noun),tokens([girl])]),mod([lexmatch([trunk]),inputmatch([trunk]),tag(noun),tokens([trunk])]),punc([inputmatch(['.']),tokens([])])],186/38,[]).
candidates(10,0,0,10,[]).
mappings([map(-719,[ev(-790,'C0234913','erythematous rash','RASH ERYTHEMATOUS',[erythematous,rash],[fndg],[[[1,1],[1,1],0],[[2,2],[2,2],0]],yes,no,['CHV','CST','NLMSubSyn'],[186/17],0,0),ev(-586,'C0870604','Girl','Female child',[girl],[aggp],[[[5,5],[1,1],0]],no,no,['CHV','NLMSubSyn','SNOMEDCT_US'],[211/6],0,0),ev(-586,'C0225442','Trunk','Trunk of elephant',[trunk],[bpoc],[[[6,6],[1,1],0]],no,no,['CHV','MTH','SNOMEDCT_VET'],[218/5],0,0)]),map(-719,[ev(-790,'C0234913','erythematous rash','RASH ERYTHEMATOUS',[erythematous,rash],[fndg],[[[1,1],[1,1],0],[[2,2],[2,2],0]],yes,no,['CHV','CST','NLMSubSyn'],[186/17],0,0),ev(-586,'C0870604','Girl','Female child',[girl],[aggp],[[[5,5],[1,1],0]],no,no,['CHV','NLMSubSyn','SNOMEDCT_US'],[211/6],0,0),ev(-586,'C0460005','Trunk','Trunk structure',[trunk],[blor],[[[6,6],[1,1],0]],no,no,['FMA','ICF','MSH','MTH','SNOMEDCT_US'],[218/5],0,0)]),map(-719,[ev(-790,'C0234913','erythematous rash','RASH ERYTHEMATOUS',[erythematous,rash],[fndg],[[[1,1],[1,1],0],[[2,2],[2,2],0]],yes,no,['CHV','CST','NLMSubSyn'],[186/17],0,0),ev(-586,'C0870604','Girl','Female child',[girl],[aggp],[[[5,5],[1,1],0]],no,no,['CHV','NLMSubSyn','SNOMEDCT_US'],[211/6],0,0),ev(-586,'C1280632','Trunk','Entire trunk',[trunk],[bpoc],[[[6,6],[1,1],0]],no,no,['MTH','NLMSubSyn','SNOMEDCT_US'],[218/5],0,0)]),map(-719,[ev(-790,'C0234913','erythematous rash','RASH ERYTHEMATOUS',[erythematous,rash],[fndg],[[[1,1],[1,1],0],[[2,2],[2,2],0]],yes,no,['CHV','CST','NLMSubSyn'],[186/17],0,0),ev(-586,'C0870604','Girl','Female child',[girl],[aggp],[[[5,5],[1,1],0]],no,no,['CHV','NLMSubSyn','SNOMEDCT_US'],[211/6],0,0),ev(-586,'C1523842',trunk,'dendritic shaft',[trunk],[celc],[[[6,6],[1,1],0]],no,no,['GO','MTH','NLMSubSyn'],[218/5],0,0)]),map(-719,[ev(-790,'C0234913','erythematous rash','RASH ERYTHEMATOUS',[erythematous,rash],[fndg],[[[1,1],[1,1],0],[[2,2],[2,2],0]],yes,no,['CHV','CST','NLMSubSyn'],[186/17],0,0),ev(-586,'C0870604','Girl','Female child',[girl],[aggp],[[[5,5],[1,1],0]],no,no,['CHV','NLMSubSyn','SNOMEDCT_US'],[211/6],0,0),ev(-586,'C2700369','Trunk','Trunk of plant',[trunk],[plnt],[[[6,6],[1,1],0]],no,no,['MTH','NCI'],[218/5],0,0)]),map(-719,[ev(-586,'C0332476','Erythematous','Erythematous',[erythematous],[ftcn],[[[1,1],[1,1],0]],no,no,['SNMI'],[186/12],0,0),ev(-586,'C0870604','Girl','Female child',[girl],[aggp],[[[5,5],[1,1],0]],no,no,['CHV','NLMSubSyn','SNOMEDCT_US'],[211/6],0,0),ev(-783,'C0241502','TRUNK RASH','TRUNK RASH',[trunk,rash],[fndg],[[[6,6],[1,1],0],[[2,2],[2,2],0]],yes,no,['CHV','DXP'],[199/4,218/5],0,0)])]).
'EOU'.
utterance('00000000.tx.5',"Physical examination reveals strawberry red tongue, red and cracked lips, and swollen red hands. ",225/97,[]).
phrase('Physical examination',[head([lexmatch(['physical examination']),inputmatch(['Physical',examination]),tag(noun),tokens([physical,examination])])],225/20,[]).
candidates(4,0,0,4,[]).
mappings([map(-1000,[ev(-1000,'C0031809','Physical Examination','Physical Examination',[physical,examination],[hlca],[[[1,2],[1,2],0]],yes,no,['AIR','CHV','ICD9CM','MSH','MTH','NCI','NLMSubSyn','SNMI','SNOMEDCT_US'],[225/20],0,0)])]).
phrase(reveals,[verb([lexmatch([reveals]),inputmatch([reveals]),tag(verb),tokens([reveals])])],246/7,[]).
candidates(1,0,0,1,[]).
mappings([map(-1000,[ev(-1000,'C0443289',reveal,'Revealed',[reveal],[qlco],[[[1,1],[1,1],0]],yes,no,['CHV','SNOMEDCT_US'],[246/7],0,0)])]).
phrase('strawberry red tongue,',[mod([lexmatch([strawberry]),inputmatch([strawberry]),tag(noun),tokens([strawberry])]),mod([lexmatch([red]),inputmatch([red]),tag(adj),tokens([red])]),head([lexmatch([tongue]),inputmatch([tongue]),tag(noun),tokens([tongue])]),punc([inputmatch([',']),tokens([])])],254/22,[]).
candidates(12,3,0,9,[]).
mappings([map(-901,[ev(-913,'C0241262','Strawberry tongue','Strawberry tongue',[strawberry,tongue],[dsyn],[[[1,1],[1,1],0],[[3,3],[2,2],0]],yes,no,['MTH','QMR'],[254/10,269/6],0,0),ev(-660,'C0332575','Red','Redness',[red],[fndg],[[[2,2],[1,1],0]],no,no,['MTH','SNM','SNOMEDCT_US'],[265/3],0,0)]),map(-901,[ev(-913,'C0241262','Strawberry tongue','Strawberry tongue',[strawberry,tongue],[dsyn],[[[1,1],[1,1],0],[[3,3],[2,2],0]],yes,no,['MTH','QMR'],[254/10,269/6],0,0),ev(-660,'C1260956','Red','Red color',[red],[qlco],[[[2,2],[1,1],0]],no,no,['CHV','MTH','SNOMEDCT_US'],[265/3],0,0)]),map(-901,[ev(-660,'C0457802','Strawberry','Strawberries',[strawberry],[food],[[[1,1],[1,1],0]],no,no,['MSH','MTH'],[254/10],0,0),ev(-901,'C3672008','Red tongue','Red tongue',[red,tongue],[fndg],[[[2,2],[1,1],0],[[3,3],[2,2],0]],yes,no,['SNOMEDCT_VET'],[265/10],0,0)]),map(-901,[ev(-660,'C0982164','STRAWBERRY','Strawberry Flavor',[strawberry],[food],[[[1,1],[1,1],0]],no,no,['CHV','MTH','MTHSPL','NCI'],[254/10],0,0),ev(-901,'C3672008','Red tongue','Red tongue',[red,tongue],[fndg],[[[2,2],[1,1],0],[[3,3],[2,2],0]],yes,no,['SNOMEDCT_VET'],[265/10],0,0)]),map(-901,[ev(-660,'C1138844',strawberry,'Fragaria x ananassa',[strawberry],[plnt],[[[1,1],[1,1],0]],no,no,['CHV','MTH','NCBI'],[254/10],0,0),ev(-901,'C3672008','Red tongue','Red tongue',[red,tongue],[fndg],[[[2,2],[1,1],0],[[3,3],[2,2],0]],yes,no,['SNOMEDCT_VET'],[265/10],0,0)])]).
phrase(red,[head([lexmatch([red]),inputmatch([red]),tag(noun),tokens([red])])],277/3,[]).
candidates(2,0,0,2,[]).
mappings([map(-1000,[ev(-1000,'C0332575','Red','Redness',[red],[fndg],[[[1,1],[1,1],0]],yes,no,['MTH','SNM','SNOMEDCT_US'],[277/3],0,0)]),map(-1000,[ev(-1000,'C1260956','Red','Red color',[red],[qlco],[[[1,1],[1,1],0]],yes,no,['CHV','MTH','SNOMEDCT_US'],[277/3],0,0)])]).
phrase(and,[conj([lexmatch([and]),inputmatch([and]),tag(conj),tokens([and])])],281/3,[]).
candidates(0,0,0,0,[]).
mappings([]).
phrase(cracked,[verb([lexmatch([cracked]),inputmatch([cracked]),tag(verb),tokens([cracked])])],285/7,[]).
candidates(1,0,0,1,[]).
mappings([map(-1000,[ev(-1000,'C1706353','Cracked','Crack',[cracked],[fndg],[[[1,1],[1,1],0]],yes,no,['MTH','NCI'],[285/7],0,0)])]).
phrase('lips,',[head([lexmatch([lips]),inputmatch([lips]),tag(noun),tokens([lips])]),punc([inputmatch([',']),tokens([])])],293/5,[]).
candidates(5,4,0,1,[]).
mappings([map(-1000,[ev(-1000,'C0023759','LIPS','Lip structure',[lips],[bpoc],[[[1,1],[1,1],0]],yes,no,['CHV','FMA','ICF','MSH','MTH','NLMSubSyn','SNMI','SNOMEDCT_US','SNOMEDCT_VET'],[293/4],0,0)])]).
phrase(and,[conj([lexmatch([and]),inputmatch([and]),tag(conj),tokens([and])])],299/3,[]).
candidates(0,0,0,0,[]).
mappings([]).
phrase('swollen red hands.',[mod([lexmatch([swollen]),inputmatch([swollen]),tag(adj),tokens([swollen])]),mod([lexmatch([red]),inputmatch([red]),tag(adj),tokens([red])]),head([lexmatch([hands]),inputmatch([hands]),tag(noun),tokens([hands])]),punc([inputmatch(['.']),tokens([])])],303/18,[]).
candidates(9,4,0,5,[]).
mappings([map(-890,[ev(-896,'C0575805','Swollen hand','swelling of hands (finding)',[swollen,hand],[fndg],[[[1,1],[1,1],0],[[3,3],[2,2],1]],yes,no,['CHV','MTH','NLMSubSyn','SNOMEDCT_US'],[303/7,315/5],0,0),ev(-660,'C0332575','Red','Redness',[red],[fndg],[[[2,2],[1,1],0]],no,no,['MTH','SNM','SNOMEDCT_US'],[311/3],0,0)]),map(-890,[ev(-896,'C0575805','Swollen hand','swelling of hands (finding)',[swollen,hand],[fndg],[[[1,1],[1,1],0],[[3,3],[2,2],1]],yes,no,['CHV','MTH','NLMSubSyn','SNOMEDCT_US'],[303/7,315/5],0,0),ev(-660,'C1260956','Red','Red color',[red],[qlco],[[[2,2],[1,1],0]],no,no,['CHV','MTH','SNOMEDCT_US'],[311/3],0,0)])]).
'EOU'.
utterance('00000000.tx.6',"The whites of both eyes are red with no discharge. ",322/51,[372]).
phrase('The whites of both eyes',[det([lexmatch([the]),inputmatch(['The']),tag(det),tokens([the])]),head([lexmatch([whites]),inputmatch([whites]),tag(noun),tokens([whites])]),prep([lexmatch([of]),inputmatch([of]),tag(prep),tokens([of])]),det([lexmatch([both]),inputmatch([both]),tag(det),tokens([both])]),mod([lexmatch([eyes]),inputmatch([eyes]),tag(noun),tokens([eyes])])],322/23,[]).
candidates(12,7,0,5,[]).
mappings([map(-822,[ev(-822,'C0036410','White of eye','Sclera',[white,of,eye],[bpoc],[[[2,2],[1,1],1],[[3,3],[2,2],0],[[5,5],[3,3],1]],yes,no,['CHV','MSH','MTH','NCI','SNMI','SNOMEDCT_US'],[326/9,341/4],0,0)])]).
phrase(are,[aux([lexmatch([are]),inputmatch([are]),tag(aux),tokens([are])])],346/3,[]).
candidates(0,0,0,0,[]).
mappings([]).
phrase('red with no discharge.',[head([lexmatch([red]),inputmatch([red]),tag(adj),tokens([red])]),prep([lexmatch([with]),inputmatch([with]),tag(prep),tokens([with])]),det([lexmatch([no]),inputmatch([no]),tag(det),tokens([no])]),mod([lexmatch([discharge]),inputmatch([discharge]),tag(noun),tokens([discharge])]),punc([inputmatch(['.']),tokens([])])],350/22,[]).
candidates(5,0,0,5,[]).
mappings([map(-708,[ev(-770,'C0332575','Red','Redness',[red],[fndg],[[[1,1],[1,1],0]],yes,no,['MTH','SNM','SNOMEDCT_US'],[350/3],0,1),ev(-604,'C0012621','Discharge','Body Fluid Discharge',[discharge],[bdsu],[[[4,4],[1,1],0]],no,no,['CHV','MTH','NCI','NLMSubSyn','SNM','SNOMEDCT_US'],[362/9],0,0)]),map(-708,[ev(-770,'C0332575','Red','Redness',[red],[fndg],[[[1,1],[1,1],0]],yes,no,['MTH','SNM','SNOMEDCT_US'],[350/3],0,1),ev(-604,'C0030685','Discharge','Patient Discharge',[discharge],[hlca],[[[4,4],[1,1],0]],no,no,['LNC','MTH','NCI','NLMSubSyn','SNMI','SNOMEDCT_US'],[362/9],0,0)]),map(-708,[ev(-770,'C0332575','Red','Redness',[red],[fndg],[[[1,1],[1,1],0]],yes,no,['MTH','SNM','SNOMEDCT_US'],[350/3],0,1),ev(-604,'C2926602','Discharge','Discharge, body substance',[discharge],[bdsu],[[[4,4],[1,1],0]],no,no,['MTH','NCI'],[362/9],0,0)]),map(-708,[ev(-770,'C1260956','Red','Red color',[red],[qlco],[[[1,1],[1,1],0]],yes,no,['CHV','MTH','SNOMEDCT_US'],[350/3],0,0),ev(-604,'C0012621','Discharge','Body Fluid Discharge',[discharge],[bdsu],[[[4,4],[1,1],0]],no,no,['CHV','MTH','NCI','NLMSubSyn','SNM','SNOMEDCT_US'],[362/9],0,0)]),map(-708,[ev(-770,'C1260956','Red','Red color',[red],[qlco],[[[1,1],[1,1],0]],yes,no,['CHV','MTH','SNOMEDCT_US'],[350/3],0,0),ev(-604,'C0030685','Discharge','Patient Discharge',[discharge],[hlca],[[[4,4],[1,1],0]],no,no,['LNC','MTH','NCI','NLMSubSyn','SNMI','SNOMEDCT_US'],[362/9],0,0)]),map(-708,[ev(-770,'C1260956','Red','Red color',[red],[qlco],[[[1,1],[1,1],0]],yes,no,['CHV','MTH','SNOMEDCT_US'],[350/3],0,0),ev(-604,'C2926602','Discharge','Discharge, body substance',[discharge],[bdsu],[[[4,4],[1,1],0]],no,no,['MTH','NCI'],[362/9],0,0)])]).
'EOU'.
utterance('00000000.tx.7',"A 4-year-old girl with persistent high fever, skin rash, strawberry tongue, swollen red hands, and bilateral nonexudative conjunctivitis.",373/137,[]).
phrase('A 4-year-old girl with persistent high fever,',[det([lexmatch([a]),inputmatch(['A']),tag(det),tokens([a])]),shapes([inputmatch(['4']),features([integer]),tokens(['4'])]),punc([inputmatch([-]),tokens([])]),mod([lexmatch([year]),inputmatch([year]),tag(noun),tokens([year])]),punc([inputmatch([-]),tokens([])]),mod([lexmatch([old]),inputmatch([old]),tag(noun),tokens([old])]),head([lexmatch([girl]),inputmatch([girl]),tag(noun),tokens([girl])]),prep([lexmatch([with]),inputmatch([with]),tag(prep),tokens([with])]),mod([lexmatch([persistent]),inputmatch([persistent]),tag(adj),tokens([persistent])]),mod([lexmatch([high]),inputmatch([high]),tag(adj),tokens([high])]),mod([lexmatch([fever]),inputmatch([fever]),tag(noun),tokens([fever])]),punc([inputmatch([',']),tokens([])])],373/45,[]).
candidates(12,1,0,11,[]).
mappings([map(-685,[ev(-575,'C0439234',year,year,[year],[tmco],[[[3,3],[1,1],0]],no,no,['MTH','NCI','SNOMEDCT_US'],[377/4],0,0),ev(-575,'C0580836','Old','Old',[old],[tmco],[[[4,4],[1,1],0]],no,no,['MTH'],[382/3],0,0),ev(-742,'C0870604','Girl','Female child',[girl],[aggp],[[[5,5],[1,1],0]],yes,no,['CHV','NLMSubSyn','SNOMEDCT_US'],[386/4],0,0),ev(-595,'C0476474','Persistent fever','Persistent fever',[persistent,fever],[patf],[[[7,7],[1,1],0],[[9,9],[2,2],0]],no,no,['ICD10CM','NLMSubSyn'],[396/10,412/5],0,0),ev(-575,'C0205250','High','High',[high],[qlco],[[[8,8],[1,1],0]],no,no,['CHV','MTH','NCI','SNOMEDCT_US'],[407/4],0,0)]),map(-685,[ev(-575,'C0439234',year,year,[year],[tmco],[[[3,3],[1,1],0]],no,no,['MTH','NCI','SNOMEDCT_US'],[377/4],0,0),ev(-575,'C0580836','Old','Old',[old],[tmco],[[[4,4],[1,1],0]],no,no,['MTH'],[382/3],0,0),ev(-742,'C0870604','Girl','Female child',[girl],[aggp],[[[5,5],[1,1],0]],yes,no,['CHV','NLMSubSyn','SNOMEDCT_US'],[386/4],0,0),ev(-595,'C0476474','Persistent fever','Persistent fever',[persistent,fever],[patf],[[[7,7],[1,1],0],[[9,9],[2,2],0]],no,no,['ICD10CM','NLMSubSyn'],[396/10,412/5],0,0),ev(-575,'C1299351','High','Abnormally high',[high],[qlco],[[[8,8],[1,1],0]],no,no,['HL7V3.0','MTH'],[407/4],0,0)]),map(-685,[ev(-575,'C0439234',year,year,[year],[tmco],[[[3,3],[1,1],0]],no,no,['MTH','NCI','SNOMEDCT_US'],[377/4],0,0),ev(-575,'C0580836','Old','Old',[old],[tmco],[[[4,4],[1,1],0]],no,no,['MTH'],[382/3],0,0),ev(-742,'C0870604','Girl','Female child',[girl],[aggp],[[[5,5],[1,1],0]],yes,no,['CHV','NLMSubSyn','SNOMEDCT_US'],[386/4],0,0),ev(-595,'C0476474','Persistent fever','Persistent fever',[persistent,fever],[patf],[[[7,7],[1,1],0],[[9,9],[2,2],0]],no,no,['ICD10CM','NLMSubSyn'],[396/10,412/5],0,0),ev(-575,'C2700149','HIGH','Value Above Reference Range',[high],[inpr],[[[8,8],[1,1],0]],no,no,['MTH','NCI'],[407/4],0,0)]),map(-685,[ev(-575,'C0439234',year,year,[year],[tmco],[[[3,3],[1,1],0]],no,no,['MTH','NCI','SNOMEDCT_US'],[377/4],0,0),ev(-575,'C0580836','Old','Old',[old],[tmco],[[[4,4],[1,1],0]],no,no,['MTH'],[382/3],0,0),ev(-742,'C0870604','Girl','Female child',[girl],[aggp],[[[5,5],[1,1],0]],yes,no,['CHV','NLMSubSyn','SNOMEDCT_US'],[386/4],0,0),ev(-575,'C0205322','Persistent','Persistent',[persistent],[tmco],[[[7,7],[1,1],0]],no,no,['SNMI'],[396/10],0,0),ev(-598,'C0743973','high fever','FEVER HIGH (finding)',[high,fever],[fndg],[[[8,8],[1,1],0],[[9,9],[2,2],0]],no,no,['CHV','MTH','NLMSubSyn'],[407/10],0,0)]),map(-685,[ev(-575,'C0439508','/year','per year',[year],[tmco],[[[3,3],[1,1],0]],no,no,['CHV','MTH','NCI','SNOMEDCT_US'],[377/4],0,0),ev(-575,'C0580836','Old','Old',[old],[tmco],[[[4,4],[1,1],0]],no,no,['MTH'],[382/3],0,0),ev(-742,'C0870604','Girl','Female child',[girl],[aggp],[[[5,5],[1,1],0]],yes,no,['CHV','NLMSubSyn','SNOMEDCT_US'],[386/4],0,0),ev(-595,'C0476474','Persistent fever','Persistent fever',[persistent,fever],[patf],[[[7,7],[1,1],0],[[9,9],[2,2],0]],no,no,['ICD10CM','NLMSubSyn'],[396/10,412/5],0,0),ev(-575,'C0205250','High','High',[high],[qlco],[[[8,8],[1,1],0]],no,no,['CHV','MTH','NCI','SNOMEDCT_US'],[407/4],0,0)]),map(-685,[ev(-575,'C0439508','/year','per year',[year],[tmco],[[[3,3],[1,1],0]],no,no,['CHV','MTH','NCI','SNOMEDCT_US'],[377/4],0,0),ev(-575,'C0580836','Old','Old',[old],[tmco],[[[4,4],[1,1],0]],no,no,['MTH'],[382/3],0,0),ev(-742,'C0870604','Girl','Female child',[girl],[aggp],[[[5,5],[1,1],0]],yes,no,['CHV','NLMSubSyn','SNOMEDCT_US'],[386/4],0,0),ev(-595,'C0476474','Persistent fever','Persistent fever',[persistent,fever],[patf],[[[7,7],[1,1],0],[[9,9],[2,2],0]],no,no,['ICD10CM','NLMSubSyn'],[396/10,412/5],0,0),ev(-575,'C1299351','High','Abnormally high',[high],[qlco],[[[8,8],[1,1],0]],no,no,['HL7V3.0','MTH'],[407/4],0,0)]),map(-685,[ev(-575,'C0439508','/year','per year',[year],[tmco],[[[3,3],[1,1],0]],no,no,['CHV','MTH','NCI','SNOMEDCT_US'],[377/4],0,0),ev(-575,'C0580836','Old','Old',[old],[tmco],[[[4,4],[1,1],0]],no,no,['MTH'],[382/3],0,0),ev(-742,'C0870604','Girl','Female child',[girl],[aggp],[[[5,5],[1,1],0]],yes,no,['CHV','NLMSubSyn','SNOMEDCT_US'],[386/4],0,0),ev(-595,'C0476474','Persistent fever','Persistent fever',[persistent,fever],[patf],[[[7,7],[1,1],0],[[9,9],[2,2],0]],no,no,['ICD10CM','NLMSubSyn'],[396/10,412/5],0,0),ev(-575,'C2700149','HIGH','Value Above Reference Range',[high],[inpr],[[[8,8],[1,1],0]],no,no,['MTH','NCI'],[407/4],0,0)]),map(-685,[ev(-575,'C0439508','/year','per year',[year],[tmco],[[[3,3],[1,1],0]],no,no,['CHV','MTH','NCI','SNOMEDCT_US'],[377/4],0,0),ev(-575,'C0580836','Old','Old',[old],[tmco],[[[4,4],[1,1],0]],no,no,['MTH'],[382/3],0,0),ev(-742,'C0870604','Girl','Female child',[girl],[aggp],[[[5,5],[1,1],0]],yes,no,['CHV','NLMSubSyn','SNOMEDCT_US'],[386/4],0,0),ev(-575,'C0205322','Persistent','Persistent',[persistent],[tmco],[[[7,7],[1,1],0]],no,no,['SNMI'],[396/10],0,0),ev(-598,'C0743973','high fever','FEVER HIGH (finding)',[high,fever],[fndg],[[[8,8],[1,1],0],[[9,9],[2,2],0]],no,no,['CHV','MTH','NLMSubSyn'],[407/10],0,0)])]).
phrase('skin rash,',[head([lexmatch(['skin rash']),inputmatch([skin,rash]),tag(noun),tokens([skin,rash])]),punc([inputmatch([',']),tokens([])])],419/10,[]).
candidates(9,4,0,5,[]).
mappings([map(-1000,[ev(-1000,'C0015230','Skin Rash','Exanthema',[skin,rash],[dsyn],[[[1,2],[1,2],0]],yes,no,['CHV','LNC','MSH','MTH','OMIM','SNOMEDCT_US'],[419/9],0,0)])]).
phrase('strawberry tongue,',[head([lexmatch(['strawberry tongue']),inputmatch([strawberry,tongue]),tag(noun),tokens([strawberry,tongue])]),punc([inputmatch([',']),tokens([])])],430/18,[]).
candidates(9,3,0,6,[]).
mappings([map(-1000,[ev(-1000,'C0241262','Strawberry tongue','Strawberry tongue',[strawberry,tongue],[dsyn],[[[1,2],[1,2],0]],yes,no,['MTH','QMR'],[430/17],0,0)])]).
phrase('swollen red hands,',[mod([lexmatch([swollen]),inputmatch([swollen]),tag(adj),tokens([swollen])]),mod([lexmatch([red]),inputmatch([red]),tag(adj),tokens([red])]),head([lexmatch([hands]),inputmatch([hands]),tag(noun),tokens([hands])]),punc([inputmatch([',']),tokens([])])],449/18,[]).
candidates(9,4,0,5,[]).
mappings([map(-890,[ev(-896,'C0575805','Swollen hand','swelling of hands (finding)',[swollen,hand],[fndg],[[[1,1],[1,1],0],[[3,3],[2,2],1]],yes,no,['CHV','MTH','NLMSubSyn','SNOMEDCT_US'],[449/7,461/5],0,0),ev(-660,'C0332575','Red','Redness',[red],[fndg],[[[2,2],[1,1],0]],no,no,['MTH','SNM','SNOMEDCT_US'],[457/3],0,0)]),map(-890,[ev(-896,'C0575805','Swollen hand','swelling of hands (finding)',[swollen,hand],[fndg],[[[1,1],[1,1],0],[[3,3],[2,2],1]],yes,no,['CHV','MTH','NLMSubSyn','SNOMEDCT_US'],[449/7,461/5],0,0),ev(-660,'C1260956','Red','Red color',[red],[qlco],[[[2,2],[1,1],0]],no,no,['CHV','MTH','SNOMEDCT_US'],[457/3],0,0)])]).
phrase(and,[conj([lexmatch([and]),inputmatch([and]),tag(conj),tokens([and])])],468/3,[]).
candidates(0,0,0,0,[]).
mappings([]).
phrase('bilateral nonexudative conjunctivitis.',[mod([lexmatch([bilateral]),inputmatch([bilateral]),tag(adj),tokens([bilateral])]),mod([lexmatch([nonexudative]),inputmatch([nonexudative]),tag(adj),tokens([nonexudative])]),head([lexmatch([conjunctivitis]),inputmatch([conjunctivitis]),tag(noun),tokens([conjunctivitis])]),punc([inputmatch(['.']),tokens([])])],472/38,[]).
candidates(3,0,0,3,[]).
mappings([map(-861,[ev(-660,'C0238767','Bilateral','Bilateral',[bilateral],[spco],[[[1,1],[1,1],0]],no,no,['MTH','SNOMEDCT_US'],[472/9],0,0),ev(-660,'C0205299','Non-exudative','Non-exudative',[non,exudative],[ftcn],[[[2,2],[1,2],0]],no,no,['SNOMEDCT_US'],[482/12],0,0),ev(-827,'C0009763','Conjunctivitis','Conjunctivitis',[conjunctivitis],[dsyn],[[[3,3],[1,1],0]],yes,no,['CHV','ICD10CM','MSH','NLMSubSyn','SNOMEDCT_US','SNOMEDCT_VET'],[495/14],0,0)])]).
'EOU'.
'EOT'.
