args('metamap14.BINARY.Darwin --lexicon db -Z 2014AA -qE -Q 4 ../../TREC-CDS/2015-original/30.txt ../../TREC-CDS/2015-original-MMed/30.txt.out',[lexicon-db,mm_data_year-'2014AA',machine_output-[],indicate_citation_end-[],composite_phrases-4,infile-'../../TREC-CDS/2015-original/30.txt',outfile-'../../TREC-CDS/2015-original-MMed/30.txt.out']).
aas([]).
neg_list([]).
utterance('00000000.tx.1',"treatment. ",0/11,[10]).
phrase('treatment.',[head([lexmatch([treatment]),inputmatch([treatment]),tag(noun),tokens([treatment])]),punc([inputmatch(['.']),tokens([])])],0/10,[]).
candidates(6,0,0,6,[]).
mappings([map(-1000,[ev(-1000,'C0039798',treatment,'therapeutic aspects',[treatment],[ftcn],[[[1,1],[1,1],0]],yes,no,['MSH','MTH','NLMSubSyn'],[0/9],0,0)]),map(-1000,[ev(-1000,'C0087111','Treatment','Therapeutic procedure',[treatment],[topp],[[[1,1],[1,1],0]],yes,no,['AOD','CHV','LNC','MSH','MTH','MTHHH','NCI','NLMSubSyn','SNOMEDCT_US'],[0/9],0,0)]),map(-1000,[ev(-1000,'C1522326','Treatment','Treating',[treatment],[ftcn],[[[1,1],[1,1],0]],yes,no,['MTH','NCI'],[0/9],0,0)]),map(-1000,[ev(-1000,'C1533734','Treatment','Administration procedure',[treatment],[topp],[[[1,1],[1,1],0]],yes,no,['MTH','NCI','NLMSubSyn','SNOMEDCT_US'],[0/9],0,0)]),map(-1000,[ev(-1000,'C1705169','Treatment','Biomaterial Treatment',[treatment],[cnce],[[[1,1],[1,1],0]],yes,no,['MTH','NCI'],[0/9],0,0)]),map(-1000,[ev(-1000,'C3538994','TREATMENT','Treatment Epoch',[treatment],[resa],[[[1,1],[1,1],0]],yes,no,['MTH','NCI','NLMSubSyn'],[0/9],0,0)])]).
'EOU'.
utterance('00000000.tx.2',"A 47 year old male who fell on his outstretched left arm presents with pain and bruising on the inside and outside of the elbow, swelling, and inability to bend the arm. ",11/170,[]).
phrase('A 47 year old male',[det([lexmatch([a]),inputmatch(['A']),tag(det),tokens([a])]),shapes([inputmatch(['47']),features([integer]),tokens(['47'])]),mod([lexmatch([year]),inputmatch([year]),tag(noun),tokens([year])]),mod([lexmatch([old]),inputmatch([old]),tag(noun),tokens([old])]),head([lexmatch([male]),inputmatch([male]),tag(noun),tokens([male])])],11/18,[]).
candidates(8,0,0,8,[]).
mappings([map(-775,[ev(-645,'C0439234',year,year,[year],[tmco],[[[2,2],[1,1],0]],no,no,['MTH','NCI','SNOMEDCT_US'],[16/4],0,0),ev(-645,'C0580836','Old','Old',[old],[tmco],[[[3,3],[1,1],0]],no,no,['MTH'],[21/3],0,0),ev(-812,'C0024554','Male','Male gender',[male],[orga],[[[4,4],[1,1],0]],yes,no,['CHV','DXP','MSH','MTH','NCI','NLMSubSyn','QMR','SNOMEDCT_US'],[25/4],0,0)]),map(-775,[ev(-645,'C0439234',year,year,[year],[tmco],[[[2,2],[1,1],0]],no,no,['MTH','NCI','SNOMEDCT_US'],[16/4],0,0),ev(-645,'C0580836','Old','Old',[old],[tmco],[[[3,3],[1,1],0]],no,no,['MTH'],[21/3],0,0),ev(-812,'C0086582',male,'Males',[male],[popg],[[[4,4],[1,1],0]],yes,no,['CHV','MTH'],[25/4],0,0)]),map(-775,[ev(-645,'C0439234',year,year,[year],[tmco],[[[2,2],[1,1],0]],no,no,['MTH','NCI','SNOMEDCT_US'],[16/4],0,0),ev(-645,'C0580836','Old','Old',[old],[tmco],[[[3,3],[1,1],0]],no,no,['MTH'],[21/3],0,0),ev(-812,'C1706180','Male','Male Gender, Self Report',[male],[qlco],[[[4,4],[1,1],0]],yes,no,['MTH','NCI'],[25/4],0,0)]),map(-775,[ev(-645,'C0439234',year,year,[year],[tmco],[[[2,2],[1,1],0]],no,no,['MTH','NCI','SNOMEDCT_US'],[16/4],0,0),ev(-645,'C0580836','Old','Old',[old],[tmco],[[[3,3],[1,1],0]],no,no,['MTH'],[21/3],0,0),ev(-812,'C1706428','Male','Male Phenotype',[male],[qlco],[[[4,4],[1,1],0]],yes,no,['MTH','NCI'],[25/4],0,0)]),map(-775,[ev(-645,'C0439234',year,year,[year],[tmco],[[[2,2],[1,1],0]],no,no,['MTH','NCI','SNOMEDCT_US'],[16/4],0,0),ev(-645,'C0580836','Old','Old',[old],[tmco],[[[3,3],[1,1],0]],no,no,['MTH'],[21/3],0,0),ev(-812,'C1706429','Male','Male, Self-Reported',[male],[orga],[[[4,4],[1,1],0]],yes,no,['MTH','NCI'],[25/4],0,0)]),map(-775,[ev(-645,'C0439508','/year','per year',[year],[tmco],[[[2,2],[1,1],0]],no,no,['CHV','MTH','NCI','SNOMEDCT_US'],[16/4],0,0),ev(-645,'C0580836','Old','Old',[old],[tmco],[[[3,3],[1,1],0]],no,no,['MTH'],[21/3],0,0),ev(-812,'C0024554','Male','Male gender',[male],[orga],[[[4,4],[1,1],0]],yes,no,['CHV','DXP','MSH','MTH','NCI','NLMSubSyn','QMR','SNOMEDCT_US'],[25/4],0,0)]),map(-775,[ev(-645,'C0439508','/year','per year',[year],[tmco],[[[2,2],[1,1],0]],no,no,['CHV','MTH','NCI','SNOMEDCT_US'],[16/4],0,0),ev(-645,'C0580836','Old','Old',[old],[tmco],[[[3,3],[1,1],0]],no,no,['MTH'],[21/3],0,0),ev(-812,'C0086582',male,'Males',[male],[popg],[[[4,4],[1,1],0]],yes,no,['CHV','MTH'],[25/4],0,0)]),map(-775,[ev(-645,'C0439508','/year','per year',[year],[tmco],[[[2,2],[1,1],0]],no,no,['CHV','MTH','NCI','SNOMEDCT_US'],[16/4],0,0),ev(-645,'C0580836','Old','Old',[old],[tmco],[[[3,3],[1,1],0]],no,no,['MTH'],[21/3],0,0),ev(-812,'C1706180','Male','Male Gender, Self Report',[male],[qlco],[[[4,4],[1,1],0]],yes,no,['MTH','NCI'],[25/4],0,0)]),map(-775,[ev(-645,'C0439508','/year','per year',[year],[tmco],[[[2,2],[1,1],0]],no,no,['CHV','MTH','NCI','SNOMEDCT_US'],[16/4],0,0),ev(-645,'C0580836','Old','Old',[old],[tmco],[[[3,3],[1,1],0]],no,no,['MTH'],[21/3],0,0),ev(-812,'C1706428','Male','Male Phenotype',[male],[qlco],[[[4,4],[1,1],0]],yes,no,['MTH','NCI'],[25/4],0,0)]),map(-775,[ev(-645,'C0439508','/year','per year',[year],[tmco],[[[2,2],[1,1],0]],no,no,['CHV','MTH','NCI','SNOMEDCT_US'],[16/4],0,0),ev(-645,'C0580836','Old','Old',[old],[tmco],[[[3,3],[1,1],0]],no,no,['MTH'],[21/3],0,0),ev(-812,'C1706429','Male','Male, Self-Reported',[male],[orga],[[[4,4],[1,1],0]],yes,no,['MTH','NCI'],[25/4],0,0)])]).
phrase(who,[pron([lexmatch([who]),inputmatch([who]),tag(pron),tokens([who])])],30/3,[]).
candidates(0,0,0,0,[]).
mappings([]).
phrase('fell on his outstretched left arm',[verb([lexmatch([fell]),inputmatch([fell]),tag(verb),tokens([fell])]),prep([lexmatch([on]),inputmatch([on]),tag(prep),tokens([on])]),pron([lexmatch([his]),inputmatch([his]),tag(pron),tokens([his])]),mod([lexmatch([outstretched]),inputmatch([outstretched]),tag(adj),tokens([outstretched])]),mod([lexmatch(['left arm']),inputmatch([left,arm]),tag(noun),tokens([left,arm])])],34/33,[]).
candidates(14,3,0,11,[]).
mappings([map(-701,[ev(-719,'C0085639','Fall','Falls',[fall],[fndg],[[[1,1],[1,1],1]],yes,no,['CHV','DXP','ICD9CM','MTH','NLMSubSyn','SNOMEDCT_US'],[34/4],0,0),ev(-753,'C0019602','His','Histidine',[his],[aapp,bacs,phsu],[[[3,3],[1,1],0]],yes,no,['MSH','MTH','NCI'],[42/3],0,0),ev(-790,'C0230347','Left arm','Left upper arm structure',[left,arm],[bpoc],[[[5,6],[1,2],0]],yes,no,['CHV','FMA','LNC','MTH','NLMSubSyn','SNOMEDCT_US'],[59/8],0,0)]),map(-701,[ev(-719,'C0085639','Fall','Falls',[fall],[fndg],[[[1,1],[1,1],1]],yes,no,['CHV','DXP','ICD9CM','MTH','NLMSubSyn','SNOMEDCT_US'],[34/4],0,0),ev(-753,'C0019602','His','Histidine',[his],[aapp,bacs,phsu],[[[3,3],[1,1],0]],yes,no,['MSH','MTH','NCI'],[42/3],0,0),ev(-790,'C1268256','Left arm','Entire left upper arm',[left,arm],[bpoc],[[[5,6],[1,2],0]],yes,no,['MTH','NLMSubSyn','SNOMEDCT_US'],[59/8],0,0)]),map(-701,[ev(-719,'C0085639','Fall','Falls',[fall],[fndg],[[[1,1],[1,1],1]],yes,no,['CHV','DXP','ICD9CM','MTH','NLMSubSyn','SNOMEDCT_US'],[34/4],0,0),ev(-753,'C1412323','HIS','AKR1B10 gene',[his],[gngm],[[[3,3],[1,1],0]],yes,no,['HGNC','MTH','OMIM'],[42/3],0,0),ev(-790,'C0230347','Left arm','Left upper arm structure',[left,arm],[bpoc],[[[5,6],[1,2],0]],yes,no,['CHV','FMA','LNC','MTH','NLMSubSyn','SNOMEDCT_US'],[59/8],0,0)]),map(-701,[ev(-719,'C0085639','Fall','Falls',[fall],[fndg],[[[1,1],[1,1],1]],yes,no,['CHV','DXP','ICD9CM','MTH','NLMSubSyn','SNOMEDCT_US'],[34/4],0,0),ev(-753,'C1412323','HIS','AKR1B10 gene',[his],[gngm],[[[3,3],[1,1],0]],yes,no,['HGNC','MTH','OMIM'],[42/3],0,0),ev(-790,'C1268256','Left arm','Entire left upper arm',[left,arm],[bpoc],[[[5,6],[1,2],0]],yes,no,['MTH','NLMSubSyn','SNOMEDCT_US'],[59/8],0,0)]),map(-701,[ev(-719,'C0238715','Fall','Autumn',[fall],[tmco],[[[1,1],[1,1],1]],yes,no,['MTH','NCI'],[34/4],0,0),ev(-753,'C0019602','His','Histidine',[his],[aapp,bacs,phsu],[[[3,3],[1,1],0]],yes,no,['MSH','MTH','NCI'],[42/3],0,0),ev(-790,'C0230347','Left arm','Left upper arm structure',[left,arm],[bpoc],[[[5,6],[1,2],0]],yes,no,['CHV','FMA','LNC','MTH','NLMSubSyn','SNOMEDCT_US'],[59/8],0,0)]),map(-701,[ev(-719,'C0238715','Fall','Autumn',[fall],[tmco],[[[1,1],[1,1],1]],yes,no,['MTH','NCI'],[34/4],0,0),ev(-753,'C0019602','His','Histidine',[his],[aapp,bacs,phsu],[[[3,3],[1,1],0]],yes,no,['MSH','MTH','NCI'],[42/3],0,0),ev(-790,'C1268256','Left arm','Entire left upper arm',[left,arm],[bpoc],[[[5,6],[1,2],0]],yes,no,['MTH','NLMSubSyn','SNOMEDCT_US'],[59/8],0,0)]),map(-701,[ev(-719,'C0238715','Fall','Autumn',[fall],[tmco],[[[1,1],[1,1],1]],yes,no,['MTH','NCI'],[34/4],0,0),ev(-753,'C1412323','HIS','AKR1B10 gene',[his],[gngm],[[[3,3],[1,1],0]],yes,no,['HGNC','MTH','OMIM'],[42/3],0,0),ev(-790,'C0230347','Left arm','Left upper arm structure',[left,arm],[bpoc],[[[5,6],[1,2],0]],yes,no,['CHV','FMA','LNC','MTH','NLMSubSyn','SNOMEDCT_US'],[59/8],0,0)]),map(-701,[ev(-719,'C0238715','Fall','Autumn',[fall],[tmco],[[[1,1],[1,1],1]],yes,no,['MTH','NCI'],[34/4],0,0),ev(-753,'C1412323','HIS','AKR1B10 gene',[his],[gngm],[[[3,3],[1,1],0]],yes,no,['HGNC','MTH','OMIM'],[42/3],0,0),ev(-790,'C1268256','Left arm','Entire left upper arm',[left,arm],[bpoc],[[[5,6],[1,2],0]],yes,no,['MTH','NLMSubSyn','SNOMEDCT_US'],[59/8],0,0)])]).
phrase('presents with pain',[verb([lexmatch([presents]),inputmatch([presents]),tag(verb),tokens([presents])]),prep([lexmatch([with]),inputmatch([with]),tag(prep),tokens([with])]),mod([lexmatch([pain]),inputmatch([pain]),tag(noun),tokens([pain])])],68/18,[]).
candidates(4,0,0,4,[]).
mappings([map(-746,[ev(-790,'C0150312','Present','Present',[present],[qnco],[[[1,1],[1,1],0]],yes,no,['CHV','MTH','NCI'],[68/8],0,0),ev(-790,'C0030193','Pain','Pain',[pain],[sosy],[[[3,3],[1,1],0]],yes,no,['AOD','CHV','LNC','MTH','NLMSubSyn','SNMI','SNOMEDCT_US'],[82/4],0,0)]),map(-746,[ev(-790,'C0150312','Present','Present',[present],[qnco],[[[1,1],[1,1],0]],yes,no,['CHV','MTH','NCI'],[68/8],0,0),ev(-790,'C1962977','Pain NOS','Pain NOS Adverse Event',[pain],[fndg],[[[3,3],[1,1],0]],yes,no,['MTH','NCI'],[82/4],0,0)]),map(-746,[ev(-790,'C0449450','Present','Presentation',[present],[idcn],[[[1,1],[1,1],0]],yes,no,['CHV','MTH','NCI'],[68/8],0,0),ev(-790,'C0030193','Pain','Pain',[pain],[sosy],[[[3,3],[1,1],0]],yes,no,['AOD','CHV','LNC','MTH','NLMSubSyn','SNMI','SNOMEDCT_US'],[82/4],0,0)]),map(-746,[ev(-790,'C0449450','Present','Presentation',[present],[idcn],[[[1,1],[1,1],0]],yes,no,['CHV','MTH','NCI'],[68/8],0,0),ev(-790,'C1962977','Pain NOS','Pain NOS Adverse Event',[pain],[fndg],[[[3,3],[1,1],0]],yes,no,['MTH','NCI'],[82/4],0,0)])]).
phrase(and,[conj([lexmatch([and]),inputmatch([and]),tag(conj),tokens([and])])],87/3,[]).
candidates(0,0,0,0,[]).
mappings([]).
phrase('bruising on the inside',[head([lexmatch([bruising]),inputmatch([bruising]),tag(noun),tokens([bruising])]),prep([lexmatch([on]),inputmatch([on]),tag(prep),tokens([on])]),det([lexmatch([the]),inputmatch([the]),tag(det),tokens([the])]),mod([lexmatch([inside]),inputmatch([inside]),tag(adj),tokens([inside])])],91/22,[]).
candidates(1,0,0,1,[]).
mappings([map(-770,[ev(-770,'C0009938','Bruising','Contusions',[bruising],[inpo],[[[1,1],[1,1],0]],yes,no,['CHV','ICD9CM','MEDLINEPLUS','MSH','MTH','SNM','SNMI','SNOMEDCT_US'],[91/8],0,0)])]).
phrase('and outside of the elbow,',[conj([lexmatch([and]),inputmatch([and]),tag(conj),tokens([and])]),prep([lexmatch(['outside of']),inputmatch([outside,of]),tag(prep),tokens([outside,of])]),det([lexmatch([the]),inputmatch([the]),tag(det),tokens([the])]),mod([lexmatch([elbow]),inputmatch([elbow]),tag(noun),tokens([elbow])]),punc([inputmatch([',']),tokens([])])],114/25,[]).
candidates(9,4,0,5,[]).
mappings([map(-696,[ev(-760,'C1515981','And','And',[and],[idcn],[[[1,1],[1,1],0]],yes,no,['MTH'],[114/3],0,0),ev(-760,'C0205101','Outside','Extrinsic',[outside],[spco],[[[2,2],[1,1],0]],yes,no,['MTH','NCI','SNOMEDCT_US'],[118/7],0,0),ev(-760,'C0013769','Elbow','Elbow',[elbow],[blor],[[[5,5],[1,1],0]],yes,no,['FMA','MSH','MTH','SNOMEDCT_US'],[133/5],0,0)]),map(-696,[ev(-760,'C1515981','And','And',[and],[idcn],[[[1,1],[1,1],0]],yes,no,['MTH'],[114/3],0,0),ev(-760,'C0205101','Outside','Extrinsic',[outside],[spco],[[[2,2],[1,1],0]],yes,no,['MTH','NCI','SNOMEDCT_US'],[118/7],0,0),ev(-760,'C0013770','Elbow','Elbow joint structure',[elbow],[bsoj],[[[5,5],[1,1],0]],yes,no,['FMA','MSH','MTH','NLMSubSyn','SNOMEDCT_VET'],[133/5],0,0)]),map(-696,[ev(-760,'C1515981','And','And',[and],[idcn],[[[1,1],[1,1],0]],yes,no,['MTH'],[114/3],0,0),ev(-760,'C0205101','Outside','Extrinsic',[outside],[spco],[[[2,2],[1,1],0]],yes,no,['MTH','NCI','SNOMEDCT_US'],[118/7],0,0),ev(-760,'C1305417','Elbow','Entire elbow region',[elbow],[bpoc],[[[5,5],[1,1],0]],yes,no,['MTH','SNOMEDCT_US'],[133/5],0,0)])]).
phrase(swelling,[verb([lexmatch([swelling]),inputmatch([swelling]),tag(verb),tokens([swelling])])],140/8,[]).
candidates(2,0,0,2,[]).
mappings([map(-1000,[ev(-1000,'C0013604','SWELLING','Edema',[swelling],[patf],[[[1,1],[1,1],0]],yes,no,['CHV','CST','ICD10CM','MSH','MTH','NLMSubSyn','SNMI','SNOMEDCT_US','SNOMEDCT_VET'],[140/8],0,0)]),map(-1000,[ev(-1000,'C0038999','Swelling','Swelling',[swelling],[fndg],[[[1,1],[1,1],0]],yes,no,['CHV','MTH','SNMI','SNOMEDCT_US'],[140/8],0,0)])]).
phrase(',',[punc([inputmatch([',']),tokens([])])],148/1,[]).
candidates(0,0,0,0,[]).
mappings([]).
phrase(and,[conj([lexmatch([and]),inputmatch([and]),tag(conj),tokens([and])])],150/3,[]).
candidates(0,0,0,0,[]).
mappings([]).
phrase('inability to',[head([lexmatch([inability]),inputmatch([inability]),tag(noun),tokens([inability])]),adv([lexmatch([to]),inputmatch([to]),tag(adv),tokens([to])])],154/12,[]).
candidates(0,0,0,0,[]).
mappings([]).
phrase(bend,[verb([lexmatch([bend]),inputmatch([bend]),tag(verb),tokens([bend])])],167/4,[]).
candidates(2,0,0,2,[]).
mappings([map(-1000,[ev(-1000,'C0011119',bend,'Decompression Sickness',[bend],[dsyn],[[[1,1],[1,1],0]],yes,no,['CHV','DXP','MSH','MTH','NLMSubSyn','SNOMEDCT_US'],[167/4],0,0)]),map(-1000,[ev(-1000,'C0700231',bend,'Does bend',[bend],[fndg],[[[1,1],[1,1],0]],yes,no,['CHV','SNOMEDCT_US'],[167/4],0,0)])]).
phrase('the arm.',[det([lexmatch([the]),inputmatch([the]),tag(det),tokens([the])]),head([lexmatch([arm]),inputmatch([arm]),tag(noun),tokens([arm])]),punc([inputmatch(['.']),tokens([])])],172/8,[]).
candidates(6,3,0,3,[]).
mappings([map(-1000,[ev(-1000,'C0446516','Arm','Upper arm',[arm],[blor],[[[1,1],[1,1],0]],yes,no,['FMA','ICF','MSH','MTH','NLMSubSyn','SNOMEDCT_US','SNOMEDCT_VET'],[176/3],0,0)]),map(-1000,[ev(-1000,'C1269078','Arm','Entire upper limb',[arm],[bpoc],[[[1,1],[1,1],0]],yes,no,['MTH','NLMSubSyn','SNOMEDCT_US'],[176/3],0,0)]),map(-1000,[ev(-1000,'C1269612','Arm','Entire upper arm',[arm],[blor],[[[1,1],[1,1],0]],yes,no,['MTH','NLMSubSyn','SNOMEDCT_US'],[176/3],0,0)])]).
'EOU'.
utterance('00000000.tx.3',"On the x-ray, the ulna has dislocated posteriorly from the trochlea of the humerus. ",181/84,[]).
phrase('On the x-ray,',[prep([lexmatch([on]),inputmatch(['On']),tag(prep),tokens([on])]),det([lexmatch([the]),inputmatch([the]),tag(det),tokens([the])]),head([lexmatch(['x-ray']),inputmatch([x,-,ray]),tag(noun),tokens([x,ray])]),punc([inputmatch([',']),tokens([])])],181/13,[]).
candidates(8,0,0,8,[]).
mappings([map(-1000,[ev(-1000,'C0034571','X-ray',roentgenographic,[x,ray],[ftcn],[[[1,2],[1,2],0]],yes,no,['MSH','MTH'],[188/5],0,0)]),map(-1000,[ev(-1000,'C0043299','X-ray, NOS','Diagnostic radiologic examination',[x,ray],[diap],[[[1,2],[1,2],0]],yes,no,['CHV','MEDLINEPLUS','MSH','MTH','NLMSubSyn','PDQ','SNMI','SNOMEDCT_US'],[188/5],0,0)]),map(-1000,[ev(-1000,'C0043309','X-ray','Roentgen Rays',[x,ray],[npop],[[[1,2],[1,2],0]],yes,no,['CHV','MSH','MTH','NCI','NLMSubSyn','SNOMEDCT_US'],[188/5],0,0)]),map(-1000,[ev(-1000,'C1306645','X-ray','Plain x-ray',[x,ray],[diap],[[[1,2],[1,2],0]],yes,no,['CHV','MTH','NLMSubSyn','SNOMEDCT_US'],[188/5],0,0)]),map(-1000,[ev(-1000,'C1962945','X-ray','Radiographic imaging procedure',[x,ray],[diap],[[[1,2],[1,2],0]],yes,no,['COSTAR','LNC','MSH','MTH','NCI','NLMSubSyn','SNOMEDCT_US'],[188/5],0,0)])]).
phrase('the ulna',[det([lexmatch([the]),inputmatch([the]),tag(det),tokens([the])]),head([lexmatch([ulna]),inputmatch([ulna]),tag(noun),tokens([ulna])])],195/8,[]).
candidates(7,5,0,2,[]).
mappings([map(-1000,[ev(-1000,'C0041600','Ulna','Bone structure of ulna',[ulna],[bpoc],[[[1,1],[1,1],0]],yes,no,['CHV','FMA','HL7V2.5','MSH','MTH','NCI'],[199/4],0,0)]),map(-1000,[ev(-1000,'C1279087','Ulna','Entire ulna',[ulna],[bpoc],[[[1,1],[1,1],0]],yes,no,['MTH','NLMSubSyn','SNOMEDCT_US'],[199/4],0,0)])]).
phrase(has,[aux([lexmatch([has]),inputmatch([has]),tag(aux),tokens([has])])],204/3,[]).
candidates(0,0,0,0,[]).
mappings([]).
phrase(dislocated,[verb([lexmatch([dislocated]),inputmatch([dislocated]),tag(verb),tokens([dislocated])])],208/10,[]).
candidates(2,0,0,2,[]).
mappings([map(-1000,[ev(-1000,'C0332766','Dislocated','Dislocated (qualifier value)',[dislocated],[spco],[[[1,1],[1,1],0]],yes,no,['CHV','SNOMEDCT_US'],[208/10],0,0)]),map(-1000,[ev(-1000,'C1881753','DISLOCATED','Medical Device or Device Component Dislodged or Dislocated',[dislocated],[phpr],[[[1,1],[1,1],0]],yes,no,['NCI'],[208/10],0,0)])]).
phrase('posteriorly from the trochlea of the humerus.',[adv([lexmatch([posteriorly]),inputmatch([posteriorly]),tag(adv),tokens([posteriorly])]),prep([lexmatch([from]),inputmatch([from]),tag(prep),tokens([from])]),det([lexmatch([the]),inputmatch([the]),tag(det),tokens([the])]),mod([lexmatch([trochlea]),inputmatch([trochlea]),tag(noun),tokens([trochlea])]),prep([lexmatch([of]),inputmatch([of]),tag(prep),tokens([of])]),det([lexmatch([the]),inputmatch([the]),tag(det),tokens([the])]),mod([lexmatch([humerus]),inputmatch([humerus]),tag(noun),tokens([humerus])]),punc([inputmatch(['.']),tokens([])])],219/45,[]).
candidates(4,0,0,4,[]).
mappings([map(-804,[ev(-804,'C0223689','Trochlea of humerus','Structure of trochlea of humerus',[trochlea,of,humerus],[bpoc],[[[4,4],[1,1],0],[[5,5],[2,2],0],[[7,7],[3,3],0]],yes,no,['FMA','MTH','SNOMEDCT_US'],[240/11,256/7],0,0)]),map(-804,[ev(-804,'C1281362','Trochlea of humerus','Entire trochlea of humerus',[trochlea,of,humerus],[bpoc],[[[4,4],[1,1],0],[[5,5],[2,2],0],[[7,7],[3,3],0]],yes,no,['MTH','SNOMEDCT_US'],[240/11,256/7],0,0)])]).
'EOU'.
utterance('00000000.tx.4',"The radius has dislocated from the capitulum of the humerus. ",265/61,[325]).
phrase('The radius',[det([lexmatch([the]),inputmatch(['The']),tag(det),tokens([the])]),head([lexmatch([radius]),inputmatch([radius]),tag(noun),tokens([radius])])],265/10,[]).
candidates(3,0,0,3,[]).
mappings([map(-1000,[ev(-1000,'C0034627','Radius','Bone structure of radius',[radius],[bpoc],[[[1,1],[1,1],0]],yes,no,['CHV','FMA','MSH','MTH','NCI'],[269/6],0,0)]),map(-1000,[ev(-1000,'C1279083','Radius','Entire radius',[radius],[bpoc],[[[1,1],[1,1],0]],yes,no,['MTH','NLMSubSyn','SNOMEDCT_US'],[269/6],0,0)]),map(-1000,[ev(-1000,'C1306504','Radius','Geometric radius',[radius],[qnco],[[[1,1],[1,1],0]],yes,no,['MTH','SNOMEDCT_US'],[269/6],0,0)])]).
phrase(has,[aux([lexmatch([has]),inputmatch([has]),tag(aux),tokens([has])])],276/3,[]).
candidates(0,0,0,0,[]).
mappings([]).
phrase('dislocated from the capitulum of the humerus.',[verb([lexmatch([dislocated]),inputmatch([dislocated]),tag(verb),tokens([dislocated])]),prep([lexmatch([from]),inputmatch([from]),tag(prep),tokens([from])]),det([lexmatch([the]),inputmatch([the]),tag(det),tokens([the])]),mod([lexmatch([capitulum]),inputmatch([capitulum]),tag(noun),tokens([capitulum])]),prep([lexmatch([of]),inputmatch([of]),tag(prep),tokens([of])]),det([lexmatch([the]),inputmatch([the]),tag(det),tokens([the])]),mod([lexmatch([humerus]),inputmatch([humerus]),tag(noun),tokens([humerus])]),punc([inputmatch(['.']),tokens([])])],280/45,[]).
candidates(6,0,0,6,[]).
mappings([map(-747,[ev(-748,'C0332766','Dislocated','Dislocated (qualifier value)',[dislocated],[spco],[[[1,1],[1,1],0]],yes,no,['CHV','SNOMEDCT_US'],[280/10],0,0),ev(-804,'C0223688','Capitulum of humerus','Structure of capitulum of humerus',[capitulum,of,humerus],[bpoc],[[[4,4],[1,1],0],[[5,5],[2,2],0],[[7,7],[3,3],0]],yes,no,['FMA','SNOMEDCT_US'],[300/12,317/7],0,0)]),map(-747,[ev(-748,'C1881753','DISLOCATED','Medical Device or Device Component Dislodged or Dislocated',[dislocated],[phpr],[[[1,1],[1,1],0]],yes,no,['NCI'],[280/10],0,0),ev(-804,'C0223688','Capitulum of humerus','Structure of capitulum of humerus',[capitulum,of,humerus],[bpoc],[[[4,4],[1,1],0],[[5,5],[2,2],0],[[7,7],[3,3],0]],yes,no,['FMA','SNOMEDCT_US'],[300/12,317/7],0,0)])]).
'EOU'.
utterance('00000000.tx.5',"A 47 year old male who fell on his outstretched left arm presents with pain, swelling, and inability to bend the arm. ",326/118,[]).
phrase('A 47 year old male',[det([lexmatch([a]),inputmatch(['A']),tag(det),tokens([a])]),shapes([inputmatch(['47']),features([integer]),tokens(['47'])]),mod([lexmatch([year]),inputmatch([year]),tag(noun),tokens([year])]),mod([lexmatch([old]),inputmatch([old]),tag(noun),tokens([old])]),head([lexmatch([male]),inputmatch([male]),tag(noun),tokens([male])])],326/18,[]).
candidates(8,0,0,8,[]).
mappings([map(-775,[ev(-645,'C0439234',year,year,[year],[tmco],[[[2,2],[1,1],0]],no,no,['MTH','NCI','SNOMEDCT_US'],[331/4],0,0),ev(-645,'C0580836','Old','Old',[old],[tmco],[[[3,3],[1,1],0]],no,no,['MTH'],[336/3],0,0),ev(-812,'C0024554','Male','Male gender',[male],[orga],[[[4,4],[1,1],0]],yes,no,['CHV','DXP','MSH','MTH','NCI','NLMSubSyn','QMR','SNOMEDCT_US'],[340/4],0,0)]),map(-775,[ev(-645,'C0439234',year,year,[year],[tmco],[[[2,2],[1,1],0]],no,no,['MTH','NCI','SNOMEDCT_US'],[331/4],0,0),ev(-645,'C0580836','Old','Old',[old],[tmco],[[[3,3],[1,1],0]],no,no,['MTH'],[336/3],0,0),ev(-812,'C0086582',male,'Males',[male],[popg],[[[4,4],[1,1],0]],yes,no,['CHV','MTH'],[340/4],0,0)]),map(-775,[ev(-645,'C0439234',year,year,[year],[tmco],[[[2,2],[1,1],0]],no,no,['MTH','NCI','SNOMEDCT_US'],[331/4],0,0),ev(-645,'C0580836','Old','Old',[old],[tmco],[[[3,3],[1,1],0]],no,no,['MTH'],[336/3],0,0),ev(-812,'C1706180','Male','Male Gender, Self Report',[male],[qlco],[[[4,4],[1,1],0]],yes,no,['MTH','NCI'],[340/4],0,0)]),map(-775,[ev(-645,'C0439234',year,year,[year],[tmco],[[[2,2],[1,1],0]],no,no,['MTH','NCI','SNOMEDCT_US'],[331/4],0,0),ev(-645,'C0580836','Old','Old',[old],[tmco],[[[3,3],[1,1],0]],no,no,['MTH'],[336/3],0,0),ev(-812,'C1706428','Male','Male Phenotype',[male],[qlco],[[[4,4],[1,1],0]],yes,no,['MTH','NCI'],[340/4],0,0)]),map(-775,[ev(-645,'C0439234',year,year,[year],[tmco],[[[2,2],[1,1],0]],no,no,['MTH','NCI','SNOMEDCT_US'],[331/4],0,0),ev(-645,'C0580836','Old','Old',[old],[tmco],[[[3,3],[1,1],0]],no,no,['MTH'],[336/3],0,0),ev(-812,'C1706429','Male','Male, Self-Reported',[male],[orga],[[[4,4],[1,1],0]],yes,no,['MTH','NCI'],[340/4],0,0)]),map(-775,[ev(-645,'C0439508','/year','per year',[year],[tmco],[[[2,2],[1,1],0]],no,no,['CHV','MTH','NCI','SNOMEDCT_US'],[331/4],0,0),ev(-645,'C0580836','Old','Old',[old],[tmco],[[[3,3],[1,1],0]],no,no,['MTH'],[336/3],0,0),ev(-812,'C0024554','Male','Male gender',[male],[orga],[[[4,4],[1,1],0]],yes,no,['CHV','DXP','MSH','MTH','NCI','NLMSubSyn','QMR','SNOMEDCT_US'],[340/4],0,0)]),map(-775,[ev(-645,'C0439508','/year','per year',[year],[tmco],[[[2,2],[1,1],0]],no,no,['CHV','MTH','NCI','SNOMEDCT_US'],[331/4],0,0),ev(-645,'C0580836','Old','Old',[old],[tmco],[[[3,3],[1,1],0]],no,no,['MTH'],[336/3],0,0),ev(-812,'C0086582',male,'Males',[male],[popg],[[[4,4],[1,1],0]],yes,no,['CHV','MTH'],[340/4],0,0)]),map(-775,[ev(-645,'C0439508','/year','per year',[year],[tmco],[[[2,2],[1,1],0]],no,no,['CHV','MTH','NCI','SNOMEDCT_US'],[331/4],0,0),ev(-645,'C0580836','Old','Old',[old],[tmco],[[[3,3],[1,1],0]],no,no,['MTH'],[336/3],0,0),ev(-812,'C1706180','Male','Male Gender, Self Report',[male],[qlco],[[[4,4],[1,1],0]],yes,no,['MTH','NCI'],[340/4],0,0)]),map(-775,[ev(-645,'C0439508','/year','per year',[year],[tmco],[[[2,2],[1,1],0]],no,no,['CHV','MTH','NCI','SNOMEDCT_US'],[331/4],0,0),ev(-645,'C0580836','Old','Old',[old],[tmco],[[[3,3],[1,1],0]],no,no,['MTH'],[336/3],0,0),ev(-812,'C1706428','Male','Male Phenotype',[male],[qlco],[[[4,4],[1,1],0]],yes,no,['MTH','NCI'],[340/4],0,0)]),map(-775,[ev(-645,'C0439508','/year','per year',[year],[tmco],[[[2,2],[1,1],0]],no,no,['CHV','MTH','NCI','SNOMEDCT_US'],[331/4],0,0),ev(-645,'C0580836','Old','Old',[old],[tmco],[[[3,3],[1,1],0]],no,no,['MTH'],[336/3],0,0),ev(-812,'C1706429','Male','Male, Self-Reported',[male],[orga],[[[4,4],[1,1],0]],yes,no,['MTH','NCI'],[340/4],0,0)])]).
phrase(who,[pron([lexmatch([who]),inputmatch([who]),tag(pron),tokens([who])])],345/3,[]).
candidates(0,0,0,0,[]).
mappings([]).
phrase('fell on his outstretched left arm',[verb([lexmatch([fell]),inputmatch([fell]),tag(verb),tokens([fell])]),prep([lexmatch([on]),inputmatch([on]),tag(prep),tokens([on])]),pron([lexmatch([his]),inputmatch([his]),tag(pron),tokens([his])]),mod([lexmatch([outstretched]),inputmatch([outstretched]),tag(adj),tokens([outstretched])]),mod([lexmatch(['left arm']),inputmatch([left,arm]),tag(noun),tokens([left,arm])])],349/33,[]).
candidates(14,3,0,11,[]).
mappings([map(-701,[ev(-719,'C0085639','Fall','Falls',[fall],[fndg],[[[1,1],[1,1],1]],yes,no,['CHV','DXP','ICD9CM','MTH','NLMSubSyn','SNOMEDCT_US'],[349/4],0,0),ev(-753,'C0019602','His','Histidine',[his],[aapp,bacs,phsu],[[[3,3],[1,1],0]],yes,no,['MSH','MTH','NCI'],[357/3],0,0),ev(-790,'C0230347','Left arm','Left upper arm structure',[left,arm],[bpoc],[[[5,6],[1,2],0]],yes,no,['CHV','FMA','LNC','MTH','NLMSubSyn','SNOMEDCT_US'],[374/8],0,0)]),map(-701,[ev(-719,'C0085639','Fall','Falls',[fall],[fndg],[[[1,1],[1,1],1]],yes,no,['CHV','DXP','ICD9CM','MTH','NLMSubSyn','SNOMEDCT_US'],[349/4],0,0),ev(-753,'C0019602','His','Histidine',[his],[aapp,bacs,phsu],[[[3,3],[1,1],0]],yes,no,['MSH','MTH','NCI'],[357/3],0,0),ev(-790,'C1268256','Left arm','Entire left upper arm',[left,arm],[bpoc],[[[5,6],[1,2],0]],yes,no,['MTH','NLMSubSyn','SNOMEDCT_US'],[374/8],0,0)]),map(-701,[ev(-719,'C0085639','Fall','Falls',[fall],[fndg],[[[1,1],[1,1],1]],yes,no,['CHV','DXP','ICD9CM','MTH','NLMSubSyn','SNOMEDCT_US'],[349/4],0,0),ev(-753,'C1412323','HIS','AKR1B10 gene',[his],[gngm],[[[3,3],[1,1],0]],yes,no,['HGNC','MTH','OMIM'],[357/3],0,0),ev(-790,'C0230347','Left arm','Left upper arm structure',[left,arm],[bpoc],[[[5,6],[1,2],0]],yes,no,['CHV','FMA','LNC','MTH','NLMSubSyn','SNOMEDCT_US'],[374/8],0,0)]),map(-701,[ev(-719,'C0085639','Fall','Falls',[fall],[fndg],[[[1,1],[1,1],1]],yes,no,['CHV','DXP','ICD9CM','MTH','NLMSubSyn','SNOMEDCT_US'],[349/4],0,0),ev(-753,'C1412323','HIS','AKR1B10 gene',[his],[gngm],[[[3,3],[1,1],0]],yes,no,['HGNC','MTH','OMIM'],[357/3],0,0),ev(-790,'C1268256','Left arm','Entire left upper arm',[left,arm],[bpoc],[[[5,6],[1,2],0]],yes,no,['MTH','NLMSubSyn','SNOMEDCT_US'],[374/8],0,0)]),map(-701,[ev(-719,'C0238715','Fall','Autumn',[fall],[tmco],[[[1,1],[1,1],1]],yes,no,['MTH','NCI'],[349/4],0,0),ev(-753,'C0019602','His','Histidine',[his],[aapp,bacs,phsu],[[[3,3],[1,1],0]],yes,no,['MSH','MTH','NCI'],[357/3],0,0),ev(-790,'C0230347','Left arm','Left upper arm structure',[left,arm],[bpoc],[[[5,6],[1,2],0]],yes,no,['CHV','FMA','LNC','MTH','NLMSubSyn','SNOMEDCT_US'],[374/8],0,0)]),map(-701,[ev(-719,'C0238715','Fall','Autumn',[fall],[tmco],[[[1,1],[1,1],1]],yes,no,['MTH','NCI'],[349/4],0,0),ev(-753,'C0019602','His','Histidine',[his],[aapp,bacs,phsu],[[[3,3],[1,1],0]],yes,no,['MSH','MTH','NCI'],[357/3],0,0),ev(-790,'C1268256','Left arm','Entire left upper arm',[left,arm],[bpoc],[[[5,6],[1,2],0]],yes,no,['MTH','NLMSubSyn','SNOMEDCT_US'],[374/8],0,0)]),map(-701,[ev(-719,'C0238715','Fall','Autumn',[fall],[tmco],[[[1,1],[1,1],1]],yes,no,['MTH','NCI'],[349/4],0,0),ev(-753,'C1412323','HIS','AKR1B10 gene',[his],[gngm],[[[3,3],[1,1],0]],yes,no,['HGNC','MTH','OMIM'],[357/3],0,0),ev(-790,'C0230347','Left arm','Left upper arm structure',[left,arm],[bpoc],[[[5,6],[1,2],0]],yes,no,['CHV','FMA','LNC','MTH','NLMSubSyn','SNOMEDCT_US'],[374/8],0,0)]),map(-701,[ev(-719,'C0238715','Fall','Autumn',[fall],[tmco],[[[1,1],[1,1],1]],yes,no,['MTH','NCI'],[349/4],0,0),ev(-753,'C1412323','HIS','AKR1B10 gene',[his],[gngm],[[[3,3],[1,1],0]],yes,no,['HGNC','MTH','OMIM'],[357/3],0,0),ev(-790,'C1268256','Left arm','Entire left upper arm',[left,arm],[bpoc],[[[5,6],[1,2],0]],yes,no,['MTH','NLMSubSyn','SNOMEDCT_US'],[374/8],0,0)])]).
phrase('presents with pain,',[verb([lexmatch([presents]),inputmatch([presents]),tag(verb),tokens([presents])]),prep([lexmatch([with]),inputmatch([with]),tag(prep),tokens([with])]),mod([lexmatch([pain]),inputmatch([pain]),tag(noun),tokens([pain])]),punc([inputmatch([',']),tokens([])])],383/19,[]).
candidates(4,0,0,4,[]).
mappings([map(-746,[ev(-790,'C0150312','Present','Present',[present],[qnco],[[[1,1],[1,1],0]],yes,no,['CHV','MTH','NCI'],[383/8],0,0),ev(-790,'C0030193','Pain','Pain',[pain],[sosy],[[[3,3],[1,1],0]],yes,no,['AOD','CHV','LNC','MTH','NLMSubSyn','SNMI','SNOMEDCT_US'],[397/4],0,0)]),map(-746,[ev(-790,'C0150312','Present','Present',[present],[qnco],[[[1,1],[1,1],0]],yes,no,['CHV','MTH','NCI'],[383/8],0,0),ev(-790,'C1962977','Pain NOS','Pain NOS Adverse Event',[pain],[fndg],[[[3,3],[1,1],0]],yes,no,['MTH','NCI'],[397/4],0,0)]),map(-746,[ev(-790,'C0449450','Present','Presentation',[present],[idcn],[[[1,1],[1,1],0]],yes,no,['CHV','MTH','NCI'],[383/8],0,0),ev(-790,'C0030193','Pain','Pain',[pain],[sosy],[[[3,3],[1,1],0]],yes,no,['AOD','CHV','LNC','MTH','NLMSubSyn','SNMI','SNOMEDCT_US'],[397/4],0,0)]),map(-746,[ev(-790,'C0449450','Present','Presentation',[present],[idcn],[[[1,1],[1,1],0]],yes,no,['CHV','MTH','NCI'],[383/8],0,0),ev(-790,'C1962977','Pain NOS','Pain NOS Adverse Event',[pain],[fndg],[[[3,3],[1,1],0]],yes,no,['MTH','NCI'],[397/4],0,0)])]).
phrase(swelling,[verb([lexmatch([swelling]),inputmatch([swelling]),tag(verb),tokens([swelling])])],403/8,[]).
candidates(2,0,0,2,[]).
mappings([map(-1000,[ev(-1000,'C0013604','SWELLING','Edema',[swelling],[patf],[[[1,1],[1,1],0]],yes,no,['CHV','CST','ICD10CM','MSH','MTH','NLMSubSyn','SNMI','SNOMEDCT_US','SNOMEDCT_VET'],[403/8],0,0)]),map(-1000,[ev(-1000,'C0038999','Swelling','Swelling',[swelling],[fndg],[[[1,1],[1,1],0]],yes,no,['CHV','MTH','SNMI','SNOMEDCT_US'],[403/8],0,0)])]).
phrase(',',[punc([inputmatch([',']),tokens([])])],411/1,[]).
candidates(0,0,0,0,[]).
mappings([]).
phrase(and,[conj([lexmatch([and]),inputmatch([and]),tag(conj),tokens([and])])],413/3,[]).
candidates(0,0,0,0,[]).
mappings([]).
phrase('inability to',[head([lexmatch([inability]),inputmatch([inability]),tag(noun),tokens([inability])]),adv([lexmatch([to]),inputmatch([to]),tag(adv),tokens([to])])],417/12,[]).
candidates(0,0,0,0,[]).
mappings([]).
phrase(bend,[verb([lexmatch([bend]),inputmatch([bend]),tag(verb),tokens([bend])])],430/4,[]).
candidates(2,0,0,2,[]).
mappings([map(-1000,[ev(-1000,'C0011119',bend,'Decompression Sickness',[bend],[dsyn],[[[1,1],[1,1],0]],yes,no,['CHV','DXP','MSH','MTH','NLMSubSyn','SNOMEDCT_US'],[430/4],0,0)]),map(-1000,[ev(-1000,'C0700231',bend,'Does bend',[bend],[fndg],[[[1,1],[1,1],0]],yes,no,['CHV','SNOMEDCT_US'],[430/4],0,0)])]).
phrase('the arm.',[det([lexmatch([the]),inputmatch([the]),tag(det),tokens([the])]),head([lexmatch([arm]),inputmatch([arm]),tag(noun),tokens([arm])]),punc([inputmatch(['.']),tokens([])])],435/8,[]).
candidates(6,3,0,3,[]).
mappings([map(-1000,[ev(-1000,'C0446516','Arm','Upper arm',[arm],[blor],[[[1,1],[1,1],0]],yes,no,['FMA','ICF','MSH','MTH','NLMSubSyn','SNOMEDCT_US','SNOMEDCT_VET'],[439/3],0,0)]),map(-1000,[ev(-1000,'C1269078','Arm','Entire upper limb',[arm],[bpoc],[[[1,1],[1,1],0]],yes,no,['MTH','NLMSubSyn','SNOMEDCT_US'],[439/3],0,0)]),map(-1000,[ev(-1000,'C1269612','Arm','Entire upper arm',[arm],[blor],[[[1,1],[1,1],0]],yes,no,['MTH','NLMSubSyn','SNOMEDCT_US'],[439/3],0,0)])]).
'EOU'.
utterance('00000000.tx.6',"The x-ray, shows posterior elbow dislocation.",444/45,[]).
phrase('The x-ray,',[det([lexmatch([the]),inputmatch(['The']),tag(det),tokens([the])]),head([lexmatch(['x-ray']),inputmatch([x,-,ray]),tag(noun),tokens([x,ray])]),punc([inputmatch([',']),tokens([])])],444/10,[]).
candidates(8,0,0,8,[]).
mappings([map(-1000,[ev(-1000,'C0034571','X-ray',roentgenographic,[x,ray],[ftcn],[[[1,2],[1,2],0]],yes,no,['MSH','MTH'],[448/5],0,0)]),map(-1000,[ev(-1000,'C0043299','X-ray, NOS','Diagnostic radiologic examination',[x,ray],[diap],[[[1,2],[1,2],0]],yes,no,['CHV','MEDLINEPLUS','MSH','MTH','NLMSubSyn','PDQ','SNMI','SNOMEDCT_US'],[448/5],0,0)]),map(-1000,[ev(-1000,'C0043309','X-ray','Roentgen Rays',[x,ray],[npop],[[[1,2],[1,2],0]],yes,no,['CHV','MSH','MTH','NCI','NLMSubSyn','SNOMEDCT_US'],[448/5],0,0)]),map(-1000,[ev(-1000,'C1306645','X-ray','Plain x-ray',[x,ray],[diap],[[[1,2],[1,2],0]],yes,no,['CHV','MTH','NLMSubSyn','SNOMEDCT_US'],[448/5],0,0)]),map(-1000,[ev(-1000,'C1962945','X-ray','Radiographic imaging procedure',[x,ray],[diap],[[[1,2],[1,2],0]],yes,no,['COSTAR','LNC','MSH','MTH','NCI','NLMSubSyn','SNOMEDCT_US'],[448/5],0,0)])]).
phrase(shows,[verb([lexmatch([shows]),inputmatch([shows]),tag(verb),tokens([shows])])],455/5,[]).
candidates(1,0,0,1,[]).
mappings([map(-1000,[ev(-1000,'C1547282','Show','Show',[show],[inpr],[[[1,1],[1,1],0]],yes,no,['HL7V3.0'],[455/5],0,0)])]).
phrase('posterior elbow dislocation.',[mod([lexmatch([posterior]),inputmatch([posterior]),tag(adj),tokens([posterior])]),mod([lexmatch([elbow]),inputmatch([elbow]),tag(noun),tokens([elbow])]),head([lexmatch([dislocation]),inputmatch([dislocation]),tag(noun),tokens([dislocation])]),punc([inputmatch(['.']),tokens([])])],461/28,[]).
candidates(14,5,0,9,[]).
mappings([map(-901,[ev(-913,'C1265659','Posterior dislocation','Posterior dislocation',[posterior,dislocation],[inpo],[[[1,1],[1,1],0],[[3,3],[2,2],0]],yes,no,['MTH','NLMSubSyn'],[461/9,477/11],0,0),ev(-660,'C0013769','Elbow','Elbow',[elbow],[blor],[[[2,2],[1,1],0]],no,no,['FMA','MSH','MTH','SNOMEDCT_US'],[471/5],0,0)]),map(-901,[ev(-913,'C1265659','Posterior dislocation','Posterior dislocation',[posterior,dislocation],[inpo],[[[1,1],[1,1],0],[[3,3],[2,2],0]],yes,no,['MTH','NLMSubSyn'],[461/9,477/11],0,0),ev(-660,'C0013770','Elbow','Elbow joint structure',[elbow],[bsoj],[[[2,2],[1,1],0]],no,no,['FMA','MSH','MTH','NLMSubSyn','SNOMEDCT_VET'],[471/5],0,0)]),map(-901,[ev(-913,'C1265659','Posterior dislocation','Posterior dislocation',[posterior,dislocation],[inpo],[[[1,1],[1,1],0],[[3,3],[2,2],0]],yes,no,['MTH','NLMSubSyn'],[461/9,477/11],0,0),ev(-660,'C1305417','Elbow','Entire elbow region',[elbow],[bpoc],[[[2,2],[1,1],0]],no,no,['MTH','SNOMEDCT_US'],[471/5],0,0)]),map(-901,[ev(-734,'C0230350','posterior elbow','Structure of posterior cubital region',[posterior,elbow],[blor],[[[1,1],[1,1],0],[[2,2],[2,2],0]],no,no,['FMA','MTH','NLMSubSyn','SNOMEDCT_US'],[461/15],0,0),ev(-827,'C0012691','Dislocation','Dislocations',[dislocation],[inpo],[[[3,3],[1,1],0]],yes,no,['MTH','NLMSubSyn','OMIM','SNOMEDCT_US','SNOMEDCT_VET'],[477/11],0,0)]),map(-901,[ev(-734,'C1288664','posterior elbow','Entire posterior cubital region',[posterior,elbow],[blor],[[[1,1],[1,1],0],[[2,2],[2,2],0]],no,no,['MTH','NLMSubSyn','SNOMEDCT_US'],[461/15],0,0),ev(-827,'C0012691','Dislocation','Dislocations',[dislocation],[inpo],[[[3,3],[1,1],0]],yes,no,['MTH','NLMSubSyn','OMIM','SNOMEDCT_US','SNOMEDCT_VET'],[477/11],0,0)]),map(-901,[ev(-660,'C0205095','Posterior','Dorsal',[posterior],[spco],[[[1,1],[1,1],0]],no,no,['CHV','MTH','NCI','SNOMEDCT_US'],[461/9],0,0),ev(-901,'C2720437','Elbow dislocation','Dislocation of elbow joint',[elbow,dislocation],[inpo],[[[2,2],[1,1],0],[[3,3],[2,2],0]],yes,no,['CHV','NLMSubSyn','OMIM','SNOMEDCT_US','SNOMEDCT_VET'],[471/17],0,0)])]).
'EOU'.
'EOT'.
