args('metamap14.BINARY.Darwin --lexicon db -Z 2014AA -qE -Q 4 ../../TREC-CDS/2015-original/4.txt ../../TREC-CDS/2015-original-MMed/4.txt.out',[lexicon-db,mm_data_year-'2014AA',machine_output-[],indicate_citation_end-[],composite_phrases-4,infile-'../../TREC-CDS/2015-original/4.txt',outfile-'../../TREC-CDS/2015-original-MMed/4.txt.out']).
aas([]).
neg_list([negation(nega,'with no',[486/7],['C0018808':murmurs],[494/7]),negation(nega,no,[814/2],['C0012634':'Disease'],[852/7]),negation(nega,no,[814/2],['C1261287':'Stenosis','C0947637':'Stenosis','C0009814':'Stenosis'],[817/8]),negation(nega,no,[1419/2],['C0497153':'No disease','C3275117':'NO DISEASE'],[1419/11]),negation(nega,no,[1419/2],['C0242698':'Ventricular Dysfunction, Left'],[1459/28])]).
utterance('00000000.tx.1',"diagnosis. ",0/11,[10]).
phrase('diagnosis.',[head([lexmatch([diagnosis]),inputmatch([diagnosis]),tag(noun),tokens([diagnosis])]),punc([inputmatch(['.']),tokens([])])],0/10,[]).
candidates(3,0,0,3,[]).
mappings([map(-1000,[ev(-1000,'C0011900','Diagnosis','Diagnosis',[diagnosis],[fndg],[[[1,1],[1,1],0]],yes,no,['CCS','CHV','LNC','MTH','NCI'],[0/9],0,0)]),map(-1000,[ev(-1000,'C1704338',diagnosis,'diagnosis aspect',[diagnosis],[qlco],[[[1,1],[1,1],0]],yes,no,['MSH','MTH','NLMSubSyn'],[0/9],0,0)]),map(-1000,[ev(-1000,'C1704656','DIAGNOSIS','Diagnosis Study',[diagnosis],[resa],[[[1,1],[1,1],0]],yes,no,['MTH','NCI'],[0/9],0,0)])]).
'EOU'.
utterance('00000000.tx.2',"An 82-year-old woman comes to the emergency department because of chest pain and shortness of breath after being awakened in the morning by stabbing substernal chest pain radiating to the left shoulder and jaw. ",11/211,[]).
phrase('An 82-year-old woman',[det([lexmatch([an]),inputmatch(['An']),tag(det),tokens([an])]),shapes([inputmatch(['82']),features([integer]),tokens(['82'])]),punc([inputmatch([-]),tokens([])]),mod([lexmatch([year]),inputmatch([year]),tag(noun),tokens([year])]),punc([inputmatch([-]),tokens([])]),mod([lexmatch([old]),inputmatch([old]),tag(noun),tokens([old])]),head([lexmatch([woman]),inputmatch([woman]),tag(noun),tokens([woman])])],11/20,[]).
candidates(4,0,0,4,[]).
mappings([map(-775,[ev(-645,'C0439234',year,year,[year],[tmco],[[[2,2],[1,1],0]],no,no,['MTH','NCI','SNOMEDCT_US'],[17/4],0,0),ev(-645,'C0580836','Old','Old',[old],[tmco],[[[3,3],[1,1],0]],no,no,['MTH'],[22/3],0,0),ev(-812,'C0043210','Woman','Woman',[woman],[popg],[[[4,4],[1,1],0]],yes,no,['CHV','MSH','MTH','NCI','NLMSubSyn'],[26/5],0,0)]),map(-775,[ev(-645,'C0439508','/year','per year',[year],[tmco],[[[2,2],[1,1],0]],no,no,['CHV','MTH','NCI','SNOMEDCT_US'],[17/4],0,0),ev(-645,'C0580836','Old','Old',[old],[tmco],[[[3,3],[1,1],0]],no,no,['MTH'],[22/3],0,0),ev(-812,'C0043210','Woman','Woman',[woman],[popg],[[[4,4],[1,1],0]],yes,no,['CHV','MSH','MTH','NCI','NLMSubSyn'],[26/5],0,0)])]).
phrase('comes to the emergency department',[verb([lexmatch([comes]),inputmatch([comes]),tag(verb),tokens([comes])]),prep([lexmatch([to]),inputmatch([to]),tag(prep),tokens([to])]),det([lexmatch([the]),inputmatch([the]),tag(det),tokens([the])]),mod([lexmatch(['emergency department']),inputmatch([emergency,department]),tag(noun),tokens([emergency,department])])],32/33,[]).
candidates(5,0,0,5,[]).
mappings([map(-806,[ev(-806,'C0562508','Emergency Department','Accident and Emergency department',[emergency,department],[hcro],[[[4,5],[1,2],0]],yes,no,['CHV','MSH','MTH','NCI','NLMSubSyn','SNOMEDCT_US'],[45/20],0,0)])]).
phrase('because of chest pain',[prep([lexmatch(['because of']),inputmatch([because,of]),tag(prep),tokens([because,of])]),head([lexmatch(['chest pain']),inputmatch([chest,pain]),tag(noun),tokens([chest,pain])])],66/21,[]).
candidates(12,6,0,6,[]).
mappings([map(-1000,[ev(-1000,'C0008031','Chest Pain','Chest Pain',[chest,pain],[sosy],[[[1,2],[1,2],0]],yes,no,['CCS','CHV','CST','ICD10CM','MSH','MTH','NCI','NLMSubSyn','OMIM'],[77/10],0,0)]),map(-1000,[ev(-1000,'C2926613','Chest pain','Chest pain:Finding:Point in time:^Patient:Ordinal',[chest,pain],[clna],[[[1,2],[1,2],0]],yes,no,['LNC','NLMSubSyn'],[77/10],0,0)])]).
phrase(and,[conj([lexmatch([and]),inputmatch([and]),tag(conj),tokens([and])])],88/3,[]).
candidates(0,0,0,0,[]).
mappings([]).
phrase('shortness of breath',[head([lexmatch([shortness]),inputmatch([shortness]),tag(noun),tokens([shortness])]),prep([lexmatch([of]),inputmatch([of]),tag(prep),tokens([of])]),mod([lexmatch([breath]),inputmatch([breath]),tag(noun),tokens([breath])])],92/19,[]).
candidates(8,1,0,7,[]).
mappings([map(-1000,[ev(-1000,'C0013404','Shortness of Breath','Dyspnea',[shortness,of,breath],[sosy],[[[1,1],[1,1],0],[[2,2],[2,2],0],[[3,3],[3,3],0]],yes,no,['CHV','CSP','CST','DXP','ICD10CM','ICPC','MSH','MTH','NCI','NLMSubSyn','OMIM','SNOMEDCT_US'],[92/19],0,0)]),map(-1000,[ev(-1000,'C2707305','Shortness of breath','Shortness of breath:-:Point in time:^Patient:-',[shortness,of,breath],[clna],[[[1,1],[1,1],0],[[2,2],[2,2],0],[[3,3],[3,3],0]],yes,no,['LNC'],[92/19],0,0)])]).
phrase(after,[conj([lexmatch([after]),inputmatch([after]),tag(conj),tokens([after])])],112/5,[]).
candidates(0,0,0,0,[]).
mappings([]).
phrase(being,[aux([lexmatch([being]),inputmatch([being]),tag(aux),tokens([being])])],118/5,[]).
candidates(0,0,0,0,[]).
mappings([]).
phrase('awakened in the morning',[verb([lexmatch([awakened]),inputmatch([awakened]),tag(verb),tokens([awakened])]),prep([lexmatch([in]),inputmatch([in]),tag(prep),tokens([in])]),det([lexmatch([the]),inputmatch([the]),tag(det),tokens([the])]),mod([lexmatch([morning]),inputmatch([morning]),tag(noun),tokens([morning])])],124/23,[]).
candidates(1,0,0,1,[]).
mappings([map(-770,[ev(-770,'C0332170','Morning','Morning',[morning],[tmco],[[[4,4],[1,1],0]],yes,no,['MTH','SNOMEDCT_US'],[140/7],0,0)])]).
phrase('by stabbing substernal chest pain radiating to the left shoulder',[prep([lexmatch([by]),inputmatch([by]),tag(prep),tokens([by])]),mod([lexmatch([stabbing]),inputmatch([stabbing]),tag(noun),tokens([stabbing])]),mod([lexmatch([substernal]),inputmatch([substernal]),tag(adj),tokens([substernal])]),mod([lexmatch(['chest pain']),inputmatch([chest,pain]),tag(noun),tokens([chest,pain])]),head([lexmatch([radiating]),inputmatch([radiating]),tag(noun),tokens([radiating])]),prep([lexmatch([to]),inputmatch([to]),tag(prep),tokens([to])]),det([lexmatch([the]),inputmatch([the]),tag(det),tokens([the])]),mod([lexmatch([left]),inputmatch([left]),tag(adj),tokens([left])]),mod([lexmatch([shoulder]),inputmatch([shoulder]),tag(noun),tokens([shoulder])])],148/64,[]).
candidates(32,6,0,26,[]).
mappings([map(-761,[ev(-573,'C0006539','BY','Belarus',[by],[geoa],[[[1,1],[1,1],0]],no,no,['AOD','MSH','MTH','NCI'],[148/2],0,0),ev(-573,'C0418391','[X]Stabbing','Assault by stabbing',[stabbing],[inpo],[[[2,2],[1,1],0]],no,no,['AOD','MTH','SNOMEDCT_US'],[151/8],0,0),ev(-615,'C0151826','Substernal chest pain','Retrosternal pain',[substernal,chest,pain],[sosy],[[[3,3],[1,1],0],[[4,5],[2,3],0]],no,no,['CST','SNMI','SNOMEDCT_US'],[160/21],0,0),ev(-760,'C0332301','Radiating to','Radiating to',[radiating,to],[ftcn],[[[6,6],[1,1],0],[[7,7],[2,2],0]],yes,no,['CHV','SNOMEDCT_US'],[182/12],0,0),ev(-593,'C0524469','Left shoulder','Structure of left shoulder region',[left,shoulder],[blor],[[[9,9],[1,1],0],[[10,10],[2,2],0]],no,no,['CHV','LNC','MTH','NLMSubSyn','SNOMEDCT_US'],[199/13],0,0)]),map(-761,[ev(-573,'C0006539','BY','Belarus',[by],[geoa],[[[1,1],[1,1],0]],no,no,['AOD','MSH','MTH','NCI'],[148/2],0,0),ev(-573,'C0418391','[X]Stabbing','Assault by stabbing',[stabbing],[inpo],[[[2,2],[1,1],0]],no,no,['AOD','MTH','SNOMEDCT_US'],[151/8],0,0),ev(-615,'C0151826','Substernal chest pain','Retrosternal pain',[substernal,chest,pain],[sosy],[[[3,3],[1,1],0],[[4,5],[2,3],0]],no,no,['CST','SNMI','SNOMEDCT_US'],[160/21],0,0),ev(-760,'C0332301','Radiating to','Radiating to',[radiating,to],[ftcn],[[[6,6],[1,1],0],[[7,7],[2,2],0]],yes,no,['CHV','SNOMEDCT_US'],[182/12],0,0),ev(-593,'C1288640','Left shoulder','Entire left shoulder region',[left,shoulder],[blor],[[[9,9],[1,1],0],[[10,10],[2,2],0]],no,no,['MTH','SNOMEDCT_US'],[199/13],0,0)]),map(-761,[ev(-573,'C0006539','BY','Belarus',[by],[geoa],[[[1,1],[1,1],0]],no,no,['AOD','MSH','MTH','NCI'],[148/2],0,0),ev(-573,'C1455792','Stabbing','Stabbing sensation',[stabbing],[qlco],[[[2,2],[1,1],0]],no,no,['MTH','SNOMEDCT_US'],[151/8],0,0),ev(-615,'C0151826','Substernal chest pain','Retrosternal pain',[substernal,chest,pain],[sosy],[[[3,3],[1,1],0],[[4,5],[2,3],0]],no,no,['CST','SNMI','SNOMEDCT_US'],[160/21],0,0),ev(-760,'C0332301','Radiating to','Radiating to',[radiating,to],[ftcn],[[[6,6],[1,1],0],[[7,7],[2,2],0]],yes,no,['CHV','SNOMEDCT_US'],[182/12],0,0),ev(-593,'C0524469','Left shoulder','Structure of left shoulder region',[left,shoulder],[blor],[[[9,9],[1,1],0],[[10,10],[2,2],0]],no,no,['CHV','LNC','MTH','NLMSubSyn','SNOMEDCT_US'],[199/13],0,0)]),map(-761,[ev(-573,'C0006539','BY','Belarus',[by],[geoa],[[[1,1],[1,1],0]],no,no,['AOD','MSH','MTH','NCI'],[148/2],0,0),ev(-573,'C1455792','Stabbing','Stabbing sensation',[stabbing],[qlco],[[[2,2],[1,1],0]],no,no,['MTH','SNOMEDCT_US'],[151/8],0,0),ev(-615,'C0151826','Substernal chest pain','Retrosternal pain',[substernal,chest,pain],[sosy],[[[3,3],[1,1],0],[[4,5],[2,3],0]],no,no,['CST','SNMI','SNOMEDCT_US'],[160/21],0,0),ev(-760,'C0332301','Radiating to','Radiating to',[radiating,to],[ftcn],[[[6,6],[1,1],0],[[7,7],[2,2],0]],yes,no,['CHV','SNOMEDCT_US'],[182/12],0,0),ev(-593,'C1288640','Left shoulder','Entire left shoulder region',[left,shoulder],[blor],[[[9,9],[1,1],0],[[10,10],[2,2],0]],no,no,['MTH','SNOMEDCT_US'],[199/13],0,0)])]).
phrase(and,[conj([lexmatch([and]),inputmatch([and]),tag(conj),tokens([and])])],213/3,[]).
candidates(0,0,0,0,[]).
mappings([]).
phrase('jaw.',[head([lexmatch([jaw]),inputmatch([jaw]),tag(noun),tokens([jaw])]),punc([inputmatch(['.']),tokens([])])],217/4,[]).
candidates(3,0,0,3,[]).
mappings([map(-1000,[ev(-1000,'C0022359','Jaw','Jaw',[jaw],[bpoc],[[[1,1],[1,1],0]],yes,no,['LCH','MTH','SNOMEDCT_US'],[217/3],0,0)]),map(-1000,[ev(-1000,'C0024687','Jaw','Mandible',[jaw],[bpoc],[[[1,1],[1,1],0]],yes,no,['FMA','MSH','MTH','NCI','NLMSubSyn','SNMI','SNOMEDCT_US','SNOMEDCT_VET'],[217/3],0,0)]),map(-1000,[ev(-1000,'C1273020','Jaw','Entire jaw region',[jaw],[blor],[[[1,1],[1,1],0]],yes,no,['MTH','SNOMEDCT_US'],[217/3],0,0)])]).
'EOU'.
utterance('00000000.tx.3',"The patient had hypertension, renal-artery stenosis with chronic renal insufficiency, hypercholesterolemia, osteoporosis and dementia. ",222/135,[]).
phrase('The patient',[det([lexmatch([the]),inputmatch(['The']),tag(det),tokens([the])]),head([lexmatch([patient]),inputmatch([patient]),tag(noun),tokens([patient])])],222/11,[]).
candidates(1,0,0,1,[]).
mappings([map(-1000,[ev(-1000,'C0030705','*^patient','Patients',[patient],[podg],[[[1,1],[1,1],0]],yes,no,['LNC','MTH','NCI','SNOMEDCT_US'],[226/7],0,0)])]).
phrase(had,[aux([lexmatch([had]),inputmatch([had]),tag(aux),tokens([had])])],234/3,[]).
candidates(0,0,0,0,[]).
mappings([]).
phrase('hypertension,',[head([lexmatch([hypertension]),inputmatch([hypertension]),tag(noun),tokens([hypertension])]),punc([inputmatch([',']),tokens([])])],238/13,[]).
candidates(2,0,0,2,[]).
mappings([map(-1000,[ev(-1000,'C0020538','Hypertension','Hypertensive disease',[hypertension],[dsyn],[[[1,1],[1,1],0]],yes,no,['AOD','MSH','MTH','NCI','NLMSubSyn','OMIM','SNM','SNMI','SNOMEDCT_US'],[238/12],0,0)]),map(-1000,[ev(-1000,'C1963138','Hypertension','Hypertension Adverse Event',[hypertension],[fndg],[[[1,1],[1,1],0]],yes,no,['MTH','NCI'],[238/12],0,0)])]).
phrase('renal-artery stenosis with chronic renal insufficiency,',[head([lexmatch(['renal artery stenosis']),inputmatch([renal,-,artery,stenosis]),tag(noun),tokens([renal,artery,stenosis])]),prep([lexmatch([with]),inputmatch([with]),tag(prep),tokens([with])]),mod([lexmatch(['chronic renal insufficiency']),inputmatch([chronic,renal,insufficiency]),tag(noun),tokens([chronic,renal,insufficiency])]),punc([inputmatch([',']),tokens([])])],252/55,[]).
candidates(24,4,0,20,[]).
mappings([map(-794,[ev(-814,'C0035067','Renal Artery Stenosis','Renal Artery Stenosis',[renal,artery,stenosis],[dsyn],[[[1,3],[1,3],0]],yes,no,['CHV','MSH','MTH','NLMSubSyn','SNOMEDCT_US'],[252/21],0,0),ev(-647,'C0022661','Chronic renal insufficiency','Kidney Failure, Chronic',[chronic,renal,insufficiency],[dsyn],[[[5,7],[1,3],0]],no,no,['CHV','DXP','ICD10CM','MSH','MTH','NCI','NLMSubSyn','RAM','SNOMEDCT_US'],[252/5,279/7,293/13],0,0)]),map(-794,[ev(-814,'C0035067','Renal Artery Stenosis','Renal Artery Stenosis',[renal,artery,stenosis],[dsyn],[[[1,3],[1,3],0]],yes,no,['CHV','MSH','MTH','NLMSubSyn','SNOMEDCT_US'],[252/21],0,0),ev(-647,'C0403447','Renal Insufficiency, Chronic','Chronic Kidney Insufficiency',[chronic,renal,insufficiency],[dsyn],[[[5,7],[1,3],0]],no,no,['MSH','MTH','NLMSubSyn','SNOMEDCT_US'],[252/5,279/7,293/13],0,0)])]).
phrase('hypercholesterolemia,',[head([lexmatch([hypercholesterolemia]),inputmatch([hypercholesterolemia]),tag(noun),tokens([hypercholesterolemia])]),punc([inputmatch([',']),tokens([])])],308/21,[]).
candidates(2,0,0,2,[]).
mappings([map(-1000,[ev(-1000,'C0020443','Hypercholesterolaemia','Hypercholesterolemia',[hypercholesterolaemia],[dsyn],[[[1,1],[1,1],0]],yes,no,['AOD','CHV','MSH','MTH','SNOMEDCT_US'],[308/20],0,0)]),map(-1000,[ev(-1000,'C1522133','Hypercholesterolemia','Hypercholesterolemia result',[hypercholesterolemia],[fndg],[[[1,1],[1,1],0]],yes,no,['CHV','MTH','NCI','NLMSubSyn','OMIM'],[308/20],0,0)])]).
phrase(osteoporosis,[head([lexmatch([osteoporosis]),inputmatch([osteoporosis]),tag(noun),tokens([osteoporosis])])],330/12,[]).
candidates(1,0,0,1,[]).
mappings([map(-1000,[ev(-1000,'C0029456','Osteoporosis','Osteoporosis',[osteoporosis],[dsyn],[[[1,1],[1,1],0]],yes,no,['ICD9CM','MSH','MTH','SNOMEDCT_US','SNOMEDCT_VET'],[330/12],0,0)])]).
phrase(and,[conj([lexmatch([and]),inputmatch([and]),tag(conj),tokens([and])])],343/3,[]).
candidates(0,0,0,0,[]).
mappings([]).
phrase('dementia.',[head([lexmatch([dementia]),inputmatch([dementia]),tag(noun),tokens([dementia])]),punc([inputmatch(['.']),tokens([])])],347/9,[]).
candidates(3,1,0,2,[]).
mappings([map(-1000,[ev(-1000,'C0011265',dementia,'Presenile dementia',[dementia],[mobd],[[[1,1],[1,1],0]],yes,no,['AOD','CSP','ICD10CM','MTH','NLMSubSyn','SNM'],[347/8],0,0)]),map(-1000,[ev(-1000,'C0497327','Dementia','Dementia',[dementia],[mobd],[[[1,1],[1,1],0]],yes,no,['CHV','ICD10CM','ICD9CM','MSH','MTH','NLMSubSyn','SNM','SNOMEDCT_US'],[347/8],0,0)])]).
'EOU'.
utterance('00000000.tx.4',"Blood pressure was 199/108 mm Hg, respiratory rate 18 bpm, oxygen saturation 98% on ambient air. ",357/97,[]).
phrase('Blood pressure',[head([lexmatch(['blood pressure']),inputmatch(['Blood',pressure]),tag(noun),tokens([blood,pressure])])],357/14,[]).
candidates(16,7,0,9,[]).
mappings([map(-1000,[ev(-1000,'C0005823','Blood Pressure','Blood Pressure',[blood,pressure],[orgf],[[[1,2],[1,2],0]],yes,no,['MTH','NLMSubSyn','SNOMEDCT_US'],[357/14],0,0)]),map(-1000,[ev(-1000,'C1271104','Blood Pressure','Blood pressure finding',[blood,pressure],[fndg],[[[1,2],[1,2],0]],yes,no,['MTH','NCI','NLMSubSyn'],[357/14],0,0)]),map(-1000,[ev(-1000,'C1272641','Blood pressure','Systemic arterial pressure',[blood,pressure],[fndg],[[[1,2],[1,2],0]],yes,no,['CHV','MSH','MTH','NLMSubSyn','SNOMEDCT_US'],[357/14],0,0)])]).
phrase(was,[aux([lexmatch([was]),inputmatch([was]),tag(aux),tokens([was])])],372/3,[]).
candidates(0,0,0,0,[]).
mappings([]).
phrase('199/108 mm Hg,',[shapes([inputmatch(['199',/,'108']),features([fraction]),tokens(['199','108'])]),head([lexmatch(['mm hg']),inputmatch([mm,'Hg']),tag(noun),tokens([mm,hg])]),punc([inputmatch([',']),tokens([])])],376/14,[]).
candidates(5,0,0,5,[]).
mappings([map(-861,[ev(-861,'C0439475',mmHg,mmHg,[mmhg],[qnco],[[[3,4],[1,1],0]],yes,no,['SNOMEDCT_US'],[384/5],0,0)])]).
phrase('respiratory rate 18 bpm,',[mod([lexmatch(['respiratory rate']),inputmatch([respiratory,rate]),tag(noun),tokens([respiratory,rate])]),shapes([inputmatch(['18']),features([integer]),tokens(['18'])]),head([lexmatch([bpm]),inputmatch([bpm]),tag(noun),tokens([bpm])]),punc([inputmatch([',']),tokens([])])],391/24,[]).
candidates(6,0,0,6,[]).
mappings([map(-694,[ev(-694,'C0231832','Respiratory rate','Respiratory rate',[respiratory,rate],[clna],[[[1,2],[1,2],0]],no,no,['CHV','LNC','MSH','MTH','NCI','NLMSubSyn','SNMI','SNOMEDCT_US'],[391/16],0,0)]),map(-694,[ev(-694,'C0489258','Respiratory rate','Breaths:Number = Count/Time:Point in time:Respiratory system:Quantitative',[respiratory,rate],[clna],[[[1,2],[1,2],0]],no,no,['LNC'],[391/16],0,0)])]).
phrase('oxygen saturation 98% on ambient air.',[mod([lexmatch(['oxygen saturation']),inputmatch([oxygen,saturation]),tag(noun),tokens([oxygen,saturation])]),shapes([inputmatch(['98','%']),features([percentage,integer]),tokens(['98'])]),prep([lexmatch([on]),inputmatch([on]),tag(prep),tokens([on])]),mod([lexmatch([ambient]),inputmatch([ambient]),tag(adj),tokens([ambient])]),mod([lexmatch([air]),inputmatch([air]),tag(noun),tokens([air])]),punc([inputmatch(['.']),tokens([])])],416/37,[]).
candidates(9,2,0,7,[]).
mappings([map(-719,[ev(-790,'C0369768','Oxygen saturation','Molecular oxygen saturation',[oxygen,saturation],[moft],[[[1,2],[1,2],0]],yes,no,['CHV','MTH','SNM'],[416/17],0,0),ev(-753,'C1879688','Ambient','Ambient',[ambient],[qlco],[[[5,5],[1,1],0]],yes,no,['NCI'],[441/7],0,0),ev(-753,'C0001861','Air','Air (substance)',[air],[sbst],[[[6,6],[1,1],0]],yes,no,['CHV','MSH','SNOMEDCT_US'],[449/3],0,0)]),map(-719,[ev(-790,'C0369768','Oxygen saturation','Molecular oxygen saturation',[oxygen,saturation],[moft],[[[1,2],[1,2],0]],yes,no,['CHV','MTH','SNM'],[416/17],0,0),ev(-753,'C1879688','Ambient','Ambient',[ambient],[qlco],[[[5,5],[1,1],0]],yes,no,['NCI'],[441/7],0,0),ev(-753,'C3536832','Air','Air',[air],[inch,phsu],[[[6,6],[1,1],0]],yes,no,['MTH','SNOMEDCT_US'],[449/3],0,0)]),map(-719,[ev(-790,'C0483415','Oxygen saturation','Oxygen saturation test result',[oxygen,saturation],[orga],[[[1,2],[1,2],0]],yes,no,['CHV','LNC','MTH','NLMSubSyn'],[416/17],0,0),ev(-753,'C1879688','Ambient','Ambient',[ambient],[qlco],[[[5,5],[1,1],0]],yes,no,['NCI'],[441/7],0,0),ev(-753,'C0001861','Air','Air (substance)',[air],[sbst],[[[6,6],[1,1],0]],yes,no,['CHV','MSH','SNOMEDCT_US'],[449/3],0,0)]),map(-719,[ev(-790,'C0483415','Oxygen saturation','Oxygen saturation test result',[oxygen,saturation],[orga],[[[1,2],[1,2],0]],yes,no,['CHV','LNC','MTH','NLMSubSyn'],[416/17],0,0),ev(-753,'C1879688','Ambient','Ambient',[ambient],[qlco],[[[5,5],[1,1],0]],yes,no,['NCI'],[441/7],0,0),ev(-753,'C3536832','Air','Air',[air],[inch,phsu],[[[6,6],[1,1],0]],yes,no,['MTH','SNOMEDCT_US'],[449/3],0,0)])]).
'EOU'.
utterance('00000000.tx.5',"The heart sounds were rapid and with no murmurs. ",454/49,[]).
phrase('The heart sounds',[det([lexmatch([the]),inputmatch(['The']),tag(det),tokens([the])]),head([lexmatch(['heart sounds']),inputmatch([heart,sounds]),tag(noun),tokens([heart,sounds])])],454/16,[]).
candidates(6,2,0,4,[]).
mappings([map(-1000,[ev(-1000,'C0018820','Heart Sounds','Heart Sounds',[heart,sounds],[ortf],[[[1,2],[1,2],0]],yes,no,['CHV','MSH','MTH','NLMSubSyn','SNOMEDCT_US'],[458/12],0,0)])]).
phrase(were,[aux([lexmatch([were]),inputmatch([were]),tag(aux),tokens([were])])],471/4,[]).
candidates(0,0,0,0,[]).
mappings([]).
phrase(rapid,[head([lexmatch([rapid]),inputmatch([rapid]),tag(adj),tokens([rapid])])],476/5,[]).
candidates(1,0,0,1,[]).
mappings([map(-1000,[ev(-1000,'C0439831','Rapid','Rapid',[rapid],[qlco],[[[1,1],[1,1],0]],yes,no,['AOD','SNOMEDCT_US'],[476/5],0,0)])]).
phrase('and with no murmurs.',[conj([lexmatch([and]),inputmatch([and]),tag(conj),tokens([and])]),prep([lexmatch([with]),inputmatch([with]),tag(prep),tokens([with])]),det([lexmatch([no]),inputmatch([no]),tag(det),tokens([no])]),mod([lexmatch([murmurs]),inputmatch([murmurs]),tag(noun),tokens([murmurs])]),punc([inputmatch(['.']),tokens([])])],482/20,[]).
candidates(2,0,0,2,[]).
mappings([map(-708,[ev(-770,'C1515981','And','And',[and],[idcn],[[[1,1],[1,1],0]],yes,no,['MTH'],[482/3],0,0),ev(-770,'C0018808',murmurs,'Heart murmur',[murmurs],[fndg],[[[4,4],[1,1],0]],yes,no,['CHV','ICD10CM','MSH','MTH','SNMI','SNOMEDCT_US'],[494/7],0,1)])]).
'EOU'.
utterance('00000000.tx.6',"CK-MB was 10.9 ng/ml, CK was 89 U/l, CK index was 12.2% and Troponin T was 0.40 ng/ml. ",503/87,[]).
phrase('CK-MB',[head([lexmatch(['ck-mb']),inputmatch(['CK',-,'MB']),tag(noun),tokens([ck,mb])])],503/5,[]).
candidates(1,0,0,1,[]).
mappings([map(-1000,[ev(-1000,'C0010290','ck mb','Creatine Kinase MB Isoenzyme',[ck,mb],[aapp,enzy],[[[1,1],[1,1],0],[[2,2],[2,2],0]],yes,no,['CHV','LNC','MSH','MTH','NLMSubSyn','SNM','SNOMEDCT_US'],[503/5],0,0)])]).
phrase(was,[aux([lexmatch([was]),inputmatch([was]),tag(aux),tokens([was])])],509/3,[]).
candidates(0,0,0,0,[]).
mappings([]).
phrase('10.9 ng/ml,',[shapes([inputmatch(['10','.','9']),features([real_number]),tokens(['10','9'])]),mod([lexmatch([ng]),inputmatch([ng]),tag(noun),tokens([ng])]),punc([inputmatch([/]),tokens([])]),head([lexmatch([ml]),inputmatch([ml]),tag(noun),tokens([ml])]),punc([inputmatch([',']),tokens([])])],513/11,[]).
candidates(2,0,0,2,[]).
mappings([map(-861,[ev(-861,'C0439275','ng/mL','Microgram per Liter',[ng,ml],[qnco],[[[3,3],[1,1],0],[[4,4],[2,2],0]],yes,no,['MTH','NCI','NLMSubSyn','SNOMEDCT_US'],[518/5],0,0)])]).
phrase('CK',[head([lexmatch([ck]),inputmatch(['CK']),tag(noun),tokens([ck])])],525/2,[]).
candidates(0,0,0,0,[]).
mappings([]).
phrase(was,[aux([lexmatch([was]),inputmatch([was]),tag(aux),tokens([was])])],528/3,[]).
candidates(0,0,0,0,[]).
mappings([]).
phrase('89 U/l,',[shapes([inputmatch(['89']),features([integer]),tokens(['89'])]),head([lexmatch(['u/l']),inputmatch(['U',/,l]),tag(noun),tokens([u,l])]),punc([inputmatch([',']),tokens([])])],532/7,[]).
candidates(1,0,0,1,[]).
mappings([map(-901,[ev(-901,'C0439339','U/L','Unit per Liter',[u,l],[qnco],[[[2,2],[1,1],0],[[3,3],[2,2],0]],yes,no,['CHV','MTH','NCI','SNOMEDCT_US'],[535/3],0,0)])]).
phrase('CK index',[mod([lexmatch([ck]),inputmatch(['CK']),tag(noun),tokens([ck])]),head([lexmatch([index]),inputmatch([index]),tag(noun),tokens([index])])],540/8,[]).
candidates(3,0,0,3,[]).
mappings([map(-861,[ev(-861,'C0918012','Index','Index',[index],[inpr],[[[2,2],[1,1],0]],yes,no,['CHV','MSH','MTH'],[543/5],0,0)]),map(-861,[ev(-861,'C1552854',index,'Html Link Type - index',[index],[idcn],[[[2,2],[1,1],0]],yes,no,['HL7V3.0','MTH'],[543/5],0,0)]),map(-861,[ev(-861,'C1637833','% index','% index',[index],[qnco],[[[2,2],[1,1],0]],yes,no,['SNOMEDCT_US'],[543/5],0,0)])]).
phrase(was,[aux([lexmatch([was]),inputmatch([was]),tag(aux),tokens([was])])],549/3,[]).
candidates(0,0,0,0,[]).
mappings([]).
phrase('12.2%',[shapes([inputmatch(['12','.','2','%']),features([percentage,real_number]),tokens(['12','2'])])],553/5,[]).
candidates(0,0,0,0,[]).
mappings([]).
phrase(and,[conj([lexmatch([and]),inputmatch([and]),tag(conj),tokens([and])])],559/3,[]).
candidates(0,0,0,0,[]).
mappings([]).
phrase('Troponin T',[head([lexmatch(['troponin t']),inputmatch(['Troponin','T']),tag(noun),tokens([troponin,t])])],563/10,[]).
candidates(3,0,0,3,[]).
mappings([map(-1000,[ev(-1000,'C0077404','Troponin T','Troponin T',[troponin,t],[aapp,bacs],[[[1,2],[1,2],0]],yes,no,['CHV','CSP','FMA','MTH','SNOMEDCT_US'],[563/10],0,0)]),map(-1000,[ev(-1000,'C1420827','TROPONIN T','TNNT1 gene',[troponin,t],[gngm],[[[1,2],[1,2],0]],yes,no,['HGNC','MTH','OMIM'],[563/10],0,0)])]).
phrase(was,[aux([lexmatch([was]),inputmatch([was]),tag(aux),tokens([was])])],574/3,[]).
candidates(0,0,0,0,[]).
mappings([]).
phrase('0.40 ng/ml.',[shapes([inputmatch(['0','.','40']),features([real_number]),tokens(['0','40'])]),mod([lexmatch([ng]),inputmatch([ng]),tag(noun),tokens([ng])]),punc([inputmatch([/]),tokens([])]),head([lexmatch([ml]),inputmatch([ml]),tag(noun),tokens([ml])]),punc([inputmatch(['.']),tokens([])])],578/11,[]).
candidates(3,0,0,3,[]).
mappings([map(-824,[ev(-645,'C0439509','/40','/40',['40'],[tmco],[[[2,2],[1,1],0]],no,no,['SNOMEDCT_US'],[580/2],0,0),ev(-861,'C0439275','ng/mL','Microgram per Liter',[ng,ml],[qnco],[[[3,3],[1,1],0],[[4,4],[2,2],0]],yes,no,['MTH','NCI','NLMSubSyn','SNOMEDCT_US'],[583/5],0,0)])]).
'EOU'.
utterance('00000000.tx.7',"An EKG showed sinus regular tachycardia of 119 bpm, with ST-segment elevations up to 3 mm in V1, V2, and V3. ",590/109,[]).
phrase('An EKG',[det([lexmatch([an]),inputmatch(['An']),tag(det),tokens([an])]),head([lexmatch([ekg]),inputmatch(['EKG']),tag(noun),tokens([ekg])])],590/6,[]).
candidates(2,0,0,2,[]).
mappings([map(-1000,[ev(-1000,'C0013798','EKG','Electrocardiogram',[ekg],[fndg],[[[1,1],[1,1],0]],yes,no,['CHV','MSH','MTH'],[593/3],0,0)]),map(-1000,[ev(-1000,'C1623258','EKG','Electrocardiography',[ekg],[diap],[[[1,1],[1,1],0]],yes,no,['LNC','MSH','MTH','MTHICD9','SNOMEDCT_US'],[593/3],0,0)])]).
phrase(showed,[verb([lexmatch([showed]),inputmatch([showed]),tag(verb),tokens([showed])])],597/6,[]).
candidates(1,0,0,1,[]).
mappings([map(-966,[ev(-966,'C1547282','Show','Show',[show],[inpr],[[[1,1],[1,1],1]],yes,no,['HL7V3.0'],[597/6],0,0)])]).
phrase('sinus regular tachycardia of 119 bpm,',[mod([lexmatch([sinus]),inputmatch([sinus]),tag(noun),tokens([sinus])]),mod([lexmatch([regular]),inputmatch([regular]),tag(adj),tokens([regular])]),head([lexmatch([tachycardia]),inputmatch([tachycardia]),tag(noun),tokens([tachycardia])]),prep([lexmatch([of]),inputmatch([of]),tag(prep),tokens([of])]),shapes([inputmatch(['119']),features([integer]),tokens(['119'])]),mod([lexmatch([bpm]),inputmatch([bpm]),tag(noun),tokens([bpm])]),punc([inputmatch([',']),tokens([])])],604/37,[]).
candidates(7,0,0,7,[]).
mappings([map(-734,[ev(-783,'C0039239','Sinus Tachycardia','Sinus Tachycardia',[sinus,tachycardia],[dsyn],[[[1,1],[1,1],0],[[3,3],[2,2],0]],yes,no,['CHV','CST','MSH','MTH'],[604/5,618/11],0,0),ev(-586,'C0205272','Regular','Regular',[regular],[qlco],[[[2,2],[1,1],0]],no,no,['MTH','NCI'],[610/7],0,0)]),map(-734,[ev(-783,'C1963246','Sinus tachycardia','Sinus Tachycardia Adverse Event',[sinus,tachycardia],[fndg],[[[1,1],[1,1],0],[[3,3],[2,2],0]],yes,no,['MTH','NCI'],[604/5,618/11],0,0),ev(-586,'C0205272','Regular','Regular',[regular],[qlco],[[[2,2],[1,1],0]],no,no,['MTH','NCI'],[610/7],0,0)])]).
phrase('with ST-segment elevations up to 3 mm',[prep([lexmatch([with]),inputmatch([with]),tag(prep),tokens([with])]),head([lexmatch(['st-segment elevations']),inputmatch(['ST',-,segment,elevations]),tag(noun),tokens([st,segment,elevations])]),prep([lexmatch(['up to']),inputmatch([up,to]),tag(prep),tokens([up,to])]),shapes([inputmatch(['3']),features([integer]),tokens(['3'])]),mod([lexmatch([mm]),inputmatch([mm]),tag(noun),tokens([mm])])],642/37,[]).
candidates(10,2,0,8,[]).
mappings([map(-733,[ev(-578,'C0332287','With','In addition to',[with],[qlco],[[[1,1],[1,1],0]],no,no,['MTH','NCI','SNOMEDCT_US'],[642/4],0,0),ev(-767,'C0520886','ST segment elevation','ST segment elevation (finding)',[st,segment,elevation],[fndg],[[[2,4],[1,3],1]],yes,no,['CHV','CST','DXP','SNOMEDCT_US'],[647/21],0,0)]),map(-733,[ev(-578,'C1705690','With','With - dosing instruction fragment',[with],[inpr],[[[1,1],[1,1],0]],no,no,['MTH','SNOMEDCT_US'],[642/4],0,0),ev(-767,'C0520886','ST segment elevation','ST segment elevation (finding)',[st,segment,elevation],[fndg],[[[2,4],[1,3],1]],yes,no,['CHV','CST','DXP','SNOMEDCT_US'],[647/21],0,0)])]).
phrase('in V1,',[prep([lexmatch([in]),inputmatch([in]),tag(prep),tokens([in])]),head([lexmatch([v1]),inputmatch(['V1']),tag(noun),tokens([v1])]),punc([inputmatch([',']),tokens([])])],680/6,[]).
candidates(2,0,0,2,[]).
mappings([map(-1000,[ev(-1000,'C0457422','V1','V1 stage',[v1],[fndg],[[[1,1],[1,1],0]],yes,no,['MTH','NCI','SNOMEDCT_US'],[683/2],0,0)]),map(-1000,[ev(-1000,'C0507238','V1','Apical segmental vein',[v1],[bpoc],[[[1,1],[1,1],0]],yes,no,['FMA','MTH'],[683/2],0,0)])]).
phrase('V2,',[head([lexmatch([v2]),inputmatch(['V2']),tag(noun),tokens([v2])]),punc([inputmatch([',']),tokens([])])],687/3,[]).
candidates(3,0,0,3,[]).
mappings([map(-1000,[ev(-1000,'C0457423','V2','V2 stage',[v2],[fndg],[[[1,1],[1,1],0]],yes,no,['MTH','NCI','NLMSubSyn','SNOMEDCT_US'],[687/2],0,0)]),map(-1000,[ev(-1000,'C0507237','V2','Posterior segmental vein',[v2],[bpoc],[[[1,1],[1,1],0]],yes,no,['FMA','MTH'],[687/2],0,0)]),map(-1000,[ev(-1000,'C1421140','V2','TRGV9 gene',[v2],[gngm],[[[1,1],[1,1],0]],yes,no,['HGNC','MTH'],[687/2],0,0)])]).
phrase(and,[conj([lexmatch([and]),inputmatch([and]),tag(conj),tokens([and])])],691/3,[]).
candidates(0,0,0,0,[]).
mappings([]).
phrase('V3.',[head([lexmatch([v3]),inputmatch(['V3']),tag(noun),tokens([v3])]),punc([inputmatch(['.']),tokens([])])],695/3,[]).
candidates(1,0,0,1,[]).
mappings([map(-1000,[ev(-1000,'C0507236','V3','Anterior bronchopulmonary segment of superior pulmonary vein',[v3],[bpoc],[[[1,1],[1,1],0]],yes,no,['FMA','MTH'],[695/2],0,0)])]).
'EOU'.
utterance('00000000.tx.8',"A chest radiograph showed low lung volumes and right basilar subsegmental atelectasis. ",699/87,[]).
phrase('A chest radiograph',[det([lexmatch([a]),inputmatch(['A']),tag(det),tokens([a])]),mod([lexmatch([chest]),inputmatch([chest]),tag(noun),tokens([chest])]),head([lexmatch([radiograph]),inputmatch([radiograph]),tag(noun),tokens([radiograph])])],699/18,[]).
candidates(14,9,0,5,[]).
mappings([map(-1000,[ev(-1000,'C0039985','chest radiograph','Chest X-ray',[chest,radiograph],[diap],[[[1,1],[1,1],0],[[2,2],[2,2],0]],yes,no,['CHV','CSP','MTH','MTHICD9','NCI','NLMSubSyn','SNOMEDCT_US'],[701/16],0,0)])]).
phrase(showed,[verb([lexmatch([showed]),inputmatch([showed]),tag(verb),tokens([showed])])],718/6,[]).
candidates(1,0,0,1,[]).
mappings([map(-966,[ev(-966,'C1547282','Show','Show',[show],[inpr],[[[1,1],[1,1],1]],yes,no,['HL7V3.0'],[718/6],0,0)])]).
phrase('low lung volumes',[mod([lexmatch([low]),inputmatch([low]),tag(adj),tokens([low])]),head([lexmatch(['lung volumes']),inputmatch([lung,volumes]),tag(noun),tokens([lung,volumes])])],725/16,[]).
candidates(14,6,0,8,[]).
mappings([map(-901,[ev(-660,'C0205251',low,low,[low],[qlco],[[[1,1],[1,1],0]],no,no,['MTH'],[725/3],0,0),ev(-901,'C0231953','lung volumes','Lung volume',[lung,volumes],[ortf],[[[2,3],[1,2],0]],yes,no,['CHV','SNOMEDCT_US'],[729/12],0,0)]),map(-901,[ev(-660,'C1299352','Low','Abnormally low (qualifier value)',[low],[qlco],[[[1,1],[1,1],0]],no,no,['HL7V3.0','SNOMEDCT_US'],[725/3],0,0),ev(-901,'C0231953','lung volumes','Lung volume',[lung,volumes],[ortf],[[[2,3],[1,2],0]],yes,no,['CHV','SNOMEDCT_US'],[729/12],0,0)]),map(-901,[ev(-660,'C1550472',low,'low confidentiality',[low],[idcn],[[[1,1],[1,1],0]],no,no,['HL7V3.0','MTH'],[725/3],0,0),ev(-901,'C0231953','lung volumes','Lung volume',[lung,volumes],[ortf],[[[2,3],[1,2],0]],yes,no,['CHV','SNOMEDCT_US'],[729/12],0,0)])]).
phrase(and,[conj([lexmatch([and]),inputmatch([and]),tag(conj),tokens([and])])],742/3,[]).
candidates(0,0,0,0,[]).
mappings([]).
phrase('right basilar subsegmental atelectasis.',[mod([lexmatch([right]),inputmatch([right]),tag(adj),tokens([right])]),mod([lexmatch([basilar]),inputmatch([basilar]),tag(adj),tokens([basilar])]),mod([lexmatch([subsegmental]),inputmatch([subsegmental]),tag(adj),tokens([subsegmental])]),head([lexmatch([atelectasis]),inputmatch([atelectasis]),tag(noun),tokens([atelectasis])]),punc([inputmatch(['.']),tokens([])])],746/39,[]).
candidates(5,1,0,4,[]).
mappings([map(-775,[ev(-645,'C0205090','Right','Right',[right],[spco],[[[1,1],[1,1],0]],no,no,['CHV','LNC','MTH','SNOMEDCT_US'],[746/5],0,0),ev(-645,'C1184146','Basilar','Basilar',[basilar],[spco],[[[2,2],[1,1],0]],no,no,['FMA'],[752/7],0,0),ev(-812,'C0004144','Atelectasis','Atelectasis',[atelectasis],[patf],[[[4,4],[1,1],0]],yes,no,['CHV','MSH','MTH','NLMSubSyn','SNOMEDCT_US','SNOMEDCT_VET'],[773/11],0,0)]),map(-775,[ev(-645,'C0205090','Right','Right',[right],[spco],[[[1,1],[1,1],0]],no,no,['CHV','LNC','MTH','SNOMEDCT_US'],[746/5],0,0),ev(-645,'C1184146','Basilar','Basilar',[basilar],[spco],[[[2,2],[1,1],0]],no,no,['FMA'],[752/7],0,0),ev(-812,'C1962948','Atelectasis','Atelectasis Adverse Event',[atelectasis],[patf],[[[4,4],[1,1],0]],yes,no,['MTH','NCI'],[773/11],0,0)])]).
'EOU'.
utterance('00000000.tx.9',"Coronary angiography showed no stenosis or clinically significant disease. ",786/75,[]).
phrase('Coronary angiography',[head([lexmatch(['coronary angiography']),inputmatch(['Coronary',angiography]),tag(noun),tokens([coronary,angiography])])],786/20,[]).
candidates(4,0,0,4,[]).
mappings([map(-1000,[ev(-1000,'C0085532','Coronary angiography','Coronary angiography',[coronary,angiography],[diap],[[[1,2],[1,2],0]],yes,no,['AOD','CHV','MSH','MTH','NCI','NLMSubSyn','SNM','SNOMEDCT_US'],[786/20],0,0)]),map(-1000,[ev(-1000,'C1548829','Coronary Angiography','Consent Type - Coronary Angiography',[coronary,angiography],[hlca],[[[1,2],[1,2],0]],yes,no,['HL7V2.5','MTH','NLMSubSyn'],[786/20],0,0)])]).
phrase(showed,[verb([lexmatch([showed]),inputmatch([showed]),tag(verb),tokens([showed])])],807/6,[]).
candidates(1,0,0,1,[]).
mappings([map(-966,[ev(-966,'C1547282','Show','Show',[show],[inpr],[[[1,1],[1,1],1]],yes,no,['HL7V3.0'],[807/6],0,0)])]).
phrase('no stenosis',[det([lexmatch([no]),inputmatch([no]),tag(det),tokens([no])]),head([lexmatch([stenosis]),inputmatch([stenosis]),tag(noun),tokens([stenosis])])],814/11,[]).
candidates(6,1,0,5,[]).
mappings([map(-1000,[ev(-1000,'C0009814','Stenosis','Acquired stenosis',[stenosis],[patf],[[[1,1],[1,1],0]],yes,no,['MTH','NLMSubSyn','SNMI','SNOMEDCT_US'],[817/8],0,1)]),map(-1000,[ev(-1000,'C0678234',stenosis,'Stenosis Morphology',[stenosis],[qlco],[[[1,1],[1,1],0]],yes,no,['CHV','MTH','SNOMEDCT_US'],[817/8],0,0)]),map(-1000,[ev(-1000,'C0947637','Stenosis','Stenosis, unspecified',[stenosis],[patf],[[[1,1],[1,1],0]],yes,no,['MTH','MTHMST'],[817/8],0,1)]),map(-1000,[ev(-1000,'C1261287','Stenosis','Stenosis',[stenosis],[anab],[[[1,1],[1,1],0]],yes,no,['CHV','MSH','MTH','OMIM','SNM','SNOMEDCT_US'],[817/8],0,1)]),map(-1000,[ev(-1000,'C2632116','Stenosis','Stenosis (invertebrate)',[stenosis],[euka],[[[1,1],[1,1],0]],yes,no,['MTH','NCBI'],[817/8],0,0)])]).
phrase(or,[conj([lexmatch([or]),inputmatch([or]),tag(conj),tokens([or])])],826/2,[]).
candidates(0,0,0,0,[]).
mappings([]).
phrase('clinically significant disease.',[adv([lexmatch([clinically]),inputmatch([clinically]),tag(adv),tokens([clinically])]),mod([lexmatch([significant]),inputmatch([significant]),tag(adj),tokens([significant])]),head([lexmatch([disease]),inputmatch([disease]),tag(noun),tokens([disease])]),punc([inputmatch(['.']),tokens([])])],829/31,[]).
candidates(7,3,0,4,[]).
mappings([map(-790,[ev(-660,'C0237881',significant,'Statistical Significance',[significant],[qnco],[[[2,2],[1,1],0]],no,no,['MTH','NCI'],[840/11],0,0),ev(-827,'C0012634','Disease','Disease',[disease],[dsyn],[[[3,3],[1,1],0]],yes,no,['CSP','MTH','NCI','SNOMEDCT_US'],[852/7],0,1)]),map(-790,[ev(-660,'C0750502','Significant','Significant',[significant],[idcn],[[[2,2],[1,1],0]],no,no,['MTH','NCI'],[840/11],0,0),ev(-827,'C0012634','Disease','Disease',[disease],[dsyn],[[[3,3],[1,1],0]],yes,no,['CSP','MTH','NCI','SNOMEDCT_US'],[852/7],0,1)]),map(-790,[ev(-660,'C1546944','Significant','Event Seriousness - Significant',[significant],[qlco],[[[2,2],[1,1],0]],no,no,['HL7V2.5','MTH'],[840/11],0,0),ev(-827,'C0012634','Disease','Disease',[disease],[dsyn],[[[3,3],[1,1],0]],yes,no,['CSP','MTH','NCI','SNOMEDCT_US'],[852/7],0,1)])]).
'EOU'.
utterance('00000000.tx.10',"Left ventriculography revealed akinesis of the anterior wall, hypokinesis of the apical and distal inferior walls, and compensatory hyperkinesis of the basal anterior and basal inferior walls. ",861/193,[]).
phrase('Left ventriculography',[head([lexmatch(['left ventriculography']),inputmatch(['Left',ventriculography]),tag(noun),tokens([left,ventriculography])])],861/21,[]).
candidates(5,0,0,5,[]).
mappings([map(-1000,[ev(-1000,'C0412219','left ventriculography','Left ventriculogram',[left,ventriculography],[diap],[[[1,2],[1,2],0]],yes,no,['CHV','NLMSubSyn','SNOMEDCT_US'],[861/21],0,0)])]).
phrase(revealed,[verb([lexmatch([revealed]),inputmatch([revealed]),tag(verb),tokens([revealed])])],883/8,[]).
candidates(1,0,0,1,[]).
mappings([map(-1000,[ev(-1000,'C0443289','Revealed','Revealed',[revealed],[qlco],[[[1,1],[1,1],0]],yes,no,['CHV','SNOMEDCT_US'],[883/8],0,0)])]).
phrase('akinesis of the anterior wall,',[head([lexmatch([akinesis]),inputmatch([akinesis]),tag(noun),tokens([akinesis])]),prep([lexmatch([of]),inputmatch([of]),tag(prep),tokens([of])]),det([lexmatch([the]),inputmatch([the]),tag(det),tokens([the])]),mod([lexmatch(['anterior wall']),inputmatch([anterior,wall]),tag(noun),tokens([anterior,wall])]),punc([inputmatch([',']),tokens([])])],892/30,[]).
candidates(4,0,0,4,[]).
mappings([map(-709,[ev(-688,'C0233568','Akinetic','Akinetic',[akinetic],[ftcn],[[[1,1],[1,1],3]],yes,no,['SNOMEDCT_US'],[892/8],0,0),ev(-640,'C0442070','Anterior wall','Anterior wall',[anterior,wall],[spco],[[[4,5],[1,2],0]],no,no,['CHV','NLMSubSyn','SNOMEDCT_US'],[908/13],0,0)])]).
phrase('hypokinesis of the apical',[head([lexmatch([hypokinesis]),inputmatch([hypokinesis]),tag(noun),tokens([hypokinesis])]),prep([lexmatch([of]),inputmatch([of]),tag(prep),tokens([of])]),det([lexmatch([the]),inputmatch([the]),tag(det),tokens([the])]),mod([lexmatch([apical]),inputmatch([apical]),tag(adj),tokens([apical])])],923/25,[]).
candidates(2,0,0,2,[]).
mappings([map(-708,[ev(-770,'C0086439','Hypokinesis','Hypokinesia',[hypokinesis],[sosy],[[[1,1],[1,1],0]],yes,no,['CST','MTH','NCI','NLMSubSyn','SNM','SNMI','SNOMEDCT_US'],[923/11],0,0),ev(-604,'C0205111','Apical','Apical',[apical],[spco],[[[4,4],[1,1],0]],no,no,['MTH'],[942/6],0,0)])]).
phrase(and,[conj([lexmatch([and]),inputmatch([and]),tag(conj),tokens([and])])],949/3,[]).
candidates(0,0,0,0,[]).
mappings([]).
phrase('distal inferior walls,',[mod([lexmatch([distal]),inputmatch([distal]),tag(adj),tokens([distal])]),mod([lexmatch([inferior]),inputmatch([inferior]),tag(adj),tokens([inferior])]),head([lexmatch([walls]),inputmatch([walls]),tag(noun),tokens([walls])]),punc([inputmatch([',']),tokens([])])],953/22,[]).
candidates(4,0,0,4,[]).
mappings([map(-851,[ev(-660,'C0205108','Distal','Distal',[distal],[spco],[[[1,1],[1,1],0]],no,no,['CHV','SNOMEDCT_US'],[953/6],0,0),ev(-660,'C0542339','Inferior','Inferior',[inferior],[spco],[[[2,2],[1,1],0]],no,no,['MTH','SNOMEDCT_US'],[960/8],0,0),ev(-827,'C0677535','Walls','Walls of a building',[walls],[mnob],[[[3,3],[1,1],0]],yes,no,['CHV','MTH','NCI','SNOMEDCT_US'],[969/5],0,0)]),map(-851,[ev(-660,'C0205108','Distal','Distal',[distal],[spco],[[[1,1],[1,1],0]],no,no,['CHV','SNOMEDCT_US'],[953/6],0,0),ev(-660,'C0678975',inferior,inferiority,[inferior],[socb],[[[2,2],[1,1],0]],no,no,['AOD','CHV','MTH'],[960/8],0,0),ev(-827,'C0677535','Walls','Walls of a building',[walls],[mnob],[[[3,3],[1,1],0]],yes,no,['CHV','MTH','NCI','SNOMEDCT_US'],[969/5],0,0)])]).
phrase(and,[conj([lexmatch([and]),inputmatch([and]),tag(conj),tokens([and])])],976/3,[]).
candidates(0,0,0,0,[]).
mappings([]).
phrase('compensatory hyperkinesis of the basal anterior',[mod([lexmatch([compensatory]),inputmatch([compensatory]),tag(adj),tokens([compensatory])]),head([lexmatch([hyperkinesis]),inputmatch([hyperkinesis]),tag(noun),tokens([hyperkinesis])]),prep([lexmatch([of]),inputmatch([of]),tag(prep),tokens([of])]),det([lexmatch([the]),inputmatch([the]),tag(det),tokens([the])]),mod([lexmatch([basal]),inputmatch([basal]),tag(adj),tokens([basal])]),mod([lexmatch([anterior]),inputmatch([anterior]),tag(adj),tokens([anterior])])],980/47,[]).
candidates(5,1,0,4,[]).
mappings([map(-691,[ev(-586,'C0231186','Compensatory','Compensatory',[compensatory],[ftcn],[[[1,1],[1,1],0]],no,no,['SNMI'],[980/12],0,0),ev(-753,'C0424295','Hyperkinesis','Hyperactive behavior',[hyperkinesis],[fndg],[[[2,2],[1,1],0]],yes,no,['CHV','CST','MSH','MTH','NLMSubSyn','SNMI','SNOMEDCT_US','SNOMEDCT_VET'],[993/12],0,0),ev(-586,'C0205112','Basal','Basal',[basal],[spco],[[[5,5],[1,1],0]],no,no,['SNOMEDCT_US'],[1013/5],0,0),ev(-586,'C0205094','Anterior','Anterior',[anterior],[ftcn],[[[6,6],[1,1],0]],no,no,['CHV','MTH','SNOMEDCT_US','SNOMEDCT_VET'],[1019/8],0,0)])]).
phrase(and,[conj([lexmatch([and]),inputmatch([and]),tag(conj),tokens([and])])],1028/3,[]).
candidates(0,0,0,0,[]).
mappings([]).
phrase('basal inferior walls.',[mod([lexmatch([basal]),inputmatch([basal]),tag(adj),tokens([basal])]),mod([lexmatch([inferior]),inputmatch([inferior]),tag(adj),tokens([inferior])]),head([lexmatch([walls]),inputmatch([walls]),tag(noun),tokens([walls])]),punc([inputmatch(['.']),tokens([])])],1032/21,[]).
candidates(4,0,0,4,[]).
mappings([map(-851,[ev(-660,'C0205112','Basal','Basal',[basal],[spco],[[[1,1],[1,1],0]],no,no,['SNOMEDCT_US'],[1032/5],0,0),ev(-660,'C0542339','Inferior','Inferior',[inferior],[spco],[[[2,2],[1,1],0]],no,no,['MTH','SNOMEDCT_US'],[1038/8],0,0),ev(-827,'C0677535','Walls','Walls of a building',[walls],[mnob],[[[3,3],[1,1],0]],yes,no,['CHV','MTH','NCI','SNOMEDCT_US'],[1047/5],0,0)]),map(-851,[ev(-660,'C0205112','Basal','Basal',[basal],[spco],[[[1,1],[1,1],0]],no,no,['SNOMEDCT_US'],[1032/5],0,0),ev(-660,'C0678975',inferior,inferiority,[inferior],[socb],[[[2,2],[1,1],0]],no,no,['AOD','CHV','MTH'],[1038/8],0,0),ev(-827,'C0677535','Walls','Walls of a building',[walls],[mnob],[[[3,3],[1,1],0]],yes,no,['CHV','MTH','NCI','SNOMEDCT_US'],[1047/5],0,0)])]).
'EOU'.
utterance('00000000.tx.11',"A transthoracic echocardiogram showed severe segmental left ventricular dysfunction involving the septum, anteroseptal territory, and apex. ",1054/140,[]).
phrase('A transthoracic echocardiogram',[det([lexmatch([a]),inputmatch(['A']),tag(det),tokens([a])]),mod([lexmatch([transthoracic]),inputmatch([transthoracic]),tag(adj),tokens([transthoracic])]),head([lexmatch([echocardiogram]),inputmatch([echocardiogram]),tag(noun),tokens([echocardiogram])])],1054/30,[]).
candidates(4,0,0,4,[]).
mappings([map(-1000,[ev(-1000,'C0430462','transthoracic echocardiogram','Transthoracic echocardiography',[transthoracic,echocardiogram],[diap],[[[1,1],[1,1],0],[[2,2],[2,2],0]],yes,no,['CHV','MTH'],[1056/28],0,0)])]).
phrase(showed,[verb([lexmatch([showed]),inputmatch([showed]),tag(verb),tokens([showed])])],1085/6,[]).
candidates(1,0,0,1,[]).
mappings([map(-966,[ev(-966,'C1547282','Show','Show',[show],[inpr],[[[1,1],[1,1],1]],yes,no,['HL7V3.0'],[1085/6],0,0)])]).
phrase('severe segmental left ventricular dysfunction',[mod([lexmatch([severe]),inputmatch([severe]),tag(adj),tokens([severe])]),mod([lexmatch([segmental]),inputmatch([segmental]),tag(adj),tokens([segmental])]),head([lexmatch(['left ventricular dysfunction']),inputmatch([left,ventricular,dysfunction]),tag(noun),tokens([left,ventricular,dysfunction])])],1092/45,[]).
candidates(22,9,0,13,[]).
mappings([map(-875,[ev(-637,'C0205082','Severe','Severe (severity modifier)',[severe],[qlco],[[[1,1],[1,1],0]],no,no,['CHV','NLMSubSyn','SNOMEDCT_US'],[1092/6],0,0),ev(-637,'C0205122','Segmental','Segmental',[segmental],[spco],[[[2,2],[1,1],0]],no,no,['MTH'],[1099/9],0,0),ev(-884,'C0242698','Ventricular Dysfunction, Left','Ventricular Dysfunction, Left',[left,ventricular,dysfunction],[patf],[[[3,5],[1,3],0]],yes,no,['MSH','NLMSubSyn'],[1109/28],0,0)])]).
phrase(involving,[verb([lexmatch([involving]),inputmatch([involving]),tag(verb),tokens([involving])])],1138/9,[]).
candidates(1,0,0,1,[]).
mappings([map(-1000,[ev(-1000,'C1314939','Involving','Involvement with',[involving],[ftcn],[[[1,1],[1,1],0]],yes,no,['SNMI','SNOMEDCT_US'],[1138/9],0,0)])]).
phrase('the septum,',[det([lexmatch([the]),inputmatch([the]),tag(det),tokens([the])]),head([lexmatch([septum]),inputmatch([septum]),tag(noun),tokens([septum])]),punc([inputmatch([',']),tokens([])])],1148/11,[]).
candidates(3,1,0,2,[]).
mappings([map(-1000,[ev(-1000,'C1327729',septum,'Cell septum',[septum],[celc],[[[1,1],[1,1],0]],yes,no,['GO','MTH'],[1152/6],0,0)]),map(-1000,[ev(-1000,'C2362924','Septum','Septum - general anatomical term',[septum],[clas],[[[1,1],[1,1],0]],yes,no,['CHV','FMA','MTH'],[1152/6],0,0)])]).
phrase('anteroseptal territory,',[mod([lexmatch([anteroseptal]),inputmatch([anteroseptal]),tag(adj),tokens([anteroseptal])]),head([lexmatch([territory]),inputmatch([territory]),tag(noun),tokens([territory])]),punc([inputmatch([',']),tokens([])])],1160/23,[]).
candidates(3,1,0,2,[]).
mappings([map(-861,[ev(-861,'C1301808','Territory','Geographic state',[territory],[geoa],[[[2,2],[1,1],0]],yes,no,['CHV','MTH','NCI','SNOMEDCT_US'],[1173/9],0,0)]),map(-861,[ev(-861,'C2983136','Territory','Territory',[territory],[geoa],[[[2,2],[1,1],0]],yes,no,['MTH'],[1173/9],0,0)])]).
phrase(and,[conj([lexmatch([and]),inputmatch([and]),tag(conj),tokens([and])])],1184/3,[]).
candidates(0,0,0,0,[]).
mappings([]).
phrase('apex.',[head([lexmatch([apex]),inputmatch([apex]),tag(noun),tokens([apex])]),punc([inputmatch(['.']),tokens([])])],1188/5,[]).
candidates(5,4,0,1,[]).
mappings([map(-1000,[ev(-1000,'C1522410','Apex','Highest',[apex],[qlco],[[[1,1],[1,1],0]],yes,no,['MTH','NCI'],[1188/4],0,0)])]).
'EOU'.
utterance('00000000.tx.12',"The overall left ventricular systolic function was mildly impaired and there was mild mitral regurgitation. ",1194/108,[1301]).
phrase('The overall left ventricular systolic function',[det([lexmatch([the]),inputmatch(['The']),tag(det),tokens([the])]),mod([lexmatch([overall]),inputmatch([overall]),tag(adj),tokens([overall])]),head([lexmatch(['left ventricular systolic function']),inputmatch([left,ventricular,systolic,function]),tag(noun),tokens([left,ventricular,systolic,function])])],1194/46,[]).
candidates(21,7,0,14,[]).
mappings([map(-875,[ev(-637,'C0282416','Overall','Overall Publication Type',[overall],[inpr],[[[1,1],[1,1],0]],no,no,['MSH','MTH'],[1198/7],0,0),ev(-888,'C0080310','Left Ventricular Function','Left Ventricular Function',[left,ventricular,function],[ortf],[[[2,3],[1,2],0],[[5,5],[3,3],0]],yes,no,['MSH','MTH','NLMSubSyn'],[1206/16,1232/8],0,0),ev(-804,'C0039155','Systolic','Systole',[systolic],[tmco],[[[4,4],[1,1],0]],yes,no,['MSH','MTH','SNOMEDCT_US'],[1223/8],0,0)]),map(-875,[ev(-637,'C1561607','Overall','Overall',[overall],[qlco],[[[1,1],[1,1],0]],no,no,['CHV','MTH'],[1198/7],0,0),ev(-888,'C0080310','Left Ventricular Function','Left Ventricular Function',[left,ventricular,function],[ortf],[[[2,3],[1,2],0],[[5,5],[3,3],0]],yes,no,['MSH','MTH','NLMSubSyn'],[1206/16,1232/8],0,0),ev(-804,'C0039155','Systolic','Systole',[systolic],[tmco],[[[4,4],[1,1],0]],yes,no,['MSH','MTH','SNOMEDCT_US'],[1223/8],0,0)])]).
phrase(was,[aux([lexmatch([was]),inputmatch([was]),tag(aux),tokens([was])])],1241/3,[]).
candidates(0,0,0,0,[]).
mappings([]).
phrase(mildly,[adv([lexmatch([mildly]),inputmatch([mildly]),tag(adv),tokens([mildly])])],1245/6,[]).
candidates(2,0,0,2,[]).
mappings([map(-1000,[ev(-1000,'C0750532','MILDLY','MILDLY',[mildly],[idcn],[[[1,1],[1,1],0]],yes,no,['MTH'],[1245/6],0,0)]),map(-1000,[ev(-1000,'C2945599','Mildly','Mild (qualifier value)',[mildly],[qlco],[[[1,1],[1,1],0]],yes,no,['NCI','SNMI','SNOMEDCT_US'],[1245/6],0,0)])]).
phrase(impaired,[verb([lexmatch([impaired]),inputmatch([impaired]),tag(verb),tokens([impaired])])],1252/8,[]).
candidates(2,0,0,2,[]).
mappings([map(-1000,[ev(-1000,'C0221099','Impaired','Impaired',[impaired],[ftcn],[[[1,1],[1,1],0]],yes,no,['CHV','MTH','SNM'],[1252/8],0,0)]),map(-1000,[ev(-1000,'C0684336','Impaired','Impaired health',[impaired],[patf],[[[1,1],[1,1],0]],yes,no,['CHV','LNC','MTH','NCI','SNOMEDCT_US'],[1252/8],0,0)])]).
phrase(and,[conj([lexmatch([and]),inputmatch([and]),tag(conj),tokens([and])])],1261/3,[]).
candidates(0,0,0,0,[]).
mappings([]).
phrase(there,[adv([lexmatch([there]),inputmatch([there]),tag(adv),tokens([there])])],1265/5,[]).
candidates(0,0,0,0,[]).
mappings([]).
phrase(was,[aux([lexmatch([was]),inputmatch([was]),tag(aux),tokens([was])])],1271/3,[]).
candidates(0,0,0,0,[]).
mappings([]).
phrase('mild mitral regurgitation.',[mod([lexmatch([mild]),inputmatch([mild]),tag(adj),tokens([mild])]),head([lexmatch(['mitral regurgitation']),inputmatch([mitral,regurgitation]),tag(noun),tokens([mitral,regurgitation])]),punc([inputmatch(['.']),tokens([])])],1275/26,[]).
candidates(7,0,0,7,[]).
mappings([map(-1000,[ev(-1000,'C3551535','Mitral regurgitation, mild','Mitral regurgitation, mild',[mild,mitral,regurgitation],[fndg],[[[1,1],[1,1],0],[[2,3],[2,3],0]],yes,no,['OMIM'],[1275/25],0,0)])]).
'EOU'.
utterance('00000000.tx.13',"82-year-old woman awakened by acute stabbing chest pain, with ST-segment elevation, hypertension, sinus tachycardia, no diseases on coronary angiography and left ventricular dysfunction on ventriculography.",1302/206,[]).
phrase('82-year-old woman',[shapes([inputmatch(['82']),features([integer]),tokens(['82'])]),punc([inputmatch([-]),tokens([])]),mod([lexmatch([year]),inputmatch([year]),tag(noun),tokens([year])]),punc([inputmatch([-]),tokens([])]),mod([lexmatch([old]),inputmatch([old]),tag(noun),tokens([old])]),head([lexmatch([woman]),inputmatch([woman]),tag(noun),tokens([woman])])],1302/17,[]).
candidates(4,0,0,4,[]).
mappings([map(-775,[ev(-645,'C0439234',year,year,[year],[tmco],[[[2,2],[1,1],0]],no,no,['MTH','NCI','SNOMEDCT_US'],[1305/4],0,0),ev(-645,'C0580836','Old','Old',[old],[tmco],[[[3,3],[1,1],0]],no,no,['MTH'],[1310/3],0,0),ev(-812,'C0043210','Woman','Woman',[woman],[popg],[[[4,4],[1,1],0]],yes,no,['CHV','MSH','MTH','NCI','NLMSubSyn'],[1314/5],0,0)]),map(-775,[ev(-645,'C0439508','/year','per year',[year],[tmco],[[[2,2],[1,1],0]],no,no,['CHV','MTH','NCI','SNOMEDCT_US'],[1305/4],0,0),ev(-645,'C0580836','Old','Old',[old],[tmco],[[[3,3],[1,1],0]],no,no,['MTH'],[1310/3],0,0),ev(-812,'C0043210','Woman','Woman',[woman],[popg],[[[4,4],[1,1],0]],yes,no,['CHV','MSH','MTH','NCI','NLMSubSyn'],[1314/5],0,0)])]).
phrase('awakened by acute stabbing chest pain,',[verb([lexmatch([awakened]),inputmatch([awakened]),tag(verb),tokens([awakened])]),prep([lexmatch([by]),inputmatch([by]),tag(prep),tokens([by])]),mod([lexmatch([acute]),inputmatch([acute]),tag(adj),tokens([acute])]),mod([lexmatch([stabbing]),inputmatch([stabbing]),tag(adj),tokens([stabbing])]),mod([lexmatch(['chest pain']),inputmatch([chest,pain]),tag(noun),tokens([chest,pain])]),punc([inputmatch([',']),tokens([])])],1320/38,[]).
candidates(18,6,0,12,[]).
mappings([map(-799,[ev(-820,'C0522051','Acute chest pain','Acute chest pain',[acute,chest,pain],[sosy],[[[3,3],[1,1],0],[[5,6],[2,3],0]],yes,no,['SNOMEDCT_US'],[1332/5,1347/10],0,0),ev(-753,'C0418391','[X]Stabbing','Assault by stabbing',[stabbing],[inpo],[[[4,4],[1,1],0]],yes,no,['AOD','MTH','SNOMEDCT_US'],[1338/8],0,0)]),map(-799,[ev(-820,'C0522051','Acute chest pain','Acute chest pain',[acute,chest,pain],[sosy],[[[3,3],[1,1],0],[[5,6],[2,3],0]],yes,no,['SNOMEDCT_US'],[1332/5,1347/10],0,0),ev(-753,'C1455792','Stabbing','Stabbing sensation',[stabbing],[qlco],[[[4,4],[1,1],0]],yes,no,['MTH','SNOMEDCT_US'],[1338/8],0,0)])]).
phrase('with ST-segment elevation,',[prep([lexmatch([with]),inputmatch([with]),tag(prep),tokens([with])]),head([lexmatch(['st-segment elevation']),inputmatch(['ST',-,segment,elevation]),tag(noun),tokens([st,segment,elevation])]),punc([inputmatch([',']),tokens([])])],1359/26,[]).
candidates(8,1,0,7,[]).
mappings([map(-1000,[ev(-1000,'C0520886','ST segment elevation','ST segment elevation (finding)',[st,segment,elevation],[fndg],[[[1,3],[1,3],0]],yes,no,['CHV','CST','DXP','SNOMEDCT_US'],[1364/20],0,0)])]).
phrase('hypertension,',[head([lexmatch([hypertension]),inputmatch([hypertension]),tag(noun),tokens([hypertension])]),punc([inputmatch([',']),tokens([])])],1386/13,[]).
candidates(2,0,0,2,[]).
mappings([map(-1000,[ev(-1000,'C0020538','Hypertension','Hypertensive disease',[hypertension],[dsyn],[[[1,1],[1,1],0]],yes,no,['AOD','MSH','MTH','NCI','NLMSubSyn','OMIM','SNM','SNMI','SNOMEDCT_US'],[1386/12],0,0)]),map(-1000,[ev(-1000,'C1963138','Hypertension','Hypertension Adverse Event',[hypertension],[fndg],[[[1,1],[1,1],0]],yes,no,['MTH','NCI'],[1386/12],0,0)])]).
phrase('sinus tachycardia,',[head([lexmatch(['sinus tachycardia']),inputmatch([sinus,tachycardia]),tag(noun),tokens([sinus,tachycardia])]),punc([inputmatch([',']),tokens([])])],1400/18,[]).
candidates(6,0,0,6,[]).
mappings([map(-1000,[ev(-1000,'C0039239','Sinus Tachycardia','Sinus Tachycardia',[sinus,tachycardia],[dsyn],[[[1,2],[1,2],0]],yes,no,['CHV','CST','MSH','MTH'],[1400/17],0,0)]),map(-1000,[ev(-1000,'C1963246','Sinus tachycardia','Sinus Tachycardia Adverse Event',[sinus,tachycardia],[fndg],[[[1,2],[1,2],0]],yes,no,['MTH','NCI'],[1400/17],0,0)])]).
phrase('no diseases on coronary angiography',[det([lexmatch([no]),inputmatch([no]),tag(det),tokens([no])]),head([lexmatch([diseases]),inputmatch([diseases]),tag(noun),tokens([diseases])]),prep([lexmatch([on]),inputmatch([on]),tag(prep),tokens([on])]),mod([lexmatch(['coronary angiography']),inputmatch([coronary,angiography]),tag(noun),tokens([coronary,angiography])])],1419/35,[]).
candidates(13,3,0,10,[]).
mappings([map(-768,[ev(-790,'C0497153','No disease','No disease',[no,disease],[fndg],[[[1,1],[1,1],0],[[2,2],[2,2],1]],yes,no,['MTH','NLMSubSyn'],[1419/11],0,1),ev(-640,'C0085532','Coronary angiography','Coronary angiography',[coronary,angiography],[diap],[[[4,5],[1,2],0]],no,no,['AOD','CHV','MSH','MTH','NCI','NLMSubSyn','SNM','SNOMEDCT_US'],[1434/20],0,0)]),map(-768,[ev(-790,'C0497153','No disease','No disease',[no,disease],[fndg],[[[1,1],[1,1],0],[[2,2],[2,2],1]],yes,no,['MTH','NLMSubSyn'],[1419/11],0,1),ev(-640,'C1548829','Coronary Angiography','Consent Type - Coronary Angiography',[coronary,angiography],[hlca],[[[4,5],[1,2],0]],no,no,['HL7V2.5','MTH','NLMSubSyn'],[1434/20],0,0)]),map(-768,[ev(-790,'C3275117','NO DISEASE','No Evidence of Coronary Artery Disease',[no,disease],[fndg],[[[1,1],[1,1],0],[[2,2],[2,2],1]],yes,no,['MTH','NCI','NLMSubSyn'],[1419/11],0,1),ev(-640,'C0085532','Coronary angiography','Coronary angiography',[coronary,angiography],[diap],[[[4,5],[1,2],0]],no,no,['AOD','CHV','MSH','MTH','NCI','NLMSubSyn','SNM','SNOMEDCT_US'],[1434/20],0,0)]),map(-768,[ev(-790,'C3275117','NO DISEASE','No Evidence of Coronary Artery Disease',[no,disease],[fndg],[[[1,1],[1,1],0],[[2,2],[2,2],1]],yes,no,['MTH','NCI','NLMSubSyn'],[1419/11],0,1),ev(-640,'C1548829','Coronary Angiography','Consent Type - Coronary Angiography',[coronary,angiography],[hlca],[[[4,5],[1,2],0]],no,no,['HL7V2.5','MTH','NLMSubSyn'],[1434/20],0,0)])]).
phrase(and,[conj([lexmatch([and]),inputmatch([and]),tag(conj),tokens([and])])],1455/3,[]).
candidates(0,0,0,0,[]).
mappings([]).
phrase('left ventricular dysfunction on ventriculography.',[head([lexmatch(['left ventricular dysfunction']),inputmatch([left,ventricular,dysfunction]),tag(noun),tokens([left,ventricular,dysfunction])]),prep([lexmatch([on]),inputmatch([on]),tag(prep),tokens([on])]),mod([lexmatch([ventriculography]),inputmatch([ventriculography]),tag(noun),tokens([ventriculography])]),punc([inputmatch(['.']),tokens([])])],1459/49,[]).
candidates(21,9,0,12,[]).
mappings([map(-816,[ev(-862,'C0242698','Ventricular Dysfunction, Left','Ventricular Dysfunction, Left',[left,ventricular,dysfunction],[patf],[[[1,3],[1,3],0]],yes,no,['MSH','NLMSubSyn'],[1459/28],0,1),ev(-593,'C0007800',ventriculography,'Cerebral Ventriculography',[ventriculography],[diap],[[[5,5],[1,1],0]],no,no,['CSP','MSH','MTH','SNOMEDCT_US'],[1491/16],0,0)]),map(-816,[ev(-862,'C0242698','Ventricular Dysfunction, Left','Ventricular Dysfunction, Left',[left,ventricular,dysfunction],[patf],[[[1,3],[1,3],0]],yes,no,['MSH','NLMSubSyn'],[1459/28],0,1),ev(-593,'C0596683',ventriculography,'Cardiac ventriculography',[ventriculography],[diap],[[[5,5],[1,1],0]],no,no,['CSP','MTH','NLMSubSyn'],[1491/16],0,0)])]).
'EOU'.
'EOT'.
