args('metamap14.BINARY.Darwin --lexicon db -Z 2014AA -qE -Q 4 ../../TREC-CDS/2015-original/5.txt ../../TREC-CDS/2015-original-MMed/5.txt.out',[lexicon-db,mm_data_year-'2014AA',machine_output-[],indicate_citation_end-[],composite_phrases-4,infile-'../../TREC-CDS/2015-original/5.txt',outfile-'../../TREC-CDS/2015-original-MMed/5.txt.out']).
aas([]).
neg_list([negation(nega,'with no',[31/7],['C0015672':'Fatigue'],[137/7]),negation(nega,'with no',[31/7],['C2004062':'History','C0262926':'History'],[100/7]),negation(nega,'with no',[31/7],['C1963066':'Joint pain','C0003862':'Joint Pain'],[122/10]),negation(nega,'with no',[31/7],['C1254481':'Medical Problem'],[48/16])]).
utterance('00000000.tx.1',"diagnosis. ",0/11,[10]).
phrase('diagnosis.',[head([lexmatch([diagnosis]),inputmatch([diagnosis]),tag(noun),tokens([diagnosis])]),punc([inputmatch(['.']),tokens([])])],0/10,[]).
candidates(3,0,0,3,[]).
mappings([map(-1000,[ev(-1000,'C0011900','Diagnosis','Diagnosis',[diagnosis],[fndg],[[[1,1],[1,1],0]],yes,no,['CCS','CHV','LNC','MTH','NCI'],[0/9],0,0)]),map(-1000,[ev(-1000,'C1704338',diagnosis,'diagnosis aspect',[diagnosis],[qlco],[[[1,1],[1,1],0]],yes,no,['MSH','MTH','NLMSubSyn'],[0/9],0,0)]),map(-1000,[ev(-1000,'C1704656','DIAGNOSIS','Diagnosis Study',[diagnosis],[resa],[[[1,1],[1,1],0]],yes,no,['MTH','NCI'],[0/9],0,0)])]).
'EOU'.
utterance('00000000.tx.2',"A 31-year-old woman with no previous medical problems comes to the emergency room with a history of 2 weeks of joint pain and fatigue. ",11/135,[]).
phrase('A 31-year-old woman with no previous medical problems',[det([lexmatch([a]),inputmatch(['A']),tag(det),tokens([a])]),shapes([inputmatch(['31']),features([integer]),tokens(['31'])]),punc([inputmatch([-]),tokens([])]),mod([lexmatch([year]),inputmatch([year]),tag(noun),tokens([year])]),punc([inputmatch([-]),tokens([])]),mod([lexmatch([old]),inputmatch([old]),tag(noun),tokens([old])]),head([lexmatch([woman]),inputmatch([woman]),tag(noun),tokens([woman])]),prep([lexmatch([with]),inputmatch([with]),tag(prep),tokens([with])]),det([lexmatch([no]),inputmatch([no]),tag(det),tokens([no])]),mod([lexmatch([previous]),inputmatch([previous]),tag(adj),tokens([previous])]),mod([lexmatch([medical]),inputmatch([medical]),tag(adj),tokens([medical])]),mod([lexmatch([problems]),inputmatch([problems]),tag(noun),tokens([problems])])],11/53,[]).
candidates(12,1,0,11,[]).
mappings([map(-680,[ev(-573,'C0450355','31','Arabic numeral 31',['31'],[inpr],[[[2,2],[1,1],0]],no,no,['SNOMEDCT_US'],[13/2],0,0),ev(-573,'C0439234',year,year,[year],[tmco],[[[3,3],[1,1],0]],no,no,['MTH','NCI','SNOMEDCT_US'],[16/4],0,0),ev(-573,'C0580836','Old','Old',[old],[tmco],[[[4,4],[1,1],0]],no,no,['MTH'],[21/3],0,0),ev(-739,'C0043210','Woman','Woman',[woman],[popg],[[[5,5],[1,1],0]],yes,no,['CHV','MSH','MTH','NCI','NLMSubSyn'],[25/5],0,0),ev(-573,'C0205156','Previous','Previous',[previous],[tmco],[[[8,8],[1,1],0]],no,no,['MTH','NCI'],[39/8],0,0),ev(-576,'C1254481','Medical Problem','Patient Problem',[medical,problem],[fndg],[[[9,9],[1,1],0],[[10,10],[2,2],1]],no,no,['CHV','MTH','NCI','NLMSubSyn'],[48/16],0,1)]),map(-680,[ev(-573,'C0450355','31','Arabic numeral 31',['31'],[inpr],[[[2,2],[1,1],0]],no,no,['SNOMEDCT_US'],[13/2],0,0),ev(-573,'C0439234',year,year,[year],[tmco],[[[3,3],[1,1],0]],no,no,['MTH','NCI','SNOMEDCT_US'],[16/4],0,0),ev(-573,'C0580836','Old','Old',[old],[tmco],[[[4,4],[1,1],0]],no,no,['MTH'],[21/3],0,0),ev(-739,'C0043210','Woman','Woman',[woman],[popg],[[[5,5],[1,1],0]],yes,no,['CHV','MSH','MTH','NCI','NLMSubSyn'],[25/5],0,0),ev(-573,'C0205156','Previous','Previous',[previous],[tmco],[[[8,8],[1,1],0]],no,no,['MTH','NCI'],[39/8],0,0),ev(-576,'C1715372','Medical problem','Medical problem:Finding:Point in time:^Patient:Nominal',[medical,problem],[clna],[[[9,9],[1,1],0],[[10,10],[2,2],1]],no,no,['LNC','NLMSubSyn'],[48/16],0,0)]),map(-680,[ev(-573,'C0450355','31','Arabic numeral 31',['31'],[inpr],[[[2,2],[1,1],0]],no,no,['SNOMEDCT_US'],[13/2],0,0),ev(-573,'C0439234',year,year,[year],[tmco],[[[3,3],[1,1],0]],no,no,['MTH','NCI','SNOMEDCT_US'],[16/4],0,0),ev(-573,'C0580836','Old','Old',[old],[tmco],[[[4,4],[1,1],0]],no,no,['MTH'],[21/3],0,0),ev(-739,'C0043210','Woman','Woman',[woman],[popg],[[[5,5],[1,1],0]],yes,no,['CHV','MSH','MTH','NCI','NLMSubSyn'],[25/5],0,0),ev(-573,'C1552607',previous,'Act Relationship Subset - previous',[previous],[tmco],[[[8,8],[1,1],0]],no,no,['HL7V3.0','MTH'],[39/8],0,0),ev(-576,'C1254481','Medical Problem','Patient Problem',[medical,problem],[fndg],[[[9,9],[1,1],0],[[10,10],[2,2],1]],no,no,['CHV','MTH','NCI','NLMSubSyn'],[48/16],0,1)]),map(-680,[ev(-573,'C0450355','31','Arabic numeral 31',['31'],[inpr],[[[2,2],[1,1],0]],no,no,['SNOMEDCT_US'],[13/2],0,0),ev(-573,'C0439234',year,year,[year],[tmco],[[[3,3],[1,1],0]],no,no,['MTH','NCI','SNOMEDCT_US'],[16/4],0,0),ev(-573,'C0580836','Old','Old',[old],[tmco],[[[4,4],[1,1],0]],no,no,['MTH'],[21/3],0,0),ev(-739,'C0043210','Woman','Woman',[woman],[popg],[[[5,5],[1,1],0]],yes,no,['CHV','MSH','MTH','NCI','NLMSubSyn'],[25/5],0,0),ev(-573,'C1552607',previous,'Act Relationship Subset - previous',[previous],[tmco],[[[8,8],[1,1],0]],no,no,['HL7V3.0','MTH'],[39/8],0,0),ev(-576,'C1715372','Medical problem','Medical problem:Finding:Point in time:^Patient:Nominal',[medical,problem],[clna],[[[9,9],[1,1],0],[[10,10],[2,2],1]],no,no,['LNC','NLMSubSyn'],[48/16],0,0)]),map(-680,[ev(-573,'C0450355','31','Arabic numeral 31',['31'],[inpr],[[[2,2],[1,1],0]],no,no,['SNOMEDCT_US'],[13/2],0,0),ev(-573,'C0439508','/year','per year',[year],[tmco],[[[3,3],[1,1],0]],no,no,['CHV','MTH','NCI','SNOMEDCT_US'],[16/4],0,0),ev(-573,'C0580836','Old','Old',[old],[tmco],[[[4,4],[1,1],0]],no,no,['MTH'],[21/3],0,0),ev(-739,'C0043210','Woman','Woman',[woman],[popg],[[[5,5],[1,1],0]],yes,no,['CHV','MSH','MTH','NCI','NLMSubSyn'],[25/5],0,0),ev(-573,'C0205156','Previous','Previous',[previous],[tmco],[[[8,8],[1,1],0]],no,no,['MTH','NCI'],[39/8],0,0),ev(-576,'C1254481','Medical Problem','Patient Problem',[medical,problem],[fndg],[[[9,9],[1,1],0],[[10,10],[2,2],1]],no,no,['CHV','MTH','NCI','NLMSubSyn'],[48/16],0,1)]),map(-680,[ev(-573,'C0450355','31','Arabic numeral 31',['31'],[inpr],[[[2,2],[1,1],0]],no,no,['SNOMEDCT_US'],[13/2],0,0),ev(-573,'C0439508','/year','per year',[year],[tmco],[[[3,3],[1,1],0]],no,no,['CHV','MTH','NCI','SNOMEDCT_US'],[16/4],0,0),ev(-573,'C0580836','Old','Old',[old],[tmco],[[[4,4],[1,1],0]],no,no,['MTH'],[21/3],0,0),ev(-739,'C0043210','Woman','Woman',[woman],[popg],[[[5,5],[1,1],0]],yes,no,['CHV','MSH','MTH','NCI','NLMSubSyn'],[25/5],0,0),ev(-573,'C0205156','Previous','Previous',[previous],[tmco],[[[8,8],[1,1],0]],no,no,['MTH','NCI'],[39/8],0,0),ev(-576,'C1715372','Medical problem','Medical problem:Finding:Point in time:^Patient:Nominal',[medical,problem],[clna],[[[9,9],[1,1],0],[[10,10],[2,2],1]],no,no,['LNC','NLMSubSyn'],[48/16],0,0)]),map(-680,[ev(-573,'C0450355','31','Arabic numeral 31',['31'],[inpr],[[[2,2],[1,1],0]],no,no,['SNOMEDCT_US'],[13/2],0,0),ev(-573,'C0439508','/year','per year',[year],[tmco],[[[3,3],[1,1],0]],no,no,['CHV','MTH','NCI','SNOMEDCT_US'],[16/4],0,0),ev(-573,'C0580836','Old','Old',[old],[tmco],[[[4,4],[1,1],0]],no,no,['MTH'],[21/3],0,0),ev(-739,'C0043210','Woman','Woman',[woman],[popg],[[[5,5],[1,1],0]],yes,no,['CHV','MSH','MTH','NCI','NLMSubSyn'],[25/5],0,0),ev(-573,'C1552607',previous,'Act Relationship Subset - previous',[previous],[tmco],[[[8,8],[1,1],0]],no,no,['HL7V3.0','MTH'],[39/8],0,0),ev(-576,'C1254481','Medical Problem','Patient Problem',[medical,problem],[fndg],[[[9,9],[1,1],0],[[10,10],[2,2],1]],no,no,['CHV','MTH','NCI','NLMSubSyn'],[48/16],0,1)]),map(-680,[ev(-573,'C0450355','31','Arabic numeral 31',['31'],[inpr],[[[2,2],[1,1],0]],no,no,['SNOMEDCT_US'],[13/2],0,0),ev(-573,'C0439508','/year','per year',[year],[tmco],[[[3,3],[1,1],0]],no,no,['CHV','MTH','NCI','SNOMEDCT_US'],[16/4],0,0),ev(-573,'C0580836','Old','Old',[old],[tmco],[[[4,4],[1,1],0]],no,no,['MTH'],[21/3],0,0),ev(-739,'C0043210','Woman','Woman',[woman],[popg],[[[5,5],[1,1],0]],yes,no,['CHV','MSH','MTH','NCI','NLMSubSyn'],[25/5],0,0),ev(-573,'C1552607',previous,'Act Relationship Subset - previous',[previous],[tmco],[[[8,8],[1,1],0]],no,no,['HL7V3.0','MTH'],[39/8],0,0),ev(-576,'C1715372','Medical problem','Medical problem:Finding:Point in time:^Patient:Nominal',[medical,problem],[clna],[[[9,9],[1,1],0],[[10,10],[2,2],1]],no,no,['LNC','NLMSubSyn'],[48/16],0,0)])]).
phrase('comes to the emergency room',[verb([lexmatch([comes]),inputmatch([comes]),tag(verb),tokens([comes])]),prep([lexmatch([to]),inputmatch([to]),tag(prep),tokens([to])]),det([lexmatch([the]),inputmatch([the]),tag(det),tokens([the])]),mod([lexmatch(['emergency room']),inputmatch([emergency,room]),tag(noun),tokens([emergency,room])])],65/27,[]).
candidates(5,0,0,5,[]).
mappings([map(-806,[ev(-806,'C0562508','Emergency Room','Accident and Emergency department',[emergency,room],[hcro],[[[4,5],[1,2],0]],yes,no,['CHV','MSH','MTH','NCI','NLMSubSyn','SNOMEDCT_US'],[78/14],0,0)])]).
phrase('with a history of 2 weeks of joint pain',[prep([lexmatch([with]),inputmatch([with]),tag(prep),tokens([with])]),det([lexmatch([a]),inputmatch([a]),tag(det),tokens([a])]),head([lexmatch([history]),inputmatch([history]),tag(noun),tokens([history])]),prep([lexmatch([of]),inputmatch([of]),tag(prep),tokens([of])]),shapes([inputmatch(['2']),features([integer]),tokens(['2'])]),mod([lexmatch([weeks]),inputmatch([weeks]),tag(noun),tokens([weeks])]),prep([lexmatch([of]),inputmatch([of]),tag(prep),tokens([of])]),mod([lexmatch(['joint pain']),inputmatch([joint,pain]),tag(noun),tokens([joint,pain])])],93/39,[]).
candidates(21,4,0,17,[]).
mappings([map(-664,[ev(-575,'C0332287','With','In addition to',[with],[qlco],[[[1,1],[1,1],0]],no,no,['MTH','NCI','SNOMEDCT_US'],[93/4],0,0),ev(-742,'C0019664','History','History',[history],[ocdi],[[[3,3],[1,1],0]],yes,no,['CHV','MSH','MTH'],[100/7],0,0),ev(-575,'C0439230',weeks,week,[weeks],[tmco],[[[6,6],[1,1],0]],no,no,['MTH','SNOMEDCT_US'],[113/5],0,0),ev(-598,'C0003862','Joint Pain','Arthralgia',[joint,pain],[sosy],[[[8,9],[1,2],0]],no,no,['CHV','CST','ICD10CM','ICF','MSH','MTH','NCI','NLMSubSyn','OMIM','SNOMEDCT_US'],[122/10],0,1)]),map(-664,[ev(-575,'C0332287','With','In addition to',[with],[qlco],[[[1,1],[1,1],0]],no,no,['MTH','NCI','SNOMEDCT_US'],[93/4],0,0),ev(-742,'C0019664','History','History',[history],[ocdi],[[[3,3],[1,1],0]],yes,no,['CHV','MSH','MTH'],[100/7],0,0),ev(-575,'C0439230',weeks,week,[weeks],[tmco],[[[6,6],[1,1],0]],no,no,['MTH','SNOMEDCT_US'],[113/5],0,0),ev(-598,'C1963066','Joint pain','Joint Pain Adverse Event',[joint,pain],[fndg],[[[8,9],[1,2],0]],no,no,['MTH','NCI'],[122/10],0,1)]),map(-664,[ev(-575,'C0332287','With','In addition to',[with],[qlco],[[[1,1],[1,1],0]],no,no,['MTH','NCI','SNOMEDCT_US'],[93/4],0,0),ev(-742,'C0019665',history,'Historical aspects qualifier',[history],[inpr],[[[3,3],[1,1],0]],yes,no,['MSH','MTH'],[100/7],0,0),ev(-575,'C0439230',weeks,week,[weeks],[tmco],[[[6,6],[1,1],0]],no,no,['MTH','SNOMEDCT_US'],[113/5],0,0),ev(-598,'C0003862','Joint Pain','Arthralgia',[joint,pain],[sosy],[[[8,9],[1,2],0]],no,no,['CHV','CST','ICD10CM','ICF','MSH','MTH','NCI','NLMSubSyn','OMIM','SNOMEDCT_US'],[122/10],0,1)]),map(-664,[ev(-575,'C0332287','With','In addition to',[with],[qlco],[[[1,1],[1,1],0]],no,no,['MTH','NCI','SNOMEDCT_US'],[93/4],0,0),ev(-742,'C0019665',history,'Historical aspects qualifier',[history],[inpr],[[[3,3],[1,1],0]],yes,no,['MSH','MTH'],[100/7],0,0),ev(-575,'C0439230',weeks,week,[weeks],[tmco],[[[6,6],[1,1],0]],no,no,['MTH','SNOMEDCT_US'],[113/5],0,0),ev(-598,'C1963066','Joint pain','Joint Pain Adverse Event',[joint,pain],[fndg],[[[8,9],[1,2],0]],no,no,['MTH','NCI'],[122/10],0,1)]),map(-664,[ev(-575,'C0332287','With','In addition to',[with],[qlco],[[[1,1],[1,1],0]],no,no,['MTH','NCI','SNOMEDCT_US'],[93/4],0,0),ev(-742,'C0262512','History, NOS','History of present illness',[history],[orga],[[[3,3],[1,1],0]],yes,no,['MTH','SNMI'],[100/7],0,0),ev(-575,'C0439230',weeks,week,[weeks],[tmco],[[[6,6],[1,1],0]],no,no,['MTH','SNOMEDCT_US'],[113/5],0,0),ev(-598,'C0003862','Joint Pain','Arthralgia',[joint,pain],[sosy],[[[8,9],[1,2],0]],no,no,['CHV','CST','ICD10CM','ICF','MSH','MTH','NCI','NLMSubSyn','OMIM','SNOMEDCT_US'],[122/10],0,1)]),map(-664,[ev(-575,'C0332287','With','In addition to',[with],[qlco],[[[1,1],[1,1],0]],no,no,['MTH','NCI','SNOMEDCT_US'],[93/4],0,0),ev(-742,'C0262512','History, NOS','History of present illness',[history],[orga],[[[3,3],[1,1],0]],yes,no,['MTH','SNMI'],[100/7],0,0),ev(-575,'C0439230',weeks,week,[weeks],[tmco],[[[6,6],[1,1],0]],no,no,['MTH','SNOMEDCT_US'],[113/5],0,0),ev(-598,'C1963066','Joint pain','Joint Pain Adverse Event',[joint,pain],[fndg],[[[8,9],[1,2],0]],no,no,['MTH','NCI'],[122/10],0,1)]),map(-664,[ev(-575,'C0332287','With','In addition to',[with],[qlco],[[[1,1],[1,1],0]],no,no,['MTH','NCI','SNOMEDCT_US'],[93/4],0,0),ev(-742,'C0262926','History','Medical History',[history],[fndg],[[[3,3],[1,1],0]],yes,no,['LNC','MTH','NCI','NLMSubSyn','SNOMEDCT_US'],[100/7],0,1),ev(-575,'C0439230',weeks,week,[weeks],[tmco],[[[6,6],[1,1],0]],no,no,['MTH','SNOMEDCT_US'],[113/5],0,0),ev(-598,'C0003862','Joint Pain','Arthralgia',[joint,pain],[sosy],[[[8,9],[1,2],0]],no,no,['CHV','CST','ICD10CM','ICF','MSH','MTH','NCI','NLMSubSyn','OMIM','SNOMEDCT_US'],[122/10],0,1)]),map(-664,[ev(-575,'C0332287','With','In addition to',[with],[qlco],[[[1,1],[1,1],0]],no,no,['MTH','NCI','SNOMEDCT_US'],[93/4],0,0),ev(-742,'C0262926','History','Medical History',[history],[fndg],[[[3,3],[1,1],0]],yes,no,['LNC','MTH','NCI','NLMSubSyn','SNOMEDCT_US'],[100/7],0,1),ev(-575,'C0439230',weeks,week,[weeks],[tmco],[[[6,6],[1,1],0]],no,no,['MTH','SNOMEDCT_US'],[113/5],0,0),ev(-598,'C1963066','Joint pain','Joint Pain Adverse Event',[joint,pain],[fndg],[[[8,9],[1,2],0]],no,no,['MTH','NCI'],[122/10],0,1)]),map(-664,[ev(-575,'C0332287','With','In addition to',[with],[qlco],[[[1,1],[1,1],0]],no,no,['MTH','NCI','SNOMEDCT_US'],[93/4],0,0),ev(-742,'C1705255','History','Concept History',[history],[cnce],[[[3,3],[1,1],0]],yes,no,['MTH','NCI'],[100/7],0,0),ev(-575,'C0439230',weeks,week,[weeks],[tmco],[[[6,6],[1,1],0]],no,no,['MTH','SNOMEDCT_US'],[113/5],0,0),ev(-598,'C0003862','Joint Pain','Arthralgia',[joint,pain],[sosy],[[[8,9],[1,2],0]],no,no,['CHV','CST','ICD10CM','ICF','MSH','MTH','NCI','NLMSubSyn','OMIM','SNOMEDCT_US'],[122/10],0,1)]),map(-664,[ev(-575,'C0332287','With','In addition to',[with],[qlco],[[[1,1],[1,1],0]],no,no,['MTH','NCI','SNOMEDCT_US'],[93/4],0,0),ev(-742,'C1705255','History','Concept History',[history],[cnce],[[[3,3],[1,1],0]],yes,no,['MTH','NCI'],[100/7],0,0),ev(-575,'C0439230',weeks,week,[weeks],[tmco],[[[6,6],[1,1],0]],no,no,['MTH','SNOMEDCT_US'],[113/5],0,0),ev(-598,'C1963066','Joint pain','Joint Pain Adverse Event',[joint,pain],[fndg],[[[8,9],[1,2],0]],no,no,['MTH','NCI'],[122/10],0,1)]),map(-664,[ev(-575,'C0332287','With','In addition to',[with],[qlco],[[[1,1],[1,1],0]],no,no,['MTH','NCI','SNOMEDCT_US'],[93/4],0,0),ev(-742,'C2004062','History','History of previous events',[history],[fndg],[[[3,3],[1,1],0]],yes,no,['MTH','NCI'],[100/7],0,1),ev(-575,'C0439230',weeks,week,[weeks],[tmco],[[[6,6],[1,1],0]],no,no,['MTH','SNOMEDCT_US'],[113/5],0,0),ev(-598,'C0003862','Joint Pain','Arthralgia',[joint,pain],[sosy],[[[8,9],[1,2],0]],no,no,['CHV','CST','ICD10CM','ICF','MSH','MTH','NCI','NLMSubSyn','OMIM','SNOMEDCT_US'],[122/10],0,1)]),map(-664,[ev(-575,'C0332287','With','In addition to',[with],[qlco],[[[1,1],[1,1],0]],no,no,['MTH','NCI','SNOMEDCT_US'],[93/4],0,0),ev(-742,'C2004062','History','History of previous events',[history],[fndg],[[[3,3],[1,1],0]],yes,no,['MTH','NCI'],[100/7],0,1),ev(-575,'C0439230',weeks,week,[weeks],[tmco],[[[6,6],[1,1],0]],no,no,['MTH','SNOMEDCT_US'],[113/5],0,0),ev(-598,'C1963066','Joint pain','Joint Pain Adverse Event',[joint,pain],[fndg],[[[8,9],[1,2],0]],no,no,['MTH','NCI'],[122/10],0,1)]),map(-664,[ev(-575,'C1705690','With','With - dosing instruction fragment',[with],[inpr],[[[1,1],[1,1],0]],no,no,['MTH','SNOMEDCT_US'],[93/4],0,0),ev(-742,'C0019664','History','History',[history],[ocdi],[[[3,3],[1,1],0]],yes,no,['CHV','MSH','MTH'],[100/7],0,0),ev(-575,'C0439230',weeks,week,[weeks],[tmco],[[[6,6],[1,1],0]],no,no,['MTH','SNOMEDCT_US'],[113/5],0,0),ev(-598,'C0003862','Joint Pain','Arthralgia',[joint,pain],[sosy],[[[8,9],[1,2],0]],no,no,['CHV','CST','ICD10CM','ICF','MSH','MTH','NCI','NLMSubSyn','OMIM','SNOMEDCT_US'],[122/10],0,1)]),map(-664,[ev(-575,'C1705690','With','With - dosing instruction fragment',[with],[inpr],[[[1,1],[1,1],0]],no,no,['MTH','SNOMEDCT_US'],[93/4],0,0),ev(-742,'C0019664','History','History',[history],[ocdi],[[[3,3],[1,1],0]],yes,no,['CHV','MSH','MTH'],[100/7],0,0),ev(-575,'C0439230',weeks,week,[weeks],[tmco],[[[6,6],[1,1],0]],no,no,['MTH','SNOMEDCT_US'],[113/5],0,0),ev(-598,'C1963066','Joint pain','Joint Pain Adverse Event',[joint,pain],[fndg],[[[8,9],[1,2],0]],no,no,['MTH','NCI'],[122/10],0,1)]),map(-664,[ev(-575,'C1705690','With','With - dosing instruction fragment',[with],[inpr],[[[1,1],[1,1],0]],no,no,['MTH','SNOMEDCT_US'],[93/4],0,0),ev(-742,'C0019665',history,'Historical aspects qualifier',[history],[inpr],[[[3,3],[1,1],0]],yes,no,['MSH','MTH'],[100/7],0,0),ev(-575,'C0439230',weeks,week,[weeks],[tmco],[[[6,6],[1,1],0]],no,no,['MTH','SNOMEDCT_US'],[113/5],0,0),ev(-598,'C0003862','Joint Pain','Arthralgia',[joint,pain],[sosy],[[[8,9],[1,2],0]],no,no,['CHV','CST','ICD10CM','ICF','MSH','MTH','NCI','NLMSubSyn','OMIM','SNOMEDCT_US'],[122/10],0,1)]),map(-664,[ev(-575,'C1705690','With','With - dosing instruction fragment',[with],[inpr],[[[1,1],[1,1],0]],no,no,['MTH','SNOMEDCT_US'],[93/4],0,0),ev(-742,'C0019665',history,'Historical aspects qualifier',[history],[inpr],[[[3,3],[1,1],0]],yes,no,['MSH','MTH'],[100/7],0,0),ev(-575,'C0439230',weeks,week,[weeks],[tmco],[[[6,6],[1,1],0]],no,no,['MTH','SNOMEDCT_US'],[113/5],0,0),ev(-598,'C1963066','Joint pain','Joint Pain Adverse Event',[joint,pain],[fndg],[[[8,9],[1,2],0]],no,no,['MTH','NCI'],[122/10],0,1)]),map(-664,[ev(-575,'C1705690','With','With - dosing instruction fragment',[with],[inpr],[[[1,1],[1,1],0]],no,no,['MTH','SNOMEDCT_US'],[93/4],0,0),ev(-742,'C0262512','History, NOS','History of present illness',[history],[orga],[[[3,3],[1,1],0]],yes,no,['MTH','SNMI'],[100/7],0,0),ev(-575,'C0439230',weeks,week,[weeks],[tmco],[[[6,6],[1,1],0]],no,no,['MTH','SNOMEDCT_US'],[113/5],0,0),ev(-598,'C0003862','Joint Pain','Arthralgia',[joint,pain],[sosy],[[[8,9],[1,2],0]],no,no,['CHV','CST','ICD10CM','ICF','MSH','MTH','NCI','NLMSubSyn','OMIM','SNOMEDCT_US'],[122/10],0,1)]),map(-664,[ev(-575,'C1705690','With','With - dosing instruction fragment',[with],[inpr],[[[1,1],[1,1],0]],no,no,['MTH','SNOMEDCT_US'],[93/4],0,0),ev(-742,'C0262512','History, NOS','History of present illness',[history],[orga],[[[3,3],[1,1],0]],yes,no,['MTH','SNMI'],[100/7],0,0),ev(-575,'C0439230',weeks,week,[weeks],[tmco],[[[6,6],[1,1],0]],no,no,['MTH','SNOMEDCT_US'],[113/5],0,0),ev(-598,'C1963066','Joint pain','Joint Pain Adverse Event',[joint,pain],[fndg],[[[8,9],[1,2],0]],no,no,['MTH','NCI'],[122/10],0,1)]),map(-664,[ev(-575,'C1705690','With','With - dosing instruction fragment',[with],[inpr],[[[1,1],[1,1],0]],no,no,['MTH','SNOMEDCT_US'],[93/4],0,0),ev(-742,'C0262926','History','Medical History',[history],[fndg],[[[3,3],[1,1],0]],yes,no,['LNC','MTH','NCI','NLMSubSyn','SNOMEDCT_US'],[100/7],0,1),ev(-575,'C0439230',weeks,week,[weeks],[tmco],[[[6,6],[1,1],0]],no,no,['MTH','SNOMEDCT_US'],[113/5],0,0),ev(-598,'C0003862','Joint Pain','Arthralgia',[joint,pain],[sosy],[[[8,9],[1,2],0]],no,no,['CHV','CST','ICD10CM','ICF','MSH','MTH','NCI','NLMSubSyn','OMIM','SNOMEDCT_US'],[122/10],0,1)]),map(-664,[ev(-575,'C1705690','With','With - dosing instruction fragment',[with],[inpr],[[[1,1],[1,1],0]],no,no,['MTH','SNOMEDCT_US'],[93/4],0,0),ev(-742,'C0262926','History','Medical History',[history],[fndg],[[[3,3],[1,1],0]],yes,no,['LNC','MTH','NCI','NLMSubSyn','SNOMEDCT_US'],[100/7],0,1),ev(-575,'C0439230',weeks,week,[weeks],[tmco],[[[6,6],[1,1],0]],no,no,['MTH','SNOMEDCT_US'],[113/5],0,0),ev(-598,'C1963066','Joint pain','Joint Pain Adverse Event',[joint,pain],[fndg],[[[8,9],[1,2],0]],no,no,['MTH','NCI'],[122/10],0,1)]),map(-664,[ev(-575,'C1705690','With','With - dosing instruction fragment',[with],[inpr],[[[1,1],[1,1],0]],no,no,['MTH','SNOMEDCT_US'],[93/4],0,0),ev(-742,'C1705255','History','Concept History',[history],[cnce],[[[3,3],[1,1],0]],yes,no,['MTH','NCI'],[100/7],0,0),ev(-575,'C0439230',weeks,week,[weeks],[tmco],[[[6,6],[1,1],0]],no,no,['MTH','SNOMEDCT_US'],[113/5],0,0),ev(-598,'C0003862','Joint Pain','Arthralgia',[joint,pain],[sosy],[[[8,9],[1,2],0]],no,no,['CHV','CST','ICD10CM','ICF','MSH','MTH','NCI','NLMSubSyn','OMIM','SNOMEDCT_US'],[122/10],0,1)]),map(-664,[ev(-575,'C1705690','With','With - dosing instruction fragment',[with],[inpr],[[[1,1],[1,1],0]],no,no,['MTH','SNOMEDCT_US'],[93/4],0,0),ev(-742,'C1705255','History','Concept History',[history],[cnce],[[[3,3],[1,1],0]],yes,no,['MTH','NCI'],[100/7],0,0),ev(-575,'C0439230',weeks,week,[weeks],[tmco],[[[6,6],[1,1],0]],no,no,['MTH','SNOMEDCT_US'],[113/5],0,0),ev(-598,'C1963066','Joint pain','Joint Pain Adverse Event',[joint,pain],[fndg],[[[8,9],[1,2],0]],no,no,['MTH','NCI'],[122/10],0,1)]),map(-664,[ev(-575,'C1705690','With','With - dosing instruction fragment',[with],[inpr],[[[1,1],[1,1],0]],no,no,['MTH','SNOMEDCT_US'],[93/4],0,0),ev(-742,'C2004062','History','History of previous events',[history],[fndg],[[[3,3],[1,1],0]],yes,no,['MTH','NCI'],[100/7],0,1),ev(-575,'C0439230',weeks,week,[weeks],[tmco],[[[6,6],[1,1],0]],no,no,['MTH','SNOMEDCT_US'],[113/5],0,0),ev(-598,'C0003862','Joint Pain','Arthralgia',[joint,pain],[sosy],[[[8,9],[1,2],0]],no,no,['CHV','CST','ICD10CM','ICF','MSH','MTH','NCI','NLMSubSyn','OMIM','SNOMEDCT_US'],[122/10],0,1)]),map(-664,[ev(-575,'C1705690','With','With - dosing instruction fragment',[with],[inpr],[[[1,1],[1,1],0]],no,no,['MTH','SNOMEDCT_US'],[93/4],0,0),ev(-742,'C2004062','History','History of previous events',[history],[fndg],[[[3,3],[1,1],0]],yes,no,['MTH','NCI'],[100/7],0,1),ev(-575,'C0439230',weeks,week,[weeks],[tmco],[[[6,6],[1,1],0]],no,no,['MTH','SNOMEDCT_US'],[113/5],0,0),ev(-598,'C1963066','Joint pain','Joint Pain Adverse Event',[joint,pain],[fndg],[[[8,9],[1,2],0]],no,no,['MTH','NCI'],[122/10],0,1)])]).
phrase(and,[conj([lexmatch([and]),inputmatch([and]),tag(conj),tokens([and])])],133/3,[]).
candidates(0,0,0,0,[]).
mappings([]).
phrase('fatigue.',[head([lexmatch([fatigue]),inputmatch([fatigue]),tag(noun),tokens([fatigue])]),punc([inputmatch(['.']),tokens([])])],137/8,[]).
candidates(1,0,0,1,[]).
mappings([map(-1000,[ev(-1000,'C0015672','Fatigue','Fatigue',[fatigue],[sosy],[[[1,1],[1,1],0]],yes,no,['AOD','CHV','MTH','NCI','NLMSubSyn','SNMI','SNOMEDCT_US'],[137/7],0,1)])]).
'EOU'.
utterance('00000000.tx.3',"Initially she had right ankle swelling and difficulty standing up and walking, all of which resolved after a few days. ",146/119,[]).
phrase('Initially',[adv([lexmatch([initially]),inputmatch(['Initially']),tag(adv),tokens([initially])])],146/9,[]).
candidates(1,0,0,1,[]).
mappings([map(-1000,[ev(-1000,'C0205265','Initially','Initially',[initially],[tmco],[[[1,1],[1,1],0]],yes,no,['MTH','SNOMEDCT_US'],[146/9],0,0)])]).
phrase(she,[pron([lexmatch([she]),inputmatch([she]),tag(pron),tokens([she])])],156/3,[]).
candidates(0,0,0,0,[]).
mappings([]).
phrase(had,[aux([lexmatch([had]),inputmatch([had]),tag(aux),tokens([had])])],160/3,[]).
candidates(0,0,0,0,[]).
mappings([]).
phrase('right ankle swelling',[mod([lexmatch([right]),inputmatch([right]),tag(adj),tokens([right])]),mod([lexmatch([ankle]),inputmatch([ankle]),tag(noun),tokens([ankle])]),head([lexmatch([swelling]),inputmatch([swelling]),tag(noun),tokens([swelling])])],164/20,[]).
candidates(11,1,0,10,[]).
mappings([map(-901,[ev(-734,'C0230447','Right ankle','Structure of right ankle',[right,ankle],[blor],[[[1,1],[1,1],0],[[2,2],[2,2],0]],no,no,['FMA','LNC','MTH','NLMSubSyn','SNOMEDCT_US'],[164/11],0,0),ev(-827,'C0013604','SWELLING','Edema',[swelling],[patf],[[[3,3],[1,1],0]],yes,no,['CHV','CST','ICD10CM','MSH','MTH','NLMSubSyn','SNMI','SNOMEDCT_US','SNOMEDCT_VET'],[176/8],0,0)]),map(-901,[ev(-734,'C0230447','Right ankle','Structure of right ankle',[right,ankle],[blor],[[[1,1],[1,1],0],[[2,2],[2,2],0]],no,no,['FMA','LNC','MTH','NLMSubSyn','SNOMEDCT_US'],[164/11],0,0),ev(-827,'C0038999','Swelling','Swelling',[swelling],[fndg],[[[3,3],[1,1],0]],yes,no,['CHV','MTH','SNMI','SNOMEDCT_US'],[176/8],0,0)]),map(-901,[ev(-734,'C1280013','Right ankle','Entire right ankle',[right,ankle],[bpoc],[[[1,1],[1,1],0],[[2,2],[2,2],0]],no,no,['MTH','NLMSubSyn','SNOMEDCT_US'],[164/11],0,0),ev(-827,'C0013604','SWELLING','Edema',[swelling],[patf],[[[3,3],[1,1],0]],yes,no,['CHV','CST','ICD10CM','MSH','MTH','NLMSubSyn','SNMI','SNOMEDCT_US','SNOMEDCT_VET'],[176/8],0,0)]),map(-901,[ev(-734,'C1280013','Right ankle','Entire right ankle',[right,ankle],[bpoc],[[[1,1],[1,1],0],[[2,2],[2,2],0]],no,no,['MTH','NLMSubSyn','SNOMEDCT_US'],[164/11],0,0),ev(-827,'C0038999','Swelling','Swelling',[swelling],[fndg],[[[3,3],[1,1],0]],yes,no,['CHV','MTH','SNMI','SNOMEDCT_US'],[176/8],0,0)]),map(-901,[ev(-660,'C0205090','Right','Right',[right],[spco],[[[1,1],[1,1],0]],no,no,['CHV','LNC','MTH','SNOMEDCT_US'],[164/5],0,0),ev(-901,'C0235439','Ankle swelling','Ankle edema (finding)',[ankle,swelling],[fndg],[[[2,2],[1,1],0],[[3,3],[2,2],0]],yes,no,['CHV','CST','ICPC','NLMSubSyn','SNOMEDCT_US'],[170/14],0,0)])]).
phrase(and,[conj([lexmatch([and]),inputmatch([and]),tag(conj),tokens([and])])],185/3,[]).
candidates(0,0,0,0,[]).
mappings([]).
phrase('difficulty standing up',[mod([lexmatch([difficulty]),inputmatch([difficulty]),tag(noun),tokens([difficulty])]),head([lexmatch([standing]),inputmatch([standing]),tag(noun),tokens([standing])]),prep([lexmatch([up]),inputmatch([up]),tag(prep),tokens([up])])],189/22,[]).
candidates(6,1,0,5,[]).
mappings([map(-1000,[ev(-1000,'C0555088','Difficulty standing up','Difficulty standing up',[difficulty,standing,up],[fndg],[[[1,1],[1,1],0],[[2,2],[2,2],0],[[3,3],[3,3],0]],yes,no,['SNOMEDCT_US','SNOMEDCT_VET'],[189/22],0,0)])]).
phrase(and,[conj([lexmatch([and]),inputmatch([and]),tag(conj),tokens([and])])],212/3,[]).
candidates(0,0,0,0,[]).
mappings([]).
phrase('walking,',[head([lexmatch([walking]),inputmatch([walking]),tag(noun),tokens([walking])]),punc([inputmatch([',']),tokens([])])],216/8,[]).
candidates(1,0,0,1,[]).
mappings([map(-1000,[ev(-1000,'C0080331','Walking','Walking (activity)',[walking],[dora],[[[1,1],[1,1],0]],yes,no,['MSH','MTH','NCI'],[216/7],0,0)])]).
phrase('all of which',[pron([lexmatch([all]),inputmatch([all]),tag(pron),tokens([all])]),prep([lexmatch([of]),inputmatch([of]),tag(prep),tokens([of])]),pron([lexmatch([which]),inputmatch([which]),tag(pron),tokens([which])])],225/12,[]).
candidates(2,0,0,2,[]).
mappings([map(-790,[ev(-790,'C0444868','All','All',[all],[qnco],[[[1,1],[1,1],0]],yes,no,['MTH'],[225/3],0,0)]),map(-790,[ev(-790,'C3539085','All','Universal restriction modifier (core metadata concept)',[all],[idcn],[[[1,1],[1,1],0]],yes,no,['SNOMEDCT_US'],[225/3],0,0)])]).
phrase('resolved after a few days.',[verb([lexmatch([resolved]),inputmatch([resolved]),tag(verb),tokens([resolved])]),prep([lexmatch([after]),inputmatch([after]),tag(prep),tokens([after])]),det([lexmatch([a]),inputmatch([a]),tag(det),tokens([a])]),mod([lexmatch([few]),inputmatch([few]),tag(adj),tokens([few])]),mod([lexmatch([days]),inputmatch([days]),tag(noun),tokens([days])]),punc([inputmatch(['.']),tokens([])])],238/26,[]).
candidates(5,2,0,3,[]).
mappings([map(-686,[ev(-760,'C1514893','Resolved','physiologic resolution',[resolved],[idcn],[[[1,1],[1,1],0]],yes,no,['CHV','MTH','NCI'],[238/8],0,0),ev(-760,'C0439228',days,day,[days],[tmco],[[[5,5],[1,1],0]],yes,no,['MTH','SNOMEDCT_US'],[259/4],0,0)]),map(-686,[ev(-760,'C2699488','Resolved','Resolution',[resolved],[cnce],[[[1,1],[1,1],0]],yes,no,['MTH','NCI'],[238/8],0,0),ev(-760,'C0439228',days,day,[days],[tmco],[[[5,5],[1,1],0]],yes,no,['MTH','SNOMEDCT_US'],[259/4],0,0)])]).
'EOU'.
utterance('00000000.tx.4',"For the past several days she has had pain, swelling and stiffness in her knees, hips and right elbow. ",265/103,[]).
phrase('For the past several days',[prep([lexmatch([for]),inputmatch(['For']),tag(prep),tokens([for])]),det([lexmatch([the]),inputmatch([the]),tag(det),tokens([the])]),mod([lexmatch([past]),inputmatch([past]),tag(adj),tokens([past])]),mod([lexmatch([several]),inputmatch([several]),tag(adj),tokens([several])]),head([lexmatch([days]),inputmatch([days]),tag(noun),tokens([days])])],265/25,[]).
candidates(4,2,0,2,[]).
mappings([map(-802,[ev(-660,'C1444637','Past','Past',[past],[tmco],[[[1,1],[1,1],0]],no,no,['SNOMEDCT_US'],[273/4],0,0),ev(-827,'C0439228',days,day,[days],[tmco],[[[3,3],[1,1],0]],yes,no,['MTH','SNOMEDCT_US'],[286/4],0,0)])]).
phrase(she,[pron([lexmatch([she]),inputmatch([she]),tag(pron),tokens([she])])],291/3,[]).
candidates(0,0,0,0,[]).
mappings([]).
phrase(has,[aux([lexmatch([has]),inputmatch([has]),tag(aux),tokens([has])])],295/3,[]).
candidates(0,0,0,0,[]).
mappings([]).
phrase(had,[aux([lexmatch([had]),inputmatch([had]),tag(aux),tokens([had])])],299/3,[]).
candidates(0,0,0,0,[]).
mappings([]).
phrase('pain,',[head([lexmatch([pain]),inputmatch([pain]),tag(noun),tokens([pain])]),punc([inputmatch([',']),tokens([])])],303/5,[]).
candidates(2,0,0,2,[]).
mappings([map(-1000,[ev(-1000,'C0030193','Pain','Pain',[pain],[sosy],[[[1,1],[1,1],0]],yes,no,['AOD','CHV','LNC','MTH','NLMSubSyn','SNMI','SNOMEDCT_US'],[303/4],0,0)]),map(-1000,[ev(-1000,'C1962977','Pain NOS','Pain NOS Adverse Event',[pain],[fndg],[[[1,1],[1,1],0]],yes,no,['MTH','NCI'],[303/4],0,0)])]).
phrase(swelling,[verb([lexmatch([swelling]),inputmatch([swelling]),tag(verb),tokens([swelling])])],309/8,[]).
candidates(2,0,0,2,[]).
mappings([map(-1000,[ev(-1000,'C0013604','SWELLING','Edema',[swelling],[patf],[[[1,1],[1,1],0]],yes,no,['CHV','CST','ICD10CM','MSH','MTH','NLMSubSyn','SNMI','SNOMEDCT_US','SNOMEDCT_VET'],[309/8],0,0)]),map(-1000,[ev(-1000,'C0038999','Swelling','Swelling',[swelling],[fndg],[[[1,1],[1,1],0]],yes,no,['CHV','MTH','SNMI','SNOMEDCT_US'],[309/8],0,0)])]).
phrase(and,[conj([lexmatch([and]),inputmatch([and]),tag(conj),tokens([and])])],318/3,[]).
candidates(0,0,0,0,[]).
mappings([]).
phrase('stiffness in her knees,',[head([lexmatch([stiffness]),inputmatch([stiffness]),tag(noun),tokens([stiffness])]),prep([lexmatch([in]),inputmatch([in]),tag(prep),tokens([in])]),pron([lexmatch([her]),inputmatch([her]),tag(pron),tokens([her])]),mod([lexmatch([knees]),inputmatch([knees]),tag(noun),tokens([knees])]),punc([inputmatch([',']),tokens([])])],322/23,[]).
candidates(7,4,0,3,[]).
mappings([map(-819,[ev(-819,'C0240129','knees stiffness','Knee stiff',[knees,stiffness],[sosy],[[[4,4],[1,1],0],[[1,1],[2,2],0]],yes,no,['CHV','DXP','SNOMEDCT_US'],[322/9,339/5],0,0)])]).
phrase(hips,[head([lexmatch([hips]),inputmatch([hips]),tag(noun),tokens([hips])])],346/4,[]).
candidates(3,2,0,1,[]).
mappings([map(-1000,[ev(-1000,'C0019552','HIPS','Hip region structure',[hips],[bpoc],[[[1,1],[1,1],0]],yes,no,['FMA','MSH','MTH','SNMI','SNOMEDCT_US'],[346/4],0,0)])]).
phrase(and,[conj([lexmatch([and]),inputmatch([and]),tag(conj),tokens([and])])],351/3,[]).
candidates(0,0,0,0,[]).
mappings([]).
phrase('right elbow.',[mod([lexmatch([right]),inputmatch([right]),tag(adj),tokens([right])]),head([lexmatch([elbow]),inputmatch([elbow]),tag(noun),tokens([elbow])]),punc([inputmatch(['.']),tokens([])])],355/12,[]).
candidates(13,7,0,6,[]).
mappings([map(-1000,[ev(-1000,'C0230353','Right elbow','Right elbow region structure',[right,elbow],[blor],[[[1,1],[1,1],0],[[2,2],[2,2],0]],yes,no,['FMA','LNC','MTH','NLMSubSyn','SNOMEDCT_US'],[355/11],0,0)]),map(-1000,[ev(-1000,'C1268257','Right elbow','Entire right elbow region',[right,elbow],[bpoc],[[[1,1],[1,1],0],[[2,2],[2,2],0]],yes,no,['MTH','NLMSubSyn','SNOMEDCT_US'],[355/11],0,0)])]).
'EOU'.
utterance('00000000.tx.5',"She also reports intermittent fevers ranging from 38.2 to 39.4 degrees Celsius and chest pain. ",368/95,[462]).
phrase('She also',[pron([lexmatch([she]),inputmatch(['She']),tag(pron),tokens([she])]),adv([lexmatch([also]),inputmatch([also]),tag(adv),tokens([also])])],368/8,[]).
candidates(0,0,0,0,[]).
mappings([]).
phrase(reports,[verb([lexmatch([reports]),inputmatch([reports]),tag(verb),tokens([reports])])],377/7,[]).
candidates(3,0,0,3,[]).
mappings([map(-1000,[ev(-1000,'C0684224','Report','Report (document)',[report],[inpr],[[[1,1],[1,1],0]],yes,no,['CHV','MSH','MTH','NCI'],[377/7],0,0)]),map(-1000,[ev(-1000,'C0700287','Report','Reporting',[report],[hlca],[[[1,1],[1,1],0]],yes,no,['CHV','LNC','MTH','SNOMEDCT_US'],[377/7],0,0)]),map(-1000,[ev(-1000,'C3273238','Report','Regulatory Report',[report],[inpr],[[[1,1],[1,1],0]],yes,no,['MTH','NCI'],[377/7],0,0)])]).
phrase('intermittent fevers',[head([lexmatch(['intermittent fevers']),inputmatch([intermittent,fevers]),tag(noun),tokens([intermittent,fevers])])],385/19,[]).
candidates(4,1,0,3,[]).
mappings([map(-1000,[ev(-1000,'C0277799','intermittent fevers','Intermittent fever',[intermittent,fevers],[sosy],[[[1,2],[1,2],0]],yes,no,['NCI','NLMSubSyn','SNOMEDCT_US'],[385/19],0,0)])]).
phrase('ranging from 38.2',[verb([lexmatch([ranging]),inputmatch([ranging]),tag(verb),tokens([ranging])]),prep([lexmatch([from]),inputmatch([from]),tag(prep),tokens([from])]),shapes([inputmatch(['38','.','2']),features([real_number]),tokens(['38','2'])])],405/17,[]).
candidates(3,0,0,3,[]).
mappings([map(-737,[ev(-737,'C1514721','Range','Range',[range],[qnco],[[[1,1],[1,1],1]],yes,no,['HL7V2.5','MTH'],[405/7],0,0)]),map(-737,[ev(-737,'C2348147','Range','Sample Range',[range],[qnco],[[[1,1],[1,1],1]],yes,no,['MTH','NCI','NLMSubSyn'],[405/7],0,0)]),map(-737,[ev(-737,'C3542016','Range','Concept model range (foundation metadata concept)',[range],[inpr],[[[1,1],[1,1],1]],yes,no,['SNOMEDCT_US'],[405/7],0,0)])]).
phrase('to 39.4 degrees Celsius',[prep([lexmatch([to]),inputmatch([to]),tag(prep),tokens([to])]),shapes([inputmatch(['39','.','4']),features([real_number]),tokens(['39','4'])]),mod([lexmatch([degrees]),inputmatch([degrees]),tag(noun),tokens([degrees])]),head([lexmatch([celsius]),inputmatch(['Celsius']),tag(noun),tokens([celsius])])],423/23,[]).
candidates(8,3,0,5,[]).
mappings([map(-861,[ev(-861,'C0439237','degrees Celsius','degrees Celsius',[degrees,celsius],[qnco],[[[3,3],[1,1],0],[[4,4],[2,2],0]],yes,no,['NCI','NLMSubSyn','SNOMEDCT_US'],[431/15],0,0)])]).
phrase(and,[conj([lexmatch([and]),inputmatch([and]),tag(conj),tokens([and])])],447/3,[]).
candidates(0,0,0,0,[]).
mappings([]).
phrase('chest pain.',[head([lexmatch(['chest pain']),inputmatch([chest,pain]),tag(noun),tokens([chest,pain])]),punc([inputmatch(['.']),tokens([])])],451/11,[]).
candidates(12,6,0,6,[]).
mappings([map(-1000,[ev(-1000,'C0008031','Chest Pain','Chest Pain',[chest,pain],[sosy],[[[1,2],[1,2],0]],yes,no,['CCS','CHV','CST','ICD10CM','MSH','MTH','NCI','NLMSubSyn','OMIM'],[451/10],0,0)]),map(-1000,[ev(-1000,'C2926613','Chest pain','Chest pain:Finding:Point in time:^Patient:Ordinal',[chest,pain],[clna],[[[1,2],[1,2],0]],yes,no,['LNC','NLMSubSyn'],[451/10],0,0)])]).
'EOU'.
utterance('00000000.tx.6',"Young adult woman with 2 weeks of fever and migrating joint inflammation.",463/73,[]).
phrase('Young adult woman with 2 weeks of fever',[mod([lexmatch(['young adult']),inputmatch(['Young',adult]),tag(noun),tokens([young,adult])]),head([lexmatch([woman]),inputmatch([woman]),tag(noun),tokens([woman])]),prep([lexmatch([with]),inputmatch([with]),tag(prep),tokens([with])]),shapes([inputmatch(['2']),features([integer]),tokens(['2'])]),mod([lexmatch([weeks]),inputmatch([weeks]),tag(noun),tokens([weeks])]),prep([lexmatch([of]),inputmatch([of]),tag(prep),tokens([of])]),mod([lexmatch([fever]),inputmatch([fever]),tag(noun),tokens([fever])])],463/39,[]).
candidates(8,1,0,7,[]).
mappings([map(-685,[ev(-604,'C0238598','Young Adult','Young Adult',[young,adult],[aggp],[[[1,2],[1,2],0]],no,no,['MSH','MTH'],[463/11],0,0),ev(-744,'C0043210','Woman','Woman',[woman],[popg],[[[3,3],[1,1],0]],yes,no,['CHV','MSH','MTH','NCI','NLMSubSyn'],[475/5],0,0),ev(-578,'C0439230',weeks,week,[weeks],[tmco],[[[6,6],[1,1],0]],no,no,['MTH','SNOMEDCT_US'],[488/5],0,0),ev(-578,'C0015967','Fever','Fever',[fever],[fndg],[[[8,8],[1,1],0]],no,no,['CHV','CSP','CST','DXP','ICD10CM','MSH','MTH','NCI','NLMSubSyn','SNMI','SNOMEDCT_US'],[497/5],0,0)])]).
phrase(and,[conj([lexmatch([and]),inputmatch([and]),tag(conj),tokens([and])])],503/3,[]).
candidates(0,0,0,0,[]).
mappings([]).
phrase('migrating joint inflammation.',[mod([lexmatch([migrating]),inputmatch([migrating]),tag(adj),tokens([migrating])]),mod([lexmatch([joint]),inputmatch([joint]),tag(noun),tokens([joint])]),head([lexmatch([inflammation]),inputmatch([inflammation]),tag(noun),tokens([inflammation])]),punc([inputmatch(['.']),tokens([])])],507/29,[]).
candidates(9,1,0,8,[]).
mappings([map(-901,[ev(-660,'C0232902',migrating,'Migrated',[migrating],[ftcn],[[[1,1],[1,1],0]],no,no,['CHV','SNMI'],[507/9],0,0),ev(-901,'C0003864','Joint inflammation','Arthritis',[joint,inflammation],[dsyn],[[[2,2],[1,1],0],[[3,3],[2,2],0]],yes,no,['CHV','MSH','MTHICD9','NLMSubSyn','SNOMEDCT_US','SNOMEDCT_VET'],[517/18],0,0)]),map(-901,[ev(-660,'C0232902',migrating,'Migrated',[migrating],[ftcn],[[[1,1],[1,1],0]],no,no,['CHV','SNMI'],[507/9],0,0),ev(-901,'C0574941','joint inflammation','Inflamed joint',[joint,inflammation],[fndg],[[[2,2],[1,1],0],[[3,3],[2,2],0]],yes,no,['CHV','NLMSubSyn','SNOMEDCT_US'],[517/18],0,0)])]).
'EOU'.
'EOT'.
