args('metamap14.BINARY.Darwin --lexicon db -Z 2014AA -qE -Q 4 ../../TREC-CDS/2015-original/6.txt ../../TREC-CDS/2015-original-MMed/6.txt.out',[lexicon-db,mm_data_year-'2014AA',machine_output-[],indicate_citation_end-[],composite_phrases-4,infile-'../../TREC-CDS/2015-original/6.txt',outfile-'../../TREC-CDS/2015-original-MMed/6.txt.out']).
aas([]).
neg_list([]).
utterance('00000000.tx.1',"diagnosis. ",0/11,[10]).
phrase('diagnosis.',[head([lexmatch([diagnosis]),inputmatch([diagnosis]),tag(noun),tokens([diagnosis])]),punc([inputmatch(['.']),tokens([])])],0/10,[]).
candidates(3,0,0,3,[]).
mappings([map(-1000,[ev(-1000,'C0011900','Diagnosis','Diagnosis',[diagnosis],[fndg],[[[1,1],[1,1],0]],yes,no,['CCS','CHV','LNC','MTH','NCI'],[0/9],0,0)]),map(-1000,[ev(-1000,'C1704338',diagnosis,'diagnosis aspect',[diagnosis],[qlco],[[[1,1],[1,1],0]],yes,no,['MSH','MTH','NLMSubSyn'],[0/9],0,0)]),map(-1000,[ev(-1000,'C1704656','DIAGNOSIS','Diagnosis Study',[diagnosis],[resa],[[[1,1],[1,1],0]],yes,no,['MTH','NCI'],[0/9],0,0)])]).
'EOU'.
utterance('00000000.tx.2',"A 46-year-old woman presents  with a 9 month history of weight loss (20 lb), sweating, insomnia and diarrhea. ",11/110,[]).
phrase('A 46-year-old woman',[det([lexmatch([a]),inputmatch(['A']),tag(det),tokens([a])]),shapes([inputmatch(['46']),features([integer]),tokens(['46'])]),punc([inputmatch([-]),tokens([])]),mod([lexmatch([year]),inputmatch([year]),tag(noun),tokens([year])]),punc([inputmatch([-]),tokens([])]),mod([lexmatch([old]),inputmatch([old]),tag(noun),tokens([old])]),head([lexmatch([woman]),inputmatch([woman]),tag(noun),tokens([woman])])],11/19,[]).
candidates(4,0,0,4,[]).
mappings([map(-775,[ev(-645,'C0439234',year,year,[year],[tmco],[[[2,2],[1,1],0]],no,no,['MTH','NCI','SNOMEDCT_US'],[16/4],0,0),ev(-645,'C0580836','Old','Old',[old],[tmco],[[[3,3],[1,1],0]],no,no,['MTH'],[21/3],0,0),ev(-812,'C0043210','Woman','Woman',[woman],[popg],[[[4,4],[1,1],0]],yes,no,['CHV','MSH','MTH','NCI','NLMSubSyn'],[25/5],0,0)]),map(-775,[ev(-645,'C0439508','/year','per year',[year],[tmco],[[[2,2],[1,1],0]],no,no,['CHV','MTH','NCI','SNOMEDCT_US'],[16/4],0,0),ev(-645,'C0580836','Old','Old',[old],[tmco],[[[3,3],[1,1],0]],no,no,['MTH'],[21/3],0,0),ev(-812,'C0043210','Woman','Woman',[woman],[popg],[[[4,4],[1,1],0]],yes,no,['CHV','MSH','MTH','NCI','NLMSubSyn'],[25/5],0,0)])]).
phrase('presents  with a 9 month history of weight loss',[verb([lexmatch([presents]),inputmatch([presents]),tag(verb),tokens([presents])]),prep([lexmatch([with]),inputmatch([with]),tag(prep),tokens([with])]),det([lexmatch([a]),inputmatch([a]),tag(det),tokens([a])]),shapes([inputmatch(['9']),features([integer]),tokens(['9'])]),mod([lexmatch([month]),inputmatch([month]),tag(noun),tokens([month])]),mod([lexmatch([history]),inputmatch([history]),tag(noun),tokens([history])]),prep([lexmatch([of]),inputmatch([of]),tag(prep),tokens([of])]),mod([lexmatch(['weight loss']),inputmatch([weight,loss]),tag(noun),tokens([weight,loss])])],31/47,[]).
candidates(20,2,0,18,[]).
mappings([map(-720,[ev(-742,'C0150312','Present','Present',[present],[qnco],[[[1,1],[1,1],0]],yes,no,['CHV','MTH','NCI'],[31/8],0,0),ev(-742,'C0439231',month,month,[month],[tmco],[[[5,5],[1,1],0]],yes,no,['MTH','SNOMEDCT_US'],[50/5],0,0),ev(-742,'C0019664','History','History',[history],[ocdi],[[[6,6],[1,1],0]],yes,no,['CHV','MSH','MTH'],[56/7],0,0),ev(-784,'C0043096','Loss of weight','Body Weight decreased',[loss,of,weight],[fndg],[[[9,9],[1,1],0],[[7,7],[2,2],0],[[8,8],[3,3],0]],yes,no,['CHV','CST','DXP','ICD9CM','MSH','MTH','NLMSubSyn','OMIM','SNMI','SNOMEDCT_US'],[64/14],0,0)]),map(-720,[ev(-742,'C0150312','Present','Present',[present],[qnco],[[[1,1],[1,1],0]],yes,no,['CHV','MTH','NCI'],[31/8],0,0),ev(-742,'C0439231',month,month,[month],[tmco],[[[5,5],[1,1],0]],yes,no,['MTH','SNOMEDCT_US'],[50/5],0,0),ev(-742,'C0019665',history,'Historical aspects qualifier',[history],[inpr],[[[6,6],[1,1],0]],yes,no,['MSH','MTH'],[56/7],0,0),ev(-784,'C0043096','Loss of weight','Body Weight decreased',[loss,of,weight],[fndg],[[[9,9],[1,1],0],[[7,7],[2,2],0],[[8,8],[3,3],0]],yes,no,['CHV','CST','DXP','ICD9CM','MSH','MTH','NLMSubSyn','OMIM','SNMI','SNOMEDCT_US'],[64/14],0,0)]),map(-720,[ev(-742,'C0150312','Present','Present',[present],[qnco],[[[1,1],[1,1],0]],yes,no,['CHV','MTH','NCI'],[31/8],0,0),ev(-742,'C0439231',month,month,[month],[tmco],[[[5,5],[1,1],0]],yes,no,['MTH','SNOMEDCT_US'],[50/5],0,0),ev(-742,'C0262512','History, NOS','History of present illness',[history],[orga],[[[6,6],[1,1],0]],yes,no,['MTH','SNMI'],[56/7],0,0),ev(-784,'C0043096','Loss of weight','Body Weight decreased',[loss,of,weight],[fndg],[[[9,9],[1,1],0],[[7,7],[2,2],0],[[8,8],[3,3],0]],yes,no,['CHV','CST','DXP','ICD9CM','MSH','MTH','NLMSubSyn','OMIM','SNMI','SNOMEDCT_US'],[64/14],0,0)]),map(-720,[ev(-742,'C0150312','Present','Present',[present],[qnco],[[[1,1],[1,1],0]],yes,no,['CHV','MTH','NCI'],[31/8],0,0),ev(-742,'C0439231',month,month,[month],[tmco],[[[5,5],[1,1],0]],yes,no,['MTH','SNOMEDCT_US'],[50/5],0,0),ev(-742,'C0262926','History','Medical History',[history],[fndg],[[[6,6],[1,1],0]],yes,no,['LNC','MTH','NCI','NLMSubSyn','SNOMEDCT_US'],[56/7],0,0),ev(-784,'C0043096','Loss of weight','Body Weight decreased',[loss,of,weight],[fndg],[[[9,9],[1,1],0],[[7,7],[2,2],0],[[8,8],[3,3],0]],yes,no,['CHV','CST','DXP','ICD9CM','MSH','MTH','NLMSubSyn','OMIM','SNMI','SNOMEDCT_US'],[64/14],0,0)]),map(-720,[ev(-742,'C0150312','Present','Present',[present],[qnco],[[[1,1],[1,1],0]],yes,no,['CHV','MTH','NCI'],[31/8],0,0),ev(-742,'C0439231',month,month,[month],[tmco],[[[5,5],[1,1],0]],yes,no,['MTH','SNOMEDCT_US'],[50/5],0,0),ev(-742,'C1705255','History','Concept History',[history],[cnce],[[[6,6],[1,1],0]],yes,no,['MTH','NCI'],[56/7],0,0),ev(-784,'C0043096','Loss of weight','Body Weight decreased',[loss,of,weight],[fndg],[[[9,9],[1,1],0],[[7,7],[2,2],0],[[8,8],[3,3],0]],yes,no,['CHV','CST','DXP','ICD9CM','MSH','MTH','NLMSubSyn','OMIM','SNMI','SNOMEDCT_US'],[64/14],0,0)]),map(-720,[ev(-742,'C0150312','Present','Present',[present],[qnco],[[[1,1],[1,1],0]],yes,no,['CHV','MTH','NCI'],[31/8],0,0),ev(-742,'C0439231',month,month,[month],[tmco],[[[5,5],[1,1],0]],yes,no,['MTH','SNOMEDCT_US'],[50/5],0,0),ev(-742,'C2004062','History','History of previous events',[history],[fndg],[[[6,6],[1,1],0]],yes,no,['MTH','NCI'],[56/7],0,0),ev(-784,'C0043096','Loss of weight','Body Weight decreased',[loss,of,weight],[fndg],[[[9,9],[1,1],0],[[7,7],[2,2],0],[[8,8],[3,3],0]],yes,no,['CHV','CST','DXP','ICD9CM','MSH','MTH','NLMSubSyn','OMIM','SNMI','SNOMEDCT_US'],[64/14],0,0)]),map(-720,[ev(-742,'C0150312','Present','Present',[present],[qnco],[[[1,1],[1,1],0]],yes,no,['CHV','MTH','NCI'],[31/8],0,0),ev(-742,'C0439507','/month','per month (qualifier value)',[month],[tmco],[[[5,5],[1,1],0]],yes,no,['NCI','SNOMEDCT_US'],[50/5],0,0),ev(-742,'C0019664','History','History',[history],[ocdi],[[[6,6],[1,1],0]],yes,no,['CHV','MSH','MTH'],[56/7],0,0),ev(-784,'C0043096','Loss of weight','Body Weight decreased',[loss,of,weight],[fndg],[[[9,9],[1,1],0],[[7,7],[2,2],0],[[8,8],[3,3],0]],yes,no,['CHV','CST','DXP','ICD9CM','MSH','MTH','NLMSubSyn','OMIM','SNMI','SNOMEDCT_US'],[64/14],0,0)]),map(-720,[ev(-742,'C0150312','Present','Present',[present],[qnco],[[[1,1],[1,1],0]],yes,no,['CHV','MTH','NCI'],[31/8],0,0),ev(-742,'C0439507','/month','per month (qualifier value)',[month],[tmco],[[[5,5],[1,1],0]],yes,no,['NCI','SNOMEDCT_US'],[50/5],0,0),ev(-742,'C0019665',history,'Historical aspects qualifier',[history],[inpr],[[[6,6],[1,1],0]],yes,no,['MSH','MTH'],[56/7],0,0),ev(-784,'C0043096','Loss of weight','Body Weight decreased',[loss,of,weight],[fndg],[[[9,9],[1,1],0],[[7,7],[2,2],0],[[8,8],[3,3],0]],yes,no,['CHV','CST','DXP','ICD9CM','MSH','MTH','NLMSubSyn','OMIM','SNMI','SNOMEDCT_US'],[64/14],0,0)]),map(-720,[ev(-742,'C0150312','Present','Present',[present],[qnco],[[[1,1],[1,1],0]],yes,no,['CHV','MTH','NCI'],[31/8],0,0),ev(-742,'C0439507','/month','per month (qualifier value)',[month],[tmco],[[[5,5],[1,1],0]],yes,no,['NCI','SNOMEDCT_US'],[50/5],0,0),ev(-742,'C0262512','History, NOS','History of present illness',[history],[orga],[[[6,6],[1,1],0]],yes,no,['MTH','SNMI'],[56/7],0,0),ev(-784,'C0043096','Loss of weight','Body Weight decreased',[loss,of,weight],[fndg],[[[9,9],[1,1],0],[[7,7],[2,2],0],[[8,8],[3,3],0]],yes,no,['CHV','CST','DXP','ICD9CM','MSH','MTH','NLMSubSyn','OMIM','SNMI','SNOMEDCT_US'],[64/14],0,0)]),map(-720,[ev(-742,'C0150312','Present','Present',[present],[qnco],[[[1,1],[1,1],0]],yes,no,['CHV','MTH','NCI'],[31/8],0,0),ev(-742,'C0439507','/month','per month (qualifier value)',[month],[tmco],[[[5,5],[1,1],0]],yes,no,['NCI','SNOMEDCT_US'],[50/5],0,0),ev(-742,'C0262926','History','Medical History',[history],[fndg],[[[6,6],[1,1],0]],yes,no,['LNC','MTH','NCI','NLMSubSyn','SNOMEDCT_US'],[56/7],0,0),ev(-784,'C0043096','Loss of weight','Body Weight decreased',[loss,of,weight],[fndg],[[[9,9],[1,1],0],[[7,7],[2,2],0],[[8,8],[3,3],0]],yes,no,['CHV','CST','DXP','ICD9CM','MSH','MTH','NLMSubSyn','OMIM','SNMI','SNOMEDCT_US'],[64/14],0,0)]),map(-720,[ev(-742,'C0150312','Present','Present',[present],[qnco],[[[1,1],[1,1],0]],yes,no,['CHV','MTH','NCI'],[31/8],0,0),ev(-742,'C0439507','/month','per month (qualifier value)',[month],[tmco],[[[5,5],[1,1],0]],yes,no,['NCI','SNOMEDCT_US'],[50/5],0,0),ev(-742,'C1705255','History','Concept History',[history],[cnce],[[[6,6],[1,1],0]],yes,no,['MTH','NCI'],[56/7],0,0),ev(-784,'C0043096','Loss of weight','Body Weight decreased',[loss,of,weight],[fndg],[[[9,9],[1,1],0],[[7,7],[2,2],0],[[8,8],[3,3],0]],yes,no,['CHV','CST','DXP','ICD9CM','MSH','MTH','NLMSubSyn','OMIM','SNMI','SNOMEDCT_US'],[64/14],0,0)]),map(-720,[ev(-742,'C0150312','Present','Present',[present],[qnco],[[[1,1],[1,1],0]],yes,no,['CHV','MTH','NCI'],[31/8],0,0),ev(-742,'C0439507','/month','per month (qualifier value)',[month],[tmco],[[[5,5],[1,1],0]],yes,no,['NCI','SNOMEDCT_US'],[50/5],0,0),ev(-742,'C2004062','History','History of previous events',[history],[fndg],[[[6,6],[1,1],0]],yes,no,['MTH','NCI'],[56/7],0,0),ev(-784,'C0043096','Loss of weight','Body Weight decreased',[loss,of,weight],[fndg],[[[9,9],[1,1],0],[[7,7],[2,2],0],[[8,8],[3,3],0]],yes,no,['CHV','CST','DXP','ICD9CM','MSH','MTH','NLMSubSyn','OMIM','SNMI','SNOMEDCT_US'],[64/14],0,0)]),map(-720,[ev(-742,'C0449450','Present','Presentation',[present],[idcn],[[[1,1],[1,1],0]],yes,no,['CHV','MTH','NCI'],[31/8],0,0),ev(-742,'C0439231',month,month,[month],[tmco],[[[5,5],[1,1],0]],yes,no,['MTH','SNOMEDCT_US'],[50/5],0,0),ev(-742,'C0019664','History','History',[history],[ocdi],[[[6,6],[1,1],0]],yes,no,['CHV','MSH','MTH'],[56/7],0,0),ev(-784,'C0043096','Loss of weight','Body Weight decreased',[loss,of,weight],[fndg],[[[9,9],[1,1],0],[[7,7],[2,2],0],[[8,8],[3,3],0]],yes,no,['CHV','CST','DXP','ICD9CM','MSH','MTH','NLMSubSyn','OMIM','SNMI','SNOMEDCT_US'],[64/14],0,0)]),map(-720,[ev(-742,'C0449450','Present','Presentation',[present],[idcn],[[[1,1],[1,1],0]],yes,no,['CHV','MTH','NCI'],[31/8],0,0),ev(-742,'C0439231',month,month,[month],[tmco],[[[5,5],[1,1],0]],yes,no,['MTH','SNOMEDCT_US'],[50/5],0,0),ev(-742,'C0019665',history,'Historical aspects qualifier',[history],[inpr],[[[6,6],[1,1],0]],yes,no,['MSH','MTH'],[56/7],0,0),ev(-784,'C0043096','Loss of weight','Body Weight decreased',[loss,of,weight],[fndg],[[[9,9],[1,1],0],[[7,7],[2,2],0],[[8,8],[3,3],0]],yes,no,['CHV','CST','DXP','ICD9CM','MSH','MTH','NLMSubSyn','OMIM','SNMI','SNOMEDCT_US'],[64/14],0,0)]),map(-720,[ev(-742,'C0449450','Present','Presentation',[present],[idcn],[[[1,1],[1,1],0]],yes,no,['CHV','MTH','NCI'],[31/8],0,0),ev(-742,'C0439231',month,month,[month],[tmco],[[[5,5],[1,1],0]],yes,no,['MTH','SNOMEDCT_US'],[50/5],0,0),ev(-742,'C0262512','History, NOS','History of present illness',[history],[orga],[[[6,6],[1,1],0]],yes,no,['MTH','SNMI'],[56/7],0,0),ev(-784,'C0043096','Loss of weight','Body Weight decreased',[loss,of,weight],[fndg],[[[9,9],[1,1],0],[[7,7],[2,2],0],[[8,8],[3,3],0]],yes,no,['CHV','CST','DXP','ICD9CM','MSH','MTH','NLMSubSyn','OMIM','SNMI','SNOMEDCT_US'],[64/14],0,0)]),map(-720,[ev(-742,'C0449450','Present','Presentation',[present],[idcn],[[[1,1],[1,1],0]],yes,no,['CHV','MTH','NCI'],[31/8],0,0),ev(-742,'C0439231',month,month,[month],[tmco],[[[5,5],[1,1],0]],yes,no,['MTH','SNOMEDCT_US'],[50/5],0,0),ev(-742,'C0262926','History','Medical History',[history],[fndg],[[[6,6],[1,1],0]],yes,no,['LNC','MTH','NCI','NLMSubSyn','SNOMEDCT_US'],[56/7],0,0),ev(-784,'C0043096','Loss of weight','Body Weight decreased',[loss,of,weight],[fndg],[[[9,9],[1,1],0],[[7,7],[2,2],0],[[8,8],[3,3],0]],yes,no,['CHV','CST','DXP','ICD9CM','MSH','MTH','NLMSubSyn','OMIM','SNMI','SNOMEDCT_US'],[64/14],0,0)]),map(-720,[ev(-742,'C0449450','Present','Presentation',[present],[idcn],[[[1,1],[1,1],0]],yes,no,['CHV','MTH','NCI'],[31/8],0,0),ev(-742,'C0439231',month,month,[month],[tmco],[[[5,5],[1,1],0]],yes,no,['MTH','SNOMEDCT_US'],[50/5],0,0),ev(-742,'C1705255','History','Concept History',[history],[cnce],[[[6,6],[1,1],0]],yes,no,['MTH','NCI'],[56/7],0,0),ev(-784,'C0043096','Loss of weight','Body Weight decreased',[loss,of,weight],[fndg],[[[9,9],[1,1],0],[[7,7],[2,2],0],[[8,8],[3,3],0]],yes,no,['CHV','CST','DXP','ICD9CM','MSH','MTH','NLMSubSyn','OMIM','SNMI','SNOMEDCT_US'],[64/14],0,0)]),map(-720,[ev(-742,'C0449450','Present','Presentation',[present],[idcn],[[[1,1],[1,1],0]],yes,no,['CHV','MTH','NCI'],[31/8],0,0),ev(-742,'C0439231',month,month,[month],[tmco],[[[5,5],[1,1],0]],yes,no,['MTH','SNOMEDCT_US'],[50/5],0,0),ev(-742,'C2004062','History','History of previous events',[history],[fndg],[[[6,6],[1,1],0]],yes,no,['MTH','NCI'],[56/7],0,0),ev(-784,'C0043096','Loss of weight','Body Weight decreased',[loss,of,weight],[fndg],[[[9,9],[1,1],0],[[7,7],[2,2],0],[[8,8],[3,3],0]],yes,no,['CHV','CST','DXP','ICD9CM','MSH','MTH','NLMSubSyn','OMIM','SNMI','SNOMEDCT_US'],[64/14],0,0)]),map(-720,[ev(-742,'C0449450','Present','Presentation',[present],[idcn],[[[1,1],[1,1],0]],yes,no,['CHV','MTH','NCI'],[31/8],0,0),ev(-742,'C0439507','/month','per month (qualifier value)',[month],[tmco],[[[5,5],[1,1],0]],yes,no,['NCI','SNOMEDCT_US'],[50/5],0,0),ev(-742,'C0019664','History','History',[history],[ocdi],[[[6,6],[1,1],0]],yes,no,['CHV','MSH','MTH'],[56/7],0,0),ev(-784,'C0043096','Loss of weight','Body Weight decreased',[loss,of,weight],[fndg],[[[9,9],[1,1],0],[[7,7],[2,2],0],[[8,8],[3,3],0]],yes,no,['CHV','CST','DXP','ICD9CM','MSH','MTH','NLMSubSyn','OMIM','SNMI','SNOMEDCT_US'],[64/14],0,0)]),map(-720,[ev(-742,'C0449450','Present','Presentation',[present],[idcn],[[[1,1],[1,1],0]],yes,no,['CHV','MTH','NCI'],[31/8],0,0),ev(-742,'C0439507','/month','per month (qualifier value)',[month],[tmco],[[[5,5],[1,1],0]],yes,no,['NCI','SNOMEDCT_US'],[50/5],0,0),ev(-742,'C0019665',history,'Historical aspects qualifier',[history],[inpr],[[[6,6],[1,1],0]],yes,no,['MSH','MTH'],[56/7],0,0),ev(-784,'C0043096','Loss of weight','Body Weight decreased',[loss,of,weight],[fndg],[[[9,9],[1,1],0],[[7,7],[2,2],0],[[8,8],[3,3],0]],yes,no,['CHV','CST','DXP','ICD9CM','MSH','MTH','NLMSubSyn','OMIM','SNMI','SNOMEDCT_US'],[64/14],0,0)]),map(-720,[ev(-742,'C0449450','Present','Presentation',[present],[idcn],[[[1,1],[1,1],0]],yes,no,['CHV','MTH','NCI'],[31/8],0,0),ev(-742,'C0439507','/month','per month (qualifier value)',[month],[tmco],[[[5,5],[1,1],0]],yes,no,['NCI','SNOMEDCT_US'],[50/5],0,0),ev(-742,'C0262512','History, NOS','History of present illness',[history],[orga],[[[6,6],[1,1],0]],yes,no,['MTH','SNMI'],[56/7],0,0),ev(-784,'C0043096','Loss of weight','Body Weight decreased',[loss,of,weight],[fndg],[[[9,9],[1,1],0],[[7,7],[2,2],0],[[8,8],[3,3],0]],yes,no,['CHV','CST','DXP','ICD9CM','MSH','MTH','NLMSubSyn','OMIM','SNMI','SNOMEDCT_US'],[64/14],0,0)]),map(-720,[ev(-742,'C0449450','Present','Presentation',[present],[idcn],[[[1,1],[1,1],0]],yes,no,['CHV','MTH','NCI'],[31/8],0,0),ev(-742,'C0439507','/month','per month (qualifier value)',[month],[tmco],[[[5,5],[1,1],0]],yes,no,['NCI','SNOMEDCT_US'],[50/5],0,0),ev(-742,'C0262926','History','Medical History',[history],[fndg],[[[6,6],[1,1],0]],yes,no,['LNC','MTH','NCI','NLMSubSyn','SNOMEDCT_US'],[56/7],0,0),ev(-784,'C0043096','Loss of weight','Body Weight decreased',[loss,of,weight],[fndg],[[[9,9],[1,1],0],[[7,7],[2,2],0],[[8,8],[3,3],0]],yes,no,['CHV','CST','DXP','ICD9CM','MSH','MTH','NLMSubSyn','OMIM','SNMI','SNOMEDCT_US'],[64/14],0,0)]),map(-720,[ev(-742,'C0449450','Present','Presentation',[present],[idcn],[[[1,1],[1,1],0]],yes,no,['CHV','MTH','NCI'],[31/8],0,0),ev(-742,'C0439507','/month','per month (qualifier value)',[month],[tmco],[[[5,5],[1,1],0]],yes,no,['NCI','SNOMEDCT_US'],[50/5],0,0),ev(-742,'C1705255','History','Concept History',[history],[cnce],[[[6,6],[1,1],0]],yes,no,['MTH','NCI'],[56/7],0,0),ev(-784,'C0043096','Loss of weight','Body Weight decreased',[loss,of,weight],[fndg],[[[9,9],[1,1],0],[[7,7],[2,2],0],[[8,8],[3,3],0]],yes,no,['CHV','CST','DXP','ICD9CM','MSH','MTH','NLMSubSyn','OMIM','SNMI','SNOMEDCT_US'],[64/14],0,0)]),map(-720,[ev(-742,'C0449450','Present','Presentation',[present],[idcn],[[[1,1],[1,1],0]],yes,no,['CHV','MTH','NCI'],[31/8],0,0),ev(-742,'C0439507','/month','per month (qualifier value)',[month],[tmco],[[[5,5],[1,1],0]],yes,no,['NCI','SNOMEDCT_US'],[50/5],0,0),ev(-742,'C2004062','History','History of previous events',[history],[fndg],[[[6,6],[1,1],0]],yes,no,['MTH','NCI'],[56/7],0,0),ev(-784,'C0043096','Loss of weight','Body Weight decreased',[loss,of,weight],[fndg],[[[9,9],[1,1],0],[[7,7],[2,2],0],[[8,8],[3,3],0]],yes,no,['CHV','CST','DXP','ICD9CM','MSH','MTH','NLMSubSyn','OMIM','SNMI','SNOMEDCT_US'],[64/14],0,0)])]).
phrase('(20 lb',[punc([inputmatch(['(']),tokens([])]),shapes([inputmatch(['20']),features([integer]),tokens(['20'])]),head([lexmatch([lb]),inputmatch([lb]),tag(noun),tokens([lb])])],79/6,[]).
candidates(0,0,0,0,[]).
mappings([]).
phrase(')',[punc([inputmatch([')']),tokens([])])],85/1,[]).
candidates(0,0,0,0,[]).
mappings([]).
phrase(',',[punc([inputmatch([',']),tokens([])])],86/1,[]).
candidates(0,0,0,0,[]).
mappings([]).
phrase(sweating,[verb([lexmatch([sweating]),inputmatch([sweating]),tag(verb),tokens([sweating])])],88/8,[]).
candidates(2,1,0,1,[]).
mappings([map(-1000,[ev(-1000,'C0038990','Sweating','Sweating',[sweating],[fndg],[[[1,1],[1,1],0]],yes,no,['CHV','MTH','SNMI','SNOMEDCT_US'],[88/8],0,0)])]).
phrase(',',[punc([inputmatch([',']),tokens([])])],96/1,[]).
candidates(0,0,0,0,[]).
mappings([]).
phrase(insomnia,[head([lexmatch([insomnia]),inputmatch([insomnia]),tag(noun),tokens([insomnia])])],98/8,[]).
candidates(2,0,0,2,[]).
mappings([map(-1000,[ev(-1000,'C0917801','Insomnia','Sleeplessness',[insomnia],[sosy],[[[1,1],[1,1],0]],yes,no,['ICD10CM','ICPC','MSH','MTH'],[98/8],0,0)]),map(-1000,[ev(-1000,'C1963237','Insomnia','Insomnia Adverse Event',[insomnia],[fndg],[[[1,1],[1,1],0]],yes,no,['MTH','NCI'],[98/8],0,0)])]).
phrase(and,[conj([lexmatch([and]),inputmatch([and]),tag(conj),tokens([and])])],107/3,[]).
candidates(0,0,0,0,[]).
mappings([]).
phrase('diarrhea.',[head([lexmatch([diarrhea]),inputmatch([diarrhea]),tag(noun),tokens([diarrhea])]),punc([inputmatch(['.']),tokens([])])],111/9,[]).
candidates(2,0,0,2,[]).
mappings([map(-1000,[ev(-1000,'C0011991','Diarrhea','Diarrhea',[diarrhea],[sosy],[[[1,1],[1,1],0]],yes,no,['CHV','CST','ICD10CM','MEDLINEPLUS','MSH','MTH','NLMSubSyn','SNOMEDCT_US'],[111/8],0,0)]),map(-1000,[ev(-1000,'C1963091','Diarrhea','Diarrhea Adverse Event',[diarrhea],[fndg],[[[1,1],[1,1],0]],yes,no,['MTH','NCI'],[111/8],0,0)])]).
'EOU'.
utterance('00000000.tx.3',"She reports to have been eating more than normal and that her heart sometimes races for no reason. ",121/99,[]).
phrase('She',[pron([lexmatch([she]),inputmatch(['She']),tag(pron),tokens([she])])],121/3,[]).
candidates(0,0,0,0,[]).
mappings([]).
phrase(reports,[verb([lexmatch([reports]),inputmatch([reports]),tag(verb),tokens([reports])])],125/7,[]).
candidates(3,0,0,3,[]).
mappings([map(-1000,[ev(-1000,'C0684224','Report','Report (document)',[report],[inpr],[[[1,1],[1,1],0]],yes,no,['CHV','MSH','MTH','NCI'],[125/7],0,0)]),map(-1000,[ev(-1000,'C0700287','Report','Reporting',[report],[hlca],[[[1,1],[1,1],0]],yes,no,['CHV','LNC','MTH','SNOMEDCT_US'],[125/7],0,0)]),map(-1000,[ev(-1000,'C3273238','Report','Regulatory Report',[report],[inpr],[[[1,1],[1,1],0]],yes,no,['MTH','NCI'],[125/7],0,0)])]).
phrase(to,[adv([lexmatch([to]),inputmatch([to]),tag(adv),tokens([to])])],133/2,[]).
candidates(1,0,0,1,[]).
mappings([map(-1000,[ev(-1000,'C1883351','To','To',[to],[qlco],[[[1,1],[1,1],0]],yes,no,['MTH'],[133/2],0,0)])]).
phrase(have,[aux([lexmatch([have]),inputmatch([have]),tag(aux),tokens([have])])],136/4,[]).
candidates(0,0,0,0,[]).
mappings([]).
phrase(been,[aux([lexmatch([been]),inputmatch([been]),tag(aux),tokens([been])])],141/4,[]).
candidates(0,0,0,0,[]).
mappings([]).
phrase(eating,[verb([lexmatch([eating]),inputmatch([eating]),tag(verb),tokens([eating])])],146/6,[]).
candidates(1,0,0,1,[]).
mappings([map(-1000,[ev(-1000,'C0013470','Eating','Eating',[eating],[orgf],[[[1,1],[1,1],0]],yes,no,['CHV','MSH','MTH','NCI'],[146/6],0,0)])]).
phrase('more than normal',[adv([lexmatch([more]),inputmatch([more]),tag(adv),tokens([more])]),prep([lexmatch([than]),inputmatch([than]),tag(prep),tokens([than])]),mod([lexmatch([normal]),inputmatch([normal]),tag(adj),tokens([normal])])],153/16,[]).
candidates(4,0,0,4,[]).
mappings([map(-746,[ev(-790,'C0205172','More','More',[more],[ftcn],[[[1,1],[1,1],0]],yes,no,['MTH'],[153/4],0,0),ev(-790,'C0205307','Normal','Normal',[normal],[qlco],[[[3,3],[1,1],0]],yes,no,['MTH','SNOMEDCT_US'],[163/6],0,0)]),map(-746,[ev(-790,'C0205172','More','More',[more],[ftcn],[[[1,1],[1,1],0]],yes,no,['MTH'],[153/4],0,0),ev(-790,'C0439166','% normal','Percent normal',[normal],[qnco],[[[3,3],[1,1],0]],yes,no,['CHV','MTH','SNOMEDCT_US'],[163/6],0,0)]),map(-746,[ev(-790,'C0205172','More','More',[more],[ftcn],[[[1,1],[1,1],0]],yes,no,['MTH'],[153/4],0,0),ev(-790,'C2347086','% Normal','Mean Percent of Normal',[normal],[qnco],[[[3,3],[1,1],0]],yes,no,['MTH','NCI'],[163/6],0,0)])]).
phrase(and,[conj([lexmatch([and]),inputmatch([and]),tag(conj),tokens([and])])],170/3,[]).
candidates(0,0,0,0,[]).
mappings([]).
phrase(that,[compl([lexmatch([that]),inputmatch([that]),tag(compl),tokens([that])])],174/4,[]).
candidates(0,0,0,0,[]).
mappings([]).
phrase('her heart sometimes',[pron([lexmatch([her]),inputmatch([her]),tag(pron),tokens([her])]),head([lexmatch([heart]),inputmatch([heart]),tag(noun),tokens([heart])]),adv([lexmatch([sometimes]),inputmatch([sometimes]),tag(adv),tokens([sometimes])])],179/19,[]).
candidates(3,0,0,3,[]).
mappings([map(-888,[ev(-861,'C0018787','Heart','Heart',[heart],[bpoc],[[[1,1],[1,1],0]],yes,no,['CSP','FMA','MSH','MTH','SNMI','SNOMEDCT_US'],[183/5],0,0),ev(-694,'C1998882','Sometimes','Sometimes',[sometimes],[tmco],[[[2,2],[1,1],0]],no,no,['NCI'],[189/9],0,0)]),map(-888,[ev(-861,'C1281570','Heart','Entire heart',[heart],[bpoc],[[[1,1],[1,1],0]],yes,no,['MTH','NLMSubSyn','SNOMEDCT_US'],[183/5],0,0),ev(-694,'C1998882','Sometimes','Sometimes',[sometimes],[tmco],[[[2,2],[1,1],0]],no,no,['NCI'],[189/9],0,0)])]).
phrase('races for no reason.',[verb([lexmatch([races]),inputmatch([races]),tag(verb),tokens([races])]),prep([lexmatch([for]),inputmatch([for]),tag(prep),tokens([for])]),det([lexmatch([no]),inputmatch([no]),tag(det),tokens([no])]),mod([lexmatch([reason]),inputmatch([reason]),tag(noun),tokens([reason])]),punc([inputmatch(['.']),tokens([])])],199/20,[]).
candidates(4,0,0,4,[]).
mappings([map(-708,[ev(-770,'C0034510','Race','Racial group',[race],[popg],[[[1,1],[1,1],0]],yes,no,['AOD','CHV','MSH','MTH','NLMSubSyn','SNMI'],[199/5],0,0),ev(-770,'C0392360','Reason','Indication of (contextual qualifier)',[reason],[idcn],[[[4,4],[1,1],0]],yes,no,['CHV','LNC','NCI','SNOMEDCT_US'],[212/6],0,0)]),map(-708,[ev(-770,'C1706779','RACE','AMACR wt Allele',[race],[gngm],[[[1,1],[1,1],0]],yes,no,['MTH','NCI'],[199/5],0,0),ev(-770,'C0392360','Reason','Indication of (contextual qualifier)',[reason],[idcn],[[[4,4],[1,1],0]],yes,no,['CHV','LNC','NCI','SNOMEDCT_US'],[212/6],0,0)]),map(-708,[ev(-770,'C3669213','Races','Races (activity)',[races],[acty],[[[1,1],[1,1],0]],yes,no,['MTH','SNOMEDCT_VET'],[199/5],0,0),ev(-770,'C0392360','Reason','Indication of (contextual qualifier)',[reason],[idcn],[[[4,4],[1,1],0]],yes,no,['CHV','LNC','NCI','SNOMEDCT_US'],[212/6],0,0)])]).
'EOU'.
utterance('00000000.tx.4',"On physical examination her hands are warm and sweaty, her pulse is irregular at 110bpm and there is hyperreflexia and mild exophthalmia. ",220/138,[357]).
phrase('On physical examination',[prep([lexmatch([on]),inputmatch(['On']),tag(prep),tokens([on])]),head([lexmatch(['physical examination']),inputmatch([physical,examination]),tag(noun),tokens([physical,examination])])],220/23,[]).
candidates(4,0,0,4,[]).
mappings([map(-1000,[ev(-1000,'C0031809','Physical Examination','Physical Examination',[physical,examination],[hlca],[[[1,2],[1,2],0]],yes,no,['AIR','CHV','ICD9CM','MSH','MTH','NCI','NLMSubSyn','SNMI','SNOMEDCT_US'],[223/20],0,0)])]).
phrase('her hands',[pron([lexmatch([her]),inputmatch([her]),tag(pron),tokens([her])]),head([lexmatch([hands]),inputmatch([hands]),tag(noun),tokens([hands])])],244/9,[]).
candidates(5,4,0,1,[]).
mappings([map(-1000,[ev(-1000,'C0018563','Hands','Hand',[hands],[bpoc],[[[1,1],[1,1],0]],yes,no,['FMA','ICF','MTH','OMIM','SNOMEDCT_US'],[248/5],0,0)])]).
phrase(are,[aux([lexmatch([are]),inputmatch([are]),tag(aux),tokens([are])])],254/3,[]).
candidates(0,0,0,0,[]).
mappings([]).
phrase(warm,[head([lexmatch([warm]),inputmatch([warm]),tag(adj),tokens([warm])])],258/4,[]).
candidates(1,0,0,1,[]).
mappings([map(-1000,[ev(-1000,'C0687712',warm,'warming process',[warm],[npop],[[[1,1],[1,1],0]],yes,no,['AOD','CHV','MTH'],[258/4],0,0)])]).
phrase(and,[conj([lexmatch([and]),inputmatch([and]),tag(conj),tokens([and])])],263/3,[]).
candidates(0,0,0,0,[]).
mappings([]).
phrase('sweaty,',[head([lexmatch([sweaty]),inputmatch([sweaty]),tag(adj),tokens([sweaty])]),punc([inputmatch([',']),tokens([])])],267/7,[]).
candidates(3,2,0,1,[]).
mappings([map(-1000,[ev(-1000,'C0232427','Sweaty','Sweaty',[sweaty],[ftcn],[[[1,1],[1,1],0]],yes,no,['SNMI'],[267/6],0,0)])]).
phrase('her pulse',[pron([lexmatch([her]),inputmatch([her]),tag(pron),tokens([her])]),head([lexmatch([pulse]),inputmatch([pulse]),tag(noun),tokens([pulse])])],275/9,[]).
candidates(4,1,0,3,[]).
mappings([map(-1000,[ev(-1000,'C0232117','PULSE','Pulse Rate',[pulse],[clna],[[[1,1],[1,1],0]],yes,no,['MSH','MTH','NCI','SNOMEDCT_US'],[279/5],0,0)]),map(-1000,[ev(-1000,'C0391850','Pulse','Physiologic pulse',[pulse],[phsf],[[[1,1],[1,1],0]],yes,no,['MTH','NCI','SNMI','SNOMEDCT_US'],[279/5],0,0)]),map(-1000,[ev(-1000,'C1947910','Pulse','Pulse phenomenon',[pulse],[phpr],[[[1,1],[1,1],0]],yes,no,['MTH','NCI'],[279/5],0,0)])]).
phrase(is,[aux([lexmatch([is]),inputmatch([is]),tag(aux),tokens([is])])],285/2,[]).
candidates(0,0,0,0,[]).
mappings([]).
phrase('irregular at 110bpm',[head([lexmatch([irregular]),inputmatch([irregular]),tag(adj),tokens([irregular])]),prep([lexmatch([at]),inputmatch([at]),tag(prep),tokens([at])]),mod([inputmatch(['110bpm']),tag(noun),tokens(['110bpm'])])],288/19,[]).
candidates(1,0,0,1,[]).
mappings([map(-790,[ev(-790,'C0205271','Irregular','Irregular',[irregular],[qlco],[[[1,1],[1,1],0]],yes,no,['SNOMEDCT_US'],[288/9],0,0)])]).
phrase(and,[conj([lexmatch([and]),inputmatch([and]),tag(conj),tokens([and])])],308/3,[]).
candidates(0,0,0,0,[]).
mappings([]).
phrase(there,[adv([lexmatch([there]),inputmatch([there]),tag(adv),tokens([there])])],312/5,[]).
candidates(0,0,0,0,[]).
mappings([]).
phrase(is,[aux([lexmatch([is]),inputmatch([is]),tag(aux),tokens([is])])],318/2,[]).
candidates(0,0,0,0,[]).
mappings([]).
phrase(hyperreflexia,[head([lexmatch([hyperreflexia]),inputmatch([hyperreflexia]),tag(noun),tokens([hyperreflexia])])],321/13,[]).
candidates(2,1,0,1,[]).
mappings([map(-1000,[ev(-1000,'C0151889','Hyperreflexia','Hyperreflexia',[hyperreflexia],[fndg],[[[1,1],[1,1],0]],yes,no,['CHV','CST','DXP','MTH','NLMSubSyn','OMIM','SNOMEDCT_US','SNOMEDCT_VET'],[321/13],0,0)])]).
phrase(and,[conj([lexmatch([and]),inputmatch([and]),tag(conj),tokens([and])])],335/3,[]).
candidates(0,0,0,0,[]).
mappings([]).
phrase('mild exophthalmia.',[mod([lexmatch([mild]),inputmatch([mild]),tag(adj),tokens([mild])]),head([lexmatch([exophthalmia]),inputmatch([exophthalmia]),tag(noun),tokens([exophthalmia])]),punc([inputmatch(['.']),tokens([])])],339/18,[]).
candidates(2,0,0,2,[]).
mappings([map(-888,[ev(-694,'C2945599','Mild','Mild (qualifier value)',[mild],[qlco],[[[1,1],[1,1],0]],no,no,['NCI','SNMI','SNOMEDCT_US'],[339/4],0,0),ev(-861,'C0015300','Exophthalmia','Exophthalmos',[exophthalmia],[dsyn],[[[2,2],[1,1],0]],yes,no,['CHV','ICD10CM','MSH','MTH','NLMSubSyn','OMIM','SNOMEDCT_US','SNOMEDCT_VET'],[344/12],0,0)])]).
'EOU'.
utterance('00000000.tx.5',"A 46-year-old woman with sweaty hands, exophthalmia, and weight loss despite increased eating.",358/94,[]).
phrase('A 46-year-old woman with sweaty hands,',[det([lexmatch([a]),inputmatch(['A']),tag(det),tokens([a])]),shapes([inputmatch(['46']),features([integer]),tokens(['46'])]),punc([inputmatch([-]),tokens([])]),mod([lexmatch([year]),inputmatch([year]),tag(noun),tokens([year])]),punc([inputmatch([-]),tokens([])]),mod([lexmatch([old]),inputmatch([old]),tag(noun),tokens([old])]),head([lexmatch([woman]),inputmatch([woman]),tag(noun),tokens([woman])]),prep([lexmatch([with]),inputmatch([with]),tag(prep),tokens([with])]),mod([lexmatch([sweaty]),inputmatch([sweaty]),tag(adj),tokens([sweaty])]),mod([lexmatch([hands]),inputmatch([hands]),tag(noun),tokens([hands])]),punc([inputmatch([',']),tokens([])])],358/38,[]).
candidates(13,6,0,7,[]).
mappings([map(-688,[ev(-578,'C0439234',year,year,[year],[tmco],[[[3,3],[1,1],0]],no,no,['MTH','NCI','SNOMEDCT_US'],[363/4],0,0),ev(-578,'C0580836','Old','Old',[old],[tmco],[[[4,4],[1,1],0]],no,no,['MTH'],[368/3],0,0),ev(-744,'C0043210','Woman','Woman',[woman],[popg],[[[5,5],[1,1],0]],yes,no,['CHV','MSH','MTH','NCI','NLMSubSyn'],[372/5],0,0),ev(-604,'C0424558','Sweaty hands','Sweaty hands',[sweaty,hands],[fndg],[[[7,7],[1,1],0],[[8,8],[2,2],0]],no,no,['SNOMEDCT_US'],[383/12],0,0)]),map(-688,[ev(-578,'C0439508','/year','per year',[year],[tmco],[[[3,3],[1,1],0]],no,no,['CHV','MTH','NCI','SNOMEDCT_US'],[363/4],0,0),ev(-578,'C0580836','Old','Old',[old],[tmco],[[[4,4],[1,1],0]],no,no,['MTH'],[368/3],0,0),ev(-744,'C0043210','Woman','Woman',[woman],[popg],[[[5,5],[1,1],0]],yes,no,['CHV','MSH','MTH','NCI','NLMSubSyn'],[372/5],0,0),ev(-604,'C0424558','Sweaty hands','Sweaty hands',[sweaty,hands],[fndg],[[[7,7],[1,1],0],[[8,8],[2,2],0]],no,no,['SNOMEDCT_US'],[383/12],0,0)])]).
phrase('exophthalmia,',[head([lexmatch([exophthalmia]),inputmatch([exophthalmia]),tag(noun),tokens([exophthalmia])]),punc([inputmatch([',']),tokens([])])],397/13,[]).
candidates(1,0,0,1,[]).
mappings([map(-1000,[ev(-1000,'C0015300','Exophthalmia','Exophthalmos',[exophthalmia],[dsyn],[[[1,1],[1,1],0]],yes,no,['CHV','ICD10CM','MSH','MTH','NLMSubSyn','OMIM','SNOMEDCT_US','SNOMEDCT_VET'],[397/12],0,0)])]).
phrase(and,[conj([lexmatch([and]),inputmatch([and]),tag(conj),tokens([and])])],411/3,[]).
candidates(0,0,0,0,[]).
mappings([]).
phrase('weight loss despite increased eating.',[head([lexmatch(['weight loss']),inputmatch([weight,loss]),tag(noun),tokens([weight,loss])]),prep([lexmatch([despite]),inputmatch([despite]),tag(prep),tokens([despite])]),mod([lexmatch([increased]),inputmatch([increased]),tag(adj),tokens([increased])]),mod([lexmatch([eating]),inputmatch([eating]),tag(noun),tokens([eating])]),punc([inputmatch(['.']),tokens([])])],415/37,[]).
candidates(11,0,0,11,[]).
mappings([map(-752,[ev(-760,'C1517945','Loss','Loss',[loss],[qnco],[[[2,2],[1,1],0]],yes,no,['NCI'],[422/4],0,0),ev(-797,'C0043094','Increased weight','Weight Gain',[increased,weight],[fndg],[[[4,4],[1,1],0],[[1,1],[2,2],0]],yes,no,['CHV','CST','MSH','MTH','NCI','NLMSubSyn','OMIM','SNMI','SNOMEDCT_US'],[415/6,435/9],0,0),ev(-593,'C0013470','Eating','Eating',[eating],[orgf],[[[5,5],[1,1],0]],no,no,['CHV','MSH','MTH','NCI'],[445/6],0,0)])]).
'EOU'.
'EOT'.
