args('metamap14.BINARY.Darwin --lexicon db -Z 2014AA -qE -Q 4 ../../TREC-CDS/2015-original/8.txt ../../TREC-CDS/2015-original-MMed/8.txt.out',[lexicon-db,mm_data_year-'2014AA',machine_output-[],indicate_citation_end-[],composite_phrases-4,infile-'../../TREC-CDS/2015-original/8.txt',outfile-'../../TREC-CDS/2015-original-MMed/8.txt.out']).
aas([]).
neg_list([negation(nega,no,[112/2],['C1960629':'History of headache'],[115/19]),negation(nega,no,[112/2],['C0037320':'Night Terrors'],[138/13])]).
utterance('00000000.tx.1',"diagnosis. ",0/11,[10]).
phrase('diagnosis.',[head([lexmatch([diagnosis]),inputmatch([diagnosis]),tag(noun),tokens([diagnosis])]),punc([inputmatch(['.']),tokens([])])],0/10,[]).
candidates(3,0,0,3,[]).
mappings([map(-1000,[ev(-1000,'C0011900','Diagnosis','Diagnosis',[diagnosis],[fndg],[[[1,1],[1,1],0]],yes,no,['CCS','CHV','LNC','MTH','NCI'],[0/9],0,0)]),map(-1000,[ev(-1000,'C1704338',diagnosis,'diagnosis aspect',[diagnosis],[qlco],[[[1,1],[1,1],0]],yes,no,['MSH','MTH','NLMSubSyn'],[0/9],0,0)]),map(-1000,[ev(-1000,'C1704656','DIAGNOSIS','Diagnosis Study',[diagnosis],[resa],[[[1,1],[1,1],0]],yes,no,['MTH','NCI'],[0/9],0,0)])]).
'EOU'.
utterance('00000000.tx.2',"A 10 yo boy with nighttime snoring, pauses in breathing, and restlessness with nighttime awakenings. ",11/101,[]).
phrase('A 10 yo boy with nighttime snoring,',[mod([lexmatch(['a 10']),inputmatch(['A','10']),tag(noun),tokens([a,'10'])]),mod([lexmatch([yo]),inputmatch([yo]),tag(noun),tokens([yo])]),head([lexmatch([boy]),inputmatch([boy]),tag(noun),tokens([boy])]),prep([lexmatch([with]),inputmatch([with]),tag(prep),tokens([with])]),mod([lexmatch([nighttime]),inputmatch([nighttime]),tag(noun),tokens([nighttime])]),mod([lexmatch([snoring]),inputmatch([snoring]),tag(noun),tokens([snoring])]),punc([inputmatch([',']),tokens([])])],11/35,[]).
candidates(5,0,0,5,[]).
mappings([map(-738,[ev(-612,'C0052080','A-10','antineoplaston A10',[a,'10'],[orch,phsu],[[[1,1],[1,1],0],[[2,2],[2,2],0]],no,no,['MSH','MTH','NCI'],[11/4],0,0),ev(-581,'C1413296','Yo','CDR2 gene',[yo],[gngm],[[[3,3],[1,1],0]],no,no,['HGNC','MTH','OMIM'],[16/2],0,0),ev(-748,'C0870221','Boy','Male child',[boy],[aggp],[[[4,4],[1,1],0]],yes,no,['CHV','NLMSubSyn','SNOMEDCT_US'],[19/3],0,0),ev(-581,'C0240526','Night time','Night time',[night,time],[tmco],[[[6,6],[1,2],0]],no,no,['CHV','MTH','NCI','SNOMEDCT_US'],[28/9],0,0),ev(-581,'C0037384','Snoring','Snoring',[snoring],[sosy],[[[7,7],[1,1],0]],no,no,['CHV','DXP','MSH','MTH','SNMI','SNOMEDCT_US'],[38/7],0,0)])]).
phrase('pauses in breathing,',[verb([lexmatch([pauses]),inputmatch([pauses]),tag(verb),tokens([pauses])]),prep([lexmatch([in]),inputmatch([in]),tag(prep),tokens([in])]),mod([lexmatch([breathing]),inputmatch([breathing]),tag(noun),tokens([breathing])]),punc([inputmatch([',']),tokens([])])],47/20,[]).
candidates(6,0,0,6,[]).
mappings([map(-746,[ev(-790,'C0488347','Pauses','Pauses:Number = Count/Time:Duration of the study:Heart:Quantitative:EKG',[pauses],[clna],[[[1,1],[1,1],0]],yes,no,['LNC'],[47/6],0,0),ev(-790,'C0004048',breathing,'Inspiration function',[breathing],[orgf],[[[3,3],[1,1],0]],yes,no,['CHV','MSH','MTH','NCI','NLMSubSyn','SNMI','SNOMEDCT_US'],[57/9],0,0)]),map(-746,[ev(-790,'C0488347','Pauses','Pauses:Number = Count/Time:Duration of the study:Heart:Quantitative:EKG',[pauses],[clna],[[[1,1],[1,1],0]],yes,no,['LNC'],[47/6],0,0),ev(-790,'C0035203','Breathing','Respiration',[breathing],[phsf],[[[3,3],[1,1],0]],yes,no,['CHV','MSH','MTH','SNOMEDCT_US'],[57/9],0,0)]),map(-746,[ev(-790,'C0488347','Pauses','Pauses:Number = Count/Time:Duration of the study:Heart:Quantitative:EKG',[pauses],[clna],[[[1,1],[1,1],0]],yes,no,['LNC'],[47/6],0,0),ev(-790,'C1160636',breathing,'respiratory gaseous exchange in organisms',[breathing],[biof],[[[3,3],[1,1],0]],yes,no,['AOD','GO','MTH'],[57/9],0,0)]),map(-746,[ev(-790,'C0489607','Pauses','Pauses',[pauses],[tmco],[[[1,1],[1,1],0]],yes,no,['CHV','MTH'],[47/6],0,0),ev(-790,'C0004048',breathing,'Inspiration function',[breathing],[orgf],[[[3,3],[1,1],0]],yes,no,['CHV','MSH','MTH','NCI','NLMSubSyn','SNMI','SNOMEDCT_US'],[57/9],0,0)]),map(-746,[ev(-790,'C0489607','Pauses','Pauses',[pauses],[tmco],[[[1,1],[1,1],0]],yes,no,['CHV','MTH'],[47/6],0,0),ev(-790,'C0035203','Breathing','Respiration',[breathing],[phsf],[[[3,3],[1,1],0]],yes,no,['CHV','MSH','MTH','SNOMEDCT_US'],[57/9],0,0)]),map(-746,[ev(-790,'C0489607','Pauses','Pauses',[pauses],[tmco],[[[1,1],[1,1],0]],yes,no,['CHV','MTH'],[47/6],0,0),ev(-790,'C1160636',breathing,'respiratory gaseous exchange in organisms',[breathing],[biof],[[[3,3],[1,1],0]],yes,no,['AOD','GO','MTH'],[57/9],0,0)]),map(-746,[ev(-790,'C1550026','Pause','Remote control command - pause',[pause],[idcn],[[[1,1],[1,1],0]],yes,no,['HL7V2.5','MTH'],[47/6],0,0),ev(-790,'C0004048',breathing,'Inspiration function',[breathing],[orgf],[[[3,3],[1,1],0]],yes,no,['CHV','MSH','MTH','NCI','NLMSubSyn','SNMI','SNOMEDCT_US'],[57/9],0,0)]),map(-746,[ev(-790,'C1550026','Pause','Remote control command - pause',[pause],[idcn],[[[1,1],[1,1],0]],yes,no,['HL7V2.5','MTH'],[47/6],0,0),ev(-790,'C0035203','Breathing','Respiration',[breathing],[phsf],[[[3,3],[1,1],0]],yes,no,['CHV','MSH','MTH','SNOMEDCT_US'],[57/9],0,0)]),map(-746,[ev(-790,'C1550026','Pause','Remote control command - pause',[pause],[idcn],[[[1,1],[1,1],0]],yes,no,['HL7V2.5','MTH'],[47/6],0,0),ev(-790,'C1160636',breathing,'respiratory gaseous exchange in organisms',[breathing],[biof],[[[3,3],[1,1],0]],yes,no,['AOD','GO','MTH'],[57/9],0,0)])]).
phrase(and,[conj([lexmatch([and]),inputmatch([and]),tag(conj),tokens([and])])],68/3,[]).
candidates(0,0,0,0,[]).
mappings([]).
phrase('restlessness with nighttime awakenings.',[head([lexmatch([restlessness]),inputmatch([restlessness]),tag(noun),tokens([restlessness])]),prep([lexmatch([with]),inputmatch([with]),tag(prep),tokens([with])]),mod([lexmatch([nighttime]),inputmatch([nighttime]),tag(noun),tokens([nighttime])]),mod([lexmatch([awakenings]),inputmatch([awakenings]),tag(noun),tokens([awakenings])]),punc([inputmatch(['.']),tokens([])])],72/39,[]).
candidates(4,0,0,4,[]).
mappings([map(-787,[ev(-819,'C3687799','night time restlessness','Nocturnal restlessness (finding)',[night,time,restlessness],[sosy],[[[3,3],[1,2],0],[[1,1],[3,3],0]],yes,no,['NLMSubSyn','SNOMEDCT_VET'],[72/12,90/9],0,0),ev(-570,'C1720052','Awakening','Awakening (time frame)',[awakening],[tmco],[[[4,4],[1,1],1]],no,no,['MTH','SNOMEDCT_US'],[100/10],0,0)])]).
'EOU'.
utterance('00000000.tx.3',"No history of headache or night terrors. ",112/41,[]).
phrase('No history of headache',[det([lexmatch([no]),inputmatch(['No']),tag(det),tokens([no])]),head([lexmatch([history]),inputmatch([history]),tag(noun),tokens([history])]),prep([lexmatch([of]),inputmatch([of]),tag(prep),tokens([of])]),mod([lexmatch([headache]),inputmatch([headache]),tag(noun),tokens([headache])])],112/22,[]).
candidates(15,2,0,13,[]).
mappings([map(-916,[ev(-604,'C1298908',no,no,[no],[idcn],[[[1,1],[1,1],0]],no,no,['MTH'],[112/2],0,0),ev(-909,'C1960629','History of headache','History of headache',[history,of,headache],[fndg],[[[2,2],[1,1],0],[[3,3],[2,2],0],[[4,4],[3,3],0]],yes,no,['SNOMEDCT_US'],[115/19],0,1)]),map(-916,[ev(-604,'C1549444','No','No - yes/no indicator',[no],[idcn],[[[1,1],[1,1],0]],no,no,['HL7V2.5','MTH'],[112/2],0,0),ev(-909,'C1960629','History of headache','History of headache',[history,of,headache],[fndg],[[[2,2],[1,1],0],[[3,3],[2,2],0],[[4,4],[3,3],0]],yes,no,['SNOMEDCT_US'],[115/19],0,1)])]).
phrase(or,[conj([lexmatch([or]),inputmatch([or]),tag(conj),tokens([or])])],135/2,[]).
candidates(0,0,0,0,[]).
mappings([]).
phrase('night terrors.',[head([lexmatch(['night terrors']),inputmatch([night,terrors]),tag(noun),tokens([night,terrors])]),punc([inputmatch(['.']),tokens([])])],138/14,[]).
candidates(2,0,0,2,[]).
mappings([map(-1000,[ev(-1000,'C0037320','Night Terrors','Night Terrors',[night,terrors],[mobd],[[[1,2],[1,2],0]],yes,no,['AOD','CHV','MSH','MTH','MTHICD9'],[138/13],0,1)])]).
'EOU'.
utterance('00000000.tx.4',"The boy's teacher recently contacted his parents because she was concerned about his declining grades, lack of attention, and excessive sleepiness during class. ",153/161,[313]).
phrase('The boy\'s teacher recently',[det([lexmatch([the]),inputmatch(['The']),tag(det),tokens([the])]),mod([lexmatch([boy]),inputmatch(['boy\'s']),tag(noun),tokens([boy])]),head([lexmatch([teacher]),inputmatch([teacher]),tag(noun),tokens([teacher])]),adv([lexmatch([recently]),inputmatch([recently]),tag(adv),tokens([recently])])],153/26,[]).
candidates(4,0,0,4,[]).
mappings([map(-851,[ev(-660,'C0870221','Boy','Male child',[boy],[aggp],[[[1,1],[1,1],0]],no,no,['CHV','NLMSubSyn','SNOMEDCT_US'],[157/5],0,0),ev(-827,'C0221457','Teacher','Teacher',[teacher],[prog],[[[2,2],[1,1],0]],yes,no,['MTH','NCI','SNMI'],[163/7],0,0),ev(-660,'C0332185','Recently','Recent',[recently],[tmco],[[[3,3],[1,1],0]],no,no,['MTH','SNOMEDCT_US'],[171/8],0,0)]),map(-851,[ev(-660,'C0870221','Boy','Male child',[boy],[aggp],[[[1,1],[1,1],0]],no,no,['CHV','NLMSubSyn','SNOMEDCT_US'],[157/5],0,0),ev(-827,'C3245517',teacher,'ActCode - teacher',[teacher],[inpr],[[[2,2],[1,1],0]],yes,no,['HL7V3.0','MTH'],[163/7],0,0),ev(-660,'C0332185','Recently','Recent',[recently],[tmco],[[[3,3],[1,1],0]],no,no,['MTH','SNOMEDCT_US'],[171/8],0,0)])]).
phrase(contacted,[verb([lexmatch([contacted]),inputmatch([contacted]),tag(verb),tokens([contacted])])],180/9,[]).
candidates(3,0,0,3,[]).
mappings([map(-966,[ev(-966,'C0332158',contact,'Contact with',[contact],[ftcn],[[[1,1],[1,1],1]],yes,no,['CHV','SNMI'],[180/9],0,0)]),map(-966,[ev(-966,'C0337611','Contact','contact person',[contact],[popg],[[[1,1],[1,1],1]],yes,no,['MTH','NCI','NLMSubSyn'],[180/9],0,0)]),map(-966,[ev(-966,'C1705415','Contact','Communication Contact',[contact],[idcn],[[[1,1],[1,1],1]],yes,no,['MTH','NCI'],[180/9],0,0)])]).
phrase('his parents',[pron([lexmatch([his]),inputmatch([his]),tag(pron),tokens([his])]),head([lexmatch([parents]),inputmatch([parents]),tag(noun),tokens([parents])])],190/11,[]).
candidates(2,1,0,1,[]).
mappings([map(-1000,[ev(-1000,'C0030551','Parents',parent,[parents],[famg],[[[1,1],[1,1],0]],yes,no,['CHV','MSH','MTH','NCI'],[194/7],0,0)])]).
phrase(because,[conj([lexmatch([because]),inputmatch([because]),tag(conj),tokens([because])])],202/7,[]).
candidates(0,0,0,0,[]).
mappings([]).
phrase(she,[pron([lexmatch([she]),inputmatch([she]),tag(pron),tokens([she])])],210/3,[]).
candidates(0,0,0,0,[]).
mappings([]).
phrase(was,[aux([lexmatch([was]),inputmatch([was]),tag(aux),tokens([was])])],214/3,[]).
candidates(0,0,0,0,[]).
mappings([]).
phrase('concerned about his declining grades,',[verb([lexmatch([concerned]),inputmatch([concerned]),tag(verb),tokens([concerned])]),prep([lexmatch([about]),inputmatch([about]),tag(prep),tokens([about])]),pron([lexmatch([his]),inputmatch([his]),tag(pron),tokens([his])]),mod([lexmatch([declining]),inputmatch([declining]),tag(adj),tokens([declining])]),mod([lexmatch([grades]),inputmatch([grades]),tag(noun),tokens([grades])]),punc([inputmatch([',']),tokens([])])],218/37,[]).
candidates(7,2,0,5,[]).
mappings([map(-725,[ev(-726,'C2699424','Concern','Concern',[concern],[idcn],[[[1,1],[1,1],1]],yes,no,['NCI'],[218/9],0,0),ev(-760,'C0019602','His','Histidine',[his],[aapp,bacs,phsu],[[[3,3],[1,1],0]],yes,no,['MSH','MTH','NCI'],[234/3],0,0),ev(-760,'C1511741','Declining','Declining',[declining],[qlco],[[[4,4],[1,1],0]],yes,no,['NCI'],[238/9],0,0),ev(-760,'C0441800','Grades','Grade',[grades],[clas],[[[5,5],[1,1],0]],yes,no,['MTH','SNOMEDCT_US'],[248/6],0,0)]),map(-725,[ev(-726,'C2699424','Concern','Concern',[concern],[idcn],[[[1,1],[1,1],1]],yes,no,['NCI'],[218/9],0,0),ev(-760,'C1412323','HIS','AKR1B10 gene',[his],[gngm],[[[3,3],[1,1],0]],yes,no,['HGNC','MTH','OMIM'],[234/3],0,0),ev(-760,'C1511741','Declining','Declining',[declining],[qlco],[[[4,4],[1,1],0]],yes,no,['NCI'],[238/9],0,0),ev(-760,'C0441800','Grades','Grade',[grades],[clas],[[[5,5],[1,1],0]],yes,no,['MTH','SNOMEDCT_US'],[248/6],0,0)])]).
phrase('lack of attention,',[head([lexmatch([lack]),inputmatch([lack]),tag(noun),tokens([lack])]),prep([lexmatch([of]),inputmatch([of]),tag(prep),tokens([of])]),mod([lexmatch([attention]),inputmatch([attention]),tag(noun),tokens([attention])]),punc([inputmatch([',']),tokens([])])],256/18,[]).
candidates(2,0,0,2,[]).
mappings([map(-746,[ev(-790,'C0332268',lack,'Lacking',[lack],[qlco],[[[1,1],[1,1],0]],yes,no,['CHV','SNOMEDCT_US'],[256/4],0,0),ev(-623,'C0004268','Attention','Attention',[attention],[menp],[[[3,3],[1,1],0]],no,no,['ICF','MSH','SNOMEDCT_US'],[264/9],0,0)])]).
phrase(and,[conj([lexmatch([and]),inputmatch([and]),tag(conj),tokens([and])])],275/3,[]).
candidates(0,0,0,0,[]).
mappings([]).
phrase('excessive sleepiness during class.',[mod([lexmatch([excessive]),inputmatch([excessive]),tag(adj),tokens([excessive])]),head([lexmatch([sleepiness]),inputmatch([sleepiness]),tag(noun),tokens([sleepiness])]),prep([lexmatch([during]),inputmatch([during]),tag(prep),tokens([during])]),mod([lexmatch([class]),inputmatch([class]),tag(noun),tokens([class])]),punc([inputmatch(['.']),tokens([])])],279/34,[]).
candidates(7,1,0,6,[]).
mappings([map(-783,[ev(-833,'C0917799','Excessive sleepiness','Hypersomnia',[excessive,sleepiness],[sosy],[[[1,1],[1,1],0],[[2,2],[2,2],0]],yes,no,['CHV','DXP','ICD10CM','MSH','MTH','NCI','NLMSubSyn','QMR','SNOMEDCT_US','SNOMEDCT_VET'],[279/20],0,0),ev(-604,'C0456387','Class','Class',[class],[inpr],[[[4,4],[1,1],0]],no,no,['MTH','NCI','SNOMEDCT_US'],[307/5],0,0)]),map(-783,[ev(-833,'C0917799','Excessive sleepiness','Hypersomnia',[excessive,sleepiness],[sosy],[[[1,1],[1,1],0],[[2,2],[2,2],0]],yes,no,['CHV','DXP','ICD10CM','MSH','MTH','NCI','NLMSubSyn','QMR','SNOMEDCT_US','SNOMEDCT_VET'],[279/20],0,0),ev(-604,'C1705943','Class','Class (taxonomic)',[class],[clas],[[[4,4],[1,1],0]],no,no,['MTH','NCI'],[307/5],0,0)])]).
'EOU'.
utterance('00000000.tx.5',"A 10-year-old boy with difficulty concentrating, daytime sleepiness, and failure to thrive. ",314/92,[]).
phrase('A 10-year-old boy with difficulty concentrating,',[mod([lexmatch(['a 10']),inputmatch(['A','10']),tag(noun),tokens([a,'10'])]),punc([inputmatch([-]),tokens([])]),mod([lexmatch([year]),inputmatch([year]),tag(noun),tokens([year])]),punc([inputmatch([-]),tokens([])]),mod([lexmatch([old]),inputmatch([old]),tag(noun),tokens([old])]),head([lexmatch([boy]),inputmatch([boy]),tag(noun),tokens([boy])]),prep([lexmatch([with]),inputmatch([with]),tag(prep),tokens([with])]),mod([lexmatch([difficulty]),inputmatch([difficulty]),tag(noun),tokens([difficulty])]),mod([lexmatch([concentrating]),inputmatch([concentrating]),tag(noun),tokens([concentrating])]),punc([inputmatch([',']),tokens([])])],314/48,[]).
candidates(10,1,0,9,[]).
mappings([map(-746,[ev(-604,'C0052080','A-10','antineoplaston A10',[a,'10'],[orch,phsu],[[[1,1],[1,1],0],[[2,2],[2,2],0]],no,no,['MSH','MTH','NCI'],[314/4],0,0),ev(-578,'C0439234',year,year,[year],[tmco],[[[3,3],[1,1],0]],no,no,['MTH','NCI','SNOMEDCT_US'],[319/4],0,0),ev(-578,'C0580836','Old','Old',[old],[tmco],[[[4,4],[1,1],0]],no,no,['MTH'],[324/3],0,0),ev(-744,'C0870221','Boy','Male child',[boy],[aggp],[[[5,5],[1,1],0]],yes,no,['CHV','NLMSubSyn','SNOMEDCT_US'],[328/3],0,0),ev(-604,'C0947509','Difficulty concentrating','Difficulty concentrating',[difficulty,concentrating],[menp],[[[7,7],[1,1],0],[[8,8],[2,2],0]],no,no,['CHV','LNC'],[337/24],0,0)]),map(-746,[ev(-604,'C0052080','A-10','antineoplaston A10',[a,'10'],[orch,phsu],[[[1,1],[1,1],0],[[2,2],[2,2],0]],no,no,['MSH','MTH','NCI'],[314/4],0,0),ev(-578,'C0439508','/year','per year',[year],[tmco],[[[3,3],[1,1],0]],no,no,['CHV','MTH','NCI','SNOMEDCT_US'],[319/4],0,0),ev(-578,'C0580836','Old','Old',[old],[tmco],[[[4,4],[1,1],0]],no,no,['MTH'],[324/3],0,0),ev(-744,'C0870221','Boy','Male child',[boy],[aggp],[[[5,5],[1,1],0]],yes,no,['CHV','NLMSubSyn','SNOMEDCT_US'],[328/3],0,0),ev(-604,'C0947509','Difficulty concentrating','Difficulty concentrating',[difficulty,concentrating],[menp],[[[7,7],[1,1],0],[[8,8],[2,2],0]],no,no,['CHV','LNC'],[337/24],0,0)])]).
phrase('daytime sleepiness,',[mod([lexmatch([daytime]),inputmatch([daytime]),tag(noun),tokens([daytime])]),head([lexmatch([sleepiness]),inputmatch([sleepiness]),tag(noun),tokens([sleepiness])]),punc([inputmatch([',']),tokens([])])],363/19,[]).
candidates(5,1,0,4,[]).
mappings([map(-1000,[ev(-1000,'C0541854','DAYTIME SLEEPINESS','DAYTIME SLEEPINESS',[daytime,sleepiness],[fndg],[[[1,1],[1,1],0],[[2,2],[2,2],0]],yes,no,['CHV','CST','NLMSubSyn'],[363/18],0,0)])]).
phrase(and,[conj([lexmatch([and]),inputmatch([and]),tag(conj),tokens([and])])],383/3,[]).
candidates(0,0,0,0,[]).
mappings([]).
phrase('failure to thrive.',[head([lexmatch(['failure to thrive']),inputmatch([failure,to,thrive]),tag(noun),tokens([failure,to,thrive])]),punc([inputmatch(['.']),tokens([])])],387/18,[]).
candidates(4,0,0,4,[]).
mappings([map(-1000,[ev(-1000,'C0015544','Failure to Thrive','Failure to Thrive',[failure,to,thrive],[dsyn],[[[1,3],[1,3],0]],yes,no,['CHV','ICD9CM','MTH','NCI','SNMI','SNOMEDCT_US'],[387/17],0,0)])]).
'EOU'.
utterance('00000000.tx.6',"The boy sleeps restlessly, snores, sweats, breathes heavily through his mouth and gasps in his sleep.",406/101,[]).
phrase('The boy',[det([lexmatch([the]),inputmatch(['The']),tag(det),tokens([the])]),head([lexmatch([boy]),inputmatch([boy]),tag(noun),tokens([boy])])],406/7,[]).
candidates(1,0,0,1,[]).
mappings([map(-1000,[ev(-1000,'C0870221','Boy','Male child',[boy],[aggp],[[[1,1],[1,1],0]],yes,no,['CHV','NLMSubSyn','SNOMEDCT_US'],[410/3],0,0)])]).
phrase(sleeps,[verb([lexmatch([sleeps]),inputmatch([sleeps]),tag(verb),tokens([sleeps])])],414/6,[]).
candidates(1,0,0,1,[]).
mappings([map(-1000,[ev(-1000,'C0037313','Sleep','Sleep',[sleep],[orgf],[[[1,1],[1,1],0]],yes,no,['CHV','ICF','MTH','SNOMEDCT_US'],[414/6],0,0)])]).
phrase('restlessly,',[adv([lexmatch([restlessly]),inputmatch([restlessly]),tag(adv),tokens([restlessly])]),punc([inputmatch([',']),tokens([])])],421/11,[]).
candidates(0,0,0,0,[]).
mappings([]).
phrase('snores,',[head([lexmatch([snores]),inputmatch([snores]),tag(noun),tokens([snores])]),punc([inputmatch([',']),tokens([])])],433/7,[]).
candidates(1,0,0,1,[]).
mappings([map(-1000,[ev(-1000,'C0037384','Snores','Snoring',[snores],[sosy],[[[1,1],[1,1],0]],yes,no,['CHV','DXP','MSH','MTH','SNMI','SNOMEDCT_US'],[433/6],0,0)])]).
phrase('sweats,',[head([lexmatch([sweats]),inputmatch([sweats]),tag(noun),tokens([sweats])]),punc([inputmatch([',']),tokens([])])],441/7,[]).
candidates(3,1,0,2,[]).
mappings([map(-1000,[ev(-1000,'C0038984','Sweats','Sweat',[sweats],[bdsu],[[[1,1],[1,1],0]],yes,no,['FMA','MSH','MTH','SNMI'],[441/6],0,0)]),map(-1000,[ev(-1000,'C0038990','Sweats','Sweating',[sweats],[fndg],[[[1,1],[1,1],0]],yes,no,['CHV','MTH','SNMI','SNOMEDCT_US'],[441/6],0,0)])]).
phrase(breathes,[verb([lexmatch([breathes]),inputmatch([breathes]),tag(verb),tokens([breathes])])],449/8,[]).
candidates(0,0,0,0,[]).
mappings([]).
phrase('heavily through his mouth',[adv([lexmatch([heavily]),inputmatch([heavily]),tag(adv),tokens([heavily])]),prep([lexmatch([through]),inputmatch([through]),tag(prep),tokens([through])]),pron([lexmatch([his]),inputmatch([his]),tag(pron),tokens([his])]),mod([lexmatch([mouth]),inputmatch([mouth]),tag(noun),tokens([mouth])])],458/25,[]).
candidates(7,1,0,6,[]).
mappings([map(-722,[ev(-770,'C0019602','His','Histidine',[his],[aapp,bacs,phsu],[[[3,3],[1,1],0]],yes,no,['MSH','MTH','NCI'],[474/3],0,0),ev(-770,'C0226896','Mouth','Oral cavity',[mouth],[bsoj],[[[4,4],[1,1],0]],yes,no,['CHV','FMA','MSH','MTH','NCI','NLMSubSyn','SNOMEDCT_US'],[478/5],0,0)]),map(-722,[ev(-770,'C0019602','His','Histidine',[his],[aapp,bacs,phsu],[[[3,3],[1,1],0]],yes,no,['MSH','MTH','NCI'],[474/3],0,0),ev(-770,'C0230028','Mouth','Oral region',[mouth],[blor],[[[4,4],[1,1],0]],yes,no,['CHV','FMA','ICF','MTH','NLMSubSyn','SNOMEDCT_US'],[478/5],0,0)]),map(-722,[ev(-770,'C0019602','His','Histidine',[his],[aapp,bacs,phsu],[[[3,3],[1,1],0]],yes,no,['MSH','MTH','NCI'],[474/3],0,0),ev(-770,'C1267547','Mouth','Entire mouth region',[mouth],[blor],[[[4,4],[1,1],0]],yes,no,['MTH','NLMSubSyn','SNOMEDCT_US'],[478/5],0,0)]),map(-722,[ev(-770,'C0019602','His','Histidine',[his],[aapp,bacs,phsu],[[[3,3],[1,1],0]],yes,no,['MSH','MTH','NCI'],[474/3],0,0),ev(-770,'C1278910','Mouth','Entire oral cavity',[mouth],[blor],[[[4,4],[1,1],0]],yes,no,['MTH','NLMSubSyn','SNOMEDCT_US'],[478/5],0,0)]),map(-722,[ev(-770,'C1412323','HIS','AKR1B10 gene',[his],[gngm],[[[3,3],[1,1],0]],yes,no,['HGNC','MTH','OMIM'],[474/3],0,0),ev(-770,'C0226896','Mouth','Oral cavity',[mouth],[bsoj],[[[4,4],[1,1],0]],yes,no,['CHV','FMA','MSH','MTH','NCI','NLMSubSyn','SNOMEDCT_US'],[478/5],0,0)]),map(-722,[ev(-770,'C1412323','HIS','AKR1B10 gene',[his],[gngm],[[[3,3],[1,1],0]],yes,no,['HGNC','MTH','OMIM'],[474/3],0,0),ev(-770,'C0230028','Mouth','Oral region',[mouth],[blor],[[[4,4],[1,1],0]],yes,no,['CHV','FMA','ICF','MTH','NLMSubSyn','SNOMEDCT_US'],[478/5],0,0)]),map(-722,[ev(-770,'C1412323','HIS','AKR1B10 gene',[his],[gngm],[[[3,3],[1,1],0]],yes,no,['HGNC','MTH','OMIM'],[474/3],0,0),ev(-770,'C1267547','Mouth','Entire mouth region',[mouth],[blor],[[[4,4],[1,1],0]],yes,no,['MTH','NLMSubSyn','SNOMEDCT_US'],[478/5],0,0)]),map(-722,[ev(-770,'C1412323','HIS','AKR1B10 gene',[his],[gngm],[[[3,3],[1,1],0]],yes,no,['HGNC','MTH','OMIM'],[474/3],0,0),ev(-770,'C1278910','Mouth','Entire oral cavity',[mouth],[blor],[[[4,4],[1,1],0]],yes,no,['MTH','NLMSubSyn','SNOMEDCT_US'],[478/5],0,0)])]).
phrase(and,[conj([lexmatch([and]),inputmatch([and]),tag(conj),tokens([and])])],484/3,[]).
candidates(0,0,0,0,[]).
mappings([]).
phrase('gasps in his sleep.',[head([lexmatch([gasps]),inputmatch([gasps]),tag(noun),tokens([gasps])]),prep([lexmatch([in]),inputmatch([in]),tag(prep),tokens([in])]),pron([lexmatch([his]),inputmatch([his]),tag(pron),tokens([his])]),mod([lexmatch([sleep]),inputmatch([sleep]),tag(noun),tokens([sleep])]),punc([inputmatch(['.']),tokens([])])],488/19,[]).
candidates(6,2,0,4,[]).
mappings([map(-733,[ev(-770,'C0425449',gasps,'Gasping for breath',[gasps],[sosy],[[[1,1],[1,1],0]],yes,no,['CHV','MTH','SNMI','SNOMEDCT_US'],[488/5],0,0),ev(-604,'C0019602','His','Histidine',[his],[aapp,bacs,phsu],[[[3,3],[1,1],0]],no,no,['MSH','MTH','NCI'],[497/3],0,0),ev(-604,'C0037313','Sleep','Sleep',[sleep],[orgf],[[[4,4],[1,1],0]],no,no,['CHV','ICF','MTH','SNOMEDCT_US'],[501/5],0,0)]),map(-733,[ev(-770,'C0425449',gasps,'Gasping for breath',[gasps],[sosy],[[[1,1],[1,1],0]],yes,no,['CHV','MTH','SNMI','SNOMEDCT_US'],[488/5],0,0),ev(-604,'C1412323','HIS','AKR1B10 gene',[his],[gngm],[[[3,3],[1,1],0]],no,no,['HGNC','MTH','OMIM'],[497/3],0,0),ev(-604,'C0037313','Sleep','Sleep',[sleep],[orgf],[[[4,4],[1,1],0]],no,no,['CHV','ICF','MTH','SNOMEDCT_US'],[501/5],0,0)])]).
'EOU'.
'EOT'.
