args('metamap14.BINARY.Darwin --lexicon db -Z 2014AA -qE -Q 4 ../../TREC-CDS/2015-original/9.txt ../../TREC-CDS/2015-original-MMed/9.txt.out',[lexicon-db,mm_data_year-'2014AA',machine_output-[],indicate_citation_end-[],composite_phrases-4,infile-'../../TREC-CDS/2015-original/9.txt',outfile-'../../TREC-CDS/2015-original-MMed/9.txt.out']).
aas([]).
neg_list([]).
utterance('00000000.tx.1',"diagnosis. ",0/11,[10]).
phrase('diagnosis.',[head([lexmatch([diagnosis]),inputmatch([diagnosis]),tag(noun),tokens([diagnosis])]),punc([inputmatch(['.']),tokens([])])],0/10,[]).
candidates(3,0,0,3,[]).
mappings([map(-1000,[ev(-1000,'C0011900','Diagnosis','Diagnosis',[diagnosis],[fndg],[[[1,1],[1,1],0]],yes,no,['CCS','CHV','LNC','MTH','NCI'],[0/9],0,0)]),map(-1000,[ev(-1000,'C1704338',diagnosis,'diagnosis aspect',[diagnosis],[qlco],[[[1,1],[1,1],0]],yes,no,['MSH','MTH','NLMSubSyn'],[0/9],0,0)]),map(-1000,[ev(-1000,'C1704656','DIAGNOSIS','Diagnosis Study',[diagnosis],[resa],[[[1,1],[1,1],0]],yes,no,['MTH','NCI'],[0/9],0,0)])]).
'EOU'.
utterance('00000000.tx.2',"A 10 year old child is brought to the emergency room complaining of myalgia, cough, and shortness of breath.  ",11/110,[]).
phrase('A 10 year old child',[mod([lexmatch(['a 10']),inputmatch(['A','10']),tag(noun),tokens([a,'10'])]),mod([lexmatch([year]),inputmatch([year]),tag(noun),tokens([year])]),mod([lexmatch([old]),inputmatch([old]),tag(noun),tokens([old])]),head([lexmatch([child]),inputmatch([child]),tag(noun),tokens([child])])],11/19,[]).
candidates(7,0,0,7,[]).
mappings([map(-857,[ev(-673,'C0052080','A-10','antineoplaston A10',[a,'10'],[orch,phsu],[[[1,1],[1,1],0],[[2,2],[2,2],0]],no,no,['MSH','MTH','NCI'],[11/4],0,0),ev(-637,'C0439234',year,year,[year],[tmco],[[[3,3],[1,1],0]],no,no,['MTH','NCI','SNOMEDCT_US'],[16/4],0,0),ev(-840,'C2919014','OLD_CHILD','OLD_CHILD (NCIt property)',[old,child],[idcn],[[[4,4],[1,1],0],[[5,5],[2,2],0]],yes,no,['MTH','NCI'],[21/9],0,0)]),map(-857,[ev(-673,'C0052080','A-10','antineoplaston A10',[a,'10'],[orch,phsu],[[[1,1],[1,1],0],[[2,2],[2,2],0]],no,no,['MSH','MTH','NCI'],[11/4],0,0),ev(-637,'C0439508','/year','per year',[year],[tmco],[[[3,3],[1,1],0]],no,no,['CHV','MTH','NCI','SNOMEDCT_US'],[16/4],0,0),ev(-840,'C2919014','OLD_CHILD','OLD_CHILD (NCIt property)',[old,child],[idcn],[[[4,4],[1,1],0],[[5,5],[2,2],0]],yes,no,['MTH','NCI'],[21/9],0,0)])]).
phrase(is,[aux([lexmatch([is]),inputmatch([is]),tag(aux),tokens([is])])],31/2,[]).
candidates(0,0,0,0,[]).
mappings([]).
phrase('brought to the emergency room complaining of myalgia,',[verb([lexmatch([brought]),inputmatch([brought]),tag(verb),tokens([brought])]),prep([lexmatch([to]),inputmatch([to]),tag(prep),tokens([to])]),det([lexmatch([the]),inputmatch([the]),tag(det),tokens([the])]),mod([lexmatch(['emergency room']),inputmatch([emergency,room]),tag(noun),tokens([emergency,room])]),mod([lexmatch([complaining]),inputmatch([complaining]),tag(noun),tokens([complaining])]),prep([lexmatch([of]),inputmatch([of]),tag(prep),tokens([of])]),mod([lexmatch([myalgia]),inputmatch([myalgia]),tag(noun),tokens([myalgia])]),punc([inputmatch([',']),tokens([])])],34/53,[]).
candidates(7,0,0,7,[]).
mappings([map(-677,[ev(-744,'C0332302',brought,'Brought on by',[brought],[ftcn],[[[1,1],[1,1],0]],yes,no,['CHV','SNMI'],[34/7],0,0),ev(-770,'C0562508','Emergency Room','Accident and Emergency department',[emergency,room],[hcro],[[[4,5],[1,2],0]],yes,no,['CHV','MSH','MTH','NCI','NLMSubSyn','SNOMEDCT_US'],[49/14],0,0),ev(-744,'C0231528','Myalgia','Myalgia',[myalgia],[sosy],[[[8,8],[1,1],0]],yes,no,['CHV','CST','DXP','ICPC','LNC','MSH','MTH','NLMSubSyn','OMIM','SNMI','SNOMEDCT_US'],[79/7],0,0)])]).
phrase('cough,',[head([lexmatch([cough]),inputmatch([cough]),tag(noun),tokens([cough])]),punc([inputmatch([',']),tokens([])])],88/6,[]).
candidates(3,1,0,2,[]).
mappings([map(-1000,[ev(-1000,'C0010200','Cough','Coughing',[cough],[sosy],[[[1,1],[1,1],0]],yes,no,['CHV','MSH','MTH','SNMI','SNOMEDCT_US'],[88/5],0,0)]),map(-1000,[ev(-1000,'C1961131','Cough','Cough Adverse Event',[cough],[fndg],[[[1,1],[1,1],0]],yes,no,['MTH','NCI'],[88/5],0,0)])]).
phrase(and,[conj([lexmatch([and]),inputmatch([and]),tag(conj),tokens([and])])],95/3,[]).
candidates(0,0,0,0,[]).
mappings([]).
phrase('shortness of breath.',[head([lexmatch([shortness]),inputmatch([shortness]),tag(noun),tokens([shortness])]),prep([lexmatch([of]),inputmatch([of]),tag(prep),tokens([of])]),mod([lexmatch([breath]),inputmatch([breath]),tag(noun),tokens([breath])]),punc([inputmatch(['.']),tokens([])])],99/20,[]).
candidates(8,1,0,7,[]).
mappings([map(-1000,[ev(-1000,'C0013404','Shortness of Breath','Dyspnea',[shortness,of,breath],[sosy],[[[1,1],[1,1],0],[[2,2],[2,2],0],[[3,3],[3,3],0]],yes,no,['CHV','CSP','CST','DXP','ICD10CM','ICPC','MSH','MTH','NCI','NLMSubSyn','OMIM','SNOMEDCT_US'],[99/19],0,0)]),map(-1000,[ev(-1000,'C2707305','Shortness of breath','Shortness of breath:-:Point in time:^Patient:-',[shortness,of,breath],[clna],[[[1,1],[1,1],0],[[2,2],[2,2],0],[[3,3],[3,3],0]],yes,no,['LNC'],[99/19],0,0)])]).
'EOU'.
utterance('00000000.tx.3',"Two weeks ago the patient was seen by his pediatrician for low-grade fever, abdominal pain, and diarrhea, diagnosed with a viral illness, and prescribed OTC medications. ",121/170,[]).
phrase('Two weeks ago',[mod([lexmatch([two]),inputmatch(['Two']),tag(adj),tokens([two])]),head([lexmatch([weeks]),inputmatch([weeks]),tag(noun),tokens([weeks])]),adv([lexmatch([ago]),inputmatch([ago]),tag(adv),tokens([ago])])],121/13,[]).
candidates(3,1,0,2,[]).
mappings([map(-790,[ev(-660,'C0205448','Two','Two',[two],[qnco],[[[1,1],[1,1],0]],no,no,['MTH','SNOMEDCT_US'],[121/3],0,0),ev(-827,'C0439230',weeks,week,[weeks],[tmco],[[[2,2],[1,1],0]],yes,no,['MTH','SNOMEDCT_US'],[125/5],0,0)])]).
phrase('the patient',[det([lexmatch([the]),inputmatch([the]),tag(det),tokens([the])]),head([lexmatch([patient]),inputmatch([patient]),tag(noun),tokens([patient])])],135/11,[]).
candidates(1,0,0,1,[]).
mappings([map(-1000,[ev(-1000,'C0030705','*^patient','Patients',[patient],[podg],[[[1,1],[1,1],0]],yes,no,['LNC','MTH','NCI','SNOMEDCT_US'],[139/7],0,0)])]).
phrase(was,[aux([lexmatch([was]),inputmatch([was]),tag(aux),tokens([was])])],147/3,[]).
candidates(0,0,0,0,[]).
mappings([]).
phrase('seen by his pediatrician',[verb([lexmatch([seen]),inputmatch([seen]),tag(verb),tokens([seen])]),prep([lexmatch([by]),inputmatch([by]),tag(prep),tokens([by])]),pron([lexmatch([his]),inputmatch([his]),tag(pron),tokens([his])]),mod([lexmatch([pediatrician]),inputmatch([pediatrician]),tag(noun),tokens([pediatrician])])],151/24,[]).
candidates(7,2,0,5,[]).
mappings([map(-916,[ev(-881,'C0583542','Seen by paediatrician','Seen by pediatrician',[seen,by,paediatrician],[fndg],[[[1,1],[1,1],0],[[2,2],[2,2],0],[[4,4],[3,3],0]],yes,no,['SNOMEDCT_US'],[151/7,163/12],0,0),ev(-770,'C0019602','His','Histidine',[his],[aapp,bacs,phsu],[[[3,3],[1,1],0]],yes,no,['MSH','MTH','NCI'],[159/3],0,0)]),map(-916,[ev(-881,'C0583542','Seen by paediatrician','Seen by pediatrician',[seen,by,paediatrician],[fndg],[[[1,1],[1,1],0],[[2,2],[2,2],0],[[4,4],[3,3],0]],yes,no,['SNOMEDCT_US'],[151/7,163/12],0,0),ev(-770,'C1412323','HIS','AKR1B10 gene',[his],[gngm],[[[3,3],[1,1],0]],yes,no,['HGNC','MTH','OMIM'],[159/3],0,0)])]).
phrase('for low-grade fever,',[prep([lexmatch([for]),inputmatch([for]),tag(prep),tokens([for])]),mod([lexmatch(['low-grade']),inputmatch([low,-,grade]),tag(adj),tokens([low,grade])]),head([lexmatch([fever]),inputmatch([fever]),tag(noun),tokens([fever])]),punc([inputmatch([',']),tokens([])])],176/20,[]).
candidates(9,0,0,9,[]).
mappings([map(-1000,[ev(-1000,'C0239574','Low grade fever','Low grade fever',[low,grade,fever],[fndg],[[[1,2],[1,2],0],[[3,3],[3,3],0]],yes,no,['MTH','NLMSubSyn','SNOMEDCT_US'],[180/15],0,0)])]).
phrase('abdominal pain,',[head([lexmatch(['abdominal pain']),inputmatch([abdominal,pain]),tag(noun),tokens([abdominal,pain])]),punc([inputmatch([',']),tokens([])])],197/15,[]).
candidates(4,0,0,4,[]).
mappings([map(-1000,[ev(-1000,'C0000737','Abdominal Pain','Abdominal Pain',[abdominal,pain],[sosy],[[[1,2],[1,2],0]],yes,no,['CHV','ICD10CM','ICD9CM','MEDLINEPLUS','MSH','MTH','NLMSubSyn','OMIM','SNOMEDCT_US'],[197/14],0,0)])]).
phrase(and,[conj([lexmatch([and]),inputmatch([and]),tag(conj),tokens([and])])],213/3,[]).
candidates(0,0,0,0,[]).
mappings([]).
phrase('diarrhea,',[head([lexmatch([diarrhea]),inputmatch([diarrhea]),tag(noun),tokens([diarrhea])]),punc([inputmatch([',']),tokens([])])],217/9,[]).
candidates(2,0,0,2,[]).
mappings([map(-1000,[ev(-1000,'C0011991','Diarrhea','Diarrhea',[diarrhea],[sosy],[[[1,1],[1,1],0]],yes,no,['CHV','CST','ICD10CM','MEDLINEPLUS','MSH','MTH','NLMSubSyn','SNOMEDCT_US'],[217/8],0,0)]),map(-1000,[ev(-1000,'C1963091','Diarrhea','Diarrhea Adverse Event',[diarrhea],[fndg],[[[1,1],[1,1],0]],yes,no,['MTH','NCI'],[217/8],0,0)])]).
phrase('diagnosed with a viral illness,',[verb([lexmatch([diagnosed]),inputmatch([diagnosed]),tag(verb),tokens([diagnosed])]),prep([lexmatch([with]),inputmatch([with]),tag(prep),tokens([with])]),det([lexmatch([a]),inputmatch([a]),tag(det),tokens([a])]),mod([lexmatch([viral]),inputmatch([viral]),tag(adj),tokens([viral])]),mod([lexmatch([illness]),inputmatch([illness]),tag(noun),tokens([illness])]),punc([inputmatch([',']),tokens([])])],227/31,[]).
candidates(9,5,0,4,[]).
mappings([map(-745,[ev(-760,'C0011900','Diagnosed','Diagnosis',[diagnosed],[fndg],[[[1,1],[1,1],0]],yes,no,['CCS','CHV','LNC','MTH','NCI'],[227/9],0,0),ev(-806,'C0042769','Viral illness','Virus Diseases',[viral,illness],[dsyn],[[[4,4],[1,1],0],[[5,5],[2,2],0]],yes,no,['AOD','CCS','ICD10CM','MEDLINEPLUS','MSH','MTH','NCI','NLMSubSyn','SNM','SNOMEDCT_US'],[244/13],0,0)])]).
phrase(and,[conj([lexmatch([and]),inputmatch([and]),tag(conj),tokens([and])])],259/3,[]).
candidates(0,0,0,0,[]).
mappings([]).
phrase('prescribed OTC medications.',[mod([lexmatch([prescribed]),inputmatch([prescribed]),tag(adj),tokens([prescribed])]),mod([lexmatch([otc]),inputmatch(['OTC']),tag(noun),tokens([otc])]),head([lexmatch([medications]),inputmatch([medications]),tag(noun),tokens([medications])]),punc([inputmatch(['.']),tokens([])])],263/27,[]).
candidates(9,1,0,8,[]).
mappings([map(-901,[ev(-913,'C3166216','Prescribed medications','Prescribed medications',[prescribed,medications],[clna],[[[1,1],[1,1],0],[[3,3],[2,2],0]],yes,no,['MTH','NLMSubSyn'],[263/10,278/11],0,0),ev(-660,'C0013231','OTC','Drugs, Non-Prescription',[otc],[phsu],[[[2,2],[1,1],0]],no,no,['AOD','CHV','MEDLINEPLUS','MSH','MTH','NCI','NLMSubSyn','SNOMEDCT_US'],[274/3],0,0)]),map(-901,[ev(-913,'C3202967','Prescribed medications','Prescribed medications:-:Point in time:^Patient:-',[prescribed,medications],[clna],[[[1,1],[1,1],0],[[3,3],[2,2],0]],yes,no,['LNC','NLMSubSyn'],[263/10,278/11],0,0),ev(-660,'C0013231','OTC','Drugs, Non-Prescription',[otc],[phsu],[[[2,2],[1,1],0]],no,no,['AOD','CHV','MEDLINEPLUS','MSH','MTH','NCI','NLMSubSyn','SNOMEDCT_US'],[274/3],0,0)]),map(-901,[ev(-660,'C0278329','Prescribed','Prescribed',[prescribed],[hlca],[[[1,1],[1,1],0]],no,no,['LCH','SNMI'],[263/10],0,0),ev(-901,'C0013231','otc medications','Drugs, Non-Prescription',[otc,medications],[phsu],[[[2,2],[1,1],0],[[3,3],[2,2],0]],yes,no,['AOD','CHV','MEDLINEPLUS','MSH','MTH','NCI','NLMSubSyn','SNOMEDCT_US'],[274/15],0,0)])]).
'EOU'.
utterance('00000000.tx.4',"Three weeks ago the family returned home after a stay with relatives on a farm that raises domestic pigs for consumption. ",291/122,[]).
phrase('Three weeks ago',[shapes([inputmatch(['Three']),features([word_numeral]),tokens([three])]),head([lexmatch([weeks]),inputmatch([weeks]),tag(noun),tokens([weeks])]),adv([lexmatch([ago]),inputmatch([ago]),tag(adv),tokens([ago])])],291/15,[]).
candidates(3,1,0,2,[]).
mappings([map(-790,[ev(-660,'C0205449','Three','Three',[three],[qnco],[[[1,1],[1,1],0]],no,no,['MTH','SNOMEDCT_US'],[291/5],0,0),ev(-827,'C0439230',weeks,week,[weeks],[tmco],[[[2,2],[1,1],0]],yes,no,['MTH','SNOMEDCT_US'],[297/5],0,0)])]).
phrase('the family',[det([lexmatch([the]),inputmatch([the]),tag(det),tokens([the])]),head([lexmatch([family]),inputmatch([family]),tag(noun),tokens([family])])],307/10,[]).
candidates(3,1,0,2,[]).
mappings([map(-1000,[ev(-1000,'C0015576','Family','Family',[family],[famg],[[[1,1],[1,1],0]],yes,no,['MSH','MTH','NCI','NLMSubSyn'],[311/6],0,0)]),map(-1000,[ev(-1000,'C1704727','Family','Family (taxonomic)',[family],[cnce],[[[1,1],[1,1],0]],yes,no,['MTH','SNOMEDCT_VET'],[311/6],0,0)])]).
phrase(returned,[verb([lexmatch([returned]),inputmatch([returned]),tag(verb),tokens([returned])])],318/8,[]).
candidates(1,0,0,1,[]).
mappings([map(-966,[ev(-966,'C0332156','Return','Return to',[return],[qlco],[[[1,1],[1,1],1]],yes,no,['NCI','SNOMEDCT_US'],[318/8],0,0)])]).
phrase('home after a stay',[head([lexmatch([home]),inputmatch([home]),tag(noun),tokens([home])]),prep([lexmatch([after]),inputmatch([after]),tag(prep),tokens([after])]),det([lexmatch([a]),inputmatch([a]),tag(det),tokens([a])]),mod([lexmatch([stay]),inputmatch([stay]),tag(noun),tokens([stay])])],327/17,[]).
candidates(1,0,0,1,[]).
mappings([map(-770,[ev(-770,'C0442519','Home','Home environment',[home],[cnce],[[[1,1],[1,1],0]],yes,no,['CHV','MTH','SNOMEDCT_US'],[327/4],0,0)])]).
phrase('with relatives on a farm',[prep([lexmatch([with]),inputmatch([with]),tag(prep),tokens([with])]),head([lexmatch([relatives]),inputmatch([relatives]),tag(noun),tokens([relatives])]),prep([lexmatch([on]),inputmatch([on]),tag(prep),tokens([on])]),det([lexmatch([a]),inputmatch([a]),tag(det),tokens([a])]),mod([lexmatch([farm]),inputmatch([farm]),tag(noun),tokens([farm])])],345/24,[]).
candidates(6,2,0,4,[]).
mappings([map(-696,[ev(-593,'C0332287','With','In addition to',[with],[qlco],[[[1,1],[1,1],0]],no,no,['MTH','NCI','SNOMEDCT_US'],[345/4],0,0),ev(-760,'C0080103','Relatives','Relative (related person)',[relatives],[famg],[[[2,2],[1,1],0]],yes,no,['MSH','MTH','NCI','SNOMEDCT_US'],[350/9],0,0),ev(-593,'C0557759','Farm','Farming environment',[farm],[geoa],[[[5,5],[1,1],0]],no,no,['CHV','MTH','SNOMEDCT_US'],[365/4],0,0)]),map(-696,[ev(-593,'C1705690','With','With - dosing instruction fragment',[with],[inpr],[[[1,1],[1,1],0]],no,no,['MTH','SNOMEDCT_US'],[345/4],0,0),ev(-760,'C0080103','Relatives','Relative (related person)',[relatives],[famg],[[[2,2],[1,1],0]],yes,no,['MSH','MTH','NCI','SNOMEDCT_US'],[350/9],0,0),ev(-593,'C0557759','Farm','Farming environment',[farm],[geoa],[[[5,5],[1,1],0]],no,no,['CHV','MTH','SNOMEDCT_US'],[365/4],0,0)])]).
phrase(that,[pron([lexmatch([that]),inputmatch([that]),tag(pron),tokens([that])])],370/4,[]).
candidates(0,0,0,0,[]).
mappings([]).
phrase(raises,[verb([lexmatch([raises]),inputmatch([raises]),tag(verb),tokens([raises])])],375/6,[]).
candidates(0,0,0,0,[]).
mappings([]).
phrase('domestic pigs for consumption.',[mod([lexmatch([domestic]),inputmatch([domestic]),tag(adj),tokens([domestic])]),head([lexmatch([pigs]),inputmatch([pigs]),tag(noun),tokens([pigs])]),prep([lexmatch([for]),inputmatch([for]),tag(prep),tokens([for])]),mod([lexmatch([consumption]),inputmatch([consumption]),tag(noun),tokens([consumption])]),punc([inputmatch(['.']),tokens([])])],382/30,[]).
candidates(9,2,0,7,[]).
mappings([map(-783,[ev(-833,'C1136016','Pigs, Domestic','Sus scrofa domestica',[domestic,pigs],[mamm],[[[1,1],[1,1],0],[[2,2],[2,2],0]],yes,no,['MSH','MTH','NLMSubSyn'],[382/13],0,0),ev(-604,'C0009830','Consumption','Consumption of goods',[consumption],[acty],[[[4,4],[1,1],0]],no,no,['MSH','MTH'],[400/11],0,0)]),map(-783,[ev(-833,'C1136016','Pigs, Domestic','Sus scrofa domestica',[domestic,pigs],[mamm],[[[1,1],[1,1],0],[[2,2],[2,2],0]],yes,no,['MSH','MTH','NLMSubSyn'],[382/13],0,0),ev(-604,'C1947907','Consumption','biologic consumption',[consumption],[phsf],[[[4,4],[1,1],0]],no,no,['MTH','NCI'],[400/11],0,0)])]).
'EOU'.
utterance('00000000.tx.5',"Vital signs: T: 39.5 C, BP: 90/60 HR: 120/min RR: 40/min. ",413/58,[]).
phrase('Vital signs',[head([lexmatch(['vital signs']),inputmatch(['Vital',signs]),tag(noun),tokens([vital,signs])])],413/11,[]).
candidates(8,1,0,7,[]).
mappings([map(-1000,[ev(-1000,'C0150404','Vital signs','Taking vital signs',[vital,signs],[hlca],[[[1,2],[1,2],0]],yes,no,['CHV','MTH','SNM','SNOMEDCT_US'],[413/11],0,0)]),map(-1000,[ev(-1000,'C0518766','Vital signs','Vital signs',[vital,signs],[clna],[[[1,2],[1,2],0]],yes,no,['MTH','SNOMEDCT_US'],[413/11],0,0)])]).
phrase(:,[punc([inputmatch([:]),tokens([])])],424/1,[]).
candidates(0,0,0,0,[]).
mappings([]).
phrase('T',[head([lexmatch([t]),inputmatch(['T']),tag(noun),tokens([t])])],426/1,[]).
candidates(1,0,0,1,[]).
mappings([map(-1000,[ev(-1000,'C2603360','T\'','T prime',[t],[clna],[[[1,1],[1,1],0]],yes,no,['LNC','MTH'],[426/1],0,0)])]).
phrase(:,[punc([inputmatch([:]),tokens([])])],427/1,[]).
candidates(0,0,0,0,[]).
mappings([]).
phrase('39.5 C,',[shapes([inputmatch(['39','.','5']),features([real_number]),tokens(['39','5'])]),head([lexmatch([c]),inputmatch(['C']),tag(noun),tokens([c])]),punc([inputmatch([',']),tokens([])])],429/7,[]).
candidates(0,0,0,0,[]).
mappings([]).
phrase('BP',[head([lexmatch([bp]),inputmatch(['BP']),tag(noun),tokens([bp])])],437/2,[]).
candidates(0,0,0,0,[]).
mappings([]).
phrase(:,[punc([inputmatch([:]),tokens([])])],439/1,[]).
candidates(0,0,0,0,[]).
mappings([]).
phrase('90/60 HR',[shapes([inputmatch(['90',/,'60']),features([fraction]),tokens(['90','60'])]),head([lexmatch([hr]),inputmatch(['HR']),tag(noun),tokens([hr])])],441/8,[]).
candidates(2,0,0,2,[]).
mappings([map(-660,[ev(-660,'C0439083','>90','>90',['90'],[qnco],[[[1,1],[1,1],0]],no,no,['SNOMEDCT_US'],[441/2],0,0)]),map(-660,[ev(-660,'C0439087','<90','<90',['90'],[qnco],[[[1,1],[1,1],0]],no,no,['SNOMEDCT_US'],[441/2],0,0)])]).
phrase(:,[punc([inputmatch([:]),tokens([])])],449/1,[]).
candidates(0,0,0,0,[]).
mappings([]).
phrase('120/min RR',[shapes([inputmatch(['120']),features([integer]),tokens(['120'])]),punc([inputmatch([/]),tokens([])]),mod([lexmatch([min]),inputmatch([min]),tag(noun),tokens([min])]),head([lexmatch([rr]),inputmatch(['RR']),tag(noun),tokens([rr])])],451/10,[]).
candidates(1,0,0,1,[]).
mappings([map(-660,[ev(-660,'C0702093','/min','/minute',[min],[tmco],[[[2,2],[1,1],0]],no,no,['NCI','NLMSubSyn','SNOMEDCT_US'],[455/3],0,0)])]).
phrase(:,[punc([inputmatch([:]),tokens([])])],461/1,[]).
candidates(0,0,0,0,[]).
mappings([]).
phrase('40/min.',[shapes([inputmatch(['40']),features([integer]),tokens(['40'])]),punc([inputmatch([/]),tokens([])]),head([lexmatch([min]),inputmatch([min]),tag(noun),tokens([min])]),punc([inputmatch(['.']),tokens([])])],463/7,[]).
candidates(2,0,0,2,[]).
mappings([map(-888,[ev(-694,'C0439509','/40','/40',['40'],[tmco],[[[1,1],[1,1],0]],no,no,['SNOMEDCT_US'],[463/2],0,0),ev(-861,'C0702093','/min','/minute',[min],[tmco],[[[2,2],[1,1],0]],yes,no,['NCI','NLMSubSyn','SNOMEDCT_US'],[466/3],0,0)])]).
'EOU'.
utterance('00000000.tx.6',"Physical exam findings include cyanosis,  slight stiffness of the neck,  and  marked periorbital edema. ",471/104,[]).
phrase('Physical exam findings',[mod([lexmatch([physical]),inputmatch(['Physical']),tag(adj),tokens([physical])]),mod([lexmatch([exam]),inputmatch([exam]),tag(noun),tokens([exam])]),head([lexmatch([findings]),inputmatch([findings]),tag(noun),tokens([findings])])],471/22,[]).
candidates(17,3,0,14,[]).
mappings([map(-1000,[ev(-1000,'C0311392','Physical exam findings','Physical findings',[physical,exam,findings],[fndg],[[[1,1],[1,1],0],[[2,2],[2,2],0],[[3,3],[3,3],0]],yes,no,['CST','MTH','NLMSubSyn','SNOMEDCT_US'],[471/22],0,0)]),map(-1000,[ev(-1000,'C0944980','Physical exam findings','Physical findings:Finding:Point in time:^Patient:Nominal:Observed',[physical,exam,findings],[clna],[[[1,1],[1,1],0],[[2,2],[2,2],0],[[3,3],[3,3],0]],yes,no,['LNC','NLMSubSyn'],[471/22],0,0)]),map(-1000,[ev(-1000,'C1509143','physical exam findings','Physical assessment findings',[physical,exam,findings],[fndg],[[[1,1],[1,1],0],[[2,2],[2,2],0],[[3,3],[3,3],0]],yes,no,['LNC','MTH','NLMSubSyn'],[471/22],0,0)])]).
phrase(include,[verb([lexmatch([include]),inputmatch([include]),tag(verb),tokens([include])])],494/7,[]).
candidates(3,0,0,3,[]).
mappings([map(-1000,[ev(-1000,'C0332257',include,'Including (qualifier)',[include],[ftcn],[[[1,1],[1,1],0]],yes,no,['CHV','MTH','SNOMEDCT_US'],[494/7],0,0)]),map(-1000,[ev(-1000,'C1552866',include,'include - SetOperator',[include],[idcn],[[[1,1],[1,1],0]],yes,no,['HL7V3.0','MTH'],[494/7],0,0)]),map(-1000,[ev(-1000,'C2700399','Include','Include (action)',[include],[acty],[[[1,1],[1,1],0]],yes,no,['MTH','NCI'],[494/7],0,0)])]).
phrase('cyanosis,',[head([lexmatch([cyanosis]),inputmatch([cyanosis]),tag(noun),tokens([cyanosis])]),punc([inputmatch([',']),tokens([])])],502/9,[]).
candidates(2,1,0,1,[]).
mappings([map(-1000,[ev(-1000,'C0010520','Cyanosis','Cyanosis',[cyanosis],[sosy],[[[1,1],[1,1],0]],yes,no,['DXP','MSH','MTH','SNOMEDCT_US'],[502/8],0,0)])]).
phrase('slight stiffness of the neck,',[mod([lexmatch([slight]),inputmatch([slight]),tag(adj),tokens([slight])]),head([lexmatch([stiffness]),inputmatch([stiffness]),tag(noun),tokens([stiffness])]),prep([lexmatch([of]),inputmatch([of]),tag(prep),tokens([of])]),det([lexmatch([the]),inputmatch([the]),tag(det),tokens([the])]),mod([lexmatch([neck]),inputmatch([neck]),tag(noun),tokens([neck])]),punc([inputmatch([',']),tokens([])])],513/29,[]).
candidates(8,2,0,6,[]).
mappings([map(-745,[ev(-593,'C2937276','Slight','Slight (qualifier value)',[slight],[qlco],[[[1,1],[1,1],0]],no,no,['SNOMEDCT_US'],[513/6],0,0),ev(-797,'C0151315','Neck stiffness','Neck stiffness',[neck,stiffness],[sosy],[[[5,5],[1,1],0],[[2,2],[2,2],0]],yes,no,['CST','MTH','NLMSubSyn','SNMI','SNOMEDCT_US','SNOMEDCT_VET'],[520/9,537/4],0,0)]),map(-745,[ev(-593,'C2945599','Slight','Mild (qualifier value)',[slight],[qlco],[[[1,1],[1,1],0]],no,no,['NCI','SNMI','SNOMEDCT_US'],[513/6],0,0),ev(-797,'C0151315','Neck stiffness','Neck stiffness',[neck,stiffness],[sosy],[[[5,5],[1,1],0],[[2,2],[2,2],0]],yes,no,['CST','MTH','NLMSubSyn','SNMI','SNOMEDCT_US','SNOMEDCT_VET'],[520/9,537/4],0,0)])]).
phrase(and,[conj([lexmatch([and]),inputmatch([and]),tag(conj),tokens([and])])],544/3,[]).
candidates(0,0,0,0,[]).
mappings([]).
phrase('marked periorbital edema.',[mod([lexmatch([marked]),inputmatch([marked]),tag(adj),tokens([marked])]),mod([lexmatch([periorbital]),inputmatch([periorbital]),tag(adj),tokens([periorbital])]),head([lexmatch([edema]),inputmatch([edema]),tag(noun),tokens([edema])]),punc([inputmatch(['.']),tokens([])])],549/25,[]).
candidates(8,1,0,7,[]).
mappings([map(-901,[ev(-913,'C0333245','marked edema','Massive edema',[marked,edema],[sosy],[[[1,1],[1,1],0],[[3,3],[2,2],0]],yes,no,['NLMSubSyn','SNOMEDCT_US'],[549/6,568/5],0,0),ev(-660,'C0230064','Periorbital','Periorbital region',[periorbital],[blor],[[[2,2],[1,1],0]],no,no,['MTH','SNOMEDCT_US','SNOMEDCT_VET'],[556/11],0,0)]),map(-901,[ev(-660,'C0522501','Marked','Massive',[marked],[qlco],[[[1,1],[1,1],0]],no,no,['CHV','MTH','SNOMEDCT_US'],[549/6],0,0),ev(-901,'C0151205','Periorbital edema','Periorbital edema',[periorbital,edema],[sosy],[[[2,2],[1,1],0],[[3,3],[2,2],0]],yes,no,['NLMSubSyn','SNOMEDCT_US'],[556/17],0,0)]),map(-901,[ev(-660,'C1706089','Marked','Marked',[marked],[qlco],[[[1,1],[1,1],0]],no,no,['MTH'],[549/6],0,0),ev(-901,'C0151205','Periorbital edema','Periorbital edema',[periorbital,edema],[sosy],[[[2,2],[1,1],0],[[3,3],[2,2],0]],yes,no,['NLMSubSyn','SNOMEDCT_US'],[556/17],0,0)])]).
'EOU'.
utterance('00000000.tx.7',"Lab results include WBC 25,000, with 25% Eosinophils, and an unremarkable urinalysis. ",575/86,[660]).
phrase('Lab results',[mod([lexmatch([lab]),inputmatch(['Lab']),tag(noun),tokens([lab])]),head([lexmatch([results]),inputmatch([results]),tag(noun),tokens([results])])],575/11,[]).
candidates(7,2,0,5,[]).
mappings([map(-1000,[ev(-1000,'C3244125','lab results','lab results',[lab,results],[inpr],[[[1,1],[1,1],0],[[2,2],[2,2],0]],yes,no,['HL7V3.0'],[575/11],0,0)])]).
phrase(include,[verb([lexmatch([include]),inputmatch([include]),tag(verb),tokens([include])])],587/7,[]).
candidates(3,0,0,3,[]).
mappings([map(-1000,[ev(-1000,'C0332257',include,'Including (qualifier)',[include],[ftcn],[[[1,1],[1,1],0]],yes,no,['CHV','MTH','SNOMEDCT_US'],[587/7],0,0)]),map(-1000,[ev(-1000,'C1552866',include,'include - SetOperator',[include],[idcn],[[[1,1],[1,1],0]],yes,no,['HL7V3.0','MTH'],[587/7],0,0)]),map(-1000,[ev(-1000,'C2700399','Include','Include (action)',[include],[acty],[[[1,1],[1,1],0]],yes,no,['MTH','NCI'],[587/7],0,0)])]).
phrase('WBC 25,000,',[mod([lexmatch([wbc]),inputmatch(['WBC']),tag(noun),tokens([wbc])]),shapes([inputmatch(['25',',','000']),features([comma_integer]),tokens(['25','000'])]),punc([inputmatch([',']),tokens([])])],595/11,[]).
candidates(2,0,0,2,[]).
mappings([map(-827,[ev(-827,'C0023516','WBC','Leukocytes',[wbc],[cell],[[[1,1],[1,1],0]],yes,no,['AOD','CHV','MSH','MTH','NCI','NLMSubSyn','SNM','SNMI','SNOMEDCT_US'],[595/3],0,0)]),map(-827,[ev(-827,'C1882326','% WBC','Percent in White Blood Count Differential',[wbc],[qnco],[[[1,1],[1,1],0]],yes,no,['NCI'],[595/3],0,0)])]).
phrase('with 25% Eosinophils,',[prep([lexmatch([with]),inputmatch([with]),tag(prep),tokens([with])]),shapes([inputmatch(['25','%']),features([percentage,integer]),tokens(['25'])]),head([lexmatch([eosinophils]),inputmatch(['Eosinophils']),tag(noun),tokens([eosinophils])]),punc([inputmatch([',']),tokens([])])],607/21,[]).
candidates(7,5,0,2,[]).
mappings([map(-861,[ev(-861,'C0014467','Eosinophils',eosinophil,[eosinophils],[cell],[[[2,2],[1,1],0]],yes,no,['AOD','CHV','CSP','FMA','MSH','MTH','NLMSubSyn','SNM','SNOMEDCT_US'],[616/11],0,0)]),map(-861,[ev(-861,'C0200638','Eosinophils','Eosinophil count procedure',[eosinophils],[lbpr],[[[2,2],[1,1],0]],yes,no,['CHV','MTH','NCI','NLMSubSyn','SNM','SNOMEDCT_US'],[616/11],0,0)])]).
phrase(and,[conj([lexmatch([and]),inputmatch([and]),tag(conj),tokens([and])])],629/3,[]).
candidates(0,0,0,0,[]).
mappings([]).
phrase('an unremarkable urinalysis.',[det([lexmatch([an]),inputmatch([an]),tag(det),tokens([an])]),mod([lexmatch([unremarkable]),inputmatch([unremarkable]),tag(adj),tokens([unremarkable])]),head([lexmatch([urinalysis]),inputmatch([urinalysis]),tag(noun),tokens([urinalysis])]),punc([inputmatch(['.']),tokens([])])],633/27,[]).
candidates(2,0,0,2,[]).
mappings([map(-888,[ev(-694,'C0205307','Unremarkable','Normal',[unremarkable],[qlco],[[[1,1],[1,1],0]],no,no,['MTH','SNOMEDCT_US'],[636/12],0,0),ev(-861,'C0042014','Urinalysis','Urinalysis',[urinalysis],[lbpr],[[[2,2],[1,1],0]],yes,no,['AOD','CHV','LNC','MSH','MTH','NLMSubSyn','SNOMEDCT_US','SNOMEDCT_VET'],[649/10],0,0)])]).
'EOU'.
utterance('00000000.tx.8',"A 10 year old child with recent history of pork consumption presents with fever, myalgia, facial edema and eosinophilia",661/119,[]).
phrase('A 10 year old child with recent history of pork consumption',[mod([lexmatch(['a 10']),inputmatch(['A','10']),tag(noun),tokens([a,'10'])]),mod([lexmatch([year]),inputmatch([year]),tag(noun),tokens([year])]),mod([lexmatch([old]),inputmatch([old]),tag(noun),tokens([old])]),head([lexmatch([child]),inputmatch([child]),tag(noun),tokens([child])]),prep([lexmatch([with]),inputmatch([with]),tag(prep),tokens([with])]),mod([lexmatch([recent]),inputmatch([recent]),tag(adj),tokens([recent])]),mod([lexmatch([history]),inputmatch([history]),tag(noun),tokens([history])]),prep([lexmatch([of]),inputmatch([of]),tag(prep),tokens([of])]),mod([lexmatch([pork]),inputmatch([pork]),tag(noun),tokens([pork])]),mod([lexmatch([consumption]),inputmatch([consumption]),tag(noun),tokens([consumption])])],661/59,[]).
candidates(19,2,0,17,[]).
mappings([map(-702,[ev(-589,'C0052080','A-10','antineoplaston A10',[a,'10'],[orch,phsu],[[[1,1],[1,1],0],[[2,2],[2,2],0]],no,no,['MSH','MTH','NCI'],[661/4],0,0),ev(-571,'C0439234',year,year,[year],[tmco],[[[3,3],[1,1],0]],no,no,['MTH','NCI','SNOMEDCT_US'],[666/4],0,0),ev(-756,'C2919014','OLD_CHILD','OLD_CHILD (NCIt property)',[old,child],[idcn],[[[4,4],[1,1],0],[[5,5],[2,2],0]],yes,no,['MTH','NCI'],[671/9],0,0),ev(-571,'C0332185','Recent','Recent',[recent],[tmco],[[[7,7],[1,1],0]],no,no,['MTH','SNOMEDCT_US'],[686/6],0,0),ev(-571,'C0019664','History','History',[history],[ocdi],[[[8,8],[1,1],0]],no,no,['CHV','MSH','MTH'],[693/7],0,0),ev(-571,'C0452867','Pork','Pork',[pork],[food],[[[10,10],[1,1],0]],no,no,['MTH'],[704/4],0,0),ev(-571,'C0009830','Consumption','Consumption of goods',[consumption],[acty],[[[11,11],[1,1],0]],no,no,['MSH','MTH'],[709/11],0,0)]),map(-702,[ev(-589,'C0052080','A-10','antineoplaston A10',[a,'10'],[orch,phsu],[[[1,1],[1,1],0],[[2,2],[2,2],0]],no,no,['MSH','MTH','NCI'],[661/4],0,0),ev(-571,'C0439234',year,year,[year],[tmco],[[[3,3],[1,1],0]],no,no,['MTH','NCI','SNOMEDCT_US'],[666/4],0,0),ev(-756,'C2919014','OLD_CHILD','OLD_CHILD (NCIt property)',[old,child],[idcn],[[[4,4],[1,1],0],[[5,5],[2,2],0]],yes,no,['MTH','NCI'],[671/9],0,0),ev(-571,'C0332185','Recent','Recent',[recent],[tmco],[[[7,7],[1,1],0]],no,no,['MTH','SNOMEDCT_US'],[686/6],0,0),ev(-571,'C0019664','History','History',[history],[ocdi],[[[8,8],[1,1],0]],no,no,['CHV','MSH','MTH'],[693/7],0,0),ev(-571,'C0452867','Pork','Pork',[pork],[food],[[[10,10],[1,1],0]],no,no,['MTH'],[704/4],0,0),ev(-571,'C1947907','Consumption','biologic consumption',[consumption],[phsf],[[[11,11],[1,1],0]],no,no,['MTH','NCI'],[709/11],0,0)]),map(-702,[ev(-589,'C0052080','A-10','antineoplaston A10',[a,'10'],[orch,phsu],[[[1,1],[1,1],0],[[2,2],[2,2],0]],no,no,['MSH','MTH','NCI'],[661/4],0,0),ev(-571,'C0439234',year,year,[year],[tmco],[[[3,3],[1,1],0]],no,no,['MTH','NCI','SNOMEDCT_US'],[666/4],0,0),ev(-756,'C2919014','OLD_CHILD','OLD_CHILD (NCIt property)',[old,child],[idcn],[[[4,4],[1,1],0],[[5,5],[2,2],0]],yes,no,['MTH','NCI'],[671/9],0,0),ev(-571,'C0332185','Recent','Recent',[recent],[tmco],[[[7,7],[1,1],0]],no,no,['MTH','SNOMEDCT_US'],[686/6],0,0),ev(-571,'C0019665',history,'Historical aspects qualifier',[history],[inpr],[[[8,8],[1,1],0]],no,no,['MSH','MTH'],[693/7],0,0),ev(-571,'C0452867','Pork','Pork',[pork],[food],[[[10,10],[1,1],0]],no,no,['MTH'],[704/4],0,0),ev(-571,'C0009830','Consumption','Consumption of goods',[consumption],[acty],[[[11,11],[1,1],0]],no,no,['MSH','MTH'],[709/11],0,0)]),map(-702,[ev(-589,'C0052080','A-10','antineoplaston A10',[a,'10'],[orch,phsu],[[[1,1],[1,1],0],[[2,2],[2,2],0]],no,no,['MSH','MTH','NCI'],[661/4],0,0),ev(-571,'C0439234',year,year,[year],[tmco],[[[3,3],[1,1],0]],no,no,['MTH','NCI','SNOMEDCT_US'],[666/4],0,0),ev(-756,'C2919014','OLD_CHILD','OLD_CHILD (NCIt property)',[old,child],[idcn],[[[4,4],[1,1],0],[[5,5],[2,2],0]],yes,no,['MTH','NCI'],[671/9],0,0),ev(-571,'C0332185','Recent','Recent',[recent],[tmco],[[[7,7],[1,1],0]],no,no,['MTH','SNOMEDCT_US'],[686/6],0,0),ev(-571,'C0019665',history,'Historical aspects qualifier',[history],[inpr],[[[8,8],[1,1],0]],no,no,['MSH','MTH'],[693/7],0,0),ev(-571,'C0452867','Pork','Pork',[pork],[food],[[[10,10],[1,1],0]],no,no,['MTH'],[704/4],0,0),ev(-571,'C1947907','Consumption','biologic consumption',[consumption],[phsf],[[[11,11],[1,1],0]],no,no,['MTH','NCI'],[709/11],0,0)]),map(-702,[ev(-589,'C0052080','A-10','antineoplaston A10',[a,'10'],[orch,phsu],[[[1,1],[1,1],0],[[2,2],[2,2],0]],no,no,['MSH','MTH','NCI'],[661/4],0,0),ev(-571,'C0439234',year,year,[year],[tmco],[[[3,3],[1,1],0]],no,no,['MTH','NCI','SNOMEDCT_US'],[666/4],0,0),ev(-756,'C2919014','OLD_CHILD','OLD_CHILD (NCIt property)',[old,child],[idcn],[[[4,4],[1,1],0],[[5,5],[2,2],0]],yes,no,['MTH','NCI'],[671/9],0,0),ev(-571,'C0332185','Recent','Recent',[recent],[tmco],[[[7,7],[1,1],0]],no,no,['MTH','SNOMEDCT_US'],[686/6],0,0),ev(-571,'C0262512','History, NOS','History of present illness',[history],[orga],[[[8,8],[1,1],0]],no,no,['MTH','SNMI'],[693/7],0,0),ev(-571,'C0452867','Pork','Pork',[pork],[food],[[[10,10],[1,1],0]],no,no,['MTH'],[704/4],0,0),ev(-571,'C0009830','Consumption','Consumption of goods',[consumption],[acty],[[[11,11],[1,1],0]],no,no,['MSH','MTH'],[709/11],0,0)]),map(-702,[ev(-589,'C0052080','A-10','antineoplaston A10',[a,'10'],[orch,phsu],[[[1,1],[1,1],0],[[2,2],[2,2],0]],no,no,['MSH','MTH','NCI'],[661/4],0,0),ev(-571,'C0439234',year,year,[year],[tmco],[[[3,3],[1,1],0]],no,no,['MTH','NCI','SNOMEDCT_US'],[666/4],0,0),ev(-756,'C2919014','OLD_CHILD','OLD_CHILD (NCIt property)',[old,child],[idcn],[[[4,4],[1,1],0],[[5,5],[2,2],0]],yes,no,['MTH','NCI'],[671/9],0,0),ev(-571,'C0332185','Recent','Recent',[recent],[tmco],[[[7,7],[1,1],0]],no,no,['MTH','SNOMEDCT_US'],[686/6],0,0),ev(-571,'C0262512','History, NOS','History of present illness',[history],[orga],[[[8,8],[1,1],0]],no,no,['MTH','SNMI'],[693/7],0,0),ev(-571,'C0452867','Pork','Pork',[pork],[food],[[[10,10],[1,1],0]],no,no,['MTH'],[704/4],0,0),ev(-571,'C1947907','Consumption','biologic consumption',[consumption],[phsf],[[[11,11],[1,1],0]],no,no,['MTH','NCI'],[709/11],0,0)]),map(-702,[ev(-589,'C0052080','A-10','antineoplaston A10',[a,'10'],[orch,phsu],[[[1,1],[1,1],0],[[2,2],[2,2],0]],no,no,['MSH','MTH','NCI'],[661/4],0,0),ev(-571,'C0439234',year,year,[year],[tmco],[[[3,3],[1,1],0]],no,no,['MTH','NCI','SNOMEDCT_US'],[666/4],0,0),ev(-756,'C2919014','OLD_CHILD','OLD_CHILD (NCIt property)',[old,child],[idcn],[[[4,4],[1,1],0],[[5,5],[2,2],0]],yes,no,['MTH','NCI'],[671/9],0,0),ev(-571,'C0332185','Recent','Recent',[recent],[tmco],[[[7,7],[1,1],0]],no,no,['MTH','SNOMEDCT_US'],[686/6],0,0),ev(-571,'C0262926','History','Medical History',[history],[fndg],[[[8,8],[1,1],0]],no,no,['LNC','MTH','NCI','NLMSubSyn','SNOMEDCT_US'],[693/7],0,0),ev(-571,'C0452867','Pork','Pork',[pork],[food],[[[10,10],[1,1],0]],no,no,['MTH'],[704/4],0,0),ev(-571,'C0009830','Consumption','Consumption of goods',[consumption],[acty],[[[11,11],[1,1],0]],no,no,['MSH','MTH'],[709/11],0,0)]),map(-702,[ev(-589,'C0052080','A-10','antineoplaston A10',[a,'10'],[orch,phsu],[[[1,1],[1,1],0],[[2,2],[2,2],0]],no,no,['MSH','MTH','NCI'],[661/4],0,0),ev(-571,'C0439234',year,year,[year],[tmco],[[[3,3],[1,1],0]],no,no,['MTH','NCI','SNOMEDCT_US'],[666/4],0,0),ev(-756,'C2919014','OLD_CHILD','OLD_CHILD (NCIt property)',[old,child],[idcn],[[[4,4],[1,1],0],[[5,5],[2,2],0]],yes,no,['MTH','NCI'],[671/9],0,0),ev(-571,'C0332185','Recent','Recent',[recent],[tmco],[[[7,7],[1,1],0]],no,no,['MTH','SNOMEDCT_US'],[686/6],0,0),ev(-571,'C0262926','History','Medical History',[history],[fndg],[[[8,8],[1,1],0]],no,no,['LNC','MTH','NCI','NLMSubSyn','SNOMEDCT_US'],[693/7],0,0),ev(-571,'C0452867','Pork','Pork',[pork],[food],[[[10,10],[1,1],0]],no,no,['MTH'],[704/4],0,0),ev(-571,'C1947907','Consumption','biologic consumption',[consumption],[phsf],[[[11,11],[1,1],0]],no,no,['MTH','NCI'],[709/11],0,0)]),map(-702,[ev(-589,'C0052080','A-10','antineoplaston A10',[a,'10'],[orch,phsu],[[[1,1],[1,1],0],[[2,2],[2,2],0]],no,no,['MSH','MTH','NCI'],[661/4],0,0),ev(-571,'C0439234',year,year,[year],[tmco],[[[3,3],[1,1],0]],no,no,['MTH','NCI','SNOMEDCT_US'],[666/4],0,0),ev(-756,'C2919014','OLD_CHILD','OLD_CHILD (NCIt property)',[old,child],[idcn],[[[4,4],[1,1],0],[[5,5],[2,2],0]],yes,no,['MTH','NCI'],[671/9],0,0),ev(-571,'C0332185','Recent','Recent',[recent],[tmco],[[[7,7],[1,1],0]],no,no,['MTH','SNOMEDCT_US'],[686/6],0,0),ev(-571,'C1705255','History','Concept History',[history],[cnce],[[[8,8],[1,1],0]],no,no,['MTH','NCI'],[693/7],0,0),ev(-571,'C0452867','Pork','Pork',[pork],[food],[[[10,10],[1,1],0]],no,no,['MTH'],[704/4],0,0),ev(-571,'C0009830','Consumption','Consumption of goods',[consumption],[acty],[[[11,11],[1,1],0]],no,no,['MSH','MTH'],[709/11],0,0)]),map(-702,[ev(-589,'C0052080','A-10','antineoplaston A10',[a,'10'],[orch,phsu],[[[1,1],[1,1],0],[[2,2],[2,2],0]],no,no,['MSH','MTH','NCI'],[661/4],0,0),ev(-571,'C0439234',year,year,[year],[tmco],[[[3,3],[1,1],0]],no,no,['MTH','NCI','SNOMEDCT_US'],[666/4],0,0),ev(-756,'C2919014','OLD_CHILD','OLD_CHILD (NCIt property)',[old,child],[idcn],[[[4,4],[1,1],0],[[5,5],[2,2],0]],yes,no,['MTH','NCI'],[671/9],0,0),ev(-571,'C0332185','Recent','Recent',[recent],[tmco],[[[7,7],[1,1],0]],no,no,['MTH','SNOMEDCT_US'],[686/6],0,0),ev(-571,'C1705255','History','Concept History',[history],[cnce],[[[8,8],[1,1],0]],no,no,['MTH','NCI'],[693/7],0,0),ev(-571,'C0452867','Pork','Pork',[pork],[food],[[[10,10],[1,1],0]],no,no,['MTH'],[704/4],0,0),ev(-571,'C1947907','Consumption','biologic consumption',[consumption],[phsf],[[[11,11],[1,1],0]],no,no,['MTH','NCI'],[709/11],0,0)]),map(-702,[ev(-589,'C0052080','A-10','antineoplaston A10',[a,'10'],[orch,phsu],[[[1,1],[1,1],0],[[2,2],[2,2],0]],no,no,['MSH','MTH','NCI'],[661/4],0,0),ev(-571,'C0439234',year,year,[year],[tmco],[[[3,3],[1,1],0]],no,no,['MTH','NCI','SNOMEDCT_US'],[666/4],0,0),ev(-756,'C2919014','OLD_CHILD','OLD_CHILD (NCIt property)',[old,child],[idcn],[[[4,4],[1,1],0],[[5,5],[2,2],0]],yes,no,['MTH','NCI'],[671/9],0,0),ev(-571,'C0332185','Recent','Recent',[recent],[tmco],[[[7,7],[1,1],0]],no,no,['MTH','SNOMEDCT_US'],[686/6],0,0),ev(-571,'C2004062','History','History of previous events',[history],[fndg],[[[8,8],[1,1],0]],no,no,['MTH','NCI'],[693/7],0,0),ev(-571,'C0452867','Pork','Pork',[pork],[food],[[[10,10],[1,1],0]],no,no,['MTH'],[704/4],0,0),ev(-571,'C0009830','Consumption','Consumption of goods',[consumption],[acty],[[[11,11],[1,1],0]],no,no,['MSH','MTH'],[709/11],0,0)]),map(-702,[ev(-589,'C0052080','A-10','antineoplaston A10',[a,'10'],[orch,phsu],[[[1,1],[1,1],0],[[2,2],[2,2],0]],no,no,['MSH','MTH','NCI'],[661/4],0,0),ev(-571,'C0439234',year,year,[year],[tmco],[[[3,3],[1,1],0]],no,no,['MTH','NCI','SNOMEDCT_US'],[666/4],0,0),ev(-756,'C2919014','OLD_CHILD','OLD_CHILD (NCIt property)',[old,child],[idcn],[[[4,4],[1,1],0],[[5,5],[2,2],0]],yes,no,['MTH','NCI'],[671/9],0,0),ev(-571,'C0332185','Recent','Recent',[recent],[tmco],[[[7,7],[1,1],0]],no,no,['MTH','SNOMEDCT_US'],[686/6],0,0),ev(-571,'C2004062','History','History of previous events',[history],[fndg],[[[8,8],[1,1],0]],no,no,['MTH','NCI'],[693/7],0,0),ev(-571,'C0452867','Pork','Pork',[pork],[food],[[[10,10],[1,1],0]],no,no,['MTH'],[704/4],0,0),ev(-571,'C1947907','Consumption','biologic consumption',[consumption],[phsf],[[[11,11],[1,1],0]],no,no,['MTH','NCI'],[709/11],0,0)]),map(-702,[ev(-589,'C0052080','A-10','antineoplaston A10',[a,'10'],[orch,phsu],[[[1,1],[1,1],0],[[2,2],[2,2],0]],no,no,['MSH','MTH','NCI'],[661/4],0,0),ev(-571,'C0439508','/year','per year',[year],[tmco],[[[3,3],[1,1],0]],no,no,['CHV','MTH','NCI','SNOMEDCT_US'],[666/4],0,0),ev(-756,'C2919014','OLD_CHILD','OLD_CHILD (NCIt property)',[old,child],[idcn],[[[4,4],[1,1],0],[[5,5],[2,2],0]],yes,no,['MTH','NCI'],[671/9],0,0),ev(-571,'C0332185','Recent','Recent',[recent],[tmco],[[[7,7],[1,1],0]],no,no,['MTH','SNOMEDCT_US'],[686/6],0,0),ev(-571,'C0019664','History','History',[history],[ocdi],[[[8,8],[1,1],0]],no,no,['CHV','MSH','MTH'],[693/7],0,0),ev(-571,'C0452867','Pork','Pork',[pork],[food],[[[10,10],[1,1],0]],no,no,['MTH'],[704/4],0,0),ev(-571,'C0009830','Consumption','Consumption of goods',[consumption],[acty],[[[11,11],[1,1],0]],no,no,['MSH','MTH'],[709/11],0,0)]),map(-702,[ev(-589,'C0052080','A-10','antineoplaston A10',[a,'10'],[orch,phsu],[[[1,1],[1,1],0],[[2,2],[2,2],0]],no,no,['MSH','MTH','NCI'],[661/4],0,0),ev(-571,'C0439508','/year','per year',[year],[tmco],[[[3,3],[1,1],0]],no,no,['CHV','MTH','NCI','SNOMEDCT_US'],[666/4],0,0),ev(-756,'C2919014','OLD_CHILD','OLD_CHILD (NCIt property)',[old,child],[idcn],[[[4,4],[1,1],0],[[5,5],[2,2],0]],yes,no,['MTH','NCI'],[671/9],0,0),ev(-571,'C0332185','Recent','Recent',[recent],[tmco],[[[7,7],[1,1],0]],no,no,['MTH','SNOMEDCT_US'],[686/6],0,0),ev(-571,'C0019664','History','History',[history],[ocdi],[[[8,8],[1,1],0]],no,no,['CHV','MSH','MTH'],[693/7],0,0),ev(-571,'C0452867','Pork','Pork',[pork],[food],[[[10,10],[1,1],0]],no,no,['MTH'],[704/4],0,0),ev(-571,'C1947907','Consumption','biologic consumption',[consumption],[phsf],[[[11,11],[1,1],0]],no,no,['MTH','NCI'],[709/11],0,0)]),map(-702,[ev(-589,'C0052080','A-10','antineoplaston A10',[a,'10'],[orch,phsu],[[[1,1],[1,1],0],[[2,2],[2,2],0]],no,no,['MSH','MTH','NCI'],[661/4],0,0),ev(-571,'C0439508','/year','per year',[year],[tmco],[[[3,3],[1,1],0]],no,no,['CHV','MTH','NCI','SNOMEDCT_US'],[666/4],0,0),ev(-756,'C2919014','OLD_CHILD','OLD_CHILD (NCIt property)',[old,child],[idcn],[[[4,4],[1,1],0],[[5,5],[2,2],0]],yes,no,['MTH','NCI'],[671/9],0,0),ev(-571,'C0332185','Recent','Recent',[recent],[tmco],[[[7,7],[1,1],0]],no,no,['MTH','SNOMEDCT_US'],[686/6],0,0),ev(-571,'C0019665',history,'Historical aspects qualifier',[history],[inpr],[[[8,8],[1,1],0]],no,no,['MSH','MTH'],[693/7],0,0),ev(-571,'C0452867','Pork','Pork',[pork],[food],[[[10,10],[1,1],0]],no,no,['MTH'],[704/4],0,0),ev(-571,'C0009830','Consumption','Consumption of goods',[consumption],[acty],[[[11,11],[1,1],0]],no,no,['MSH','MTH'],[709/11],0,0)]),map(-702,[ev(-589,'C0052080','A-10','antineoplaston A10',[a,'10'],[orch,phsu],[[[1,1],[1,1],0],[[2,2],[2,2],0]],no,no,['MSH','MTH','NCI'],[661/4],0,0),ev(-571,'C0439508','/year','per year',[year],[tmco],[[[3,3],[1,1],0]],no,no,['CHV','MTH','NCI','SNOMEDCT_US'],[666/4],0,0),ev(-756,'C2919014','OLD_CHILD','OLD_CHILD (NCIt property)',[old,child],[idcn],[[[4,4],[1,1],0],[[5,5],[2,2],0]],yes,no,['MTH','NCI'],[671/9],0,0),ev(-571,'C0332185','Recent','Recent',[recent],[tmco],[[[7,7],[1,1],0]],no,no,['MTH','SNOMEDCT_US'],[686/6],0,0),ev(-571,'C0019665',history,'Historical aspects qualifier',[history],[inpr],[[[8,8],[1,1],0]],no,no,['MSH','MTH'],[693/7],0,0),ev(-571,'C0452867','Pork','Pork',[pork],[food],[[[10,10],[1,1],0]],no,no,['MTH'],[704/4],0,0),ev(-571,'C1947907','Consumption','biologic consumption',[consumption],[phsf],[[[11,11],[1,1],0]],no,no,['MTH','NCI'],[709/11],0,0)]),map(-702,[ev(-589,'C0052080','A-10','antineoplaston A10',[a,'10'],[orch,phsu],[[[1,1],[1,1],0],[[2,2],[2,2],0]],no,no,['MSH','MTH','NCI'],[661/4],0,0),ev(-571,'C0439508','/year','per year',[year],[tmco],[[[3,3],[1,1],0]],no,no,['CHV','MTH','NCI','SNOMEDCT_US'],[666/4],0,0),ev(-756,'C2919014','OLD_CHILD','OLD_CHILD (NCIt property)',[old,child],[idcn],[[[4,4],[1,1],0],[[5,5],[2,2],0]],yes,no,['MTH','NCI'],[671/9],0,0),ev(-571,'C0332185','Recent','Recent',[recent],[tmco],[[[7,7],[1,1],0]],no,no,['MTH','SNOMEDCT_US'],[686/6],0,0),ev(-571,'C0262512','History, NOS','History of present illness',[history],[orga],[[[8,8],[1,1],0]],no,no,['MTH','SNMI'],[693/7],0,0),ev(-571,'C0452867','Pork','Pork',[pork],[food],[[[10,10],[1,1],0]],no,no,['MTH'],[704/4],0,0),ev(-571,'C0009830','Consumption','Consumption of goods',[consumption],[acty],[[[11,11],[1,1],0]],no,no,['MSH','MTH'],[709/11],0,0)]),map(-702,[ev(-589,'C0052080','A-10','antineoplaston A10',[a,'10'],[orch,phsu],[[[1,1],[1,1],0],[[2,2],[2,2],0]],no,no,['MSH','MTH','NCI'],[661/4],0,0),ev(-571,'C0439508','/year','per year',[year],[tmco],[[[3,3],[1,1],0]],no,no,['CHV','MTH','NCI','SNOMEDCT_US'],[666/4],0,0),ev(-756,'C2919014','OLD_CHILD','OLD_CHILD (NCIt property)',[old,child],[idcn],[[[4,4],[1,1],0],[[5,5],[2,2],0]],yes,no,['MTH','NCI'],[671/9],0,0),ev(-571,'C0332185','Recent','Recent',[recent],[tmco],[[[7,7],[1,1],0]],no,no,['MTH','SNOMEDCT_US'],[686/6],0,0),ev(-571,'C0262512','History, NOS','History of present illness',[history],[orga],[[[8,8],[1,1],0]],no,no,['MTH','SNMI'],[693/7],0,0),ev(-571,'C0452867','Pork','Pork',[pork],[food],[[[10,10],[1,1],0]],no,no,['MTH'],[704/4],0,0),ev(-571,'C1947907','Consumption','biologic consumption',[consumption],[phsf],[[[11,11],[1,1],0]],no,no,['MTH','NCI'],[709/11],0,0)]),map(-702,[ev(-589,'C0052080','A-10','antineoplaston A10',[a,'10'],[orch,phsu],[[[1,1],[1,1],0],[[2,2],[2,2],0]],no,no,['MSH','MTH','NCI'],[661/4],0,0),ev(-571,'C0439508','/year','per year',[year],[tmco],[[[3,3],[1,1],0]],no,no,['CHV','MTH','NCI','SNOMEDCT_US'],[666/4],0,0),ev(-756,'C2919014','OLD_CHILD','OLD_CHILD (NCIt property)',[old,child],[idcn],[[[4,4],[1,1],0],[[5,5],[2,2],0]],yes,no,['MTH','NCI'],[671/9],0,0),ev(-571,'C0332185','Recent','Recent',[recent],[tmco],[[[7,7],[1,1],0]],no,no,['MTH','SNOMEDCT_US'],[686/6],0,0),ev(-571,'C0262926','History','Medical History',[history],[fndg],[[[8,8],[1,1],0]],no,no,['LNC','MTH','NCI','NLMSubSyn','SNOMEDCT_US'],[693/7],0,0),ev(-571,'C0452867','Pork','Pork',[pork],[food],[[[10,10],[1,1],0]],no,no,['MTH'],[704/4],0,0),ev(-571,'C0009830','Consumption','Consumption of goods',[consumption],[acty],[[[11,11],[1,1],0]],no,no,['MSH','MTH'],[709/11],0,0)]),map(-702,[ev(-589,'C0052080','A-10','antineoplaston A10',[a,'10'],[orch,phsu],[[[1,1],[1,1],0],[[2,2],[2,2],0]],no,no,['MSH','MTH','NCI'],[661/4],0,0),ev(-571,'C0439508','/year','per year',[year],[tmco],[[[3,3],[1,1],0]],no,no,['CHV','MTH','NCI','SNOMEDCT_US'],[666/4],0,0),ev(-756,'C2919014','OLD_CHILD','OLD_CHILD (NCIt property)',[old,child],[idcn],[[[4,4],[1,1],0],[[5,5],[2,2],0]],yes,no,['MTH','NCI'],[671/9],0,0),ev(-571,'C0332185','Recent','Recent',[recent],[tmco],[[[7,7],[1,1],0]],no,no,['MTH','SNOMEDCT_US'],[686/6],0,0),ev(-571,'C0262926','History','Medical History',[history],[fndg],[[[8,8],[1,1],0]],no,no,['LNC','MTH','NCI','NLMSubSyn','SNOMEDCT_US'],[693/7],0,0),ev(-571,'C0452867','Pork','Pork',[pork],[food],[[[10,10],[1,1],0]],no,no,['MTH'],[704/4],0,0),ev(-571,'C1947907','Consumption','biologic consumption',[consumption],[phsf],[[[11,11],[1,1],0]],no,no,['MTH','NCI'],[709/11],0,0)]),map(-702,[ev(-589,'C0052080','A-10','antineoplaston A10',[a,'10'],[orch,phsu],[[[1,1],[1,1],0],[[2,2],[2,2],0]],no,no,['MSH','MTH','NCI'],[661/4],0,0),ev(-571,'C0439508','/year','per year',[year],[tmco],[[[3,3],[1,1],0]],no,no,['CHV','MTH','NCI','SNOMEDCT_US'],[666/4],0,0),ev(-756,'C2919014','OLD_CHILD','OLD_CHILD (NCIt property)',[old,child],[idcn],[[[4,4],[1,1],0],[[5,5],[2,2],0]],yes,no,['MTH','NCI'],[671/9],0,0),ev(-571,'C0332185','Recent','Recent',[recent],[tmco],[[[7,7],[1,1],0]],no,no,['MTH','SNOMEDCT_US'],[686/6],0,0),ev(-571,'C1705255','History','Concept History',[history],[cnce],[[[8,8],[1,1],0]],no,no,['MTH','NCI'],[693/7],0,0),ev(-571,'C0452867','Pork','Pork',[pork],[food],[[[10,10],[1,1],0]],no,no,['MTH'],[704/4],0,0),ev(-571,'C0009830','Consumption','Consumption of goods',[consumption],[acty],[[[11,11],[1,1],0]],no,no,['MSH','MTH'],[709/11],0,0)]),map(-702,[ev(-589,'C0052080','A-10','antineoplaston A10',[a,'10'],[orch,phsu],[[[1,1],[1,1],0],[[2,2],[2,2],0]],no,no,['MSH','MTH','NCI'],[661/4],0,0),ev(-571,'C0439508','/year','per year',[year],[tmco],[[[3,3],[1,1],0]],no,no,['CHV','MTH','NCI','SNOMEDCT_US'],[666/4],0,0),ev(-756,'C2919014','OLD_CHILD','OLD_CHILD (NCIt property)',[old,child],[idcn],[[[4,4],[1,1],0],[[5,5],[2,2],0]],yes,no,['MTH','NCI'],[671/9],0,0),ev(-571,'C0332185','Recent','Recent',[recent],[tmco],[[[7,7],[1,1],0]],no,no,['MTH','SNOMEDCT_US'],[686/6],0,0),ev(-571,'C1705255','History','Concept History',[history],[cnce],[[[8,8],[1,1],0]],no,no,['MTH','NCI'],[693/7],0,0),ev(-571,'C0452867','Pork','Pork',[pork],[food],[[[10,10],[1,1],0]],no,no,['MTH'],[704/4],0,0),ev(-571,'C1947907','Consumption','biologic consumption',[consumption],[phsf],[[[11,11],[1,1],0]],no,no,['MTH','NCI'],[709/11],0,0)]),map(-702,[ev(-589,'C0052080','A-10','antineoplaston A10',[a,'10'],[orch,phsu],[[[1,1],[1,1],0],[[2,2],[2,2],0]],no,no,['MSH','MTH','NCI'],[661/4],0,0),ev(-571,'C0439508','/year','per year',[year],[tmco],[[[3,3],[1,1],0]],no,no,['CHV','MTH','NCI','SNOMEDCT_US'],[666/4],0,0),ev(-756,'C2919014','OLD_CHILD','OLD_CHILD (NCIt property)',[old,child],[idcn],[[[4,4],[1,1],0],[[5,5],[2,2],0]],yes,no,['MTH','NCI'],[671/9],0,0),ev(-571,'C0332185','Recent','Recent',[recent],[tmco],[[[7,7],[1,1],0]],no,no,['MTH','SNOMEDCT_US'],[686/6],0,0),ev(-571,'C2004062','History','History of previous events',[history],[fndg],[[[8,8],[1,1],0]],no,no,['MTH','NCI'],[693/7],0,0),ev(-571,'C0452867','Pork','Pork',[pork],[food],[[[10,10],[1,1],0]],no,no,['MTH'],[704/4],0,0),ev(-571,'C0009830','Consumption','Consumption of goods',[consumption],[acty],[[[11,11],[1,1],0]],no,no,['MSH','MTH'],[709/11],0,0)]),map(-702,[ev(-589,'C0052080','A-10','antineoplaston A10',[a,'10'],[orch,phsu],[[[1,1],[1,1],0],[[2,2],[2,2],0]],no,no,['MSH','MTH','NCI'],[661/4],0,0),ev(-571,'C0439508','/year','per year',[year],[tmco],[[[3,3],[1,1],0]],no,no,['CHV','MTH','NCI','SNOMEDCT_US'],[666/4],0,0),ev(-756,'C2919014','OLD_CHILD','OLD_CHILD (NCIt property)',[old,child],[idcn],[[[4,4],[1,1],0],[[5,5],[2,2],0]],yes,no,['MTH','NCI'],[671/9],0,0),ev(-571,'C0332185','Recent','Recent',[recent],[tmco],[[[7,7],[1,1],0]],no,no,['MTH','SNOMEDCT_US'],[686/6],0,0),ev(-571,'C2004062','History','History of previous events',[history],[fndg],[[[8,8],[1,1],0]],no,no,['MTH','NCI'],[693/7],0,0),ev(-571,'C0452867','Pork','Pork',[pork],[food],[[[10,10],[1,1],0]],no,no,['MTH'],[704/4],0,0),ev(-571,'C1947907','Consumption','biologic consumption',[consumption],[phsf],[[[11,11],[1,1],0]],no,no,['MTH','NCI'],[709/11],0,0)])]).
phrase('presents with fever,',[verb([lexmatch([presents]),inputmatch([presents]),tag(verb),tokens([presents])]),prep([lexmatch([with]),inputmatch([with]),tag(prep),tokens([with])]),mod([lexmatch([fever]),inputmatch([fever]),tag(noun),tokens([fever])]),punc([inputmatch([',']),tokens([])])],721/20,[]).
candidates(3,0,0,3,[]).
mappings([map(-746,[ev(-790,'C0150312','Present','Present',[present],[qnco],[[[1,1],[1,1],0]],yes,no,['CHV','MTH','NCI'],[721/8],0,0),ev(-790,'C0015967','Fever','Fever',[fever],[fndg],[[[3,3],[1,1],0]],yes,no,['CHV','CSP','CST','DXP','ICD10CM','MSH','MTH','NCI','NLMSubSyn','SNMI','SNOMEDCT_US'],[735/5],0,0)]),map(-746,[ev(-790,'C0449450','Present','Presentation',[present],[idcn],[[[1,1],[1,1],0]],yes,no,['CHV','MTH','NCI'],[721/8],0,0),ev(-790,'C0015967','Fever','Fever',[fever],[fndg],[[[3,3],[1,1],0]],yes,no,['CHV','CSP','CST','DXP','ICD10CM','MSH','MTH','NCI','NLMSubSyn','SNMI','SNOMEDCT_US'],[735/5],0,0)])]).
phrase('myalgia,',[head([lexmatch([myalgia]),inputmatch([myalgia]),tag(noun),tokens([myalgia])]),punc([inputmatch([',']),tokens([])])],742/8,[]).
candidates(1,0,0,1,[]).
mappings([map(-1000,[ev(-1000,'C0231528','Myalgia','Myalgia',[myalgia],[sosy],[[[1,1],[1,1],0]],yes,no,['CHV','CST','DXP','ICPC','LNC','MSH','MTH','NLMSubSyn','OMIM','SNMI','SNOMEDCT_US'],[742/7],0,0)])]).
phrase('facial edema',[mod([lexmatch([facial]),inputmatch([facial]),tag(adj),tokens([facial])]),head([lexmatch([edema]),inputmatch([edema]),tag(noun),tokens([edema])])],751/12,[]).
candidates(6,0,0,6,[]).
mappings([map(-1000,[ev(-1000,'C0151602','facial oedema','Facial swelling',[facial,oedema],[fndg],[[[1,1],[1,1],0],[[2,2],[2,2],0]],yes,no,['CHV','CST','NLMSubSyn','SNOMEDCT_US'],[751/12],0,0)]),map(-1000,[ev(-1000,'C0542571','Facial edema','Facial edema',[facial,edema],[patf],[[[1,1],[1,1],0],[[2,2],[2,2],0]],yes,no,['CST','MTH','NCI','NLMSubSyn','OMIM','SNOMEDCT_US'],[751/12],0,0)])]).
phrase(and,[conj([lexmatch([and]),inputmatch([and]),tag(conj),tokens([and])])],764/3,[]).
candidates(0,0,0,0,[]).
mappings([]).
phrase(eosinophilia,[head([lexmatch([eosinophilia]),inputmatch([eosinophilia]),tag(noun),tokens([eosinophilia])])],768/12,[]).
candidates(7,3,0,4,[]).
mappings([map(-1000,[ev(-1000,'C0014457','Eosinophilia','Eosinophilia',[eosinophilia],[dsyn],[[[1,1],[1,1],0]],yes,no,['CHV','DXP','MTH','NLMSubSyn','SNM','SNMI','SNOMEDCT_US'],[768/12],0,0)]),map(-1000,[ev(-1000,'C1306759','Eosinophilia','Eosinophilic disorder',[eosinophilia],[dsyn],[[[1,1],[1,1],0]],yes,no,['MEDLINEPLUS','MTH','NLMSubSyn'],[768/12],0,0)]),map(-1000,[ev(-1000,'C1636667','Eosinophilia','Disorder characterized by eosinophilia',[eosinophilia],[dsyn],[[[1,1],[1,1],0]],yes,no,['MTH','SNOMEDCT_US'],[768/12],0,0)]),map(-1000,[ev(-1000,'C2240374','Eosinophilia','Eosinophil count raised (finding)',[eosinophilia],[fndg],[[[1,1],[1,1],0]],yes,no,['NLMSubSyn','SNOMEDCT_US','SNOMEDCT_VET'],[768/12],0,0)])]).
'EOU'.
'EOT'.
